/home/zxs/ocs2_ros2_legubiao/ws/install/humanoid_mujoco_sim/lib/python3.10/site-packages/humanoid_mujoco_sim/__init__.py
/home/zxs/ocs2_ros2_legubiao/ws/install/humanoid_mujoco_sim/lib/python3.10/site-packages/humanoid_mujoco_sim/humanoid_sim.py
/home/zxs/ocs2_ros2_legubiao/ws/install/humanoid_mujoco_sim/lib/python3.10/site-packages/humanoid_mujoco_sim/joy.py
/home/zxs/ocs2_ros2_legubiao/ws/install/humanoid_mujoco_sim/lib/python3.10/site-packages/humanoid_mujoco_sim/mujoco_base.py
/home/zxs/ocs2_ros2_legubiao/ws/install/humanoid_mujoco_sim/lib/python3.10/site-packages/humanoid_mujoco_sim/teleop.py
/home/zxs/ocs2_ros2_legubiao/ws/install/humanoid_mujoco_sim/lib/python3.10/site-packages/humanoid_mujoco_sim/__pycache__/__init__.cpython-310.pyc
/home/zxs/ocs2_ros2_legubiao/ws/install/humanoid_mujoco_sim/lib/python3.10/site-packages/humanoid_mujoco_sim/__pycache__/humanoid_sim.cpython-310.pyc
/home/zxs/ocs2_ros2_legubiao/ws/install/humanoid_mujoco_sim/lib/python3.10/site-packages/humanoid_mujoco_sim/__pycache__/joy.cpython-310.pyc
/home/zxs/ocs2_ros2_legubiao/ws/install/humanoid_mujoco_sim/lib/python3.10/site-packages/humanoid_mujoco_sim/__pycache__/mujoco_base.cpython-310.pyc
/home/zxs/ocs2_ros2_legubiao/ws/install/humanoid_mujoco_sim/lib/python3.10/site-packages/humanoid_mujoco_sim/__pycache__/teleop.cpython-310.pyc
/home/zxs/ocs2_ros2_legubiao/ws/install/humanoid_mujoco_sim/share/ament_index/resource_index/packages/humanoid_mujoco_sim
/home/zxs/ocs2_ros2_legubiao/ws/install/humanoid_mujoco_sim/share/humanoid_mujoco_sim/package.xml
/home/zxs/ocs2_ros2_legubiao/ws/install/humanoid_mujoco_sim/lib/python3.10/site-packages/humanoid_mujoco_sim-0.0.0-py3.10.egg-info/requires.txt
/home/zxs/ocs2_ros2_legubiao/ws/install/humanoid_mujoco_sim/lib/python3.10/site-packages/humanoid_mujoco_sim-0.0.0-py3.10.egg-info/PKG-INFO
/home/zxs/ocs2_ros2_legubiao/ws/install/humanoid_mujoco_sim/lib/python3.10/site-packages/humanoid_mujoco_sim-0.0.0-py3.10.egg-info/top_level.txt
/home/zxs/ocs2_ros2_legubiao/ws/install/humanoid_mujoco_sim/lib/python3.10/site-packages/humanoid_mujoco_sim-0.0.0-py3.10.egg-info/SOURCES.txt
/home/zxs/ocs2_ros2_legubiao/ws/install/humanoid_mujoco_sim/lib/python3.10/site-packages/humanoid_mujoco_sim-0.0.0-py3.10.egg-info/zip-safe
/home/zxs/ocs2_ros2_legubiao/ws/install/humanoid_mujoco_sim/lib/python3.10/site-packages/humanoid_mujoco_sim-0.0.0-py3.10.egg-info/dependency_links.txt
/home/zxs/ocs2_ros2_legubiao/ws/install/humanoid_mujoco_sim/lib/python3.10/site-packages/humanoid_mujoco_sim-0.0.0-py3.10.egg-info/entry_points.txt
/home/zxs/ocs2_ros2_legubiao/ws/install/humanoid_mujoco_sim/lib/humanoid_mujoco_sim/humanoid_sim
/home/zxs/ocs2_ros2_legubiao/ws/install/humanoid_mujoco_sim/lib/humanoid_mujoco_sim/joy
/home/zxs/ocs2_ros2_legubiao/ws/install/humanoid_mujoco_sim/lib/humanoid_mujoco_sim/teleop
