[0.007s] Invoking command in '/home/zxs/ocs2_ros2_legubiao/ws/build/ocs2_robotic_tools': CMAKE_PREFIX_PATH=/home/zxs/ocs2_ros2_legubiao/ws/install/ocs2_oc:/home/zxs/ocs2_ros2_legubiao/ws/install/ocs2_core:/home/zxs/ocs2_ros2_legubiao/ws/install/ocs2_thirdparty:/home/zxs/ocs2_ros2_legubiao/ws/install/ocs2_legged_robot_ros:/home/zxs/ocs2_ros2_legubiao/ws/install/ocs2_legged_robot:/home/zxs/ocs2_ros2_legubiao/ws/install/ocs2_sqp:/home/zxs/ocs2_ros2_legubiao/ws/install/ocs2_ros_interfaces:/home/zxs/ocs2_ros2_legubiao/ws/install/ocs2_centroidal_model:/home/zxs/ocs2_ros2_legubiao/ws/install/ocs2_pinocchio_interface:/home/zxs/ocs2_ros2_legubiao/ws/install/ocs2_robotic_tools:/home/zxs/ocs2_ros2_legubiao/ws/install/ocs2_ipm:/home/zxs/ocs2_ros2_legubiao/ws/install/ocs2_ddp:/home/zxs/ocs2_ros2_legubiao/ws/install/hpipm_colcon:/home/zxs/ocs2_ros2_legubiao/ws/install/ocs2_qp_solver:/home/zxs/ocs2_ros2_legubiao/ws/install/ocs2_mpc:/home/zxs/ocs2_ros2_legubiao/ws/install/ocs2_robotic_assets:/home/zxs/ocs2_ros2_legubiao/ws/install/ocs2_msgs:/home/zxs/ocs2_ros2_legubiao/ws/install/blasfeo_colcon:/opt/ros/humble /usr/bin/cmake /home/zxs/ocs2_ros2_legubiao/ws/src/ocs2_ros2/robotics/ocs2_robotic_tools -DCMAKE_INSTALL_PREFIX=/home/zxs/ocs2_ros2_legubiao/ws/install/ocs2_robotic_tools
[0.015s] -- Found ament_cmake: 1.3.11 (/opt/ros/humble/share/ament_cmake/cmake)
[0.080s] -- Override CMake install command with custom implementation using symlinks instead of copying resources
[0.084s] -- Found ocs2_oc: 0.0.0 (/home/zxs/ocs2_ros2_legubiao/ws/install/ocs2_oc/share/ocs2_oc/cmake)
[0.096s] -- Found ament_lint_auto: 0.12.12 (/opt/ros/humble/share/ament_lint_auto/cmake)
[0.128s] -- Found ament_cmake_gtest: 1.3.11 (/opt/ros/humble/share/ament_cmake_gtest/cmake)
[0.128s] -- Found gtest sources under '/opt/ros/humble/src/gtest_vendor': C++ tests using 'Google Test' will be built
[0.131s] -- Added test 'copyright' to check source files copyright and LICENSE
[0.132s] -- Added test 'cppcheck' to perform static code analysis on C / C++ code
[0.132s] -- Configured cppcheck include dirs: $<BUILD_INTERFACE:/home/zxs/ocs2_ros2_legubiao/ws/src/ocs2_ros2/robotics/ocs2_robotic_tools/include>
[0.132s] -- Configured cppcheck exclude dirs and/or files: 
[0.132s] -- Added test 'cpplint' to check C / C++ code against the Google style
[0.133s] -- Configured cpplint exclude dirs and/or files: 
[0.133s] -- Added test 'lint_cmake' to check CMake code style
[0.134s] -- Added test 'uncrustify' to check C / C++ code style
[0.134s] -- Configured uncrustify additional arguments: 
[0.134s] -- Added test 'xmllint' to check XML markup files
[0.135s] -- Configuring done
[0.140s] -- Generating done
[0.142s] -- Build files have been written to: /home/zxs/ocs2_ros2_legubiao/ws/build/ocs2_robotic_tools
[0.143s] Invoked command in '/home/zxs/ocs2_ros2_legubiao/ws/build/ocs2_robotic_tools' returned '0': CMAKE_PREFIX_PATH=/home/zxs/ocs2_ros2_legubiao/ws/install/ocs2_oc:/home/zxs/ocs2_ros2_legubiao/ws/install/ocs2_core:/home/zxs/ocs2_ros2_legubiao/ws/install/ocs2_thirdparty:/home/zxs/ocs2_ros2_legubiao/ws/install/ocs2_legged_robot_ros:/home/zxs/ocs2_ros2_legubiao/ws/install/ocs2_legged_robot:/home/zxs/ocs2_ros2_legubiao/ws/install/ocs2_sqp:/home/zxs/ocs2_ros2_legubiao/ws/install/ocs2_ros_interfaces:/home/zxs/ocs2_ros2_legubiao/ws/install/ocs2_centroidal_model:/home/zxs/ocs2_ros2_legubiao/ws/install/ocs2_pinocchio_interface:/home/zxs/ocs2_ros2_legubiao/ws/install/ocs2_robotic_tools:/home/zxs/ocs2_ros2_legubiao/ws/install/ocs2_ipm:/home/zxs/ocs2_ros2_legubiao/ws/install/ocs2_ddp:/home/zxs/ocs2_ros2_legubiao/ws/install/hpipm_colcon:/home/zxs/ocs2_ros2_legubiao/ws/install/ocs2_qp_solver:/home/zxs/ocs2_ros2_legubiao/ws/install/ocs2_mpc:/home/zxs/ocs2_ros2_legubiao/ws/install/ocs2_robotic_assets:/home/zxs/ocs2_ros2_legubiao/ws/install/ocs2_msgs:/home/zxs/ocs2_ros2_legubiao/ws/install/blasfeo_colcon:/opt/ros/humble /usr/bin/cmake /home/zxs/ocs2_ros2_legubiao/ws/src/ocs2_ros2/robotics/ocs2_robotic_tools -DCMAKE_INSTALL_PREFIX=/home/zxs/ocs2_ros2_legubiao/ws/install/ocs2_robotic_tools
[0.143s] Invoking command in '/home/zxs/ocs2_ros2_legubiao/ws/build/ocs2_robotic_tools': CMAKE_PREFIX_PATH=/home/zxs/ocs2_ros2_legubiao/ws/install/ocs2_oc:/home/zxs/ocs2_ros2_legubiao/ws/install/ocs2_core:/home/zxs/ocs2_ros2_legubiao/ws/install/ocs2_thirdparty:/home/zxs/ocs2_ros2_legubiao/ws/install/ocs2_legged_robot_ros:/home/zxs/ocs2_ros2_legubiao/ws/install/ocs2_legged_robot:/home/zxs/ocs2_ros2_legubiao/ws/install/ocs2_sqp:/home/zxs/ocs2_ros2_legubiao/ws/install/ocs2_ros_interfaces:/home/zxs/ocs2_ros2_legubiao/ws/install/ocs2_centroidal_model:/home/zxs/ocs2_ros2_legubiao/ws/install/ocs2_pinocchio_interface:/home/zxs/ocs2_ros2_legubiao/ws/install/ocs2_robotic_tools:/home/zxs/ocs2_ros2_legubiao/ws/install/ocs2_ipm:/home/zxs/ocs2_ros2_legubiao/ws/install/ocs2_ddp:/home/zxs/ocs2_ros2_legubiao/ws/install/hpipm_colcon:/home/zxs/ocs2_ros2_legubiao/ws/install/ocs2_qp_solver:/home/zxs/ocs2_ros2_legubiao/ws/install/ocs2_mpc:/home/zxs/ocs2_ros2_legubiao/ws/install/ocs2_robotic_assets:/home/zxs/ocs2_ros2_legubiao/ws/install/ocs2_msgs:/home/zxs/ocs2_ros2_legubiao/ws/install/blasfeo_colcon:/opt/ros/humble /usr/bin/cmake --build /home/zxs/ocs2_ros2_legubiao/ws/build/ocs2_robotic_tools -- -j28 -l28
[0.168s] [35m[1mConsolidate compiler generated dependencies of target gtest_main[0m
[0.170s] [35m[1mConsolidate compiler generated dependencies of target gtest[0m
[0.170s] [35m[1mConsolidate compiler generated dependencies of target ocs2_robotic_tools[0m
[0.175s] [ 20%] Built target gtest_main
[0.179s] [ 40%] Built target gtest
[0.186s] [ 70%] Built target ocs2_robotic_tools
[0.193s] [35m[1mConsolidate compiler generated dependencies of target rotation_transform_tests[0m
[0.208s] [100%] Built target rotation_transform_tests
[0.216s] Invoked command in '/home/zxs/ocs2_ros2_legubiao/ws/build/ocs2_robotic_tools' returned '0': CMAKE_PREFIX_PATH=/home/zxs/ocs2_ros2_legubiao/ws/install/ocs2_oc:/home/zxs/ocs2_ros2_legubiao/ws/install/ocs2_core:/home/zxs/ocs2_ros2_legubiao/ws/install/ocs2_thirdparty:/home/zxs/ocs2_ros2_legubiao/ws/install/ocs2_legged_robot_ros:/home/zxs/ocs2_ros2_legubiao/ws/install/ocs2_legged_robot:/home/zxs/ocs2_ros2_legubiao/ws/install/ocs2_sqp:/home/zxs/ocs2_ros2_legubiao/ws/install/ocs2_ros_interfaces:/home/zxs/ocs2_ros2_legubiao/ws/install/ocs2_centroidal_model:/home/zxs/ocs2_ros2_legubiao/ws/install/ocs2_pinocchio_interface:/home/zxs/ocs2_ros2_legubiao/ws/install/ocs2_robotic_tools:/home/zxs/ocs2_ros2_legubiao/ws/install/ocs2_ipm:/home/zxs/ocs2_ros2_legubiao/ws/install/ocs2_ddp:/home/zxs/ocs2_ros2_legubiao/ws/install/hpipm_colcon:/home/zxs/ocs2_ros2_legubiao/ws/install/ocs2_qp_solver:/home/zxs/ocs2_ros2_legubiao/ws/install/ocs2_mpc:/home/zxs/ocs2_ros2_legubiao/ws/install/ocs2_robotic_assets:/home/zxs/ocs2_ros2_legubiao/ws/install/ocs2_msgs:/home/zxs/ocs2_ros2_legubiao/ws/install/blasfeo_colcon:/opt/ros/humble /usr/bin/cmake --build /home/zxs/ocs2_ros2_legubiao/ws/build/ocs2_robotic_tools -- -j28 -l28
[0.217s] Invoking command in '/home/zxs/ocs2_ros2_legubiao/ws/build/ocs2_robotic_tools': CMAKE_PREFIX_PATH=/home/zxs/ocs2_ros2_legubiao/ws/install/ocs2_oc:/home/zxs/ocs2_ros2_legubiao/ws/install/ocs2_core:/home/zxs/ocs2_ros2_legubiao/ws/install/ocs2_thirdparty:/home/zxs/ocs2_ros2_legubiao/ws/install/ocs2_legged_robot_ros:/home/zxs/ocs2_ros2_legubiao/ws/install/ocs2_legged_robot:/home/zxs/ocs2_ros2_legubiao/ws/install/ocs2_sqp:/home/zxs/ocs2_ros2_legubiao/ws/install/ocs2_ros_interfaces:/home/zxs/ocs2_ros2_legubiao/ws/install/ocs2_centroidal_model:/home/zxs/ocs2_ros2_legubiao/ws/install/ocs2_pinocchio_interface:/home/zxs/ocs2_ros2_legubiao/ws/install/ocs2_robotic_tools:/home/zxs/ocs2_ros2_legubiao/ws/install/ocs2_ipm:/home/zxs/ocs2_ros2_legubiao/ws/install/ocs2_ddp:/home/zxs/ocs2_ros2_legubiao/ws/install/hpipm_colcon:/home/zxs/ocs2_ros2_legubiao/ws/install/ocs2_qp_solver:/home/zxs/ocs2_ros2_legubiao/ws/install/ocs2_mpc:/home/zxs/ocs2_ros2_legubiao/ws/install/ocs2_robotic_assets:/home/zxs/ocs2_ros2_legubiao/ws/install/ocs2_msgs:/home/zxs/ocs2_ros2_legubiao/ws/install/blasfeo_colcon:/opt/ros/humble /usr/bin/cmake --install /home/zxs/ocs2_ros2_legubiao/ws/build/ocs2_robotic_tools
[0.220s] -- Install configuration: "Release"
[0.221s] -- Execute custom install script
[0.221s] -- Up-to-date symlink: /home/zxs/ocs2_ros2_legubiao/ws/install/ocs2_robotic_tools/include/ocs2_robotic_tools/ocs2_robotic_tools/common/AngularVelocityMapping.h
[0.221s] -- Up-to-date symlink: /home/zxs/ocs2_ros2_legubiao/ws/install/ocs2_robotic_tools/include/ocs2_robotic_tools/ocs2_robotic_tools/common/LoopshapingRobotInterface.h
[0.221s] -- Up-to-date symlink: /home/zxs/ocs2_ros2_legubiao/ws/install/ocs2_robotic_tools/include/ocs2_robotic_tools/ocs2_robotic_tools/common/RobotInterface.h
[0.221s] -- Up-to-date symlink: /home/zxs/ocs2_ros2_legubiao/ws/install/ocs2_robotic_tools/include/ocs2_robotic_tools/ocs2_robotic_tools/common/RotationDerivativesTransforms.h
[0.221s] -- Up-to-date symlink: /home/zxs/ocs2_ros2_legubiao/ws/install/ocs2_robotic_tools/include/ocs2_robotic_tools/ocs2_robotic_tools/common/RotationTransforms.h
[0.221s] -- Up-to-date symlink: /home/zxs/ocs2_ros2_legubiao/ws/install/ocs2_robotic_tools/include/ocs2_robotic_tools/ocs2_robotic_tools/common/SkewSymmetricMatrix.h
[0.221s] -- Up-to-date symlink: /home/zxs/ocs2_ros2_legubiao/ws/install/ocs2_robotic_tools/include/ocs2_robotic_tools/ocs2_robotic_tools/end_effector/EndEffectorKinematics.h
[0.221s] -- Up-to-date symlink: /home/zxs/ocs2_ros2_legubiao/ws/install/ocs2_robotic_tools/share/ocs2_robotic_tools/environment/library_path.sh
[0.221s] -- Up-to-date symlink: /home/zxs/ocs2_ros2_legubiao/ws/install/ocs2_robotic_tools/share/ocs2_robotic_tools/environment/library_path.dsv
[0.221s] -- Up-to-date symlink: /home/zxs/ocs2_ros2_legubiao/ws/install/ocs2_robotic_tools/share/ament_index/resource_index/package_run_dependencies/ocs2_robotic_tools
[0.221s] -- Up-to-date symlink: /home/zxs/ocs2_ros2_legubiao/ws/install/ocs2_robotic_tools/share/ament_index/resource_index/parent_prefix_path/ocs2_robotic_tools
[0.221s] -- Up-to-date symlink: /home/zxs/ocs2_ros2_legubiao/ws/install/ocs2_robotic_tools/share/ocs2_robotic_tools/environment/ament_prefix_path.sh
[0.222s] -- Up-to-date symlink: /home/zxs/ocs2_ros2_legubiao/ws/install/ocs2_robotic_tools/share/ocs2_robotic_tools/environment/ament_prefix_path.dsv
[0.222s] -- Up-to-date symlink: /home/zxs/ocs2_ros2_legubiao/ws/install/ocs2_robotic_tools/share/ocs2_robotic_tools/environment/path.sh
[0.222s] -- Up-to-date symlink: /home/zxs/ocs2_ros2_legubiao/ws/install/ocs2_robotic_tools/share/ocs2_robotic_tools/environment/path.dsv
[0.222s] -- Up-to-date symlink: /home/zxs/ocs2_ros2_legubiao/ws/install/ocs2_robotic_tools/share/ocs2_robotic_tools/local_setup.bash
[0.222s] -- Up-to-date symlink: /home/zxs/ocs2_ros2_legubiao/ws/install/ocs2_robotic_tools/share/ocs2_robotic_tools/local_setup.sh
[0.222s] -- Up-to-date symlink: /home/zxs/ocs2_ros2_legubiao/ws/install/ocs2_robotic_tools/share/ocs2_robotic_tools/local_setup.zsh
[0.222s] -- Up-to-date symlink: /home/zxs/ocs2_ros2_legubiao/ws/install/ocs2_robotic_tools/share/ocs2_robotic_tools/local_setup.dsv
[0.222s] -- Symlinking: /home/zxs/ocs2_ros2_legubiao/ws/install/ocs2_robotic_tools/share/ocs2_robotic_tools/package.dsv
[0.228s] -- Up-to-date symlink: /home/zxs/ocs2_ros2_legubiao/ws/install/ocs2_robotic_tools/share/ament_index/resource_index/packages/ocs2_robotic_tools
[0.228s] -- Up-to-date symlink: /home/zxs/ocs2_ros2_legubiao/ws/install/ocs2_robotic_tools/share/ocs2_robotic_tools/cmake/ament_cmake_export_dependencies-extras.cmake
[0.228s] -- Up-to-date symlink: /home/zxs/ocs2_ros2_legubiao/ws/install/ocs2_robotic_tools/share/ocs2_robotic_tools/cmake/ament_cmake_export_targets-extras.cmake
[0.229s] -- Up-to-date symlink: /home/zxs/ocs2_ros2_legubiao/ws/install/ocs2_robotic_tools/share/ocs2_robotic_tools/cmake/ocs2_robotic_toolsConfig.cmake
[0.229s] -- Up-to-date symlink: /home/zxs/ocs2_ros2_legubiao/ws/install/ocs2_robotic_tools/share/ocs2_robotic_tools/cmake/ocs2_robotic_toolsConfig-version.cmake
[0.229s] -- Up-to-date symlink: /home/zxs/ocs2_ros2_legubiao/ws/install/ocs2_robotic_tools/share/ocs2_robotic_tools/package.xml
[0.230s] -- Up-to-date: /home/zxs/ocs2_ros2_legubiao/ws/install/ocs2_robotic_tools/lib/libocs2_robotic_tools.a
[0.230s] -- Up-to-date: /home/zxs/ocs2_ros2_legubiao/ws/install/ocs2_robotic_tools/share/ocs2_robotic_tools/cmake/export_ocs2_robotic_toolsExport.cmake
[0.230s] -- Up-to-date: /home/zxs/ocs2_ros2_legubiao/ws/install/ocs2_robotic_tools/share/ocs2_robotic_tools/cmake/export_ocs2_robotic_toolsExport-release.cmake
[0.230s] Invoked command in '/home/zxs/ocs2_ros2_legubiao/ws/build/ocs2_robotic_tools' returned '0': CMAKE_PREFIX_PATH=/home/zxs/ocs2_ros2_legubiao/ws/install/ocs2_oc:/home/zxs/ocs2_ros2_legubiao/ws/install/ocs2_core:/home/zxs/ocs2_ros2_legubiao/ws/install/ocs2_thirdparty:/home/zxs/ocs2_ros2_legubiao/ws/install/ocs2_legged_robot_ros:/home/zxs/ocs2_ros2_legubiao/ws/install/ocs2_legged_robot:/home/zxs/ocs2_ros2_legubiao/ws/install/ocs2_sqp:/home/zxs/ocs2_ros2_legubiao/ws/install/ocs2_ros_interfaces:/home/zxs/ocs2_ros2_legubiao/ws/install/ocs2_centroidal_model:/home/zxs/ocs2_ros2_legubiao/ws/install/ocs2_pinocchio_interface:/home/zxs/ocs2_ros2_legubiao/ws/install/ocs2_robotic_tools:/home/zxs/ocs2_ros2_legubiao/ws/install/ocs2_ipm:/home/zxs/ocs2_ros2_legubiao/ws/install/ocs2_ddp:/home/zxs/ocs2_ros2_legubiao/ws/install/hpipm_colcon:/home/zxs/ocs2_ros2_legubiao/ws/install/ocs2_qp_solver:/home/zxs/ocs2_ros2_legubiao/ws/install/ocs2_mpc:/home/zxs/ocs2_ros2_legubiao/ws/install/ocs2_robotic_assets:/home/zxs/ocs2_ros2_legubiao/ws/install/ocs2_msgs:/home/zxs/ocs2_ros2_legubiao/ws/install/blasfeo_colcon:/opt/ros/humble /usr/bin/cmake --install /home/zxs/ocs2_ros2_legubiao/ws/build/ocs2_robotic_tools
