[35m[1mConsolidate compiler generated dependencies of target qpOASES[0m
[100%] Built target qpOASES
-- Install configuration: "Release"
-- Up-to-date: /home/zxs/ocs2_ros2_legubiao/ws/install/qpoases_catkin/share/qpoases_catkin/environment/library_path.sh
-- Up-to-date: /home/zxs/ocs2_ros2_legubiao/ws/install/qpoases_catkin/share/qpoases_catkin/environment/library_path.dsv
-- Up-to-date: /home/zxs/ocs2_ros2_legubiao/ws/install/qpoases_catkin/lib/libqpOASES.so.3.2
-- Up-to-date: /home/zxs/ocs2_ros2_legubiao/ws/install/qpoases_catkin/lib/libqpOASES.so
-- Up-to-date: /home/zxs/ocs2_ros2_legubiao/ws/install/qpoases_catkin/share/ament_index/resource_index/package_run_dependencies/qpoases_catkin
-- Up-to-date: /home/zxs/ocs2_ros2_legubiao/ws/install/qpoases_catkin/share/ament_index/resource_index/parent_prefix_path/qpoases_catkin
-- Up-to-date: /home/zxs/ocs2_ros2_legubiao/ws/install/qpoases_catkin/share/qpoases_catkin/environment/ament_prefix_path.sh
-- Up-to-date: /home/zxs/ocs2_ros2_legubiao/ws/install/qpoases_catkin/share/qpoases_catkin/environment/ament_prefix_path.dsv
-- Up-to-date: /home/zxs/ocs2_ros2_legubiao/ws/install/qpoases_catkin/share/qpoases_catkin/environment/path.sh
-- Up-to-date: /home/zxs/ocs2_ros2_legubiao/ws/install/qpoases_catkin/share/qpoases_catkin/environment/path.dsv
-- Up-to-date: /home/zxs/ocs2_ros2_legubiao/ws/install/qpoases_catkin/share/qpoases_catkin/local_setup.bash
-- Up-to-date: /home/zxs/ocs2_ros2_legubiao/ws/install/qpoases_catkin/share/qpoases_catkin/local_setup.sh
-- Up-to-date: /home/zxs/ocs2_ros2_legubiao/ws/install/qpoases_catkin/share/qpoases_catkin/local_setup.zsh
-- Up-to-date: /home/zxs/ocs2_ros2_legubiao/ws/install/qpoases_catkin/share/qpoases_catkin/local_setup.dsv
-- Installing: /home/zxs/ocs2_ros2_legubiao/ws/install/qpoases_catkin/share/qpoases_catkin/package.dsv
-- Up-to-date: /home/zxs/ocs2_ros2_legubiao/ws/install/qpoases_catkin/share/ament_index/resource_index/packages/qpoases_catkin
-- Up-to-date: /home/zxs/ocs2_ros2_legubiao/ws/install/qpoases_catkin/share/qpoases_catkin/cmake/ament_cmake_export_include_directories-extras.cmake
-- Up-to-date: /home/zxs/ocs2_ros2_legubiao/ws/install/qpoases_catkin/share/qpoases_catkin/cmake/ament_cmake_export_libraries-extras.cmake
-- Up-to-date: /home/zxs/ocs2_ros2_legubiao/ws/install/qpoases_catkin/share/qpoases_catkin/cmake/qpoases_catkinConfig.cmake
-- Up-to-date: /home/zxs/ocs2_ros2_legubiao/ws/install/qpoases_catkin/share/qpoases_catkin/cmake/qpoases_catkinConfig-version.cmake
-- Up-to-date: /home/zxs/ocs2_ros2_legubiao/ws/install/qpoases_catkin/share/qpoases_catkin/package.xml
-- Up-to-date: /home/zxs/ocs2_ros2_legubiao/ws/install/qpoases_catkin/lib/libqpOASES.so.3.2
-- Up-to-date: /home/zxs/ocs2_ros2_legubiao/ws/install/qpoases_catkin/lib/libqpOASES.so
-- Up-to-date: /home/zxs/ocs2_ros2_legubiao/ws/install/qpoases_catkin/include/qpOASES.hpp
-- Up-to-date: /home/zxs/ocs2_ros2_legubiao/ws/install/qpoases_catkin/include/qpOASES
-- Up-to-date: /home/zxs/ocs2_ros2_legubiao/ws/install/qpoases_catkin/include/qpOASES/QProblem.hpp
-- Up-to-date: /home/zxs/ocs2_ros2_legubiao/ws/install/qpoases_catkin/include/qpOASES/Matrices.hpp
-- Up-to-date: /home/zxs/ocs2_ros2_legubiao/ws/install/qpoases_catkin/include/qpOASES/ConstraintProduct.hpp
-- Up-to-date: /home/zxs/ocs2_ros2_legubiao/ws/install/qpoases_catkin/include/qpOASES/Options.hpp
-- Up-to-date: /home/zxs/ocs2_ros2_legubiao/ws/install/qpoases_catkin/include/qpOASES/MessageHandling.ipp
-- Up-to-date: /home/zxs/ocs2_ros2_legubiao/ws/install/qpoases_catkin/include/qpOASES/extras
-- Up-to-date: /home/zxs/ocs2_ros2_legubiao/ws/install/qpoases_catkin/include/qpOASES/extras/SolutionAnalysis.hpp
-- Up-to-date: /home/zxs/ocs2_ros2_legubiao/ws/install/qpoases_catkin/include/qpOASES/extras/SolutionAnalysis.ipp
-- Up-to-date: /home/zxs/ocs2_ros2_legubiao/ws/install/qpoases_catkin/include/qpOASES/extras/OQPinterface.hpp
-- Up-to-date: /home/zxs/ocs2_ros2_legubiao/ws/install/qpoases_catkin/include/qpOASES/SubjectTo.ipp
-- Up-to-date: /home/zxs/ocs2_ros2_legubiao/ws/install/qpoases_catkin/include/qpOASES/LapackBlasReplacement.hpp
-- Up-to-date: /home/zxs/ocs2_ros2_legubiao/ws/install/qpoases_catkin/include/qpOASES/SQProblem.hpp
-- Up-to-date: /home/zxs/ocs2_ros2_legubiao/ws/install/qpoases_catkin/include/qpOASES/SQProblem.ipp
-- Up-to-date: /home/zxs/ocs2_ros2_legubiao/ws/install/qpoases_catkin/include/qpOASES/Flipper.hpp
-- Up-to-date: /home/zxs/ocs2_ros2_legubiao/ws/install/qpoases_catkin/include/qpOASES/Indexlist.hpp
-- Up-to-date: /home/zxs/ocs2_ros2_legubiao/ws/install/qpoases_catkin/include/qpOASES/Bounds.hpp
-- Up-to-date: /home/zxs/ocs2_ros2_legubiao/ws/install/qpoases_catkin/include/qpOASES/Bounds.ipp
-- Up-to-date: /home/zxs/ocs2_ros2_legubiao/ws/install/qpoases_catkin/include/qpOASES/Constants.hpp
-- Up-to-date: /home/zxs/ocs2_ros2_legubiao/ws/install/qpoases_catkin/include/qpOASES/Constraints.hpp
-- Up-to-date: /home/zxs/ocs2_ros2_legubiao/ws/install/qpoases_catkin/include/qpOASES/SparseSolver.hpp
-- Up-to-date: /home/zxs/ocs2_ros2_legubiao/ws/install/qpoases_catkin/include/qpOASES/Types.hpp
-- Up-to-date: /home/zxs/ocs2_ros2_legubiao/ws/install/qpoases_catkin/include/qpOASES/SQProblemSchur.hpp
-- Up-to-date: /home/zxs/ocs2_ros2_legubiao/ws/install/qpoases_catkin/include/qpOASES/Utils.hpp
-- Up-to-date: /home/zxs/ocs2_ros2_legubiao/ws/install/qpoases_catkin/include/qpOASES/UnitTesting.hpp
-- Up-to-date: /home/zxs/ocs2_ros2_legubiao/ws/install/qpoases_catkin/include/qpOASES/SQProblemSchur.ipp
-- Up-to-date: /home/zxs/ocs2_ros2_legubiao/ws/install/qpoases_catkin/include/qpOASES/Utils.ipp
-- Up-to-date: /home/zxs/ocs2_ros2_legubiao/ws/install/qpoases_catkin/include/qpOASES/QProblem.ipp
-- Up-to-date: /home/zxs/ocs2_ros2_legubiao/ws/install/qpoases_catkin/include/qpOASES/MessageHandling.hpp
-- Up-to-date: /home/zxs/ocs2_ros2_legubiao/ws/install/qpoases_catkin/include/qpOASES/QProblemB.hpp
-- Up-to-date: /home/zxs/ocs2_ros2_legubiao/ws/install/qpoases_catkin/include/qpOASES/SubjectTo.hpp
-- Up-to-date: /home/zxs/ocs2_ros2_legubiao/ws/install/qpoases_catkin/include/qpOASES/QProblemB.ipp
-- Up-to-date: /home/zxs/ocs2_ros2_legubiao/ws/install/qpoases_catkin/include/qpOASES/Constraints.ipp
-- Up-to-date: /home/zxs/ocs2_ros2_legubiao/ws/install/qpoases_catkin/include/qpOASES/Indexlist.ipp
