[0.009s] Invoking command in '/home/zxs/ocs2_ros2_legubiao/ws/build/ocs2_robotic_assets': CMAKE_PREFIX_PATH=${CMAKE_PREFIX_PATH}:/opt/ros/humble /usr/bin/cmake /home/zxs/ocs2_ros2_legubiao/ws/src/ocs2_ros2/submodules/ocs2_robotic_assets -DCMAKE_INSTALL_PREFIX=/home/zxs/ocs2_ros2_legubiao/ws/install/ocs2_robotic_assets
[0.017s] -- Found ament_cmake: 1.3.11 (/opt/ros/humble/share/ament_cmake/cmake)
[0.073s] -- Override CMake install command with custom implementation using symlinks instead of copying resources
[0.107s] -- Configuring done
[0.108s] -- Generating done
[0.109s] -- Build files have been written to: /home/zxs/ocs2_ros2_legubiao/ws/build/ocs2_robotic_assets
[0.110s] Invoked command in '/home/zxs/ocs2_ros2_legubiao/ws/build/ocs2_robotic_assets' returned '0': CMAKE_PREFIX_PATH=${CMAKE_PREFIX_PATH}:/opt/ros/humble /usr/bin/cmake /home/zxs/ocs2_ros2_legubiao/ws/src/ocs2_ros2/submodules/ocs2_robotic_assets -DCMAKE_INSTALL_PREFIX=/home/zxs/ocs2_ros2_legubiao/ws/install/ocs2_robotic_assets
[0.111s] Invoking command in '/home/zxs/ocs2_ros2_legubiao/ws/build/ocs2_robotic_assets': CMAKE_PREFIX_PATH=${CMAKE_PREFIX_PATH}:/opt/ros/humble /usr/bin/cmake --build /home/zxs/ocs2_ros2_legubiao/ws/build/ocs2_robotic_assets -- -j28 -l28
[0.140s] Invoked command in '/home/zxs/ocs2_ros2_legubiao/ws/build/ocs2_robotic_assets' returned '0': CMAKE_PREFIX_PATH=${CMAKE_PREFIX_PATH}:/opt/ros/humble /usr/bin/cmake --build /home/zxs/ocs2_ros2_legubiao/ws/build/ocs2_robotic_assets -- -j28 -l28
[0.140s] Invoking command in '/home/zxs/ocs2_ros2_legubiao/ws/build/ocs2_robotic_assets': CMAKE_PREFIX_PATH=${CMAKE_PREFIX_PATH}:/opt/ros/humble /usr/bin/cmake --install /home/zxs/ocs2_ros2_legubiao/ws/build/ocs2_robotic_assets
[0.146s] -- Install configuration: ""
[0.146s] -- Execute custom install script
[0.146s] -- Up-to-date symlink: /home/zxs/ocs2_ros2_legubiao/ws/install/ocs2_robotic_assets/include/ocs2_robotic_assets/.gitignore
[0.147s] -- Up-to-date symlink: /home/zxs/ocs2_ros2_legubiao/ws/install/ocs2_robotic_assets/include/ocs2_robotic_assets/package_path.h
[0.147s] -- Up-to-date symlink: /home/zxs/ocs2_ros2_legubiao/ws/install/ocs2_robotic_assets/include/ocs2_robotic_assets/package_path.h.in
[0.149s] -- Up-to-date symlink: /home/zxs/ocs2_ros2_legubiao/ws/install/ocs2_robotic_assets/share/ocs2_robotic_assets/resources/anymal_c/LICENSE
[0.151s] -- Up-to-date symlink: /home/zxs/ocs2_ros2_legubiao/ws/install/ocs2_robotic_assets/share/ocs2_robotic_assets/resources/anymal_c/meshes/base.dae
[0.151s] -- Up-to-date symlink: /home/zxs/ocs2_ros2_legubiao/ws/install/ocs2_robotic_assets/share/ocs2_robotic_assets/resources/anymal_c/meshes/base.jpg
[0.151s] -- Up-to-date symlink: /home/zxs/ocs2_ros2_legubiao/ws/install/ocs2_robotic_assets/share/ocs2_robotic_assets/resources/anymal_c/meshes/battery.dae
[0.151s] -- Up-to-date symlink: /home/zxs/ocs2_ros2_legubiao/ws/install/ocs2_robotic_assets/share/ocs2_robotic_assets/resources/anymal_c/meshes/battery.jpg
[0.151s] -- Up-to-date symlink: /home/zxs/ocs2_ros2_legubiao/ws/install/ocs2_robotic_assets/share/ocs2_robotic_assets/resources/anymal_c/meshes/bottom_shell.dae
[0.151s] -- Up-to-date symlink: /home/zxs/ocs2_ros2_legubiao/ws/install/ocs2_robotic_assets/share/ocs2_robotic_assets/resources/anymal_c/meshes/bottom_shell.jpg
[0.151s] -- Up-to-date symlink: /home/zxs/ocs2_ros2_legubiao/ws/install/ocs2_robotic_assets/share/ocs2_robotic_assets/resources/anymal_c/meshes/depth_camera.dae
[0.151s] -- Up-to-date symlink: /home/zxs/ocs2_ros2_legubiao/ws/install/ocs2_robotic_assets/share/ocs2_robotic_assets/resources/anymal_c/meshes/depth_camera.jpg
[0.151s] -- Up-to-date symlink: /home/zxs/ocs2_ros2_legubiao/ws/install/ocs2_robotic_assets/share/ocs2_robotic_assets/resources/anymal_c/meshes/drive.dae
[0.151s] -- Up-to-date symlink: /home/zxs/ocs2_ros2_legubiao/ws/install/ocs2_robotic_assets/share/ocs2_robotic_assets/resources/anymal_c/meshes/drive.jpg
[0.151s] -- Up-to-date symlink: /home/zxs/ocs2_ros2_legubiao/ws/install/ocs2_robotic_assets/share/ocs2_robotic_assets/resources/anymal_c/meshes/face.dae
[0.152s] -- Up-to-date symlink: /home/zxs/ocs2_ros2_legubiao/ws/install/ocs2_robotic_assets/share/ocs2_robotic_assets/resources/anymal_c/meshes/face.jpg
[0.152s] -- Up-to-date symlink: /home/zxs/ocs2_ros2_legubiao/ws/install/ocs2_robotic_assets/share/ocs2_robotic_assets/resources/anymal_c/meshes/foot.dae
[0.152s] -- Up-to-date symlink: /home/zxs/ocs2_ros2_legubiao/ws/install/ocs2_robotic_assets/share/ocs2_robotic_assets/resources/anymal_c/meshes/foot.jpg
[0.152s] -- Up-to-date symlink: /home/zxs/ocs2_ros2_legubiao/ws/install/ocs2_robotic_assets/share/ocs2_robotic_assets/resources/anymal_c/meshes/handle.dae
[0.152s] -- Up-to-date symlink: /home/zxs/ocs2_ros2_legubiao/ws/install/ocs2_robotic_assets/share/ocs2_robotic_assets/resources/anymal_c/meshes/handle.jpg
[0.152s] -- Up-to-date symlink: /home/zxs/ocs2_ros2_legubiao/ws/install/ocs2_robotic_assets/share/ocs2_robotic_assets/resources/anymal_c/meshes/hatch.dae
[0.152s] -- Up-to-date symlink: /home/zxs/ocs2_ros2_legubiao/ws/install/ocs2_robotic_assets/share/ocs2_robotic_assets/resources/anymal_c/meshes/hatch.jpg
[0.152s] -- Up-to-date symlink: /home/zxs/ocs2_ros2_legubiao/ws/install/ocs2_robotic_assets/share/ocs2_robotic_assets/resources/anymal_c/meshes/hip.jpg
[0.152s] -- Up-to-date symlink: /home/zxs/ocs2_ros2_legubiao/ws/install/ocs2_robotic_assets/share/ocs2_robotic_assets/resources/anymal_c/meshes/hip_l.dae
[0.152s] -- Up-to-date symlink: /home/zxs/ocs2_ros2_legubiao/ws/install/ocs2_robotic_assets/share/ocs2_robotic_assets/resources/anymal_c/meshes/hip_r.dae
[0.153s] -- Up-to-date symlink: /home/zxs/ocs2_ros2_legubiao/ws/install/ocs2_robotic_assets/share/ocs2_robotic_assets/resources/anymal_c/meshes/lidar.dae
[0.153s] -- Up-to-date symlink: /home/zxs/ocs2_ros2_legubiao/ws/install/ocs2_robotic_assets/share/ocs2_robotic_assets/resources/anymal_c/meshes/lidar.jpg
[0.153s] -- Up-to-date symlink: /home/zxs/ocs2_ros2_legubiao/ws/install/ocs2_robotic_assets/share/ocs2_robotic_assets/resources/anymal_c/meshes/lidar_cage.dae
[0.154s] -- Up-to-date symlink: /home/zxs/ocs2_ros2_legubiao/ws/install/ocs2_robotic_assets/share/ocs2_robotic_assets/resources/anymal_c/meshes/lidar_cage.jpg
[0.154s] -- Up-to-date symlink: /home/zxs/ocs2_ros2_legubiao/ws/install/ocs2_robotic_assets/share/ocs2_robotic_assets/resources/anymal_c/meshes/remote.dae
[0.154s] -- Up-to-date symlink: /home/zxs/ocs2_ros2_legubiao/ws/install/ocs2_robotic_assets/share/ocs2_robotic_assets/resources/anymal_c/meshes/remote.jpg
[0.154s] -- Up-to-date symlink: /home/zxs/ocs2_ros2_legubiao/ws/install/ocs2_robotic_assets/share/ocs2_robotic_assets/resources/anymal_c/meshes/shank.jpg
[0.155s] -- Up-to-date symlink: /home/zxs/ocs2_ros2_legubiao/ws/install/ocs2_robotic_assets/share/ocs2_robotic_assets/resources/anymal_c/meshes/shank_l.dae
[0.155s] -- Up-to-date symlink: /home/zxs/ocs2_ros2_legubiao/ws/install/ocs2_robotic_assets/share/ocs2_robotic_assets/resources/anymal_c/meshes/shank_r.dae
[0.155s] -- Up-to-date symlink: /home/zxs/ocs2_ros2_legubiao/ws/install/ocs2_robotic_assets/share/ocs2_robotic_assets/resources/anymal_c/meshes/thigh.dae
[0.155s] -- Up-to-date symlink: /home/zxs/ocs2_ros2_legubiao/ws/install/ocs2_robotic_assets/share/ocs2_robotic_assets/resources/anymal_c/meshes/thigh.jpg
[0.155s] -- Up-to-date symlink: /home/zxs/ocs2_ros2_legubiao/ws/install/ocs2_robotic_assets/share/ocs2_robotic_assets/resources/anymal_c/meshes/top_shell.dae
[0.155s] -- Up-to-date symlink: /home/zxs/ocs2_ros2_legubiao/ws/install/ocs2_robotic_assets/share/ocs2_robotic_assets/resources/anymal_c/meshes/top_shell.jpg
[0.155s] -- Up-to-date symlink: /home/zxs/ocs2_ros2_legubiao/ws/install/ocs2_robotic_assets/share/ocs2_robotic_assets/resources/anymal_c/meshes/wide_angle_camera.dae
[0.155s] -- Up-to-date symlink: /home/zxs/ocs2_ros2_legubiao/ws/install/ocs2_robotic_assets/share/ocs2_robotic_assets/resources/anymal_c/meshes/wide_angle_camera.jpg
[0.155s] -- Up-to-date symlink: /home/zxs/ocs2_ros2_legubiao/ws/install/ocs2_robotic_assets/share/ocs2_robotic_assets/resources/anymal_c/urdf/anymal.urdf
[0.155s] -- Up-to-date symlink: /home/zxs/ocs2_ros2_legubiao/ws/install/ocs2_robotic_assets/share/ocs2_robotic_assets/resources/ballbot/meshes/base.obj
[0.155s] -- Up-to-date symlink: /home/zxs/ocs2_ros2_legubiao/ws/install/ocs2_robotic_assets/share/ocs2_robotic_assets/resources/ballbot/urdf/ballbot.urdf
[0.156s] -- Up-to-date symlink: /home/zxs/ocs2_ros2_legubiao/ws/install/ocs2_robotic_assets/share/ocs2_robotic_assets/resources/cartpole/urdf/cartpole.urdf
[0.156s] -- Up-to-date symlink: /home/zxs/ocs2_ros2_legubiao/ws/install/ocs2_robotic_assets/share/ocs2_robotic_assets/resources/double_integrator/urdf/double_integrator.urdf
[0.156s] -- Up-to-date symlink: /home/zxs/ocs2_ros2_legubiao/ws/install/ocs2_robotic_assets/share/ocs2_robotic_assets/resources/mobile_manipulator/agileX_piper/LICENSE
[0.156s] -- Up-to-date symlink: /home/zxs/ocs2_ros2_legubiao/ws/install/ocs2_robotic_assets/share/ocs2_robotic_assets/resources/mobile_manipulator/agileX_piper/meshes/base_link.STL
[0.156s] -- Up-to-date symlink: /home/zxs/ocs2_ros2_legubiao/ws/install/ocs2_robotic_assets/share/ocs2_robotic_assets/resources/mobile_manipulator/agileX_piper/meshes/gripper_base.STL
[0.156s] -- Up-to-date symlink: /home/zxs/ocs2_ros2_legubiao/ws/install/ocs2_robotic_assets/share/ocs2_robotic_assets/resources/mobile_manipulator/agileX_piper/meshes/link1.STL
[0.156s] -- Up-to-date symlink: /home/zxs/ocs2_ros2_legubiao/ws/install/ocs2_robotic_assets/share/ocs2_robotic_assets/resources/mobile_manipulator/agileX_piper/meshes/link2.STL
[0.156s] -- Up-to-date symlink: /home/zxs/ocs2_ros2_legubiao/ws/install/ocs2_robotic_assets/share/ocs2_robotic_assets/resources/mobile_manipulator/agileX_piper/meshes/link3.STL
[0.156s] -- Up-to-date symlink: /home/zxs/ocs2_ros2_legubiao/ws/install/ocs2_robotic_assets/share/ocs2_robotic_assets/resources/mobile_manipulator/agileX_piper/meshes/link4.STL
[0.156s] -- Up-to-date symlink: /home/zxs/ocs2_ros2_legubiao/ws/install/ocs2_robotic_assets/share/ocs2_robotic_assets/resources/mobile_manipulator/agileX_piper/meshes/link5.STL
[0.156s] -- Up-to-date symlink: /home/zxs/ocs2_ros2_legubiao/ws/install/ocs2_robotic_assets/share/ocs2_robotic_assets/resources/mobile_manipulator/agileX_piper/meshes/link6.STL
[0.157s] -- Up-to-date symlink: /home/zxs/ocs2_ros2_legubiao/ws/install/ocs2_robotic_assets/share/ocs2_robotic_assets/resources/mobile_manipulator/agileX_piper/meshes/link7.STL
[0.157s] -- Up-to-date symlink: /home/zxs/ocs2_ros2_legubiao/ws/install/ocs2_robotic_assets/share/ocs2_robotic_assets/resources/mobile_manipulator/agileX_piper/meshes/link8.STL
[0.157s] -- Up-to-date symlink: /home/zxs/ocs2_ros2_legubiao/ws/install/ocs2_robotic_assets/share/ocs2_robotic_assets/resources/mobile_manipulator/agileX_piper/urdf/compile
[0.157s] -- Up-to-date symlink: /home/zxs/ocs2_ros2_legubiao/ws/install/ocs2_robotic_assets/share/ocs2_robotic_assets/resources/mobile_manipulator/agileX_piper/urdf/piper_description.csv
[0.158s] -- Up-to-date symlink: /home/zxs/ocs2_ros2_legubiao/ws/install/ocs2_robotic_assets/share/ocs2_robotic_assets/resources/mobile_manipulator/agileX_piper/urdf/piper_description.urdf
[0.158s] -- Up-to-date symlink: /home/zxs/ocs2_ros2_legubiao/ws/install/ocs2_robotic_assets/share/ocs2_robotic_assets/resources/mobile_manipulator/agileX_piper/urdf/piper_description.xacro
[0.158s] -- Up-to-date symlink: /home/zxs/ocs2_ros2_legubiao/ws/install/ocs2_robotic_assets/share/ocs2_robotic_assets/resources/mobile_manipulator/agileX_piper/urdf/piper_description_gazebo.xacro
[0.158s] -- Up-to-date symlink: /home/zxs/ocs2_ros2_legubiao/ws/install/ocs2_robotic_assets/share/ocs2_robotic_assets/resources/mobile_manipulator/franka/LICENSE
[0.158s] -- Up-to-date symlink: /home/zxs/ocs2_ros2_legubiao/ws/install/ocs2_robotic_assets/share/ocs2_robotic_assets/resources/mobile_manipulator/franka/meshes/collision/hand.stl
[0.158s] -- Up-to-date symlink: /home/zxs/ocs2_ros2_legubiao/ws/install/ocs2_robotic_assets/share/ocs2_robotic_assets/resources/mobile_manipulator/franka/meshes/collision/link0.stl
[0.158s] -- Up-to-date symlink: /home/zxs/ocs2_ros2_legubiao/ws/install/ocs2_robotic_assets/share/ocs2_robotic_assets/resources/mobile_manipulator/franka/meshes/collision/link1.stl
[0.158s] -- Up-to-date symlink: /home/zxs/ocs2_ros2_legubiao/ws/install/ocs2_robotic_assets/share/ocs2_robotic_assets/resources/mobile_manipulator/franka/meshes/collision/link2.stl
[0.158s] -- Up-to-date symlink: /home/zxs/ocs2_ros2_legubiao/ws/install/ocs2_robotic_assets/share/ocs2_robotic_assets/resources/mobile_manipulator/franka/meshes/collision/link3.stl
[0.158s] -- Up-to-date symlink: /home/zxs/ocs2_ros2_legubiao/ws/install/ocs2_robotic_assets/share/ocs2_robotic_assets/resources/mobile_manipulator/franka/meshes/collision/link4.stl
[0.159s] -- Up-to-date symlink: /home/zxs/ocs2_ros2_legubiao/ws/install/ocs2_robotic_assets/share/ocs2_robotic_assets/resources/mobile_manipulator/franka/meshes/collision/link5.stl
[0.159s] -- Up-to-date symlink: /home/zxs/ocs2_ros2_legubiao/ws/install/ocs2_robotic_assets/share/ocs2_robotic_assets/resources/mobile_manipulator/franka/meshes/collision/link6.stl
[0.159s] -- Up-to-date symlink: /home/zxs/ocs2_ros2_legubiao/ws/install/ocs2_robotic_assets/share/ocs2_robotic_assets/resources/mobile_manipulator/franka/meshes/collision/link7.stl
[0.159s] -- Up-to-date symlink: /home/zxs/ocs2_ros2_legubiao/ws/install/ocs2_robotic_assets/share/ocs2_robotic_assets/resources/mobile_manipulator/franka/meshes/meshes/collision/hand.stl
[0.160s] -- Up-to-date symlink: /home/zxs/ocs2_ros2_legubiao/ws/install/ocs2_robotic_assets/share/ocs2_robotic_assets/resources/mobile_manipulator/franka/meshes/meshes/collision/link0.stl
[0.160s] -- Up-to-date symlink: /home/zxs/ocs2_ros2_legubiao/ws/install/ocs2_robotic_assets/share/ocs2_robotic_assets/resources/mobile_manipulator/franka/meshes/meshes/collision/link1.stl
[0.160s] -- Up-to-date symlink: /home/zxs/ocs2_ros2_legubiao/ws/install/ocs2_robotic_assets/share/ocs2_robotic_assets/resources/mobile_manipulator/franka/meshes/meshes/collision/link2.stl
[0.160s] -- Up-to-date symlink: /home/zxs/ocs2_ros2_legubiao/ws/install/ocs2_robotic_assets/share/ocs2_robotic_assets/resources/mobile_manipulator/franka/meshes/meshes/collision/link3.stl
[0.160s] -- Up-to-date symlink: /home/zxs/ocs2_ros2_legubiao/ws/install/ocs2_robotic_assets/share/ocs2_robotic_assets/resources/mobile_manipulator/franka/meshes/meshes/collision/link4.stl
[0.160s] -- Up-to-date symlink: /home/zxs/ocs2_ros2_legubiao/ws/install/ocs2_robotic_assets/share/ocs2_robotic_assets/resources/mobile_manipulator/franka/meshes/meshes/collision/link5.stl
[0.160s] -- Up-to-date symlink: /home/zxs/ocs2_ros2_legubiao/ws/install/ocs2_robotic_assets/share/ocs2_robotic_assets/resources/mobile_manipulator/franka/meshes/meshes/collision/link6.stl
[0.161s] -- Up-to-date symlink: /home/zxs/ocs2_ros2_legubiao/ws/install/ocs2_robotic_assets/share/ocs2_robotic_assets/resources/mobile_manipulator/franka/meshes/meshes/collision/link7.stl
[0.161s] -- Up-to-date symlink: /home/zxs/ocs2_ros2_legubiao/ws/install/ocs2_robotic_assets/share/ocs2_robotic_assets/resources/mobile_manipulator/franka/meshes/meshes/visual/finger.dae
[0.161s] -- Up-to-date symlink: /home/zxs/ocs2_ros2_legubiao/ws/install/ocs2_robotic_assets/share/ocs2_robotic_assets/resources/mobile_manipulator/franka/meshes/meshes/visual/hand.dae
[0.161s] -- Up-to-date symlink: /home/zxs/ocs2_ros2_legubiao/ws/install/ocs2_robotic_assets/share/ocs2_robotic_assets/resources/mobile_manipulator/franka/meshes/meshes/visual/link0.dae
[0.161s] -- Up-to-date symlink: /home/zxs/ocs2_ros2_legubiao/ws/install/ocs2_robotic_assets/share/ocs2_robotic_assets/resources/mobile_manipulator/franka/meshes/meshes/visual/link1.dae
[0.161s] -- Up-to-date symlink: /home/zxs/ocs2_ros2_legubiao/ws/install/ocs2_robotic_assets/share/ocs2_robotic_assets/resources/mobile_manipulator/franka/meshes/meshes/visual/link2.dae
[0.161s] -- Up-to-date symlink: /home/zxs/ocs2_ros2_legubiao/ws/install/ocs2_robotic_assets/share/ocs2_robotic_assets/resources/mobile_manipulator/franka/meshes/meshes/visual/link3.dae
[0.161s] -- Up-to-date symlink: /home/zxs/ocs2_ros2_legubiao/ws/install/ocs2_robotic_assets/share/ocs2_robotic_assets/resources/mobile_manipulator/franka/meshes/meshes/visual/link4.dae
[0.161s] -- Up-to-date symlink: /home/zxs/ocs2_ros2_legubiao/ws/install/ocs2_robotic_assets/share/ocs2_robotic_assets/resources/mobile_manipulator/franka/meshes/meshes/visual/link5.dae
[0.161s] -- Up-to-date symlink: /home/zxs/ocs2_ros2_legubiao/ws/install/ocs2_robotic_assets/share/ocs2_robotic_assets/resources/mobile_manipulator/franka/meshes/meshes/visual/link6.dae
[0.161s] -- Up-to-date symlink: /home/zxs/ocs2_ros2_legubiao/ws/install/ocs2_robotic_assets/share/ocs2_robotic_assets/resources/mobile_manipulator/franka/meshes/meshes/visual/link7.dae
[0.161s] -- Up-to-date symlink: /home/zxs/ocs2_ros2_legubiao/ws/install/ocs2_robotic_assets/share/ocs2_robotic_assets/resources/mobile_manipulator/franka/meshes/visual/finger.dae
[0.161s] -- Up-to-date symlink: /home/zxs/ocs2_ros2_legubiao/ws/install/ocs2_robotic_assets/share/ocs2_robotic_assets/resources/mobile_manipulator/franka/meshes/visual/hand.dae
[0.161s] -- Up-to-date symlink: /home/zxs/ocs2_ros2_legubiao/ws/install/ocs2_robotic_assets/share/ocs2_robotic_assets/resources/mobile_manipulator/franka/meshes/visual/link0.dae
[0.161s] -- Up-to-date symlink: /home/zxs/ocs2_ros2_legubiao/ws/install/ocs2_robotic_assets/share/ocs2_robotic_assets/resources/mobile_manipulator/franka/meshes/visual/link1.dae
[0.161s] -- Up-to-date symlink: /home/zxs/ocs2_ros2_legubiao/ws/install/ocs2_robotic_assets/share/ocs2_robotic_assets/resources/mobile_manipulator/franka/meshes/visual/link2.dae
[0.161s] -- Up-to-date symlink: /home/zxs/ocs2_ros2_legubiao/ws/install/ocs2_robotic_assets/share/ocs2_robotic_assets/resources/mobile_manipulator/franka/meshes/visual/link3.dae
[0.163s] -- Up-to-date symlink: /home/zxs/ocs2_ros2_legubiao/ws/install/ocs2_robotic_assets/share/ocs2_robotic_assets/resources/mobile_manipulator/franka/meshes/visual/link4.dae
[0.163s] -- Up-to-date symlink: /home/zxs/ocs2_ros2_legubiao/ws/install/ocs2_robotic_assets/share/ocs2_robotic_assets/resources/mobile_manipulator/franka/meshes/visual/link5.dae
[0.163s] -- Up-to-date symlink: /home/zxs/ocs2_ros2_legubiao/ws/install/ocs2_robotic_assets/share/ocs2_robotic_assets/resources/mobile_manipulator/franka/meshes/visual/link6.dae
[0.163s] -- Up-to-date symlink: /home/zxs/ocs2_ros2_legubiao/ws/install/ocs2_robotic_assets/share/ocs2_robotic_assets/resources/mobile_manipulator/franka/meshes/visual/link7.dae
[0.163s] -- Up-to-date symlink: /home/zxs/ocs2_ros2_legubiao/ws/install/ocs2_robotic_assets/share/ocs2_robotic_assets/resources/mobile_manipulator/franka/urdf/panda.urdf
[0.163s] -- Up-to-date symlink: /home/zxs/ocs2_ros2_legubiao/ws/install/ocs2_robotic_assets/share/ocs2_robotic_assets/resources/mobile_manipulator/kinova/LICENSE
[0.163s] -- Up-to-date symlink: /home/zxs/ocs2_ros2_legubiao/ws/install/ocs2_robotic_assets/share/ocs2_robotic_assets/resources/mobile_manipulator/kinova/meshes/arm.SLDPRT
[0.163s] -- Up-to-date symlink: /home/zxs/ocs2_ros2_legubiao/ws/install/ocs2_robotic_assets/share/ocs2_robotic_assets/resources/mobile_manipulator/kinova/meshes/arm.STL
[0.163s] -- Up-to-date symlink: /home/zxs/ocs2_ros2_legubiao/ws/install/ocs2_robotic_assets/share/ocs2_robotic_assets/resources/mobile_manipulator/kinova/meshes/arm.dae
[0.164s] -- Up-to-date symlink: /home/zxs/ocs2_ros2_legubiao/ws/install/ocs2_robotic_assets/share/ocs2_robotic_assets/resources/mobile_manipulator/kinova/meshes/arm_half_1.STL
[0.164s] -- Up-to-date symlink: /home/zxs/ocs2_ros2_legubiao/ws/install/ocs2_robotic_assets/share/ocs2_robotic_assets/resources/mobile_manipulator/kinova/meshes/arm_half_1.dae
[0.164s] -- Up-to-date symlink: /home/zxs/ocs2_ros2_legubiao/ws/install/ocs2_robotic_assets/share/ocs2_robotic_assets/resources/mobile_manipulator/kinova/meshes/arm_half_2.STL
[0.164s] -- Up-to-date symlink: /home/zxs/ocs2_ros2_legubiao/ws/install/ocs2_robotic_assets/share/ocs2_robotic_assets/resources/mobile_manipulator/kinova/meshes/arm_half_2.dae
[0.164s] -- Up-to-date symlink: /home/zxs/ocs2_ros2_legubiao/ws/install/ocs2_robotic_assets/share/ocs2_robotic_assets/resources/mobile_manipulator/kinova/meshes/arm_mico.STL
[0.164s] -- Up-to-date symlink: /home/zxs/ocs2_ros2_legubiao/ws/install/ocs2_robotic_assets/share/ocs2_robotic_assets/resources/mobile_manipulator/kinova/meshes/arm_mico.dae
[0.164s] -- Up-to-date symlink: /home/zxs/ocs2_ros2_legubiao/ws/install/ocs2_robotic_assets/share/ocs2_robotic_assets/resources/mobile_manipulator/kinova/meshes/base.STL
[0.164s] -- Up-to-date symlink: /home/zxs/ocs2_ros2_legubiao/ws/install/ocs2_robotic_assets/share/ocs2_robotic_assets/resources/mobile_manipulator/kinova/meshes/base.dae
[0.164s] -- Up-to-date symlink: /home/zxs/ocs2_ros2_legubiao/ws/install/ocs2_robotic_assets/share/ocs2_robotic_assets/resources/mobile_manipulator/kinova/meshes/finger_distal.STL
[0.164s] -- Up-to-date symlink: /home/zxs/ocs2_ros2_legubiao/ws/install/ocs2_robotic_assets/share/ocs2_robotic_assets/resources/mobile_manipulator/kinova/meshes/finger_distal.dae
[0.164s] -- Up-to-date symlink: /home/zxs/ocs2_ros2_legubiao/ws/install/ocs2_robotic_assets/share/ocs2_robotic_assets/resources/mobile_manipulator/kinova/meshes/finger_proximal.STL
[0.164s] -- Up-to-date symlink: /home/zxs/ocs2_ros2_legubiao/ws/install/ocs2_robotic_assets/share/ocs2_robotic_assets/resources/mobile_manipulator/kinova/meshes/finger_proximal.dae
[0.164s] -- Up-to-date symlink: /home/zxs/ocs2_ros2_legubiao/ws/install/ocs2_robotic_assets/share/ocs2_robotic_assets/resources/mobile_manipulator/kinova/meshes/forearm.STL
[0.164s] -- Up-to-date symlink: /home/zxs/ocs2_ros2_legubiao/ws/install/ocs2_robotic_assets/share/ocs2_robotic_assets/resources/mobile_manipulator/kinova/meshes/forearm.dae
[0.164s] -- Up-to-date symlink: /home/zxs/ocs2_ros2_legubiao/ws/install/ocs2_robotic_assets/share/ocs2_robotic_assets/resources/mobile_manipulator/kinova/meshes/forearm_mico.STL
[0.164s] -- Up-to-date symlink: /home/zxs/ocs2_ros2_legubiao/ws/install/ocs2_robotic_assets/share/ocs2_robotic_assets/resources/mobile_manipulator/kinova/meshes/forearm_mico.dae
[0.164s] -- Up-to-date symlink: /home/zxs/ocs2_ros2_legubiao/ws/install/ocs2_robotic_assets/share/ocs2_robotic_assets/resources/mobile_manipulator/kinova/meshes/hand_2finger.STL
[0.165s] -- Up-to-date symlink: /home/zxs/ocs2_ros2_legubiao/ws/install/ocs2_robotic_assets/share/ocs2_robotic_assets/resources/mobile_manipulator/kinova/meshes/hand_2finger.dae
[0.165s] -- Up-to-date symlink: /home/zxs/ocs2_ros2_legubiao/ws/install/ocs2_robotic_assets/share/ocs2_robotic_assets/resources/mobile_manipulator/kinova/meshes/hand_3finger.STL
[0.166s] -- Up-to-date symlink: /home/zxs/ocs2_ros2_legubiao/ws/install/ocs2_robotic_assets/share/ocs2_robotic_assets/resources/mobile_manipulator/kinova/meshes/hand_3finger.dae
[0.166s] -- Up-to-date symlink: /home/zxs/ocs2_ros2_legubiao/ws/install/ocs2_robotic_assets/share/ocs2_robotic_assets/resources/mobile_manipulator/kinova/meshes/ring_big.STL
[0.166s] -- Up-to-date symlink: /home/zxs/ocs2_ros2_legubiao/ws/install/ocs2_robotic_assets/share/ocs2_robotic_assets/resources/mobile_manipulator/kinova/meshes/ring_big.dae
[0.166s] -- Up-to-date symlink: /home/zxs/ocs2_ros2_legubiao/ws/install/ocs2_robotic_assets/share/ocs2_robotic_assets/resources/mobile_manipulator/kinova/meshes/ring_small.STL
[0.166s] -- Up-to-date symlink: /home/zxs/ocs2_ros2_legubiao/ws/install/ocs2_robotic_assets/share/ocs2_robotic_assets/resources/mobile_manipulator/kinova/meshes/ring_small.dae
[0.166s] -- Up-to-date symlink: /home/zxs/ocs2_ros2_legubiao/ws/install/ocs2_robotic_assets/share/ocs2_robotic_assets/resources/mobile_manipulator/kinova/meshes/shoulder.STL
[0.166s] -- Up-to-date symlink: /home/zxs/ocs2_ros2_legubiao/ws/install/ocs2_robotic_assets/share/ocs2_robotic_assets/resources/mobile_manipulator/kinova/meshes/shoulder.dae
[0.166s] -- Up-to-date symlink: /home/zxs/ocs2_ros2_legubiao/ws/install/ocs2_robotic_assets/share/ocs2_robotic_assets/resources/mobile_manipulator/kinova/meshes/wrist.STL
[0.166s] -- Up-to-date symlink: /home/zxs/ocs2_ros2_legubiao/ws/install/ocs2_robotic_assets/share/ocs2_robotic_assets/resources/mobile_manipulator/kinova/meshes/wrist.dae
[0.166s] -- Up-to-date symlink: /home/zxs/ocs2_ros2_legubiao/ws/install/ocs2_robotic_assets/share/ocs2_robotic_assets/resources/mobile_manipulator/kinova/meshes/wrist_spherical_1.STL
[0.167s] -- Up-to-date symlink: /home/zxs/ocs2_ros2_legubiao/ws/install/ocs2_robotic_assets/share/ocs2_robotic_assets/resources/mobile_manipulator/kinova/meshes/wrist_spherical_1.dae
[0.167s] -- Up-to-date symlink: /home/zxs/ocs2_ros2_legubiao/ws/install/ocs2_robotic_assets/share/ocs2_robotic_assets/resources/mobile_manipulator/kinova/meshes/wrist_spherical_2.STL
[0.167s] -- Up-to-date symlink: /home/zxs/ocs2_ros2_legubiao/ws/install/ocs2_robotic_assets/share/ocs2_robotic_assets/resources/mobile_manipulator/kinova/meshes/wrist_spherical_2.dae
[0.167s] -- Up-to-date symlink: /home/zxs/ocs2_ros2_legubiao/ws/install/ocs2_robotic_assets/share/ocs2_robotic_assets/resources/mobile_manipulator/kinova/urdf/j2n6s300.urdf
[0.167s] -- Up-to-date symlink: /home/zxs/ocs2_ros2_legubiao/ws/install/ocs2_robotic_assets/share/ocs2_robotic_assets/resources/mobile_manipulator/kinova/urdf/j2n7s300.urdf
[0.167s] -- Up-to-date symlink: /home/zxs/ocs2_ros2_legubiao/ws/install/ocs2_robotic_assets/share/ocs2_robotic_assets/resources/mobile_manipulator/mabi_mobile/urdf/mabi_mobile.urdf
[0.167s] -- Up-to-date symlink: /home/zxs/ocs2_ros2_legubiao/ws/install/ocs2_robotic_assets/share/ocs2_robotic_assets/resources/mobile_manipulator/pr2/LICENSE
[0.167s] -- Up-to-date symlink: /home/zxs/ocs2_ros2_legubiao/ws/install/ocs2_robotic_assets/share/ocs2_robotic_assets/resources/mobile_manipulator/pr2/materials/textures/pr2_caster_texture.png
[0.167s] -- Up-to-date symlink: /home/zxs/ocs2_ros2_legubiao/ws/install/ocs2_robotic_assets/share/ocs2_robotic_assets/resources/mobile_manipulator/pr2/materials/textures/pr2_wheel_left.png
[0.167s] -- Up-to-date symlink: /home/zxs/ocs2_ros2_legubiao/ws/install/ocs2_robotic_assets/share/ocs2_robotic_assets/resources/mobile_manipulator/pr2/materials/textures/pr2_wheel_right.png
[0.167s] -- Up-to-date symlink: /home/zxs/ocs2_ros2_legubiao/ws/install/ocs2_robotic_assets/share/ocs2_robotic_assets/resources/mobile_manipulator/pr2/meshes/base_v0/.gitignore
[0.167s] -- Up-to-date symlink: /home/zxs/ocs2_ros2_legubiao/ws/install/ocs2_robotic_assets/share/ocs2_robotic_assets/resources/mobile_manipulator/pr2/meshes/base_v0/base.dae
[0.167s] -- Up-to-date symlink: /home/zxs/ocs2_ros2_legubiao/ws/install/ocs2_robotic_assets/share/ocs2_robotic_assets/resources/mobile_manipulator/pr2/meshes/base_v0/base.stl
[0.167s] -- Up-to-date symlink: /home/zxs/ocs2_ros2_legubiao/ws/install/ocs2_robotic_assets/share/ocs2_robotic_assets/resources/mobile_manipulator/pr2/meshes/base_v0/base_L.stl
[0.167s] -- Up-to-date symlink: /home/zxs/ocs2_ros2_legubiao/ws/install/ocs2_robotic_assets/share/ocs2_robotic_assets/resources/mobile_manipulator/pr2/meshes/base_v0/base_color.png
[0.167s] -- Up-to-date symlink: /home/zxs/ocs2_ros2_legubiao/ws/install/ocs2_robotic_assets/share/ocs2_robotic_assets/resources/mobile_manipulator/pr2/meshes/base_v0/base_normals.png
[0.167s] -- Up-to-date symlink: /home/zxs/ocs2_ros2_legubiao/ws/install/ocs2_robotic_assets/share/ocs2_robotic_assets/resources/mobile_manipulator/pr2/meshes/base_v0/caster.stl
[0.167s] -- Up-to-date symlink: /home/zxs/ocs2_ros2_legubiao/ws/install/ocs2_robotic_assets/share/ocs2_robotic_assets/resources/mobile_manipulator/pr2/meshes/base_v0/caster_L.stl
[0.168s] -- Up-to-date symlink: /home/zxs/ocs2_ros2_legubiao/ws/install/ocs2_robotic_assets/share/ocs2_robotic_assets/resources/mobile_manipulator/pr2/meshes/base_v0/pr2_wheel.stl
[0.168s] -- Up-to-date symlink: /home/zxs/ocs2_ros2_legubiao/ws/install/ocs2_robotic_assets/share/ocs2_robotic_assets/resources/mobile_manipulator/pr2/meshes/base_v0/wheel.dae
[0.168s] -- Up-to-date symlink: /home/zxs/ocs2_ros2_legubiao/ws/install/ocs2_robotic_assets/share/ocs2_robotic_assets/resources/mobile_manipulator/pr2/meshes/base_v0/wheel.stl
[0.168s] -- Up-to-date symlink: /home/zxs/ocs2_ros2_legubiao/ws/install/ocs2_robotic_assets/share/ocs2_robotic_assets/resources/mobile_manipulator/pr2/meshes/base_v0/wheel_color.png
[0.168s] -- Up-to-date symlink: /home/zxs/ocs2_ros2_legubiao/ws/install/ocs2_robotic_assets/share/ocs2_robotic_assets/resources/mobile_manipulator/pr2/meshes/base_v0/wheel_h.dae
[0.168s] -- Up-to-date symlink: /home/zxs/ocs2_ros2_legubiao/ws/install/ocs2_robotic_assets/share/ocs2_robotic_assets/resources/mobile_manipulator/pr2/meshes/base_v0/wheel_h_color.png
[0.168s] -- Up-to-date symlink: /home/zxs/ocs2_ros2_legubiao/ws/install/ocs2_robotic_assets/share/ocs2_robotic_assets/resources/mobile_manipulator/pr2/meshes/base_v0/wheel_normals.png
[0.168s] -- Up-to-date symlink: /home/zxs/ocs2_ros2_legubiao/ws/install/ocs2_robotic_assets/share/ocs2_robotic_assets/resources/mobile_manipulator/pr2/meshes/forearm_v0/.gitignore
[0.168s] -- Up-to-date symlink: /home/zxs/ocs2_ros2_legubiao/ws/install/ocs2_robotic_assets/share/ocs2_robotic_assets/resources/mobile_manipulator/pr2/meshes/forearm_v0/forearm.dae
[0.168s] -- Up-to-date symlink: /home/zxs/ocs2_ros2_legubiao/ws/install/ocs2_robotic_assets/share/ocs2_robotic_assets/resources/mobile_manipulator/pr2/meshes/forearm_v0/forearm.jpg
[0.168s] -- Up-to-date symlink: /home/zxs/ocs2_ros2_legubiao/ws/install/ocs2_robotic_assets/share/ocs2_robotic_assets/resources/mobile_manipulator/pr2/meshes/forearm_v0/forearm.stl
[0.168s] -- Up-to-date symlink: /home/zxs/ocs2_ros2_legubiao/ws/install/ocs2_robotic_assets/share/ocs2_robotic_assets/resources/mobile_manipulator/pr2/meshes/forearm_v0/forearm_color.png
[0.168s] -- Up-to-date symlink: /home/zxs/ocs2_ros2_legubiao/ws/install/ocs2_robotic_assets/share/ocs2_robotic_assets/resources/mobile_manipulator/pr2/meshes/forearm_v0/forearm_normals.png
[0.168s] -- Up-to-date symlink: /home/zxs/ocs2_ros2_legubiao/ws/install/ocs2_robotic_assets/share/ocs2_robotic_assets/resources/mobile_manipulator/pr2/meshes/forearm_v0/wrist_color.png
[0.168s] -- Up-to-date symlink: /home/zxs/ocs2_ros2_legubiao/ws/install/ocs2_robotic_assets/share/ocs2_robotic_assets/resources/mobile_manipulator/pr2/meshes/forearm_v0/wrist_flex.dae
[0.168s] -- Up-to-date symlink: /home/zxs/ocs2_ros2_legubiao/ws/install/ocs2_robotic_assets/share/ocs2_robotic_assets/resources/mobile_manipulator/pr2/meshes/forearm_v0/wrist_flex.stl
[0.168s] -- Up-to-date symlink: /home/zxs/ocs2_ros2_legubiao/ws/install/ocs2_robotic_assets/share/ocs2_robotic_assets/resources/mobile_manipulator/pr2/meshes/forearm_v0/wrist_normals.png
[0.168s] -- Up-to-date symlink: /home/zxs/ocs2_ros2_legubiao/ws/install/ocs2_robotic_assets/share/ocs2_robotic_assets/resources/mobile_manipulator/pr2/meshes/forearm_v0/wrist_roll.stl
[0.168s] -- Up-to-date symlink: /home/zxs/ocs2_ros2_legubiao/ws/install/ocs2_robotic_assets/share/ocs2_robotic_assets/resources/mobile_manipulator/pr2/meshes/forearm_v0/wrist_roll_L.stl
[0.168s] -- Up-to-date symlink: /home/zxs/ocs2_ros2_legubiao/ws/install/ocs2_robotic_assets/share/ocs2_robotic_assets/resources/mobile_manipulator/pr2/meshes/gripper_v0/.gitignore
[0.169s] -- Up-to-date symlink: /home/zxs/ocs2_ros2_legubiao/ws/install/ocs2_robotic_assets/share/ocs2_robotic_assets/resources/mobile_manipulator/pr2/meshes/gripper_v0/finger_H_Color_100430.png
[0.169s] -- Up-to-date symlink: /home/zxs/ocs2_ros2_legubiao/ws/install/ocs2_robotic_assets/share/ocs2_robotic_assets/resources/mobile_manipulator/pr2/meshes/gripper_v0/finger_H_UV_100430.dae
[0.169s] -- Up-to-date symlink: /home/zxs/ocs2_ros2_legubiao/ws/install/ocs2_robotic_assets/share/ocs2_robotic_assets/resources/mobile_manipulator/pr2/meshes/gripper_v0/finger_tip_H_UV_100430.dae
[0.169s] -- Up-to-date symlink: /home/zxs/ocs2_ros2_legubiao/ws/install/ocs2_robotic_assets/share/ocs2_robotic_assets/resources/mobile_manipulator/pr2/meshes/gripper_v0/finger_tip_l.stl
[0.169s] -- Up-to-date symlink: /home/zxs/ocs2_ros2_legubiao/ws/install/ocs2_robotic_assets/share/ocs2_robotic_assets/resources/mobile_manipulator/pr2/meshes/gripper_v0/finger_tip_pad2_l.stl
[0.169s] -- Up-to-date symlink: /home/zxs/ocs2_ros2_legubiao/ws/install/ocs2_robotic_assets/share/ocs2_robotic_assets/resources/mobile_manipulator/pr2/meshes/gripper_v0/finger_tip_pad2_r.stl
[0.169s] -- Up-to-date symlink: /home/zxs/ocs2_ros2_legubiao/ws/install/ocs2_robotic_assets/share/ocs2_robotic_assets/resources/mobile_manipulator/pr2/meshes/gripper_v0/finger_tip_r.stl
[0.169s] -- Up-to-date symlink: /home/zxs/ocs2_ros2_legubiao/ws/install/ocs2_robotic_assets/share/ocs2_robotic_assets/resources/mobile_manipulator/pr2/meshes/gripper_v0/fingertip_H_Color_100430.png
[0.169s] -- Up-to-date symlink: /home/zxs/ocs2_ros2_legubiao/ws/install/ocs2_robotic_assets/share/ocs2_robotic_assets/resources/mobile_manipulator/pr2/meshes/gripper_v0/float_H_Color_100430.png
[0.169s] -- Up-to-date symlink: /home/zxs/ocs2_ros2_legubiao/ws/install/ocs2_robotic_assets/share/ocs2_robotic_assets/resources/mobile_manipulator/pr2/meshes/gripper_v0/float_H_UV_100430.dae
[0.169s] -- Up-to-date symlink: /home/zxs/ocs2_ros2_legubiao/ws/install/ocs2_robotic_assets/share/ocs2_robotic_assets/resources/mobile_manipulator/pr2/meshes/gripper_v0/gripper_palm.dae
[0.169s] -- Up-to-date symlink: /home/zxs/ocs2_ros2_legubiao/ws/install/ocs2_robotic_assets/share/ocs2_robotic_assets/resources/mobile_manipulator/pr2/meshes/gripper_v0/gripper_palm.stl
[0.169s] -- Up-to-date symlink: /home/zxs/ocs2_ros2_legubiao/ws/install/ocs2_robotic_assets/share/ocs2_robotic_assets/resources/mobile_manipulator/pr2/meshes/gripper_v0/gripper_palm_color.png
[0.169s] -- Up-to-date symlink: /home/zxs/ocs2_ros2_legubiao/ws/install/ocs2_robotic_assets/share/ocs2_robotic_assets/resources/mobile_manipulator/pr2/meshes/gripper_v0/gripper_palm_normals.png
[0.169s] -- Up-to-date symlink: /home/zxs/ocs2_ros2_legubiao/ws/install/ocs2_robotic_assets/share/ocs2_robotic_assets/resources/mobile_manipulator/pr2/meshes/gripper_v0/l_finger.dae
[0.169s] -- Up-to-date symlink: /home/zxs/ocs2_ros2_legubiao/ws/install/ocs2_robotic_assets/share/ocs2_robotic_assets/resources/mobile_manipulator/pr2/meshes/gripper_v0/l_finger.stl
[0.169s] -- Up-to-date symlink: /home/zxs/ocs2_ros2_legubiao/ws/install/ocs2_robotic_assets/share/ocs2_robotic_assets/resources/mobile_manipulator/pr2/meshes/gripper_v0/l_finger_color.png
[0.169s] -- Up-to-date symlink: /home/zxs/ocs2_ros2_legubiao/ws/install/ocs2_robotic_assets/share/ocs2_robotic_assets/resources/mobile_manipulator/pr2/meshes/gripper_v0/l_finger_normals.png
[0.169s] -- Up-to-date symlink: /home/zxs/ocs2_ros2_legubiao/ws/install/ocs2_robotic_assets/share/ocs2_robotic_assets/resources/mobile_manipulator/pr2/meshes/gripper_v0/l_finger_tip.dae
[0.169s] -- Up-to-date symlink: /home/zxs/ocs2_ros2_legubiao/ws/install/ocs2_robotic_assets/share/ocs2_robotic_assets/resources/mobile_manipulator/pr2/meshes/gripper_v0/l_finger_tip.stl
[0.169s] -- Up-to-date symlink: /home/zxs/ocs2_ros2_legubiao/ws/install/ocs2_robotic_assets/share/ocs2_robotic_assets/resources/mobile_manipulator/pr2/meshes/gripper_v0/l_finger_tip_color.png
[0.170s] -- Up-to-date symlink: /home/zxs/ocs2_ros2_legubiao/ws/install/ocs2_robotic_assets/share/ocs2_robotic_assets/resources/mobile_manipulator/pr2/meshes/gripper_v0/l_finger_tip_normals.png
[0.170s] -- Up-to-date symlink: /home/zxs/ocs2_ros2_legubiao/ws/install/ocs2_robotic_assets/share/ocs2_robotic_assets/resources/mobile_manipulator/pr2/meshes/gripper_v0/l_float.dae
[0.170s] -- Up-to-date symlink: /home/zxs/ocs2_ros2_legubiao/ws/install/ocs2_robotic_assets/share/ocs2_robotic_assets/resources/mobile_manipulator/pr2/meshes/gripper_v0/l_float_color.png
[0.170s] -- Up-to-date symlink: /home/zxs/ocs2_ros2_legubiao/ws/install/ocs2_robotic_assets/share/ocs2_robotic_assets/resources/mobile_manipulator/pr2/meshes/gripper_v0/l_float_normals.png
[0.170s] -- Up-to-date symlink: /home/zxs/ocs2_ros2_legubiao/ws/install/ocs2_robotic_assets/share/ocs2_robotic_assets/resources/mobile_manipulator/pr2/meshes/gripper_v0/l_floating.stl
[0.170s] -- Up-to-date symlink: /home/zxs/ocs2_ros2_legubiao/ws/install/ocs2_robotic_assets/share/ocs2_robotic_assets/resources/mobile_manipulator/pr2/meshes/gripper_v0/palm_H_Color_100430.png
[0.170s] -- Up-to-date symlink: /home/zxs/ocs2_ros2_legubiao/ws/install/ocs2_robotic_assets/share/ocs2_robotic_assets/resources/mobile_manipulator/pr2/meshes/gripper_v0/palm_H_UV_100430.dae
[0.170s] -- Up-to-date symlink: /home/zxs/ocs2_ros2_legubiao/ws/install/ocs2_robotic_assets/share/ocs2_robotic_assets/resources/mobile_manipulator/pr2/meshes/gripper_v0/upper_finger_l.stl
[0.170s] -- Up-to-date symlink: /home/zxs/ocs2_ros2_legubiao/ws/install/ocs2_robotic_assets/share/ocs2_robotic_assets/resources/mobile_manipulator/pr2/meshes/gripper_v0/upper_finger_r.stl
[0.170s] -- Up-to-date symlink: /home/zxs/ocs2_ros2_legubiao/ws/install/ocs2_robotic_assets/share/ocs2_robotic_assets/resources/mobile_manipulator/pr2/meshes/head_v0/.gitignore
[0.170s] -- Up-to-date symlink: /home/zxs/ocs2_ros2_legubiao/ws/install/ocs2_robotic_assets/share/ocs2_robotic_assets/resources/mobile_manipulator/pr2/meshes/head_v0/head_pan.dae
[0.170s] -- Up-to-date symlink: /home/zxs/ocs2_ros2_legubiao/ws/install/ocs2_robotic_assets/share/ocs2_robotic_assets/resources/mobile_manipulator/pr2/meshes/head_v0/head_pan.stl
[0.170s] -- Up-to-date symlink: /home/zxs/ocs2_ros2_legubiao/ws/install/ocs2_robotic_assets/share/ocs2_robotic_assets/resources/mobile_manipulator/pr2/meshes/head_v0/head_pan_L.stl
[0.170s] -- Up-to-date symlink: /home/zxs/ocs2_ros2_legubiao/ws/install/ocs2_robotic_assets/share/ocs2_robotic_assets/resources/mobile_manipulator/pr2/meshes/head_v0/head_pan_color.png
[0.170s] -- Up-to-date symlink: /home/zxs/ocs2_ros2_legubiao/ws/install/ocs2_robotic_assets/share/ocs2_robotic_assets/resources/mobile_manipulator/pr2/meshes/head_v0/head_pan_normals.png
[0.170s] -- Up-to-date symlink: /home/zxs/ocs2_ros2_legubiao/ws/install/ocs2_robotic_assets/share/ocs2_robotic_assets/resources/mobile_manipulator/pr2/meshes/head_v0/head_tilt.dae
[0.170s] -- Up-to-date symlink: /home/zxs/ocs2_ros2_legubiao/ws/install/ocs2_robotic_assets/share/ocs2_robotic_assets/resources/mobile_manipulator/pr2/meshes/head_v0/head_tilt.stl
[0.170s] -- Up-to-date symlink: /home/zxs/ocs2_ros2_legubiao/ws/install/ocs2_robotic_assets/share/ocs2_robotic_assets/resources/mobile_manipulator/pr2/meshes/head_v0/head_tilt_L.stl
[0.170s] -- Up-to-date symlink: /home/zxs/ocs2_ros2_legubiao/ws/install/ocs2_robotic_assets/share/ocs2_robotic_assets/resources/mobile_manipulator/pr2/meshes/head_v0/head_tilt_color.png
[0.170s] -- Up-to-date symlink: /home/zxs/ocs2_ros2_legubiao/ws/install/ocs2_robotic_assets/share/ocs2_robotic_assets/resources/mobile_manipulator/pr2/meshes/head_v0/head_tilt_color_red.png
[0.170s] -- Up-to-date symlink: /home/zxs/ocs2_ros2_legubiao/ws/install/ocs2_robotic_assets/share/ocs2_robotic_assets/resources/mobile_manipulator/pr2/meshes/head_v0/head_tilt_color_yellow.png
[0.170s] -- Up-to-date symlink: /home/zxs/ocs2_ros2_legubiao/ws/install/ocs2_robotic_assets/share/ocs2_robotic_assets/resources/mobile_manipulator/pr2/meshes/head_v0/head_tilt_green.png
[0.170s] -- Up-to-date symlink: /home/zxs/ocs2_ros2_legubiao/ws/install/ocs2_robotic_assets/share/ocs2_robotic_assets/resources/mobile_manipulator/pr2/meshes/head_v0/head_tilt_normals.png
[0.170s] -- Up-to-date symlink: /home/zxs/ocs2_ros2_legubiao/ws/install/ocs2_robotic_assets/share/ocs2_robotic_assets/resources/mobile_manipulator/pr2/meshes/sensors/kinect2_v0/kinect2_assembly.STL
[0.171s] -- Up-to-date symlink: /home/zxs/ocs2_ros2_legubiao/ws/install/ocs2_robotic_assets/share/ocs2_robotic_assets/resources/mobile_manipulator/pr2/meshes/sensors/kinect2_v0/kinect2_assembly.dae
[0.171s] -- Up-to-date symlink: /home/zxs/ocs2_ros2_legubiao/ws/install/ocs2_robotic_assets/share/ocs2_robotic_assets/resources/mobile_manipulator/pr2/meshes/sensors/kinect_prosilica_v0/115x100_swept_back--coarse.STL
[0.171s] -- Up-to-date symlink: /home/zxs/ocs2_ros2_legubiao/ws/install/ocs2_robotic_assets/share/ocs2_robotic_assets/resources/mobile_manipulator/pr2/meshes/sensors/kinect_prosilica_v0/115x100_swept_back_no_sensors--coarse.STL
[0.171s] -- Up-to-date symlink: /home/zxs/ocs2_ros2_legubiao/ws/install/ocs2_robotic_assets/share/ocs2_robotic_assets/resources/mobile_manipulator/pr2/meshes/sensors/kinect_prosilica_v0/115x100_swept_fwd--coarse.STL
[0.171s] -- Up-to-date symlink: /home/zxs/ocs2_ros2_legubiao/ws/install/ocs2_robotic_assets/share/ocs2_robotic_assets/resources/mobile_manipulator/pr2/meshes/sensors/kinect_prosilica_v0/115x100_swept_fwd_no_sensors--coarse.STL
[0.171s] -- Up-to-date symlink: /home/zxs/ocs2_ros2_legubiao/ws/install/ocs2_robotic_assets/share/ocs2_robotic_assets/resources/mobile_manipulator/pr2/meshes/sensors/kinect_prosilica_v0/68-04546_Kinect_Sensor--coarse.STL
[0.171s] -- Up-to-date symlink: /home/zxs/ocs2_ros2_legubiao/ws/install/ocs2_robotic_assets/share/ocs2_robotic_assets/resources/mobile_manipulator/pr2/meshes/sensors/kinect_prosilica_v0/Prosilica_w_Lens--coarse.STL
[0.171s] -- Up-to-date symlink: /home/zxs/ocs2_ros2_legubiao/ws/install/ocs2_robotic_assets/share/ocs2_robotic_assets/resources/mobile_manipulator/pr2/meshes/sensors/kinect_v0/kinect.dae
[0.171s] -- Up-to-date symlink: /home/zxs/ocs2_ros2_legubiao/ws/install/ocs2_robotic_assets/share/ocs2_robotic_assets/resources/mobile_manipulator/pr2/meshes/sensors/kinect_v0/kinect.tga
[0.171s] -- Up-to-date symlink: /home/zxs/ocs2_ros2_legubiao/ws/install/ocs2_robotic_assets/share/ocs2_robotic_assets/resources/mobile_manipulator/pr2/meshes/sensors/kinect_v0/kinect_color.tga
[0.171s] -- Up-to-date symlink: /home/zxs/ocs2_ros2_legubiao/ws/install/ocs2_robotic_assets/share/ocs2_robotic_assets/resources/mobile_manipulator/pr2/meshes/sensors/kinect_v0/kinect_mount.stl
[0.171s] -- Up-to-date symlink: /home/zxs/ocs2_ros2_legubiao/ws/install/ocs2_robotic_assets/share/ocs2_robotic_assets/resources/mobile_manipulator/pr2/meshes/shoulder_v0/.gitignore
[0.171s] -- Up-to-date symlink: /home/zxs/ocs2_ros2_legubiao/ws/install/ocs2_robotic_assets/share/ocs2_robotic_assets/resources/mobile_manipulator/pr2/meshes/shoulder_v0/shoulder_lift.dae
[0.171s] -- Up-to-date symlink: /home/zxs/ocs2_ros2_legubiao/ws/install/ocs2_robotic_assets/share/ocs2_robotic_assets/resources/mobile_manipulator/pr2/meshes/shoulder_v0/shoulder_lift.stl
[0.171s] -- Up-to-date symlink: /home/zxs/ocs2_ros2_legubiao/ws/install/ocs2_robotic_assets/share/ocs2_robotic_assets/resources/mobile_manipulator/pr2/meshes/shoulder_v0/shoulder_lift_color.png
[0.171s] -- Up-to-date symlink: /home/zxs/ocs2_ros2_legubiao/ws/install/ocs2_robotic_assets/share/ocs2_robotic_assets/resources/mobile_manipulator/pr2/meshes/shoulder_v0/shoulder_lift_normals.png
[0.171s] -- Up-to-date symlink: /home/zxs/ocs2_ros2_legubiao/ws/install/ocs2_robotic_assets/share/ocs2_robotic_assets/resources/mobile_manipulator/pr2/meshes/shoulder_v0/shoulder_pan.dae
[0.172s] -- Up-to-date symlink: /home/zxs/ocs2_ros2_legubiao/ws/install/ocs2_robotic_assets/share/ocs2_robotic_assets/resources/mobile_manipulator/pr2/meshes/shoulder_v0/shoulder_pan.stl
[0.172s] -- Up-to-date symlink: /home/zxs/ocs2_ros2_legubiao/ws/install/ocs2_robotic_assets/share/ocs2_robotic_assets/resources/mobile_manipulator/pr2/meshes/shoulder_v0/shoulder_pan_color.png
[0.172s] -- Up-to-date symlink: /home/zxs/ocs2_ros2_legubiao/ws/install/ocs2_robotic_assets/share/ocs2_robotic_assets/resources/mobile_manipulator/pr2/meshes/shoulder_v0/shoulder_pan_normals.png
[0.172s] -- Up-to-date symlink: /home/zxs/ocs2_ros2_legubiao/ws/install/ocs2_robotic_assets/share/ocs2_robotic_assets/resources/mobile_manipulator/pr2/meshes/shoulder_v0/shoulder_yaw.stl
[0.172s] -- Up-to-date symlink: /home/zxs/ocs2_ros2_legubiao/ws/install/ocs2_robotic_assets/share/ocs2_robotic_assets/resources/mobile_manipulator/pr2/meshes/shoulder_v0/upper_arm_roll.dae
[0.172s] -- Up-to-date symlink: /home/zxs/ocs2_ros2_legubiao/ws/install/ocs2_robotic_assets/share/ocs2_robotic_assets/resources/mobile_manipulator/pr2/meshes/shoulder_v0/upper_arm_roll.stl
[0.172s] -- Up-to-date symlink: /home/zxs/ocs2_ros2_legubiao/ws/install/ocs2_robotic_assets/share/ocs2_robotic_assets/resources/mobile_manipulator/pr2/meshes/shoulder_v0/upper_arm_roll_L.stl
[0.172s] -- Up-to-date symlink: /home/zxs/ocs2_ros2_legubiao/ws/install/ocs2_robotic_assets/share/ocs2_robotic_assets/resources/mobile_manipulator/pr2/meshes/shoulder_v0/upper_arm_roll_color.png
[0.172s] -- Up-to-date symlink: /home/zxs/ocs2_ros2_legubiao/ws/install/ocs2_robotic_assets/share/ocs2_robotic_assets/resources/mobile_manipulator/pr2/meshes/shoulder_v0/upper_arm_roll_normals.png
[0.172s] -- Up-to-date symlink: /home/zxs/ocs2_ros2_legubiao/ws/install/ocs2_robotic_assets/share/ocs2_robotic_assets/resources/mobile_manipulator/pr2/meshes/tilting_laser_v0/.gitignore
[0.172s] -- Up-to-date symlink: /home/zxs/ocs2_ros2_legubiao/ws/install/ocs2_robotic_assets/share/ocs2_robotic_assets/resources/mobile_manipulator/pr2/meshes/tilting_laser_v0/hok_tilt.stl
[0.172s] -- Up-to-date symlink: /home/zxs/ocs2_ros2_legubiao/ws/install/ocs2_robotic_assets/share/ocs2_robotic_assets/resources/mobile_manipulator/pr2/meshes/tilting_laser_v0/tilting_hokuyo.dae
[0.172s] -- Up-to-date symlink: /home/zxs/ocs2_ros2_legubiao/ws/install/ocs2_robotic_assets/share/ocs2_robotic_assets/resources/mobile_manipulator/pr2/meshes/tilting_laser_v0/tilting_hokuyo.stl
[0.172s] -- Up-to-date symlink: /home/zxs/ocs2_ros2_legubiao/ws/install/ocs2_robotic_assets/share/ocs2_robotic_assets/resources/mobile_manipulator/pr2/meshes/tilting_laser_v0/tilting_hokuyo_L.stl
[0.172s] -- Up-to-date symlink: /home/zxs/ocs2_ros2_legubiao/ws/install/ocs2_robotic_assets/share/ocs2_robotic_assets/resources/mobile_manipulator/pr2/meshes/tilting_laser_v0/tilting_hokuyo_color.png
[0.172s] -- Up-to-date symlink: /home/zxs/ocs2_ros2_legubiao/ws/install/ocs2_robotic_assets/share/ocs2_robotic_assets/resources/mobile_manipulator/pr2/meshes/tilting_laser_v0/tilting_hokuyo_normals.png
[0.172s] -- Up-to-date symlink: /home/zxs/ocs2_ros2_legubiao/ws/install/ocs2_robotic_assets/share/ocs2_robotic_assets/resources/mobile_manipulator/pr2/meshes/torso_v0/.gitignore
[0.172s] -- Up-to-date symlink: /home/zxs/ocs2_ros2_legubiao/ws/install/ocs2_robotic_assets/share/ocs2_robotic_assets/resources/mobile_manipulator/pr2/meshes/torso_v0/torso.stl
[0.172s] -- Up-to-date symlink: /home/zxs/ocs2_ros2_legubiao/ws/install/ocs2_robotic_assets/share/ocs2_robotic_assets/resources/mobile_manipulator/pr2/meshes/torso_v0/torso_lift.dae
[0.172s] -- Up-to-date symlink: /home/zxs/ocs2_ros2_legubiao/ws/install/ocs2_robotic_assets/share/ocs2_robotic_assets/resources/mobile_manipulator/pr2/meshes/torso_v0/torso_lift.stl
[0.172s] -- Up-to-date symlink: /home/zxs/ocs2_ros2_legubiao/ws/install/ocs2_robotic_assets/share/ocs2_robotic_assets/resources/mobile_manipulator/pr2/meshes/torso_v0/torso_lift_L.stl
[0.172s] -- Up-to-date symlink: /home/zxs/ocs2_ros2_legubiao/ws/install/ocs2_robotic_assets/share/ocs2_robotic_assets/resources/mobile_manipulator/pr2/meshes/torso_v0/torso_lift_color.png
[0.172s] -- Up-to-date symlink: /home/zxs/ocs2_ros2_legubiao/ws/install/ocs2_robotic_assets/share/ocs2_robotic_assets/resources/mobile_manipulator/pr2/meshes/torso_v0/torso_lift_normals.png
[0.172s] -- Up-to-date symlink: /home/zxs/ocs2_ros2_legubiao/ws/install/ocs2_robotic_assets/share/ocs2_robotic_assets/resources/mobile_manipulator/pr2/meshes/upper_arm_v0/.gitignore
[0.173s] -- Up-to-date symlink: /home/zxs/ocs2_ros2_legubiao/ws/install/ocs2_robotic_assets/share/ocs2_robotic_assets/resources/mobile_manipulator/pr2/meshes/upper_arm_v0/elbow_flex.dae
[0.173s] -- Up-to-date symlink: /home/zxs/ocs2_ros2_legubiao/ws/install/ocs2_robotic_assets/share/ocs2_robotic_assets/resources/mobile_manipulator/pr2/meshes/upper_arm_v0/elbow_flex.stl
[0.173s] -- Up-to-date symlink: /home/zxs/ocs2_ros2_legubiao/ws/install/ocs2_robotic_assets/share/ocs2_robotic_assets/resources/mobile_manipulator/pr2/meshes/upper_arm_v0/elbow_flex_color.png
[0.173s] -- Up-to-date symlink: /home/zxs/ocs2_ros2_legubiao/ws/install/ocs2_robotic_assets/share/ocs2_robotic_assets/resources/mobile_manipulator/pr2/meshes/upper_arm_v0/elbow_flex_normals.png
[0.173s] -- Up-to-date symlink: /home/zxs/ocs2_ros2_legubiao/ws/install/ocs2_robotic_assets/share/ocs2_robotic_assets/resources/mobile_manipulator/pr2/meshes/upper_arm_v0/forearm_roll.stl
[0.173s] -- Up-to-date symlink: /home/zxs/ocs2_ros2_legubiao/ws/install/ocs2_robotic_assets/share/ocs2_robotic_assets/resources/mobile_manipulator/pr2/meshes/upper_arm_v0/forearm_roll_L.stl
[0.173s] -- Up-to-date symlink: /home/zxs/ocs2_ros2_legubiao/ws/install/ocs2_robotic_assets/share/ocs2_robotic_assets/resources/mobile_manipulator/pr2/meshes/upper_arm_v0/upper_arm.dae
[0.173s] -- Up-to-date symlink: /home/zxs/ocs2_ros2_legubiao/ws/install/ocs2_robotic_assets/share/ocs2_robotic_assets/resources/mobile_manipulator/pr2/meshes/upper_arm_v0/upper_arm.jpg
[0.173s] -- Up-to-date symlink: /home/zxs/ocs2_ros2_legubiao/ws/install/ocs2_robotic_assets/share/ocs2_robotic_assets/resources/mobile_manipulator/pr2/meshes/upper_arm_v0/upper_arm.stl
[0.173s] -- Up-to-date symlink: /home/zxs/ocs2_ros2_legubiao/ws/install/ocs2_robotic_assets/share/ocs2_robotic_assets/resources/mobile_manipulator/pr2/meshes/upper_arm_v0/upper_arm_color.png
[0.173s] -- Up-to-date symlink: /home/zxs/ocs2_ros2_legubiao/ws/install/ocs2_robotic_assets/share/ocs2_robotic_assets/resources/mobile_manipulator/pr2/meshes/upper_arm_v0/upper_arm_normals.png
[0.173s] -- Up-to-date symlink: /home/zxs/ocs2_ros2_legubiao/ws/install/ocs2_robotic_assets/share/ocs2_robotic_assets/resources/mobile_manipulator/pr2/urdf/pr2.urdf
[0.173s] -- Up-to-date symlink: /home/zxs/ocs2_ros2_legubiao/ws/install/ocs2_robotic_assets/share/ocs2_robotic_assets/resources/mobile_manipulator/ridgeback_ur5/LICENSE
[0.173s] -- Up-to-date symlink: /home/zxs/ocs2_ros2_legubiao/ws/install/ocs2_robotic_assets/share/ocs2_robotic_assets/resources/mobile_manipulator/ridgeback_ur5/meshes/base/3dm-gxX.stl
[0.173s] -- Up-to-date symlink: /home/zxs/ocs2_ros2_legubiao/ws/install/ocs2_robotic_assets/share/ocs2_robotic_assets/resources/mobile_manipulator/ridgeback_ur5/meshes/base/axle.stl
[0.173s] -- Up-to-date symlink: /home/zxs/ocs2_ros2_legubiao/ws/install/ocs2_robotic_assets/share/ocs2_robotic_assets/resources/mobile_manipulator/ridgeback_ur5/meshes/base/body-collision.stl
[0.173s] -- Up-to-date symlink: /home/zxs/ocs2_ros2_legubiao/ws/install/ocs2_robotic_assets/share/ocs2_robotic_assets/resources/mobile_manipulator/ridgeback_ur5/meshes/base/body.stl
[0.173s] -- Up-to-date symlink: /home/zxs/ocs2_ros2_legubiao/ws/install/ocs2_robotic_assets/share/ocs2_robotic_assets/resources/mobile_manipulator/ridgeback_ur5/meshes/base/end-cover.stl
[0.173s] -- Up-to-date symlink: /home/zxs/ocs2_ros2_legubiao/ws/install/ocs2_robotic_assets/share/ocs2_robotic_assets/resources/mobile_manipulator/ridgeback_ur5/meshes/base/lights.stl
[0.173s] -- Up-to-date symlink: /home/zxs/ocs2_ros2_legubiao/ws/install/ocs2_robotic_assets/share/ocs2_robotic_assets/resources/mobile_manipulator/ridgeback_ur5/meshes/base/rocker.stl
[0.173s] -- Up-to-date symlink: /home/zxs/ocs2_ros2_legubiao/ws/install/ocs2_robotic_assets/share/ocs2_robotic_assets/resources/mobile_manipulator/ridgeback_ur5/meshes/base/side-cover.stl
[0.173s] -- Up-to-date symlink: /home/zxs/ocs2_ros2_legubiao/ws/install/ocs2_robotic_assets/share/ocs2_robotic_assets/resources/mobile_manipulator/ridgeback_ur5/meshes/base/top.stl
[0.173s] -- Up-to-date symlink: /home/zxs/ocs2_ros2_legubiao/ws/install/ocs2_robotic_assets/share/ocs2_robotic_assets/resources/mobile_manipulator/ridgeback_ur5/meshes/base/ust-10lx.stl
[0.174s] -- Up-to-date symlink: /home/zxs/ocs2_ros2_legubiao/ws/install/ocs2_robotic_assets/share/ocs2_robotic_assets/resources/mobile_manipulator/ridgeback_ur5/meshes/base/wheel.stl
[0.174s] -- Up-to-date symlink: /home/zxs/ocs2_ros2_legubiao/ws/install/ocs2_robotic_assets/share/ocs2_robotic_assets/resources/mobile_manipulator/ridgeback_ur5/meshes/ur5/collision/base.stl
[0.174s] -- Up-to-date symlink: /home/zxs/ocs2_ros2_legubiao/ws/install/ocs2_robotic_assets/share/ocs2_robotic_assets/resources/mobile_manipulator/ridgeback_ur5/meshes/ur5/collision/forearm.stl
[0.174s] -- Up-to-date symlink: /home/zxs/ocs2_ros2_legubiao/ws/install/ocs2_robotic_assets/share/ocs2_robotic_assets/resources/mobile_manipulator/ridgeback_ur5/meshes/ur5/collision/shoulder.stl
[0.174s] -- Up-to-date symlink: /home/zxs/ocs2_ros2_legubiao/ws/install/ocs2_robotic_assets/share/ocs2_robotic_assets/resources/mobile_manipulator/ridgeback_ur5/meshes/ur5/collision/upperarm.stl
[0.174s] -- Up-to-date symlink: /home/zxs/ocs2_ros2_legubiao/ws/install/ocs2_robotic_assets/share/ocs2_robotic_assets/resources/mobile_manipulator/ridgeback_ur5/meshes/ur5/collision/wrist1.stl
[0.174s] -- Up-to-date symlink: /home/zxs/ocs2_ros2_legubiao/ws/install/ocs2_robotic_assets/share/ocs2_robotic_assets/resources/mobile_manipulator/ridgeback_ur5/meshes/ur5/collision/wrist2.stl
[0.174s] -- Up-to-date symlink: /home/zxs/ocs2_ros2_legubiao/ws/install/ocs2_robotic_assets/share/ocs2_robotic_assets/resources/mobile_manipulator/ridgeback_ur5/meshes/ur5/collision/wrist3.stl
[0.174s] -- Up-to-date symlink: /home/zxs/ocs2_ros2_legubiao/ws/install/ocs2_robotic_assets/share/ocs2_robotic_assets/resources/mobile_manipulator/ridgeback_ur5/meshes/ur5/visual/base.dae
[0.174s] -- Up-to-date symlink: /home/zxs/ocs2_ros2_legubiao/ws/install/ocs2_robotic_assets/share/ocs2_robotic_assets/resources/mobile_manipulator/ridgeback_ur5/meshes/ur5/visual/forearm.dae
[0.174s] -- Up-to-date symlink: /home/zxs/ocs2_ros2_legubiao/ws/install/ocs2_robotic_assets/share/ocs2_robotic_assets/resources/mobile_manipulator/ridgeback_ur5/meshes/ur5/visual/shoulder.dae
[0.174s] -- Up-to-date symlink: /home/zxs/ocs2_ros2_legubiao/ws/install/ocs2_robotic_assets/share/ocs2_robotic_assets/resources/mobile_manipulator/ridgeback_ur5/meshes/ur5/visual/upperarm.dae
[0.174s] -- Up-to-date symlink: /home/zxs/ocs2_ros2_legubiao/ws/install/ocs2_robotic_assets/share/ocs2_robotic_assets/resources/mobile_manipulator/ridgeback_ur5/meshes/ur5/visual/wrist1.dae
[0.174s] -- Up-to-date symlink: /home/zxs/ocs2_ros2_legubiao/ws/install/ocs2_robotic_assets/share/ocs2_robotic_assets/resources/mobile_manipulator/ridgeback_ur5/meshes/ur5/visual/wrist2.dae
[0.174s] -- Up-to-date symlink: /home/zxs/ocs2_ros2_legubiao/ws/install/ocs2_robotic_assets/share/ocs2_robotic_assets/resources/mobile_manipulator/ridgeback_ur5/meshes/ur5/visual/wrist3.dae
[0.175s] -- Up-to-date symlink: /home/zxs/ocs2_ros2_legubiao/ws/install/ocs2_robotic_assets/share/ocs2_robotic_assets/resources/mobile_manipulator/ridgeback_ur5/urdf/ridgeback_ur5.urdf
[0.175s] -- Up-to-date symlink: /home/zxs/ocs2_ros2_legubiao/ws/install/ocs2_robotic_assets/share/ocs2_robotic_assets/resources/quadrotor/meshes/quadrotor.obj
[0.175s] -- Up-to-date symlink: /home/zxs/ocs2_ros2_legubiao/ws/install/ocs2_robotic_assets/share/ocs2_robotic_assets/resources/quadrotor/urdf/quadrotor.urdf
[0.175s] -- Up-to-date symlink: /home/zxs/ocs2_ros2_legubiao/ws/install/ocs2_robotic_assets/share/ament_index/resource_index/package_run_dependencies/ocs2_robotic_assets
[0.175s] -- Up-to-date symlink: /home/zxs/ocs2_ros2_legubiao/ws/install/ocs2_robotic_assets/share/ament_index/resource_index/parent_prefix_path/ocs2_robotic_assets
[0.175s] -- Up-to-date symlink: /home/zxs/ocs2_ros2_legubiao/ws/install/ocs2_robotic_assets/share/ocs2_robotic_assets/environment/ament_prefix_path.sh
[0.175s] -- Up-to-date symlink: /home/zxs/ocs2_ros2_legubiao/ws/install/ocs2_robotic_assets/share/ocs2_robotic_assets/environment/ament_prefix_path.dsv
[0.175s] -- Up-to-date symlink: /home/zxs/ocs2_ros2_legubiao/ws/install/ocs2_robotic_assets/share/ocs2_robotic_assets/environment/path.sh
[0.175s] -- Up-to-date symlink: /home/zxs/ocs2_ros2_legubiao/ws/install/ocs2_robotic_assets/share/ocs2_robotic_assets/environment/path.dsv
[0.175s] -- Up-to-date symlink: /home/zxs/ocs2_ros2_legubiao/ws/install/ocs2_robotic_assets/share/ocs2_robotic_assets/local_setup.bash
[0.175s] -- Up-to-date symlink: /home/zxs/ocs2_ros2_legubiao/ws/install/ocs2_robotic_assets/share/ocs2_robotic_assets/local_setup.sh
[0.175s] -- Up-to-date symlink: /home/zxs/ocs2_ros2_legubiao/ws/install/ocs2_robotic_assets/share/ocs2_robotic_assets/local_setup.zsh
[0.175s] -- Up-to-date symlink: /home/zxs/ocs2_ros2_legubiao/ws/install/ocs2_robotic_assets/share/ocs2_robotic_assets/local_setup.dsv
[0.175s] -- Symlinking: /home/zxs/ocs2_ros2_legubiao/ws/install/ocs2_robotic_assets/share/ocs2_robotic_assets/package.dsv
[0.179s] -- Up-to-date symlink: /home/zxs/ocs2_ros2_legubiao/ws/install/ocs2_robotic_assets/share/ament_index/resource_index/packages/ocs2_robotic_assets
[0.179s] -- Up-to-date symlink: /home/zxs/ocs2_ros2_legubiao/ws/install/ocs2_robotic_assets/share/ocs2_robotic_assets/cmake/ament_cmake_export_include_directories-extras.cmake
[0.179s] -- Up-to-date symlink: /home/zxs/ocs2_ros2_legubiao/ws/install/ocs2_robotic_assets/share/ocs2_robotic_assets/cmake/ocs2_robotic_assetsConfig.cmake
[0.179s] -- Up-to-date symlink: /home/zxs/ocs2_ros2_legubiao/ws/install/ocs2_robotic_assets/share/ocs2_robotic_assets/cmake/ocs2_robotic_assetsConfig-version.cmake
[0.179s] -- Up-to-date symlink: /home/zxs/ocs2_ros2_legubiao/ws/install/ocs2_robotic_assets/share/ocs2_robotic_assets/package.xml
[0.180s] Invoked command in '/home/zxs/ocs2_ros2_legubiao/ws/build/ocs2_robotic_assets' returned '0': CMAKE_PREFIX_PATH=${CMAKE_PREFIX_PATH}:/opt/ros/humble /usr/bin/cmake --install /home/zxs/ocs2_ros2_legubiao/ws/build/ocs2_robotic_assets
