-- Found ament_cmake: 1.3.11 (/opt/ros/humble/share/ament_cmake/cmake)
-- Found Python3: /usr/bin/python3 (found version "3.10.13") found components: Interpreter 
-- Override CMake install command with custom implementation using symlinks instead of copying resources
-- Found ocs2_robotic_tools: 0.0.0 (/home/zxs/ocs2_ros2_legubiao/ws/install/ocs2_robotic_tools/share/ocs2_robotic_tools/cmake)
-- Found Boost: /usr/lib/x86_64-linux-gnu/cmake/Boost-1.74.0/BoostConfig.cmake (found version "1.74.0") found components: system filesystem log_setup log 
-- pinocchio_default FOUND. pinocchio_default at /opt/ros/humble/lib/x86_64-linux-gnu/libpinocchio_default.so
-- pinocchio_parsers FOUND. pinocchio_parsers at /opt/ros/humble/lib/x86_64-linux-gnu/libpinocchio_parsers.so
-- boost_filesystem FOUND. boost_filesystem at /lib/x86_64-linux-gnu/libboost_filesystem.so
-- boost_serialization FOUND. boost_serialization at /lib/x86_64-linux-gnu/libboost_serialization.so
-- boost_system FOUND. boost_system at /lib/x86_64-linux-gnu/libboost_system.so
-- Found Boost: /usr/include (found version "1.74.0") found components: filesystem serialization system 
-- eigenpy FOUND. eigenpy at /opt/ros/humble/lib/x86_64-linux-gnu/libeigenpy.so
-- Checking for NumPy
--   NUMPY_INCLUDE_DIRS=/usr/lib/python3/dist-packages/numpy/core/include
--   NUMPY_VERSION=1.21.5
-- Found Python3: /usr/bin/python3 (found version "3.10.13") found components: Interpreter Development.Module NumPy 
-- PythonLibraryDirs: 
-- PythonLibVersionString: 3.10.13
-- Python site lib: lib/python3.10/site-packages
-- Python include dirs: /usr/include/python3.10
-- Checking for NumPy
--   NUMPY_INCLUDE_DIRS=/usr/lib/python3/dist-packages/numpy/core/include
--   NUMPY_VERSION=1.21.5
-- NumPy include dir: /usr/lib/python3/dist-packages/numpy/core/include
-- Found Boost: /usr/include (found version "1.74.0") found components: python310 
-- Default C++ standard: 201703
-- C++ standard sufficient: Minimal required 11, currently defined: 17
-- hpp-fcl FOUND. hpp-fcl at /opt/ros/humble/lib/x86_64-linux-gnu/libhpp-fcl.so
-- Found Boost: /usr/include (found version "1.74.0") found components: chrono serialization filesystem 
-- C++ standard sufficient: Minimal required 11, currently defined: 17
-- C++ standard sufficient: Minimal required 11, currently defined: 17
-- coal FOUND. coal at /opt/ros/humble/lib/x86_64-linux-gnu/libcoal.so
-- Found Boost: /usr/include (found version "1.74.0") found components: chrono thread date_time serialization filesystem atomic 
-- C++ standard sufficient: Minimal required 11, currently defined: 17
-- Found ament_lint_auto: 0.12.12 (/opt/ros/humble/share/ament_lint_auto/cmake)
-- Found ament_cmake_gtest: 1.3.11 (/opt/ros/humble/share/ament_cmake_gtest/cmake)
-- Found gtest sources under '/opt/ros/humble/src/gtest_vendor': C++ tests using 'Google Test' will be built
-- Configuring done
-- Generating done
-- Build files have been written to: /home/zxs/ocs2_ros2_legubiao/ws/build/ocs2_pinocchio_interface
[35m[1mConsolidate compiler generated dependencies of target gtest_main[0m
[35m[1mConsolidate compiler generated dependencies of target gtest[0m
[ 15%] Built target gtest_main
[ 30%] Built target gtest
[35m[1mConsolidate compiler generated dependencies of target ocs2_pinocchio_interface[0m
[ 76%] Built target ocs2_pinocchio_interface
[35m[1mConsolidate compiler generated dependencies of target testPinocchioInterface[0m
[100%] Built target testPinocchioInterface
-- Install configuration: "Release"
-- Execute custom install script
-- Up-to-date symlink: /home/zxs/ocs2_ros2_legubiao/ws/install/ocs2_pinocchio_interface/include/ocs2_pinocchio_interface/ocs2_pinocchio_interface/PinocchioEndEffectorKinematics.h
-- Up-to-date symlink: /home/zxs/ocs2_ros2_legubiao/ws/install/ocs2_pinocchio_interface/include/ocs2_pinocchio_interface/ocs2_pinocchio_interface/PinocchioEndEffectorKinematicsCppAd.h
-- Up-to-date symlink: /home/zxs/ocs2_ros2_legubiao/ws/install/ocs2_pinocchio_interface/include/ocs2_pinocchio_interface/ocs2_pinocchio_interface/PinocchioInterface.h
-- Up-to-date symlink: /home/zxs/ocs2_ros2_legubiao/ws/install/ocs2_pinocchio_interface/include/ocs2_pinocchio_interface/ocs2_pinocchio_interface/PinocchioStateInputMapping.h
-- Up-to-date symlink: /home/zxs/ocs2_ros2_legubiao/ws/install/ocs2_pinocchio_interface/include/ocs2_pinocchio_interface/ocs2_pinocchio_interface/implementation/PinocchioInterface.h
-- Up-to-date symlink: /home/zxs/ocs2_ros2_legubiao/ws/install/ocs2_pinocchio_interface/include/ocs2_pinocchio_interface/ocs2_pinocchio_interface/pinocchio_forward_declaration.h
-- Up-to-date symlink: /home/zxs/ocs2_ros2_legubiao/ws/install/ocs2_pinocchio_interface/include/ocs2_pinocchio_interface/ocs2_pinocchio_interface/urdf.h
-- Up-to-date symlink: /home/zxs/ocs2_ros2_legubiao/ws/install/ocs2_pinocchio_interface/share/ocs2_pinocchio_interface/environment/library_path.sh
-- Up-to-date symlink: /home/zxs/ocs2_ros2_legubiao/ws/install/ocs2_pinocchio_interface/share/ocs2_pinocchio_interface/environment/library_path.dsv
-- Up-to-date symlink: /home/zxs/ocs2_ros2_legubiao/ws/install/ocs2_pinocchio_interface/share/ament_index/resource_index/package_run_dependencies/ocs2_pinocchio_interface
-- Up-to-date symlink: /home/zxs/ocs2_ros2_legubiao/ws/install/ocs2_pinocchio_interface/share/ament_index/resource_index/parent_prefix_path/ocs2_pinocchio_interface
-- Up-to-date symlink: /home/zxs/ocs2_ros2_legubiao/ws/install/ocs2_pinocchio_interface/share/ocs2_pinocchio_interface/environment/ament_prefix_path.sh
-- Up-to-date symlink: /home/zxs/ocs2_ros2_legubiao/ws/install/ocs2_pinocchio_interface/share/ocs2_pinocchio_interface/environment/ament_prefix_path.dsv
-- Up-to-date symlink: /home/zxs/ocs2_ros2_legubiao/ws/install/ocs2_pinocchio_interface/share/ocs2_pinocchio_interface/environment/path.sh
-- Up-to-date symlink: /home/zxs/ocs2_ros2_legubiao/ws/install/ocs2_pinocchio_interface/share/ocs2_pinocchio_interface/environment/path.dsv
-- Up-to-date symlink: /home/zxs/ocs2_ros2_legubiao/ws/install/ocs2_pinocchio_interface/share/ocs2_pinocchio_interface/local_setup.bash
-- Up-to-date symlink: /home/zxs/ocs2_ros2_legubiao/ws/install/ocs2_pinocchio_interface/share/ocs2_pinocchio_interface/local_setup.sh
-- Up-to-date symlink: /home/zxs/ocs2_ros2_legubiao/ws/install/ocs2_pinocchio_interface/share/ocs2_pinocchio_interface/local_setup.zsh
-- Up-to-date symlink: /home/zxs/ocs2_ros2_legubiao/ws/install/ocs2_pinocchio_interface/share/ocs2_pinocchio_interface/local_setup.dsv
-- Symlinking: /home/zxs/ocs2_ros2_legubiao/ws/install/ocs2_pinocchio_interface/share/ocs2_pinocchio_interface/package.dsv
-- Up-to-date symlink: /home/zxs/ocs2_ros2_legubiao/ws/install/ocs2_pinocchio_interface/share/ament_index/resource_index/packages/ocs2_pinocchio_interface
-- Up-to-date symlink: /home/zxs/ocs2_ros2_legubiao/ws/install/ocs2_pinocchio_interface/share/ocs2_pinocchio_interface/cmake/pinocchio_config.cmake
-- Up-to-date symlink: /home/zxs/ocs2_ros2_legubiao/ws/install/ocs2_pinocchio_interface/share/ocs2_pinocchio_interface/cmake/ament_cmake_export_dependencies-extras.cmake
-- Up-to-date symlink: /home/zxs/ocs2_ros2_legubiao/ws/install/ocs2_pinocchio_interface/share/ocs2_pinocchio_interface/cmake/ament_cmake_export_targets-extras.cmake
-- Up-to-date symlink: /home/zxs/ocs2_ros2_legubiao/ws/install/ocs2_pinocchio_interface/share/ocs2_pinocchio_interface/cmake/ocs2_pinocchio_interfaceConfig.cmake
-- Up-to-date symlink: /home/zxs/ocs2_ros2_legubiao/ws/install/ocs2_pinocchio_interface/share/ocs2_pinocchio_interface/cmake/ocs2_pinocchio_interfaceConfig-version.cmake
-- Up-to-date symlink: /home/zxs/ocs2_ros2_legubiao/ws/install/ocs2_pinocchio_interface/share/ocs2_pinocchio_interface/package.xml
-- Up-to-date: /home/zxs/ocs2_ros2_legubiao/ws/install/ocs2_pinocchio_interface/lib/libocs2_pinocchio_interface.so
-- Up-to-date: /home/zxs/ocs2_ros2_legubiao/ws/install/ocs2_pinocchio_interface/share/ocs2_pinocchio_interface/cmake/export_ocs2_pinocchio_interfaceExport.cmake
-- Up-to-date: /home/zxs/ocs2_ros2_legubiao/ws/install/ocs2_pinocchio_interface/share/ocs2_pinocchio_interface/cmake/export_ocs2_pinocchio_interfaceExport-release.cmake
