[35m[1mConsolidate compiler generated dependencies of target gtest_main[0m
[35m[1mConsolidate compiler generated dependencies of target gtest[0m
[35m[1mConsolidate compiler generated dependencies of target hpipm_colcon[0m
[35m[1mConsolidate compiler generated dependencies of target hpipm[0m
[  1%] Built target gtest
[  3%] Built target gtest_main
[  6%] Built target hpipm_colcon
[ 98%] Built target hpipm
[35m[1mConsolidate compiler generated dependencies of target test_hpipm_colcon[0m
[100%] Built target test_hpipm_colcon
-- Install configuration: "Release"
-- Execute custom install script
-- Symlinking: /home/zxs/ocs2_ros2_legubiao/ws/install/hpipm_colcon/include/hpipm_aux_mem.h
-- Symlinking: /home/zxs/ocs2_ros2_legubiao/ws/install/hpipm_colcon/include/hpipm_aux_string.h
-- Symlinking: /home/zxs/ocs2_ros2_legubiao/ws/install/hpipm_colcon/include/hpipm_common.h
-- Symlinking: /home/zxs/ocs2_ros2_legubiao/ws/install/hpipm_colcon/include/hpipm_d_cast_qcqp.h
-- Symlinking: /home/zxs/ocs2_ros2_legubiao/ws/install/hpipm_colcon/include/hpipm_d_cond.h
-- Symlinking: /home/zxs/ocs2_ros2_legubiao/ws/install/hpipm_colcon/include/hpipm_d_cond_aux.h
-- Symlinking: /home/zxs/ocs2_ros2_legubiao/ws/install/hpipm_colcon/include/hpipm_d_cond_qcqp.h
-- Symlinking: /home/zxs/ocs2_ros2_legubiao/ws/install/hpipm_colcon/include/hpipm_d_core_qp_ipm.h
-- Symlinking: /home/zxs/ocs2_ros2_legubiao/ws/install/hpipm_colcon/include/hpipm_d_core_qp_ipm_aux.h
-- Symlinking: /home/zxs/ocs2_ros2_legubiao/ws/install/hpipm_colcon/include/hpipm_d_dense_qcqp.h
-- Symlinking: /home/zxs/ocs2_ros2_legubiao/ws/install/hpipm_colcon/include/hpipm_d_dense_qcqp_dim.h
-- Symlinking: /home/zxs/ocs2_ros2_legubiao/ws/install/hpipm_colcon/include/hpipm_d_dense_qcqp_ipm.h
-- Symlinking: /home/zxs/ocs2_ros2_legubiao/ws/install/hpipm_colcon/include/hpipm_d_dense_qcqp_res.h
-- Symlinking: /home/zxs/ocs2_ros2_legubiao/ws/install/hpipm_colcon/include/hpipm_d_dense_qcqp_sol.h
-- Symlinking: /home/zxs/ocs2_ros2_legubiao/ws/install/hpipm_colcon/include/hpipm_d_dense_qcqp_utils.h
-- Symlinking: /home/zxs/ocs2_ros2_legubiao/ws/install/hpipm_colcon/include/hpipm_d_dense_qp.h
-- Symlinking: /home/zxs/ocs2_ros2_legubiao/ws/install/hpipm_colcon/include/hpipm_d_dense_qp_dim.h
-- Symlinking: /home/zxs/ocs2_ros2_legubiao/ws/install/hpipm_colcon/include/hpipm_d_dense_qp_ipm.h
-- Symlinking: /home/zxs/ocs2_ros2_legubiao/ws/install/hpipm_colcon/include/hpipm_d_dense_qp_kkt.h
-- Symlinking: /home/zxs/ocs2_ros2_legubiao/ws/install/hpipm_colcon/include/hpipm_d_dense_qp_res.h
-- Symlinking: /home/zxs/ocs2_ros2_legubiao/ws/install/hpipm_colcon/include/hpipm_d_dense_qp_sol.h
-- Symlinking: /home/zxs/ocs2_ros2_legubiao/ws/install/hpipm_colcon/include/hpipm_d_dense_qp_utils.h
-- Symlinking: /home/zxs/ocs2_ros2_legubiao/ws/install/hpipm_colcon/include/hpipm_d_ocp_qcqp.h
-- Symlinking: /home/zxs/ocs2_ros2_legubiao/ws/install/hpipm_colcon/include/hpipm_d_ocp_qcqp_dim.h
-- Symlinking: /home/zxs/ocs2_ros2_legubiao/ws/install/hpipm_colcon/include/hpipm_d_ocp_qcqp_ipm.h
-- Symlinking: /home/zxs/ocs2_ros2_legubiao/ws/install/hpipm_colcon/include/hpipm_d_ocp_qcqp_res.h
-- Symlinking: /home/zxs/ocs2_ros2_legubiao/ws/install/hpipm_colcon/include/hpipm_d_ocp_qcqp_sol.h
-- Symlinking: /home/zxs/ocs2_ros2_legubiao/ws/install/hpipm_colcon/include/hpipm_d_ocp_qcqp_utils.h
-- Symlinking: /home/zxs/ocs2_ros2_legubiao/ws/install/hpipm_colcon/include/hpipm_d_ocp_qp.h
-- Symlinking: /home/zxs/ocs2_ros2_legubiao/ws/install/hpipm_colcon/include/hpipm_d_ocp_qp_dim.h
-- Symlinking: /home/zxs/ocs2_ros2_legubiao/ws/install/hpipm_colcon/include/hpipm_d_ocp_qp_ipm.h
-- Symlinking: /home/zxs/ocs2_ros2_legubiao/ws/install/hpipm_colcon/include/hpipm_d_ocp_qp_kkt.h
-- Symlinking: /home/zxs/ocs2_ros2_legubiao/ws/install/hpipm_colcon/include/hpipm_d_ocp_qp_red.h
-- Symlinking: /home/zxs/ocs2_ros2_legubiao/ws/install/hpipm_colcon/include/hpipm_d_ocp_qp_res.h
-- Symlinking: /home/zxs/ocs2_ros2_legubiao/ws/install/hpipm_colcon/include/hpipm_d_ocp_qp_sol.h
-- Symlinking: /home/zxs/ocs2_ros2_legubiao/ws/install/hpipm_colcon/include/hpipm_d_ocp_qp_utils.h
-- Symlinking: /home/zxs/ocs2_ros2_legubiao/ws/install/hpipm_colcon/include/hpipm_d_part_cond.h
-- Symlinking: /home/zxs/ocs2_ros2_legubiao/ws/install/hpipm_colcon/include/hpipm_d_part_cond_qcqp.h
-- Symlinking: /home/zxs/ocs2_ros2_legubiao/ws/install/hpipm_colcon/include/hpipm_d_sim_erk.h
-- Symlinking: /home/zxs/ocs2_ros2_legubiao/ws/install/hpipm_colcon/include/hpipm_d_sim_rk.h
-- Symlinking: /home/zxs/ocs2_ros2_legubiao/ws/install/hpipm_colcon/include/hpipm_d_tree_ocp_qcqp.h
-- Symlinking: /home/zxs/ocs2_ros2_legubiao/ws/install/hpipm_colcon/include/hpipm_d_tree_ocp_qcqp_dim.h
-- Symlinking: /home/zxs/ocs2_ros2_legubiao/ws/install/hpipm_colcon/include/hpipm_d_tree_ocp_qcqp_ipm.h
-- Symlinking: /home/zxs/ocs2_ros2_legubiao/ws/install/hpipm_colcon/include/hpipm_d_tree_ocp_qcqp_res.h
-- Symlinking: /home/zxs/ocs2_ros2_legubiao/ws/install/hpipm_colcon/include/hpipm_d_tree_ocp_qcqp_sol.h
-- Symlinking: /home/zxs/ocs2_ros2_legubiao/ws/install/hpipm_colcon/include/hpipm_d_tree_ocp_qcqp_utils.h
-- Symlinking: /home/zxs/ocs2_ros2_legubiao/ws/install/hpipm_colcon/include/hpipm_d_tree_ocp_qp.h
-- Symlinking: /home/zxs/ocs2_ros2_legubiao/ws/install/hpipm_colcon/include/hpipm_d_tree_ocp_qp_dim.h
-- Symlinking: /home/zxs/ocs2_ros2_legubiao/ws/install/hpipm_colcon/include/hpipm_d_tree_ocp_qp_ipm.h
-- Symlinking: /home/zxs/ocs2_ros2_legubiao/ws/install/hpipm_colcon/include/hpipm_d_tree_ocp_qp_kkt.h
-- Symlinking: /home/zxs/ocs2_ros2_legubiao/ws/install/hpipm_colcon/include/hpipm_d_tree_ocp_qp_res.h
-- Symlinking: /home/zxs/ocs2_ros2_legubiao/ws/install/hpipm_colcon/include/hpipm_d_tree_ocp_qp_sol.h
-- Symlinking: /home/zxs/ocs2_ros2_legubiao/ws/install/hpipm_colcon/include/hpipm_d_tree_ocp_qp_utils.h
-- Symlinking: /home/zxs/ocs2_ros2_legubiao/ws/install/hpipm_colcon/include/hpipm_m_dense_qp.h
-- Symlinking: /home/zxs/ocs2_ros2_legubiao/ws/install/hpipm_colcon/include/hpipm_m_dense_qp_dim.h
-- Symlinking: /home/zxs/ocs2_ros2_legubiao/ws/install/hpipm_colcon/include/hpipm_m_ocp_qp.h
-- Symlinking: /home/zxs/ocs2_ros2_legubiao/ws/install/hpipm_colcon/include/hpipm_m_ocp_qp_ipm_hard.h
-- Symlinking: /home/zxs/ocs2_ros2_legubiao/ws/install/hpipm_colcon/include/hpipm_m_ocp_qp_kkt.h
-- Symlinking: /home/zxs/ocs2_ros2_legubiao/ws/install/hpipm_colcon/include/hpipm_s_cast_qcqp.h
-- Symlinking: /home/zxs/ocs2_ros2_legubiao/ws/install/hpipm_colcon/include/hpipm_s_cond.h
-- Symlinking: /home/zxs/ocs2_ros2_legubiao/ws/install/hpipm_colcon/include/hpipm_s_cond_aux.h
-- Symlinking: /home/zxs/ocs2_ros2_legubiao/ws/install/hpipm_colcon/include/hpipm_s_cond_qcqp.h
-- Symlinking: /home/zxs/ocs2_ros2_legubiao/ws/install/hpipm_colcon/include/hpipm_s_core_qp_ipm.h
-- Symlinking: /home/zxs/ocs2_ros2_legubiao/ws/install/hpipm_colcon/include/hpipm_s_core_qp_ipm_aux.h
-- Symlinking: /home/zxs/ocs2_ros2_legubiao/ws/install/hpipm_colcon/include/hpipm_s_dense_qcqp.h
-- Symlinking: /home/zxs/ocs2_ros2_legubiao/ws/install/hpipm_colcon/include/hpipm_s_dense_qcqp_dim.h
-- Symlinking: /home/zxs/ocs2_ros2_legubiao/ws/install/hpipm_colcon/include/hpipm_s_dense_qcqp_ipm.h
-- Symlinking: /home/zxs/ocs2_ros2_legubiao/ws/install/hpipm_colcon/include/hpipm_s_dense_qcqp_res.h
-- Symlinking: /home/zxs/ocs2_ros2_legubiao/ws/install/hpipm_colcon/include/hpipm_s_dense_qcqp_sol.h
-- Symlinking: /home/zxs/ocs2_ros2_legubiao/ws/install/hpipm_colcon/include/hpipm_s_dense_qcqp_utils.h
-- Symlinking: /home/zxs/ocs2_ros2_legubiao/ws/install/hpipm_colcon/include/hpipm_s_dense_qp.h
-- Symlinking: /home/zxs/ocs2_ros2_legubiao/ws/install/hpipm_colcon/include/hpipm_s_dense_qp_dim.h
-- Symlinking: /home/zxs/ocs2_ros2_legubiao/ws/install/hpipm_colcon/include/hpipm_s_dense_qp_ipm.h
-- Symlinking: /home/zxs/ocs2_ros2_legubiao/ws/install/hpipm_colcon/include/hpipm_s_dense_qp_kkt.h
-- Symlinking: /home/zxs/ocs2_ros2_legubiao/ws/install/hpipm_colcon/include/hpipm_s_dense_qp_res.h
-- Symlinking: /home/zxs/ocs2_ros2_legubiao/ws/install/hpipm_colcon/include/hpipm_s_dense_qp_sol.h
-- Symlinking: /home/zxs/ocs2_ros2_legubiao/ws/install/hpipm_colcon/include/hpipm_s_dense_qp_utils.h
-- Symlinking: /home/zxs/ocs2_ros2_legubiao/ws/install/hpipm_colcon/include/hpipm_s_ocp_qcqp.h
-- Symlinking: /home/zxs/ocs2_ros2_legubiao/ws/install/hpipm_colcon/include/hpipm_s_ocp_qcqp_dim.h
-- Symlinking: /home/zxs/ocs2_ros2_legubiao/ws/install/hpipm_colcon/include/hpipm_s_ocp_qcqp_ipm.h
-- Symlinking: /home/zxs/ocs2_ros2_legubiao/ws/install/hpipm_colcon/include/hpipm_s_ocp_qcqp_res.h
-- Symlinking: /home/zxs/ocs2_ros2_legubiao/ws/install/hpipm_colcon/include/hpipm_s_ocp_qcqp_sol.h
-- Symlinking: /home/zxs/ocs2_ros2_legubiao/ws/install/hpipm_colcon/include/hpipm_s_ocp_qcqp_utils.h
-- Symlinking: /home/zxs/ocs2_ros2_legubiao/ws/install/hpipm_colcon/include/hpipm_s_ocp_qp.h
-- Symlinking: /home/zxs/ocs2_ros2_legubiao/ws/install/hpipm_colcon/include/hpipm_s_ocp_qp_dim.h
-- Symlinking: /home/zxs/ocs2_ros2_legubiao/ws/install/hpipm_colcon/include/hpipm_s_ocp_qp_ipm.h
-- Symlinking: /home/zxs/ocs2_ros2_legubiao/ws/install/hpipm_colcon/include/hpipm_s_ocp_qp_kkt.h
-- Symlinking: /home/zxs/ocs2_ros2_legubiao/ws/install/hpipm_colcon/include/hpipm_s_ocp_qp_red.h
-- Symlinking: /home/zxs/ocs2_ros2_legubiao/ws/install/hpipm_colcon/include/hpipm_s_ocp_qp_res.h
-- Symlinking: /home/zxs/ocs2_ros2_legubiao/ws/install/hpipm_colcon/include/hpipm_s_ocp_qp_sol.h
-- Symlinking: /home/zxs/ocs2_ros2_legubiao/ws/install/hpipm_colcon/include/hpipm_s_ocp_qp_utils.h
-- Symlinking: /home/zxs/ocs2_ros2_legubiao/ws/install/hpipm_colcon/include/hpipm_s_part_cond.h
-- Symlinking: /home/zxs/ocs2_ros2_legubiao/ws/install/hpipm_colcon/include/hpipm_s_part_cond_qcqp.h
-- Symlinking: /home/zxs/ocs2_ros2_legubiao/ws/install/hpipm_colcon/include/hpipm_s_sim_erk.h
-- Symlinking: /home/zxs/ocs2_ros2_legubiao/ws/install/hpipm_colcon/include/hpipm_s_sim_rk.h
-- Symlinking: /home/zxs/ocs2_ros2_legubiao/ws/install/hpipm_colcon/include/hpipm_s_tree_ocp_qcqp.h
-- Symlinking: /home/zxs/ocs2_ros2_legubiao/ws/install/hpipm_colcon/include/hpipm_s_tree_ocp_qcqp_dim.h
-- Symlinking: /home/zxs/ocs2_ros2_legubiao/ws/install/hpipm_colcon/include/hpipm_s_tree_ocp_qcqp_ipm.h
-- Symlinking: /home/zxs/ocs2_ros2_legubiao/ws/install/hpipm_colcon/include/hpipm_s_tree_ocp_qcqp_res.h
-- Symlinking: /home/zxs/ocs2_ros2_legubiao/ws/install/hpipm_colcon/include/hpipm_s_tree_ocp_qcqp_sol.h
-- Symlinking: /home/zxs/ocs2_ros2_legubiao/ws/install/hpipm_colcon/include/hpipm_s_tree_ocp_qcqp_utils.h
-- Symlinking: /home/zxs/ocs2_ros2_legubiao/ws/install/hpipm_colcon/include/hpipm_s_tree_ocp_qp.h
-- Symlinking: /home/zxs/ocs2_ros2_legubiao/ws/install/hpipm_colcon/include/hpipm_s_tree_ocp_qp_dim.h
-- Symlinking: /home/zxs/ocs2_ros2_legubiao/ws/install/hpipm_colcon/include/hpipm_s_tree_ocp_qp_ipm.h
-- Symlinking: /home/zxs/ocs2_ros2_legubiao/ws/install/hpipm_colcon/include/hpipm_s_tree_ocp_qp_kkt.h
-- Symlinking: /home/zxs/ocs2_ros2_legubiao/ws/install/hpipm_colcon/include/hpipm_s_tree_ocp_qp_res.h
-- Symlinking: /home/zxs/ocs2_ros2_legubiao/ws/install/hpipm_colcon/include/hpipm_s_tree_ocp_qp_sol.h
-- Symlinking: /home/zxs/ocs2_ros2_legubiao/ws/install/hpipm_colcon/include/hpipm_s_tree_ocp_qp_utils.h
-- Symlinking: /home/zxs/ocs2_ros2_legubiao/ws/install/hpipm_colcon/include/hpipm_scenario_tree.h
-- Symlinking: /home/zxs/ocs2_ros2_legubiao/ws/install/hpipm_colcon/include/hpipm_timing.h
-- Symlinking: /home/zxs/ocs2_ros2_legubiao/ws/install/hpipm_colcon/include/hpipm_tree.h
-- Symlinking: /home/zxs/ocs2_ros2_legubiao/ws/install/hpipm_colcon/include/hpipm_colcon/hpipm_colcon/HpipmInterface.h
-- Symlinking: /home/zxs/ocs2_ros2_legubiao/ws/install/hpipm_colcon/include/hpipm_colcon/hpipm_colcon/HpipmInterfaceSettings.h
-- Symlinking: /home/zxs/ocs2_ros2_legubiao/ws/install/hpipm_colcon/share/hpipm_colcon/environment/library_path.sh
-- Symlinking: /home/zxs/ocs2_ros2_legubiao/ws/install/hpipm_colcon/share/hpipm_colcon/environment/library_path.dsv
-- Symlinking: /home/zxs/ocs2_ros2_legubiao/ws/install/hpipm_colcon/share/ament_index/resource_index/package_run_dependencies/hpipm_colcon
-- Symlinking: /home/zxs/ocs2_ros2_legubiao/ws/install/hpipm_colcon/share/ament_index/resource_index/parent_prefix_path/hpipm_colcon
-- Symlinking: /home/zxs/ocs2_ros2_legubiao/ws/install/hpipm_colcon/share/hpipm_colcon/environment/ament_prefix_path.sh
-- Symlinking: /home/zxs/ocs2_ros2_legubiao/ws/install/hpipm_colcon/share/hpipm_colcon/environment/ament_prefix_path.dsv
-- Symlinking: /home/zxs/ocs2_ros2_legubiao/ws/install/hpipm_colcon/share/hpipm_colcon/environment/path.sh
-- Symlinking: /home/zxs/ocs2_ros2_legubiao/ws/install/hpipm_colcon/share/hpipm_colcon/environment/path.dsv
-- Symlinking: /home/zxs/ocs2_ros2_legubiao/ws/install/hpipm_colcon/share/hpipm_colcon/local_setup.bash
-- Symlinking: /home/zxs/ocs2_ros2_legubiao/ws/install/hpipm_colcon/share/hpipm_colcon/local_setup.sh
-- Symlinking: /home/zxs/ocs2_ros2_legubiao/ws/install/hpipm_colcon/share/hpipm_colcon/local_setup.zsh
-- Symlinking: /home/zxs/ocs2_ros2_legubiao/ws/install/hpipm_colcon/share/hpipm_colcon/local_setup.dsv
-- Symlinking: /home/zxs/ocs2_ros2_legubiao/ws/install/hpipm_colcon/share/hpipm_colcon/package.dsv
-- Symlinking: /home/zxs/ocs2_ros2_legubiao/ws/install/hpipm_colcon/share/ament_index/resource_index/packages/hpipm_colcon
-- Symlinking: /home/zxs/ocs2_ros2_legubiao/ws/install/hpipm_colcon/share/hpipm_colcon/cmake/ament_cmake_export_dependencies-extras.cmake
-- Symlinking: /home/zxs/ocs2_ros2_legubiao/ws/install/hpipm_colcon/share/hpipm_colcon/cmake/ament_cmake_export_targets-extras.cmake
-- Symlinking: /home/zxs/ocs2_ros2_legubiao/ws/install/hpipm_colcon/share/hpipm_colcon/cmake/hpipm_colconConfig.cmake
-- Symlinking: /home/zxs/ocs2_ros2_legubiao/ws/install/hpipm_colcon/share/hpipm_colcon/cmake/hpipm_colconConfig-version.cmake
-- Symlinking: /home/zxs/ocs2_ros2_legubiao/ws/install/hpipm_colcon/share/hpipm_colcon/package.xml
-- Installing: /home/zxs/ocs2_ros2_legubiao/ws/install/hpipm_colcon/lib/libhpipm.so
-- Set runtime path of "/home/zxs/ocs2_ros2_legubiao/ws/install/hpipm_colcon/lib/libhpipm.so" to ""
-- Installing: /home/zxs/ocs2_ros2_legubiao/ws/install/hpipm_colcon/cmake/hpipmConfig.cmake
-- Installing: /home/zxs/ocs2_ros2_legubiao/ws/install/hpipm_colcon/cmake/hpipmConfig-release.cmake
-- Installing: /home/zxs/ocs2_ros2_legubiao/ws/install/hpipm_colcon/lib/libhpipm_colcon.so
-- Installing: /home/zxs/ocs2_ros2_legubiao/ws/install/hpipm_colcon/share/hpipm_colcon/cmake/export_hpipm_colconExport.cmake
-- Installing: /home/zxs/ocs2_ros2_legubiao/ws/install/hpipm_colcon/share/hpipm_colcon/cmake/export_hpipm_colconExport-release.cmake
