[0.007s] Invoking command in '/home/zxs/ocs2_ros2_legubiao/ws/build/ocs2_mpc': CMAKE_PREFIX_PATH=/home/zxs/ocs2_ros2_legubiao/ws/install/ocs2_oc:/home/zxs/ocs2_ros2_legubiao/ws/install/ocs2_core:/home/zxs/ocs2_ros2_legubiao/ws/install/ocs2_thirdparty:/home/zxs/ocs2_ros2_legubiao/ws/install/ocs2_legged_robot_ros:/home/zxs/ocs2_ros2_legubiao/ws/install/ocs2_legged_robot:/home/zxs/ocs2_ros2_legubiao/ws/install/ocs2_sqp:/home/zxs/ocs2_ros2_legubiao/ws/install/ocs2_ros_interfaces:/home/zxs/ocs2_ros2_legubiao/ws/install/ocs2_centroidal_model:/home/zxs/ocs2_ros2_legubiao/ws/install/ocs2_pinocchio_interface:/home/zxs/ocs2_ros2_legubiao/ws/install/ocs2_robotic_tools:/home/zxs/ocs2_ros2_legubiao/ws/install/ocs2_ipm:/home/zxs/ocs2_ros2_legubiao/ws/install/ocs2_ddp:/home/zxs/ocs2_ros2_legubiao/ws/install/hpipm_colcon:/home/zxs/ocs2_ros2_legubiao/ws/install/ocs2_qp_solver:/home/zxs/ocs2_ros2_legubiao/ws/install/ocs2_mpc:/home/zxs/ocs2_ros2_legubiao/ws/install/ocs2_robotic_assets:/home/zxs/ocs2_ros2_legubiao/ws/install/ocs2_msgs:/home/zxs/ocs2_ros2_legubiao/ws/install/blasfeo_colcon:/opt/ros/humble /usr/bin/cmake --build /home/zxs/ocs2_ros2_legubiao/ws/build/ocs2_mpc -- -j28 -l28
[0.043s] [100%] Built target ocs2_mpc
[0.049s] Invoked command in '/home/zxs/ocs2_ros2_legubiao/ws/build/ocs2_mpc' returned '0': CMAKE_PREFIX_PATH=/home/zxs/ocs2_ros2_legubiao/ws/install/ocs2_oc:/home/zxs/ocs2_ros2_legubiao/ws/install/ocs2_core:/home/zxs/ocs2_ros2_legubiao/ws/install/ocs2_thirdparty:/home/zxs/ocs2_ros2_legubiao/ws/install/ocs2_legged_robot_ros:/home/zxs/ocs2_ros2_legubiao/ws/install/ocs2_legged_robot:/home/zxs/ocs2_ros2_legubiao/ws/install/ocs2_sqp:/home/zxs/ocs2_ros2_legubiao/ws/install/ocs2_ros_interfaces:/home/zxs/ocs2_ros2_legubiao/ws/install/ocs2_centroidal_model:/home/zxs/ocs2_ros2_legubiao/ws/install/ocs2_pinocchio_interface:/home/zxs/ocs2_ros2_legubiao/ws/install/ocs2_robotic_tools:/home/zxs/ocs2_ros2_legubiao/ws/install/ocs2_ipm:/home/zxs/ocs2_ros2_legubiao/ws/install/ocs2_ddp:/home/zxs/ocs2_ros2_legubiao/ws/install/hpipm_colcon:/home/zxs/ocs2_ros2_legubiao/ws/install/ocs2_qp_solver:/home/zxs/ocs2_ros2_legubiao/ws/install/ocs2_mpc:/home/zxs/ocs2_ros2_legubiao/ws/install/ocs2_robotic_assets:/home/zxs/ocs2_ros2_legubiao/ws/install/ocs2_msgs:/home/zxs/ocs2_ros2_legubiao/ws/install/blasfeo_colcon:/opt/ros/humble /usr/bin/cmake --build /home/zxs/ocs2_ros2_legubiao/ws/build/ocs2_mpc -- -j28 -l28
[0.050s] Invoking command in '/home/zxs/ocs2_ros2_legubiao/ws/build/ocs2_mpc': CMAKE_PREFIX_PATH=/home/zxs/ocs2_ros2_legubiao/ws/install/ocs2_oc:/home/zxs/ocs2_ros2_legubiao/ws/install/ocs2_core:/home/zxs/ocs2_ros2_legubiao/ws/install/ocs2_thirdparty:/home/zxs/ocs2_ros2_legubiao/ws/install/ocs2_legged_robot_ros:/home/zxs/ocs2_ros2_legubiao/ws/install/ocs2_legged_robot:/home/zxs/ocs2_ros2_legubiao/ws/install/ocs2_sqp:/home/zxs/ocs2_ros2_legubiao/ws/install/ocs2_ros_interfaces:/home/zxs/ocs2_ros2_legubiao/ws/install/ocs2_centroidal_model:/home/zxs/ocs2_ros2_legubiao/ws/install/ocs2_pinocchio_interface:/home/zxs/ocs2_ros2_legubiao/ws/install/ocs2_robotic_tools:/home/zxs/ocs2_ros2_legubiao/ws/install/ocs2_ipm:/home/zxs/ocs2_ros2_legubiao/ws/install/ocs2_ddp:/home/zxs/ocs2_ros2_legubiao/ws/install/hpipm_colcon:/home/zxs/ocs2_ros2_legubiao/ws/install/ocs2_qp_solver:/home/zxs/ocs2_ros2_legubiao/ws/install/ocs2_mpc:/home/zxs/ocs2_ros2_legubiao/ws/install/ocs2_robotic_assets:/home/zxs/ocs2_ros2_legubiao/ws/install/ocs2_msgs:/home/zxs/ocs2_ros2_legubiao/ws/install/blasfeo_colcon:/opt/ros/humble /usr/bin/cmake --install /home/zxs/ocs2_ros2_legubiao/ws/build/ocs2_mpc
[0.054s] -- Install configuration: "Release"
[0.054s] -- Execute custom install script
[0.054s] -- Up-to-date symlink: /home/zxs/ocs2_ros2_legubiao/ws/install/ocs2_mpc/include/ocs2_mpc/ocs2_mpc/CommandData.h
[0.054s] -- Up-to-date symlink: /home/zxs/ocs2_ros2_legubiao/ws/install/ocs2_mpc/include/ocs2_mpc/ocs2_mpc/LoopshapingSystemObservation.h
[0.054s] -- Up-to-date symlink: /home/zxs/ocs2_ros2_legubiao/ws/install/ocs2_mpc/include/ocs2_mpc/ocs2_mpc/MPC_BASE.h
[0.054s] -- Up-to-date symlink: /home/zxs/ocs2_ros2_legubiao/ws/install/ocs2_mpc/include/ocs2_mpc/ocs2_mpc/MPC_MRT_Interface.h
[0.054s] -- Up-to-date symlink: /home/zxs/ocs2_ros2_legubiao/ws/install/ocs2_mpc/include/ocs2_mpc/ocs2_mpc/MPC_Settings.h
[0.054s] -- Up-to-date symlink: /home/zxs/ocs2_ros2_legubiao/ws/install/ocs2_mpc/include/ocs2_mpc/ocs2_mpc/MRT_BASE.h
[0.054s] -- Up-to-date symlink: /home/zxs/ocs2_ros2_legubiao/ws/install/ocs2_mpc/include/ocs2_mpc/ocs2_mpc/MrtObserver.h
[0.054s] -- Up-to-date symlink: /home/zxs/ocs2_ros2_legubiao/ws/install/ocs2_mpc/include/ocs2_mpc/ocs2_mpc/SystemObservation.h
[0.055s] -- Up-to-date symlink: /home/zxs/ocs2_ros2_legubiao/ws/install/ocs2_mpc/share/ocs2_mpc/environment/library_path.sh
[0.055s] -- Up-to-date symlink: /home/zxs/ocs2_ros2_legubiao/ws/install/ocs2_mpc/share/ocs2_mpc/environment/library_path.dsv
[0.055s] -- Up-to-date symlink: /home/zxs/ocs2_ros2_legubiao/ws/install/ocs2_mpc/share/ament_index/resource_index/package_run_dependencies/ocs2_mpc
[0.055s] -- Up-to-date symlink: /home/zxs/ocs2_ros2_legubiao/ws/install/ocs2_mpc/share/ament_index/resource_index/parent_prefix_path/ocs2_mpc
[0.055s] -- Up-to-date symlink: /home/zxs/ocs2_ros2_legubiao/ws/install/ocs2_mpc/share/ocs2_mpc/environment/ament_prefix_path.sh
[0.055s] -- Up-to-date symlink: /home/zxs/ocs2_ros2_legubiao/ws/install/ocs2_mpc/share/ocs2_mpc/environment/ament_prefix_path.dsv
[0.055s] -- Up-to-date symlink: /home/zxs/ocs2_ros2_legubiao/ws/install/ocs2_mpc/share/ocs2_mpc/environment/path.sh
[0.055s] -- Up-to-date symlink: /home/zxs/ocs2_ros2_legubiao/ws/install/ocs2_mpc/share/ocs2_mpc/environment/path.dsv
[0.055s] -- Up-to-date symlink: /home/zxs/ocs2_ros2_legubiao/ws/install/ocs2_mpc/share/ocs2_mpc/local_setup.bash
[0.055s] -- Up-to-date symlink: /home/zxs/ocs2_ros2_legubiao/ws/install/ocs2_mpc/share/ocs2_mpc/local_setup.sh
[0.055s] -- Up-to-date symlink: /home/zxs/ocs2_ros2_legubiao/ws/install/ocs2_mpc/share/ocs2_mpc/local_setup.zsh
[0.055s] -- Up-to-date symlink: /home/zxs/ocs2_ros2_legubiao/ws/install/ocs2_mpc/share/ocs2_mpc/local_setup.dsv
[0.055s] -- Symlinking: /home/zxs/ocs2_ros2_legubiao/ws/install/ocs2_mpc/share/ocs2_mpc/package.dsv
[0.059s] -- Up-to-date symlink: /home/zxs/ocs2_ros2_legubiao/ws/install/ocs2_mpc/share/ament_index/resource_index/packages/ocs2_mpc
[0.059s] -- Up-to-date symlink: /home/zxs/ocs2_ros2_legubiao/ws/install/ocs2_mpc/share/ocs2_mpc/cmake/ament_cmake_export_targets-extras.cmake
[0.059s] -- Up-to-date symlink: /home/zxs/ocs2_ros2_legubiao/ws/install/ocs2_mpc/share/ocs2_mpc/cmake/ament_cmake_export_dependencies-extras.cmake
[0.059s] -- Up-to-date symlink: /home/zxs/ocs2_ros2_legubiao/ws/install/ocs2_mpc/share/ocs2_mpc/cmake/ocs2_mpcConfig.cmake
[0.060s] -- Up-to-date symlink: /home/zxs/ocs2_ros2_legubiao/ws/install/ocs2_mpc/share/ocs2_mpc/cmake/ocs2_mpcConfig-version.cmake
[0.060s] -- Up-to-date symlink: /home/zxs/ocs2_ros2_legubiao/ws/install/ocs2_mpc/share/ocs2_mpc/package.xml
[0.060s] -- Up-to-date: /home/zxs/ocs2_ros2_legubiao/ws/install/ocs2_mpc/lib/libocs2_mpc.a
[0.060s] -- Up-to-date: /home/zxs/ocs2_ros2_legubiao/ws/install/ocs2_mpc/share/ocs2_mpc/cmake/export_ocs2_mpcExport.cmake
[0.060s] -- Up-to-date: /home/zxs/ocs2_ros2_legubiao/ws/install/ocs2_mpc/share/ocs2_mpc/cmake/export_ocs2_mpcExport-release.cmake
[0.061s] Invoked command in '/home/zxs/ocs2_ros2_legubiao/ws/build/ocs2_mpc' returned '0': CMAKE_PREFIX_PATH=/home/zxs/ocs2_ros2_legubiao/ws/install/ocs2_oc:/home/zxs/ocs2_ros2_legubiao/ws/install/ocs2_core:/home/zxs/ocs2_ros2_legubiao/ws/install/ocs2_thirdparty:/home/zxs/ocs2_ros2_legubiao/ws/install/ocs2_legged_robot_ros:/home/zxs/ocs2_ros2_legubiao/ws/install/ocs2_legged_robot:/home/zxs/ocs2_ros2_legubiao/ws/install/ocs2_sqp:/home/zxs/ocs2_ros2_legubiao/ws/install/ocs2_ros_interfaces:/home/zxs/ocs2_ros2_legubiao/ws/install/ocs2_centroidal_model:/home/zxs/ocs2_ros2_legubiao/ws/install/ocs2_pinocchio_interface:/home/zxs/ocs2_ros2_legubiao/ws/install/ocs2_robotic_tools:/home/zxs/ocs2_ros2_legubiao/ws/install/ocs2_ipm:/home/zxs/ocs2_ros2_legubiao/ws/install/ocs2_ddp:/home/zxs/ocs2_ros2_legubiao/ws/install/hpipm_colcon:/home/zxs/ocs2_ros2_legubiao/ws/install/ocs2_qp_solver:/home/zxs/ocs2_ros2_legubiao/ws/install/ocs2_mpc:/home/zxs/ocs2_ros2_legubiao/ws/install/ocs2_robotic_assets:/home/zxs/ocs2_ros2_legubiao/ws/install/ocs2_msgs:/home/zxs/ocs2_ros2_legubiao/ws/install/blasfeo_colcon:/opt/ros/humble /usr/bin/cmake --install /home/zxs/ocs2_ros2_legubiao/ws/build/ocs2_mpc
