[0.008s] Invoking command in '/home/zxs/ocs2_ros2_legubiao/ws/build/ocs2_msgs': CMAKE_PREFIX_PATH=${CMAKE_PREFIX_PATH}:/opt/ros/humble /usr/bin/cmake /home/zxs/ocs2_ros2_legubiao/ws/src/ocs2_ros2/robotics/ocs2_msgs -DCMAKE_INSTALL_PREFIX=/home/zxs/ocs2_ros2_legubiao/ws/install/ocs2_msgs
[0.014s] -- Found rosidl_default_generators: 1.2.0 (/opt/ros/humble/share/rosidl_default_generators/cmake)
[0.014s] -- Found ament_cmake_core: 1.3.11 (/opt/ros/humble/share/ament_cmake_core/cmake)
[0.080s] -- Override CMake install command with custom implementation using symlinks instead of copying resources
[0.083s] -- Using all available rosidl_typesupport_c: rosidl_typesupport_fastrtps_c;rosidl_typesupport_introspection_c
[0.085s] -- Found rosidl_adapter: 3.1.6 (/opt/ros/humble/share/rosidl_adapter/cmake)
[0.108s] -- Using all available rosidl_typesupport_cpp: rosidl_typesupport_fastrtps_cpp;rosidl_typesupport_introspection_cpp
[0.270s] -- Found ament_cmake_ros: 0.10.0 (/opt/ros/humble/share/ament_cmake_ros/cmake)
[0.367s] -- Using all available rosidl_typesupport_c: rosidl_typesupport_fastrtps_c;rosidl_typesupport_introspection_c
[0.488s] -- Using all available rosidl_typesupport_cpp: rosidl_typesupport_fastrtps_cpp;rosidl_typesupport_introspection_cpp
[0.499s] -- Found python_cmake_module: 0.10.0 (/opt/ros/humble/share/python_cmake_module/cmake)
[0.510s] -- Using PYTHON_EXECUTABLE: /usr/bin/python3
[0.511s] -- Using PYTHON_INCLUDE_DIRS: /usr/include/python3.10
[0.511s] -- Using PYTHON_LIBRARIES: /usr/lib/x86_64-linux-gnu/libpython3.10.so
[0.523s] -- Configuring done
[0.554s] -- Generating done
[0.560s] -- Build files have been written to: /home/zxs/ocs2_ros2_legubiao/ws/build/ocs2_msgs
[0.563s] Invoked command in '/home/zxs/ocs2_ros2_legubiao/ws/build/ocs2_msgs' returned '0': CMAKE_PREFIX_PATH=${CMAKE_PREFIX_PATH}:/opt/ros/humble /usr/bin/cmake /home/zxs/ocs2_ros2_legubiao/ws/src/ocs2_ros2/robotics/ocs2_msgs -DCMAKE_INSTALL_PREFIX=/home/zxs/ocs2_ros2_legubiao/ws/install/ocs2_msgs
[0.564s] Invoking command in '/home/zxs/ocs2_ros2_legubiao/ws/build/ocs2_msgs': CMAKE_PREFIX_PATH=${CMAKE_PREFIX_PATH}:/opt/ros/humble /usr/bin/cmake --build /home/zxs/ocs2_ros2_legubiao/ws/build/ocs2_msgs -- -j28 -l28
[0.589s] [35m[1mConsolidate compiler generated dependencies of target ocs2_msgs__rosidl_generator_c[0m
[0.596s] [  0%] Built target ocs2_msgs__cpp
[0.597s] [ 12%] Built target ocs2_msgs__rosidl_generator_c
[0.598s] [ 12%] Built target ament_cmake_python_symlink_ocs2_msgs
[0.603s] [35m[1mConsolidate compiler generated dependencies of target ocs2_msgs__rosidl_typesupport_c[0m
[0.604s] [35m[1mConsolidate compiler generated dependencies of target ocs2_msgs__rosidl_typesupport_fastrtps_cpp[0m
[0.605s] [35m[1mConsolidate compiler generated dependencies of target ocs2_msgs__rosidl_typesupport_introspection_c[0m
[0.605s] [35m[1mConsolidate compiler generated dependencies of target ocs2_msgs__rosidl_typesupport_cpp[0m
[0.606s] [35m[1mConsolidate compiler generated dependencies of target ocs2_msgs__rosidl_typesupport_introspection_cpp[0m
[0.606s] [35m[1mConsolidate compiler generated dependencies of target ocs2_msgs__rosidl_typesupport_fastrtps_c[0m
[0.609s] [ 24%] Built target ocs2_msgs__rosidl_typesupport_c
[0.615s] [ 36%] Built target ocs2_msgs__rosidl_typesupport_introspection_c
[0.616s] [ 47%] Built target ocs2_msgs__rosidl_typesupport_fastrtps_cpp
[0.617s] [ 59%] Built target ocs2_msgs__rosidl_typesupport_cpp
[0.618s] [ 71%] Built target ocs2_msgs__rosidl_typesupport_introspection_cpp
[0.620s] [ 83%] Built target ocs2_msgs__rosidl_typesupport_fastrtps_c
[0.630s] [ 83%] Built target ocs2_msgs
[0.642s] [ 84%] Built target ocs2_msgs__py
[0.651s] [35m[1mConsolidate compiler generated dependencies of target ocs2_msgs__rosidl_generator_py[0m
[0.663s] [ 95%] Built target ocs2_msgs__rosidl_generator_py
[0.670s] [35m[1mConsolidate compiler generated dependencies of target ocs2_msgs__rosidl_typesupport_introspection_c__pyext[0m
[0.671s] [35m[1mConsolidate compiler generated dependencies of target ocs2_msgs__rosidl_typesupport_fastrtps_c__pyext[0m
[0.671s] [35m[1mConsolidate compiler generated dependencies of target ocs2_msgs__rosidl_typesupport_c__pyext[0m
[0.679s] [ 97%] Built target ocs2_msgs__rosidl_typesupport_introspection_c__pyext
[0.680s] [ 98%] Built target ocs2_msgs__rosidl_typesupport_c__pyext
[0.680s] [100%] Built target ocs2_msgs__rosidl_typesupport_fastrtps_c__pyext
[0.709s] running egg_info
[0.709s] writing ocs2_msgs.egg-info/PKG-INFO
[0.710s] writing dependency_links to ocs2_msgs.egg-info/dependency_links.txt
[0.710s] writing top-level names to ocs2_msgs.egg-info/top_level.txt
[0.711s] reading manifest file 'ocs2_msgs.egg-info/SOURCES.txt'
[0.711s] writing manifest file 'ocs2_msgs.egg-info/SOURCES.txt'
[0.724s] [100%] Built target ament_cmake_python_build_ocs2_msgs_egg
[0.732s] Invoked command in '/home/zxs/ocs2_ros2_legubiao/ws/build/ocs2_msgs' returned '0': CMAKE_PREFIX_PATH=${CMAKE_PREFIX_PATH}:/opt/ros/humble /usr/bin/cmake --build /home/zxs/ocs2_ros2_legubiao/ws/build/ocs2_msgs -- -j28 -l28
[0.733s] Invoking command in '/home/zxs/ocs2_ros2_legubiao/ws/build/ocs2_msgs': CMAKE_PREFIX_PATH=${CMAKE_PREFIX_PATH}:/opt/ros/humble /usr/bin/cmake --install /home/zxs/ocs2_ros2_legubiao/ws/build/ocs2_msgs
[0.737s] -- Install configuration: ""
[0.737s] -- Execute custom install script
[0.737s] -- Up-to-date symlink: /home/zxs/ocs2_ros2_legubiao/ws/install/ocs2_msgs/share/ament_index/resource_index/rosidl_interfaces/ocs2_msgs
[0.737s] -- Up-to-date symlink: /home/zxs/ocs2_ros2_legubiao/ws/install/ocs2_msgs/include/ocs2_msgs/ocs2_msgs/msg/constraint.h
[0.738s] -- Up-to-date symlink: /home/zxs/ocs2_ros2_legubiao/ws/install/ocs2_msgs/include/ocs2_msgs/ocs2_msgs/msg/controller_data.h
[0.738s] -- Up-to-date symlink: /home/zxs/ocs2_ros2_legubiao/ws/install/ocs2_msgs/include/ocs2_msgs/ocs2_msgs/msg/detail/constraint__functions.h
[0.738s] -- Up-to-date symlink: /home/zxs/ocs2_ros2_legubiao/ws/install/ocs2_msgs/include/ocs2_msgs/ocs2_msgs/msg/detail/constraint__struct.h
[0.738s] -- Up-to-date symlink: /home/zxs/ocs2_ros2_legubiao/ws/install/ocs2_msgs/include/ocs2_msgs/ocs2_msgs/msg/detail/constraint__type_support.h
[0.738s] -- Up-to-date symlink: /home/zxs/ocs2_ros2_legubiao/ws/install/ocs2_msgs/include/ocs2_msgs/ocs2_msgs/msg/detail/controller_data__functions.h
[0.738s] -- Up-to-date symlink: /home/zxs/ocs2_ros2_legubiao/ws/install/ocs2_msgs/include/ocs2_msgs/ocs2_msgs/msg/detail/controller_data__struct.h
[0.738s] -- Up-to-date symlink: /home/zxs/ocs2_ros2_legubiao/ws/install/ocs2_msgs/include/ocs2_msgs/ocs2_msgs/msg/detail/controller_data__type_support.h
[0.738s] -- Up-to-date symlink: /home/zxs/ocs2_ros2_legubiao/ws/install/ocs2_msgs/include/ocs2_msgs/ocs2_msgs/msg/detail/lagrangian_metrics__functions.h
[0.738s] -- Up-to-date symlink: /home/zxs/ocs2_ros2_legubiao/ws/install/ocs2_msgs/include/ocs2_msgs/ocs2_msgs/msg/detail/lagrangian_metrics__struct.h
[0.739s] -- Up-to-date symlink: /home/zxs/ocs2_ros2_legubiao/ws/install/ocs2_msgs/include/ocs2_msgs/ocs2_msgs/msg/detail/lagrangian_metrics__type_support.h
[0.739s] -- Up-to-date symlink: /home/zxs/ocs2_ros2_legubiao/ws/install/ocs2_msgs/include/ocs2_msgs/ocs2_msgs/msg/detail/mode_schedule__functions.h
[0.739s] -- Up-to-date symlink: /home/zxs/ocs2_ros2_legubiao/ws/install/ocs2_msgs/include/ocs2_msgs/ocs2_msgs/msg/detail/mode_schedule__struct.h
[0.739s] -- Up-to-date symlink: /home/zxs/ocs2_ros2_legubiao/ws/install/ocs2_msgs/include/ocs2_msgs/ocs2_msgs/msg/detail/mode_schedule__type_support.h
[0.739s] -- Up-to-date symlink: /home/zxs/ocs2_ros2_legubiao/ws/install/ocs2_msgs/include/ocs2_msgs/ocs2_msgs/msg/detail/mpc_flattened_controller__functions.h
[0.739s] -- Up-to-date symlink: /home/zxs/ocs2_ros2_legubiao/ws/install/ocs2_msgs/include/ocs2_msgs/ocs2_msgs/msg/detail/mpc_flattened_controller__struct.h
[0.739s] -- Up-to-date symlink: /home/zxs/ocs2_ros2_legubiao/ws/install/ocs2_msgs/include/ocs2_msgs/ocs2_msgs/msg/detail/mpc_flattened_controller__type_support.h
[0.739s] -- Up-to-date symlink: /home/zxs/ocs2_ros2_legubiao/ws/install/ocs2_msgs/include/ocs2_msgs/ocs2_msgs/msg/detail/mpc_input__functions.h
[0.739s] -- Up-to-date symlink: /home/zxs/ocs2_ros2_legubiao/ws/install/ocs2_msgs/include/ocs2_msgs/ocs2_msgs/msg/detail/mpc_input__struct.h
[0.739s] -- Up-to-date symlink: /home/zxs/ocs2_ros2_legubiao/ws/install/ocs2_msgs/include/ocs2_msgs/ocs2_msgs/msg/detail/mpc_input__type_support.h
[0.739s] -- Up-to-date symlink: /home/zxs/ocs2_ros2_legubiao/ws/install/ocs2_msgs/include/ocs2_msgs/ocs2_msgs/msg/detail/mpc_observation__functions.h
[0.739s] -- Up-to-date symlink: /home/zxs/ocs2_ros2_legubiao/ws/install/ocs2_msgs/include/ocs2_msgs/ocs2_msgs/msg/detail/mpc_observation__struct.h
[0.739s] -- Up-to-date symlink: /home/zxs/ocs2_ros2_legubiao/ws/install/ocs2_msgs/include/ocs2_msgs/ocs2_msgs/msg/detail/mpc_observation__type_support.h
[0.739s] -- Up-to-date symlink: /home/zxs/ocs2_ros2_legubiao/ws/install/ocs2_msgs/include/ocs2_msgs/ocs2_msgs/msg/detail/mpc_performance_indices__functions.h
[0.739s] -- Up-to-date symlink: /home/zxs/ocs2_ros2_legubiao/ws/install/ocs2_msgs/include/ocs2_msgs/ocs2_msgs/msg/detail/mpc_performance_indices__struct.h
[0.739s] -- Up-to-date symlink: /home/zxs/ocs2_ros2_legubiao/ws/install/ocs2_msgs/include/ocs2_msgs/ocs2_msgs/msg/detail/mpc_performance_indices__type_support.h
[0.739s] -- Up-to-date symlink: /home/zxs/ocs2_ros2_legubiao/ws/install/ocs2_msgs/include/ocs2_msgs/ocs2_msgs/msg/detail/mpc_state__functions.h
[0.739s] -- Up-to-date symlink: /home/zxs/ocs2_ros2_legubiao/ws/install/ocs2_msgs/include/ocs2_msgs/ocs2_msgs/msg/detail/mpc_state__struct.h
[0.740s] -- Up-to-date symlink: /home/zxs/ocs2_ros2_legubiao/ws/install/ocs2_msgs/include/ocs2_msgs/ocs2_msgs/msg/detail/mpc_state__type_support.h
[0.740s] -- Up-to-date symlink: /home/zxs/ocs2_ros2_legubiao/ws/install/ocs2_msgs/include/ocs2_msgs/ocs2_msgs/msg/detail/mpc_target_trajectories__functions.h
[0.740s] -- Up-to-date symlink: /home/zxs/ocs2_ros2_legubiao/ws/install/ocs2_msgs/include/ocs2_msgs/ocs2_msgs/msg/detail/mpc_target_trajectories__struct.h
[0.740s] -- Up-to-date symlink: /home/zxs/ocs2_ros2_legubiao/ws/install/ocs2_msgs/include/ocs2_msgs/ocs2_msgs/msg/detail/mpc_target_trajectories__type_support.h
[0.740s] -- Up-to-date symlink: /home/zxs/ocs2_ros2_legubiao/ws/install/ocs2_msgs/include/ocs2_msgs/ocs2_msgs/msg/detail/multiplier__functions.h
[0.740s] -- Up-to-date symlink: /home/zxs/ocs2_ros2_legubiao/ws/install/ocs2_msgs/include/ocs2_msgs/ocs2_msgs/msg/detail/multiplier__struct.h
[0.740s] -- Up-to-date symlink: /home/zxs/ocs2_ros2_legubiao/ws/install/ocs2_msgs/include/ocs2_msgs/ocs2_msgs/msg/detail/multiplier__type_support.h
[0.740s] -- Up-to-date symlink: /home/zxs/ocs2_ros2_legubiao/ws/install/ocs2_msgs/include/ocs2_msgs/ocs2_msgs/msg/lagrangian_metrics.h
[0.740s] -- Up-to-date symlink: /home/zxs/ocs2_ros2_legubiao/ws/install/ocs2_msgs/include/ocs2_msgs/ocs2_msgs/msg/mode_schedule.h
[0.740s] -- Up-to-date symlink: /home/zxs/ocs2_ros2_legubiao/ws/install/ocs2_msgs/include/ocs2_msgs/ocs2_msgs/msg/mpc_flattened_controller.h
[0.740s] -- Up-to-date symlink: /home/zxs/ocs2_ros2_legubiao/ws/install/ocs2_msgs/include/ocs2_msgs/ocs2_msgs/msg/mpc_input.h
[0.740s] -- Up-to-date symlink: /home/zxs/ocs2_ros2_legubiao/ws/install/ocs2_msgs/include/ocs2_msgs/ocs2_msgs/msg/mpc_observation.h
[0.740s] -- Up-to-date symlink: /home/zxs/ocs2_ros2_legubiao/ws/install/ocs2_msgs/include/ocs2_msgs/ocs2_msgs/msg/mpc_performance_indices.h
[0.740s] -- Up-to-date symlink: /home/zxs/ocs2_ros2_legubiao/ws/install/ocs2_msgs/include/ocs2_msgs/ocs2_msgs/msg/mpc_state.h
[0.740s] -- Up-to-date symlink: /home/zxs/ocs2_ros2_legubiao/ws/install/ocs2_msgs/include/ocs2_msgs/ocs2_msgs/msg/mpc_target_trajectories.h
[0.740s] -- Up-to-date symlink: /home/zxs/ocs2_ros2_legubiao/ws/install/ocs2_msgs/include/ocs2_msgs/ocs2_msgs/msg/multiplier.h
[0.740s] -- Up-to-date symlink: /home/zxs/ocs2_ros2_legubiao/ws/install/ocs2_msgs/include/ocs2_msgs/ocs2_msgs/msg/rosidl_generator_c__visibility_control.h
[0.740s] -- Up-to-date symlink: /home/zxs/ocs2_ros2_legubiao/ws/install/ocs2_msgs/include/ocs2_msgs/ocs2_msgs/srv/detail/reset__functions.h
[0.740s] -- Up-to-date symlink: /home/zxs/ocs2_ros2_legubiao/ws/install/ocs2_msgs/include/ocs2_msgs/ocs2_msgs/srv/detail/reset__struct.h
[0.741s] -- Up-to-date symlink: /home/zxs/ocs2_ros2_legubiao/ws/install/ocs2_msgs/include/ocs2_msgs/ocs2_msgs/srv/detail/reset__type_support.h
[0.741s] -- Up-to-date symlink: /home/zxs/ocs2_ros2_legubiao/ws/install/ocs2_msgs/include/ocs2_msgs/ocs2_msgs/srv/reset.h
[0.741s] -- Up-to-date symlink: /home/zxs/ocs2_ros2_legubiao/ws/install/ocs2_msgs/share/ocs2_msgs/environment/library_path.sh
[0.741s] -- Up-to-date symlink: /home/zxs/ocs2_ros2_legubiao/ws/install/ocs2_msgs/share/ocs2_msgs/environment/library_path.dsv
[0.741s] -- Up-to-date symlink: /home/zxs/ocs2_ros2_legubiao/ws/install/ocs2_msgs/include/ocs2_msgs/ocs2_msgs/msg/detail/constraint__rosidl_typesupport_fastrtps_c.h
[0.741s] -- Up-to-date symlink: /home/zxs/ocs2_ros2_legubiao/ws/install/ocs2_msgs/include/ocs2_msgs/ocs2_msgs/msg/detail/controller_data__rosidl_typesupport_fastrtps_c.h
[0.741s] -- Up-to-date symlink: /home/zxs/ocs2_ros2_legubiao/ws/install/ocs2_msgs/include/ocs2_msgs/ocs2_msgs/msg/detail/lagrangian_metrics__rosidl_typesupport_fastrtps_c.h
[0.741s] -- Up-to-date symlink: /home/zxs/ocs2_ros2_legubiao/ws/install/ocs2_msgs/include/ocs2_msgs/ocs2_msgs/msg/detail/mode_schedule__rosidl_typesupport_fastrtps_c.h
[0.741s] -- Up-to-date symlink: /home/zxs/ocs2_ros2_legubiao/ws/install/ocs2_msgs/include/ocs2_msgs/ocs2_msgs/msg/detail/mpc_flattened_controller__rosidl_typesupport_fastrtps_c.h
[0.741s] -- Up-to-date symlink: /home/zxs/ocs2_ros2_legubiao/ws/install/ocs2_msgs/include/ocs2_msgs/ocs2_msgs/msg/detail/mpc_input__rosidl_typesupport_fastrtps_c.h
[0.741s] -- Up-to-date symlink: /home/zxs/ocs2_ros2_legubiao/ws/install/ocs2_msgs/include/ocs2_msgs/ocs2_msgs/msg/detail/mpc_observation__rosidl_typesupport_fastrtps_c.h
[0.741s] -- Up-to-date symlink: /home/zxs/ocs2_ros2_legubiao/ws/install/ocs2_msgs/include/ocs2_msgs/ocs2_msgs/msg/detail/mpc_performance_indices__rosidl_typesupport_fastrtps_c.h
[0.741s] -- Up-to-date symlink: /home/zxs/ocs2_ros2_legubiao/ws/install/ocs2_msgs/include/ocs2_msgs/ocs2_msgs/msg/detail/mpc_state__rosidl_typesupport_fastrtps_c.h
[0.741s] -- Up-to-date symlink: /home/zxs/ocs2_ros2_legubiao/ws/install/ocs2_msgs/include/ocs2_msgs/ocs2_msgs/msg/detail/mpc_target_trajectories__rosidl_typesupport_fastrtps_c.h
[0.741s] -- Up-to-date symlink: /home/zxs/ocs2_ros2_legubiao/ws/install/ocs2_msgs/include/ocs2_msgs/ocs2_msgs/msg/detail/multiplier__rosidl_typesupport_fastrtps_c.h
[0.741s] -- Up-to-date symlink: /home/zxs/ocs2_ros2_legubiao/ws/install/ocs2_msgs/include/ocs2_msgs/ocs2_msgs/msg/rosidl_typesupport_fastrtps_c__visibility_control.h
[0.741s] -- Up-to-date symlink: /home/zxs/ocs2_ros2_legubiao/ws/install/ocs2_msgs/include/ocs2_msgs/ocs2_msgs/srv/detail/reset__rosidl_typesupport_fastrtps_c.h
[0.741s] -- Up-to-date symlink: /home/zxs/ocs2_ros2_legubiao/ws/install/ocs2_msgs/include/ocs2_msgs/ocs2_msgs/msg/detail/constraint__rosidl_typesupport_introspection_c.h
[0.741s] -- Up-to-date symlink: /home/zxs/ocs2_ros2_legubiao/ws/install/ocs2_msgs/include/ocs2_msgs/ocs2_msgs/msg/detail/controller_data__rosidl_typesupport_introspection_c.h
[0.741s] -- Up-to-date symlink: /home/zxs/ocs2_ros2_legubiao/ws/install/ocs2_msgs/include/ocs2_msgs/ocs2_msgs/msg/detail/lagrangian_metrics__rosidl_typesupport_introspection_c.h
[0.741s] -- Up-to-date symlink: /home/zxs/ocs2_ros2_legubiao/ws/install/ocs2_msgs/include/ocs2_msgs/ocs2_msgs/msg/detail/mode_schedule__rosidl_typesupport_introspection_c.h
[0.741s] -- Up-to-date symlink: /home/zxs/ocs2_ros2_legubiao/ws/install/ocs2_msgs/include/ocs2_msgs/ocs2_msgs/msg/detail/mpc_flattened_controller__rosidl_typesupport_introspection_c.h
[0.741s] -- Up-to-date symlink: /home/zxs/ocs2_ros2_legubiao/ws/install/ocs2_msgs/include/ocs2_msgs/ocs2_msgs/msg/detail/mpc_input__rosidl_typesupport_introspection_c.h
[0.741s] -- Up-to-date symlink: /home/zxs/ocs2_ros2_legubiao/ws/install/ocs2_msgs/include/ocs2_msgs/ocs2_msgs/msg/detail/mpc_observation__rosidl_typesupport_introspection_c.h
[0.741s] -- Up-to-date symlink: /home/zxs/ocs2_ros2_legubiao/ws/install/ocs2_msgs/include/ocs2_msgs/ocs2_msgs/msg/detail/mpc_performance_indices__rosidl_typesupport_introspection_c.h
[0.741s] -- Up-to-date symlink: /home/zxs/ocs2_ros2_legubiao/ws/install/ocs2_msgs/include/ocs2_msgs/ocs2_msgs/msg/detail/mpc_state__rosidl_typesupport_introspection_c.h
[0.741s] -- Up-to-date symlink: /home/zxs/ocs2_ros2_legubiao/ws/install/ocs2_msgs/include/ocs2_msgs/ocs2_msgs/msg/detail/mpc_target_trajectories__rosidl_typesupport_introspection_c.h
[0.741s] -- Up-to-date symlink: /home/zxs/ocs2_ros2_legubiao/ws/install/ocs2_msgs/include/ocs2_msgs/ocs2_msgs/msg/detail/multiplier__rosidl_typesupport_introspection_c.h
[0.741s] -- Up-to-date symlink: /home/zxs/ocs2_ros2_legubiao/ws/install/ocs2_msgs/include/ocs2_msgs/ocs2_msgs/msg/rosidl_typesupport_introspection_c__visibility_control.h
[0.741s] -- Up-to-date symlink: /home/zxs/ocs2_ros2_legubiao/ws/install/ocs2_msgs/include/ocs2_msgs/ocs2_msgs/srv/detail/reset__rosidl_typesupport_introspection_c.h
[0.741s] -- Up-to-date symlink: /home/zxs/ocs2_ros2_legubiao/ws/install/ocs2_msgs/include/ocs2_msgs/ocs2_msgs/msg/constraint.hpp
[0.741s] -- Up-to-date symlink: /home/zxs/ocs2_ros2_legubiao/ws/install/ocs2_msgs/include/ocs2_msgs/ocs2_msgs/msg/controller_data.hpp
[0.741s] -- Up-to-date symlink: /home/zxs/ocs2_ros2_legubiao/ws/install/ocs2_msgs/include/ocs2_msgs/ocs2_msgs/msg/detail/constraint__builder.hpp
[0.741s] -- Up-to-date symlink: /home/zxs/ocs2_ros2_legubiao/ws/install/ocs2_msgs/include/ocs2_msgs/ocs2_msgs/msg/detail/constraint__struct.hpp
[0.741s] -- Up-to-date symlink: /home/zxs/ocs2_ros2_legubiao/ws/install/ocs2_msgs/include/ocs2_msgs/ocs2_msgs/msg/detail/constraint__traits.hpp
[0.741s] -- Up-to-date symlink: /home/zxs/ocs2_ros2_legubiao/ws/install/ocs2_msgs/include/ocs2_msgs/ocs2_msgs/msg/detail/constraint__type_support.hpp
[0.742s] -- Up-to-date symlink: /home/zxs/ocs2_ros2_legubiao/ws/install/ocs2_msgs/include/ocs2_msgs/ocs2_msgs/msg/detail/controller_data__builder.hpp
[0.742s] -- Up-to-date symlink: /home/zxs/ocs2_ros2_legubiao/ws/install/ocs2_msgs/include/ocs2_msgs/ocs2_msgs/msg/detail/controller_data__struct.hpp
[0.742s] -- Up-to-date symlink: /home/zxs/ocs2_ros2_legubiao/ws/install/ocs2_msgs/include/ocs2_msgs/ocs2_msgs/msg/detail/controller_data__traits.hpp
[0.742s] -- Up-to-date symlink: /home/zxs/ocs2_ros2_legubiao/ws/install/ocs2_msgs/include/ocs2_msgs/ocs2_msgs/msg/detail/controller_data__type_support.hpp
[0.742s] -- Up-to-date symlink: /home/zxs/ocs2_ros2_legubiao/ws/install/ocs2_msgs/include/ocs2_msgs/ocs2_msgs/msg/detail/lagrangian_metrics__builder.hpp
[0.742s] -- Up-to-date symlink: /home/zxs/ocs2_ros2_legubiao/ws/install/ocs2_msgs/include/ocs2_msgs/ocs2_msgs/msg/detail/lagrangian_metrics__struct.hpp
[0.742s] -- Up-to-date symlink: /home/zxs/ocs2_ros2_legubiao/ws/install/ocs2_msgs/include/ocs2_msgs/ocs2_msgs/msg/detail/lagrangian_metrics__traits.hpp
[0.742s] -- Up-to-date symlink: /home/zxs/ocs2_ros2_legubiao/ws/install/ocs2_msgs/include/ocs2_msgs/ocs2_msgs/msg/detail/lagrangian_metrics__type_support.hpp
[0.742s] -- Up-to-date symlink: /home/zxs/ocs2_ros2_legubiao/ws/install/ocs2_msgs/include/ocs2_msgs/ocs2_msgs/msg/detail/mode_schedule__builder.hpp
[0.742s] -- Up-to-date symlink: /home/zxs/ocs2_ros2_legubiao/ws/install/ocs2_msgs/include/ocs2_msgs/ocs2_msgs/msg/detail/mode_schedule__struct.hpp
[0.742s] -- Up-to-date symlink: /home/zxs/ocs2_ros2_legubiao/ws/install/ocs2_msgs/include/ocs2_msgs/ocs2_msgs/msg/detail/mode_schedule__traits.hpp
[0.742s] -- Up-to-date symlink: /home/zxs/ocs2_ros2_legubiao/ws/install/ocs2_msgs/include/ocs2_msgs/ocs2_msgs/msg/detail/mode_schedule__type_support.hpp
[0.742s] -- Up-to-date symlink: /home/zxs/ocs2_ros2_legubiao/ws/install/ocs2_msgs/include/ocs2_msgs/ocs2_msgs/msg/detail/mpc_flattened_controller__builder.hpp
[0.742s] -- Up-to-date symlink: /home/zxs/ocs2_ros2_legubiao/ws/install/ocs2_msgs/include/ocs2_msgs/ocs2_msgs/msg/detail/mpc_flattened_controller__struct.hpp
[0.742s] -- Up-to-date symlink: /home/zxs/ocs2_ros2_legubiao/ws/install/ocs2_msgs/include/ocs2_msgs/ocs2_msgs/msg/detail/mpc_flattened_controller__traits.hpp
[0.742s] -- Up-to-date symlink: /home/zxs/ocs2_ros2_legubiao/ws/install/ocs2_msgs/include/ocs2_msgs/ocs2_msgs/msg/detail/mpc_flattened_controller__type_support.hpp
[0.742s] -- Up-to-date symlink: /home/zxs/ocs2_ros2_legubiao/ws/install/ocs2_msgs/include/ocs2_msgs/ocs2_msgs/msg/detail/mpc_input__builder.hpp
[0.742s] -- Up-to-date symlink: /home/zxs/ocs2_ros2_legubiao/ws/install/ocs2_msgs/include/ocs2_msgs/ocs2_msgs/msg/detail/mpc_input__struct.hpp
[0.742s] -- Up-to-date symlink: /home/zxs/ocs2_ros2_legubiao/ws/install/ocs2_msgs/include/ocs2_msgs/ocs2_msgs/msg/detail/mpc_input__traits.hpp
[0.742s] -- Up-to-date symlink: /home/zxs/ocs2_ros2_legubiao/ws/install/ocs2_msgs/include/ocs2_msgs/ocs2_msgs/msg/detail/mpc_input__type_support.hpp
[0.742s] -- Up-to-date symlink: /home/zxs/ocs2_ros2_legubiao/ws/install/ocs2_msgs/include/ocs2_msgs/ocs2_msgs/msg/detail/mpc_observation__builder.hpp
[0.742s] -- Up-to-date symlink: /home/zxs/ocs2_ros2_legubiao/ws/install/ocs2_msgs/include/ocs2_msgs/ocs2_msgs/msg/detail/mpc_observation__struct.hpp
[0.742s] -- Up-to-date symlink: /home/zxs/ocs2_ros2_legubiao/ws/install/ocs2_msgs/include/ocs2_msgs/ocs2_msgs/msg/detail/mpc_observation__traits.hpp
[0.742s] -- Up-to-date symlink: /home/zxs/ocs2_ros2_legubiao/ws/install/ocs2_msgs/include/ocs2_msgs/ocs2_msgs/msg/detail/mpc_observation__type_support.hpp
[0.742s] -- Up-to-date symlink: /home/zxs/ocs2_ros2_legubiao/ws/install/ocs2_msgs/include/ocs2_msgs/ocs2_msgs/msg/detail/mpc_performance_indices__builder.hpp
[0.742s] -- Up-to-date symlink: /home/zxs/ocs2_ros2_legubiao/ws/install/ocs2_msgs/include/ocs2_msgs/ocs2_msgs/msg/detail/mpc_performance_indices__struct.hpp
[0.742s] -- Up-to-date symlink: /home/zxs/ocs2_ros2_legubiao/ws/install/ocs2_msgs/include/ocs2_msgs/ocs2_msgs/msg/detail/mpc_performance_indices__traits.hpp
[0.742s] -- Up-to-date symlink: /home/zxs/ocs2_ros2_legubiao/ws/install/ocs2_msgs/include/ocs2_msgs/ocs2_msgs/msg/detail/mpc_performance_indices__type_support.hpp
[0.742s] -- Up-to-date symlink: /home/zxs/ocs2_ros2_legubiao/ws/install/ocs2_msgs/include/ocs2_msgs/ocs2_msgs/msg/detail/mpc_state__builder.hpp
[0.742s] -- Up-to-date symlink: /home/zxs/ocs2_ros2_legubiao/ws/install/ocs2_msgs/include/ocs2_msgs/ocs2_msgs/msg/detail/mpc_state__struct.hpp
[0.742s] -- Up-to-date symlink: /home/zxs/ocs2_ros2_legubiao/ws/install/ocs2_msgs/include/ocs2_msgs/ocs2_msgs/msg/detail/mpc_state__traits.hpp
[0.742s] -- Up-to-date symlink: /home/zxs/ocs2_ros2_legubiao/ws/install/ocs2_msgs/include/ocs2_msgs/ocs2_msgs/msg/detail/mpc_state__type_support.hpp
[0.742s] -- Up-to-date symlink: /home/zxs/ocs2_ros2_legubiao/ws/install/ocs2_msgs/include/ocs2_msgs/ocs2_msgs/msg/detail/mpc_target_trajectories__builder.hpp
[0.742s] -- Up-to-date symlink: /home/zxs/ocs2_ros2_legubiao/ws/install/ocs2_msgs/include/ocs2_msgs/ocs2_msgs/msg/detail/mpc_target_trajectories__struct.hpp
[0.742s] -- Up-to-date symlink: /home/zxs/ocs2_ros2_legubiao/ws/install/ocs2_msgs/include/ocs2_msgs/ocs2_msgs/msg/detail/mpc_target_trajectories__traits.hpp
[0.742s] -- Up-to-date symlink: /home/zxs/ocs2_ros2_legubiao/ws/install/ocs2_msgs/include/ocs2_msgs/ocs2_msgs/msg/detail/mpc_target_trajectories__type_support.hpp
[0.742s] -- Up-to-date symlink: /home/zxs/ocs2_ros2_legubiao/ws/install/ocs2_msgs/include/ocs2_msgs/ocs2_msgs/msg/detail/multiplier__builder.hpp
[0.742s] -- Up-to-date symlink: /home/zxs/ocs2_ros2_legubiao/ws/install/ocs2_msgs/include/ocs2_msgs/ocs2_msgs/msg/detail/multiplier__struct.hpp
[0.742s] -- Up-to-date symlink: /home/zxs/ocs2_ros2_legubiao/ws/install/ocs2_msgs/include/ocs2_msgs/ocs2_msgs/msg/detail/multiplier__traits.hpp
[0.743s] -- Up-to-date symlink: /home/zxs/ocs2_ros2_legubiao/ws/install/ocs2_msgs/include/ocs2_msgs/ocs2_msgs/msg/detail/multiplier__type_support.hpp
[0.743s] -- Up-to-date symlink: /home/zxs/ocs2_ros2_legubiao/ws/install/ocs2_msgs/include/ocs2_msgs/ocs2_msgs/msg/lagrangian_metrics.hpp
[0.743s] -- Up-to-date symlink: /home/zxs/ocs2_ros2_legubiao/ws/install/ocs2_msgs/include/ocs2_msgs/ocs2_msgs/msg/mode_schedule.hpp
[0.743s] -- Up-to-date symlink: /home/zxs/ocs2_ros2_legubiao/ws/install/ocs2_msgs/include/ocs2_msgs/ocs2_msgs/msg/mpc_flattened_controller.hpp
[0.743s] -- Up-to-date symlink: /home/zxs/ocs2_ros2_legubiao/ws/install/ocs2_msgs/include/ocs2_msgs/ocs2_msgs/msg/mpc_input.hpp
[0.743s] -- Up-to-date symlink: /home/zxs/ocs2_ros2_legubiao/ws/install/ocs2_msgs/include/ocs2_msgs/ocs2_msgs/msg/mpc_observation.hpp
[0.743s] -- Up-to-date symlink: /home/zxs/ocs2_ros2_legubiao/ws/install/ocs2_msgs/include/ocs2_msgs/ocs2_msgs/msg/mpc_performance_indices.hpp
[0.743s] -- Up-to-date symlink: /home/zxs/ocs2_ros2_legubiao/ws/install/ocs2_msgs/include/ocs2_msgs/ocs2_msgs/msg/mpc_state.hpp
[0.743s] -- Up-to-date symlink: /home/zxs/ocs2_ros2_legubiao/ws/install/ocs2_msgs/include/ocs2_msgs/ocs2_msgs/msg/mpc_target_trajectories.hpp
[0.743s] -- Up-to-date symlink: /home/zxs/ocs2_ros2_legubiao/ws/install/ocs2_msgs/include/ocs2_msgs/ocs2_msgs/msg/multiplier.hpp
[0.743s] -- Up-to-date symlink: /home/zxs/ocs2_ros2_legubiao/ws/install/ocs2_msgs/include/ocs2_msgs/ocs2_msgs/msg/rosidl_generator_cpp__visibility_control.hpp
[0.743s] -- Up-to-date symlink: /home/zxs/ocs2_ros2_legubiao/ws/install/ocs2_msgs/include/ocs2_msgs/ocs2_msgs/srv/detail/reset__builder.hpp
[0.743s] -- Up-to-date symlink: /home/zxs/ocs2_ros2_legubiao/ws/install/ocs2_msgs/include/ocs2_msgs/ocs2_msgs/srv/detail/reset__struct.hpp
[0.743s] -- Up-to-date symlink: /home/zxs/ocs2_ros2_legubiao/ws/install/ocs2_msgs/include/ocs2_msgs/ocs2_msgs/srv/detail/reset__traits.hpp
[0.743s] -- Up-to-date symlink: /home/zxs/ocs2_ros2_legubiao/ws/install/ocs2_msgs/include/ocs2_msgs/ocs2_msgs/srv/detail/reset__type_support.hpp
[0.743s] -- Up-to-date symlink: /home/zxs/ocs2_ros2_legubiao/ws/install/ocs2_msgs/include/ocs2_msgs/ocs2_msgs/srv/reset.hpp
[0.743s] -- Up-to-date symlink: /home/zxs/ocs2_ros2_legubiao/ws/install/ocs2_msgs/include/ocs2_msgs/ocs2_msgs/msg/detail/constraint__rosidl_typesupport_fastrtps_cpp.hpp
[0.743s] -- Up-to-date symlink: /home/zxs/ocs2_ros2_legubiao/ws/install/ocs2_msgs/include/ocs2_msgs/ocs2_msgs/msg/detail/controller_data__rosidl_typesupport_fastrtps_cpp.hpp
[0.743s] -- Up-to-date symlink: /home/zxs/ocs2_ros2_legubiao/ws/install/ocs2_msgs/include/ocs2_msgs/ocs2_msgs/msg/detail/lagrangian_metrics__rosidl_typesupport_fastrtps_cpp.hpp
[0.743s] -- Up-to-date symlink: /home/zxs/ocs2_ros2_legubiao/ws/install/ocs2_msgs/include/ocs2_msgs/ocs2_msgs/msg/detail/mode_schedule__rosidl_typesupport_fastrtps_cpp.hpp
[0.743s] -- Up-to-date symlink: /home/zxs/ocs2_ros2_legubiao/ws/install/ocs2_msgs/include/ocs2_msgs/ocs2_msgs/msg/detail/mpc_flattened_controller__rosidl_typesupport_fastrtps_cpp.hpp
[0.743s] -- Up-to-date symlink: /home/zxs/ocs2_ros2_legubiao/ws/install/ocs2_msgs/include/ocs2_msgs/ocs2_msgs/msg/detail/mpc_input__rosidl_typesupport_fastrtps_cpp.hpp
[0.744s] -- Up-to-date symlink: /home/zxs/ocs2_ros2_legubiao/ws/install/ocs2_msgs/include/ocs2_msgs/ocs2_msgs/msg/detail/mpc_observation__rosidl_typesupport_fastrtps_cpp.hpp
[0.744s] -- Up-to-date symlink: /home/zxs/ocs2_ros2_legubiao/ws/install/ocs2_msgs/include/ocs2_msgs/ocs2_msgs/msg/detail/mpc_performance_indices__rosidl_typesupport_fastrtps_cpp.hpp
[0.744s] -- Up-to-date symlink: /home/zxs/ocs2_ros2_legubiao/ws/install/ocs2_msgs/include/ocs2_msgs/ocs2_msgs/msg/detail/mpc_state__rosidl_typesupport_fastrtps_cpp.hpp
[0.744s] -- Up-to-date symlink: /home/zxs/ocs2_ros2_legubiao/ws/install/ocs2_msgs/include/ocs2_msgs/ocs2_msgs/msg/detail/mpc_target_trajectories__rosidl_typesupport_fastrtps_cpp.hpp
[0.744s] -- Up-to-date symlink: /home/zxs/ocs2_ros2_legubiao/ws/install/ocs2_msgs/include/ocs2_msgs/ocs2_msgs/msg/detail/multiplier__rosidl_typesupport_fastrtps_cpp.hpp
[0.744s] -- Up-to-date symlink: /home/zxs/ocs2_ros2_legubiao/ws/install/ocs2_msgs/include/ocs2_msgs/ocs2_msgs/msg/rosidl_typesupport_fastrtps_cpp__visibility_control.h
[0.744s] -- Up-to-date symlink: /home/zxs/ocs2_ros2_legubiao/ws/install/ocs2_msgs/include/ocs2_msgs/ocs2_msgs/srv/detail/reset__rosidl_typesupport_fastrtps_cpp.hpp
[0.744s] -- Up-to-date symlink: /home/zxs/ocs2_ros2_legubiao/ws/install/ocs2_msgs/include/ocs2_msgs/ocs2_msgs/msg/detail/constraint__rosidl_typesupport_introspection_cpp.hpp
[0.744s] -- Up-to-date symlink: /home/zxs/ocs2_ros2_legubiao/ws/install/ocs2_msgs/include/ocs2_msgs/ocs2_msgs/msg/detail/controller_data__rosidl_typesupport_introspection_cpp.hpp
[0.744s] -- Up-to-date symlink: /home/zxs/ocs2_ros2_legubiao/ws/install/ocs2_msgs/include/ocs2_msgs/ocs2_msgs/msg/detail/lagrangian_metrics__rosidl_typesupport_introspection_cpp.hpp
[0.744s] -- Up-to-date symlink: /home/zxs/ocs2_ros2_legubiao/ws/install/ocs2_msgs/include/ocs2_msgs/ocs2_msgs/msg/detail/mode_schedule__rosidl_typesupport_introspection_cpp.hpp
[0.744s] -- Up-to-date symlink: /home/zxs/ocs2_ros2_legubiao/ws/install/ocs2_msgs/include/ocs2_msgs/ocs2_msgs/msg/detail/mpc_flattened_controller__rosidl_typesupport_introspection_cpp.hpp
[0.744s] -- Up-to-date symlink: /home/zxs/ocs2_ros2_legubiao/ws/install/ocs2_msgs/include/ocs2_msgs/ocs2_msgs/msg/detail/mpc_input__rosidl_typesupport_introspection_cpp.hpp
[0.744s] -- Up-to-date symlink: /home/zxs/ocs2_ros2_legubiao/ws/install/ocs2_msgs/include/ocs2_msgs/ocs2_msgs/msg/detail/mpc_observation__rosidl_typesupport_introspection_cpp.hpp
[0.744s] -- Up-to-date symlink: /home/zxs/ocs2_ros2_legubiao/ws/install/ocs2_msgs/include/ocs2_msgs/ocs2_msgs/msg/detail/mpc_performance_indices__rosidl_typesupport_introspection_cpp.hpp
[0.744s] -- Up-to-date symlink: /home/zxs/ocs2_ros2_legubiao/ws/install/ocs2_msgs/include/ocs2_msgs/ocs2_msgs/msg/detail/mpc_state__rosidl_typesupport_introspection_cpp.hpp
[0.744s] -- Up-to-date symlink: /home/zxs/ocs2_ros2_legubiao/ws/install/ocs2_msgs/include/ocs2_msgs/ocs2_msgs/msg/detail/mpc_target_trajectories__rosidl_typesupport_introspection_cpp.hpp
[0.744s] -- Up-to-date symlink: /home/zxs/ocs2_ros2_legubiao/ws/install/ocs2_msgs/include/ocs2_msgs/ocs2_msgs/msg/detail/multiplier__rosidl_typesupport_introspection_cpp.hpp
[0.744s] -- Up-to-date symlink: /home/zxs/ocs2_ros2_legubiao/ws/install/ocs2_msgs/include/ocs2_msgs/ocs2_msgs/srv/detail/reset__rosidl_typesupport_introspection_cpp.hpp
[0.744s] -- Up-to-date symlink: /home/zxs/ocs2_ros2_legubiao/ws/install/ocs2_msgs/share/ocs2_msgs/environment/pythonpath.sh
[0.744s] -- Up-to-date symlink: /home/zxs/ocs2_ros2_legubiao/ws/install/ocs2_msgs/share/ocs2_msgs/environment/pythonpath.dsv
[0.744s] -- Up-to-date symlink: /home/zxs/ocs2_ros2_legubiao/ws/install/ocs2_msgs/local/lib/python3.10/dist-packages/ocs2_msgs-0.0.0-py3.10.egg-info/PKG-INFO
[0.745s] -- Up-to-date symlink: /home/zxs/ocs2_ros2_legubiao/ws/install/ocs2_msgs/local/lib/python3.10/dist-packages/ocs2_msgs-0.0.0-py3.10.egg-info/SOURCES.txt
[0.745s] -- Up-to-date symlink: /home/zxs/ocs2_ros2_legubiao/ws/install/ocs2_msgs/local/lib/python3.10/dist-packages/ocs2_msgs-0.0.0-py3.10.egg-info/dependency_links.txt
[0.745s] -- Up-to-date symlink: /home/zxs/ocs2_ros2_legubiao/ws/install/ocs2_msgs/local/lib/python3.10/dist-packages/ocs2_msgs-0.0.0-py3.10.egg-info/top_level.txt
[0.745s] -- Up-to-date symlink: /home/zxs/ocs2_ros2_legubiao/ws/install/ocs2_msgs/local/lib/python3.10/dist-packages/ocs2_msgs/__init__.py
[0.745s] -- Up-to-date symlink: /home/zxs/ocs2_ros2_legubiao/ws/install/ocs2_msgs/local/lib/python3.10/dist-packages/ocs2_msgs/_ocs2_msgs_s.ep.rosidl_typesupport_c.c
[0.745s] -- Up-to-date symlink: /home/zxs/ocs2_ros2_legubiao/ws/install/ocs2_msgs/local/lib/python3.10/dist-packages/ocs2_msgs/_ocs2_msgs_s.ep.rosidl_typesupport_fastrtps_c.c
[0.745s] -- Up-to-date symlink: /home/zxs/ocs2_ros2_legubiao/ws/install/ocs2_msgs/local/lib/python3.10/dist-packages/ocs2_msgs/_ocs2_msgs_s.ep.rosidl_typesupport_introspection_c.c
[0.745s] -- Up-to-date symlink: /home/zxs/ocs2_ros2_legubiao/ws/install/ocs2_msgs/local/lib/python3.10/dist-packages/ocs2_msgs/libocs2_msgs__rosidl_generator_py.so
[0.745s] -- Up-to-date symlink: /home/zxs/ocs2_ros2_legubiao/ws/install/ocs2_msgs/local/lib/python3.10/dist-packages/ocs2_msgs/msg/__init__.py
[0.745s] -- Up-to-date symlink: /home/zxs/ocs2_ros2_legubiao/ws/install/ocs2_msgs/local/lib/python3.10/dist-packages/ocs2_msgs/msg/_constraint.py
[0.745s] -- Up-to-date symlink: /home/zxs/ocs2_ros2_legubiao/ws/install/ocs2_msgs/local/lib/python3.10/dist-packages/ocs2_msgs/msg/_constraint_s.c
[0.745s] -- Up-to-date symlink: /home/zxs/ocs2_ros2_legubiao/ws/install/ocs2_msgs/local/lib/python3.10/dist-packages/ocs2_msgs/msg/_controller_data.py
[0.745s] -- Up-to-date symlink: /home/zxs/ocs2_ros2_legubiao/ws/install/ocs2_msgs/local/lib/python3.10/dist-packages/ocs2_msgs/msg/_controller_data_s.c
[0.745s] -- Up-to-date symlink: /home/zxs/ocs2_ros2_legubiao/ws/install/ocs2_msgs/local/lib/python3.10/dist-packages/ocs2_msgs/msg/_lagrangian_metrics.py
[0.745s] -- Up-to-date symlink: /home/zxs/ocs2_ros2_legubiao/ws/install/ocs2_msgs/local/lib/python3.10/dist-packages/ocs2_msgs/msg/_lagrangian_metrics_s.c
[0.745s] -- Up-to-date symlink: /home/zxs/ocs2_ros2_legubiao/ws/install/ocs2_msgs/local/lib/python3.10/dist-packages/ocs2_msgs/msg/_mode_schedule.py
[0.745s] -- Up-to-date symlink: /home/zxs/ocs2_ros2_legubiao/ws/install/ocs2_msgs/local/lib/python3.10/dist-packages/ocs2_msgs/msg/_mode_schedule_s.c
[0.745s] -- Up-to-date symlink: /home/zxs/ocs2_ros2_legubiao/ws/install/ocs2_msgs/local/lib/python3.10/dist-packages/ocs2_msgs/msg/_mpc_flattened_controller.py
[0.745s] -- Up-to-date symlink: /home/zxs/ocs2_ros2_legubiao/ws/install/ocs2_msgs/local/lib/python3.10/dist-packages/ocs2_msgs/msg/_mpc_flattened_controller_s.c
[0.745s] -- Up-to-date symlink: /home/zxs/ocs2_ros2_legubiao/ws/install/ocs2_msgs/local/lib/python3.10/dist-packages/ocs2_msgs/msg/_mpc_input.py
[0.746s] -- Up-to-date symlink: /home/zxs/ocs2_ros2_legubiao/ws/install/ocs2_msgs/local/lib/python3.10/dist-packages/ocs2_msgs/msg/_mpc_input_s.c
[0.746s] -- Up-to-date symlink: /home/zxs/ocs2_ros2_legubiao/ws/install/ocs2_msgs/local/lib/python3.10/dist-packages/ocs2_msgs/msg/_mpc_observation.py
[0.746s] -- Up-to-date symlink: /home/zxs/ocs2_ros2_legubiao/ws/install/ocs2_msgs/local/lib/python3.10/dist-packages/ocs2_msgs/msg/_mpc_observation_s.c
[0.746s] -- Up-to-date symlink: /home/zxs/ocs2_ros2_legubiao/ws/install/ocs2_msgs/local/lib/python3.10/dist-packages/ocs2_msgs/msg/_mpc_performance_indices.py
[0.746s] -- Up-to-date symlink: /home/zxs/ocs2_ros2_legubiao/ws/install/ocs2_msgs/local/lib/python3.10/dist-packages/ocs2_msgs/msg/_mpc_performance_indices_s.c
[0.746s] -- Up-to-date symlink: /home/zxs/ocs2_ros2_legubiao/ws/install/ocs2_msgs/local/lib/python3.10/dist-packages/ocs2_msgs/msg/_mpc_state.py
[0.746s] -- Up-to-date symlink: /home/zxs/ocs2_ros2_legubiao/ws/install/ocs2_msgs/local/lib/python3.10/dist-packages/ocs2_msgs/msg/_mpc_state_s.c
[0.746s] -- Up-to-date symlink: /home/zxs/ocs2_ros2_legubiao/ws/install/ocs2_msgs/local/lib/python3.10/dist-packages/ocs2_msgs/msg/_mpc_target_trajectories.py
[0.746s] -- Up-to-date symlink: /home/zxs/ocs2_ros2_legubiao/ws/install/ocs2_msgs/local/lib/python3.10/dist-packages/ocs2_msgs/msg/_mpc_target_trajectories_s.c
[0.746s] -- Up-to-date symlink: /home/zxs/ocs2_ros2_legubiao/ws/install/ocs2_msgs/local/lib/python3.10/dist-packages/ocs2_msgs/msg/_multiplier.py
[0.746s] -- Up-to-date symlink: /home/zxs/ocs2_ros2_legubiao/ws/install/ocs2_msgs/local/lib/python3.10/dist-packages/ocs2_msgs/msg/_multiplier_s.c
[0.746s] -- Up-to-date symlink: /home/zxs/ocs2_ros2_legubiao/ws/install/ocs2_msgs/local/lib/python3.10/dist-packages/ocs2_msgs/ocs2_msgs_s__rosidl_typesupport_c.cpython-310-x86_64-linux-gnu.so
[0.746s] -- Up-to-date symlink: /home/zxs/ocs2_ros2_legubiao/ws/install/ocs2_msgs/local/lib/python3.10/dist-packages/ocs2_msgs/ocs2_msgs_s__rosidl_typesupport_fastrtps_c.cpython-310-x86_64-linux-gnu.so
[0.746s] -- Up-to-date symlink: /home/zxs/ocs2_ros2_legubiao/ws/install/ocs2_msgs/local/lib/python3.10/dist-packages/ocs2_msgs/ocs2_msgs_s__rosidl_typesupport_introspection_c.cpython-310-x86_64-linux-gnu.so
[0.746s] -- Up-to-date symlink: /home/zxs/ocs2_ros2_legubiao/ws/install/ocs2_msgs/local/lib/python3.10/dist-packages/ocs2_msgs/srv/__init__.py
[0.746s] -- Up-to-date symlink: /home/zxs/ocs2_ros2_legubiao/ws/install/ocs2_msgs/local/lib/python3.10/dist-packages/ocs2_msgs/srv/_reset.py
[0.746s] -- Up-to-date symlink: /home/zxs/ocs2_ros2_legubiao/ws/install/ocs2_msgs/local/lib/python3.10/dist-packages/ocs2_msgs/srv/_reset_s.c
[0.746s] -- Up-to-date symlink: /home/zxs/ocs2_ros2_legubiao/ws/install/ocs2_msgs/local/lib/python3.10/dist-packages/ocs2_msgs/ocs2_msgs_s__rosidl_typesupport_fastrtps_c.cpython-310-x86_64-linux-gnu.so
[0.746s] -- Up-to-date symlink: /home/zxs/ocs2_ros2_legubiao/ws/install/ocs2_msgs/local/lib/python3.10/dist-packages/ocs2_msgs/ocs2_msgs_s__rosidl_typesupport_introspection_c.cpython-310-x86_64-linux-gnu.so
[0.746s] -- Up-to-date symlink: /home/zxs/ocs2_ros2_legubiao/ws/install/ocs2_msgs/local/lib/python3.10/dist-packages/ocs2_msgs/ocs2_msgs_s__rosidl_typesupport_c.cpython-310-x86_64-linux-gnu.so
[0.746s] -- Up-to-date symlink: /home/zxs/ocs2_ros2_legubiao/ws/install/ocs2_msgs/share/ocs2_msgs/msg/MpcState.idl
[0.746s] -- Up-to-date symlink: /home/zxs/ocs2_ros2_legubiao/ws/install/ocs2_msgs/share/ocs2_msgs/msg/MpcInput.idl
[0.747s] -- Up-to-date symlink: /home/zxs/ocs2_ros2_legubiao/ws/install/ocs2_msgs/share/ocs2_msgs/msg/ModeSchedule.idl
[0.747s] -- Up-to-date symlink: /home/zxs/ocs2_ros2_legubiao/ws/install/ocs2_msgs/share/ocs2_msgs/msg/MpcObservation.idl
[0.747s] -- Up-to-date symlink: /home/zxs/ocs2_ros2_legubiao/ws/install/ocs2_msgs/share/ocs2_msgs/msg/MpcPerformanceIndices.idl
[0.747s] -- Up-to-date symlink: /home/zxs/ocs2_ros2_legubiao/ws/install/ocs2_msgs/share/ocs2_msgs/msg/MpcTargetTrajectories.idl
[0.747s] -- Up-to-date symlink: /home/zxs/ocs2_ros2_legubiao/ws/install/ocs2_msgs/share/ocs2_msgs/msg/ControllerData.idl
[0.747s] -- Up-to-date symlink: /home/zxs/ocs2_ros2_legubiao/ws/install/ocs2_msgs/share/ocs2_msgs/msg/MpcFlattenedController.idl
[0.747s] -- Up-to-date symlink: /home/zxs/ocs2_ros2_legubiao/ws/install/ocs2_msgs/share/ocs2_msgs/msg/LagrangianMetrics.idl
[0.747s] -- Up-to-date symlink: /home/zxs/ocs2_ros2_legubiao/ws/install/ocs2_msgs/share/ocs2_msgs/msg/Multiplier.idl
[0.747s] -- Up-to-date symlink: /home/zxs/ocs2_ros2_legubiao/ws/install/ocs2_msgs/share/ocs2_msgs/msg/Constraint.idl
[0.747s] -- Up-to-date symlink: /home/zxs/ocs2_ros2_legubiao/ws/install/ocs2_msgs/share/ocs2_msgs/srv/Reset.idl
[0.747s] -- Up-to-date symlink: /home/zxs/ocs2_ros2_legubiao/ws/install/ocs2_msgs/share/ocs2_msgs/msg/MpcState.msg
[0.747s] -- Up-to-date symlink: /home/zxs/ocs2_ros2_legubiao/ws/install/ocs2_msgs/share/ocs2_msgs/msg/MpcInput.msg
[0.747s] -- Up-to-date symlink: /home/zxs/ocs2_ros2_legubiao/ws/install/ocs2_msgs/share/ocs2_msgs/msg/ModeSchedule.msg
[0.747s] -- Up-to-date symlink: /home/zxs/ocs2_ros2_legubiao/ws/install/ocs2_msgs/share/ocs2_msgs/msg/MpcObservation.msg
[0.747s] -- Up-to-date symlink: /home/zxs/ocs2_ros2_legubiao/ws/install/ocs2_msgs/share/ocs2_msgs/msg/MpcPerformanceIndices.msg
[0.747s] -- Up-to-date symlink: /home/zxs/ocs2_ros2_legubiao/ws/install/ocs2_msgs/share/ocs2_msgs/msg/MpcTargetTrajectories.msg
[0.748s] -- Up-to-date symlink: /home/zxs/ocs2_ros2_legubiao/ws/install/ocs2_msgs/share/ocs2_msgs/msg/ControllerData.msg
[0.748s] -- Up-to-date symlink: /home/zxs/ocs2_ros2_legubiao/ws/install/ocs2_msgs/share/ocs2_msgs/msg/MpcFlattenedController.msg
[0.748s] -- Up-to-date symlink: /home/zxs/ocs2_ros2_legubiao/ws/install/ocs2_msgs/share/ocs2_msgs/msg/LagrangianMetrics.msg
[0.748s] -- Up-to-date symlink: /home/zxs/ocs2_ros2_legubiao/ws/install/ocs2_msgs/share/ocs2_msgs/msg/Multiplier.msg
[0.748s] -- Up-to-date symlink: /home/zxs/ocs2_ros2_legubiao/ws/install/ocs2_msgs/share/ocs2_msgs/msg/Constraint.msg
[0.748s] -- Up-to-date symlink: /home/zxs/ocs2_ros2_legubiao/ws/install/ocs2_msgs/share/ocs2_msgs/srv/Reset.srv
[0.748s] -- Up-to-date symlink: /home/zxs/ocs2_ros2_legubiao/ws/install/ocs2_msgs/share/ocs2_msgs/srv/Reset_Request.msg
[0.748s] -- Up-to-date symlink: /home/zxs/ocs2_ros2_legubiao/ws/install/ocs2_msgs/share/ocs2_msgs/srv/Reset_Response.msg
[0.748s] -- Up-to-date symlink: /home/zxs/ocs2_ros2_legubiao/ws/install/ocs2_msgs/share/ament_index/resource_index/package_run_dependencies/ocs2_msgs
[0.748s] -- Up-to-date symlink: /home/zxs/ocs2_ros2_legubiao/ws/install/ocs2_msgs/share/ament_index/resource_index/parent_prefix_path/ocs2_msgs
[0.748s] -- Up-to-date symlink: /home/zxs/ocs2_ros2_legubiao/ws/install/ocs2_msgs/share/ocs2_msgs/environment/ament_prefix_path.sh
[0.748s] -- Up-to-date symlink: /home/zxs/ocs2_ros2_legubiao/ws/install/ocs2_msgs/share/ocs2_msgs/environment/ament_prefix_path.dsv
[0.748s] -- Up-to-date symlink: /home/zxs/ocs2_ros2_legubiao/ws/install/ocs2_msgs/share/ocs2_msgs/environment/path.sh
[0.748s] -- Up-to-date symlink: /home/zxs/ocs2_ros2_legubiao/ws/install/ocs2_msgs/share/ocs2_msgs/environment/path.dsv
[0.748s] -- Up-to-date symlink: /home/zxs/ocs2_ros2_legubiao/ws/install/ocs2_msgs/share/ocs2_msgs/local_setup.bash
[0.748s] -- Up-to-date symlink: /home/zxs/ocs2_ros2_legubiao/ws/install/ocs2_msgs/share/ocs2_msgs/local_setup.sh
[0.748s] -- Up-to-date symlink: /home/zxs/ocs2_ros2_legubiao/ws/install/ocs2_msgs/share/ocs2_msgs/local_setup.zsh
[0.748s] -- Up-to-date symlink: /home/zxs/ocs2_ros2_legubiao/ws/install/ocs2_msgs/share/ocs2_msgs/local_setup.dsv
[0.748s] -- Symlinking: /home/zxs/ocs2_ros2_legubiao/ws/install/ocs2_msgs/share/ocs2_msgs/package.dsv
[0.753s] -- Up-to-date symlink: /home/zxs/ocs2_ros2_legubiao/ws/install/ocs2_msgs/share/ament_index/resource_index/packages/ocs2_msgs
[0.753s] -- Up-to-date symlink: /home/zxs/ocs2_ros2_legubiao/ws/install/ocs2_msgs/share/ocs2_msgs/cmake/rosidl_cmake-extras.cmake
[0.753s] -- Up-to-date symlink: /home/zxs/ocs2_ros2_legubiao/ws/install/ocs2_msgs/share/ocs2_msgs/cmake/ament_cmake_export_include_directories-extras.cmake
[0.753s] -- Up-to-date symlink: /home/zxs/ocs2_ros2_legubiao/ws/install/ocs2_msgs/share/ocs2_msgs/cmake/ament_cmake_export_libraries-extras.cmake
[0.753s] -- Up-to-date symlink: /home/zxs/ocs2_ros2_legubiao/ws/install/ocs2_msgs/share/ocs2_msgs/cmake/ament_cmake_export_targets-extras.cmake
[0.753s] -- Up-to-date symlink: /home/zxs/ocs2_ros2_legubiao/ws/install/ocs2_msgs/share/ocs2_msgs/cmake/rosidl_cmake_export_typesupport_targets-extras.cmake
[0.753s] -- Up-to-date symlink: /home/zxs/ocs2_ros2_legubiao/ws/install/ocs2_msgs/share/ocs2_msgs/cmake/ament_cmake_export_dependencies-extras.cmake
[0.753s] -- Up-to-date symlink: /home/zxs/ocs2_ros2_legubiao/ws/install/ocs2_msgs/share/ocs2_msgs/cmake/rosidl_cmake_export_typesupport_libraries-extras.cmake
[0.753s] -- Up-to-date symlink: /home/zxs/ocs2_ros2_legubiao/ws/install/ocs2_msgs/share/ocs2_msgs/cmake/ocs2_msgsConfig.cmake
[0.753s] -- Up-to-date symlink: /home/zxs/ocs2_ros2_legubiao/ws/install/ocs2_msgs/share/ocs2_msgs/cmake/ocs2_msgsConfig-version.cmake
[0.754s] -- Up-to-date symlink: /home/zxs/ocs2_ros2_legubiao/ws/install/ocs2_msgs/share/ocs2_msgs/package.xml
[0.754s] -- Up-to-date: /home/zxs/ocs2_ros2_legubiao/ws/install/ocs2_msgs/lib/libocs2_msgs__rosidl_generator_c.so
[0.754s] -- Up-to-date: /home/zxs/ocs2_ros2_legubiao/ws/install/ocs2_msgs/lib/libocs2_msgs__rosidl_typesupport_fastrtps_c.so
[0.754s] -- Up-to-date: /home/zxs/ocs2_ros2_legubiao/ws/install/ocs2_msgs/lib/libocs2_msgs__rosidl_typesupport_introspection_c.so
[0.754s] -- Up-to-date: /home/zxs/ocs2_ros2_legubiao/ws/install/ocs2_msgs/lib/libocs2_msgs__rosidl_typesupport_c.so
[0.754s] -- Up-to-date: /home/zxs/ocs2_ros2_legubiao/ws/install/ocs2_msgs/lib/libocs2_msgs__rosidl_typesupport_fastrtps_cpp.so
[0.754s] -- Up-to-date: /home/zxs/ocs2_ros2_legubiao/ws/install/ocs2_msgs/lib/libocs2_msgs__rosidl_typesupport_introspection_cpp.so
[0.754s] -- Up-to-date: /home/zxs/ocs2_ros2_legubiao/ws/install/ocs2_msgs/lib/libocs2_msgs__rosidl_typesupport_cpp.so
[0.772s] Listing '/home/zxs/ocs2_ros2_legubiao/ws/install/ocs2_msgs/local/lib/python3.10/dist-packages/ocs2_msgs'...
[0.772s] Compiling '/home/zxs/ocs2_ros2_legubiao/ws/install/ocs2_msgs/local/lib/python3.10/dist-packages/ocs2_msgs/__init__.py'...
[0.772s] Listing '/home/zxs/ocs2_ros2_legubiao/ws/install/ocs2_msgs/local/lib/python3.10/dist-packages/ocs2_msgs/msg'...
[0.772s] Listing '/home/zxs/ocs2_ros2_legubiao/ws/install/ocs2_msgs/local/lib/python3.10/dist-packages/ocs2_msgs/srv'...
[0.774s] -- Up-to-date: /home/zxs/ocs2_ros2_legubiao/ws/install/ocs2_msgs/lib/libocs2_msgs__rosidl_generator_py.so
[0.774s] -- Up-to-date: /home/zxs/ocs2_ros2_legubiao/ws/install/ocs2_msgs/share/ocs2_msgs/cmake/export_ocs2_msgs__rosidl_generator_cExport.cmake
[0.774s] -- Up-to-date: /home/zxs/ocs2_ros2_legubiao/ws/install/ocs2_msgs/share/ocs2_msgs/cmake/export_ocs2_msgs__rosidl_generator_cExport-noconfig.cmake
[0.774s] -- Up-to-date: /home/zxs/ocs2_ros2_legubiao/ws/install/ocs2_msgs/share/ocs2_msgs/cmake/export_ocs2_msgs__rosidl_typesupport_fastrtps_cExport.cmake
[0.774s] -- Up-to-date: /home/zxs/ocs2_ros2_legubiao/ws/install/ocs2_msgs/share/ocs2_msgs/cmake/export_ocs2_msgs__rosidl_typesupport_fastrtps_cExport-noconfig.cmake
[0.774s] -- Up-to-date: /home/zxs/ocs2_ros2_legubiao/ws/install/ocs2_msgs/share/ocs2_msgs/cmake/ocs2_msgs__rosidl_typesupport_introspection_cExport.cmake
[0.774s] -- Up-to-date: /home/zxs/ocs2_ros2_legubiao/ws/install/ocs2_msgs/share/ocs2_msgs/cmake/ocs2_msgs__rosidl_typesupport_introspection_cExport-noconfig.cmake
[0.774s] -- Up-to-date: /home/zxs/ocs2_ros2_legubiao/ws/install/ocs2_msgs/share/ocs2_msgs/cmake/ocs2_msgs__rosidl_typesupport_cExport.cmake
[0.774s] -- Up-to-date: /home/zxs/ocs2_ros2_legubiao/ws/install/ocs2_msgs/share/ocs2_msgs/cmake/ocs2_msgs__rosidl_typesupport_cExport-noconfig.cmake
[0.774s] -- Up-to-date: /home/zxs/ocs2_ros2_legubiao/ws/install/ocs2_msgs/share/ocs2_msgs/cmake/export_ocs2_msgs__rosidl_generator_cppExport.cmake
[0.774s] -- Up-to-date: /home/zxs/ocs2_ros2_legubiao/ws/install/ocs2_msgs/share/ocs2_msgs/cmake/export_ocs2_msgs__rosidl_typesupport_fastrtps_cppExport.cmake
[0.774s] -- Up-to-date: /home/zxs/ocs2_ros2_legubiao/ws/install/ocs2_msgs/share/ocs2_msgs/cmake/export_ocs2_msgs__rosidl_typesupport_fastrtps_cppExport-noconfig.cmake
[0.774s] -- Up-to-date: /home/zxs/ocs2_ros2_legubiao/ws/install/ocs2_msgs/share/ocs2_msgs/cmake/ocs2_msgs__rosidl_typesupport_introspection_cppExport.cmake
[0.774s] -- Up-to-date: /home/zxs/ocs2_ros2_legubiao/ws/install/ocs2_msgs/share/ocs2_msgs/cmake/ocs2_msgs__rosidl_typesupport_introspection_cppExport-noconfig.cmake
[0.774s] -- Up-to-date: /home/zxs/ocs2_ros2_legubiao/ws/install/ocs2_msgs/share/ocs2_msgs/cmake/ocs2_msgs__rosidl_typesupport_cppExport.cmake
[0.774s] -- Up-to-date: /home/zxs/ocs2_ros2_legubiao/ws/install/ocs2_msgs/share/ocs2_msgs/cmake/ocs2_msgs__rosidl_typesupport_cppExport-noconfig.cmake
[0.774s] -- Up-to-date: /home/zxs/ocs2_ros2_legubiao/ws/install/ocs2_msgs/share/ocs2_msgs/cmake/export_ocs2_msgs__rosidl_generator_pyExport.cmake
[0.774s] -- Up-to-date: /home/zxs/ocs2_ros2_legubiao/ws/install/ocs2_msgs/share/ocs2_msgs/cmake/export_ocs2_msgs__rosidl_generator_pyExport-noconfig.cmake
[0.775s] Invoked command in '/home/zxs/ocs2_ros2_legubiao/ws/build/ocs2_msgs' returned '0': CMAKE_PREFIX_PATH=${CMAKE_PREFIX_PATH}:/opt/ros/humble /usr/bin/cmake --install /home/zxs/ocs2_ros2_legubiao/ws/build/ocs2_msgs
