-- The C compiler identification is GNU 12.3.0
-- The CXX compiler identification is GNU 12.3.0
-- Detecting C compiler ABI info
-- Detecting C compiler ABI info - done
-- Check for working C compiler: /usr/bin/cc - skipped
-- Detecting C compile features
-- Detecting C compile features - done
-- Detecting CXX compiler ABI info
-- Detecting CXX compiler ABI info - done
-- Check for working CXX compiler: /usr/bin/c++ - skipped
-- Detecting CXX compile features
-- Detecting CXX compile features - done
-- Found ament_cmake: 1.3.11 (/opt/ros/humble/share/ament_cmake/cmake)
-- Found Python3: /usr/bin/python3 (found version "3.10.13") found components: Interpreter 
-- Override CMake install command with custom implementation using symlinks instead of copying resources
-- Found ocs2_oc: 0.0.0 (/home/zxs/ocs2_ros2_legubiao/ws/install/ocs2_oc/share/ocs2_oc/cmake)
-- Found OpenMP_C: -fopenmp (found version "4.5") 
-- Found OpenMP_CXX: -fopenmp (found version "4.5") 
-- Found OpenMP: TRUE (found version "4.5")  
-- Found Boost: /usr/lib/x86_64-linux-gnu/cmake/Boost-1.74.0/BoostConfig.cmake (found version "1.74.0") found components: system filesystem log_setup log 
-- Found ament_lint_auto: 0.12.12 (/opt/ros/humble/share/ament_lint_auto/cmake)
-- Found ament_cmake_gtest: 1.3.11 (/opt/ros/humble/share/ament_cmake_gtest/cmake)
-- Found gtest sources under '/opt/ros/humble/src/gtest_vendor': C++ tests using 'Google Test' will be built
-- Found Threads: TRUE  
-- Added test 'copyright' to check source files copyright and LICENSE
-- Added test 'cppcheck' to perform static code analysis on C / C++ code
-- Configured cppcheck include dirs: $<BUILD_INTERFACE:/home/zxs/ocs2_ros2_legubiao/ws/src/ocs2_ros2/robotics/ocs2_robotic_tools/include>
-- Configured cppcheck exclude dirs and/or files: 
-- Added test 'cpplint' to check C / C++ code against the Google style
-- Configured cpplint exclude dirs and/or files: 
-- Added test 'lint_cmake' to check CMake code style
-- Added test 'uncrustify' to check C / C++ code style
-- Configured uncrustify additional arguments: 
-- Added test 'xmllint' to check XML markup files
-- Configuring done
-- Generating done
-- Build files have been written to: /home/zxs/ocs2_ros2_legubiao/ws/build/ocs2_robotic_tools
[ 10%] [32mBuilding CXX object gtest/CMakeFiles/gtest_main.dir/src/gtest_main.cc.o[0m
[ 20%] [32mBuilding CXX object gtest/CMakeFiles/gtest.dir/src/gtest-all.cc.o[0m
[ 40%] [32mBuilding CXX object CMakeFiles/ocs2_robotic_tools.dir/src/common/LoopshapingRobotInterface.cpp.o[0m
[ 40%] [32mBuilding CXX object CMakeFiles/ocs2_robotic_tools.dir/src/common/RotationTransforms.cpp.o[0m
[ 50%] [32m[1mLinking CXX static library libgtest_main.a[0m
[ 50%] Built target gtest_main
[ 60%] [32m[1mLinking CXX static library libocs2_robotic_tools.a[0m
[ 60%] Built target ocs2_robotic_tools
[ 70%] [32m[1mLinking CXX static library libgtest.a[0m
[ 70%] Built target gtest
[ 90%] [32mBuilding CXX object CMakeFiles/rotation_transform_tests.dir/test/common/TestRotationTransforms.cpp.o[0m
[ 90%] [32mBuilding CXX object CMakeFiles/rotation_transform_tests.dir/test/common/TestRotationDerivativesTransforms.cpp.o[0m
[100%] [32m[1mLinking CXX executable rotation_transform_tests[0m
[100%] Built target rotation_transform_tests
-- Install configuration: "Release"
-- Execute custom install script
-- Symlinking: /home/zxs/ocs2_ros2_legubiao/ws/install/ocs2_robotic_tools/include/ocs2_robotic_tools/ocs2_robotic_tools/common/AngularVelocityMapping.h
-- Symlinking: /home/zxs/ocs2_ros2_legubiao/ws/install/ocs2_robotic_tools/include/ocs2_robotic_tools/ocs2_robotic_tools/common/LoopshapingRobotInterface.h
-- Symlinking: /home/zxs/ocs2_ros2_legubiao/ws/install/ocs2_robotic_tools/include/ocs2_robotic_tools/ocs2_robotic_tools/common/RobotInterface.h
-- Symlinking: /home/zxs/ocs2_ros2_legubiao/ws/install/ocs2_robotic_tools/include/ocs2_robotic_tools/ocs2_robotic_tools/common/RotationDerivativesTransforms.h
-- Symlinking: /home/zxs/ocs2_ros2_legubiao/ws/install/ocs2_robotic_tools/include/ocs2_robotic_tools/ocs2_robotic_tools/common/RotationTransforms.h
-- Symlinking: /home/zxs/ocs2_ros2_legubiao/ws/install/ocs2_robotic_tools/include/ocs2_robotic_tools/ocs2_robotic_tools/common/SkewSymmetricMatrix.h
-- Symlinking: /home/zxs/ocs2_ros2_legubiao/ws/install/ocs2_robotic_tools/include/ocs2_robotic_tools/ocs2_robotic_tools/end_effector/EndEffectorKinematics.h
-- Symlinking: /home/zxs/ocs2_ros2_legubiao/ws/install/ocs2_robotic_tools/share/ocs2_robotic_tools/environment/library_path.sh
-- Symlinking: /home/zxs/ocs2_ros2_legubiao/ws/install/ocs2_robotic_tools/share/ocs2_robotic_tools/environment/library_path.dsv
-- Symlinking: /home/zxs/ocs2_ros2_legubiao/ws/install/ocs2_robotic_tools/share/ament_index/resource_index/package_run_dependencies/ocs2_robotic_tools
-- Symlinking: /home/zxs/ocs2_ros2_legubiao/ws/install/ocs2_robotic_tools/share/ament_index/resource_index/parent_prefix_path/ocs2_robotic_tools
-- Symlinking: /home/zxs/ocs2_ros2_legubiao/ws/install/ocs2_robotic_tools/share/ocs2_robotic_tools/environment/ament_prefix_path.sh
-- Symlinking: /home/zxs/ocs2_ros2_legubiao/ws/install/ocs2_robotic_tools/share/ocs2_robotic_tools/environment/ament_prefix_path.dsv
-- Symlinking: /home/zxs/ocs2_ros2_legubiao/ws/install/ocs2_robotic_tools/share/ocs2_robotic_tools/environment/path.sh
-- Symlinking: /home/zxs/ocs2_ros2_legubiao/ws/install/ocs2_robotic_tools/share/ocs2_robotic_tools/environment/path.dsv
-- Symlinking: /home/zxs/ocs2_ros2_legubiao/ws/install/ocs2_robotic_tools/share/ocs2_robotic_tools/local_setup.bash
-- Symlinking: /home/zxs/ocs2_ros2_legubiao/ws/install/ocs2_robotic_tools/share/ocs2_robotic_tools/local_setup.sh
-- Symlinking: /home/zxs/ocs2_ros2_legubiao/ws/install/ocs2_robotic_tools/share/ocs2_robotic_tools/local_setup.zsh
-- Symlinking: /home/zxs/ocs2_ros2_legubiao/ws/install/ocs2_robotic_tools/share/ocs2_robotic_tools/local_setup.dsv
-- Symlinking: /home/zxs/ocs2_ros2_legubiao/ws/install/ocs2_robotic_tools/share/ocs2_robotic_tools/package.dsv
-- Symlinking: /home/zxs/ocs2_ros2_legubiao/ws/install/ocs2_robotic_tools/share/ament_index/resource_index/packages/ocs2_robotic_tools
-- Symlinking: /home/zxs/ocs2_ros2_legubiao/ws/install/ocs2_robotic_tools/share/ocs2_robotic_tools/cmake/ament_cmake_export_dependencies-extras.cmake
-- Symlinking: /home/zxs/ocs2_ros2_legubiao/ws/install/ocs2_robotic_tools/share/ocs2_robotic_tools/cmake/ament_cmake_export_targets-extras.cmake
-- Symlinking: /home/zxs/ocs2_ros2_legubiao/ws/install/ocs2_robotic_tools/share/ocs2_robotic_tools/cmake/ocs2_robotic_toolsConfig.cmake
-- Symlinking: /home/zxs/ocs2_ros2_legubiao/ws/install/ocs2_robotic_tools/share/ocs2_robotic_tools/cmake/ocs2_robotic_toolsConfig-version.cmake
-- Symlinking: /home/zxs/ocs2_ros2_legubiao/ws/install/ocs2_robotic_tools/share/ocs2_robotic_tools/package.xml
-- Installing: /home/zxs/ocs2_ros2_legubiao/ws/install/ocs2_robotic_tools/lib/libocs2_robotic_tools.a
-- Installing: /home/zxs/ocs2_ros2_legubiao/ws/install/ocs2_robotic_tools/share/ocs2_robotic_tools/cmake/export_ocs2_robotic_toolsExport.cmake
-- Installing: /home/zxs/ocs2_ros2_legubiao/ws/install/ocs2_robotic_tools/share/ocs2_robotic_tools/cmake/export_ocs2_robotic_toolsExport-release.cmake
