-- Install configuration: "Release"
-- Up-to-date: /home/zxs/ocs2_ros2_legubiao/ws/install/humanoid_legged_description/share/humanoid_legged_description//config
-- Up-to-date: /home/zxs/ocs2_ros2_legubiao/ws/install/humanoid_legged_description/share/humanoid_legged_description//config/joint_names_humanoid_legged.yaml
-- Up-to-date: /home/zxs/ocs2_ros2_legubiao/ws/install/humanoid_legged_description/share/humanoid_legged_description//launch
-- Up-to-date: /home/zxs/ocs2_ros2_legubiao/ws/install/humanoid_legged_description/share/humanoid_legged_description//launch/visualize.launch_.py
-- Up-to-date: /home/zxs/ocs2_ros2_legubiao/ws/install/humanoid_legged_description/share/humanoid_legged_description//launch/visualize.launch.py
-- Up-to-date: /home/zxs/ocs2_ros2_legubiao/ws/install/humanoid_legged_description/share/humanoid_legged_description//urdf
-- Up-to-date: /home/zxs/ocs2_ros2_legubiao/ws/install/humanoid_legged_description/share/humanoid_legged_description//urdf/humanoid_legged_origin.urdf
-- Up-to-date: /home/zxs/ocs2_ros2_legubiao/ws/install/humanoid_legged_description/share/humanoid_legged_description//urdf/humanoid_legged_control_.urdf
-- Up-to-date: /home/zxs/ocs2_ros2_legubiao/ws/install/humanoid_legged_description/share/humanoid_legged_description//rviz
-- Up-to-date: /home/zxs/ocs2_ros2_legubiao/ws/install/humanoid_legged_description/share/humanoid_legged_description//rviz/humanoid_legged_control.rviz
-- Up-to-date: /home/zxs/ocs2_ros2_legubiao/ws/install/humanoid_legged_description/share/humanoid_legged_description//mjcf
-- Up-to-date: /home/zxs/ocs2_ros2_legubiao/ws/install/humanoid_legged_description/share/humanoid_legged_description//mjcf/asset
-- Up-to-date: /home/zxs/ocs2_ros2_legubiao/ws/install/humanoid_legged_description/share/humanoid_legged_description//mjcf/asset/block.png
-- Up-to-date: /home/zxs/ocs2_ros2_legubiao/ws/install/humanoid_legged_description/share/humanoid_legged_description//mjcf/humanoid_legged_control_.xml
-- Up-to-date: /home/zxs/ocs2_ros2_legubiao/ws/install/humanoid_legged_description/share/humanoid_legged_description//meshes
-- Up-to-date: /home/zxs/ocs2_ros2_legubiao/ws/install/humanoid_legged_description/share/humanoid_legged_description//meshes/arm_r2_link.STL
-- Up-to-date: /home/zxs/ocs2_ros2_legubiao/ws/install/humanoid_legged_description/share/humanoid_legged_description//meshes/leg_r6_link.STL
-- Up-to-date: /home/zxs/ocs2_ros2_legubiao/ws/install/humanoid_legged_description/share/humanoid_legged_description//meshes/leg_r3_link.STL
-- Up-to-date: /home/zxs/ocs2_ros2_legubiao/ws/install/humanoid_legged_description/share/humanoid_legged_description//meshes/leg_r5_link.STL
-- Up-to-date: /home/zxs/ocs2_ros2_legubiao/ws/install/humanoid_legged_description/share/humanoid_legged_description//meshes/leg_r2_link.STL
-- Up-to-date: /home/zxs/ocs2_ros2_legubiao/ws/install/humanoid_legged_description/share/humanoid_legged_description//meshes/leg_l1_link.STL
-- Up-to-date: /home/zxs/ocs2_ros2_legubiao/ws/install/humanoid_legged_description/share/humanoid_legged_description//meshes/arm_l1_link.STL
-- Up-to-date: /home/zxs/ocs2_ros2_legubiao/ws/install/humanoid_legged_description/share/humanoid_legged_description//meshes/leg_l3_link.STL
-- Up-to-date: /home/zxs/ocs2_ros2_legubiao/ws/install/humanoid_legged_description/share/humanoid_legged_description//meshes/leg_r4_link.STL
-- Up-to-date: /home/zxs/ocs2_ros2_legubiao/ws/install/humanoid_legged_description/share/humanoid_legged_description//meshes/arm_r5_link.STL
-- Up-to-date: /home/zxs/ocs2_ros2_legubiao/ws/install/humanoid_legged_description/share/humanoid_legged_description//meshes/leg_l6_link.STL
-- Up-to-date: /home/zxs/ocs2_ros2_legubiao/ws/install/humanoid_legged_description/share/humanoid_legged_description//meshes/leg_l5_link.STL
-- Up-to-date: /home/zxs/ocs2_ros2_legubiao/ws/install/humanoid_legged_description/share/humanoid_legged_description//meshes/arm_r4_link.STL
-- Up-to-date: /home/zxs/ocs2_ros2_legubiao/ws/install/humanoid_legged_description/share/humanoid_legged_description//meshes/leg_l4_link.STL
-- Up-to-date: /home/zxs/ocs2_ros2_legubiao/ws/install/humanoid_legged_description/share/humanoid_legged_description//meshes/arm_r3_link.STL
-- Up-to-date: /home/zxs/ocs2_ros2_legubiao/ws/install/humanoid_legged_description/share/humanoid_legged_description//meshes/arm_r6_link.STL
-- Up-to-date: /home/zxs/ocs2_ros2_legubiao/ws/install/humanoid_legged_description/share/humanoid_legged_description//meshes/arm_l5_link.STL
-- Up-to-date: /home/zxs/ocs2_ros2_legubiao/ws/install/humanoid_legged_description/share/humanoid_legged_description//meshes/arm_l3_link.STL
-- Up-to-date: /home/zxs/ocs2_ros2_legubiao/ws/install/humanoid_legged_description/share/humanoid_legged_description//meshes/head_yaw_link.STL
-- Up-to-date: /home/zxs/ocs2_ros2_legubiao/ws/install/humanoid_legged_description/share/humanoid_legged_description//meshes/arm_r1_link.STL
-- Up-to-date: /home/zxs/ocs2_ros2_legubiao/ws/install/humanoid_legged_description/share/humanoid_legged_description//meshes/arm_l6_link.STL
-- Up-to-date: /home/zxs/ocs2_ros2_legubiao/ws/install/humanoid_legged_description/share/humanoid_legged_description//meshes/waist_yaw_link.STL
-- Up-to-date: /home/zxs/ocs2_ros2_legubiao/ws/install/humanoid_legged_description/share/humanoid_legged_description//meshes/leg_l2_link.STL
-- Up-to-date: /home/zxs/ocs2_ros2_legubiao/ws/install/humanoid_legged_description/share/humanoid_legged_description//meshes/arm_l2_link.STL
-- Up-to-date: /home/zxs/ocs2_ros2_legubiao/ws/install/humanoid_legged_description/share/humanoid_legged_description//meshes/arm_l4_link.STL
-- Up-to-date: /home/zxs/ocs2_ros2_legubiao/ws/install/humanoid_legged_description/share/humanoid_legged_description//meshes/base_link.STL
-- Up-to-date: /home/zxs/ocs2_ros2_legubiao/ws/install/humanoid_legged_description/share/humanoid_legged_description//meshes/leg_r1_link.STL
-- Up-to-date: /home/zxs/ocs2_ros2_legubiao/ws/install/humanoid_legged_description/share/ament_index/resource_index/package_run_dependencies/humanoid_legged_description
-- Up-to-date: /home/zxs/ocs2_ros2_legubiao/ws/install/humanoid_legged_description/share/ament_index/resource_index/parent_prefix_path/humanoid_legged_description
-- Up-to-date: /home/zxs/ocs2_ros2_legubiao/ws/install/humanoid_legged_description/share/humanoid_legged_description/environment/ament_prefix_path.sh
-- Up-to-date: /home/zxs/ocs2_ros2_legubiao/ws/install/humanoid_legged_description/share/humanoid_legged_description/environment/ament_prefix_path.dsv
-- Up-to-date: /home/zxs/ocs2_ros2_legubiao/ws/install/humanoid_legged_description/share/humanoid_legged_description/environment/path.sh
-- Up-to-date: /home/zxs/ocs2_ros2_legubiao/ws/install/humanoid_legged_description/share/humanoid_legged_description/environment/path.dsv
-- Up-to-date: /home/zxs/ocs2_ros2_legubiao/ws/install/humanoid_legged_description/share/humanoid_legged_description/local_setup.bash
-- Up-to-date: /home/zxs/ocs2_ros2_legubiao/ws/install/humanoid_legged_description/share/humanoid_legged_description/local_setup.sh
-- Up-to-date: /home/zxs/ocs2_ros2_legubiao/ws/install/humanoid_legged_description/share/humanoid_legged_description/local_setup.zsh
-- Up-to-date: /home/zxs/ocs2_ros2_legubiao/ws/install/humanoid_legged_description/share/humanoid_legged_description/local_setup.dsv
-- Up-to-date: /home/zxs/ocs2_ros2_legubiao/ws/install/humanoid_legged_description/share/humanoid_legged_description/package.dsv
-- Up-to-date: /home/zxs/ocs2_ros2_legubiao/ws/install/humanoid_legged_description/share/ament_index/resource_index/packages/humanoid_legged_description
-- Up-to-date: /home/zxs/ocs2_ros2_legubiao/ws/install/humanoid_legged_description/share/humanoid_legged_description/cmake/humanoid_legged_descriptionConfig.cmake
-- Up-to-date: /home/zxs/ocs2_ros2_legubiao/ws/install/humanoid_legged_description/share/humanoid_legged_description/cmake/humanoid_legged_descriptionConfig-version.cmake
-- Up-to-date: /home/zxs/ocs2_ros2_legubiao/ws/install/humanoid_legged_description/share/humanoid_legged_description/package.xml
