[0.005s] Invoking command in '/home/zxs/ocs2_ros2_legubiao/ws/build/humanoid_legged_description': CMAKE_PREFIX_PATH=${CMAKE_PREFIX_PATH}:/opt/ros/humble /usr/bin/cmake --build /home/zxs/ocs2_ros2_legubiao/ws/build/humanoid_legged_description -- -j28 -l28
[0.029s] Invoked command in '/home/zxs/ocs2_ros2_legubiao/ws/build/humanoid_legged_description' returned '0': CMAKE_PREFIX_PATH=${CMAKE_PREFIX_PATH}:/opt/ros/humble /usr/bin/cmake --build /home/zxs/ocs2_ros2_legubiao/ws/build/humanoid_legged_description -- -j28 -l28
[0.034s] Invoking command in '/home/zxs/ocs2_ros2_legubiao/ws/build/humanoid_legged_description': CMAKE_PREFIX_PATH=${CMAKE_PREFIX_PATH}:/opt/ros/humble /usr/bin/cmake --install /home/zxs/ocs2_ros2_legubiao/ws/build/humanoid_legged_description
[0.037s] -- Install configuration: "Release"
[0.037s] -- Up-to-date: /home/zxs/ocs2_ros2_legubiao/ws/install/humanoid_legged_description/share/humanoid_legged_description//config
[0.037s] -- Up-to-date: /home/zxs/ocs2_ros2_legubiao/ws/install/humanoid_legged_description/share/humanoid_legged_description//config/joint_names_humanoid_legged.yaml
[0.037s] -- Up-to-date: /home/zxs/ocs2_ros2_legubiao/ws/install/humanoid_legged_description/share/humanoid_legged_description//launch
[0.037s] -- Up-to-date: /home/zxs/ocs2_ros2_legubiao/ws/install/humanoid_legged_description/share/humanoid_legged_description//launch/visualize.launch_.py
[0.037s] -- Up-to-date: /home/zxs/ocs2_ros2_legubiao/ws/install/humanoid_legged_description/share/humanoid_legged_description//launch/visualize.launch.py
[0.037s] -- Up-to-date: /home/zxs/ocs2_ros2_legubiao/ws/install/humanoid_legged_description/share/humanoid_legged_description//urdf
[0.037s] -- Up-to-date: /home/zxs/ocs2_ros2_legubiao/ws/install/humanoid_legged_description/share/humanoid_legged_description//urdf/humanoid_legged_origin.urdf
[0.037s] -- Up-to-date: /home/zxs/ocs2_ros2_legubiao/ws/install/humanoid_legged_description/share/humanoid_legged_description//urdf/humanoid_legged_control_.urdf
[0.037s] -- Up-to-date: /home/zxs/ocs2_ros2_legubiao/ws/install/humanoid_legged_description/share/humanoid_legged_description//rviz
[0.037s] -- Up-to-date: /home/zxs/ocs2_ros2_legubiao/ws/install/humanoid_legged_description/share/humanoid_legged_description//rviz/humanoid_legged_control.rviz
[0.037s] -- Up-to-date: /home/zxs/ocs2_ros2_legubiao/ws/install/humanoid_legged_description/share/humanoid_legged_description//mjcf
[0.038s] -- Up-to-date: /home/zxs/ocs2_ros2_legubiao/ws/install/humanoid_legged_description/share/humanoid_legged_description//mjcf/asset
[0.038s] -- Up-to-date: /home/zxs/ocs2_ros2_legubiao/ws/install/humanoid_legged_description/share/humanoid_legged_description//mjcf/asset/block.png
[0.038s] -- Up-to-date: /home/zxs/ocs2_ros2_legubiao/ws/install/humanoid_legged_description/share/humanoid_legged_description//mjcf/humanoid_legged_control_.xml
[0.038s] -- Up-to-date: /home/zxs/ocs2_ros2_legubiao/ws/install/humanoid_legged_description/share/humanoid_legged_description//meshes
[0.038s] -- Up-to-date: /home/zxs/ocs2_ros2_legubiao/ws/install/humanoid_legged_description/share/humanoid_legged_description//meshes/arm_r2_link.STL
[0.038s] -- Up-to-date: /home/zxs/ocs2_ros2_legubiao/ws/install/humanoid_legged_description/share/humanoid_legged_description//meshes/leg_r6_link.STL
[0.038s] -- Up-to-date: /home/zxs/ocs2_ros2_legubiao/ws/install/humanoid_legged_description/share/humanoid_legged_description//meshes/leg_r3_link.STL
[0.038s] -- Up-to-date: /home/zxs/ocs2_ros2_legubiao/ws/install/humanoid_legged_description/share/humanoid_legged_description//meshes/leg_r5_link.STL
[0.038s] -- Up-to-date: /home/zxs/ocs2_ros2_legubiao/ws/install/humanoid_legged_description/share/humanoid_legged_description//meshes/leg_r2_link.STL
[0.038s] -- Up-to-date: /home/zxs/ocs2_ros2_legubiao/ws/install/humanoid_legged_description/share/humanoid_legged_description//meshes/leg_l1_link.STL
[0.038s] -- Up-to-date: /home/zxs/ocs2_ros2_legubiao/ws/install/humanoid_legged_description/share/humanoid_legged_description//meshes/arm_l1_link.STL
[0.038s] -- Up-to-date: /home/zxs/ocs2_ros2_legubiao/ws/install/humanoid_legged_description/share/humanoid_legged_description//meshes/leg_l3_link.STL
[0.038s] -- Up-to-date: /home/zxs/ocs2_ros2_legubiao/ws/install/humanoid_legged_description/share/humanoid_legged_description//meshes/leg_r4_link.STL
[0.038s] -- Up-to-date: /home/zxs/ocs2_ros2_legubiao/ws/install/humanoid_legged_description/share/humanoid_legged_description//meshes/arm_r5_link.STL
[0.038s] -- Up-to-date: /home/zxs/ocs2_ros2_legubiao/ws/install/humanoid_legged_description/share/humanoid_legged_description//meshes/leg_l6_link.STL
[0.038s] -- Up-to-date: /home/zxs/ocs2_ros2_legubiao/ws/install/humanoid_legged_description/share/humanoid_legged_description//meshes/leg_l5_link.STL
[0.038s] -- Up-to-date: /home/zxs/ocs2_ros2_legubiao/ws/install/humanoid_legged_description/share/humanoid_legged_description//meshes/arm_r4_link.STL
[0.038s] -- Up-to-date: /home/zxs/ocs2_ros2_legubiao/ws/install/humanoid_legged_description/share/humanoid_legged_description//meshes/leg_l4_link.STL
[0.038s] -- Up-to-date: /home/zxs/ocs2_ros2_legubiao/ws/install/humanoid_legged_description/share/humanoid_legged_description//meshes/arm_r3_link.STL
[0.038s] -- Up-to-date: /home/zxs/ocs2_ros2_legubiao/ws/install/humanoid_legged_description/share/humanoid_legged_description//meshes/arm_r6_link.STL
[0.038s] -- Up-to-date: /home/zxs/ocs2_ros2_legubiao/ws/install/humanoid_legged_description/share/humanoid_legged_description//meshes/arm_l5_link.STL
[0.038s] -- Up-to-date: /home/zxs/ocs2_ros2_legubiao/ws/install/humanoid_legged_description/share/humanoid_legged_description//meshes/arm_l3_link.STL
[0.038s] -- Up-to-date: /home/zxs/ocs2_ros2_legubiao/ws/install/humanoid_legged_description/share/humanoid_legged_description//meshes/head_yaw_link.STL
[0.038s] -- Up-to-date: /home/zxs/ocs2_ros2_legubiao/ws/install/humanoid_legged_description/share/humanoid_legged_description//meshes/arm_r1_link.STL
[0.038s] -- Up-to-date: /home/zxs/ocs2_ros2_legubiao/ws/install/humanoid_legged_description/share/humanoid_legged_description//meshes/arm_l6_link.STL
[0.038s] -- Up-to-date: /home/zxs/ocs2_ros2_legubiao/ws/install/humanoid_legged_description/share/humanoid_legged_description//meshes/waist_yaw_link.STL
[0.038s] -- Up-to-date: /home/zxs/ocs2_ros2_legubiao/ws/install/humanoid_legged_description/share/humanoid_legged_description//meshes/leg_l2_link.STL
[0.038s] -- Up-to-date: /home/zxs/ocs2_ros2_legubiao/ws/install/humanoid_legged_description/share/humanoid_legged_description//meshes/arm_l2_link.STL
[0.038s] -- Up-to-date: /home/zxs/ocs2_ros2_legubiao/ws/install/humanoid_legged_description/share/humanoid_legged_description//meshes/arm_l4_link.STL
[0.038s] -- Up-to-date: /home/zxs/ocs2_ros2_legubiao/ws/install/humanoid_legged_description/share/humanoid_legged_description//meshes/base_link.STL
[0.038s] -- Up-to-date: /home/zxs/ocs2_ros2_legubiao/ws/install/humanoid_legged_description/share/humanoid_legged_description//meshes/leg_r1_link.STL
[0.038s] -- Up-to-date: /home/zxs/ocs2_ros2_legubiao/ws/install/humanoid_legged_description/share/ament_index/resource_index/package_run_dependencies/humanoid_legged_description
[0.038s] -- Up-to-date: /home/zxs/ocs2_ros2_legubiao/ws/install/humanoid_legged_description/share/ament_index/resource_index/parent_prefix_path/humanoid_legged_description
[0.038s] -- Up-to-date: /home/zxs/ocs2_ros2_legubiao/ws/install/humanoid_legged_description/share/humanoid_legged_description/environment/ament_prefix_path.sh
[0.038s] -- Up-to-date: /home/zxs/ocs2_ros2_legubiao/ws/install/humanoid_legged_description/share/humanoid_legged_description/environment/ament_prefix_path.dsv
[0.038s] -- Up-to-date: /home/zxs/ocs2_ros2_legubiao/ws/install/humanoid_legged_description/share/humanoid_legged_description/environment/path.sh
[0.038s] -- Up-to-date: /home/zxs/ocs2_ros2_legubiao/ws/install/humanoid_legged_description/share/humanoid_legged_description/environment/path.dsv
[0.038s] -- Up-to-date: /home/zxs/ocs2_ros2_legubiao/ws/install/humanoid_legged_description/share/humanoid_legged_description/local_setup.bash
[0.038s] -- Up-to-date: /home/zxs/ocs2_ros2_legubiao/ws/install/humanoid_legged_description/share/humanoid_legged_description/local_setup.sh
[0.038s] -- Up-to-date: /home/zxs/ocs2_ros2_legubiao/ws/install/humanoid_legged_description/share/humanoid_legged_description/local_setup.zsh
[0.038s] -- Up-to-date: /home/zxs/ocs2_ros2_legubiao/ws/install/humanoid_legged_description/share/humanoid_legged_description/local_setup.dsv
[0.038s] -- Up-to-date: /home/zxs/ocs2_ros2_legubiao/ws/install/humanoid_legged_description/share/humanoid_legged_description/package.dsv
[0.038s] -- Up-to-date: /home/zxs/ocs2_ros2_legubiao/ws/install/humanoid_legged_description/share/ament_index/resource_index/packages/humanoid_legged_description
[0.038s] -- Up-to-date: /home/zxs/ocs2_ros2_legubiao/ws/install/humanoid_legged_description/share/humanoid_legged_description/cmake/humanoid_legged_descriptionConfig.cmake
[0.038s] -- Up-to-date: /home/zxs/ocs2_ros2_legubiao/ws/install/humanoid_legged_description/share/humanoid_legged_description/cmake/humanoid_legged_descriptionConfig-version.cmake
[0.038s] -- Up-to-date: /home/zxs/ocs2_ros2_legubiao/ws/install/humanoid_legged_description/share/humanoid_legged_description/package.xml
[0.039s] Invoked command in '/home/zxs/ocs2_ros2_legubiao/ws/build/humanoid_legged_description' returned '0': CMAKE_PREFIX_PATH=${CMAKE_PREFIX_PATH}:/opt/ros/humble /usr/bin/cmake --install /home/zxs/ocs2_ros2_legubiao/ws/build/humanoid_legged_description
