[0.005s] Invoking command in '/home/zxs/ocs2_ros2_legubiao/ws/build/humanoid_legged_description': CMAKE_PREFIX_PATH=${CMAKE_PREFIX_PATH}:/opt/ros/humble /usr/bin/cmake /home/zxs/ocs2_ros2_legubiao/ws/src/humanoid_control/humanoid_legged_description -DCMAKE_INSTALL_PREFIX=/home/zxs/ocs2_ros2_legubiao/ws/install/humanoid_legged_description
[0.041s] -- The C compiler identification is GNU 12.3.0
[0.076s] -- The CXX compiler identification is GNU 12.3.0
[0.080s] -- Detecting C compiler ABI info
[0.120s] -- Detecting C compiler ABI info - done
[0.123s] -- Check for working C compiler: /usr/bin/cc - skipped
[0.124s] -- Detecting C compile features
[0.124s] -- Detecting C compile features - done
[0.125s] -- Detecting CXX compiler ABI info
[0.176s] -- Detecting CXX compiler ABI info - done
[0.179s] -- Check for working CXX compiler: /usr/bin/c++ - skipped
[0.180s] -- Detecting CXX compile features
[0.180s] -- Detecting CXX compile features - done
[0.181s] -- Found ament_cmake: 1.3.11 (/opt/ros/humble/share/ament_cmake/cmake)
[0.259s] -- Found Python3: /usr/bin/python3 (found version "3.10.13") found components: Interpreter 
[0.339s] -- Configuring done
[0.339s] -- Generating done
[0.340s] -- Build files have been written to: /home/zxs/ocs2_ros2_legubiao/ws/build/humanoid_legged_description
[0.343s] Invoked command in '/home/zxs/ocs2_ros2_legubiao/ws/build/humanoid_legged_description' returned '0': CMAKE_PREFIX_PATH=${CMAKE_PREFIX_PATH}:/opt/ros/humble /usr/bin/cmake /home/zxs/ocs2_ros2_legubiao/ws/src/humanoid_control/humanoid_legged_description -DCMAKE_INSTALL_PREFIX=/home/zxs/ocs2_ros2_legubiao/ws/install/humanoid_legged_description
[0.343s] Invoking command in '/home/zxs/ocs2_ros2_legubiao/ws/build/humanoid_legged_description': CMAKE_PREFIX_PATH=${CMAKE_PREFIX_PATH}:/opt/ros/humble /usr/bin/cmake --build /home/zxs/ocs2_ros2_legubiao/ws/build/humanoid_legged_description -- -j28 -l28
[0.369s] Invoked command in '/home/zxs/ocs2_ros2_legubiao/ws/build/humanoid_legged_description' returned '0': CMAKE_PREFIX_PATH=${CMAKE_PREFIX_PATH}:/opt/ros/humble /usr/bin/cmake --build /home/zxs/ocs2_ros2_legubiao/ws/build/humanoid_legged_description -- -j28 -l28
[0.375s] Invoking command in '/home/zxs/ocs2_ros2_legubiao/ws/build/humanoid_legged_description': CMAKE_PREFIX_PATH=${CMAKE_PREFIX_PATH}:/opt/ros/humble /usr/bin/cmake --install /home/zxs/ocs2_ros2_legubiao/ws/build/humanoid_legged_description
[0.378s] -- Install configuration: "Release"
[0.378s] -- Installing: /home/zxs/ocs2_ros2_legubiao/ws/install/humanoid_legged_description/share/humanoid_legged_description//config
[0.378s] -- Installing: /home/zxs/ocs2_ros2_legubiao/ws/install/humanoid_legged_description/share/humanoid_legged_description//config/joint_names_humanoid_legged.yaml
[0.378s] -- Installing: /home/zxs/ocs2_ros2_legubiao/ws/install/humanoid_legged_description/share/humanoid_legged_description//launch
[0.378s] -- Installing: /home/zxs/ocs2_ros2_legubiao/ws/install/humanoid_legged_description/share/humanoid_legged_description//launch/visualize.launch_.py
[0.379s] -- Installing: /home/zxs/ocs2_ros2_legubiao/ws/install/humanoid_legged_description/share/humanoid_legged_description//launch/visualize.launch.py
[0.379s] -- Installing: /home/zxs/ocs2_ros2_legubiao/ws/install/humanoid_legged_description/share/humanoid_legged_description//urdf
[0.379s] -- Installing: /home/zxs/ocs2_ros2_legubiao/ws/install/humanoid_legged_description/share/humanoid_legged_description//urdf/humanoid_legged_origin.urdf
[0.379s] -- Installing: /home/zxs/ocs2_ros2_legubiao/ws/install/humanoid_legged_description/share/humanoid_legged_description//urdf/humanoid_legged_control_.urdf
[0.379s] -- Installing: /home/zxs/ocs2_ros2_legubiao/ws/install/humanoid_legged_description/share/humanoid_legged_description//rviz
[0.379s] -- Installing: /home/zxs/ocs2_ros2_legubiao/ws/install/humanoid_legged_description/share/humanoid_legged_description//rviz/humanoid_legged_control.rviz
[0.379s] -- Installing: /home/zxs/ocs2_ros2_legubiao/ws/install/humanoid_legged_description/share/humanoid_legged_description//mjcf
[0.379s] -- Installing: /home/zxs/ocs2_ros2_legubiao/ws/install/humanoid_legged_description/share/humanoid_legged_description//mjcf/asset
[0.379s] -- Installing: /home/zxs/ocs2_ros2_legubiao/ws/install/humanoid_legged_description/share/humanoid_legged_description//mjcf/asset/block.png
[0.379s] -- Installing: /home/zxs/ocs2_ros2_legubiao/ws/install/humanoid_legged_description/share/humanoid_legged_description//mjcf/humanoid_legged_control_.xml
[0.379s] -- Installing: /home/zxs/ocs2_ros2_legubiao/ws/install/humanoid_legged_description/share/humanoid_legged_description//meshes
[0.379s] -- Installing: /home/zxs/ocs2_ros2_legubiao/ws/install/humanoid_legged_description/share/humanoid_legged_description//meshes/arm_r2_link.STL
[0.380s] -- Installing: /home/zxs/ocs2_ros2_legubiao/ws/install/humanoid_legged_description/share/humanoid_legged_description//meshes/leg_r6_link.STL
[0.380s] -- Installing: /home/zxs/ocs2_ros2_legubiao/ws/install/humanoid_legged_description/share/humanoid_legged_description//meshes/leg_r3_link.STL
[0.381s] -- Installing: /home/zxs/ocs2_ros2_legubiao/ws/install/humanoid_legged_description/share/humanoid_legged_description//meshes/leg_r5_link.STL
[0.381s] -- Installing: /home/zxs/ocs2_ros2_legubiao/ws/install/humanoid_legged_description/share/humanoid_legged_description//meshes/leg_r2_link.STL
[0.381s] -- Installing: /home/zxs/ocs2_ros2_legubiao/ws/install/humanoid_legged_description/share/humanoid_legged_description//meshes/leg_l1_link.STL
[0.382s] -- Installing: /home/zxs/ocs2_ros2_legubiao/ws/install/humanoid_legged_description/share/humanoid_legged_description//meshes/arm_l1_link.STL
[0.382s] -- Installing: /home/zxs/ocs2_ros2_legubiao/ws/install/humanoid_legged_description/share/humanoid_legged_description//meshes/leg_l3_link.STL
[0.383s] -- Installing: /home/zxs/ocs2_ros2_legubiao/ws/install/humanoid_legged_description/share/humanoid_legged_description//meshes/leg_r4_link.STL
[0.384s] -- Installing: /home/zxs/ocs2_ros2_legubiao/ws/install/humanoid_legged_description/share/humanoid_legged_description//meshes/arm_r5_link.STL
[0.385s] -- Installing: /home/zxs/ocs2_ros2_legubiao/ws/install/humanoid_legged_description/share/humanoid_legged_description//meshes/leg_l6_link.STL
[0.385s] -- Installing: /home/zxs/ocs2_ros2_legubiao/ws/install/humanoid_legged_description/share/humanoid_legged_description//meshes/leg_l5_link.STL
[0.385s] -- Installing: /home/zxs/ocs2_ros2_legubiao/ws/install/humanoid_legged_description/share/humanoid_legged_description//meshes/arm_r4_link.STL
[0.385s] -- Installing: /home/zxs/ocs2_ros2_legubiao/ws/install/humanoid_legged_description/share/humanoid_legged_description//meshes/leg_l4_link.STL
[0.386s] -- Installing: /home/zxs/ocs2_ros2_legubiao/ws/install/humanoid_legged_description/share/humanoid_legged_description//meshes/arm_r3_link.STL
[0.387s] -- Installing: /home/zxs/ocs2_ros2_legubiao/ws/install/humanoid_legged_description/share/humanoid_legged_description//meshes/arm_r6_link.STL
[0.388s] -- Installing: /home/zxs/ocs2_ros2_legubiao/ws/install/humanoid_legged_description/share/humanoid_legged_description//meshes/arm_l5_link.STL
[0.389s] -- Installing: /home/zxs/ocs2_ros2_legubiao/ws/install/humanoid_legged_description/share/humanoid_legged_description//meshes/arm_l3_link.STL
[0.389s] -- Installing: /home/zxs/ocs2_ros2_legubiao/ws/install/humanoid_legged_description/share/humanoid_legged_description//meshes/head_yaw_link.STL
[0.390s] -- Installing: /home/zxs/ocs2_ros2_legubiao/ws/install/humanoid_legged_description/share/humanoid_legged_description//meshes/arm_r1_link.STL
[0.391s] -- Installing: /home/zxs/ocs2_ros2_legubiao/ws/install/humanoid_legged_description/share/humanoid_legged_description//meshes/arm_l6_link.STL
[0.393s] -- Installing: /home/zxs/ocs2_ros2_legubiao/ws/install/humanoid_legged_description/share/humanoid_legged_description//meshes/waist_yaw_link.STL
[0.393s] -- Installing: /home/zxs/ocs2_ros2_legubiao/ws/install/humanoid_legged_description/share/humanoid_legged_description//meshes/leg_l2_link.STL
[0.394s] -- Installing: /home/zxs/ocs2_ros2_legubiao/ws/install/humanoid_legged_description/share/humanoid_legged_description//meshes/arm_l2_link.STL
[0.394s] -- Installing: /home/zxs/ocs2_ros2_legubiao/ws/install/humanoid_legged_description/share/humanoid_legged_description//meshes/arm_l4_link.STL
[0.395s] -- Installing: /home/zxs/ocs2_ros2_legubiao/ws/install/humanoid_legged_description/share/humanoid_legged_description//meshes/base_link.STL
[0.396s] -- Installing: /home/zxs/ocs2_ros2_legubiao/ws/install/humanoid_legged_description/share/humanoid_legged_description//meshes/leg_r1_link.STL
[0.397s] -- Installing: /home/zxs/ocs2_ros2_legubiao/ws/install/humanoid_legged_description/share/ament_index/resource_index/package_run_dependencies/humanoid_legged_description
[0.397s] -- Installing: /home/zxs/ocs2_ros2_legubiao/ws/install/humanoid_legged_description/share/ament_index/resource_index/parent_prefix_path/humanoid_legged_description
[0.397s] -- Installing: /home/zxs/ocs2_ros2_legubiao/ws/install/humanoid_legged_description/share/humanoid_legged_description/environment/ament_prefix_path.sh
[0.397s] -- Installing: /home/zxs/ocs2_ros2_legubiao/ws/install/humanoid_legged_description/share/humanoid_legged_description/environment/ament_prefix_path.dsv
[0.397s] -- Installing: /home/zxs/ocs2_ros2_legubiao/ws/install/humanoid_legged_description/share/humanoid_legged_description/environment/path.sh
[0.397s] -- Installing: /home/zxs/ocs2_ros2_legubiao/ws/install/humanoid_legged_description/share/humanoid_legged_description/environment/path.dsv
[0.397s] -- Installing: /home/zxs/ocs2_ros2_legubiao/ws/install/humanoid_legged_description/share/humanoid_legged_description/local_setup.bash
[0.397s] -- Installing: /home/zxs/ocs2_ros2_legubiao/ws/install/humanoid_legged_description/share/humanoid_legged_description/local_setup.sh
[0.397s] -- Installing: /home/zxs/ocs2_ros2_legubiao/ws/install/humanoid_legged_description/share/humanoid_legged_description/local_setup.zsh
[0.397s] -- Installing: /home/zxs/ocs2_ros2_legubiao/ws/install/humanoid_legged_description/share/humanoid_legged_description/local_setup.dsv
[0.397s] -- Installing: /home/zxs/ocs2_ros2_legubiao/ws/install/humanoid_legged_description/share/humanoid_legged_description/package.dsv
[0.397s] -- Installing: /home/zxs/ocs2_ros2_legubiao/ws/install/humanoid_legged_description/share/ament_index/resource_index/packages/humanoid_legged_description
[0.397s] -- Installing: /home/zxs/ocs2_ros2_legubiao/ws/install/humanoid_legged_description/share/humanoid_legged_description/cmake/humanoid_legged_descriptionConfig.cmake
[0.397s] -- Installing: /home/zxs/ocs2_ros2_legubiao/ws/install/humanoid_legged_description/share/humanoid_legged_description/cmake/humanoid_legged_descriptionConfig-version.cmake
[0.397s] -- Installing: /home/zxs/ocs2_ros2_legubiao/ws/install/humanoid_legged_description/share/humanoid_legged_description/package.xml
[0.398s] Invoked command in '/home/zxs/ocs2_ros2_legubiao/ws/build/humanoid_legged_description' returned '0': CMAKE_PREFIX_PATH=${CMAKE_PREFIX_PATH}:/opt/ros/humble /usr/bin/cmake --install /home/zxs/ocs2_ros2_legubiao/ws/build/humanoid_legged_description
