[0.011s] Invoking command in '/home/zxs/ocs2_ros2_legubiao/ws/build/blasfeo_colcon': CMAKE_PREFIX_PATH=${CMAKE_PREFIX_PATH}:/opt/ros/humble /usr/bin/cmake --build /home/zxs/ocs2_ros2_legubiao/ws/build/blasfeo_colcon -- -j28 -l28
[0.050s] [100%] Built target blasfeo
[0.069s] Invoked command in '/home/zxs/ocs2_ros2_legubiao/ws/build/blasfeo_colcon' returned '0': CMAKE_PREFIX_PATH=${CMAKE_PREFIX_PATH}:/opt/ros/humble /usr/bin/cmake --build /home/zxs/ocs2_ros2_legubiao/ws/build/blasfeo_colcon -- -j28 -l28
[0.072s] Invoking command in '/home/zxs/ocs2_ros2_legubiao/ws/build/blasfeo_colcon': CMAKE_PREFIX_PATH=${CMAKE_PREFIX_PATH}:/opt/ros/humble /usr/bin/cmake --install /home/zxs/ocs2_ros2_legubiao/ws/build/blasfeo_colcon
[0.078s] -- Install configuration: "Release"
[0.079s] -- Execute custom install script
[0.079s] -- Up-to-date symlink: /home/zxs/ocs2_ros2_legubiao/ws/install/blasfeo_colcon/include/blasfeo.h
[0.079s] -- Up-to-date symlink: /home/zxs/ocs2_ros2_legubiao/ws/install/blasfeo_colcon/include/blasfeo_block_size.h
[0.079s] -- Up-to-date symlink: /home/zxs/ocs2_ros2_legubiao/ws/install/blasfeo_colcon/include/blasfeo_common.h
[0.079s] -- Up-to-date symlink: /home/zxs/ocs2_ros2_legubiao/ws/install/blasfeo_colcon/include/blasfeo_d_aux.h
[0.080s] -- Up-to-date symlink: /home/zxs/ocs2_ros2_legubiao/ws/install/blasfeo_colcon/include/blasfeo_d_aux_ext_dep.h
[0.080s] -- Up-to-date symlink: /home/zxs/ocs2_ros2_legubiao/ws/install/blasfeo_colcon/include/blasfeo_d_aux_ext_dep_ref.h
[0.080s] -- Up-to-date symlink: /home/zxs/ocs2_ros2_legubiao/ws/install/blasfeo_colcon/include/blasfeo_d_aux_old.h
[0.080s] -- Up-to-date symlink: /home/zxs/ocs2_ros2_legubiao/ws/install/blasfeo_colcon/include/blasfeo_d_aux_ref.h
[0.080s] -- Up-to-date symlink: /home/zxs/ocs2_ros2_legubiao/ws/install/blasfeo_colcon/include/blasfeo_d_aux_test.h
[0.080s] -- Up-to-date symlink: /home/zxs/ocs2_ros2_legubiao/ws/install/blasfeo_colcon/include/blasfeo_d_blas.h
[0.080s] -- Up-to-date symlink: /home/zxs/ocs2_ros2_legubiao/ws/install/blasfeo_colcon/include/blasfeo_d_blas_api.h
[0.080s] -- Up-to-date symlink: /home/zxs/ocs2_ros2_legubiao/ws/install/blasfeo_colcon/include/blasfeo_d_blasfeo_api.h
[0.080s] -- Up-to-date symlink: /home/zxs/ocs2_ros2_legubiao/ws/install/blasfeo_colcon/include/blasfeo_d_blasfeo_api_ref.h
[0.080s] -- Up-to-date symlink: /home/zxs/ocs2_ros2_legubiao/ws/install/blasfeo_colcon/include/blasfeo_d_blasfeo_ref_api.h
[0.080s] -- Up-to-date symlink: /home/zxs/ocs2_ros2_legubiao/ws/install/blasfeo_colcon/include/blasfeo_d_kernel.h
[0.080s] -- Up-to-date symlink: /home/zxs/ocs2_ros2_legubiao/ws/install/blasfeo_colcon/include/blasfeo_i_aux_ext_dep.h
[0.080s] -- Up-to-date symlink: /home/zxs/ocs2_ros2_legubiao/ws/install/blasfeo_colcon/include/blasfeo_m_aux.h
[0.080s] -- Up-to-date symlink: /home/zxs/ocs2_ros2_legubiao/ws/install/blasfeo_colcon/include/blasfeo_memory.h
[0.080s] -- Up-to-date symlink: /home/zxs/ocs2_ros2_legubiao/ws/install/blasfeo_colcon/include/blasfeo_naming.h
[0.081s] -- Up-to-date symlink: /home/zxs/ocs2_ros2_legubiao/ws/install/blasfeo_colcon/include/blasfeo_processor_features.h
[0.081s] -- Up-to-date symlink: /home/zxs/ocs2_ros2_legubiao/ws/install/blasfeo_colcon/include/blasfeo_s_aux.h
[0.081s] -- Up-to-date symlink: /home/zxs/ocs2_ros2_legubiao/ws/install/blasfeo_colcon/include/blasfeo_s_aux_ext_dep.h
[0.081s] -- Up-to-date symlink: /home/zxs/ocs2_ros2_legubiao/ws/install/blasfeo_colcon/include/blasfeo_s_aux_ext_dep_ref.h
[0.081s] -- Up-to-date symlink: /home/zxs/ocs2_ros2_legubiao/ws/install/blasfeo_colcon/include/blasfeo_s_aux_old.h
[0.081s] -- Up-to-date symlink: /home/zxs/ocs2_ros2_legubiao/ws/install/blasfeo_colcon/include/blasfeo_s_aux_ref.h
[0.081s] -- Up-to-date symlink: /home/zxs/ocs2_ros2_legubiao/ws/install/blasfeo_colcon/include/blasfeo_s_aux_test.h
[0.081s] -- Up-to-date symlink: /home/zxs/ocs2_ros2_legubiao/ws/install/blasfeo_colcon/include/blasfeo_s_blas.h
[0.082s] -- Up-to-date symlink: /home/zxs/ocs2_ros2_legubiao/ws/install/blasfeo_colcon/include/blasfeo_s_blas_api.h
[0.082s] -- Up-to-date symlink: /home/zxs/ocs2_ros2_legubiao/ws/install/blasfeo_colcon/include/blasfeo_s_blasfeo_api.h
[0.082s] -- Up-to-date symlink: /home/zxs/ocs2_ros2_legubiao/ws/install/blasfeo_colcon/include/blasfeo_s_blasfeo_api_ref.h
[0.082s] -- Up-to-date symlink: /home/zxs/ocs2_ros2_legubiao/ws/install/blasfeo_colcon/include/blasfeo_s_blasfeo_ref_api.h
[0.083s] -- Up-to-date symlink: /home/zxs/ocs2_ros2_legubiao/ws/install/blasfeo_colcon/include/blasfeo_s_kernel.h
[0.083s] -- Up-to-date symlink: /home/zxs/ocs2_ros2_legubiao/ws/install/blasfeo_colcon/include/blasfeo_stdlib.h
[0.083s] -- Up-to-date symlink: /home/zxs/ocs2_ros2_legubiao/ws/install/blasfeo_colcon/include/blasfeo_target.h
[0.083s] -- Up-to-date symlink: /home/zxs/ocs2_ros2_legubiao/ws/install/blasfeo_colcon/include/blasfeo_timing.h
[0.083s] -- Up-to-date symlink: /home/zxs/ocs2_ros2_legubiao/ws/install/blasfeo_colcon/include/blasfeo_v_aux_ext_dep.h
[0.083s] -- Up-to-date symlink: /home/zxs/ocs2_ros2_legubiao/ws/install/blasfeo_colcon/include/d_blas.h
[0.083s] -- Up-to-date symlink: /home/zxs/ocs2_ros2_legubiao/ws/install/blasfeo_colcon/include/d_blas_64.h
[0.083s] -- Up-to-date symlink: /home/zxs/ocs2_ros2_legubiao/ws/install/blasfeo_colcon/include/s_blas.h
[0.083s] -- Up-to-date symlink: /home/zxs/ocs2_ros2_legubiao/ws/install/blasfeo_colcon/include/s_blas_64.h
[0.084s] -- Up-to-date symlink: /home/zxs/ocs2_ros2_legubiao/ws/install/blasfeo_colcon/share/ament_index/resource_index/package_run_dependencies/blasfeo_colcon
[0.084s] -- Up-to-date symlink: /home/zxs/ocs2_ros2_legubiao/ws/install/blasfeo_colcon/share/ament_index/resource_index/parent_prefix_path/blasfeo_colcon
[0.084s] -- Up-to-date symlink: /home/zxs/ocs2_ros2_legubiao/ws/install/blasfeo_colcon/share/blasfeo_colcon/environment/ament_prefix_path.sh
[0.084s] -- Up-to-date symlink: /home/zxs/ocs2_ros2_legubiao/ws/install/blasfeo_colcon/share/blasfeo_colcon/environment/ament_prefix_path.dsv
[0.084s] -- Up-to-date symlink: /home/zxs/ocs2_ros2_legubiao/ws/install/blasfeo_colcon/share/blasfeo_colcon/environment/path.sh
[0.084s] -- Up-to-date symlink: /home/zxs/ocs2_ros2_legubiao/ws/install/blasfeo_colcon/share/blasfeo_colcon/environment/path.dsv
[0.084s] -- Up-to-date symlink: /home/zxs/ocs2_ros2_legubiao/ws/install/blasfeo_colcon/share/blasfeo_colcon/local_setup.bash
[0.084s] -- Up-to-date symlink: /home/zxs/ocs2_ros2_legubiao/ws/install/blasfeo_colcon/share/blasfeo_colcon/local_setup.sh
[0.084s] -- Up-to-date symlink: /home/zxs/ocs2_ros2_legubiao/ws/install/blasfeo_colcon/share/blasfeo_colcon/local_setup.zsh
[0.084s] -- Up-to-date symlink: /home/zxs/ocs2_ros2_legubiao/ws/install/blasfeo_colcon/share/blasfeo_colcon/local_setup.dsv
[0.084s] -- Symlinking: /home/zxs/ocs2_ros2_legubiao/ws/install/blasfeo_colcon/share/blasfeo_colcon/package.dsv
[0.086s] -- Up-to-date symlink: /home/zxs/ocs2_ros2_legubiao/ws/install/blasfeo_colcon/share/ament_index/resource_index/packages/blasfeo_colcon
[0.086s] -- Up-to-date symlink: /home/zxs/ocs2_ros2_legubiao/ws/install/blasfeo_colcon/share/blasfeo_colcon/cmake/blasfeo-extras.cmake
[0.086s] -- Up-to-date symlink: /home/zxs/ocs2_ros2_legubiao/ws/install/blasfeo_colcon/share/blasfeo_colcon/cmake/ament_cmake_export_include_directories-extras.cmake
[0.086s] -- Up-to-date symlink: /home/zxs/ocs2_ros2_legubiao/ws/install/blasfeo_colcon/share/blasfeo_colcon/cmake/ament_cmake_export_dependencies-extras.cmake
[0.086s] -- Up-to-date symlink: /home/zxs/ocs2_ros2_legubiao/ws/install/blasfeo_colcon/share/blasfeo_colcon/cmake/blasfeo_colconConfig.cmake
[0.086s] -- Up-to-date symlink: /home/zxs/ocs2_ros2_legubiao/ws/install/blasfeo_colcon/share/blasfeo_colcon/cmake/blasfeo_colconConfig-version.cmake
[0.086s] -- Up-to-date symlink: /home/zxs/ocs2_ros2_legubiao/ws/install/blasfeo_colcon/share/blasfeo_colcon/package.xml
[0.086s] -- Up-to-date: /home/zxs/ocs2_ros2_legubiao/ws/install/blasfeo_colcon/cmake/blasfeoConfig.cmake
[0.086s] -- Up-to-date: /home/zxs/ocs2_ros2_legubiao/ws/install/blasfeo_colcon/cmake/blasfeoConfig-release.cmake
[0.103s] Invoked command in '/home/zxs/ocs2_ros2_legubiao/ws/build/blasfeo_colcon' returned '0': CMAKE_PREFIX_PATH=${CMAKE_PREFIX_PATH}:/opt/ros/humble /usr/bin/cmake --install /home/zxs/ocs2_ros2_legubiao/ws/build/blasfeo_colcon
