[0.027s] Invoking command in '/home/zxs/ocs2_ros2_legubiao/ws/build/humanoid_dummy': AMENT_PREFIX_PATH=/home/zxs/ocs2_ros2_legubiao/ws/install/humanoid_interface:/home/zxs/ocs2_ros2_legubiao/ws/install/ocs2_self_collision:${AMENT_PREFIX_PATH} CMAKE_PREFIX_PATH=/home/zxs/ocs2_ros2_legubiao/ws/install/humanoid_interface:/home/zxs/ocs2_ros2_legubiao/ws/install/ocs2_sqp:/home/zxs/ocs2_ros2_legubiao/ws/install/ocs2_self_collision:/home/zxs/ocs2_ros2_legubiao/ws/install/ocs2_ipm:/home/zxs/ocs2_ros2_legubiao/ws/install/ocs2_centroidal_model:/home/zxs/ocs2_ros2_legubiao/ws/install/ocs2_ros_interfaces:/home/zxs/ocs2_ros2_legubiao/ws/install/ocs2_pinocchio_interface:/home/zxs/ocs2_ros2_legubiao/ws/install/ocs2_ddp:/home/zxs/ocs2_ros2_legubiao/ws/install/hpipm_colcon:/home/zxs/ocs2_ros2_legubiao/ws/install/ocs2_robotic_tools:/home/zxs/ocs2_ros2_legubiao/ws/install/ocs2_qp_solver:/home/zxs/ocs2_ros2_legubiao/ws/install/ocs2_mpc:/home/zxs/ocs2_ros2_legubiao/ws/install/ocs2_oc:/home/zxs/ocs2_ros2_legubiao/ws/install/ocs2_core:/home/zxs/ocs2_ros2_legubiao/ws/install/ocs2_thirdparty:/home/zxs/ocs2_ros2_legubiao/ws/install/ocs2_robotic_assets:/home/zxs/ocs2_ros2_legubiao/ws/install/ocs2_msgs:/home/zxs/ocs2_ros2_legubiao/ws/install/blasfeo_colcon:/home/zxs/ocs2_ros2_legubiao/ws/install/ocs2_legged_robot_ros:/home/zxs/ocs2_ros2_legubiao/ws/install/ocs2_legged_robot:/opt/ros/humble LD_LIBRARY_PATH=/home/zxs/ocs2_ros2_legubiao/ws/install/humanoid_interface/lib:/home/zxs/ocs2_ros2_legubiao/ws/install/ocs2_self_collision/lib:/home/zxs/ocs2_ros2_legubiao/ws/install/ocs2_pinocchio_interface/lib:/home/zxs/ocs2_ros2_legubiao/ws/install/hpipm_colcon/lib:/home/zxs/ocs2_ros2_legubiao/ws/install/ocs2_msgs/lib:/home/zxs/ocs2_ros2_legubiao/ws/install/blasfeo_colcon/lib:/home/zxs/ocs2_ros2_legubiao/ws/install/ocs2_legged_robot_ros/lib:/home/zxs/ocs2_ros2_legubiao/ws/install/ocs2_legged_robot/lib:/home/zxs/ocs2_ros2_legubiao/ws/install/ocs2_sqp/lib:/home/zxs/ocs2_ros2_legubiao/ws/install/ocs2_ros_interfaces/lib:/home/zxs/ocs2_ros2_legubiao/ws/install/ocs2_centroidal_model/lib:/home/zxs/ocs2_ros2_legubiao/ws/install/ocs2_robotic_tools/lib:/home/zxs/ocs2_ros2_legubiao/ws/install/ocs2_ipm/lib:/home/zxs/ocs2_ros2_legubiao/ws/install/ocs2_ddp/lib:/home/zxs/ocs2_ros2_legubiao/ws/install/ocs2_qp_solver/lib:/home/zxs/ocs2_ros2_legubiao/ws/install/ocs2_mpc/lib:/home/zxs/ocs2_ros2_legubiao/ws/install/ocs2_oc/lib:/home/zxs/ocs2_ros2_legubiao/ws/install/ocs2_core/lib:/usr/lib/x86_64-linux-gnu/gazebo-11/plugins:/opt/ros/humble/opt/rviz_ogre_vendor/lib:/opt/ros/humble/lib/x86_64-linux-gnu:/opt/ros/humble/lib /usr/bin/cmake --build /home/zxs/ocs2_ros2_legubiao/ws/build/humanoid_dummy -- -j28 -l28
[0.054s] [35m[1mConsolidate compiler generated dependencies of target humanoid_dummy[0m
[0.079s] [ 25%] Built target humanoid_dummy
[0.086s] [35m[1mConsolidate compiler generated dependencies of target humanoid_gait_command[0m
[0.088s] [35m[1mConsolidate compiler generated dependencies of target humanoid_target[0m
[0.088s] [35m[1mConsolidate compiler generated dependencies of target humanoid_ddp_mpc[0m
[0.088s] [35m[1mConsolidate compiler generated dependencies of target humanoid_sqp_mpc[0m
[0.088s] [35m[1mConsolidate compiler generated dependencies of target humanoid_ipm_mpc[0m
[0.088s] [35m[1mConsolidate compiler generated dependencies of target humanoid_dummy_node[0m
[0.098s] [ 37%] Built target humanoid_gait_command
[0.105s] [ 50%] Built target humanoid_dummy_node
[0.105s] [ 62%] Built target humanoid_ipm_mpc
[0.106s] [ 75%] Built target humanoid_target
[0.107s] [ 87%] Built target humanoid_ddp_mpc
[0.110s] [100%] Built target humanoid_sqp_mpc
[0.116s] Invoked command in '/home/zxs/ocs2_ros2_legubiao/ws/build/humanoid_dummy' returned '0': AMENT_PREFIX_PATH=/home/zxs/ocs2_ros2_legubiao/ws/install/humanoid_interface:/home/zxs/ocs2_ros2_legubiao/ws/install/ocs2_self_collision:${AMENT_PREFIX_PATH} CMAKE_PREFIX_PATH=/home/zxs/ocs2_ros2_legubiao/ws/install/humanoid_interface:/home/zxs/ocs2_ros2_legubiao/ws/install/ocs2_sqp:/home/zxs/ocs2_ros2_legubiao/ws/install/ocs2_self_collision:/home/zxs/ocs2_ros2_legubiao/ws/install/ocs2_ipm:/home/zxs/ocs2_ros2_legubiao/ws/install/ocs2_centroidal_model:/home/zxs/ocs2_ros2_legubiao/ws/install/ocs2_ros_interfaces:/home/zxs/ocs2_ros2_legubiao/ws/install/ocs2_pinocchio_interface:/home/zxs/ocs2_ros2_legubiao/ws/install/ocs2_ddp:/home/zxs/ocs2_ros2_legubiao/ws/install/hpipm_colcon:/home/zxs/ocs2_ros2_legubiao/ws/install/ocs2_robotic_tools:/home/zxs/ocs2_ros2_legubiao/ws/install/ocs2_qp_solver:/home/zxs/ocs2_ros2_legubiao/ws/install/ocs2_mpc:/home/zxs/ocs2_ros2_legubiao/ws/install/ocs2_oc:/home/zxs/ocs2_ros2_legubiao/ws/install/ocs2_core:/home/zxs/ocs2_ros2_legubiao/ws/install/ocs2_thirdparty:/home/zxs/ocs2_ros2_legubiao/ws/install/ocs2_robotic_assets:/home/zxs/ocs2_ros2_legubiao/ws/install/ocs2_msgs:/home/zxs/ocs2_ros2_legubiao/ws/install/blasfeo_colcon:/home/zxs/ocs2_ros2_legubiao/ws/install/ocs2_legged_robot_ros:/home/zxs/ocs2_ros2_legubiao/ws/install/ocs2_legged_robot:/opt/ros/humble LD_LIBRARY_PATH=/home/zxs/ocs2_ros2_legubiao/ws/install/humanoid_interface/lib:/home/zxs/ocs2_ros2_legubiao/ws/install/ocs2_self_collision/lib:/home/zxs/ocs2_ros2_legubiao/ws/install/ocs2_pinocchio_interface/lib:/home/zxs/ocs2_ros2_legubiao/ws/install/hpipm_colcon/lib:/home/zxs/ocs2_ros2_legubiao/ws/install/ocs2_msgs/lib:/home/zxs/ocs2_ros2_legubiao/ws/install/blasfeo_colcon/lib:/home/zxs/ocs2_ros2_legubiao/ws/install/ocs2_legged_robot_ros/lib:/home/zxs/ocs2_ros2_legubiao/ws/install/ocs2_legged_robot/lib:/home/zxs/ocs2_ros2_legubiao/ws/install/ocs2_sqp/lib:/home/zxs/ocs2_ros2_legubiao/ws/install/ocs2_ros_interfaces/lib:/home/zxs/ocs2_ros2_legubiao/ws/install/ocs2_centroidal_model/lib:/home/zxs/ocs2_ros2_legubiao/ws/install/ocs2_robotic_tools/lib:/home/zxs/ocs2_ros2_legubiao/ws/install/ocs2_ipm/lib:/home/zxs/ocs2_ros2_legubiao/ws/install/ocs2_ddp/lib:/home/zxs/ocs2_ros2_legubiao/ws/install/ocs2_qp_solver/lib:/home/zxs/ocs2_ros2_legubiao/ws/install/ocs2_mpc/lib:/home/zxs/ocs2_ros2_legubiao/ws/install/ocs2_oc/lib:/home/zxs/ocs2_ros2_legubiao/ws/install/ocs2_core/lib:/usr/lib/x86_64-linux-gnu/gazebo-11/plugins:/opt/ros/humble/opt/rviz_ogre_vendor/lib:/opt/ros/humble/lib/x86_64-linux-gnu:/opt/ros/humble/lib /usr/bin/cmake --build /home/zxs/ocs2_ros2_legubiao/ws/build/humanoid_dummy -- -j28 -l28
[0.117s] Invoking command in '/home/zxs/ocs2_ros2_legubiao/ws/build/humanoid_dummy': AMENT_PREFIX_PATH=/home/zxs/ocs2_ros2_legubiao/ws/install/humanoid_interface:/home/zxs/ocs2_ros2_legubiao/ws/install/ocs2_self_collision:${AMENT_PREFIX_PATH} CMAKE_PREFIX_PATH=/home/zxs/ocs2_ros2_legubiao/ws/install/humanoid_interface:/home/zxs/ocs2_ros2_legubiao/ws/install/ocs2_sqp:/home/zxs/ocs2_ros2_legubiao/ws/install/ocs2_self_collision:/home/zxs/ocs2_ros2_legubiao/ws/install/ocs2_ipm:/home/zxs/ocs2_ros2_legubiao/ws/install/ocs2_centroidal_model:/home/zxs/ocs2_ros2_legubiao/ws/install/ocs2_ros_interfaces:/home/zxs/ocs2_ros2_legubiao/ws/install/ocs2_pinocchio_interface:/home/zxs/ocs2_ros2_legubiao/ws/install/ocs2_ddp:/home/zxs/ocs2_ros2_legubiao/ws/install/hpipm_colcon:/home/zxs/ocs2_ros2_legubiao/ws/install/ocs2_robotic_tools:/home/zxs/ocs2_ros2_legubiao/ws/install/ocs2_qp_solver:/home/zxs/ocs2_ros2_legubiao/ws/install/ocs2_mpc:/home/zxs/ocs2_ros2_legubiao/ws/install/ocs2_oc:/home/zxs/ocs2_ros2_legubiao/ws/install/ocs2_core:/home/zxs/ocs2_ros2_legubiao/ws/install/ocs2_thirdparty:/home/zxs/ocs2_ros2_legubiao/ws/install/ocs2_robotic_assets:/home/zxs/ocs2_ros2_legubiao/ws/install/ocs2_msgs:/home/zxs/ocs2_ros2_legubiao/ws/install/blasfeo_colcon:/home/zxs/ocs2_ros2_legubiao/ws/install/ocs2_legged_robot_ros:/home/zxs/ocs2_ros2_legubiao/ws/install/ocs2_legged_robot:/opt/ros/humble LD_LIBRARY_PATH=/home/zxs/ocs2_ros2_legubiao/ws/install/humanoid_interface/lib:/home/zxs/ocs2_ros2_legubiao/ws/install/ocs2_self_collision/lib:/home/zxs/ocs2_ros2_legubiao/ws/install/ocs2_pinocchio_interface/lib:/home/zxs/ocs2_ros2_legubiao/ws/install/hpipm_colcon/lib:/home/zxs/ocs2_ros2_legubiao/ws/install/ocs2_msgs/lib:/home/zxs/ocs2_ros2_legubiao/ws/install/blasfeo_colcon/lib:/home/zxs/ocs2_ros2_legubiao/ws/install/ocs2_legged_robot_ros/lib:/home/zxs/ocs2_ros2_legubiao/ws/install/ocs2_legged_robot/lib:/home/zxs/ocs2_ros2_legubiao/ws/install/ocs2_sqp/lib:/home/zxs/ocs2_ros2_legubiao/ws/install/ocs2_ros_interfaces/lib:/home/zxs/ocs2_ros2_legubiao/ws/install/ocs2_centroidal_model/lib:/home/zxs/ocs2_ros2_legubiao/ws/install/ocs2_robotic_tools/lib:/home/zxs/ocs2_ros2_legubiao/ws/install/ocs2_ipm/lib:/home/zxs/ocs2_ros2_legubiao/ws/install/ocs2_ddp/lib:/home/zxs/ocs2_ros2_legubiao/ws/install/ocs2_qp_solver/lib:/home/zxs/ocs2_ros2_legubiao/ws/install/ocs2_mpc/lib:/home/zxs/ocs2_ros2_legubiao/ws/install/ocs2_oc/lib:/home/zxs/ocs2_ros2_legubiao/ws/install/ocs2_core/lib:/usr/lib/x86_64-linux-gnu/gazebo-11/plugins:/opt/ros/humble/opt/rviz_ogre_vendor/lib:/opt/ros/humble/lib/x86_64-linux-gnu:/opt/ros/humble/lib /usr/bin/cmake --install /home/zxs/ocs2_ros2_legubiao/ws/build/humanoid_dummy
[0.120s] -- Install configuration: "Release"
[0.120s] -- Up-to-date: /home/zxs/ocs2_ros2_legubiao/ws/install/humanoid_dummy/include/humanoid_dummy
[0.120s] -- Up-to-date: /home/zxs/ocs2_ros2_legubiao/ws/install/humanoid_dummy/include/humanoid_dummy/humanoid_dummy
[0.120s] -- Up-to-date: /home/zxs/ocs2_ros2_legubiao/ws/install/humanoid_dummy/include/humanoid_dummy/humanoid_dummy/gait
[0.120s] -- Up-to-date: /home/zxs/ocs2_ros2_legubiao/ws/install/humanoid_dummy/include/humanoid_dummy/humanoid_dummy/gait/ModeSequenceTemplateRos.h
[0.120s] -- Up-to-date: /home/zxs/ocs2_ros2_legubiao/ws/install/humanoid_dummy/include/humanoid_dummy/humanoid_dummy/gait/GaitReceiver.h
[0.120s] -- Up-to-date: /home/zxs/ocs2_ros2_legubiao/ws/install/humanoid_dummy/include/humanoid_dummy/humanoid_dummy/gait/GaitKeyboardPublisher.h
[0.120s] -- Up-to-date: /home/zxs/ocs2_ros2_legubiao/ws/install/humanoid_dummy/include/humanoid_dummy/humanoid_dummy/visualization
[0.120s] -- Up-to-date: /home/zxs/ocs2_ros2_legubiao/ws/install/humanoid_dummy/include/humanoid_dummy/humanoid_dummy/visualization/HumanoidVisualizer.h
[0.120s] -- Up-to-date: /home/zxs/ocs2_ros2_legubiao/ws/install/humanoid_dummy/lib/libhumanoid_dummy.a
[0.120s] -- Up-to-date: /home/zxs/ocs2_ros2_legubiao/ws/install/humanoid_dummy/lib/humanoid_dummy/humanoid_ddp_mpc
[0.121s] -- Up-to-date: /home/zxs/ocs2_ros2_legubiao/ws/install/humanoid_dummy/lib/humanoid_dummy/humanoid_sqp_mpc
[0.121s] -- Up-to-date: /home/zxs/ocs2_ros2_legubiao/ws/install/humanoid_dummy/lib/humanoid_dummy/humanoid_ipm_mpc
[0.121s] -- Up-to-date: /home/zxs/ocs2_ros2_legubiao/ws/install/humanoid_dummy/lib/humanoid_dummy/humanoid_dummy_node
[0.121s] -- Up-to-date: /home/zxs/ocs2_ros2_legubiao/ws/install/humanoid_dummy/lib/humanoid_dummy/humanoid_target
[0.121s] -- Up-to-date: /home/zxs/ocs2_ros2_legubiao/ws/install/humanoid_dummy/lib/humanoid_dummy/humanoid_gait_command
[0.121s] -- Up-to-date: /home/zxs/ocs2_ros2_legubiao/ws/install/humanoid_dummy/share/humanoid_dummy//launch
[0.121s] -- Up-to-date: /home/zxs/ocs2_ros2_legubiao/ws/install/humanoid_dummy/share/humanoid_dummy//launch/multiplot.launch.py
[0.121s] -- Up-to-date: /home/zxs/ocs2_ros2_legubiao/ws/install/humanoid_dummy/share/humanoid_dummy//launch/legged_robot_sqp.launch.py
[0.121s] -- Up-to-date: /home/zxs/ocs2_ros2_legubiao/ws/install/humanoid_dummy/share/humanoid_dummy//rviz
[0.121s] -- Up-to-date: /home/zxs/ocs2_ros2_legubiao/ws/install/humanoid_dummy/share/humanoid_dummy//rviz/humanoid.rviz
[0.121s] -- Up-to-date: /home/zxs/ocs2_ros2_legubiao/ws/install/humanoid_dummy/share/humanoid_dummy/environment/library_path.sh
[0.121s] -- Up-to-date: /home/zxs/ocs2_ros2_legubiao/ws/install/humanoid_dummy/share/humanoid_dummy/environment/library_path.dsv
[0.121s] -- Up-to-date: /home/zxs/ocs2_ros2_legubiao/ws/install/humanoid_dummy/share/ament_index/resource_index/package_run_dependencies/humanoid_dummy
[0.121s] -- Up-to-date: /home/zxs/ocs2_ros2_legubiao/ws/install/humanoid_dummy/share/ament_index/resource_index/parent_prefix_path/humanoid_dummy
[0.121s] -- Up-to-date: /home/zxs/ocs2_ros2_legubiao/ws/install/humanoid_dummy/share/humanoid_dummy/environment/ament_prefix_path.sh
[0.121s] -- Up-to-date: /home/zxs/ocs2_ros2_legubiao/ws/install/humanoid_dummy/share/humanoid_dummy/environment/ament_prefix_path.dsv
[0.121s] -- Up-to-date: /home/zxs/ocs2_ros2_legubiao/ws/install/humanoid_dummy/share/humanoid_dummy/environment/path.sh
[0.121s] -- Up-to-date: /home/zxs/ocs2_ros2_legubiao/ws/install/humanoid_dummy/share/humanoid_dummy/environment/path.dsv
[0.121s] -- Up-to-date: /home/zxs/ocs2_ros2_legubiao/ws/install/humanoid_dummy/share/humanoid_dummy/local_setup.bash
[0.121s] -- Up-to-date: /home/zxs/ocs2_ros2_legubiao/ws/install/humanoid_dummy/share/humanoid_dummy/local_setup.sh
[0.121s] -- Up-to-date: /home/zxs/ocs2_ros2_legubiao/ws/install/humanoid_dummy/share/humanoid_dummy/local_setup.zsh
[0.121s] -- Up-to-date: /home/zxs/ocs2_ros2_legubiao/ws/install/humanoid_dummy/share/humanoid_dummy/local_setup.dsv
[0.121s] -- Installing: /home/zxs/ocs2_ros2_legubiao/ws/install/humanoid_dummy/share/humanoid_dummy/package.dsv
[0.122s] -- Up-to-date: /home/zxs/ocs2_ros2_legubiao/ws/install/humanoid_dummy/share/ament_index/resource_index/packages/humanoid_dummy
[0.122s] -- Up-to-date: /home/zxs/ocs2_ros2_legubiao/ws/install/humanoid_dummy/share/humanoid_dummy/cmake/export_humanoid_dummyExport.cmake
[0.122s] -- Up-to-date: /home/zxs/ocs2_ros2_legubiao/ws/install/humanoid_dummy/share/humanoid_dummy/cmake/export_humanoid_dummyExport-release.cmake
[0.122s] -- Up-to-date: /home/zxs/ocs2_ros2_legubiao/ws/install/humanoid_dummy/share/humanoid_dummy/cmake/ament_cmake_export_dependencies-extras.cmake
[0.122s] -- Up-to-date: /home/zxs/ocs2_ros2_legubiao/ws/install/humanoid_dummy/share/humanoid_dummy/cmake/ament_cmake_export_targets-extras.cmake
[0.122s] -- Up-to-date: /home/zxs/ocs2_ros2_legubiao/ws/install/humanoid_dummy/share/humanoid_dummy/cmake/humanoid_dummyConfig.cmake
[0.122s] -- Up-to-date: /home/zxs/ocs2_ros2_legubiao/ws/install/humanoid_dummy/share/humanoid_dummy/cmake/humanoid_dummyConfig-version.cmake
[0.122s] -- Up-to-date: /home/zxs/ocs2_ros2_legubiao/ws/install/humanoid_dummy/share/humanoid_dummy/package.xml
[0.124s] Invoked command in '/home/zxs/ocs2_ros2_legubiao/ws/build/humanoid_dummy' returned '0': AMENT_PREFIX_PATH=/home/zxs/ocs2_ros2_legubiao/ws/install/humanoid_interface:/home/zxs/ocs2_ros2_legubiao/ws/install/ocs2_self_collision:${AMENT_PREFIX_PATH} CMAKE_PREFIX_PATH=/home/zxs/ocs2_ros2_legubiao/ws/install/humanoid_interface:/home/zxs/ocs2_ros2_legubiao/ws/install/ocs2_sqp:/home/zxs/ocs2_ros2_legubiao/ws/install/ocs2_self_collision:/home/zxs/ocs2_ros2_legubiao/ws/install/ocs2_ipm:/home/zxs/ocs2_ros2_legubiao/ws/install/ocs2_centroidal_model:/home/zxs/ocs2_ros2_legubiao/ws/install/ocs2_ros_interfaces:/home/zxs/ocs2_ros2_legubiao/ws/install/ocs2_pinocchio_interface:/home/zxs/ocs2_ros2_legubiao/ws/install/ocs2_ddp:/home/zxs/ocs2_ros2_legubiao/ws/install/hpipm_colcon:/home/zxs/ocs2_ros2_legubiao/ws/install/ocs2_robotic_tools:/home/zxs/ocs2_ros2_legubiao/ws/install/ocs2_qp_solver:/home/zxs/ocs2_ros2_legubiao/ws/install/ocs2_mpc:/home/zxs/ocs2_ros2_legubiao/ws/install/ocs2_oc:/home/zxs/ocs2_ros2_legubiao/ws/install/ocs2_core:/home/zxs/ocs2_ros2_legubiao/ws/install/ocs2_thirdparty:/home/zxs/ocs2_ros2_legubiao/ws/install/ocs2_robotic_assets:/home/zxs/ocs2_ros2_legubiao/ws/install/ocs2_msgs:/home/zxs/ocs2_ros2_legubiao/ws/install/blasfeo_colcon:/home/zxs/ocs2_ros2_legubiao/ws/install/ocs2_legged_robot_ros:/home/zxs/ocs2_ros2_legubiao/ws/install/ocs2_legged_robot:/opt/ros/humble LD_LIBRARY_PATH=/home/zxs/ocs2_ros2_legubiao/ws/install/humanoid_interface/lib:/home/zxs/ocs2_ros2_legubiao/ws/install/ocs2_self_collision/lib:/home/zxs/ocs2_ros2_legubiao/ws/install/ocs2_pinocchio_interface/lib:/home/zxs/ocs2_ros2_legubiao/ws/install/hpipm_colcon/lib:/home/zxs/ocs2_ros2_legubiao/ws/install/ocs2_msgs/lib:/home/zxs/ocs2_ros2_legubiao/ws/install/blasfeo_colcon/lib:/home/zxs/ocs2_ros2_legubiao/ws/install/ocs2_legged_robot_ros/lib:/home/zxs/ocs2_ros2_legubiao/ws/install/ocs2_legged_robot/lib:/home/zxs/ocs2_ros2_legubiao/ws/install/ocs2_sqp/lib:/home/zxs/ocs2_ros2_legubiao/ws/install/ocs2_ros_interfaces/lib:/home/zxs/ocs2_ros2_legubiao/ws/install/ocs2_centroidal_model/lib:/home/zxs/ocs2_ros2_legubiao/ws/install/ocs2_robotic_tools/lib:/home/zxs/ocs2_ros2_legubiao/ws/install/ocs2_ipm/lib:/home/zxs/ocs2_ros2_legubiao/ws/install/ocs2_ddp/lib:/home/zxs/ocs2_ros2_legubiao/ws/install/ocs2_qp_solver/lib:/home/zxs/ocs2_ros2_legubiao/ws/install/ocs2_mpc/lib:/home/zxs/ocs2_ros2_legubiao/ws/install/ocs2_oc/lib:/home/zxs/ocs2_ros2_legubiao/ws/install/ocs2_core/lib:/usr/lib/x86_64-linux-gnu/gazebo-11/plugins:/opt/ros/humble/opt/rviz_ogre_vendor/lib:/opt/ros/humble/lib/x86_64-linux-gnu:/opt/ros/humble/lib /usr/bin/cmake --install /home/zxs/ocs2_ros2_legubiao/ws/build/humanoid_dummy
