-- The C compiler identification is GNU 12.3.0
-- The CXX compiler identification is GNU 12.3.0
-- Detecting C compiler ABI info
-- Detecting C compiler ABI info - done
-- Check for working C compiler: /usr/bin/cc - skipped
-- Detecting C compile features
-- Detecting C compile features - done
-- Detecting CXX compiler ABI info
-- Detecting CXX compiler ABI info - done
-- Check for working CXX compiler: /usr/bin/c++ - skipped
-- Detecting CXX compile features
-- Detecting CXX compile features - done
-- Building for Intel x86_64 architecture
-- Found ament_cmake: 1.3.11 (/opt/ros/humble/share/ament_cmake/cmake)
-- Found Python3: /usr/bin/python3 (found version "3.10.13") found components: Interpreter 
-- Override CMake install command with custom implementation using symlinks instead of copying resources
-- Found blasfeo_colcon: 0.0.0 (/home/zxs/ocs2_ros2_legubiao/ws/install/blasfeo_colcon/share/blasfeo_colcon/cmake)
-- Found ocs2_qp_solver: 0.0.0 (/home/zxs/ocs2_ros2_legubiao/ws/install/ocs2_qp_solver/share/ocs2_qp_solver/cmake)
-- Found OpenMP_C: -fopenmp (found version "4.5") 
-- Found OpenMP_CXX: -fopenmp (found version "4.5") 
-- Found OpenMP: TRUE (found version "4.5")  
-- Found Boost: /usr/lib/x86_64-linux-gnu/cmake/Boost-1.74.0/BoostConfig.cmake (found version "1.74.0") found components: system filesystem log_setup log 
-- BLASFEO_PATH: /home/zxs/ocs2_ros2_legubiao/ws/install/hpipm_colcon/include
-- Using BLASFEO path: 
-- Installation directory: /home/zxs/ocs2_ros2_legubiao/ws/install/hpipm_colcon
-- FOUND HEADER: /home/zxs/ocs2_ros2_legubiao/ws/build/hpipm_colcon/download/include/hpipm_aux_mem.h
-- FOUND HEADER: /home/zxs/ocs2_ros2_legubiao/ws/build/hpipm_colcon/download/include/hpipm_aux_string.h
-- FOUND HEADER: /home/zxs/ocs2_ros2_legubiao/ws/build/hpipm_colcon/download/include/hpipm_common.h
-- FOUND HEADER: /home/zxs/ocs2_ros2_legubiao/ws/build/hpipm_colcon/download/include/hpipm_d_cast_qcqp.h
-- FOUND HEADER: /home/zxs/ocs2_ros2_legubiao/ws/build/hpipm_colcon/download/include/hpipm_d_cond.h
-- FOUND HEADER: /home/zxs/ocs2_ros2_legubiao/ws/build/hpipm_colcon/download/include/hpipm_d_cond_aux.h
-- FOUND HEADER: /home/zxs/ocs2_ros2_legubiao/ws/build/hpipm_colcon/download/include/hpipm_d_cond_qcqp.h
-- FOUND HEADER: /home/zxs/ocs2_ros2_legubiao/ws/build/hpipm_colcon/download/include/hpipm_d_core_qp_ipm.h
-- FOUND HEADER: /home/zxs/ocs2_ros2_legubiao/ws/build/hpipm_colcon/download/include/hpipm_d_core_qp_ipm_aux.h
-- FOUND HEADER: /home/zxs/ocs2_ros2_legubiao/ws/build/hpipm_colcon/download/include/hpipm_d_dense_qcqp.h
-- FOUND HEADER: /home/zxs/ocs2_ros2_legubiao/ws/build/hpipm_colcon/download/include/hpipm_d_dense_qcqp_dim.h
-- FOUND HEADER: /home/zxs/ocs2_ros2_legubiao/ws/build/hpipm_colcon/download/include/hpipm_d_dense_qcqp_ipm.h
-- FOUND HEADER: /home/zxs/ocs2_ros2_legubiao/ws/build/hpipm_colcon/download/include/hpipm_d_dense_qcqp_res.h
-- FOUND HEADER: /home/zxs/ocs2_ros2_legubiao/ws/build/hpipm_colcon/download/include/hpipm_d_dense_qcqp_sol.h
-- FOUND HEADER: /home/zxs/ocs2_ros2_legubiao/ws/build/hpipm_colcon/download/include/hpipm_d_dense_qcqp_utils.h
-- FOUND HEADER: /home/zxs/ocs2_ros2_legubiao/ws/build/hpipm_colcon/download/include/hpipm_d_dense_qp.h
-- FOUND HEADER: /home/zxs/ocs2_ros2_legubiao/ws/build/hpipm_colcon/download/include/hpipm_d_dense_qp_dim.h
-- FOUND HEADER: /home/zxs/ocs2_ros2_legubiao/ws/build/hpipm_colcon/download/include/hpipm_d_dense_qp_ipm.h
-- FOUND HEADER: /home/zxs/ocs2_ros2_legubiao/ws/build/hpipm_colcon/download/include/hpipm_d_dense_qp_kkt.h
-- FOUND HEADER: /home/zxs/ocs2_ros2_legubiao/ws/build/hpipm_colcon/download/include/hpipm_d_dense_qp_res.h
-- FOUND HEADER: /home/zxs/ocs2_ros2_legubiao/ws/build/hpipm_colcon/download/include/hpipm_d_dense_qp_sol.h
-- FOUND HEADER: /home/zxs/ocs2_ros2_legubiao/ws/build/hpipm_colcon/download/include/hpipm_d_dense_qp_utils.h
-- FOUND HEADER: /home/zxs/ocs2_ros2_legubiao/ws/build/hpipm_colcon/download/include/hpipm_d_ocp_qcqp.h
-- FOUND HEADER: /home/zxs/ocs2_ros2_legubiao/ws/build/hpipm_colcon/download/include/hpipm_d_ocp_qcqp_dim.h
-- FOUND HEADER: /home/zxs/ocs2_ros2_legubiao/ws/build/hpipm_colcon/download/include/hpipm_d_ocp_qcqp_ipm.h
-- FOUND HEADER: /home/zxs/ocs2_ros2_legubiao/ws/build/hpipm_colcon/download/include/hpipm_d_ocp_qcqp_res.h
-- FOUND HEADER: /home/zxs/ocs2_ros2_legubiao/ws/build/hpipm_colcon/download/include/hpipm_d_ocp_qcqp_sol.h
-- FOUND HEADER: /home/zxs/ocs2_ros2_legubiao/ws/build/hpipm_colcon/download/include/hpipm_d_ocp_qcqp_utils.h
-- FOUND HEADER: /home/zxs/ocs2_ros2_legubiao/ws/build/hpipm_colcon/download/include/hpipm_d_ocp_qp.h
-- FOUND HEADER: /home/zxs/ocs2_ros2_legubiao/ws/build/hpipm_colcon/download/include/hpipm_d_ocp_qp_dim.h
-- FOUND HEADER: /home/zxs/ocs2_ros2_legubiao/ws/build/hpipm_colcon/download/include/hpipm_d_ocp_qp_ipm.h
-- FOUND HEADER: /home/zxs/ocs2_ros2_legubiao/ws/build/hpipm_colcon/download/include/hpipm_d_ocp_qp_kkt.h
-- FOUND HEADER: /home/zxs/ocs2_ros2_legubiao/ws/build/hpipm_colcon/download/include/hpipm_d_ocp_qp_red.h
-- FOUND HEADER: /home/zxs/ocs2_ros2_legubiao/ws/build/hpipm_colcon/download/include/hpipm_d_ocp_qp_res.h
-- FOUND HEADER: /home/zxs/ocs2_ros2_legubiao/ws/build/hpipm_colcon/download/include/hpipm_d_ocp_qp_sol.h
-- FOUND HEADER: /home/zxs/ocs2_ros2_legubiao/ws/build/hpipm_colcon/download/include/hpipm_d_ocp_qp_utils.h
-- FOUND HEADER: /home/zxs/ocs2_ros2_legubiao/ws/build/hpipm_colcon/download/include/hpipm_d_part_cond.h
-- FOUND HEADER: /home/zxs/ocs2_ros2_legubiao/ws/build/hpipm_colcon/download/include/hpipm_d_part_cond_qcqp.h
-- FOUND HEADER: /home/zxs/ocs2_ros2_legubiao/ws/build/hpipm_colcon/download/include/hpipm_d_sim_erk.h
-- FOUND HEADER: /home/zxs/ocs2_ros2_legubiao/ws/build/hpipm_colcon/download/include/hpipm_d_sim_rk.h
-- FOUND HEADER: /home/zxs/ocs2_ros2_legubiao/ws/build/hpipm_colcon/download/include/hpipm_d_tree_ocp_qcqp.h
-- FOUND HEADER: /home/zxs/ocs2_ros2_legubiao/ws/build/hpipm_colcon/download/include/hpipm_d_tree_ocp_qcqp_dim.h
-- FOUND HEADER: /home/zxs/ocs2_ros2_legubiao/ws/build/hpipm_colcon/download/include/hpipm_d_tree_ocp_qcqp_ipm.h
-- FOUND HEADER: /home/zxs/ocs2_ros2_legubiao/ws/build/hpipm_colcon/download/include/hpipm_d_tree_ocp_qcqp_res.h
-- FOUND HEADER: /home/zxs/ocs2_ros2_legubiao/ws/build/hpipm_colcon/download/include/hpipm_d_tree_ocp_qcqp_sol.h
-- FOUND HEADER: /home/zxs/ocs2_ros2_legubiao/ws/build/hpipm_colcon/download/include/hpipm_d_tree_ocp_qcqp_utils.h
-- FOUND HEADER: /home/zxs/ocs2_ros2_legubiao/ws/build/hpipm_colcon/download/include/hpipm_d_tree_ocp_qp.h
-- FOUND HEADER: /home/zxs/ocs2_ros2_legubiao/ws/build/hpipm_colcon/download/include/hpipm_d_tree_ocp_qp_dim.h
-- FOUND HEADER: /home/zxs/ocs2_ros2_legubiao/ws/build/hpipm_colcon/download/include/hpipm_d_tree_ocp_qp_ipm.h
-- FOUND HEADER: /home/zxs/ocs2_ros2_legubiao/ws/build/hpipm_colcon/download/include/hpipm_d_tree_ocp_qp_kkt.h
-- FOUND HEADER: /home/zxs/ocs2_ros2_legubiao/ws/build/hpipm_colcon/download/include/hpipm_d_tree_ocp_qp_res.h
-- FOUND HEADER: /home/zxs/ocs2_ros2_legubiao/ws/build/hpipm_colcon/download/include/hpipm_d_tree_ocp_qp_sol.h
-- FOUND HEADER: /home/zxs/ocs2_ros2_legubiao/ws/build/hpipm_colcon/download/include/hpipm_d_tree_ocp_qp_utils.h
-- FOUND HEADER: /home/zxs/ocs2_ros2_legubiao/ws/build/hpipm_colcon/download/include/hpipm_m_dense_qp.h
-- FOUND HEADER: /home/zxs/ocs2_ros2_legubiao/ws/build/hpipm_colcon/download/include/hpipm_m_dense_qp_dim.h
-- FOUND HEADER: /home/zxs/ocs2_ros2_legubiao/ws/build/hpipm_colcon/download/include/hpipm_m_ocp_qp.h
-- FOUND HEADER: /home/zxs/ocs2_ros2_legubiao/ws/build/hpipm_colcon/download/include/hpipm_m_ocp_qp_ipm_hard.h
-- FOUND HEADER: /home/zxs/ocs2_ros2_legubiao/ws/build/hpipm_colcon/download/include/hpipm_m_ocp_qp_kkt.h
-- FOUND HEADER: /home/zxs/ocs2_ros2_legubiao/ws/build/hpipm_colcon/download/include/hpipm_s_cast_qcqp.h
-- FOUND HEADER: /home/zxs/ocs2_ros2_legubiao/ws/build/hpipm_colcon/download/include/hpipm_s_cond.h
-- FOUND HEADER: /home/zxs/ocs2_ros2_legubiao/ws/build/hpipm_colcon/download/include/hpipm_s_cond_aux.h
-- FOUND HEADER: /home/zxs/ocs2_ros2_legubiao/ws/build/hpipm_colcon/download/include/hpipm_s_cond_qcqp.h
-- FOUND HEADER: /home/zxs/ocs2_ros2_legubiao/ws/build/hpipm_colcon/download/include/hpipm_s_core_qp_ipm.h
-- FOUND HEADER: /home/zxs/ocs2_ros2_legubiao/ws/build/hpipm_colcon/download/include/hpipm_s_core_qp_ipm_aux.h
-- FOUND HEADER: /home/zxs/ocs2_ros2_legubiao/ws/build/hpipm_colcon/download/include/hpipm_s_dense_qcqp.h
-- FOUND HEADER: /home/zxs/ocs2_ros2_legubiao/ws/build/hpipm_colcon/download/include/hpipm_s_dense_qcqp_dim.h
-- FOUND HEADER: /home/zxs/ocs2_ros2_legubiao/ws/build/hpipm_colcon/download/include/hpipm_s_dense_qcqp_ipm.h
-- FOUND HEADER: /home/zxs/ocs2_ros2_legubiao/ws/build/hpipm_colcon/download/include/hpipm_s_dense_qcqp_res.h
-- FOUND HEADER: /home/zxs/ocs2_ros2_legubiao/ws/build/hpipm_colcon/download/include/hpipm_s_dense_qcqp_sol.h
-- FOUND HEADER: /home/zxs/ocs2_ros2_legubiao/ws/build/hpipm_colcon/download/include/hpipm_s_dense_qcqp_utils.h
-- FOUND HEADER: /home/zxs/ocs2_ros2_legubiao/ws/build/hpipm_colcon/download/include/hpipm_s_dense_qp.h
-- FOUND HEADER: /home/zxs/ocs2_ros2_legubiao/ws/build/hpipm_colcon/download/include/hpipm_s_dense_qp_dim.h
-- FOUND HEADER: /home/zxs/ocs2_ros2_legubiao/ws/build/hpipm_colcon/download/include/hpipm_s_dense_qp_ipm.h
-- FOUND HEADER: /home/zxs/ocs2_ros2_legubiao/ws/build/hpipm_colcon/download/include/hpipm_s_dense_qp_kkt.h
-- FOUND HEADER: /home/zxs/ocs2_ros2_legubiao/ws/build/hpipm_colcon/download/include/hpipm_s_dense_qp_res.h
-- FOUND HEADER: /home/zxs/ocs2_ros2_legubiao/ws/build/hpipm_colcon/download/include/hpipm_s_dense_qp_sol.h
-- FOUND HEADER: /home/zxs/ocs2_ros2_legubiao/ws/build/hpipm_colcon/download/include/hpipm_s_dense_qp_utils.h
-- FOUND HEADER: /home/zxs/ocs2_ros2_legubiao/ws/build/hpipm_colcon/download/include/hpipm_s_ocp_qcqp.h
-- FOUND HEADER: /home/zxs/ocs2_ros2_legubiao/ws/build/hpipm_colcon/download/include/hpipm_s_ocp_qcqp_dim.h
-- FOUND HEADER: /home/zxs/ocs2_ros2_legubiao/ws/build/hpipm_colcon/download/include/hpipm_s_ocp_qcqp_ipm.h
-- FOUND HEADER: /home/zxs/ocs2_ros2_legubiao/ws/build/hpipm_colcon/download/include/hpipm_s_ocp_qcqp_res.h
-- FOUND HEADER: /home/zxs/ocs2_ros2_legubiao/ws/build/hpipm_colcon/download/include/hpipm_s_ocp_qcqp_sol.h
-- FOUND HEADER: /home/zxs/ocs2_ros2_legubiao/ws/build/hpipm_colcon/download/include/hpipm_s_ocp_qcqp_utils.h
-- FOUND HEADER: /home/zxs/ocs2_ros2_legubiao/ws/build/hpipm_colcon/download/include/hpipm_s_ocp_qp.h
-- FOUND HEADER: /home/zxs/ocs2_ros2_legubiao/ws/build/hpipm_colcon/download/include/hpipm_s_ocp_qp_dim.h
-- FOUND HEADER: /home/zxs/ocs2_ros2_legubiao/ws/build/hpipm_colcon/download/include/hpipm_s_ocp_qp_ipm.h
-- FOUND HEADER: /home/zxs/ocs2_ros2_legubiao/ws/build/hpipm_colcon/download/include/hpipm_s_ocp_qp_kkt.h
-- FOUND HEADER: /home/zxs/ocs2_ros2_legubiao/ws/build/hpipm_colcon/download/include/hpipm_s_ocp_qp_red.h
-- FOUND HEADER: /home/zxs/ocs2_ros2_legubiao/ws/build/hpipm_colcon/download/include/hpipm_s_ocp_qp_res.h
-- FOUND HEADER: /home/zxs/ocs2_ros2_legubiao/ws/build/hpipm_colcon/download/include/hpipm_s_ocp_qp_sol.h
-- FOUND HEADER: /home/zxs/ocs2_ros2_legubiao/ws/build/hpipm_colcon/download/include/hpipm_s_ocp_qp_utils.h
-- FOUND HEADER: /home/zxs/ocs2_ros2_legubiao/ws/build/hpipm_colcon/download/include/hpipm_s_part_cond.h
-- FOUND HEADER: /home/zxs/ocs2_ros2_legubiao/ws/build/hpipm_colcon/download/include/hpipm_s_part_cond_qcqp.h
-- FOUND HEADER: /home/zxs/ocs2_ros2_legubiao/ws/build/hpipm_colcon/download/include/hpipm_s_sim_erk.h
-- FOUND HEADER: /home/zxs/ocs2_ros2_legubiao/ws/build/hpipm_colcon/download/include/hpipm_s_sim_rk.h
-- FOUND HEADER: /home/zxs/ocs2_ros2_legubiao/ws/build/hpipm_colcon/download/include/hpipm_s_tree_ocp_qcqp.h
-- FOUND HEADER: /home/zxs/ocs2_ros2_legubiao/ws/build/hpipm_colcon/download/include/hpipm_s_tree_ocp_qcqp_dim.h
-- FOUND HEADER: /home/zxs/ocs2_ros2_legubiao/ws/build/hpipm_colcon/download/include/hpipm_s_tree_ocp_qcqp_ipm.h
-- FOUND HEADER: /home/zxs/ocs2_ros2_legubiao/ws/build/hpipm_colcon/download/include/hpipm_s_tree_ocp_qcqp_res.h
-- FOUND HEADER: /home/zxs/ocs2_ros2_legubiao/ws/build/hpipm_colcon/download/include/hpipm_s_tree_ocp_qcqp_sol.h
-- FOUND HEADER: /home/zxs/ocs2_ros2_legubiao/ws/build/hpipm_colcon/download/include/hpipm_s_tree_ocp_qcqp_utils.h
-- FOUND HEADER: /home/zxs/ocs2_ros2_legubiao/ws/build/hpipm_colcon/download/include/hpipm_s_tree_ocp_qp.h
-- FOUND HEADER: /home/zxs/ocs2_ros2_legubiao/ws/build/hpipm_colcon/download/include/hpipm_s_tree_ocp_qp_dim.h
-- FOUND HEADER: /home/zxs/ocs2_ros2_legubiao/ws/build/hpipm_colcon/download/include/hpipm_s_tree_ocp_qp_ipm.h
-- FOUND HEADER: /home/zxs/ocs2_ros2_legubiao/ws/build/hpipm_colcon/download/include/hpipm_s_tree_ocp_qp_kkt.h
-- FOUND HEADER: /home/zxs/ocs2_ros2_legubiao/ws/build/hpipm_colcon/download/include/hpipm_s_tree_ocp_qp_res.h
-- FOUND HEADER: /home/zxs/ocs2_ros2_legubiao/ws/build/hpipm_colcon/download/include/hpipm_s_tree_ocp_qp_sol.h
-- FOUND HEADER: /home/zxs/ocs2_ros2_legubiao/ws/build/hpipm_colcon/download/include/hpipm_s_tree_ocp_qp_utils.h
-- FOUND HEADER: /home/zxs/ocs2_ros2_legubiao/ws/build/hpipm_colcon/download/include/hpipm_scenario_tree.h
-- FOUND HEADER: /home/zxs/ocs2_ros2_legubiao/ws/build/hpipm_colcon/download/include/hpipm_timing.h
-- FOUND HEADER: /home/zxs/ocs2_ros2_legubiao/ws/build/hpipm_colcon/download/include/hpipm_tree.h
-- Found ament_lint_auto: 0.12.12 (/opt/ros/humble/share/ament_lint_auto/cmake)
-- Found ament_cmake_gtest: 1.3.11 (/opt/ros/humble/share/ament_cmake_gtest/cmake)
-- Found gtest sources under '/opt/ros/humble/src/gtest_vendor': C++ tests using 'Google Test' will be built
-- Found Threads: TRUE  
-- Configuring done
-- Generating done
-- Build files have been written to: /home/zxs/ocs2_ros2_legubiao/ws/build/hpipm_colcon
[  1%] [32mBuilding CXX object CMakeFiles/hpipm_colcon.dir/src/HpipmInterfaceSettings.cpp.o[0m
[  4%] [32mBuilding C object build/CMakeFiles/hpipm.dir/cond/d_cond_aux.c.o[0m
[  5%] [32mBuilding C object build/CMakeFiles/hpipm.dir/cond/d_cond_qcqp.c.o[0m
[  6%] [32mBuilding C object build/CMakeFiles/hpipm.dir/cond/d_part_cond_qcqp.c.o[0m
[  7%] [32mBuilding C object build/CMakeFiles/hpipm.dir/cond/d_cast_qcqp.c.o[0m
[  7%] [32mBuilding C object build/CMakeFiles/hpipm.dir/cond/s_cond.c.o[0m
[  7%] [32mBuilding CXX object gtest/CMakeFiles/gtest.dir/src/gtest-all.cc.o[0m
[  8%] [32mBuilding C object build/CMakeFiles/hpipm.dir/cond/s_cond_aux.c.o[0m
[  9%] [32mBuilding C object build/CMakeFiles/hpipm.dir/cond/d_cond.c.o[0m
[ 10%] [32mBuilding C object build/CMakeFiles/hpipm.dir/cond/d_part_cond.c.o[0m
[  3%] [32mBuilding CXX object gtest/CMakeFiles/gtest_main.dir/src/gtest_main.cc.o[0m
[ 12%] [32mBuilding C object build/CMakeFiles/hpipm.dir/cond/s_cast_qcqp.c.o[0m
[ 12%] [32mBuilding C object build/CMakeFiles/hpipm.dir/cond/s_cond_qcqp.c.o[0m
[ 13%] [32mBuilding C object build/CMakeFiles/hpipm.dir/dense_qp/d_dense_qcqp.c.o[0m
[  3%] [32mBuilding CXX object CMakeFiles/hpipm_colcon.dir/src/HpipmInterface.cpp.o[0m
[ 14%] [32mBuilding C object build/CMakeFiles/hpipm.dir/cond/s_part_cond_qcqp.c.o[0m
[ 15%] [32mBuilding C object build/CMakeFiles/hpipm.dir/dense_qp/d_dense_qcqp_dim.c.o[0m
[ 16%] [32mBuilding C object build/CMakeFiles/hpipm.dir/dense_qp/d_dense_qcqp_ipm.c.o[0m
[ 17%] [32mBuilding C object build/CMakeFiles/hpipm.dir/dense_qp/d_dense_qcqp_res.c.o[0m
[ 18%] [32mBuilding C object build/CMakeFiles/hpipm.dir/dense_qp/d_dense_qcqp_sol.c.o[0m
[ 19%] [32mBuilding C object build/CMakeFiles/hpipm.dir/dense_qp/d_dense_qcqp_utils.c.o[0m
[ 20%] [32mBuilding C object build/CMakeFiles/hpipm.dir/cond/s_part_cond.c.o[0m
[ 21%] [32mBuilding C object build/CMakeFiles/hpipm.dir/dense_qp/d_dense_qp_ipm.c.o[0m
[ 21%] [32mBuilding C object build/CMakeFiles/hpipm.dir/dense_qp/d_dense_qp.c.o[0m
[ 22%] [32mBuilding C object build/CMakeFiles/hpipm.dir/dense_qp/d_dense_qp_kkt.c.o[0m
[ 23%] [32mBuilding C object build/CMakeFiles/hpipm.dir/dense_qp/d_dense_qp_dim.c.o[0m
[ 24%] [32mBuilding C object build/CMakeFiles/hpipm.dir/dense_qp/d_dense_qp_res.c.o[0m
[ 25%] [32mBuilding C object build/CMakeFiles/hpipm.dir/dense_qp/d_dense_qp_sol.c.o[0m
[ 26%] [32mBuilding C object build/CMakeFiles/hpipm.dir/dense_qp/d_dense_qp_utils.c.o[0m
[ 27%] [32mBuilding C object build/CMakeFiles/hpipm.dir/dense_qp/s_dense_qcqp.c.o[0m
[ 28%] [32mBuilding C object build/CMakeFiles/hpipm.dir/dense_qp/s_dense_qcqp_dim.c.o[0m
[ 29%] [32mBuilding C object build/CMakeFiles/hpipm.dir/dense_qp/s_dense_qcqp_ipm.c.o[0m
[ 30%] [32mBuilding C object build/CMakeFiles/hpipm.dir/dense_qp/s_dense_qcqp_res.c.o[0m
[ 30%] [32mBuilding C object build/CMakeFiles/hpipm.dir/dense_qp/s_dense_qcqp_sol.c.o[0m
[ 31%] [32mBuilding C object build/CMakeFiles/hpipm.dir/dense_qp/s_dense_qcqp_utils.c.o[0m
[ 32%] [32mBuilding C object build/CMakeFiles/hpipm.dir/dense_qp/s_dense_qp.c.o[0m
[ 33%] [32mBuilding C object build/CMakeFiles/hpipm.dir/dense_qp/s_dense_qp_dim.c.o[0m
[ 34%] [32mBuilding C object build/CMakeFiles/hpipm.dir/dense_qp/s_dense_qp_ipm.c.o[0m
[ 35%] [32mBuilding C object build/CMakeFiles/hpipm.dir/dense_qp/s_dense_qp_kkt.c.o[0m
[ 36%] [32mBuilding C object build/CMakeFiles/hpipm.dir/dense_qp/s_dense_qp_res.c.o[0m
[ 37%] [32mBuilding C object build/CMakeFiles/hpipm.dir/dense_qp/s_dense_qp_sol.c.o[0m
[ 38%] [32mBuilding C object build/CMakeFiles/hpipm.dir/dense_qp/s_dense_qp_utils.c.o[0m
[ 39%] [32mBuilding C object build/CMakeFiles/hpipm.dir/ipm_core/d_core_qp_ipm.c.o[0m
[ 40%] [32mBuilding C object build/CMakeFiles/hpipm.dir/ipm_core/d_core_qp_ipm_aux_avx.c.o[0m
[ 40%] [32mBuilding C object build/CMakeFiles/hpipm.dir/ipm_core/s_core_qp_ipm.c.o[0m
[ 41%] [32mBuilding C object build/CMakeFiles/hpipm.dir/ipm_core/s_core_qp_ipm_aux_avx.c.o[0m
[ 42%] [32mBuilding C object build/CMakeFiles/hpipm.dir/ocp_qp/d_ocp_qcqp.c.o[0m
[ 43%] [32mBuilding C object build/CMakeFiles/hpipm.dir/ocp_qp/d_ocp_qcqp_dim.c.o[0m
[ 44%] [32mBuilding C object build/CMakeFiles/hpipm.dir/ocp_qp/d_ocp_qcqp_ipm.c.o[0m
[ 45%] [32mBuilding C object build/CMakeFiles/hpipm.dir/ocp_qp/d_ocp_qcqp_sol.c.o[0m
[ 46%] [32mBuilding C object build/CMakeFiles/hpipm.dir/ocp_qp/d_ocp_qcqp_res.c.o[0m
[ 47%] [32mBuilding C object build/CMakeFiles/hpipm.dir/ocp_qp/d_ocp_qcqp_utils.c.o[0m
[ 48%] [32mBuilding C object build/CMakeFiles/hpipm.dir/ocp_qp/d_ocp_qp_dim.c.o[0m
[ 49%] [32mBuilding C object build/CMakeFiles/hpipm.dir/ocp_qp/d_ocp_qp.c.o[0m
[ 50%] [32mBuilding C object build/CMakeFiles/hpipm.dir/ocp_qp/d_ocp_qp_ipm.c.o[0m
[ 50%] [32mBuilding C object build/CMakeFiles/hpipm.dir/ocp_qp/d_ocp_qp_kkt.c.o[0m
[ 51%] [32mBuilding C object build/CMakeFiles/hpipm.dir/ocp_qp/d_ocp_qp_red.c.o[0m
[ 52%] [32mBuilding C object build/CMakeFiles/hpipm.dir/ocp_qp/d_ocp_qp_res.c.o[0m
[ 53%] [32mBuilding C object build/CMakeFiles/hpipm.dir/ocp_qp/d_ocp_qp_sol.c.o[0m
[ 54%] [32mBuilding C object build/CMakeFiles/hpipm.dir/ocp_qp/d_ocp_qp_utils.c.o[0m
[ 55%] [32mBuilding C object build/CMakeFiles/hpipm.dir/ocp_qp/s_ocp_qcqp.c.o[0m
[ 56%] [32mBuilding C object build/CMakeFiles/hpipm.dir/ocp_qp/s_ocp_qcqp_dim.c.o[0m
[ 57%] [32mBuilding C object build/CMakeFiles/hpipm.dir/ocp_qp/s_ocp_qcqp_ipm.c.o[0m
[ 58%] [32mBuilding C object build/CMakeFiles/hpipm.dir/ocp_qp/s_ocp_qcqp_res.c.o[0m
[ 59%] [32mBuilding C object build/CMakeFiles/hpipm.dir/ocp_qp/s_ocp_qcqp_utils.c.o[0m
[ 60%] [32mBuilding C object build/CMakeFiles/hpipm.dir/ocp_qp/s_ocp_qcqp_sol.c.o[0m
[ 60%] [32mBuilding C object build/CMakeFiles/hpipm.dir/ocp_qp/s_ocp_qp.c.o[0m
[ 61%] [32mBuilding C object build/CMakeFiles/hpipm.dir/ocp_qp/s_ocp_qp_dim.c.o[0m
[ 62%] [32mBuilding C object build/CMakeFiles/hpipm.dir/ocp_qp/s_ocp_qp_ipm.c.o[0m
[ 63%] [32mBuilding C object build/CMakeFiles/hpipm.dir/ocp_qp/s_ocp_qp_kkt.c.o[0m
[ 64%] [32mBuilding C object build/CMakeFiles/hpipm.dir/ocp_qp/s_ocp_qp_red.c.o[0m
[ 65%] [32mBuilding C object build/CMakeFiles/hpipm.dir/ocp_qp/s_ocp_qp_res.c.o[0m
[ 66%] [32mBuilding C object build/CMakeFiles/hpipm.dir/ocp_qp/s_ocp_qp_sol.c.o[0m
[ 67%] [32mBuilding C object build/CMakeFiles/hpipm.dir/ocp_qp/s_ocp_qp_utils.c.o[0m
[ 68%] [32mBuilding C object build/CMakeFiles/hpipm.dir/tree_ocp_qp/d_tree_ocp_qcqp.c.o[0m
[ 69%] [32mBuilding C object build/CMakeFiles/hpipm.dir/tree_ocp_qp/d_tree_ocp_qcqp_dim.c.o[0m
[ 70%] [32mBuilding C object build/CMakeFiles/hpipm.dir/tree_ocp_qp/d_tree_ocp_qcqp_ipm.c.o[0m
[ 70%] [32mBuilding C object build/CMakeFiles/hpipm.dir/tree_ocp_qp/d_tree_ocp_qcqp_res.c.o[0m
[ 71%] [32mBuilding C object build/CMakeFiles/hpipm.dir/tree_ocp_qp/d_tree_ocp_qcqp_sol.c.o[0m
[ 72%] [32mBuilding C object build/CMakeFiles/hpipm.dir/tree_ocp_qp/d_tree_ocp_qcqp_utils.c.o[0m
[ 73%] [32mBuilding C object build/CMakeFiles/hpipm.dir/tree_ocp_qp/d_tree_ocp_qp.c.o[0m
[ 74%] [32m[1mLinking CXX static library libgtest_main.a[0m
[ 75%] [32mBuilding C object build/CMakeFiles/hpipm.dir/tree_ocp_qp/d_tree_ocp_qp_dim.c.o[0m
[ 76%] [32mBuilding C object build/CMakeFiles/hpipm.dir/tree_ocp_qp/d_tree_ocp_qp_ipm.c.o[0m
[ 77%] [32mBuilding C object build/CMakeFiles/hpipm.dir/tree_ocp_qp/d_tree_ocp_qp_kkt.c.o[0m
[ 78%] [32mBuilding C object build/CMakeFiles/hpipm.dir/tree_ocp_qp/d_tree_ocp_qp_res.c.o[0m
[ 79%] [32mBuilding C object build/CMakeFiles/hpipm.dir/tree_ocp_qp/d_tree_ocp_qp_sol.c.o[0m
[ 80%] [32mBuilding C object build/CMakeFiles/hpipm.dir/tree_ocp_qp/d_tree_ocp_qp_utils.c.o[0m
[ 81%] [32mBuilding C object build/CMakeFiles/hpipm.dir/tree_ocp_qp/s_tree_ocp_qcqp.c.o[0m
[ 81%] Built target gtest_main
[ 81%] [32mBuilding C object build/CMakeFiles/hpipm.dir/tree_ocp_qp/s_tree_ocp_qcqp_dim.c.o[0m
[ 82%] [32mBuilding C object build/CMakeFiles/hpipm.dir/tree_ocp_qp/s_tree_ocp_qcqp_ipm.c.o[0m
[ 83%] [32mBuilding C object build/CMakeFiles/hpipm.dir/tree_ocp_qp/s_tree_ocp_qcqp_res.c.o[0m
[ 84%] [32mBuilding C object build/CMakeFiles/hpipm.dir/tree_ocp_qp/s_tree_ocp_qcqp_sol.c.o[0m
[ 85%] [32mBuilding C object build/CMakeFiles/hpipm.dir/tree_ocp_qp/s_tree_ocp_qcqp_utils.c.o[0m
[ 86%] [32mBuilding C object build/CMakeFiles/hpipm.dir/tree_ocp_qp/s_tree_ocp_qp.c.o[0m
[ 87%] [32mBuilding C object build/CMakeFiles/hpipm.dir/tree_ocp_qp/s_tree_ocp_qp_dim.c.o[0m
[ 88%] [32mBuilding C object build/CMakeFiles/hpipm.dir/tree_ocp_qp/s_tree_ocp_qp_ipm.c.o[0m
[ 89%] [32mBuilding C object build/CMakeFiles/hpipm.dir/tree_ocp_qp/s_tree_ocp_qp_kkt.c.o[0m
[ 90%] [32mBuilding C object build/CMakeFiles/hpipm.dir/tree_ocp_qp/s_tree_ocp_qp_res.c.o[0m
[ 91%] [32mBuilding C object build/CMakeFiles/hpipm.dir/tree_ocp_qp/s_tree_ocp_qp_sol.c.o[0m
[ 91%] [32mBuilding C object build/CMakeFiles/hpipm.dir/tree_ocp_qp/s_tree_ocp_qp_utils.c.o[0m
[ 92%] [32mBuilding C object build/CMakeFiles/hpipm.dir/tree_ocp_qp/scenario_tree.c.o[0m
[ 93%] [32mBuilding C object build/CMakeFiles/hpipm.dir/auxiliary/aux_mem.c.o[0m
[ 94%] [32mBuilding C object build/CMakeFiles/hpipm.dir/auxiliary/aux_string.c.o[0m
[ 95%] [32mBuilding C object build/CMakeFiles/hpipm.dir/auxiliary/timing.c.o[0m
[ 96%] [32m[1mLinking C shared library libhpipm.so[0m
/usr/bin/cc -fPIC  -O2 -fPIC -DTARGET_AVX -m64 -mavx  -DUSE_C99_MATH -DRUNTIME_CHECKS -O3 -DNDEBUG -shared -Wl,-soname,libhpipm.so -o libhpipm.so CMakeFiles/hpipm.dir/cond/d_cast_qcqp.c.o CMakeFiles/hpipm.dir/cond/d_cond.c.o CMakeFiles/hpipm.dir/cond/d_cond_aux.c.o CMakeFiles/hpipm.dir/cond/d_cond_qcqp.c.o CMakeFiles/hpipm.dir/cond/d_part_cond.c.o CMakeFiles/hpipm.dir/cond/d_part_cond_qcqp.c.o CMakeFiles/hpipm.dir/cond/s_cast_qcqp.c.o CMakeFiles/hpipm.dir/cond/s_cond.c.o CMakeFiles/hpipm.dir/cond/s_cond_aux.c.o CMakeFiles/hpipm.dir/cond/s_cond_qcqp.c.o CMakeFiles/hpipm.dir/cond/s_part_cond.c.o CMakeFiles/hpipm.dir/cond/s_part_cond_qcqp.c.o CMakeFiles/hpipm.dir/dense_qp/d_dense_qcqp.c.o CMakeFiles/hpipm.dir/dense_qp/d_dense_qcqp_dim.c.o CMakeFiles/hpipm.dir/dense_qp/d_dense_qcqp_ipm.c.o CMakeFiles/hpipm.dir/dense_qp/d_dense_qcqp_res.c.o CMakeFiles/hpipm.dir/dense_qp/d_dense_qcqp_sol.c.o CMakeFiles/hpipm.dir/dense_qp/d_dense_qcqp_utils.c.o CMakeFiles/hpipm.dir/dense_qp/d_dense_qp.c.o CMakeFiles/hpipm.dir/dense_qp/d_dense_qp_dim.c.o CMakeFiles/hpipm.dir/dense_qp/d_dense_qp_ipm.c.o CMakeFiles/hpipm.dir/dense_qp/d_dense_qp_kkt.c.o CMakeFiles/hpipm.dir/dense_qp/d_dense_qp_res.c.o CMakeFiles/hpipm.dir/dense_qp/d_dense_qp_sol.c.o CMakeFiles/hpipm.dir/dense_qp/d_dense_qp_utils.c.o CMakeFiles/hpipm.dir/dense_qp/s_dense_qcqp.c.o CMakeFiles/hpipm.dir/dense_qp/s_dense_qcqp_dim.c.o CMakeFiles/hpipm.dir/dense_qp/s_dense_qcqp_ipm.c.o CMakeFiles/hpipm.dir/dense_qp/s_dense_qcqp_res.c.o CMakeFiles/hpipm.dir/dense_qp/s_dense_qcqp_sol.c.o CMakeFiles/hpipm.dir/dense_qp/s_dense_qcqp_utils.c.o CMakeFiles/hpipm.dir/dense_qp/s_dense_qp.c.o CMakeFiles/hpipm.dir/dense_qp/s_dense_qp_dim.c.o CMakeFiles/hpipm.dir/dense_qp/s_dense_qp_ipm.c.o CMakeFiles/hpipm.dir/dense_qp/s_dense_qp_kkt.c.o CMakeFiles/hpipm.dir/dense_qp/s_dense_qp_res.c.o CMakeFiles/hpipm.dir/dense_qp/s_dense_qp_sol.c.o CMakeFiles/hpipm.dir/dense_qp/s_dense_qp_utils.c.o CMakeFiles/hpipm.dir/ipm_core/d_core_qp_ipm.c.o CMakeFiles/hpipm.dir/ipm_core/d_core_qp_ipm_aux_avx.c.o CMakeFiles/hpipm.dir/ipm_core/s_core_qp_ipm.c.o CMakeFiles/hpipm.dir/ipm_core/s_core_qp_ipm_aux_avx.c.o CMakeFiles/hpipm.dir/ocp_qp/d_ocp_qcqp.c.o CMakeFiles/hpipm.dir/ocp_qp/d_ocp_qcqp_dim.c.o CMakeFiles/hpipm.dir/ocp_qp/d_ocp_qcqp_ipm.c.o CMakeFiles/hpipm.dir/ocp_qp/d_ocp_qcqp_res.c.o CMakeFiles/hpipm.dir/ocp_qp/d_ocp_qcqp_sol.c.o CMakeFiles/hpipm.dir/ocp_qp/d_ocp_qcqp_utils.c.o CMakeFiles/hpipm.dir/ocp_qp/d_ocp_qp.c.o CMakeFiles/hpipm.dir/ocp_qp/d_ocp_qp_dim.c.o CMakeFiles/hpipm.dir/ocp_qp/d_ocp_qp_ipm.c.o CMakeFiles/hpipm.dir/ocp_qp/d_ocp_qp_kkt.c.o CMakeFiles/hpipm.dir/ocp_qp/d_ocp_qp_red.c.o CMakeFiles/hpipm.dir/ocp_qp/d_ocp_qp_res.c.o CMakeFiles/hpipm.dir/ocp_qp/d_ocp_qp_sol.c.o CMakeFiles/hpipm.dir/ocp_qp/d_ocp_qp_utils.c.o CMakeFiles/hpipm.dir/ocp_qp/s_ocp_qcqp.c.o CMakeFiles/hpipm.dir/ocp_qp/s_ocp_qcqp_dim.c.o CMakeFiles/hpipm.dir/ocp_qp/s_ocp_qcqp_ipm.c.o CMakeFiles/hpipm.dir/ocp_qp/s_ocp_qcqp_res.c.o CMakeFiles/hpipm.dir/ocp_qp/s_ocp_qcqp_sol.c.o CMakeFiles/hpipm.dir/ocp_qp/s_ocp_qcqp_utils.c.o CMakeFiles/hpipm.dir/ocp_qp/s_ocp_qp.c.o CMakeFiles/hpipm.dir/ocp_qp/s_ocp_qp_dim.c.o CMakeFiles/hpipm.dir/ocp_qp/s_ocp_qp_ipm.c.o CMakeFiles/hpipm.dir/ocp_qp/s_ocp_qp_kkt.c.o CMakeFiles/hpipm.dir/ocp_qp/s_ocp_qp_red.c.o CMakeFiles/hpipm.dir/ocp_qp/s_ocp_qp_res.c.o CMakeFiles/hpipm.dir/ocp_qp/s_ocp_qp_sol.c.o CMakeFiles/hpipm.dir/ocp_qp/s_ocp_qp_utils.c.o CMakeFiles/hpipm.dir/tree_ocp_qp/d_tree_ocp_qcqp.c.o CMakeFiles/hpipm.dir/tree_ocp_qp/d_tree_ocp_qcqp_dim.c.o CMakeFiles/hpipm.dir/tree_ocp_qp/d_tree_ocp_qcqp_ipm.c.o CMakeFiles/hpipm.dir/tree_ocp_qp/d_tree_ocp_qcqp_res.c.o CMakeFiles/hpipm.dir/tree_ocp_qp/d_tree_ocp_qcqp_sol.c.o CMakeFiles/hpipm.dir/tree_ocp_qp/d_tree_ocp_qcqp_utils.c.o CMakeFiles/hpipm.dir/tree_ocp_qp/d_tree_ocp_qp.c.o CMakeFiles/hpipm.dir/tree_ocp_qp/d_tree_ocp_qp_dim.c.o CMakeFiles/hpipm.dir/tree_ocp_qp/d_tree_ocp_qp_ipm.c.o CMakeFiles/hpipm.dir/tree_ocp_qp/d_tree_ocp_qp_kkt.c.o CMakeFiles/hpipm.dir/tree_ocp_qp/d_tree_ocp_qp_res.c.o CMakeFiles/hpipm.dir/tree_ocp_qp/d_tree_ocp_qp_sol.c.o CMakeFiles/hpipm.dir/tree_ocp_qp/d_tree_ocp_qp_utils.c.o CMakeFiles/hpipm.dir/tree_ocp_qp/s_tree_ocp_qcqp.c.o CMakeFiles/hpipm.dir/tree_ocp_qp/s_tree_ocp_qcqp_dim.c.o CMakeFiles/hpipm.dir/tree_ocp_qp/s_tree_ocp_qcqp_ipm.c.o CMakeFiles/hpipm.dir/tree_ocp_qp/s_tree_ocp_qcqp_res.c.o CMakeFiles/hpipm.dir/tree_ocp_qp/s_tree_ocp_qcqp_sol.c.o CMakeFiles/hpipm.dir/tree_ocp_qp/s_tree_ocp_qcqp_utils.c.o CMakeFiles/hpipm.dir/tree_ocp_qp/s_tree_ocp_qp.c.o CMakeFiles/hpipm.dir/tree_ocp_qp/s_tree_ocp_qp_dim.c.o CMakeFiles/hpipm.dir/tree_ocp_qp/s_tree_ocp_qp_ipm.c.o CMakeFiles/hpipm.dir/tree_ocp_qp/s_tree_ocp_qp_kkt.c.o CMakeFiles/hpipm.dir/tree_ocp_qp/s_tree_ocp_qp_res.c.o CMakeFiles/hpipm.dir/tree_ocp_qp/s_tree_ocp_qp_sol.c.o CMakeFiles/hpipm.dir/tree_ocp_qp/s_tree_ocp_qp_utils.c.o CMakeFiles/hpipm.dir/tree_ocp_qp/scenario_tree.c.o CMakeFiles/hpipm.dir/auxiliary/aux_mem.c.o CMakeFiles/hpipm.dir/auxiliary/aux_string.c.o CMakeFiles/hpipm.dir/auxiliary/timing.c.o  -Wl,-rpath,/home/zxs/ocs2_ros2_legubiao/ws/install/blasfeo_colcon/lib: /home/zxs/ocs2_ros2_legubiao/ws/install/blasfeo_colcon/lib/libblasfeo.so 
[ 96%] Built target hpipm
[ 97%] [32m[1mLinking CXX shared library libhpipm_colcon.so[0m
[ 97%] Built target hpipm_colcon
[ 98%] [32m[1mLinking CXX static library libgtest.a[0m
[ 98%] Built target gtest
[ 99%] [32mBuilding CXX object CMakeFiles/test_hpipm_colcon.dir/test/testHpipmInterface.cpp.o[0m
[100%] [32m[1mLinking CXX executable test_hpipm_colcon[0m
[100%] Built target test_hpipm_colcon
