-- The C compiler identification is GNU 12.3.0
-- The CXX compiler identification is GNU 12.3.0
-- Detecting C compiler ABI info
-- Detecting C compiler ABI info - done
-- Check for working C compiler: /usr/bin/cc - skipped
-- Detecting C compile features
-- Detecting C compile features - done
-- Detecting CXX compiler ABI info
-- Detecting CXX compiler ABI info - done
-- Check for working CXX compiler: /usr/bin/c++ - skipped
-- Detecting CXX compile features
-- Detecting CXX compile features - done
-- Found rosidl_default_generators: 1.2.0 (/opt/ros/humble/share/rosidl_default_generators/cmake)
-- Found ament_cmake_core: 1.3.11 (/opt/ros/humble/share/ament_cmake_core/cmake)
-- Found Python3: /usr/bin/python3 (found version "3.10.13") found components: Interpreter 
-- Override CMake install command with custom implementation using symlinks instead of copying resources
-- Using all available rosidl_typesupport_c: rosidl_typesupport_fastrtps_c;rosidl_typesupport_introspection_c
-- Found rosidl_adapter: 3.1.6 (/opt/ros/humble/share/rosidl_adapter/cmake)
-- Using all available rosidl_typesupport_cpp: rosidl_typesupport_fastrtps_cpp;rosidl_typesupport_introspection_cpp
-- Found ament_cmake_ros: 0.10.0 (/opt/ros/humble/share/ament_cmake_ros/cmake)
-- Using all available rosidl_typesupport_c: rosidl_typesupport_fastrtps_c;rosidl_typesupport_introspection_c
-- Using all available rosidl_typesupport_cpp: rosidl_typesupport_fastrtps_cpp;rosidl_typesupport_introspection_cpp
-- Found PythonInterp: /usr/bin/python3 (found suitable version "3.10.13", minimum required is "3.6") 
-- Found python_cmake_module: 0.10.0 (/opt/ros/humble/share/python_cmake_module/cmake)
-- Found PythonLibs: /usr/lib/x86_64-linux-gnu/libpython3.10.so (found suitable version "3.10.13", minimum required is "3.5") 
-- Using PYTHON_EXECUTABLE: /usr/bin/python3
-- Using PYTHON_INCLUDE_DIRS: /usr/include/python3.10
-- Using PYTHON_LIBRARIES: /usr/lib/x86_64-linux-gnu/libpython3.10.so
-- Found PythonExtra: .so  
-- Configuring done
-- Generating done
-- Build files have been written to: /home/zxs/ocs2_ros2_legubiao/ws/build/ocs2_msgs
[  1%] [34m[1mGenerating C code for ROS interfaces[0m
[  1%] [34m[1mGenerating C++ code for ROS interfaces[0m
[  1%] Built target ament_cmake_python_symlink_ocs2_msgs
running egg_info
creating ocs2_msgs.egg-info
writing ocs2_msgs.egg-info/PKG-INFO
writing dependency_links to ocs2_msgs.egg-info/dependency_links.txt
writing top-level names to ocs2_msgs.egg-info/top_level.txt
writing manifest file 'ocs2_msgs.egg-info/SOURCES.txt'
reading manifest file 'ocs2_msgs.egg-info/SOURCES.txt'
writing manifest file 'ocs2_msgs.egg-info/SOURCES.txt'
[  1%] Built target ament_cmake_python_build_ocs2_msgs_egg
[  2%] [32mBuilding C object CMakeFiles/ocs2_msgs__rosidl_generator_c.dir/rosidl_generator_c/ocs2_msgs/msg/detail/mpc_input__functions.c.o[0m
[  2%] [32mBuilding C object CMakeFiles/ocs2_msgs__rosidl_generator_c.dir/rosidl_generator_c/ocs2_msgs/msg/detail/multiplier__functions.c.o[0m
[  3%] [32mBuilding C object CMakeFiles/ocs2_msgs__rosidl_generator_c.dir/rosidl_generator_c/ocs2_msgs/msg/detail/controller_data__functions.c.o[0m
[  4%] [32mBuilding C object CMakeFiles/ocs2_msgs__rosidl_generator_c.dir/rosidl_generator_c/ocs2_msgs/srv/detail/reset__functions.c.o[0m
[  5%] [32mBuilding C object CMakeFiles/ocs2_msgs__rosidl_generator_c.dir/rosidl_generator_c/ocs2_msgs/msg/detail/mpc_state__functions.c.o[0m
[  6%] [32mBuilding C object CMakeFiles/ocs2_msgs__rosidl_generator_c.dir/rosidl_generator_c/ocs2_msgs/msg/detail/lagrangian_metrics__functions.c.o[0m
[  7%] [32mBuilding C object CMakeFiles/ocs2_msgs__rosidl_generator_c.dir/rosidl_generator_c/ocs2_msgs/msg/detail/mode_schedule__functions.c.o[0m
[  7%] [32mBuilding C object CMakeFiles/ocs2_msgs__rosidl_generator_c.dir/rosidl_generator_c/ocs2_msgs/msg/detail/mpc_observation__functions.c.o[0m
[  8%] [32mBuilding C object CMakeFiles/ocs2_msgs__rosidl_generator_c.dir/rosidl_generator_c/ocs2_msgs/msg/detail/mpc_performance_indices__functions.c.o[0m
[  9%] [32mBuilding C object CMakeFiles/ocs2_msgs__rosidl_generator_c.dir/rosidl_generator_c/ocs2_msgs/msg/detail/mpc_target_trajectories__functions.c.o[0m
[ 11%] [32mBuilding C object CMakeFiles/ocs2_msgs__rosidl_generator_c.dir/rosidl_generator_c/ocs2_msgs/msg/detail/constraint__functions.c.o[0m
[ 11%] [32mBuilding C object CMakeFiles/ocs2_msgs__rosidl_generator_c.dir/rosidl_generator_c/ocs2_msgs/msg/detail/mpc_flattened_controller__functions.c.o[0m
[ 11%] Built target ocs2_msgs__cpp
[ 12%] [34m[1mGenerating C++ introspection for ROS interfaces[0m
[ 13%] [34m[1mGenerating C++ type support dispatch for ROS interfaces[0m
[ 13%] [34m[1mGenerating C++ type support for eProsima Fast-RTPS[0m
[ 14%] [32m[1mLinking C shared library libocs2_msgs__rosidl_generator_c.so[0m
[ 14%] Built target ocs2_msgs__rosidl_generator_c
[ 15%] [34m[1mGenerating C type support for eProsima Fast-RTPS[0m
[ 17%] [34m[1mGenerating C type support dispatch for ROS interfaces[0m
[ 17%] [34m[1mGenerating C introspection for ROS interfaces[0m
[ 18%] [32mBuilding CXX object CMakeFiles/ocs2_msgs__rosidl_typesupport_cpp.dir/rosidl_typesupport_cpp/ocs2_msgs/msg/mpc_state__type_support.cpp.o[0m
[ 19%] [32mBuilding CXX object CMakeFiles/ocs2_msgs__rosidl_typesupport_cpp.dir/rosidl_typesupport_cpp/ocs2_msgs/msg/mode_schedule__type_support.cpp.o[0m
[ 20%] [32mBuilding CXX object CMakeFiles/ocs2_msgs__rosidl_typesupport_cpp.dir/rosidl_typesupport_cpp/ocs2_msgs/msg/mpc_flattened_controller__type_support.cpp.o[0m
[ 21%] [32mBuilding CXX object CMakeFiles/ocs2_msgs__rosidl_typesupport_cpp.dir/rosidl_typesupport_cpp/ocs2_msgs/msg/mpc_observation__type_support.cpp.o[0m
[ 22%] [32mBuilding CXX object CMakeFiles/ocs2_msgs__rosidl_typesupport_cpp.dir/rosidl_typesupport_cpp/ocs2_msgs/srv/reset__type_support.cpp.o[0m
[ 22%] [32mBuilding CXX object CMakeFiles/ocs2_msgs__rosidl_typesupport_cpp.dir/rosidl_typesupport_cpp/ocs2_msgs/msg/mpc_performance_indices__type_support.cpp.o[0m
[ 23%] [32mBuilding CXX object CMakeFiles/ocs2_msgs__rosidl_typesupport_cpp.dir/rosidl_typesupport_cpp/ocs2_msgs/msg/mpc_target_trajectories__type_support.cpp.o[0m
[ 24%] [32mBuilding CXX object CMakeFiles/ocs2_msgs__rosidl_typesupport_cpp.dir/rosidl_typesupport_cpp/ocs2_msgs/msg/controller_data__type_support.cpp.o[0m
[ 25%] [32mBuilding CXX object CMakeFiles/ocs2_msgs__rosidl_typesupport_cpp.dir/rosidl_typesupport_cpp/ocs2_msgs/msg/mpc_input__type_support.cpp.o[0m
[ 27%] [32mBuilding CXX object CMakeFiles/ocs2_msgs__rosidl_typesupport_cpp.dir/rosidl_typesupport_cpp/ocs2_msgs/msg/multiplier__type_support.cpp.o[0m
[ 27%] [32mBuilding CXX object CMakeFiles/ocs2_msgs__rosidl_typesupport_cpp.dir/rosidl_typesupport_cpp/ocs2_msgs/msg/lagrangian_metrics__type_support.cpp.o[0m
[ 27%] [32mBuilding CXX object CMakeFiles/ocs2_msgs__rosidl_typesupport_cpp.dir/rosidl_typesupport_cpp/ocs2_msgs/msg/constraint__type_support.cpp.o[0m
[ 29%] [32mBuilding CXX object CMakeFiles/ocs2_msgs__rosidl_typesupport_introspection_cpp.dir/rosidl_typesupport_introspection_cpp/ocs2_msgs/msg/detail/mpc_input__type_support.cpp.o[0m
[ 29%] [32mBuilding CXX object CMakeFiles/ocs2_msgs__rosidl_typesupport_introspection_cpp.dir/rosidl_typesupport_introspection_cpp/ocs2_msgs/msg/detail/mpc_performance_indices__type_support.cpp.o[0m
[ 30%] [32mBuilding CXX object CMakeFiles/ocs2_msgs__rosidl_typesupport_introspection_cpp.dir/rosidl_typesupport_introspection_cpp/ocs2_msgs/msg/detail/mpc_observation__type_support.cpp.o[0m
[ 30%] [32mBuilding CXX object CMakeFiles/ocs2_msgs__rosidl_typesupport_introspection_cpp.dir/rosidl_typesupport_introspection_cpp/ocs2_msgs/msg/detail/controller_data__type_support.cpp.o[0m
[ 31%] [32mBuilding CXX object CMakeFiles/ocs2_msgs__rosidl_typesupport_introspection_cpp.dir/rosidl_typesupport_introspection_cpp/ocs2_msgs/msg/detail/mpc_flattened_controller__type_support.cpp.o[0m
[ 32%] [32mBuilding CXX object CMakeFiles/ocs2_msgs__rosidl_typesupport_introspection_cpp.dir/rosidl_typesupport_introspection_cpp/ocs2_msgs/msg/detail/mode_schedule__type_support.cpp.o[0m
[ 33%] [32mBuilding CXX object CMakeFiles/ocs2_msgs__rosidl_typesupport_introspection_cpp.dir/rosidl_typesupport_introspection_cpp/ocs2_msgs/msg/detail/mpc_target_trajectories__type_support.cpp.o[0m
[ 33%] [32mBuilding CXX object CMakeFiles/ocs2_msgs__rosidl_typesupport_introspection_cpp.dir/rosidl_typesupport_introspection_cpp/ocs2_msgs/msg/detail/mpc_state__type_support.cpp.o[0m
[ 34%] [32mBuilding CXX object CMakeFiles/ocs2_msgs__rosidl_typesupport_introspection_cpp.dir/rosidl_typesupport_introspection_cpp/ocs2_msgs/msg/detail/lagrangian_metrics__type_support.cpp.o[0m
[ 35%] [32mBuilding CXX object CMakeFiles/ocs2_msgs__rosidl_typesupport_introspection_cpp.dir/rosidl_typesupport_introspection_cpp/ocs2_msgs/msg/detail/multiplier__type_support.cpp.o[0m
[ 36%] [32mBuilding CXX object CMakeFiles/ocs2_msgs__rosidl_typesupport_introspection_cpp.dir/rosidl_typesupport_introspection_cpp/ocs2_msgs/msg/detail/constraint__type_support.cpp.o[0m
[ 37%] [32mBuilding CXX object CMakeFiles/ocs2_msgs__rosidl_typesupport_introspection_cpp.dir/rosidl_typesupport_introspection_cpp/ocs2_msgs/srv/detail/reset__type_support.cpp.o[0m
[ 38%] [32mBuilding CXX object CMakeFiles/ocs2_msgs__rosidl_typesupport_c.dir/rosidl_typesupport_c/ocs2_msgs/msg/mpc_state__type_support.cpp.o[0m
[ 39%] [32mBuilding CXX object CMakeFiles/ocs2_msgs__rosidl_typesupport_fastrtps_cpp.dir/rosidl_typesupport_fastrtps_cpp/ocs2_msgs/msg/detail/dds_fastrtps/mpc_state__type_support.cpp.o[0m
[ 39%] [32mBuilding CXX object CMakeFiles/ocs2_msgs__rosidl_typesupport_c.dir/rosidl_typesupport_c/ocs2_msgs/msg/mpc_input__type_support.cpp.o[0m
[ 40%] [32mBuilding CXX object CMakeFiles/ocs2_msgs__rosidl_typesupport_c.dir/rosidl_typesupport_c/ocs2_msgs/msg/mode_schedule__type_support.cpp.o[0m
[ 41%] [32mBuilding CXX object CMakeFiles/ocs2_msgs__rosidl_typesupport_c.dir/rosidl_typesupport_c/ocs2_msgs/msg/mpc_observation__type_support.cpp.o[0m
[ 42%] [32mBuilding CXX object CMakeFiles/ocs2_msgs__rosidl_typesupport_c.dir/rosidl_typesupport_c/ocs2_msgs/msg/mpc_performance_indices__type_support.cpp.o[0m
[ 43%] [32mBuilding CXX object CMakeFiles/ocs2_msgs__rosidl_typesupport_c.dir/rosidl_typesupport_c/ocs2_msgs/msg/mpc_target_trajectories__type_support.cpp.o[0m
[ 44%] [32mBuilding CXX object CMakeFiles/ocs2_msgs__rosidl_typesupport_c.dir/rosidl_typesupport_c/ocs2_msgs/msg/controller_data__type_support.cpp.o[0m
[ 44%] [32mBuilding CXX object CMakeFiles/ocs2_msgs__rosidl_typesupport_c.dir/rosidl_typesupport_c/ocs2_msgs/msg/mpc_flattened_controller__type_support.cpp.o[0m
[ 45%] [32mBuilding CXX object CMakeFiles/ocs2_msgs__rosidl_typesupport_c.dir/rosidl_typesupport_c/ocs2_msgs/msg/multiplier__type_support.cpp.o[0m
[ 46%] [32mBuilding CXX object CMakeFiles/ocs2_msgs__rosidl_typesupport_c.dir/rosidl_typesupport_c/ocs2_msgs/msg/lagrangian_metrics__type_support.cpp.o[0m
[ 47%] [32mBuilding CXX object CMakeFiles/ocs2_msgs__rosidl_typesupport_c.dir/rosidl_typesupport_c/ocs2_msgs/msg/constraint__type_support.cpp.o[0m
[ 48%] [32mBuilding CXX object CMakeFiles/ocs2_msgs__rosidl_typesupport_c.dir/rosidl_typesupport_c/ocs2_msgs/srv/reset__type_support.cpp.o[0m
[ 49%] [32mBuilding CXX object CMakeFiles/ocs2_msgs__rosidl_typesupport_fastrtps_cpp.dir/rosidl_typesupport_fastrtps_cpp/ocs2_msgs/msg/detail/dds_fastrtps/mpc_input__type_support.cpp.o[0m
[ 50%] [32mBuilding CXX object CMakeFiles/ocs2_msgs__rosidl_typesupport_fastrtps_cpp.dir/rosidl_typesupport_fastrtps_cpp/ocs2_msgs/msg/detail/dds_fastrtps/mode_schedule__type_support.cpp.o[0m
[ 51%] [32mBuilding CXX object CMakeFiles/ocs2_msgs__rosidl_typesupport_fastrtps_cpp.dir/rosidl_typesupport_fastrtps_cpp/ocs2_msgs/msg/detail/dds_fastrtps/mpc_observation__type_support.cpp.o[0m
[ 51%] [32mBuilding CXX object CMakeFiles/ocs2_msgs__rosidl_typesupport_fastrtps_cpp.dir/rosidl_typesupport_fastrtps_cpp/ocs2_msgs/msg/detail/dds_fastrtps/mpc_target_trajectories__type_support.cpp.o[0m
[ 52%] [32mBuilding CXX object CMakeFiles/ocs2_msgs__rosidl_typesupport_fastrtps_cpp.dir/rosidl_typesupport_fastrtps_cpp/ocs2_msgs/msg/detail/dds_fastrtps/mpc_flattened_controller__type_support.cpp.o[0m
[ 54%] [32mBuilding CXX object CMakeFiles/ocs2_msgs__rosidl_typesupport_fastrtps_cpp.dir/rosidl_typesupport_fastrtps_cpp/ocs2_msgs/msg/detail/dds_fastrtps/mpc_performance_indices__type_support.cpp.o[0m
[ 54%] [32mBuilding CXX object CMakeFiles/ocs2_msgs__rosidl_typesupport_fastrtps_cpp.dir/rosidl_typesupport_fastrtps_cpp/ocs2_msgs/msg/detail/dds_fastrtps/controller_data__type_support.cpp.o[0m
[ 56%] [32mBuilding CXX object CMakeFiles/ocs2_msgs__rosidl_typesupport_fastrtps_cpp.dir/rosidl_typesupport_fastrtps_cpp/ocs2_msgs/msg/detail/dds_fastrtps/lagrangian_metrics__type_support.cpp.o[0m
[ 56%] [32mBuilding CXX object CMakeFiles/ocs2_msgs__rosidl_typesupport_fastrtps_cpp.dir/rosidl_typesupport_fastrtps_cpp/ocs2_msgs/msg/detail/dds_fastrtps/constraint__type_support.cpp.o[0m
[ 57%] [32mBuilding CXX object CMakeFiles/ocs2_msgs__rosidl_typesupport_fastrtps_cpp.dir/rosidl_typesupport_fastrtps_cpp/ocs2_msgs/msg/detail/dds_fastrtps/multiplier__type_support.cpp.o[0m
[ 57%] [32mBuilding CXX object CMakeFiles/ocs2_msgs__rosidl_typesupport_fastrtps_cpp.dir/rosidl_typesupport_fastrtps_cpp/ocs2_msgs/srv/detail/dds_fastrtps/reset__type_support.cpp.o[0m
[ 58%] [32mBuilding C object CMakeFiles/ocs2_msgs__rosidl_typesupport_introspection_c.dir/rosidl_typesupport_introspection_c/ocs2_msgs/msg/detail/mpc_state__type_support.c.o[0m
[ 59%] [32m[1mLinking CXX shared library libocs2_msgs__rosidl_typesupport_c.so[0m
[ 60%] [32mBuilding CXX object CMakeFiles/ocs2_msgs__rosidl_typesupport_fastrtps_c.dir/rosidl_typesupport_fastrtps_c/ocs2_msgs/msg/detail/mpc_state__type_support_c.cpp.o[0m
[ 61%] [32mBuilding C object CMakeFiles/ocs2_msgs__rosidl_typesupport_introspection_c.dir/rosidl_typesupport_introspection_c/ocs2_msgs/msg/detail/mpc_input__type_support.c.o[0m
[ 62%] [32mBuilding CXX object CMakeFiles/ocs2_msgs__rosidl_typesupport_fastrtps_c.dir/rosidl_typesupport_fastrtps_c/ocs2_msgs/msg/detail/mpc_input__type_support_c.cpp.o[0m
[ 62%] [32mBuilding CXX object CMakeFiles/ocs2_msgs__rosidl_typesupport_fastrtps_c.dir/rosidl_typesupport_fastrtps_c/ocs2_msgs/msg/detail/mode_schedule__type_support_c.cpp.o[0m
[ 63%] [32mBuilding CXX object CMakeFiles/ocs2_msgs__rosidl_typesupport_fastrtps_c.dir/rosidl_typesupport_fastrtps_c/ocs2_msgs/msg/detail/mpc_observation__type_support_c.cpp.o[0m
[ 64%] [32mBuilding CXX object CMakeFiles/ocs2_msgs__rosidl_typesupport_fastrtps_c.dir/rosidl_typesupport_fastrtps_c/ocs2_msgs/msg/detail/mpc_performance_indices__type_support_c.cpp.o[0m
[ 65%] [32mBuilding CXX object CMakeFiles/ocs2_msgs__rosidl_typesupport_fastrtps_c.dir/rosidl_typesupport_fastrtps_c/ocs2_msgs/msg/detail/mpc_target_trajectories__type_support_c.cpp.o[0m
[ 65%] Built target ocs2_msgs__rosidl_typesupport_c
[ 65%] [32mBuilding C object CMakeFiles/ocs2_msgs__rosidl_typesupport_introspection_c.dir/rosidl_typesupport_introspection_c/ocs2_msgs/msg/detail/mpc_observation__type_support.c.o[0m
[ 66%] [32mBuilding C object CMakeFiles/ocs2_msgs__rosidl_typesupport_introspection_c.dir/rosidl_typesupport_introspection_c/ocs2_msgs/msg/detail/mpc_performance_indices__type_support.c.o[0m
[ 67%] [32mBuilding C object CMakeFiles/ocs2_msgs__rosidl_typesupport_introspection_c.dir/rosidl_typesupport_introspection_c/ocs2_msgs/msg/detail/mode_schedule__type_support.c.o[0m
[ 68%] [32mBuilding C object CMakeFiles/ocs2_msgs__rosidl_typesupport_introspection_c.dir/rosidl_typesupport_introspection_c/ocs2_msgs/msg/detail/mpc_target_trajectories__type_support.c.o[0m
[ 69%] [32mBuilding CXX object CMakeFiles/ocs2_msgs__rosidl_typesupport_fastrtps_c.dir/rosidl_typesupport_fastrtps_c/ocs2_msgs/msg/detail/controller_data__type_support_c.cpp.o[0m
[ 70%] [32mBuilding C object CMakeFiles/ocs2_msgs__rosidl_typesupport_introspection_c.dir/rosidl_typesupport_introspection_c/ocs2_msgs/msg/detail/controller_data__type_support.c.o[0m
[ 71%] [32mBuilding CXX object CMakeFiles/ocs2_msgs__rosidl_typesupport_fastrtps_c.dir/rosidl_typesupport_fastrtps_c/ocs2_msgs/msg/detail/mpc_flattened_controller__type_support_c.cpp.o[0m
[ 72%] [32mBuilding CXX object CMakeFiles/ocs2_msgs__rosidl_typesupport_fastrtps_c.dir/rosidl_typesupport_fastrtps_c/ocs2_msgs/msg/detail/lagrangian_metrics__type_support_c.cpp.o[0m
[ 73%] [32mBuilding CXX object CMakeFiles/ocs2_msgs__rosidl_typesupport_fastrtps_c.dir/rosidl_typesupport_fastrtps_c/ocs2_msgs/msg/detail/multiplier__type_support_c.cpp.o[0m
[ 73%] [32m[1mLinking CXX shared library libocs2_msgs__rosidl_typesupport_cpp.so[0m
[ 74%] [32mBuilding C object CMakeFiles/ocs2_msgs__rosidl_typesupport_introspection_c.dir/rosidl_typesupport_introspection_c/ocs2_msgs/msg/detail/mpc_flattened_controller__type_support.c.o[0m
[ 75%] [32mBuilding C object CMakeFiles/ocs2_msgs__rosidl_typesupport_introspection_c.dir/rosidl_typesupport_introspection_c/ocs2_msgs/msg/detail/lagrangian_metrics__type_support.c.o[0m
[ 76%] [32mBuilding C object CMakeFiles/ocs2_msgs__rosidl_typesupport_introspection_c.dir/rosidl_typesupport_introspection_c/ocs2_msgs/msg/detail/multiplier__type_support.c.o[0m
[ 76%] Built target ocs2_msgs__rosidl_typesupport_cpp
[ 77%] [32mBuilding C object CMakeFiles/ocs2_msgs__rosidl_typesupport_introspection_c.dir/rosidl_typesupport_introspection_c/ocs2_msgs/srv/detail/reset__type_support.c.o[0m
[ 78%] [32mBuilding CXX object CMakeFiles/ocs2_msgs__rosidl_typesupport_fastrtps_c.dir/rosidl_typesupport_fastrtps_c/ocs2_msgs/msg/detail/constraint__type_support_c.cpp.o[0m
[ 78%] [32mBuilding C object CMakeFiles/ocs2_msgs__rosidl_typesupport_introspection_c.dir/rosidl_typesupport_introspection_c/ocs2_msgs/msg/detail/constraint__type_support.c.o[0m
[ 79%] [32mBuilding CXX object CMakeFiles/ocs2_msgs__rosidl_typesupport_fastrtps_c.dir/rosidl_typesupport_fastrtps_c/ocs2_msgs/srv/detail/reset__type_support_c.cpp.o[0m
[ 80%] [32m[1mLinking C shared library libocs2_msgs__rosidl_typesupport_introspection_c.so[0m
[ 80%] Built target ocs2_msgs__rosidl_typesupport_introspection_c
[ 81%] [32m[1mLinking CXX shared library libocs2_msgs__rosidl_typesupport_introspection_cpp.so[0m
[ 81%] Built target ocs2_msgs__rosidl_typesupport_introspection_cpp
[ 82%] [32m[1mLinking CXX shared library libocs2_msgs__rosidl_typesupport_fastrtps_c.so[0m
[ 82%] Built target ocs2_msgs__rosidl_typesupport_fastrtps_c
[ 83%] [32m[1mLinking CXX shared library libocs2_msgs__rosidl_typesupport_fastrtps_cpp.so[0m
[ 83%] Built target ocs2_msgs__rosidl_typesupport_fastrtps_cpp
[ 83%] Built target ocs2_msgs
[ 84%] [34m[1mGenerating Python code for ROS interfaces[0m
[ 84%] Built target ocs2_msgs__py
[ 84%] [32mBuilding C object CMakeFiles/ocs2_msgs__rosidl_generator_py.dir/rosidl_generator_py/ocs2_msgs/msg/_mode_schedule_s.c.o[0m
[ 85%] [32mBuilding C object CMakeFiles/ocs2_msgs__rosidl_generator_py.dir/rosidl_generator_py/ocs2_msgs/msg/_mpc_observation_s.c.o[0m
[ 86%] [32mBuilding C object CMakeFiles/ocs2_msgs__rosidl_generator_py.dir/rosidl_generator_py/ocs2_msgs/msg/_controller_data_s.c.o[0m
[ 87%] [32mBuilding C object CMakeFiles/ocs2_msgs__rosidl_generator_py.dir/rosidl_generator_py/ocs2_msgs/msg/_lagrangian_metrics_s.c.o[0m
[ 88%] [32mBuilding C object CMakeFiles/ocs2_msgs__rosidl_generator_py.dir/rosidl_generator_py/ocs2_msgs/srv/_reset_s.c.o[0m
[ 89%] [32mBuilding C object CMakeFiles/ocs2_msgs__rosidl_generator_py.dir/rosidl_generator_py/ocs2_msgs/msg/_mpc_state_s.c.o[0m
[ 90%] [32mBuilding C object CMakeFiles/ocs2_msgs__rosidl_generator_py.dir/rosidl_generator_py/ocs2_msgs/msg/_mpc_performance_indices_s.c.o[0m
[ 91%] [32mBuilding C object CMakeFiles/ocs2_msgs__rosidl_generator_py.dir/rosidl_generator_py/ocs2_msgs/msg/_constraint_s.c.o[0m
[ 93%] [32mBuilding C object CMakeFiles/ocs2_msgs__rosidl_generator_py.dir/rosidl_generator_py/ocs2_msgs/msg/_mpc_flattened_controller_s.c.o[0m
[ 93%] [32mBuilding C object CMakeFiles/ocs2_msgs__rosidl_generator_py.dir/rosidl_generator_py/ocs2_msgs/msg/_mpc_input_s.c.o[0m
[ 94%] [32mBuilding C object CMakeFiles/ocs2_msgs__rosidl_generator_py.dir/rosidl_generator_py/ocs2_msgs/msg/_mpc_target_trajectories_s.c.o[0m
[ 94%] [32mBuilding C object CMakeFiles/ocs2_msgs__rosidl_generator_py.dir/rosidl_generator_py/ocs2_msgs/msg/_multiplier_s.c.o[0m
[ 95%] [32m[1mLinking C shared library rosidl_generator_py/ocs2_msgs/libocs2_msgs__rosidl_generator_py.so[0m
[ 95%] Built target ocs2_msgs__rosidl_generator_py
[ 96%] [32mBuilding C object CMakeFiles/ocs2_msgs__rosidl_typesupport_c__pyext.dir/rosidl_generator_py/ocs2_msgs/_ocs2_msgs_s.ep.rosidl_typesupport_c.c.o[0m
[ 96%] [32mBuilding C object CMakeFiles/ocs2_msgs__rosidl_typesupport_introspection_c__pyext.dir/rosidl_generator_py/ocs2_msgs/_ocs2_msgs_s.ep.rosidl_typesupport_introspection_c.c.o[0m
[ 97%] [32mBuilding C object CMakeFiles/ocs2_msgs__rosidl_typesupport_fastrtps_c__pyext.dir/rosidl_generator_py/ocs2_msgs/_ocs2_msgs_s.ep.rosidl_typesupport_fastrtps_c.c.o[0m
[ 98%] [32m[1mLinking C shared library rosidl_generator_py/ocs2_msgs/ocs2_msgs_s__rosidl_typesupport_c.cpython-310-x86_64-linux-gnu.so[0m
[ 99%] [32m[1mLinking C shared library rosidl_generator_py/ocs2_msgs/ocs2_msgs_s__rosidl_typesupport_introspection_c.cpython-310-x86_64-linux-gnu.so[0m
[100%] [32m[1mLinking C shared library rosidl_generator_py/ocs2_msgs/ocs2_msgs_s__rosidl_typesupport_fastrtps_c.cpython-310-x86_64-linux-gnu.so[0m
[100%] Built target ocs2_msgs__rosidl_typesupport_c__pyext
[100%] Built target ocs2_msgs__rosidl_typesupport_fastrtps_c__pyext
[100%] Built target ocs2_msgs__rosidl_typesupport_introspection_c__pyext
-- Install configuration: ""
-- Execute custom install script
-- Symlinking: /home/zxs/ocs2_ros2_legubiao/ws/install/ocs2_msgs/share/ament_index/resource_index/rosidl_interfaces/ocs2_msgs
-- Symlinking: /home/zxs/ocs2_ros2_legubiao/ws/install/ocs2_msgs/include/ocs2_msgs/ocs2_msgs/msg/constraint.h
-- Symlinking: /home/zxs/ocs2_ros2_legubiao/ws/install/ocs2_msgs/include/ocs2_msgs/ocs2_msgs/msg/controller_data.h
-- Symlinking: /home/zxs/ocs2_ros2_legubiao/ws/install/ocs2_msgs/include/ocs2_msgs/ocs2_msgs/msg/detail/constraint__functions.h
-- Symlinking: /home/zxs/ocs2_ros2_legubiao/ws/install/ocs2_msgs/include/ocs2_msgs/ocs2_msgs/msg/detail/constraint__struct.h
-- Symlinking: /home/zxs/ocs2_ros2_legubiao/ws/install/ocs2_msgs/include/ocs2_msgs/ocs2_msgs/msg/detail/constraint__type_support.h
-- Symlinking: /home/zxs/ocs2_ros2_legubiao/ws/install/ocs2_msgs/include/ocs2_msgs/ocs2_msgs/msg/detail/controller_data__functions.h
-- Symlinking: /home/zxs/ocs2_ros2_legubiao/ws/install/ocs2_msgs/include/ocs2_msgs/ocs2_msgs/msg/detail/controller_data__struct.h
-- Symlinking: /home/zxs/ocs2_ros2_legubiao/ws/install/ocs2_msgs/include/ocs2_msgs/ocs2_msgs/msg/detail/controller_data__type_support.h
-- Symlinking: /home/zxs/ocs2_ros2_legubiao/ws/install/ocs2_msgs/include/ocs2_msgs/ocs2_msgs/msg/detail/lagrangian_metrics__functions.h
-- Symlinking: /home/zxs/ocs2_ros2_legubiao/ws/install/ocs2_msgs/include/ocs2_msgs/ocs2_msgs/msg/detail/lagrangian_metrics__struct.h
-- Symlinking: /home/zxs/ocs2_ros2_legubiao/ws/install/ocs2_msgs/include/ocs2_msgs/ocs2_msgs/msg/detail/lagrangian_metrics__type_support.h
-- Symlinking: /home/zxs/ocs2_ros2_legubiao/ws/install/ocs2_msgs/include/ocs2_msgs/ocs2_msgs/msg/detail/mode_schedule__functions.h
-- Symlinking: /home/zxs/ocs2_ros2_legubiao/ws/install/ocs2_msgs/include/ocs2_msgs/ocs2_msgs/msg/detail/mode_schedule__struct.h
-- Symlinking: /home/zxs/ocs2_ros2_legubiao/ws/install/ocs2_msgs/include/ocs2_msgs/ocs2_msgs/msg/detail/mode_schedule__type_support.h
-- Symlinking: /home/zxs/ocs2_ros2_legubiao/ws/install/ocs2_msgs/include/ocs2_msgs/ocs2_msgs/msg/detail/mpc_flattened_controller__functions.h
-- Symlinking: /home/zxs/ocs2_ros2_legubiao/ws/install/ocs2_msgs/include/ocs2_msgs/ocs2_msgs/msg/detail/mpc_flattened_controller__struct.h
-- Symlinking: /home/zxs/ocs2_ros2_legubiao/ws/install/ocs2_msgs/include/ocs2_msgs/ocs2_msgs/msg/detail/mpc_flattened_controller__type_support.h
-- Symlinking: /home/zxs/ocs2_ros2_legubiao/ws/install/ocs2_msgs/include/ocs2_msgs/ocs2_msgs/msg/detail/mpc_input__functions.h
-- Symlinking: /home/zxs/ocs2_ros2_legubiao/ws/install/ocs2_msgs/include/ocs2_msgs/ocs2_msgs/msg/detail/mpc_input__struct.h
-- Symlinking: /home/zxs/ocs2_ros2_legubiao/ws/install/ocs2_msgs/include/ocs2_msgs/ocs2_msgs/msg/detail/mpc_input__type_support.h
-- Symlinking: /home/zxs/ocs2_ros2_legubiao/ws/install/ocs2_msgs/include/ocs2_msgs/ocs2_msgs/msg/detail/mpc_observation__functions.h
-- Symlinking: /home/zxs/ocs2_ros2_legubiao/ws/install/ocs2_msgs/include/ocs2_msgs/ocs2_msgs/msg/detail/mpc_observation__struct.h
-- Symlinking: /home/zxs/ocs2_ros2_legubiao/ws/install/ocs2_msgs/include/ocs2_msgs/ocs2_msgs/msg/detail/mpc_observation__type_support.h
-- Symlinking: /home/zxs/ocs2_ros2_legubiao/ws/install/ocs2_msgs/include/ocs2_msgs/ocs2_msgs/msg/detail/mpc_performance_indices__functions.h
-- Symlinking: /home/zxs/ocs2_ros2_legubiao/ws/install/ocs2_msgs/include/ocs2_msgs/ocs2_msgs/msg/detail/mpc_performance_indices__struct.h
-- Symlinking: /home/zxs/ocs2_ros2_legubiao/ws/install/ocs2_msgs/include/ocs2_msgs/ocs2_msgs/msg/detail/mpc_performance_indices__type_support.h
-- Symlinking: /home/zxs/ocs2_ros2_legubiao/ws/install/ocs2_msgs/include/ocs2_msgs/ocs2_msgs/msg/detail/mpc_state__functions.h
-- Symlinking: /home/zxs/ocs2_ros2_legubiao/ws/install/ocs2_msgs/include/ocs2_msgs/ocs2_msgs/msg/detail/mpc_state__struct.h
-- Symlinking: /home/zxs/ocs2_ros2_legubiao/ws/install/ocs2_msgs/include/ocs2_msgs/ocs2_msgs/msg/detail/mpc_state__type_support.h
-- Symlinking: /home/zxs/ocs2_ros2_legubiao/ws/install/ocs2_msgs/include/ocs2_msgs/ocs2_msgs/msg/detail/mpc_target_trajectories__functions.h
-- Symlinking: /home/zxs/ocs2_ros2_legubiao/ws/install/ocs2_msgs/include/ocs2_msgs/ocs2_msgs/msg/detail/mpc_target_trajectories__struct.h
-- Symlinking: /home/zxs/ocs2_ros2_legubiao/ws/install/ocs2_msgs/include/ocs2_msgs/ocs2_msgs/msg/detail/mpc_target_trajectories__type_support.h
-- Symlinking: /home/zxs/ocs2_ros2_legubiao/ws/install/ocs2_msgs/include/ocs2_msgs/ocs2_msgs/msg/detail/multiplier__functions.h
-- Symlinking: /home/zxs/ocs2_ros2_legubiao/ws/install/ocs2_msgs/include/ocs2_msgs/ocs2_msgs/msg/detail/multiplier__struct.h
-- Symlinking: /home/zxs/ocs2_ros2_legubiao/ws/install/ocs2_msgs/include/ocs2_msgs/ocs2_msgs/msg/detail/multiplier__type_support.h
-- Symlinking: /home/zxs/ocs2_ros2_legubiao/ws/install/ocs2_msgs/include/ocs2_msgs/ocs2_msgs/msg/lagrangian_metrics.h
-- Symlinking: /home/zxs/ocs2_ros2_legubiao/ws/install/ocs2_msgs/include/ocs2_msgs/ocs2_msgs/msg/mode_schedule.h
-- Symlinking: /home/zxs/ocs2_ros2_legubiao/ws/install/ocs2_msgs/include/ocs2_msgs/ocs2_msgs/msg/mpc_flattened_controller.h
-- Symlinking: /home/zxs/ocs2_ros2_legubiao/ws/install/ocs2_msgs/include/ocs2_msgs/ocs2_msgs/msg/mpc_input.h
-- Symlinking: /home/zxs/ocs2_ros2_legubiao/ws/install/ocs2_msgs/include/ocs2_msgs/ocs2_msgs/msg/mpc_observation.h
-- Symlinking: /home/zxs/ocs2_ros2_legubiao/ws/install/ocs2_msgs/include/ocs2_msgs/ocs2_msgs/msg/mpc_performance_indices.h
-- Symlinking: /home/zxs/ocs2_ros2_legubiao/ws/install/ocs2_msgs/include/ocs2_msgs/ocs2_msgs/msg/mpc_state.h
-- Symlinking: /home/zxs/ocs2_ros2_legubiao/ws/install/ocs2_msgs/include/ocs2_msgs/ocs2_msgs/msg/mpc_target_trajectories.h
-- Symlinking: /home/zxs/ocs2_ros2_legubiao/ws/install/ocs2_msgs/include/ocs2_msgs/ocs2_msgs/msg/multiplier.h
-- Symlinking: /home/zxs/ocs2_ros2_legubiao/ws/install/ocs2_msgs/include/ocs2_msgs/ocs2_msgs/msg/rosidl_generator_c__visibility_control.h
-- Symlinking: /home/zxs/ocs2_ros2_legubiao/ws/install/ocs2_msgs/include/ocs2_msgs/ocs2_msgs/srv/detail/reset__functions.h
-- Symlinking: /home/zxs/ocs2_ros2_legubiao/ws/install/ocs2_msgs/include/ocs2_msgs/ocs2_msgs/srv/detail/reset__struct.h
-- Symlinking: /home/zxs/ocs2_ros2_legubiao/ws/install/ocs2_msgs/include/ocs2_msgs/ocs2_msgs/srv/detail/reset__type_support.h
-- Symlinking: /home/zxs/ocs2_ros2_legubiao/ws/install/ocs2_msgs/include/ocs2_msgs/ocs2_msgs/srv/reset.h
-- Symlinking: /home/zxs/ocs2_ros2_legubiao/ws/install/ocs2_msgs/share/ocs2_msgs/environment/library_path.sh
-- Symlinking: /home/zxs/ocs2_ros2_legubiao/ws/install/ocs2_msgs/share/ocs2_msgs/environment/library_path.dsv
-- Symlinking: /home/zxs/ocs2_ros2_legubiao/ws/install/ocs2_msgs/include/ocs2_msgs/ocs2_msgs/msg/detail/constraint__rosidl_typesupport_fastrtps_c.h
-- Symlinking: /home/zxs/ocs2_ros2_legubiao/ws/install/ocs2_msgs/include/ocs2_msgs/ocs2_msgs/msg/detail/controller_data__rosidl_typesupport_fastrtps_c.h
-- Symlinking: /home/zxs/ocs2_ros2_legubiao/ws/install/ocs2_msgs/include/ocs2_msgs/ocs2_msgs/msg/detail/lagrangian_metrics__rosidl_typesupport_fastrtps_c.h
-- Symlinking: /home/zxs/ocs2_ros2_legubiao/ws/install/ocs2_msgs/include/ocs2_msgs/ocs2_msgs/msg/detail/mode_schedule__rosidl_typesupport_fastrtps_c.h
-- Symlinking: /home/zxs/ocs2_ros2_legubiao/ws/install/ocs2_msgs/include/ocs2_msgs/ocs2_msgs/msg/detail/mpc_flattened_controller__rosidl_typesupport_fastrtps_c.h
-- Symlinking: /home/zxs/ocs2_ros2_legubiao/ws/install/ocs2_msgs/include/ocs2_msgs/ocs2_msgs/msg/detail/mpc_input__rosidl_typesupport_fastrtps_c.h
-- Symlinking: /home/zxs/ocs2_ros2_legubiao/ws/install/ocs2_msgs/include/ocs2_msgs/ocs2_msgs/msg/detail/mpc_observation__rosidl_typesupport_fastrtps_c.h
-- Symlinking: /home/zxs/ocs2_ros2_legubiao/ws/install/ocs2_msgs/include/ocs2_msgs/ocs2_msgs/msg/detail/mpc_performance_indices__rosidl_typesupport_fastrtps_c.h
-- Symlinking: /home/zxs/ocs2_ros2_legubiao/ws/install/ocs2_msgs/include/ocs2_msgs/ocs2_msgs/msg/detail/mpc_state__rosidl_typesupport_fastrtps_c.h
-- Symlinking: /home/zxs/ocs2_ros2_legubiao/ws/install/ocs2_msgs/include/ocs2_msgs/ocs2_msgs/msg/detail/mpc_target_trajectories__rosidl_typesupport_fastrtps_c.h
-- Symlinking: /home/zxs/ocs2_ros2_legubiao/ws/install/ocs2_msgs/include/ocs2_msgs/ocs2_msgs/msg/detail/multiplier__rosidl_typesupport_fastrtps_c.h
-- Symlinking: /home/zxs/ocs2_ros2_legubiao/ws/install/ocs2_msgs/include/ocs2_msgs/ocs2_msgs/msg/rosidl_typesupport_fastrtps_c__visibility_control.h
-- Symlinking: /home/zxs/ocs2_ros2_legubiao/ws/install/ocs2_msgs/include/ocs2_msgs/ocs2_msgs/srv/detail/reset__rosidl_typesupport_fastrtps_c.h
-- Symlinking: /home/zxs/ocs2_ros2_legubiao/ws/install/ocs2_msgs/include/ocs2_msgs/ocs2_msgs/msg/detail/constraint__rosidl_typesupport_introspection_c.h
-- Symlinking: /home/zxs/ocs2_ros2_legubiao/ws/install/ocs2_msgs/include/ocs2_msgs/ocs2_msgs/msg/detail/controller_data__rosidl_typesupport_introspection_c.h
-- Symlinking: /home/zxs/ocs2_ros2_legubiao/ws/install/ocs2_msgs/include/ocs2_msgs/ocs2_msgs/msg/detail/lagrangian_metrics__rosidl_typesupport_introspection_c.h
-- Symlinking: /home/zxs/ocs2_ros2_legubiao/ws/install/ocs2_msgs/include/ocs2_msgs/ocs2_msgs/msg/detail/mode_schedule__rosidl_typesupport_introspection_c.h
-- Symlinking: /home/zxs/ocs2_ros2_legubiao/ws/install/ocs2_msgs/include/ocs2_msgs/ocs2_msgs/msg/detail/mpc_flattened_controller__rosidl_typesupport_introspection_c.h
-- Symlinking: /home/zxs/ocs2_ros2_legubiao/ws/install/ocs2_msgs/include/ocs2_msgs/ocs2_msgs/msg/detail/mpc_input__rosidl_typesupport_introspection_c.h
-- Symlinking: /home/zxs/ocs2_ros2_legubiao/ws/install/ocs2_msgs/include/ocs2_msgs/ocs2_msgs/msg/detail/mpc_observation__rosidl_typesupport_introspection_c.h
-- Symlinking: /home/zxs/ocs2_ros2_legubiao/ws/install/ocs2_msgs/include/ocs2_msgs/ocs2_msgs/msg/detail/mpc_performance_indices__rosidl_typesupport_introspection_c.h
-- Symlinking: /home/zxs/ocs2_ros2_legubiao/ws/install/ocs2_msgs/include/ocs2_msgs/ocs2_msgs/msg/detail/mpc_state__rosidl_typesupport_introspection_c.h
-- Symlinking: /home/zxs/ocs2_ros2_legubiao/ws/install/ocs2_msgs/include/ocs2_msgs/ocs2_msgs/msg/detail/mpc_target_trajectories__rosidl_typesupport_introspection_c.h
-- Symlinking: /home/zxs/ocs2_ros2_legubiao/ws/install/ocs2_msgs/include/ocs2_msgs/ocs2_msgs/msg/detail/multiplier__rosidl_typesupport_introspection_c.h
-- Symlinking: /home/zxs/ocs2_ros2_legubiao/ws/install/ocs2_msgs/include/ocs2_msgs/ocs2_msgs/msg/rosidl_typesupport_introspection_c__visibility_control.h
-- Symlinking: /home/zxs/ocs2_ros2_legubiao/ws/install/ocs2_msgs/include/ocs2_msgs/ocs2_msgs/srv/detail/reset__rosidl_typesupport_introspection_c.h
-- Symlinking: /home/zxs/ocs2_ros2_legubiao/ws/install/ocs2_msgs/include/ocs2_msgs/ocs2_msgs/msg/constraint.hpp
-- Symlinking: /home/zxs/ocs2_ros2_legubiao/ws/install/ocs2_msgs/include/ocs2_msgs/ocs2_msgs/msg/controller_data.hpp
-- Symlinking: /home/zxs/ocs2_ros2_legubiao/ws/install/ocs2_msgs/include/ocs2_msgs/ocs2_msgs/msg/detail/constraint__builder.hpp
-- Symlinking: /home/zxs/ocs2_ros2_legubiao/ws/install/ocs2_msgs/include/ocs2_msgs/ocs2_msgs/msg/detail/constraint__struct.hpp
-- Symlinking: /home/zxs/ocs2_ros2_legubiao/ws/install/ocs2_msgs/include/ocs2_msgs/ocs2_msgs/msg/detail/constraint__traits.hpp
-- Symlinking: /home/zxs/ocs2_ros2_legubiao/ws/install/ocs2_msgs/include/ocs2_msgs/ocs2_msgs/msg/detail/constraint__type_support.hpp
-- Symlinking: /home/zxs/ocs2_ros2_legubiao/ws/install/ocs2_msgs/include/ocs2_msgs/ocs2_msgs/msg/detail/controller_data__builder.hpp
-- Symlinking: /home/zxs/ocs2_ros2_legubiao/ws/install/ocs2_msgs/include/ocs2_msgs/ocs2_msgs/msg/detail/controller_data__struct.hpp
-- Symlinking: /home/zxs/ocs2_ros2_legubiao/ws/install/ocs2_msgs/include/ocs2_msgs/ocs2_msgs/msg/detail/controller_data__traits.hpp
-- Symlinking: /home/zxs/ocs2_ros2_legubiao/ws/install/ocs2_msgs/include/ocs2_msgs/ocs2_msgs/msg/detail/controller_data__type_support.hpp
-- Symlinking: /home/zxs/ocs2_ros2_legubiao/ws/install/ocs2_msgs/include/ocs2_msgs/ocs2_msgs/msg/detail/lagrangian_metrics__builder.hpp
-- Symlinking: /home/zxs/ocs2_ros2_legubiao/ws/install/ocs2_msgs/include/ocs2_msgs/ocs2_msgs/msg/detail/lagrangian_metrics__struct.hpp
-- Symlinking: /home/zxs/ocs2_ros2_legubiao/ws/install/ocs2_msgs/include/ocs2_msgs/ocs2_msgs/msg/detail/lagrangian_metrics__traits.hpp
-- Symlinking: /home/zxs/ocs2_ros2_legubiao/ws/install/ocs2_msgs/include/ocs2_msgs/ocs2_msgs/msg/detail/lagrangian_metrics__type_support.hpp
-- Symlinking: /home/zxs/ocs2_ros2_legubiao/ws/install/ocs2_msgs/include/ocs2_msgs/ocs2_msgs/msg/detail/mode_schedule__builder.hpp
-- Symlinking: /home/zxs/ocs2_ros2_legubiao/ws/install/ocs2_msgs/include/ocs2_msgs/ocs2_msgs/msg/detail/mode_schedule__struct.hpp
-- Symlinking: /home/zxs/ocs2_ros2_legubiao/ws/install/ocs2_msgs/include/ocs2_msgs/ocs2_msgs/msg/detail/mode_schedule__traits.hpp
-- Symlinking: /home/zxs/ocs2_ros2_legubiao/ws/install/ocs2_msgs/include/ocs2_msgs/ocs2_msgs/msg/detail/mode_schedule__type_support.hpp
-- Symlinking: /home/zxs/ocs2_ros2_legubiao/ws/install/ocs2_msgs/include/ocs2_msgs/ocs2_msgs/msg/detail/mpc_flattened_controller__builder.hpp
-- Symlinking: /home/zxs/ocs2_ros2_legubiao/ws/install/ocs2_msgs/include/ocs2_msgs/ocs2_msgs/msg/detail/mpc_flattened_controller__struct.hpp
-- Symlinking: /home/zxs/ocs2_ros2_legubiao/ws/install/ocs2_msgs/include/ocs2_msgs/ocs2_msgs/msg/detail/mpc_flattened_controller__traits.hpp
-- Symlinking: /home/zxs/ocs2_ros2_legubiao/ws/install/ocs2_msgs/include/ocs2_msgs/ocs2_msgs/msg/detail/mpc_flattened_controller__type_support.hpp
-- Symlinking: /home/zxs/ocs2_ros2_legubiao/ws/install/ocs2_msgs/include/ocs2_msgs/ocs2_msgs/msg/detail/mpc_input__builder.hpp
-- Symlinking: /home/zxs/ocs2_ros2_legubiao/ws/install/ocs2_msgs/include/ocs2_msgs/ocs2_msgs/msg/detail/mpc_input__struct.hpp
-- Symlinking: /home/zxs/ocs2_ros2_legubiao/ws/install/ocs2_msgs/include/ocs2_msgs/ocs2_msgs/msg/detail/mpc_input__traits.hpp
-- Symlinking: /home/zxs/ocs2_ros2_legubiao/ws/install/ocs2_msgs/include/ocs2_msgs/ocs2_msgs/msg/detail/mpc_input__type_support.hpp
-- Symlinking: /home/zxs/ocs2_ros2_legubiao/ws/install/ocs2_msgs/include/ocs2_msgs/ocs2_msgs/msg/detail/mpc_observation__builder.hpp
-- Symlinking: /home/zxs/ocs2_ros2_legubiao/ws/install/ocs2_msgs/include/ocs2_msgs/ocs2_msgs/msg/detail/mpc_observation__struct.hpp
-- Symlinking: /home/zxs/ocs2_ros2_legubiao/ws/install/ocs2_msgs/include/ocs2_msgs/ocs2_msgs/msg/detail/mpc_observation__traits.hpp
-- Symlinking: /home/zxs/ocs2_ros2_legubiao/ws/install/ocs2_msgs/include/ocs2_msgs/ocs2_msgs/msg/detail/mpc_observation__type_support.hpp
-- Symlinking: /home/zxs/ocs2_ros2_legubiao/ws/install/ocs2_msgs/include/ocs2_msgs/ocs2_msgs/msg/detail/mpc_performance_indices__builder.hpp
-- Symlinking: /home/zxs/ocs2_ros2_legubiao/ws/install/ocs2_msgs/include/ocs2_msgs/ocs2_msgs/msg/detail/mpc_performance_indices__struct.hpp
-- Symlinking: /home/zxs/ocs2_ros2_legubiao/ws/install/ocs2_msgs/include/ocs2_msgs/ocs2_msgs/msg/detail/mpc_performance_indices__traits.hpp
-- Symlinking: /home/zxs/ocs2_ros2_legubiao/ws/install/ocs2_msgs/include/ocs2_msgs/ocs2_msgs/msg/detail/mpc_performance_indices__type_support.hpp
-- Symlinking: /home/zxs/ocs2_ros2_legubiao/ws/install/ocs2_msgs/include/ocs2_msgs/ocs2_msgs/msg/detail/mpc_state__builder.hpp
-- Symlinking: /home/zxs/ocs2_ros2_legubiao/ws/install/ocs2_msgs/include/ocs2_msgs/ocs2_msgs/msg/detail/mpc_state__struct.hpp
-- Symlinking: /home/zxs/ocs2_ros2_legubiao/ws/install/ocs2_msgs/include/ocs2_msgs/ocs2_msgs/msg/detail/mpc_state__traits.hpp
-- Symlinking: /home/zxs/ocs2_ros2_legubiao/ws/install/ocs2_msgs/include/ocs2_msgs/ocs2_msgs/msg/detail/mpc_state__type_support.hpp
-- Symlinking: /home/zxs/ocs2_ros2_legubiao/ws/install/ocs2_msgs/include/ocs2_msgs/ocs2_msgs/msg/detail/mpc_target_trajectories__builder.hpp
-- Symlinking: /home/zxs/ocs2_ros2_legubiao/ws/install/ocs2_msgs/include/ocs2_msgs/ocs2_msgs/msg/detail/mpc_target_trajectories__struct.hpp
-- Symlinking: /home/zxs/ocs2_ros2_legubiao/ws/install/ocs2_msgs/include/ocs2_msgs/ocs2_msgs/msg/detail/mpc_target_trajectories__traits.hpp
-- Symlinking: /home/zxs/ocs2_ros2_legubiao/ws/install/ocs2_msgs/include/ocs2_msgs/ocs2_msgs/msg/detail/mpc_target_trajectories__type_support.hpp
-- Symlinking: /home/zxs/ocs2_ros2_legubiao/ws/install/ocs2_msgs/include/ocs2_msgs/ocs2_msgs/msg/detail/multiplier__builder.hpp
-- Symlinking: /home/zxs/ocs2_ros2_legubiao/ws/install/ocs2_msgs/include/ocs2_msgs/ocs2_msgs/msg/detail/multiplier__struct.hpp
-- Symlinking: /home/zxs/ocs2_ros2_legubiao/ws/install/ocs2_msgs/include/ocs2_msgs/ocs2_msgs/msg/detail/multiplier__traits.hpp
-- Symlinking: /home/zxs/ocs2_ros2_legubiao/ws/install/ocs2_msgs/include/ocs2_msgs/ocs2_msgs/msg/detail/multiplier__type_support.hpp
-- Symlinking: /home/zxs/ocs2_ros2_legubiao/ws/install/ocs2_msgs/include/ocs2_msgs/ocs2_msgs/msg/lagrangian_metrics.hpp
-- Symlinking: /home/zxs/ocs2_ros2_legubiao/ws/install/ocs2_msgs/include/ocs2_msgs/ocs2_msgs/msg/mode_schedule.hpp
-- Symlinking: /home/zxs/ocs2_ros2_legubiao/ws/install/ocs2_msgs/include/ocs2_msgs/ocs2_msgs/msg/mpc_flattened_controller.hpp
-- Symlinking: /home/zxs/ocs2_ros2_legubiao/ws/install/ocs2_msgs/include/ocs2_msgs/ocs2_msgs/msg/mpc_input.hpp
-- Symlinking: /home/zxs/ocs2_ros2_legubiao/ws/install/ocs2_msgs/include/ocs2_msgs/ocs2_msgs/msg/mpc_observation.hpp
-- Symlinking: /home/zxs/ocs2_ros2_legubiao/ws/install/ocs2_msgs/include/ocs2_msgs/ocs2_msgs/msg/mpc_performance_indices.hpp
-- Symlinking: /home/zxs/ocs2_ros2_legubiao/ws/install/ocs2_msgs/include/ocs2_msgs/ocs2_msgs/msg/mpc_state.hpp
-- Symlinking: /home/zxs/ocs2_ros2_legubiao/ws/install/ocs2_msgs/include/ocs2_msgs/ocs2_msgs/msg/mpc_target_trajectories.hpp
-- Symlinking: /home/zxs/ocs2_ros2_legubiao/ws/install/ocs2_msgs/include/ocs2_msgs/ocs2_msgs/msg/multiplier.hpp
-- Symlinking: /home/zxs/ocs2_ros2_legubiao/ws/install/ocs2_msgs/include/ocs2_msgs/ocs2_msgs/msg/rosidl_generator_cpp__visibility_control.hpp
-- Symlinking: /home/zxs/ocs2_ros2_legubiao/ws/install/ocs2_msgs/include/ocs2_msgs/ocs2_msgs/srv/detail/reset__builder.hpp
-- Symlinking: /home/zxs/ocs2_ros2_legubiao/ws/install/ocs2_msgs/include/ocs2_msgs/ocs2_msgs/srv/detail/reset__struct.hpp
-- Symlinking: /home/zxs/ocs2_ros2_legubiao/ws/install/ocs2_msgs/include/ocs2_msgs/ocs2_msgs/srv/detail/reset__traits.hpp
-- Symlinking: /home/zxs/ocs2_ros2_legubiao/ws/install/ocs2_msgs/include/ocs2_msgs/ocs2_msgs/srv/detail/reset__type_support.hpp
-- Symlinking: /home/zxs/ocs2_ros2_legubiao/ws/install/ocs2_msgs/include/ocs2_msgs/ocs2_msgs/srv/reset.hpp
-- Symlinking: /home/zxs/ocs2_ros2_legubiao/ws/install/ocs2_msgs/include/ocs2_msgs/ocs2_msgs/msg/detail/constraint__rosidl_typesupport_fastrtps_cpp.hpp
-- Symlinking: /home/zxs/ocs2_ros2_legubiao/ws/install/ocs2_msgs/include/ocs2_msgs/ocs2_msgs/msg/detail/controller_data__rosidl_typesupport_fastrtps_cpp.hpp
-- Symlinking: /home/zxs/ocs2_ros2_legubiao/ws/install/ocs2_msgs/include/ocs2_msgs/ocs2_msgs/msg/detail/lagrangian_metrics__rosidl_typesupport_fastrtps_cpp.hpp
-- Symlinking: /home/zxs/ocs2_ros2_legubiao/ws/install/ocs2_msgs/include/ocs2_msgs/ocs2_msgs/msg/detail/mode_schedule__rosidl_typesupport_fastrtps_cpp.hpp
-- Symlinking: /home/zxs/ocs2_ros2_legubiao/ws/install/ocs2_msgs/include/ocs2_msgs/ocs2_msgs/msg/detail/mpc_flattened_controller__rosidl_typesupport_fastrtps_cpp.hpp
-- Symlinking: /home/zxs/ocs2_ros2_legubiao/ws/install/ocs2_msgs/include/ocs2_msgs/ocs2_msgs/msg/detail/mpc_input__rosidl_typesupport_fastrtps_cpp.hpp
-- Symlinking: /home/zxs/ocs2_ros2_legubiao/ws/install/ocs2_msgs/include/ocs2_msgs/ocs2_msgs/msg/detail/mpc_observation__rosidl_typesupport_fastrtps_cpp.hpp
-- Symlinking: /home/zxs/ocs2_ros2_legubiao/ws/install/ocs2_msgs/include/ocs2_msgs/ocs2_msgs/msg/detail/mpc_performance_indices__rosidl_typesupport_fastrtps_cpp.hpp
-- Symlinking: /home/zxs/ocs2_ros2_legubiao/ws/install/ocs2_msgs/include/ocs2_msgs/ocs2_msgs/msg/detail/mpc_state__rosidl_typesupport_fastrtps_cpp.hpp
-- Symlinking: /home/zxs/ocs2_ros2_legubiao/ws/install/ocs2_msgs/include/ocs2_msgs/ocs2_msgs/msg/detail/mpc_target_trajectories__rosidl_typesupport_fastrtps_cpp.hpp
-- Symlinking: /home/zxs/ocs2_ros2_legubiao/ws/install/ocs2_msgs/include/ocs2_msgs/ocs2_msgs/msg/detail/multiplier__rosidl_typesupport_fastrtps_cpp.hpp
-- Symlinking: /home/zxs/ocs2_ros2_legubiao/ws/install/ocs2_msgs/include/ocs2_msgs/ocs2_msgs/msg/rosidl_typesupport_fastrtps_cpp__visibility_control.h
-- Symlinking: /home/zxs/ocs2_ros2_legubiao/ws/install/ocs2_msgs/include/ocs2_msgs/ocs2_msgs/srv/detail/reset__rosidl_typesupport_fastrtps_cpp.hpp
-- Symlinking: /home/zxs/ocs2_ros2_legubiao/ws/install/ocs2_msgs/include/ocs2_msgs/ocs2_msgs/msg/detail/constraint__rosidl_typesupport_introspection_cpp.hpp
-- Symlinking: /home/zxs/ocs2_ros2_legubiao/ws/install/ocs2_msgs/include/ocs2_msgs/ocs2_msgs/msg/detail/controller_data__rosidl_typesupport_introspection_cpp.hpp
-- Symlinking: /home/zxs/ocs2_ros2_legubiao/ws/install/ocs2_msgs/include/ocs2_msgs/ocs2_msgs/msg/detail/lagrangian_metrics__rosidl_typesupport_introspection_cpp.hpp
-- Symlinking: /home/zxs/ocs2_ros2_legubiao/ws/install/ocs2_msgs/include/ocs2_msgs/ocs2_msgs/msg/detail/mode_schedule__rosidl_typesupport_introspection_cpp.hpp
-- Symlinking: /home/zxs/ocs2_ros2_legubiao/ws/install/ocs2_msgs/include/ocs2_msgs/ocs2_msgs/msg/detail/mpc_flattened_controller__rosidl_typesupport_introspection_cpp.hpp
-- Symlinking: /home/zxs/ocs2_ros2_legubiao/ws/install/ocs2_msgs/include/ocs2_msgs/ocs2_msgs/msg/detail/mpc_input__rosidl_typesupport_introspection_cpp.hpp
-- Symlinking: /home/zxs/ocs2_ros2_legubiao/ws/install/ocs2_msgs/include/ocs2_msgs/ocs2_msgs/msg/detail/mpc_observation__rosidl_typesupport_introspection_cpp.hpp
-- Symlinking: /home/zxs/ocs2_ros2_legubiao/ws/install/ocs2_msgs/include/ocs2_msgs/ocs2_msgs/msg/detail/mpc_performance_indices__rosidl_typesupport_introspection_cpp.hpp
-- Symlinking: /home/zxs/ocs2_ros2_legubiao/ws/install/ocs2_msgs/include/ocs2_msgs/ocs2_msgs/msg/detail/mpc_state__rosidl_typesupport_introspection_cpp.hpp
-- Symlinking: /home/zxs/ocs2_ros2_legubiao/ws/install/ocs2_msgs/include/ocs2_msgs/ocs2_msgs/msg/detail/mpc_target_trajectories__rosidl_typesupport_introspection_cpp.hpp
-- Symlinking: /home/zxs/ocs2_ros2_legubiao/ws/install/ocs2_msgs/include/ocs2_msgs/ocs2_msgs/msg/detail/multiplier__rosidl_typesupport_introspection_cpp.hpp
-- Symlinking: /home/zxs/ocs2_ros2_legubiao/ws/install/ocs2_msgs/include/ocs2_msgs/ocs2_msgs/srv/detail/reset__rosidl_typesupport_introspection_cpp.hpp
-- Symlinking: /home/zxs/ocs2_ros2_legubiao/ws/install/ocs2_msgs/share/ocs2_msgs/environment/pythonpath.sh
-- Symlinking: /home/zxs/ocs2_ros2_legubiao/ws/install/ocs2_msgs/share/ocs2_msgs/environment/pythonpath.dsv
-- Symlinking: /home/zxs/ocs2_ros2_legubiao/ws/install/ocs2_msgs/local/lib/python3.10/dist-packages/ocs2_msgs-0.0.0-py3.10.egg-info/PKG-INFO
-- Symlinking: /home/zxs/ocs2_ros2_legubiao/ws/install/ocs2_msgs/local/lib/python3.10/dist-packages/ocs2_msgs-0.0.0-py3.10.egg-info/SOURCES.txt
-- Symlinking: /home/zxs/ocs2_ros2_legubiao/ws/install/ocs2_msgs/local/lib/python3.10/dist-packages/ocs2_msgs-0.0.0-py3.10.egg-info/dependency_links.txt
-- Symlinking: /home/zxs/ocs2_ros2_legubiao/ws/install/ocs2_msgs/local/lib/python3.10/dist-packages/ocs2_msgs-0.0.0-py3.10.egg-info/top_level.txt
-- Symlinking: /home/zxs/ocs2_ros2_legubiao/ws/install/ocs2_msgs/local/lib/python3.10/dist-packages/ocs2_msgs/__init__.py
-- Symlinking: /home/zxs/ocs2_ros2_legubiao/ws/install/ocs2_msgs/local/lib/python3.10/dist-packages/ocs2_msgs/_ocs2_msgs_s.ep.rosidl_typesupport_c.c
-- Symlinking: /home/zxs/ocs2_ros2_legubiao/ws/install/ocs2_msgs/local/lib/python3.10/dist-packages/ocs2_msgs/_ocs2_msgs_s.ep.rosidl_typesupport_fastrtps_c.c
-- Symlinking: /home/zxs/ocs2_ros2_legubiao/ws/install/ocs2_msgs/local/lib/python3.10/dist-packages/ocs2_msgs/_ocs2_msgs_s.ep.rosidl_typesupport_introspection_c.c
-- Symlinking: /home/zxs/ocs2_ros2_legubiao/ws/install/ocs2_msgs/local/lib/python3.10/dist-packages/ocs2_msgs/libocs2_msgs__rosidl_generator_py.so
-- Symlinking: /home/zxs/ocs2_ros2_legubiao/ws/install/ocs2_msgs/local/lib/python3.10/dist-packages/ocs2_msgs/msg/__init__.py
-- Symlinking: /home/zxs/ocs2_ros2_legubiao/ws/install/ocs2_msgs/local/lib/python3.10/dist-packages/ocs2_msgs/msg/_constraint.py
-- Symlinking: /home/zxs/ocs2_ros2_legubiao/ws/install/ocs2_msgs/local/lib/python3.10/dist-packages/ocs2_msgs/msg/_constraint_s.c
-- Symlinking: /home/zxs/ocs2_ros2_legubiao/ws/install/ocs2_msgs/local/lib/python3.10/dist-packages/ocs2_msgs/msg/_controller_data.py
-- Symlinking: /home/zxs/ocs2_ros2_legubiao/ws/install/ocs2_msgs/local/lib/python3.10/dist-packages/ocs2_msgs/msg/_controller_data_s.c
-- Symlinking: /home/zxs/ocs2_ros2_legubiao/ws/install/ocs2_msgs/local/lib/python3.10/dist-packages/ocs2_msgs/msg/_lagrangian_metrics.py
-- Symlinking: /home/zxs/ocs2_ros2_legubiao/ws/install/ocs2_msgs/local/lib/python3.10/dist-packages/ocs2_msgs/msg/_lagrangian_metrics_s.c
-- Symlinking: /home/zxs/ocs2_ros2_legubiao/ws/install/ocs2_msgs/local/lib/python3.10/dist-packages/ocs2_msgs/msg/_mode_schedule.py
-- Symlinking: /home/zxs/ocs2_ros2_legubiao/ws/install/ocs2_msgs/local/lib/python3.10/dist-packages/ocs2_msgs/msg/_mode_schedule_s.c
-- Symlinking: /home/zxs/ocs2_ros2_legubiao/ws/install/ocs2_msgs/local/lib/python3.10/dist-packages/ocs2_msgs/msg/_mpc_flattened_controller.py
-- Symlinking: /home/zxs/ocs2_ros2_legubiao/ws/install/ocs2_msgs/local/lib/python3.10/dist-packages/ocs2_msgs/msg/_mpc_flattened_controller_s.c
-- Symlinking: /home/zxs/ocs2_ros2_legubiao/ws/install/ocs2_msgs/local/lib/python3.10/dist-packages/ocs2_msgs/msg/_mpc_input.py
-- Symlinking: /home/zxs/ocs2_ros2_legubiao/ws/install/ocs2_msgs/local/lib/python3.10/dist-packages/ocs2_msgs/msg/_mpc_input_s.c
-- Symlinking: /home/zxs/ocs2_ros2_legubiao/ws/install/ocs2_msgs/local/lib/python3.10/dist-packages/ocs2_msgs/msg/_mpc_observation.py
-- Symlinking: /home/zxs/ocs2_ros2_legubiao/ws/install/ocs2_msgs/local/lib/python3.10/dist-packages/ocs2_msgs/msg/_mpc_observation_s.c
-- Symlinking: /home/zxs/ocs2_ros2_legubiao/ws/install/ocs2_msgs/local/lib/python3.10/dist-packages/ocs2_msgs/msg/_mpc_performance_indices.py
-- Symlinking: /home/zxs/ocs2_ros2_legubiao/ws/install/ocs2_msgs/local/lib/python3.10/dist-packages/ocs2_msgs/msg/_mpc_performance_indices_s.c
-- Symlinking: /home/zxs/ocs2_ros2_legubiao/ws/install/ocs2_msgs/local/lib/python3.10/dist-packages/ocs2_msgs/msg/_mpc_state.py
-- Symlinking: /home/zxs/ocs2_ros2_legubiao/ws/install/ocs2_msgs/local/lib/python3.10/dist-packages/ocs2_msgs/msg/_mpc_state_s.c
-- Symlinking: /home/zxs/ocs2_ros2_legubiao/ws/install/ocs2_msgs/local/lib/python3.10/dist-packages/ocs2_msgs/msg/_mpc_target_trajectories.py
-- Symlinking: /home/zxs/ocs2_ros2_legubiao/ws/install/ocs2_msgs/local/lib/python3.10/dist-packages/ocs2_msgs/msg/_mpc_target_trajectories_s.c
-- Symlinking: /home/zxs/ocs2_ros2_legubiao/ws/install/ocs2_msgs/local/lib/python3.10/dist-packages/ocs2_msgs/msg/_multiplier.py
-- Symlinking: /home/zxs/ocs2_ros2_legubiao/ws/install/ocs2_msgs/local/lib/python3.10/dist-packages/ocs2_msgs/msg/_multiplier_s.c
-- Symlinking: /home/zxs/ocs2_ros2_legubiao/ws/install/ocs2_msgs/local/lib/python3.10/dist-packages/ocs2_msgs/ocs2_msgs_s__rosidl_typesupport_c.cpython-310-x86_64-linux-gnu.so
-- Symlinking: /home/zxs/ocs2_ros2_legubiao/ws/install/ocs2_msgs/local/lib/python3.10/dist-packages/ocs2_msgs/ocs2_msgs_s__rosidl_typesupport_fastrtps_c.cpython-310-x86_64-linux-gnu.so
-- Symlinking: /home/zxs/ocs2_ros2_legubiao/ws/install/ocs2_msgs/local/lib/python3.10/dist-packages/ocs2_msgs/ocs2_msgs_s__rosidl_typesupport_introspection_c.cpython-310-x86_64-linux-gnu.so
-- Symlinking: /home/zxs/ocs2_ros2_legubiao/ws/install/ocs2_msgs/local/lib/python3.10/dist-packages/ocs2_msgs/srv/__init__.py
-- Symlinking: /home/zxs/ocs2_ros2_legubiao/ws/install/ocs2_msgs/local/lib/python3.10/dist-packages/ocs2_msgs/srv/_reset.py
-- Symlinking: /home/zxs/ocs2_ros2_legubiao/ws/install/ocs2_msgs/local/lib/python3.10/dist-packages/ocs2_msgs/srv/_reset_s.c
-- Up-to-date symlink: /home/zxs/ocs2_ros2_legubiao/ws/install/ocs2_msgs/local/lib/python3.10/dist-packages/ocs2_msgs/ocs2_msgs_s__rosidl_typesupport_fastrtps_c.cpython-310-x86_64-linux-gnu.so
-- Up-to-date symlink: /home/zxs/ocs2_ros2_legubiao/ws/install/ocs2_msgs/local/lib/python3.10/dist-packages/ocs2_msgs/ocs2_msgs_s__rosidl_typesupport_introspection_c.cpython-310-x86_64-linux-gnu.so
-- Up-to-date symlink: /home/zxs/ocs2_ros2_legubiao/ws/install/ocs2_msgs/local/lib/python3.10/dist-packages/ocs2_msgs/ocs2_msgs_s__rosidl_typesupport_c.cpython-310-x86_64-linux-gnu.so
-- Symlinking: /home/zxs/ocs2_ros2_legubiao/ws/install/ocs2_msgs/share/ocs2_msgs/msg/MpcState.idl
-- Symlinking: /home/zxs/ocs2_ros2_legubiao/ws/install/ocs2_msgs/share/ocs2_msgs/msg/MpcInput.idl
-- Symlinking: /home/zxs/ocs2_ros2_legubiao/ws/install/ocs2_msgs/share/ocs2_msgs/msg/ModeSchedule.idl
-- Symlinking: /home/zxs/ocs2_ros2_legubiao/ws/install/ocs2_msgs/share/ocs2_msgs/msg/MpcObservation.idl
-- Symlinking: /home/zxs/ocs2_ros2_legubiao/ws/install/ocs2_msgs/share/ocs2_msgs/msg/MpcPerformanceIndices.idl
-- Symlinking: /home/zxs/ocs2_ros2_legubiao/ws/install/ocs2_msgs/share/ocs2_msgs/msg/MpcTargetTrajectories.idl
-- Symlinking: /home/zxs/ocs2_ros2_legubiao/ws/install/ocs2_msgs/share/ocs2_msgs/msg/ControllerData.idl
-- Symlinking: /home/zxs/ocs2_ros2_legubiao/ws/install/ocs2_msgs/share/ocs2_msgs/msg/MpcFlattenedController.idl
-- Symlinking: /home/zxs/ocs2_ros2_legubiao/ws/install/ocs2_msgs/share/ocs2_msgs/msg/LagrangianMetrics.idl
-- Symlinking: /home/zxs/ocs2_ros2_legubiao/ws/install/ocs2_msgs/share/ocs2_msgs/msg/Multiplier.idl
-- Symlinking: /home/zxs/ocs2_ros2_legubiao/ws/install/ocs2_msgs/share/ocs2_msgs/msg/Constraint.idl
-- Symlinking: /home/zxs/ocs2_ros2_legubiao/ws/install/ocs2_msgs/share/ocs2_msgs/srv/Reset.idl
-- Symlinking: /home/zxs/ocs2_ros2_legubiao/ws/install/ocs2_msgs/share/ocs2_msgs/msg/MpcState.msg
-- Symlinking: /home/zxs/ocs2_ros2_legubiao/ws/install/ocs2_msgs/share/ocs2_msgs/msg/MpcInput.msg
-- Symlinking: /home/zxs/ocs2_ros2_legubiao/ws/install/ocs2_msgs/share/ocs2_msgs/msg/ModeSchedule.msg
-- Symlinking: /home/zxs/ocs2_ros2_legubiao/ws/install/ocs2_msgs/share/ocs2_msgs/msg/MpcObservation.msg
-- Symlinking: /home/zxs/ocs2_ros2_legubiao/ws/install/ocs2_msgs/share/ocs2_msgs/msg/MpcPerformanceIndices.msg
-- Symlinking: /home/zxs/ocs2_ros2_legubiao/ws/install/ocs2_msgs/share/ocs2_msgs/msg/MpcTargetTrajectories.msg
-- Symlinking: /home/zxs/ocs2_ros2_legubiao/ws/install/ocs2_msgs/share/ocs2_msgs/msg/ControllerData.msg
-- Symlinking: /home/zxs/ocs2_ros2_legubiao/ws/install/ocs2_msgs/share/ocs2_msgs/msg/MpcFlattenedController.msg
-- Symlinking: /home/zxs/ocs2_ros2_legubiao/ws/install/ocs2_msgs/share/ocs2_msgs/msg/LagrangianMetrics.msg
-- Symlinking: /home/zxs/ocs2_ros2_legubiao/ws/install/ocs2_msgs/share/ocs2_msgs/msg/Multiplier.msg
-- Symlinking: /home/zxs/ocs2_ros2_legubiao/ws/install/ocs2_msgs/share/ocs2_msgs/msg/Constraint.msg
-- Symlinking: /home/zxs/ocs2_ros2_legubiao/ws/install/ocs2_msgs/share/ocs2_msgs/srv/Reset.srv
-- Symlinking: /home/zxs/ocs2_ros2_legubiao/ws/install/ocs2_msgs/share/ocs2_msgs/srv/Reset_Request.msg
-- Symlinking: /home/zxs/ocs2_ros2_legubiao/ws/install/ocs2_msgs/share/ocs2_msgs/srv/Reset_Response.msg
-- Symlinking: /home/zxs/ocs2_ros2_legubiao/ws/install/ocs2_msgs/share/ament_index/resource_index/package_run_dependencies/ocs2_msgs
-- Symlinking: /home/zxs/ocs2_ros2_legubiao/ws/install/ocs2_msgs/share/ament_index/resource_index/parent_prefix_path/ocs2_msgs
-- Symlinking: /home/zxs/ocs2_ros2_legubiao/ws/install/ocs2_msgs/share/ocs2_msgs/environment/ament_prefix_path.sh
-- Symlinking: /home/zxs/ocs2_ros2_legubiao/ws/install/ocs2_msgs/share/ocs2_msgs/environment/ament_prefix_path.dsv
-- Symlinking: /home/zxs/ocs2_ros2_legubiao/ws/install/ocs2_msgs/share/ocs2_msgs/environment/path.sh
-- Symlinking: /home/zxs/ocs2_ros2_legubiao/ws/install/ocs2_msgs/share/ocs2_msgs/environment/path.dsv
-- Symlinking: /home/zxs/ocs2_ros2_legubiao/ws/install/ocs2_msgs/share/ocs2_msgs/local_setup.bash
-- Symlinking: /home/zxs/ocs2_ros2_legubiao/ws/install/ocs2_msgs/share/ocs2_msgs/local_setup.sh
-- Symlinking: /home/zxs/ocs2_ros2_legubiao/ws/install/ocs2_msgs/share/ocs2_msgs/local_setup.zsh
-- Symlinking: /home/zxs/ocs2_ros2_legubiao/ws/install/ocs2_msgs/share/ocs2_msgs/local_setup.dsv
-- Symlinking: /home/zxs/ocs2_ros2_legubiao/ws/install/ocs2_msgs/share/ocs2_msgs/package.dsv
-- Symlinking: /home/zxs/ocs2_ros2_legubiao/ws/install/ocs2_msgs/share/ament_index/resource_index/packages/ocs2_msgs
-- Symlinking: /home/zxs/ocs2_ros2_legubiao/ws/install/ocs2_msgs/share/ocs2_msgs/cmake/rosidl_cmake-extras.cmake
-- Symlinking: /home/zxs/ocs2_ros2_legubiao/ws/install/ocs2_msgs/share/ocs2_msgs/cmake/ament_cmake_export_include_directories-extras.cmake
-- Symlinking: /home/zxs/ocs2_ros2_legubiao/ws/install/ocs2_msgs/share/ocs2_msgs/cmake/ament_cmake_export_libraries-extras.cmake
-- Symlinking: /home/zxs/ocs2_ros2_legubiao/ws/install/ocs2_msgs/share/ocs2_msgs/cmake/ament_cmake_export_targets-extras.cmake
-- Symlinking: /home/zxs/ocs2_ros2_legubiao/ws/install/ocs2_msgs/share/ocs2_msgs/cmake/rosidl_cmake_export_typesupport_targets-extras.cmake
-- Symlinking: /home/zxs/ocs2_ros2_legubiao/ws/install/ocs2_msgs/share/ocs2_msgs/cmake/ament_cmake_export_dependencies-extras.cmake
-- Symlinking: /home/zxs/ocs2_ros2_legubiao/ws/install/ocs2_msgs/share/ocs2_msgs/cmake/rosidl_cmake_export_typesupport_libraries-extras.cmake
-- Symlinking: /home/zxs/ocs2_ros2_legubiao/ws/install/ocs2_msgs/share/ocs2_msgs/cmake/ocs2_msgsConfig.cmake
-- Symlinking: /home/zxs/ocs2_ros2_legubiao/ws/install/ocs2_msgs/share/ocs2_msgs/cmake/ocs2_msgsConfig-version.cmake
-- Symlinking: /home/zxs/ocs2_ros2_legubiao/ws/install/ocs2_msgs/share/ocs2_msgs/package.xml
-- Installing: /home/zxs/ocs2_ros2_legubiao/ws/install/ocs2_msgs/lib/libocs2_msgs__rosidl_generator_c.so
-- Set runtime path of "/home/zxs/ocs2_ros2_legubiao/ws/install/ocs2_msgs/lib/libocs2_msgs__rosidl_generator_c.so" to ""
-- Installing: /home/zxs/ocs2_ros2_legubiao/ws/install/ocs2_msgs/lib/libocs2_msgs__rosidl_typesupport_fastrtps_c.so
-- Set runtime path of "/home/zxs/ocs2_ros2_legubiao/ws/install/ocs2_msgs/lib/libocs2_msgs__rosidl_typesupport_fastrtps_c.so" to ""
-- Installing: /home/zxs/ocs2_ros2_legubiao/ws/install/ocs2_msgs/lib/libocs2_msgs__rosidl_typesupport_introspection_c.so
-- Set runtime path of "/home/zxs/ocs2_ros2_legubiao/ws/install/ocs2_msgs/lib/libocs2_msgs__rosidl_typesupport_introspection_c.so" to ""
-- Installing: /home/zxs/ocs2_ros2_legubiao/ws/install/ocs2_msgs/lib/libocs2_msgs__rosidl_typesupport_c.so
-- Set runtime path of "/home/zxs/ocs2_ros2_legubiao/ws/install/ocs2_msgs/lib/libocs2_msgs__rosidl_typesupport_c.so" to ""
-- Installing: /home/zxs/ocs2_ros2_legubiao/ws/install/ocs2_msgs/lib/libocs2_msgs__rosidl_typesupport_fastrtps_cpp.so
-- Set runtime path of "/home/zxs/ocs2_ros2_legubiao/ws/install/ocs2_msgs/lib/libocs2_msgs__rosidl_typesupport_fastrtps_cpp.so" to ""
-- Installing: /home/zxs/ocs2_ros2_legubiao/ws/install/ocs2_msgs/lib/libocs2_msgs__rosidl_typesupport_introspection_cpp.so
-- Set runtime path of "/home/zxs/ocs2_ros2_legubiao/ws/install/ocs2_msgs/lib/libocs2_msgs__rosidl_typesupport_introspection_cpp.so" to ""
-- Installing: /home/zxs/ocs2_ros2_legubiao/ws/install/ocs2_msgs/lib/libocs2_msgs__rosidl_typesupport_cpp.so
-- Set runtime path of "/home/zxs/ocs2_ros2_legubiao/ws/install/ocs2_msgs/lib/libocs2_msgs__rosidl_typesupport_cpp.so" to ""
Listing '/home/zxs/ocs2_ros2_legubiao/ws/install/ocs2_msgs/local/lib/python3.10/dist-packages/ocs2_msgs'...
Compiling '/home/zxs/ocs2_ros2_legubiao/ws/install/ocs2_msgs/local/lib/python3.10/dist-packages/ocs2_msgs/__init__.py'...
Listing '/home/zxs/ocs2_ros2_legubiao/ws/install/ocs2_msgs/local/lib/python3.10/dist-packages/ocs2_msgs/msg'...
Compiling '/home/zxs/ocs2_ros2_legubiao/ws/install/ocs2_msgs/local/lib/python3.10/dist-packages/ocs2_msgs/msg/__init__.py'...
Compiling '/home/zxs/ocs2_ros2_legubiao/ws/install/ocs2_msgs/local/lib/python3.10/dist-packages/ocs2_msgs/msg/_constraint.py'...
Compiling '/home/zxs/ocs2_ros2_legubiao/ws/install/ocs2_msgs/local/lib/python3.10/dist-packages/ocs2_msgs/msg/_controller_data.py'...
Compiling '/home/zxs/ocs2_ros2_legubiao/ws/install/ocs2_msgs/local/lib/python3.10/dist-packages/ocs2_msgs/msg/_lagrangian_metrics.py'...
Compiling '/home/zxs/ocs2_ros2_legubiao/ws/install/ocs2_msgs/local/lib/python3.10/dist-packages/ocs2_msgs/msg/_mode_schedule.py'...
Compiling '/home/zxs/ocs2_ros2_legubiao/ws/install/ocs2_msgs/local/lib/python3.10/dist-packages/ocs2_msgs/msg/_mpc_flattened_controller.py'...
Compiling '/home/zxs/ocs2_ros2_legubiao/ws/install/ocs2_msgs/local/lib/python3.10/dist-packages/ocs2_msgs/msg/_mpc_input.py'...
Compiling '/home/zxs/ocs2_ros2_legubiao/ws/install/ocs2_msgs/local/lib/python3.10/dist-packages/ocs2_msgs/msg/_mpc_observation.py'...
Compiling '/home/zxs/ocs2_ros2_legubiao/ws/install/ocs2_msgs/local/lib/python3.10/dist-packages/ocs2_msgs/msg/_mpc_performance_indices.py'...
Compiling '/home/zxs/ocs2_ros2_legubiao/ws/install/ocs2_msgs/local/lib/python3.10/dist-packages/ocs2_msgs/msg/_mpc_state.py'...
Compiling '/home/zxs/ocs2_ros2_legubiao/ws/install/ocs2_msgs/local/lib/python3.10/dist-packages/ocs2_msgs/msg/_mpc_target_trajectories.py'...
Compiling '/home/zxs/ocs2_ros2_legubiao/ws/install/ocs2_msgs/local/lib/python3.10/dist-packages/ocs2_msgs/msg/_multiplier.py'...
Listing '/home/zxs/ocs2_ros2_legubiao/ws/install/ocs2_msgs/local/lib/python3.10/dist-packages/ocs2_msgs/srv'...
Compiling '/home/zxs/ocs2_ros2_legubiao/ws/install/ocs2_msgs/local/lib/python3.10/dist-packages/ocs2_msgs/srv/__init__.py'...
Compiling '/home/zxs/ocs2_ros2_legubiao/ws/install/ocs2_msgs/local/lib/python3.10/dist-packages/ocs2_msgs/srv/_reset.py'...
-- Installing: /home/zxs/ocs2_ros2_legubiao/ws/install/ocs2_msgs/lib/libocs2_msgs__rosidl_generator_py.so
-- Set runtime path of "/home/zxs/ocs2_ros2_legubiao/ws/install/ocs2_msgs/lib/libocs2_msgs__rosidl_generator_py.so" to ""
-- Installing: /home/zxs/ocs2_ros2_legubiao/ws/install/ocs2_msgs/share/ocs2_msgs/cmake/export_ocs2_msgs__rosidl_generator_cExport.cmake
-- Installing: /home/zxs/ocs2_ros2_legubiao/ws/install/ocs2_msgs/share/ocs2_msgs/cmake/export_ocs2_msgs__rosidl_generator_cExport-noconfig.cmake
-- Installing: /home/zxs/ocs2_ros2_legubiao/ws/install/ocs2_msgs/share/ocs2_msgs/cmake/export_ocs2_msgs__rosidl_typesupport_fastrtps_cExport.cmake
-- Installing: /home/zxs/ocs2_ros2_legubiao/ws/install/ocs2_msgs/share/ocs2_msgs/cmake/export_ocs2_msgs__rosidl_typesupport_fastrtps_cExport-noconfig.cmake
-- Installing: /home/zxs/ocs2_ros2_legubiao/ws/install/ocs2_msgs/share/ocs2_msgs/cmake/ocs2_msgs__rosidl_typesupport_introspection_cExport.cmake
-- Installing: /home/zxs/ocs2_ros2_legubiao/ws/install/ocs2_msgs/share/ocs2_msgs/cmake/ocs2_msgs__rosidl_typesupport_introspection_cExport-noconfig.cmake
-- Installing: /home/zxs/ocs2_ros2_legubiao/ws/install/ocs2_msgs/share/ocs2_msgs/cmake/ocs2_msgs__rosidl_typesupport_cExport.cmake
-- Installing: /home/zxs/ocs2_ros2_legubiao/ws/install/ocs2_msgs/share/ocs2_msgs/cmake/ocs2_msgs__rosidl_typesupport_cExport-noconfig.cmake
-- Installing: /home/zxs/ocs2_ros2_legubiao/ws/install/ocs2_msgs/share/ocs2_msgs/cmake/export_ocs2_msgs__rosidl_generator_cppExport.cmake
-- Installing: /home/zxs/ocs2_ros2_legubiao/ws/install/ocs2_msgs/share/ocs2_msgs/cmake/export_ocs2_msgs__rosidl_typesupport_fastrtps_cppExport.cmake
-- Installing: /home/zxs/ocs2_ros2_legubiao/ws/install/ocs2_msgs/share/ocs2_msgs/cmake/export_ocs2_msgs__rosidl_typesupport_fastrtps_cppExport-noconfig.cmake
-- Installing: /home/zxs/ocs2_ros2_legubiao/ws/install/ocs2_msgs/share/ocs2_msgs/cmake/ocs2_msgs__rosidl_typesupport_introspection_cppExport.cmake
-- Installing: /home/zxs/ocs2_ros2_legubiao/ws/install/ocs2_msgs/share/ocs2_msgs/cmake/ocs2_msgs__rosidl_typesupport_introspection_cppExport-noconfig.cmake
-- Installing: /home/zxs/ocs2_ros2_legubiao/ws/install/ocs2_msgs/share/ocs2_msgs/cmake/ocs2_msgs__rosidl_typesupport_cppExport.cmake
-- Installing: /home/zxs/ocs2_ros2_legubiao/ws/install/ocs2_msgs/share/ocs2_msgs/cmake/ocs2_msgs__rosidl_typesupport_cppExport-noconfig.cmake
-- Installing: /home/zxs/ocs2_ros2_legubiao/ws/install/ocs2_msgs/share/ocs2_msgs/cmake/export_ocs2_msgs__rosidl_generator_pyExport.cmake
-- Installing: /home/zxs/ocs2_ros2_legubiao/ws/install/ocs2_msgs/share/ocs2_msgs/cmake/export_ocs2_msgs__rosidl_generator_pyExport-noconfig.cmake
