-- The C compiler identification is GNU 12.3.0
-- The CXX compiler identification is GNU 12.3.0
-- Detecting C compiler ABI info
-- Detecting C compiler ABI info - done
-- Check for working C compiler: /usr/bin/cc - skipped
-- Detecting C compile features
-- Detecting C compile features - done
-- Detecting CXX compiler ABI info
-- Detecting CXX compiler ABI info - done
-- Check for working CXX compiler: /usr/bin/c++ - skipped
-- Detecting CXX compile features
-- Detecting CXX compile features - done
-- Found ament_cmake: 1.3.11 (/opt/ros/humble/share/ament_cmake/cmake)
-- Found Python3: /usr/bin/python3 (found version "3.10.13") found components: Interpreter 
-- Override CMake install command with custom implementation using symlinks instead of copying resources
-- Configuring done
-- Generating done
-- Build files have been written to: /home/zxs/ocs2_ros2_legubiao/ws/build/ocs2_thirdparty
-- Install configuration: "Release"
-- Execute custom install script
-- Symlinking: /home/zxs/ocs2_ros2_legubiao/ws/install/ocs2_thirdparty/include//cppad/COPYING
-- Symlinking: /home/zxs/ocs2_ros2_legubiao/ws/install/ocs2_thirdparty/include//cppad/Version.txt
-- Symlinking: /home/zxs/ocs2_ros2_legubiao/ws/install/ocs2_thirdparty/include//cppad/authors
-- Symlinking: /home/zxs/ocs2_ros2_legubiao/ws/install/ocs2_thirdparty/include//cppad/base_require.hpp
-- Symlinking: /home/zxs/ocs2_ros2_legubiao/ws/install/ocs2_thirdparty/include//cppad/cg.hpp
-- Symlinking: /home/zxs/ocs2_ros2_legubiao/ws/install/ocs2_thirdparty/include//cppad/cg/AUTHORS
-- Symlinking: /home/zxs/ocs2_ros2_legubiao/ws/install/ocs2_thirdparty/include//cppad/cg/COPYING
-- Symlinking: /home/zxs/ocs2_ros2_legubiao/ws/install/ocs2_thirdparty/include//cppad/cg/Version.txt
-- Symlinking: /home/zxs/ocs2_ros2_legubiao/ws/install/ocs2_thirdparty/include//cppad/cg/abstract_atomic_fun.hpp
-- Symlinking: /home/zxs/ocs2_ros2_legubiao/ws/install/ocs2_thirdparty/include//cppad/cg/argument.hpp
-- Symlinking: /home/zxs/ocs2_ros2_legubiao/ws/install/ocs2_thirdparty/include//cppad/cg/arithmetic.hpp
-- Symlinking: /home/zxs/ocs2_ros2_legubiao/ws/install/ocs2_thirdparty/include//cppad/cg/arithmetic_ad.hpp
-- Symlinking: /home/zxs/ocs2_ros2_legubiao/ws/install/ocs2_thirdparty/include//cppad/cg/arithmetic_assign.hpp
-- Symlinking: /home/zxs/ocs2_ros2_legubiao/ws/install/ocs2_thirdparty/include//cppad/cg/array_id_compresser.hpp
-- Symlinking: /home/zxs/ocs2_ros2_legubiao/ws/install/ocs2_thirdparty/include//cppad/cg/array_view.hpp
-- Symlinking: /home/zxs/ocs2_ros2_legubiao/ws/install/ocs2_thirdparty/include//cppad/cg/atomic_dependency_locator.hpp
-- Symlinking: /home/zxs/ocs2_ros2_legubiao/ws/install/ocs2_thirdparty/include//cppad/cg/atomic_fun.hpp
-- Symlinking: /home/zxs/ocs2_ros2_legubiao/ws/install/ocs2_thirdparty/include//cppad/cg/atomic_fun_bridge.hpp
-- Symlinking: /home/zxs/ocs2_ros2_legubiao/ws/install/ocs2_thirdparty/include//cppad/cg/base_abstract_atomic_fun.hpp
-- Symlinking: /home/zxs/ocs2_ros2_legubiao/ws/install/ocs2_thirdparty/include//cppad/cg/base_double.hpp
-- Symlinking: /home/zxs/ocs2_ros2_legubiao/ws/install/ocs2_thirdparty/include//cppad/cg/base_float.hpp
-- Symlinking: /home/zxs/ocs2_ros2_legubiao/ws/install/ocs2_thirdparty/include//cppad/cg/bidir_graph.hpp
-- Symlinking: /home/zxs/ocs2_ros2_legubiao/ws/install/ocs2_thirdparty/include//cppad/cg/cg.hpp
-- Symlinking: /home/zxs/ocs2_ros2_legubiao/ws/install/ocs2_thirdparty/include//cppad/cg/code_handler.hpp
-- Symlinking: /home/zxs/ocs2_ros2_legubiao/ws/install/ocs2_thirdparty/include//cppad/cg/code_handler_impl.hpp
-- Symlinking: /home/zxs/ocs2_ros2_legubiao/ws/install/ocs2_thirdparty/include//cppad/cg/code_handler_loops.hpp
-- Symlinking: /home/zxs/ocs2_ros2_legubiao/ws/install/ocs2_thirdparty/include//cppad/cg/code_handler_vector.hpp
-- Symlinking: /home/zxs/ocs2_ros2_legubiao/ws/install/ocs2_thirdparty/include//cppad/cg/collect_variable.hpp
-- Symlinking: /home/zxs/ocs2_ros2_legubiao/ws/install/ocs2_thirdparty/include//cppad/cg/compare.hpp
-- Symlinking: /home/zxs/ocs2_ros2_legubiao/ws/install/ocs2_thirdparty/include//cppad/cg/cond_exp_op.hpp
-- Symlinking: /home/zxs/ocs2_ros2_legubiao/ws/install/ocs2_thirdparty/include//cppad/cg/cppadcg.hpp
-- Symlinking: /home/zxs/ocs2_ros2_legubiao/ws/install/ocs2_thirdparty/include//cppad/cg/cppadcg_assert.hpp
-- Symlinking: /home/zxs/ocs2_ros2_legubiao/ws/install/ocs2_thirdparty/include//cppad/cg/custom_position.hpp
-- Symlinking: /home/zxs/ocs2_ros2_legubiao/ws/install/ocs2_thirdparty/include//cppad/cg/dae_index_reduction/augment_path.hpp
-- Symlinking: /home/zxs/ocs2_ros2_legubiao/ws/install/ocs2_thirdparty/include//cppad/cg/dae_index_reduction/augment_path_depth_lookahead.hpp
-- Symlinking: /home/zxs/ocs2_ros2_legubiao/ws/install/ocs2_thirdparty/include//cppad/cg/dae_index_reduction/augment_path_depth_lookahead_a.hpp
-- Symlinking: /home/zxs/ocs2_ros2_legubiao/ws/install/ocs2_thirdparty/include//cppad/cg/dae_index_reduction/bipartite_graph.hpp
-- Symlinking: /home/zxs/ocs2_ros2_legubiao/ws/install/ocs2_thirdparty/include//cppad/cg/dae_index_reduction/bipartite_nodes.hpp
-- Symlinking: /home/zxs/ocs2_ros2_legubiao/ws/install/ocs2_thirdparty/include//cppad/cg/dae_index_reduction/dae_equation_info.hpp
-- Symlinking: /home/zxs/ocs2_ros2_legubiao/ws/install/ocs2_thirdparty/include//cppad/cg/dae_index_reduction/dae_index_reduction.hpp
-- Symlinking: /home/zxs/ocs2_ros2_legubiao/ws/install/ocs2_thirdparty/include//cppad/cg/dae_index_reduction/dae_structural_index_reduction.hpp
-- Symlinking: /home/zxs/ocs2_ros2_legubiao/ws/install/ocs2_thirdparty/include//cppad/cg/dae_index_reduction/dae_var_info.hpp
-- Symlinking: /home/zxs/ocs2_ros2_legubiao/ws/install/ocs2_thirdparty/include//cppad/cg/dae_index_reduction/dummy_deriv.hpp
-- Symlinking: /home/zxs/ocs2_ros2_legubiao/ws/install/ocs2_thirdparty/include//cppad/cg/dae_index_reduction/dummy_deriv_util.hpp
-- Symlinking: /home/zxs/ocs2_ros2_legubiao/ws/install/ocs2_thirdparty/include//cppad/cg/dae_index_reduction/pantelides.hpp
-- Symlinking: /home/zxs/ocs2_ros2_legubiao/ws/install/ocs2_thirdparty/include//cppad/cg/dae_index_reduction/simple_logger.hpp
-- Symlinking: /home/zxs/ocs2_ros2_legubiao/ws/install/ocs2_thirdparty/include//cppad/cg/dae_index_reduction/soares_secchi.hpp
-- Symlinking: /home/zxs/ocs2_ros2_legubiao/ws/install/ocs2_thirdparty/include//cppad/cg/dae_index_reduction/time_diff.hpp
-- Symlinking: /home/zxs/ocs2_ros2_legubiao/ws/install/ocs2_thirdparty/include//cppad/cg/debug.hpp
-- Symlinking: /home/zxs/ocs2_ros2_legubiao/ws/install/ocs2_thirdparty/include//cppad/cg/declare_cg.hpp
-- Symlinking: /home/zxs/ocs2_ros2_legubiao/ws/install/ocs2_thirdparty/include//cppad/cg/declare_cg_loops.hpp
-- Symlinking: /home/zxs/ocs2_ros2_legubiao/ws/install/ocs2_thirdparty/include//cppad/cg/default.hpp
-- Symlinking: /home/zxs/ocs2_ros2_legubiao/ws/install/ocs2_thirdparty/include//cppad/cg/epl-v10.txt
-- Symlinking: /home/zxs/ocs2_ros2_legubiao/ws/install/ocs2_thirdparty/include//cppad/cg/evaluator/evaluator.hpp
-- Symlinking: /home/zxs/ocs2_ros2_legubiao/ws/install/ocs2_thirdparty/include//cppad/cg/evaluator/evaluator_ad.hpp
-- Symlinking: /home/zxs/ocs2_ros2_legubiao/ws/install/ocs2_thirdparty/include//cppad/cg/evaluator/evaluator_adcg.hpp
-- Symlinking: /home/zxs/ocs2_ros2_legubiao/ws/install/ocs2_thirdparty/include//cppad/cg/evaluator/evaluator_adolc.hpp
-- Symlinking: /home/zxs/ocs2_ros2_legubiao/ws/install/ocs2_thirdparty/include//cppad/cg/evaluator/evaluator_cg.hpp
-- Symlinking: /home/zxs/ocs2_ros2_legubiao/ws/install/ocs2_thirdparty/include//cppad/cg/evaluator/evaluator_solve.hpp
-- Symlinking: /home/zxs/ocs2_ros2_legubiao/ws/install/ocs2_thirdparty/include//cppad/cg/exception.hpp
-- Symlinking: /home/zxs/ocs2_ros2_legubiao/ws/install/ocs2_thirdparty/include//cppad/cg/extra/declare_extra.hpp
-- Symlinking: /home/zxs/ocs2_ros2_legubiao/ws/install/ocs2_thirdparty/include//cppad/cg/extra/extra.hpp
-- Symlinking: /home/zxs/ocs2_ros2_legubiao/ws/install/ocs2_thirdparty/include//cppad/cg/extra/sparse_forjac_hessian.hpp
-- Symlinking: /home/zxs/ocs2_ros2_legubiao/ws/install/ocs2_thirdparty/include//cppad/cg/extra/sparsity.hpp
-- Symlinking: /home/zxs/ocs2_ros2_legubiao/ws/install/ocs2_thirdparty/include//cppad/cg/gpl3.txt
-- Symlinking: /home/zxs/ocs2_ros2_legubiao/ws/install/ocs2_thirdparty/include//cppad/cg/graph_mod.hpp
-- Symlinking: /home/zxs/ocs2_ros2_legubiao/ws/install/ocs2_thirdparty/include//cppad/cg/identical.hpp
-- Symlinking: /home/zxs/ocs2_ros2_legubiao/ws/install/ocs2_thirdparty/include//cppad/cg/job_timer.hpp
-- Symlinking: /home/zxs/ocs2_ros2_legubiao/ws/install/ocs2_thirdparty/include//cppad/cg/lang/c/lang_c_atomic_fun.hpp
-- Symlinking: /home/zxs/ocs2_ros2_legubiao/ws/install/ocs2_thirdparty/include//cppad/cg/lang/c/lang_c_custom_var_name_gen.hpp
-- Symlinking: /home/zxs/ocs2_ros2_legubiao/ws/install/ocs2_thirdparty/include//cppad/cg/lang/c/lang_c_default_hessian_var_name_gen.hpp
-- Symlinking: /home/zxs/ocs2_ros2_legubiao/ws/install/ocs2_thirdparty/include//cppad/cg/lang/c/lang_c_default_reverse2_var_name_gen.hpp
-- Symlinking: /home/zxs/ocs2_ros2_legubiao/ws/install/ocs2_thirdparty/include//cppad/cg/lang/c/lang_c_default_var_name_gen.hpp
-- Symlinking: /home/zxs/ocs2_ros2_legubiao/ws/install/ocs2_thirdparty/include//cppad/cg/lang/c/lang_c_util.hpp
-- Symlinking: /home/zxs/ocs2_ros2_legubiao/ws/install/ocs2_thirdparty/include//cppad/cg/lang/c/language_c.hpp
-- Symlinking: /home/zxs/ocs2_ros2_legubiao/ws/install/ocs2_thirdparty/include//cppad/cg/lang/c/language_c_arrays.hpp
-- Symlinking: /home/zxs/ocs2_ros2_legubiao/ws/install/ocs2_thirdparty/include//cppad/cg/lang/c/language_c_double.hpp
-- Symlinking: /home/zxs/ocs2_ros2_legubiao/ws/install/ocs2_thirdparty/include//cppad/cg/lang/c/language_c_float.hpp
-- Symlinking: /home/zxs/ocs2_ros2_legubiao/ws/install/ocs2_thirdparty/include//cppad/cg/lang/c/language_c_index_patterns.hpp
-- Symlinking: /home/zxs/ocs2_ros2_legubiao/ws/install/ocs2_thirdparty/include//cppad/cg/lang/c/language_c_loops.hpp
-- Symlinking: /home/zxs/ocs2_ros2_legubiao/ws/install/ocs2_thirdparty/include//cppad/cg/lang/dot/dot.hpp
-- Symlinking: /home/zxs/ocs2_ros2_legubiao/ws/install/ocs2_thirdparty/include//cppad/cg/lang/dot/dot_util.hpp
-- Symlinking: /home/zxs/ocs2_ros2_legubiao/ws/install/ocs2_thirdparty/include//cppad/cg/lang/dot/language_dot.hpp
-- Symlinking: /home/zxs/ocs2_ros2_legubiao/ws/install/ocs2_thirdparty/include//cppad/cg/lang/dot/language_dot_arrays.hpp
-- Symlinking: /home/zxs/ocs2_ros2_legubiao/ws/install/ocs2_thirdparty/include//cppad/cg/lang/dot/language_dot_index_patterns.hpp
-- Symlinking: /home/zxs/ocs2_ros2_legubiao/ws/install/ocs2_thirdparty/include//cppad/cg/lang/lang_stream_stack.hpp
-- Symlinking: /home/zxs/ocs2_ros2_legubiao/ws/install/ocs2_thirdparty/include//cppad/cg/lang/language.hpp
-- Symlinking: /home/zxs/ocs2_ros2_legubiao/ws/install/ocs2_thirdparty/include//cppad/cg/lang/latex/lang_latex_custom_var_name_gen.hpp
-- Symlinking: /home/zxs/ocs2_ros2_legubiao/ws/install/ocs2_thirdparty/include//cppad/cg/lang/latex/lang_latex_default_var_name_gen.hpp
-- Symlinking: /home/zxs/ocs2_ros2_legubiao/ws/install/ocs2_thirdparty/include//cppad/cg/lang/latex/language_latex.hpp
-- Symlinking: /home/zxs/ocs2_ros2_legubiao/ws/install/ocs2_thirdparty/include//cppad/cg/lang/latex/language_latex_arrays.hpp
-- Symlinking: /home/zxs/ocs2_ros2_legubiao/ws/install/ocs2_thirdparty/include//cppad/cg/lang/latex/language_latex_index_patterns.hpp
-- Symlinking: /home/zxs/ocs2_ros2_legubiao/ws/install/ocs2_thirdparty/include//cppad/cg/lang/latex/latex.hpp
-- Symlinking: /home/zxs/ocs2_ros2_legubiao/ws/install/ocs2_thirdparty/include//cppad/cg/lang/mathml/lang_mathml_custom_var_name_gen.hpp
-- Symlinking: /home/zxs/ocs2_ros2_legubiao/ws/install/ocs2_thirdparty/include//cppad/cg/lang/mathml/lang_mathml_default_var_name_gen.hpp
-- Symlinking: /home/zxs/ocs2_ros2_legubiao/ws/install/ocs2_thirdparty/include//cppad/cg/lang/mathml/language_mathml.hpp
-- Symlinking: /home/zxs/ocs2_ros2_legubiao/ws/install/ocs2_thirdparty/include//cppad/cg/lang/mathml/language_mathml_arrays.hpp
-- Symlinking: /home/zxs/ocs2_ros2_legubiao/ws/install/ocs2_thirdparty/include//cppad/cg/lang/mathml/language_mathml_index_patterns.hpp
-- Symlinking: /home/zxs/ocs2_ros2_legubiao/ws/install/ocs2_thirdparty/include//cppad/cg/lang/mathml/mathml.hpp
-- Symlinking: /home/zxs/ocs2_ros2_legubiao/ws/install/ocs2_thirdparty/include//cppad/cg/math.hpp
-- Symlinking: /home/zxs/ocs2_ros2_legubiao/ws/install/ocs2_thirdparty/include//cppad/cg/math_other.hpp
-- Symlinking: /home/zxs/ocs2_ros2_legubiao/ws/install/ocs2_thirdparty/include//cppad/cg/model/atomic_external_function_wrapper.hpp
-- Symlinking: /home/zxs/ocs2_ros2_legubiao/ws/install/ocs2_thirdparty/include//cppad/cg/model/atomic_generic_model.hpp
-- Symlinking: /home/zxs/ocs2_ros2_legubiao/ws/install/ocs2_thirdparty/include//cppad/cg/model/compiler/abstract_c_compiler.hpp
-- Symlinking: /home/zxs/ocs2_ros2_legubiao/ws/install/ocs2_thirdparty/include//cppad/cg/model/compiler/c_compiler.hpp
-- Symlinking: /home/zxs/ocs2_ros2_legubiao/ws/install/ocs2_thirdparty/include//cppad/cg/model/compiler/clang_compiler.hpp
-- Symlinking: /home/zxs/ocs2_ros2_legubiao/ws/install/ocs2_thirdparty/include//cppad/cg/model/compiler/gcc_compiler.hpp
-- Symlinking: /home/zxs/ocs2_ros2_legubiao/ws/install/ocs2_thirdparty/include//cppad/cg/model/dynamic_lib/ar_archiver.hpp
-- Symlinking: /home/zxs/ocs2_ros2_legubiao/ws/install/ocs2_thirdparty/include//cppad/cg/model/dynamic_lib/archiver.hpp
-- Symlinking: /home/zxs/ocs2_ros2_legubiao/ws/install/ocs2_thirdparty/include//cppad/cg/model/dynamic_lib/dynamic_library_processor.hpp
-- Symlinking: /home/zxs/ocs2_ros2_legubiao/ws/install/ocs2_thirdparty/include//cppad/cg/model/dynamic_lib/dynamiclib.hpp
-- Symlinking: /home/zxs/ocs2_ros2_legubiao/ws/install/ocs2_thirdparty/include//cppad/cg/model/dynamic_lib/linux/linux_dynamic_model_library_processor.hpp
-- Symlinking: /home/zxs/ocs2_ros2_legubiao/ws/install/ocs2_thirdparty/include//cppad/cg/model/dynamic_lib/linux/linux_dynamiclib.hpp
-- Symlinking: /home/zxs/ocs2_ros2_legubiao/ws/install/ocs2_thirdparty/include//cppad/cg/model/dynamic_lib/linux/linux_dynamiclib_model.hpp
-- Symlinking: /home/zxs/ocs2_ros2_legubiao/ws/install/ocs2_thirdparty/include//cppad/cg/model/external_function_wrapper.hpp
-- Symlinking: /home/zxs/ocs2_ros2_legubiao/ws/install/ocs2_thirdparty/include//cppad/cg/model/functor_generic_model.hpp
-- Symlinking: /home/zxs/ocs2_ros2_legubiao/ws/install/ocs2_thirdparty/include//cppad/cg/model/functor_model_library.hpp
-- Symlinking: /home/zxs/ocs2_ros2_legubiao/ws/install/ocs2_thirdparty/include//cppad/cg/model/generic_model.hpp
-- Symlinking: /home/zxs/ocs2_ros2_legubiao/ws/install/ocs2_thirdparty/include//cppad/cg/model/generic_model_external_function_wrapper.hpp
-- Symlinking: /home/zxs/ocs2_ros2_legubiao/ws/install/ocs2_thirdparty/include//cppad/cg/model/llvm/llvm.hpp
-- Symlinking: /home/zxs/ocs2_ros2_legubiao/ws/install/ocs2_thirdparty/include//cppad/cg/model/llvm/llvm_base_model_library_processor.hpp
-- Symlinking: /home/zxs/ocs2_ros2_legubiao/ws/install/ocs2_thirdparty/include//cppad/cg/model/llvm/llvm_model.hpp
-- Symlinking: /home/zxs/ocs2_ros2_legubiao/ws/install/ocs2_thirdparty/include//cppad/cg/model/llvm/llvm_model_library.hpp
-- Symlinking: /home/zxs/ocs2_ros2_legubiao/ws/install/ocs2_thirdparty/include//cppad/cg/model/llvm/v3_2/llvm3_2.hpp
-- Symlinking: /home/zxs/ocs2_ros2_legubiao/ws/install/ocs2_thirdparty/include//cppad/cg/model/llvm/v3_2/llvm_model_library_3_2.hpp
-- Symlinking: /home/zxs/ocs2_ros2_legubiao/ws/install/ocs2_thirdparty/include//cppad/cg/model/llvm/v3_2/llvm_model_library_processor.hpp
-- Symlinking: /home/zxs/ocs2_ros2_legubiao/ws/install/ocs2_thirdparty/include//cppad/cg/model/llvm/v3_4/llvm3_4.hpp
-- Symlinking: /home/zxs/ocs2_ros2_legubiao/ws/install/ocs2_thirdparty/include//cppad/cg/model/llvm/v3_4/llvm_model_library_3_4.hpp
-- Symlinking: /home/zxs/ocs2_ros2_legubiao/ws/install/ocs2_thirdparty/include//cppad/cg/model/llvm/v3_4/llvm_model_library_processor.hpp
-- Symlinking: /home/zxs/ocs2_ros2_legubiao/ws/install/ocs2_thirdparty/include//cppad/cg/model/llvm/v3_6/llvm3_6.hpp
-- Symlinking: /home/zxs/ocs2_ros2_legubiao/ws/install/ocs2_thirdparty/include//cppad/cg/model/llvm/v3_6/llvm_model_library_3_6.hpp
-- Symlinking: /home/zxs/ocs2_ros2_legubiao/ws/install/ocs2_thirdparty/include//cppad/cg/model/llvm/v3_6/llvm_model_library_processor.hpp
-- Symlinking: /home/zxs/ocs2_ros2_legubiao/ws/install/ocs2_thirdparty/include//cppad/cg/model/llvm/v3_8/llvm3_8.hpp
-- Symlinking: /home/zxs/ocs2_ros2_legubiao/ws/install/ocs2_thirdparty/include//cppad/cg/model/llvm/v3_8/llvm_model_library_3_8.hpp
-- Symlinking: /home/zxs/ocs2_ros2_legubiao/ws/install/ocs2_thirdparty/include//cppad/cg/model/llvm/v3_8/llvm_model_library_processor.hpp
-- Symlinking: /home/zxs/ocs2_ros2_legubiao/ws/install/ocs2_thirdparty/include//cppad/cg/model/llvm/v4_0/llvm4_0.hpp
-- Symlinking: /home/zxs/ocs2_ros2_legubiao/ws/install/ocs2_thirdparty/include//cppad/cg/model/llvm/v4_0/llvm_model_library_4_0.hpp
-- Symlinking: /home/zxs/ocs2_ros2_legubiao/ws/install/ocs2_thirdparty/include//cppad/cg/model/llvm/v4_0/llvm_model_library_processor.hpp
-- Symlinking: /home/zxs/ocs2_ros2_legubiao/ws/install/ocs2_thirdparty/include//cppad/cg/model/llvm/v5_0/llvm5_0.hpp
-- Symlinking: /home/zxs/ocs2_ros2_legubiao/ws/install/ocs2_thirdparty/include//cppad/cg/model/llvm/v5_0/llvm_base_model_library_processor_impl.hpp
-- Symlinking: /home/zxs/ocs2_ros2_legubiao/ws/install/ocs2_thirdparty/include//cppad/cg/model/llvm/v5_0/llvm_model_library_impl.hpp
-- Symlinking: /home/zxs/ocs2_ros2_legubiao/ws/install/ocs2_thirdparty/include//cppad/cg/model/llvm/v5_0/llvm_model_library_processor.hpp
-- Symlinking: /home/zxs/ocs2_ros2_legubiao/ws/install/ocs2_thirdparty/include//cppad/cg/model/llvm/v6_0/llvm6_0.hpp
-- Symlinking: /home/zxs/ocs2_ros2_legubiao/ws/install/ocs2_thirdparty/include//cppad/cg/model/llvm/v6_0/llvm_model_library_processor.hpp
-- Symlinking: /home/zxs/ocs2_ros2_legubiao/ws/install/ocs2_thirdparty/include//cppad/cg/model/llvm/v7_0/llvm7_0.hpp
-- Symlinking: /home/zxs/ocs2_ros2_legubiao/ws/install/ocs2_thirdparty/include//cppad/cg/model/llvm/v7_0/llvm_model_library_processor.hpp
-- Symlinking: /home/zxs/ocs2_ros2_legubiao/ws/install/ocs2_thirdparty/include//cppad/cg/model/llvm/v8_0/llvm8_0.hpp
-- Symlinking: /home/zxs/ocs2_ros2_legubiao/ws/install/ocs2_thirdparty/include//cppad/cg/model/llvm/v8_0/llvm_model_library_processor.hpp
-- Symlinking: /home/zxs/ocs2_ros2_legubiao/ws/install/ocs2_thirdparty/include//cppad/cg/model/model_c_source_gen.hpp
-- Symlinking: /home/zxs/ocs2_ros2_legubiao/ws/install/ocs2_thirdparty/include//cppad/cg/model/model_c_source_gen_for0.hpp
-- Symlinking: /home/zxs/ocs2_ros2_legubiao/ws/install/ocs2_thirdparty/include//cppad/cg/model/model_c_source_gen_for1.hpp
-- Symlinking: /home/zxs/ocs2_ros2_legubiao/ws/install/ocs2_thirdparty/include//cppad/cg/model/model_c_source_gen_hes.hpp
-- Symlinking: /home/zxs/ocs2_ros2_legubiao/ws/install/ocs2_thirdparty/include//cppad/cg/model/model_c_source_gen_impl.hpp
-- Symlinking: /home/zxs/ocs2_ros2_legubiao/ws/install/ocs2_thirdparty/include//cppad/cg/model/model_c_source_gen_jac.hpp
-- Symlinking: /home/zxs/ocs2_ros2_legubiao/ws/install/ocs2_thirdparty/include//cppad/cg/model/model_c_source_gen_rev1.hpp
-- Symlinking: /home/zxs/ocs2_ros2_legubiao/ws/install/ocs2_thirdparty/include//cppad/cg/model/model_c_source_gen_rev2.hpp
-- Symlinking: /home/zxs/ocs2_ros2_legubiao/ws/install/ocs2_thirdparty/include//cppad/cg/model/model_library.hpp
-- Symlinking: /home/zxs/ocs2_ros2_legubiao/ws/install/ocs2_thirdparty/include//cppad/cg/model/model_library_c_source_gen.hpp
-- Symlinking: /home/zxs/ocs2_ros2_legubiao/ws/install/ocs2_thirdparty/include//cppad/cg/model/model_library_c_source_gen_impl.hpp
-- Symlinking: /home/zxs/ocs2_ros2_legubiao/ws/install/ocs2_thirdparty/include//cppad/cg/model/model_library_processor.hpp
-- Symlinking: /home/zxs/ocs2_ros2_legubiao/ws/install/ocs2_thirdparty/include//cppad/cg/model/patterns/hessian_with_loops_info.hpp
-- Symlinking: /home/zxs/ocs2_ros2_legubiao/ws/install/ocs2_thirdparty/include//cppad/cg/model/patterns/model_c_source_gen_loops.hpp
-- Symlinking: /home/zxs/ocs2_ros2_legubiao/ws/install/ocs2_thirdparty/include//cppad/cg/model/patterns/model_c_source_gen_loops_for0.hpp
-- Symlinking: /home/zxs/ocs2_ros2_legubiao/ws/install/ocs2_thirdparty/include//cppad/cg/model/patterns/model_c_source_gen_loops_for1.hpp
-- Symlinking: /home/zxs/ocs2_ros2_legubiao/ws/install/ocs2_thirdparty/include//cppad/cg/model/patterns/model_c_source_gen_loops_hess.hpp
-- Symlinking: /home/zxs/ocs2_ros2_legubiao/ws/install/ocs2_thirdparty/include//cppad/cg/model/patterns/model_c_source_gen_loops_hess_r2.hpp
-- Symlinking: /home/zxs/ocs2_ros2_legubiao/ws/install/ocs2_thirdparty/include//cppad/cg/model/patterns/model_c_source_gen_loops_jac.hpp
-- Symlinking: /home/zxs/ocs2_ros2_legubiao/ws/install/ocs2_thirdparty/include//cppad/cg/model/patterns/model_c_source_gen_loops_jac_fr1.hpp
-- Symlinking: /home/zxs/ocs2_ros2_legubiao/ws/install/ocs2_thirdparty/include//cppad/cg/model/patterns/model_c_source_gen_loops_rev1.hpp
-- Symlinking: /home/zxs/ocs2_ros2_legubiao/ws/install/ocs2_thirdparty/include//cppad/cg/model/patterns/model_c_source_gen_loops_rev2.hpp
-- Symlinking: /home/zxs/ocs2_ros2_legubiao/ws/install/ocs2_thirdparty/include//cppad/cg/model/save_files_model_library_processor.hpp
-- Symlinking: /home/zxs/ocs2_ros2_legubiao/ws/install/ocs2_thirdparty/include//cppad/cg/model/system/linux_system.hpp
-- Symlinking: /home/zxs/ocs2_ros2_legubiao/ws/install/ocs2_thirdparty/include//cppad/cg/model/system/system.hpp
-- Symlinking: /home/zxs/ocs2_ros2_legubiao/ws/install/ocs2_thirdparty/include//cppad/cg/model/threadpool/multi_threading_type.hpp
-- Symlinking: /home/zxs/ocs2_ros2_legubiao/ws/install/ocs2_thirdparty/include//cppad/cg/model/threadpool/openmp_c.hpp
-- Symlinking: /home/zxs/ocs2_ros2_legubiao/ws/install/ocs2_thirdparty/include//cppad/cg/model/threadpool/openmp_h.hpp
-- Symlinking: /home/zxs/ocs2_ros2_legubiao/ws/install/ocs2_thirdparty/include//cppad/cg/model/threadpool/pthread_pool_c.hpp
-- Symlinking: /home/zxs/ocs2_ros2_legubiao/ws/install/ocs2_thirdparty/include//cppad/cg/model/threadpool/pthread_pool_h.hpp
-- Symlinking: /home/zxs/ocs2_ros2_legubiao/ws/install/ocs2_thirdparty/include//cppad/cg/model/threadpool/thread_pool_schedule_strategy.hpp
-- Symlinking: /home/zxs/ocs2_ros2_legubiao/ws/install/ocs2_thirdparty/include//cppad/cg/nan.hpp
-- Symlinking: /home/zxs/ocs2_ros2_legubiao/ws/install/ocs2_thirdparty/include//cppad/cg/nodes/index_assign_operation_node.hpp
-- Symlinking: /home/zxs/ocs2_ros2_legubiao/ws/install/ocs2_thirdparty/include//cppad/cg/nodes/index_operation_node.hpp
-- Symlinking: /home/zxs/ocs2_ros2_legubiao/ws/install/ocs2_thirdparty/include//cppad/cg/nodes/loop_end_operation_node.hpp
-- Symlinking: /home/zxs/ocs2_ros2_legubiao/ws/install/ocs2_thirdparty/include//cppad/cg/nodes/loop_start_operation_node.hpp
-- Symlinking: /home/zxs/ocs2_ros2_legubiao/ws/install/ocs2_thirdparty/include//cppad/cg/nodes/print_operation_node.hpp
-- Symlinking: /home/zxs/ocs2_ros2_legubiao/ws/install/ocs2_thirdparty/include//cppad/cg/operation.hpp
-- Symlinking: /home/zxs/ocs2_ros2_legubiao/ws/install/ocs2_thirdparty/include//cppad/cg/operation_node.hpp
-- Symlinking: /home/zxs/ocs2_ros2_legubiao/ws/install/ocs2_thirdparty/include//cppad/cg/operation_node_name_streambuf.hpp
-- Symlinking: /home/zxs/ocs2_ros2_legubiao/ws/install/ocs2_thirdparty/include//cppad/cg/operation_path.hpp
-- Symlinking: /home/zxs/ocs2_ros2_legubiao/ws/install/ocs2_thirdparty/include//cppad/cg/operation_path_node.hpp
-- Symlinking: /home/zxs/ocs2_ros2_legubiao/ws/install/ocs2_thirdparty/include//cppad/cg/operation_stack.hpp
-- Symlinking: /home/zxs/ocs2_ros2_legubiao/ws/install/ocs2_thirdparty/include//cppad/cg/ordered.hpp
-- Symlinking: /home/zxs/ocs2_ros2_legubiao/ws/install/ocs2_thirdparty/include//cppad/cg/ostream_config_restore.hpp
-- Symlinking: /home/zxs/ocs2_ros2_legubiao/ws/install/ocs2_thirdparty/include//cppad/cg/patterns/dependent_pattern_matcher.hpp
-- Symlinking: /home/zxs/ocs2_ros2_legubiao/ws/install/ocs2_thirdparty/include//cppad/cg/patterns/equation_group.hpp
-- Symlinking: /home/zxs/ocs2_ros2_legubiao/ws/install/ocs2_thirdparty/include//cppad/cg/patterns/equation_pattern.hpp
-- Symlinking: /home/zxs/ocs2_ros2_legubiao/ws/install/ocs2_thirdparty/include//cppad/cg/patterns/independent_node_sorter.hpp
-- Symlinking: /home/zxs/ocs2_ros2_legubiao/ws/install/ocs2_thirdparty/include//cppad/cg/patterns/index/index_pattern.hpp
-- Symlinking: /home/zxs/ocs2_ros2_legubiao/ws/install/ocs2_thirdparty/include//cppad/cg/patterns/index/index_pattern_impl.hpp
-- Symlinking: /home/zxs/ocs2_ros2_legubiao/ws/install/ocs2_thirdparty/include//cppad/cg/patterns/index/linear_index_pattern.hpp
-- Symlinking: /home/zxs/ocs2_ros2_legubiao/ws/install/ocs2_thirdparty/include//cppad/cg/patterns/index/plane_2d_index_pattern.hpp
-- Symlinking: /home/zxs/ocs2_ros2_legubiao/ws/install/ocs2_thirdparty/include//cppad/cg/patterns/index/random_1d_index_pattern.hpp
-- Symlinking: /home/zxs/ocs2_ros2_legubiao/ws/install/ocs2_thirdparty/include//cppad/cg/patterns/index/random_2d_index_pattern.hpp
-- Symlinking: /home/zxs/ocs2_ros2_legubiao/ws/install/ocs2_thirdparty/include//cppad/cg/patterns/index/random_index_pattern.hpp
-- Symlinking: /home/zxs/ocs2_ros2_legubiao/ws/install/ocs2_thirdparty/include//cppad/cg/patterns/index/sectioned_index_pattern.hpp
-- Symlinking: /home/zxs/ocs2_ros2_legubiao/ws/install/ocs2_thirdparty/include//cppad/cg/patterns/iter_equation_group.hpp
-- Symlinking: /home/zxs/ocs2_ros2_legubiao/ws/install/ocs2_thirdparty/include//cppad/cg/patterns/loop.hpp
-- Symlinking: /home/zxs/ocs2_ros2_legubiao/ws/install/ocs2_thirdparty/include//cppad/cg/patterns/loop_free_model.hpp
-- Symlinking: /home/zxs/ocs2_ros2_legubiao/ws/install/ocs2_thirdparty/include//cppad/cg/patterns/loop_model.hpp
-- Symlinking: /home/zxs/ocs2_ros2_legubiao/ws/install/ocs2_thirdparty/include//cppad/cg/patterns/loop_position.hpp
-- Symlinking: /home/zxs/ocs2_ros2_legubiao/ws/install/ocs2_thirdparty/include//cppad/cg/range.hpp
-- Symlinking: /home/zxs/ocs2_ros2_legubiao/ws/install/ocs2_thirdparty/include//cppad/cg/scope_path_element.hpp
-- Symlinking: /home/zxs/ocs2_ros2_legubiao/ws/install/ocs2_thirdparty/include//cppad/cg/smart_containers.hpp
-- Symlinking: /home/zxs/ocs2_ros2_legubiao/ws/install/ocs2_thirdparty/include//cppad/cg/solver.hpp
-- Symlinking: /home/zxs/ocs2_ros2_legubiao/ws/install/ocs2_thirdparty/include//cppad/cg/support/cppadcg_eigen.hpp
-- Symlinking: /home/zxs/ocs2_ros2_legubiao/ws/install/ocs2_thirdparty/include//cppad/cg/unary.hpp
-- Symlinking: /home/zxs/ocs2_ros2_legubiao/ws/install/ocs2_thirdparty/include//cppad/cg/util.hpp
-- Symlinking: /home/zxs/ocs2_ros2_legubiao/ws/install/ocs2_thirdparty/include//cppad/cg/variable.hpp
-- Symlinking: /home/zxs/ocs2_ros2_legubiao/ws/install/ocs2_thirdparty/include//cppad/cg/variable_name_generator.hpp
-- Symlinking: /home/zxs/ocs2_ros2_legubiao/ws/install/ocs2_thirdparty/include//cppad/configure.hpp
-- Symlinking: /home/zxs/ocs2_ros2_legubiao/ws/install/ocs2_thirdparty/include//cppad/core/abort_recording.hpp
-- Symlinking: /home/zxs/ocs2_ros2_legubiao/ws/install/ocs2_thirdparty/include//cppad/core/abs.hpp
-- Symlinking: /home/zxs/ocs2_ros2_legubiao/ws/install/ocs2_thirdparty/include//cppad/core/abs_normal_fun.hpp
-- Symlinking: /home/zxs/ocs2_ros2_legubiao/ws/install/ocs2_thirdparty/include//cppad/core/acosh.hpp
-- Symlinking: /home/zxs/ocs2_ros2_legubiao/ws/install/ocs2_thirdparty/include//cppad/core/ad.hpp
-- Symlinking: /home/zxs/ocs2_ros2_legubiao/ws/install/ocs2_thirdparty/include//cppad/core/ad_assign.hpp
-- Symlinking: /home/zxs/ocs2_ros2_legubiao/ws/install/ocs2_thirdparty/include//cppad/core/ad_binary.hpp
-- Symlinking: /home/zxs/ocs2_ros2_legubiao/ws/install/ocs2_thirdparty/include//cppad/core/ad_ctor.hpp
-- Symlinking: /home/zxs/ocs2_ros2_legubiao/ws/install/ocs2_thirdparty/include//cppad/core/ad_fun.hpp
-- Symlinking: /home/zxs/ocs2_ros2_legubiao/ws/install/ocs2_thirdparty/include//cppad/core/ad_io.hpp
-- Symlinking: /home/zxs/ocs2_ros2_legubiao/ws/install/ocs2_thirdparty/include//cppad/core/ad_to_string.hpp
-- Symlinking: /home/zxs/ocs2_ros2_legubiao/ws/install/ocs2_thirdparty/include//cppad/core/ad_type.hpp
-- Symlinking: /home/zxs/ocs2_ros2_legubiao/ws/install/ocs2_thirdparty/include//cppad/core/ad_valued.hpp
-- Symlinking: /home/zxs/ocs2_ros2_legubiao/ws/install/ocs2_thirdparty/include//cppad/core/add.hpp
-- Symlinking: /home/zxs/ocs2_ros2_legubiao/ws/install/ocs2_thirdparty/include//cppad/core/add_eq.hpp
-- Symlinking: /home/zxs/ocs2_ros2_legubiao/ws/install/ocs2_thirdparty/include//cppad/core/arithmetic.hpp
-- Symlinking: /home/zxs/ocs2_ros2_legubiao/ws/install/ocs2_thirdparty/include//cppad/core/asinh.hpp
-- Symlinking: /home/zxs/ocs2_ros2_legubiao/ws/install/ocs2_thirdparty/include//cppad/core/atan2.hpp
-- Symlinking: /home/zxs/ocs2_ros2_legubiao/ws/install/ocs2_thirdparty/include//cppad/core/atanh.hpp
-- Symlinking: /home/zxs/ocs2_ros2_legubiao/ws/install/ocs2_thirdparty/include//cppad/core/atomic/atomic_one.hpp
-- Symlinking: /home/zxs/ocs2_ros2_legubiao/ws/install/ocs2_thirdparty/include//cppad/core/atomic/atomic_three.hpp
-- Symlinking: /home/zxs/ocs2_ros2_legubiao/ws/install/ocs2_thirdparty/include//cppad/core/atomic/atomic_two.hpp
-- Symlinking: /home/zxs/ocs2_ros2_legubiao/ws/install/ocs2_thirdparty/include//cppad/core/atomic/three_afun.hpp
-- Symlinking: /home/zxs/ocs2_ros2_legubiao/ws/install/ocs2_thirdparty/include//cppad/core/atomic/three_ctor.hpp
-- Symlinking: /home/zxs/ocs2_ros2_legubiao/ws/install/ocs2_thirdparty/include//cppad/core/atomic/three_for_type.hpp
-- Symlinking: /home/zxs/ocs2_ros2_legubiao/ws/install/ocs2_thirdparty/include//cppad/core/atomic/three_forward.hpp
-- Symlinking: /home/zxs/ocs2_ros2_legubiao/ws/install/ocs2_thirdparty/include//cppad/core/atomic/three_hes_sparsity.hpp
-- Symlinking: /home/zxs/ocs2_ros2_legubiao/ws/install/ocs2_thirdparty/include//cppad/core/atomic/three_jac_sparsity.hpp
-- Symlinking: /home/zxs/ocs2_ros2_legubiao/ws/install/ocs2_thirdparty/include//cppad/core/atomic/three_rev_depend.hpp
-- Symlinking: /home/zxs/ocs2_ros2_legubiao/ws/install/ocs2_thirdparty/include//cppad/core/atomic/three_reverse.hpp
-- Symlinking: /home/zxs/ocs2_ros2_legubiao/ws/install/ocs2_thirdparty/include//cppad/core/atomic/two_afun.hpp
-- Symlinking: /home/zxs/ocs2_ros2_legubiao/ws/install/ocs2_thirdparty/include//cppad/core/atomic/two_clear.hpp
-- Symlinking: /home/zxs/ocs2_ros2_legubiao/ws/install/ocs2_thirdparty/include//cppad/core/atomic/two_ctor.hpp
-- Symlinking: /home/zxs/ocs2_ros2_legubiao/ws/install/ocs2_thirdparty/include//cppad/core/atomic/two_for_sparse_hes.hpp
-- Symlinking: /home/zxs/ocs2_ros2_legubiao/ws/install/ocs2_thirdparty/include//cppad/core/atomic/two_for_sparse_jac.hpp
-- Symlinking: /home/zxs/ocs2_ros2_legubiao/ws/install/ocs2_thirdparty/include//cppad/core/atomic/two_forward.hpp
-- Symlinking: /home/zxs/ocs2_ros2_legubiao/ws/install/ocs2_thirdparty/include//cppad/core/atomic/two_option.hpp
-- Symlinking: /home/zxs/ocs2_ros2_legubiao/ws/install/ocs2_thirdparty/include//cppad/core/atomic/two_rev_depend.hpp
-- Symlinking: /home/zxs/ocs2_ros2_legubiao/ws/install/ocs2_thirdparty/include//cppad/core/atomic/two_rev_sparse_hes.hpp
-- Symlinking: /home/zxs/ocs2_ros2_legubiao/ws/install/ocs2_thirdparty/include//cppad/core/atomic/two_rev_sparse_jac.hpp
-- Symlinking: /home/zxs/ocs2_ros2_legubiao/ws/install/ocs2_thirdparty/include//cppad/core/atomic/two_reverse.hpp
-- Symlinking: /home/zxs/ocs2_ros2_legubiao/ws/install/ocs2_thirdparty/include//cppad/core/azmul.hpp
-- Symlinking: /home/zxs/ocs2_ros2_legubiao/ws/install/ocs2_thirdparty/include//cppad/core/base2ad.hpp
-- Symlinking: /home/zxs/ocs2_ros2_legubiao/ws/install/ocs2_thirdparty/include//cppad/core/base_complex.hpp
-- Symlinking: /home/zxs/ocs2_ros2_legubiao/ws/install/ocs2_thirdparty/include//cppad/core/base_cond_exp.hpp
-- Symlinking: /home/zxs/ocs2_ros2_legubiao/ws/install/ocs2_thirdparty/include//cppad/core/base_double.hpp
-- Symlinking: /home/zxs/ocs2_ros2_legubiao/ws/install/ocs2_thirdparty/include//cppad/core/base_float.hpp
-- Symlinking: /home/zxs/ocs2_ros2_legubiao/ws/install/ocs2_thirdparty/include//cppad/core/base_hash.hpp
-- Symlinking: /home/zxs/ocs2_ros2_legubiao/ws/install/ocs2_thirdparty/include//cppad/core/base_limits.hpp
-- Symlinking: /home/zxs/ocs2_ros2_legubiao/ws/install/ocs2_thirdparty/include//cppad/core/base_std_math.hpp
-- Symlinking: /home/zxs/ocs2_ros2_legubiao/ws/install/ocs2_thirdparty/include//cppad/core/base_to_string.hpp
-- Symlinking: /home/zxs/ocs2_ros2_legubiao/ws/install/ocs2_thirdparty/include//cppad/core/bender_quad.hpp
-- Symlinking: /home/zxs/ocs2_ros2_legubiao/ws/install/ocs2_thirdparty/include//cppad/core/bool_fun.hpp
-- Symlinking: /home/zxs/ocs2_ros2_legubiao/ws/install/ocs2_thirdparty/include//cppad/core/bool_valued.hpp
-- Symlinking: /home/zxs/ocs2_ros2_legubiao/ws/install/ocs2_thirdparty/include//cppad/core/capacity_order.hpp
-- Symlinking: /home/zxs/ocs2_ros2_legubiao/ws/install/ocs2_thirdparty/include//cppad/core/check_for_nan.hpp
-- Symlinking: /home/zxs/ocs2_ros2_legubiao/ws/install/ocs2_thirdparty/include//cppad/core/chkpoint_one/chkpoint_one.hpp
-- Symlinking: /home/zxs/ocs2_ros2_legubiao/ws/install/ocs2_thirdparty/include//cppad/core/chkpoint_one/ctor.hpp
-- Symlinking: /home/zxs/ocs2_ros2_legubiao/ws/install/ocs2_thirdparty/include//cppad/core/chkpoint_one/for_sparse_jac.hpp
-- Symlinking: /home/zxs/ocs2_ros2_legubiao/ws/install/ocs2_thirdparty/include//cppad/core/chkpoint_one/forward.hpp
-- Symlinking: /home/zxs/ocs2_ros2_legubiao/ws/install/ocs2_thirdparty/include//cppad/core/chkpoint_one/rev_sparse_hes.hpp
-- Symlinking: /home/zxs/ocs2_ros2_legubiao/ws/install/ocs2_thirdparty/include//cppad/core/chkpoint_one/rev_sparse_jac.hpp
-- Symlinking: /home/zxs/ocs2_ros2_legubiao/ws/install/ocs2_thirdparty/include//cppad/core/chkpoint_one/reverse.hpp
-- Symlinking: /home/zxs/ocs2_ros2_legubiao/ws/install/ocs2_thirdparty/include//cppad/core/chkpoint_one/set_hes_sparse_bool.hpp
-- Symlinking: /home/zxs/ocs2_ros2_legubiao/ws/install/ocs2_thirdparty/include//cppad/core/chkpoint_one/set_hes_sparse_set.hpp
-- Symlinking: /home/zxs/ocs2_ros2_legubiao/ws/install/ocs2_thirdparty/include//cppad/core/chkpoint_one/set_jac_sparse_bool.hpp
-- Symlinking: /home/zxs/ocs2_ros2_legubiao/ws/install/ocs2_thirdparty/include//cppad/core/chkpoint_one/set_jac_sparse_set.hpp
-- Symlinking: /home/zxs/ocs2_ros2_legubiao/ws/install/ocs2_thirdparty/include//cppad/core/chkpoint_two/chkpoint_two.hpp
-- Symlinking: /home/zxs/ocs2_ros2_legubiao/ws/install/ocs2_thirdparty/include//cppad/core/chkpoint_two/ctor.hpp
-- Symlinking: /home/zxs/ocs2_ros2_legubiao/ws/install/ocs2_thirdparty/include//cppad/core/chkpoint_two/dynamic.hpp
-- Symlinking: /home/zxs/ocs2_ros2_legubiao/ws/install/ocs2_thirdparty/include//cppad/core/chkpoint_two/for_type.hpp
-- Symlinking: /home/zxs/ocs2_ros2_legubiao/ws/install/ocs2_thirdparty/include//cppad/core/chkpoint_two/forward.hpp
-- Symlinking: /home/zxs/ocs2_ros2_legubiao/ws/install/ocs2_thirdparty/include//cppad/core/chkpoint_two/hes_sparsity.hpp
-- Symlinking: /home/zxs/ocs2_ros2_legubiao/ws/install/ocs2_thirdparty/include//cppad/core/chkpoint_two/jac_sparsity.hpp
-- Symlinking: /home/zxs/ocs2_ros2_legubiao/ws/install/ocs2_thirdparty/include//cppad/core/chkpoint_two/rev_depend.hpp
-- Symlinking: /home/zxs/ocs2_ros2_legubiao/ws/install/ocs2_thirdparty/include//cppad/core/chkpoint_two/reverse.hpp
-- Symlinking: /home/zxs/ocs2_ros2_legubiao/ws/install/ocs2_thirdparty/include//cppad/core/compare.hpp
-- Symlinking: /home/zxs/ocs2_ros2_legubiao/ws/install/ocs2_thirdparty/include//cppad/core/compound_assign.hpp
-- Symlinking: /home/zxs/ocs2_ros2_legubiao/ws/install/ocs2_thirdparty/include//cppad/core/con_dyn_var.hpp
-- Symlinking: /home/zxs/ocs2_ros2_legubiao/ws/install/ocs2_thirdparty/include//cppad/core/cond_exp.hpp
-- Symlinking: /home/zxs/ocs2_ros2_legubiao/ws/install/ocs2_thirdparty/include//cppad/core/convert.hpp
-- Symlinking: /home/zxs/ocs2_ros2_legubiao/ws/install/ocs2_thirdparty/include//cppad/core/cppad_assert.hpp
-- Symlinking: /home/zxs/ocs2_ros2_legubiao/ws/install/ocs2_thirdparty/include//cppad/core/dependent.hpp
-- Symlinking: /home/zxs/ocs2_ros2_legubiao/ws/install/ocs2_thirdparty/include//cppad/core/discrete.hpp
-- Symlinking: /home/zxs/ocs2_ros2_legubiao/ws/install/ocs2_thirdparty/include//cppad/core/div.hpp
-- Symlinking: /home/zxs/ocs2_ros2_legubiao/ws/install/ocs2_thirdparty/include//cppad/core/div_eq.hpp
-- Symlinking: /home/zxs/ocs2_ros2_legubiao/ws/install/ocs2_thirdparty/include//cppad/core/drivers.hpp
-- Symlinking: /home/zxs/ocs2_ros2_legubiao/ws/install/ocs2_thirdparty/include//cppad/core/epsilon.hpp
-- Symlinking: /home/zxs/ocs2_ros2_legubiao/ws/install/ocs2_thirdparty/include//cppad/core/equal_op_seq.hpp
-- Symlinking: /home/zxs/ocs2_ros2_legubiao/ws/install/ocs2_thirdparty/include//cppad/core/erf.hpp
-- Symlinking: /home/zxs/ocs2_ros2_legubiao/ws/install/ocs2_thirdparty/include//cppad/core/erfc.hpp
-- Symlinking: /home/zxs/ocs2_ros2_legubiao/ws/install/ocs2_thirdparty/include//cppad/core/expm1.hpp
-- Symlinking: /home/zxs/ocs2_ros2_legubiao/ws/install/ocs2_thirdparty/include//cppad/core/for_hes_sparsity.hpp
-- Symlinking: /home/zxs/ocs2_ros2_legubiao/ws/install/ocs2_thirdparty/include//cppad/core/for_jac_sparsity.hpp
-- Symlinking: /home/zxs/ocs2_ros2_legubiao/ws/install/ocs2_thirdparty/include//cppad/core/for_one.hpp
-- Symlinking: /home/zxs/ocs2_ros2_legubiao/ws/install/ocs2_thirdparty/include//cppad/core/for_sparse_hes.hpp
-- Symlinking: /home/zxs/ocs2_ros2_legubiao/ws/install/ocs2_thirdparty/include//cppad/core/for_sparse_jac.hpp
-- Symlinking: /home/zxs/ocs2_ros2_legubiao/ws/install/ocs2_thirdparty/include//cppad/core/for_two.hpp
-- Symlinking: /home/zxs/ocs2_ros2_legubiao/ws/install/ocs2_thirdparty/include//cppad/core/forward.hpp
-- Symlinking: /home/zxs/ocs2_ros2_legubiao/ws/install/ocs2_thirdparty/include//cppad/core/fun_check.hpp
-- Symlinking: /home/zxs/ocs2_ros2_legubiao/ws/install/ocs2_thirdparty/include//cppad/core/fun_construct.hpp
-- Symlinking: /home/zxs/ocs2_ros2_legubiao/ws/install/ocs2_thirdparty/include//cppad/core/fun_eval.hpp
-- Symlinking: /home/zxs/ocs2_ros2_legubiao/ws/install/ocs2_thirdparty/include//cppad/core/graph/cpp_graph.hpp
-- Symlinking: /home/zxs/ocs2_ros2_legubiao/ws/install/ocs2_thirdparty/include//cppad/core/graph/from_graph.hpp
-- Symlinking: /home/zxs/ocs2_ros2_legubiao/ws/install/ocs2_thirdparty/include//cppad/core/graph/from_json.hpp
-- Symlinking: /home/zxs/ocs2_ros2_legubiao/ws/install/ocs2_thirdparty/include//cppad/core/graph/graph_op_enum.hpp
-- Symlinking: /home/zxs/ocs2_ros2_legubiao/ws/install/ocs2_thirdparty/include//cppad/core/graph/to_graph.hpp
-- Symlinking: /home/zxs/ocs2_ros2_legubiao/ws/install/ocs2_thirdparty/include//cppad/core/graph/to_json.hpp
-- Symlinking: /home/zxs/ocs2_ros2_legubiao/ws/install/ocs2_thirdparty/include//cppad/core/hash_code.hpp
-- Symlinking: /home/zxs/ocs2_ros2_legubiao/ws/install/ocs2_thirdparty/include//cppad/core/hessian.hpp
-- Symlinking: /home/zxs/ocs2_ros2_legubiao/ws/install/ocs2_thirdparty/include//cppad/core/identical.hpp
-- Symlinking: /home/zxs/ocs2_ros2_legubiao/ws/install/ocs2_thirdparty/include//cppad/core/independent.hpp
-- Symlinking: /home/zxs/ocs2_ros2_legubiao/ws/install/ocs2_thirdparty/include//cppad/core/integer.hpp
-- Symlinking: /home/zxs/ocs2_ros2_legubiao/ws/install/ocs2_thirdparty/include//cppad/core/jacobian.hpp
-- Symlinking: /home/zxs/ocs2_ros2_legubiao/ws/install/ocs2_thirdparty/include//cppad/core/log1p.hpp
-- Symlinking: /home/zxs/ocs2_ros2_legubiao/ws/install/ocs2_thirdparty/include//cppad/core/lu_ratio.hpp
-- Symlinking: /home/zxs/ocs2_ros2_legubiao/ws/install/ocs2_thirdparty/include//cppad/core/mul.hpp
-- Symlinking: /home/zxs/ocs2_ros2_legubiao/ws/install/ocs2_thirdparty/include//cppad/core/mul_eq.hpp
-- Symlinking: /home/zxs/ocs2_ros2_legubiao/ws/install/ocs2_thirdparty/include//cppad/core/near_equal_ext.hpp
-- Symlinking: /home/zxs/ocs2_ros2_legubiao/ws/install/ocs2_thirdparty/include//cppad/core/new_dynamic.hpp
-- Symlinking: /home/zxs/ocs2_ros2_legubiao/ws/install/ocs2_thirdparty/include//cppad/core/num_skip.hpp
-- Symlinking: /home/zxs/ocs2_ros2_legubiao/ws/install/ocs2_thirdparty/include//cppad/core/numeric_limits.hpp
-- Symlinking: /home/zxs/ocs2_ros2_legubiao/ws/install/ocs2_thirdparty/include//cppad/core/omp_max_thread.hpp
-- Symlinking: /home/zxs/ocs2_ros2_legubiao/ws/install/ocs2_thirdparty/include//cppad/core/opt_val_hes.hpp
-- Symlinking: /home/zxs/ocs2_ros2_legubiao/ws/install/ocs2_thirdparty/include//cppad/core/optimize.hpp
-- Symlinking: /home/zxs/ocs2_ros2_legubiao/ws/install/ocs2_thirdparty/include//cppad/core/ordered.hpp
-- Symlinking: /home/zxs/ocs2_ros2_legubiao/ws/install/ocs2_thirdparty/include//cppad/core/parallel_ad.hpp
-- Symlinking: /home/zxs/ocs2_ros2_legubiao/ws/install/ocs2_thirdparty/include//cppad/core/pow.hpp
-- Symlinking: /home/zxs/ocs2_ros2_legubiao/ws/install/ocs2_thirdparty/include//cppad/core/print_for.hpp
-- Symlinking: /home/zxs/ocs2_ros2_legubiao/ws/install/ocs2_thirdparty/include//cppad/core/rev_hes_sparsity.hpp
-- Symlinking: /home/zxs/ocs2_ros2_legubiao/ws/install/ocs2_thirdparty/include//cppad/core/rev_jac_sparsity.hpp
-- Symlinking: /home/zxs/ocs2_ros2_legubiao/ws/install/ocs2_thirdparty/include//cppad/core/rev_one.hpp
-- Symlinking: /home/zxs/ocs2_ros2_legubiao/ws/install/ocs2_thirdparty/include//cppad/core/rev_sparse_hes.hpp
-- Symlinking: /home/zxs/ocs2_ros2_legubiao/ws/install/ocs2_thirdparty/include//cppad/core/rev_sparse_jac.hpp
-- Symlinking: /home/zxs/ocs2_ros2_legubiao/ws/install/ocs2_thirdparty/include//cppad/core/rev_two.hpp
-- Symlinking: /home/zxs/ocs2_ros2_legubiao/ws/install/ocs2_thirdparty/include//cppad/core/reverse.hpp
-- Symlinking: /home/zxs/ocs2_ros2_legubiao/ws/install/ocs2_thirdparty/include//cppad/core/sign.hpp
-- Symlinking: /home/zxs/ocs2_ros2_legubiao/ws/install/ocs2_thirdparty/include//cppad/core/sparse.hpp
-- Symlinking: /home/zxs/ocs2_ros2_legubiao/ws/install/ocs2_thirdparty/include//cppad/core/sparse_hes.hpp
-- Symlinking: /home/zxs/ocs2_ros2_legubiao/ws/install/ocs2_thirdparty/include//cppad/core/sparse_hessian.hpp
-- Symlinking: /home/zxs/ocs2_ros2_legubiao/ws/install/ocs2_thirdparty/include//cppad/core/sparse_jac.hpp
-- Symlinking: /home/zxs/ocs2_ros2_legubiao/ws/install/ocs2_thirdparty/include//cppad/core/sparse_jacobian.hpp
-- Symlinking: /home/zxs/ocs2_ros2_legubiao/ws/install/ocs2_thirdparty/include//cppad/core/standard_math.hpp
-- Symlinking: /home/zxs/ocs2_ros2_legubiao/ws/install/ocs2_thirdparty/include//cppad/core/std_math_98.hpp
-- Symlinking: /home/zxs/ocs2_ros2_legubiao/ws/install/ocs2_thirdparty/include//cppad/core/sub.hpp
-- Symlinking: /home/zxs/ocs2_ros2_legubiao/ws/install/ocs2_thirdparty/include//cppad/core/sub_eq.hpp
-- Symlinking: /home/zxs/ocs2_ros2_legubiao/ws/install/ocs2_thirdparty/include//cppad/core/subgraph_jac_rev.hpp
-- Symlinking: /home/zxs/ocs2_ros2_legubiao/ws/install/ocs2_thirdparty/include//cppad/core/subgraph_reverse.hpp
-- Symlinking: /home/zxs/ocs2_ros2_legubiao/ws/install/ocs2_thirdparty/include//cppad/core/subgraph_sparsity.hpp
-- Symlinking: /home/zxs/ocs2_ros2_legubiao/ws/install/ocs2_thirdparty/include//cppad/core/tape_link.hpp
-- Symlinking: /home/zxs/ocs2_ros2_legubiao/ws/install/ocs2_thirdparty/include//cppad/core/test_vector.hpp
-- Symlinking: /home/zxs/ocs2_ros2_legubiao/ws/install/ocs2_thirdparty/include//cppad/core/testvector.hpp
-- Symlinking: /home/zxs/ocs2_ros2_legubiao/ws/install/ocs2_thirdparty/include//cppad/core/unary_minus.hpp
-- Symlinking: /home/zxs/ocs2_ros2_legubiao/ws/install/ocs2_thirdparty/include//cppad/core/unary_plus.hpp
-- Symlinking: /home/zxs/ocs2_ros2_legubiao/ws/install/ocs2_thirdparty/include//cppad/core/undef.hpp
-- Symlinking: /home/zxs/ocs2_ros2_legubiao/ws/install/ocs2_thirdparty/include//cppad/core/user_ad.hpp
-- Symlinking: /home/zxs/ocs2_ros2_legubiao/ws/install/ocs2_thirdparty/include//cppad/core/value.hpp
-- Symlinking: /home/zxs/ocs2_ros2_legubiao/ws/install/ocs2_thirdparty/include//cppad/core/var2par.hpp
-- Symlinking: /home/zxs/ocs2_ros2_legubiao/ws/install/ocs2_thirdparty/include//cppad/core/vec_ad.hpp
-- Symlinking: /home/zxs/ocs2_ros2_legubiao/ws/install/ocs2_thirdparty/include//cppad/core/zdouble.hpp
-- Symlinking: /home/zxs/ocs2_ros2_legubiao/ws/install/ocs2_thirdparty/include//cppad/cppad.hpp
-- Symlinking: /home/zxs/ocs2_ros2_legubiao/ws/install/ocs2_thirdparty/include//cppad/epl-2.0.txt
-- Symlinking: /home/zxs/ocs2_ros2_legubiao/ws/install/ocs2_thirdparty/include//cppad/example/atomic_three/mat_mul.hpp
-- Symlinking: /home/zxs/ocs2_ros2_legubiao/ws/install/ocs2_thirdparty/include//cppad/example/atomic_two/eigen_cholesky.hpp
-- Symlinking: /home/zxs/ocs2_ros2_legubiao/ws/install/ocs2_thirdparty/include//cppad/example/atomic_two/eigen_mat_inv.hpp
-- Symlinking: /home/zxs/ocs2_ros2_legubiao/ws/install/ocs2_thirdparty/include//cppad/example/atomic_two/eigen_mat_mul.hpp
-- Symlinking: /home/zxs/ocs2_ros2_legubiao/ws/install/ocs2_thirdparty/include//cppad/example/base_adolc.hpp
-- Symlinking: /home/zxs/ocs2_ros2_legubiao/ws/install/ocs2_thirdparty/include//cppad/example/cppad_eigen.hpp
-- Symlinking: /home/zxs/ocs2_ros2_legubiao/ws/install/ocs2_thirdparty/include//cppad/example/eigen_cholesky.hpp
-- Symlinking: /home/zxs/ocs2_ros2_legubiao/ws/install/ocs2_thirdparty/include//cppad/example/eigen_mat_inv.hpp
-- Symlinking: /home/zxs/ocs2_ros2_legubiao/ws/install/ocs2_thirdparty/include//cppad/example/eigen_mat_mul.hpp
-- Symlinking: /home/zxs/ocs2_ros2_legubiao/ws/install/ocs2_thirdparty/include//cppad/example/eigen_plugin.hpp
-- Symlinking: /home/zxs/ocs2_ros2_legubiao/ws/install/ocs2_thirdparty/include//cppad/example/mat_mul.hpp
-- Symlinking: /home/zxs/ocs2_ros2_legubiao/ws/install/ocs2_thirdparty/include//cppad/ipopt/solve.hpp
-- Symlinking: /home/zxs/ocs2_ros2_legubiao/ws/install/ocs2_thirdparty/include//cppad/ipopt/solve_callback.hpp
-- Symlinking: /home/zxs/ocs2_ros2_legubiao/ws/install/ocs2_thirdparty/include//cppad/ipopt/solve_result.hpp
-- Symlinking: /home/zxs/ocs2_ros2_legubiao/ws/install/ocs2_thirdparty/include//cppad/local/abs_op.hpp
-- Symlinking: /home/zxs/ocs2_ros2_legubiao/ws/install/ocs2_thirdparty/include//cppad/local/acos_op.hpp
-- Symlinking: /home/zxs/ocs2_ros2_legubiao/ws/install/ocs2_thirdparty/include//cppad/local/acosh_op.hpp
-- Symlinking: /home/zxs/ocs2_ros2_legubiao/ws/install/ocs2_thirdparty/include//cppad/local/ad_tape.hpp
-- Symlinking: /home/zxs/ocs2_ros2_legubiao/ws/install/ocs2_thirdparty/include//cppad/local/add_op.hpp
-- Symlinking: /home/zxs/ocs2_ros2_legubiao/ws/install/ocs2_thirdparty/include//cppad/local/asin_op.hpp
-- Symlinking: /home/zxs/ocs2_ros2_legubiao/ws/install/ocs2_thirdparty/include//cppad/local/asinh_op.hpp
-- Symlinking: /home/zxs/ocs2_ros2_legubiao/ws/install/ocs2_thirdparty/include//cppad/local/atan_op.hpp
-- Symlinking: /home/zxs/ocs2_ros2_legubiao/ws/install/ocs2_thirdparty/include//cppad/local/atanh_op.hpp
-- Symlinking: /home/zxs/ocs2_ros2_legubiao/ws/install/ocs2_thirdparty/include//cppad/local/atom_state.hpp
-- Symlinking: /home/zxs/ocs2_ros2_legubiao/ws/install/ocs2_thirdparty/include//cppad/local/atomic_index.hpp
-- Symlinking: /home/zxs/ocs2_ros2_legubiao/ws/install/ocs2_thirdparty/include//cppad/local/color_general.hpp
-- Symlinking: /home/zxs/ocs2_ros2_legubiao/ws/install/ocs2_thirdparty/include//cppad/local/color_symmetric.hpp
-- Symlinking: /home/zxs/ocs2_ros2_legubiao/ws/install/ocs2_thirdparty/include//cppad/local/comp_op.hpp
-- Symlinking: /home/zxs/ocs2_ros2_legubiao/ws/install/ocs2_thirdparty/include//cppad/local/cond_op.hpp
-- Symlinking: /home/zxs/ocs2_ros2_legubiao/ws/install/ocs2_thirdparty/include//cppad/local/cos_op.hpp
-- Symlinking: /home/zxs/ocs2_ros2_legubiao/ws/install/ocs2_thirdparty/include//cppad/local/cosh_op.hpp
-- Symlinking: /home/zxs/ocs2_ros2_legubiao/ws/install/ocs2_thirdparty/include//cppad/local/cppad_colpack.hpp
-- Symlinking: /home/zxs/ocs2_ros2_legubiao/ws/install/ocs2_thirdparty/include//cppad/local/cskip_op.hpp
-- Symlinking: /home/zxs/ocs2_ros2_legubiao/ws/install/ocs2_thirdparty/include//cppad/local/csum_op.hpp
-- Symlinking: /home/zxs/ocs2_ros2_legubiao/ws/install/ocs2_thirdparty/include//cppad/local/declare_ad.hpp
-- Symlinking: /home/zxs/ocs2_ros2_legubiao/ws/install/ocs2_thirdparty/include//cppad/local/define.hpp
-- Symlinking: /home/zxs/ocs2_ros2_legubiao/ws/install/ocs2_thirdparty/include//cppad/local/discrete_op.hpp
-- Symlinking: /home/zxs/ocs2_ros2_legubiao/ws/install/ocs2_thirdparty/include//cppad/local/div_op.hpp
-- Symlinking: /home/zxs/ocs2_ros2_legubiao/ws/install/ocs2_thirdparty/include//cppad/local/erf_op.hpp
-- Symlinking: /home/zxs/ocs2_ros2_legubiao/ws/install/ocs2_thirdparty/include//cppad/local/exp_op.hpp
-- Symlinking: /home/zxs/ocs2_ros2_legubiao/ws/install/ocs2_thirdparty/include//cppad/local/expm1_op.hpp
-- Symlinking: /home/zxs/ocs2_ros2_legubiao/ws/install/ocs2_thirdparty/include//cppad/local/graph/cpp_graph_itr.hpp
-- Symlinking: /home/zxs/ocs2_ros2_legubiao/ws/install/ocs2_thirdparty/include//cppad/local/graph/cpp_graph_op.hpp
-- Symlinking: /home/zxs/ocs2_ros2_legubiao/ws/install/ocs2_thirdparty/include//cppad/local/graph/json_lexer.hpp
-- Symlinking: /home/zxs/ocs2_ros2_legubiao/ws/install/ocs2_thirdparty/include//cppad/local/graph/json_parser.hpp
-- Symlinking: /home/zxs/ocs2_ros2_legubiao/ws/install/ocs2_thirdparty/include//cppad/local/graph/json_writer.hpp
-- Symlinking: /home/zxs/ocs2_ros2_legubiao/ws/install/ocs2_thirdparty/include//cppad/local/hash_code.hpp
-- Symlinking: /home/zxs/ocs2_ros2_legubiao/ws/install/ocs2_thirdparty/include//cppad/local/independent.hpp
-- Symlinking: /home/zxs/ocs2_ros2_legubiao/ws/install/ocs2_thirdparty/include//cppad/local/is_pod.hpp
-- Symlinking: /home/zxs/ocs2_ros2_legubiao/ws/install/ocs2_thirdparty/include//cppad/local/load_op.hpp
-- Symlinking: /home/zxs/ocs2_ros2_legubiao/ws/install/ocs2_thirdparty/include//cppad/local/log1p_op.hpp
-- Symlinking: /home/zxs/ocs2_ros2_legubiao/ws/install/ocs2_thirdparty/include//cppad/local/log_op.hpp
-- Symlinking: /home/zxs/ocs2_ros2_legubiao/ws/install/ocs2_thirdparty/include//cppad/local/mul_op.hpp
-- Symlinking: /home/zxs/ocs2_ros2_legubiao/ws/install/ocs2_thirdparty/include//cppad/local/op.hpp
-- Symlinking: /home/zxs/ocs2_ros2_legubiao/ws/install/ocs2_thirdparty/include//cppad/local/op_code.hpp
-- Symlinking: /home/zxs/ocs2_ros2_legubiao/ws/install/ocs2_thirdparty/include//cppad/local/op_code_dyn.hpp
-- Symlinking: /home/zxs/ocs2_ros2_legubiao/ws/install/ocs2_thirdparty/include//cppad/local/op_code_var.hpp
-- Symlinking: /home/zxs/ocs2_ros2_legubiao/ws/install/ocs2_thirdparty/include//cppad/local/optimize/cexp_info.hpp
-- Symlinking: /home/zxs/ocs2_ros2_legubiao/ws/install/ocs2_thirdparty/include//cppad/local/optimize/csum_op_info.hpp
-- Symlinking: /home/zxs/ocs2_ros2_legubiao/ws/install/ocs2_thirdparty/include//cppad/local/optimize/csum_stacks.hpp
-- Symlinking: /home/zxs/ocs2_ros2_legubiao/ws/install/ocs2_thirdparty/include//cppad/local/optimize/get_cexp_info.hpp
-- Symlinking: /home/zxs/ocs2_ros2_legubiao/ws/install/ocs2_thirdparty/include//cppad/local/optimize/get_dyn_previous.hpp
-- Symlinking: /home/zxs/ocs2_ros2_legubiao/ws/install/ocs2_thirdparty/include//cppad/local/optimize/get_op_previous.hpp
-- Symlinking: /home/zxs/ocs2_ros2_legubiao/ws/install/ocs2_thirdparty/include//cppad/local/optimize/get_op_usage.hpp
-- Symlinking: /home/zxs/ocs2_ros2_legubiao/ws/install/ocs2_thirdparty/include//cppad/local/optimize/get_par_usage.hpp
-- Symlinking: /home/zxs/ocs2_ros2_legubiao/ws/install/ocs2_thirdparty/include//cppad/local/optimize/hash_code.hpp
-- Symlinking: /home/zxs/ocs2_ros2_legubiao/ws/install/ocs2_thirdparty/include//cppad/local/optimize/match_op.hpp
-- Symlinking: /home/zxs/ocs2_ros2_legubiao/ws/install/ocs2_thirdparty/include//cppad/local/optimize/optimize_run.hpp
-- Symlinking: /home/zxs/ocs2_ros2_legubiao/ws/install/ocs2_thirdparty/include//cppad/local/optimize/record_csum.hpp
-- Symlinking: /home/zxs/ocs2_ros2_legubiao/ws/install/ocs2_thirdparty/include//cppad/local/optimize/record_pv.hpp
-- Symlinking: /home/zxs/ocs2_ros2_legubiao/ws/install/ocs2_thirdparty/include//cppad/local/optimize/record_vp.hpp
-- Symlinking: /home/zxs/ocs2_ros2_legubiao/ws/install/ocs2_thirdparty/include//cppad/local/optimize/record_vv.hpp
-- Symlinking: /home/zxs/ocs2_ros2_legubiao/ws/install/ocs2_thirdparty/include//cppad/local/optimize/size_pair.hpp
-- Symlinking: /home/zxs/ocs2_ros2_legubiao/ws/install/ocs2_thirdparty/include//cppad/local/optimize/usage.hpp
-- Symlinking: /home/zxs/ocs2_ros2_legubiao/ws/install/ocs2_thirdparty/include//cppad/local/parameter_op.hpp
-- Symlinking: /home/zxs/ocs2_ros2_legubiao/ws/install/ocs2_thirdparty/include//cppad/local/play/addr_enum.hpp
-- Symlinking: /home/zxs/ocs2_ros2_legubiao/ws/install/ocs2_thirdparty/include//cppad/local/play/atom_op_info.hpp
-- Symlinking: /home/zxs/ocs2_ros2_legubiao/ws/install/ocs2_thirdparty/include//cppad/local/play/player.hpp
-- Symlinking: /home/zxs/ocs2_ros2_legubiao/ws/install/ocs2_thirdparty/include//cppad/local/play/random_iterator.hpp
-- Symlinking: /home/zxs/ocs2_ros2_legubiao/ws/install/ocs2_thirdparty/include//cppad/local/play/random_setup.hpp
-- Symlinking: /home/zxs/ocs2_ros2_legubiao/ws/install/ocs2_thirdparty/include//cppad/local/play/sequential_iterator.hpp
-- Symlinking: /home/zxs/ocs2_ros2_legubiao/ws/install/ocs2_thirdparty/include//cppad/local/play/subgraph_iterator.hpp
-- Symlinking: /home/zxs/ocs2_ros2_legubiao/ws/install/ocs2_thirdparty/include//cppad/local/pod_vector.hpp
-- Symlinking: /home/zxs/ocs2_ros2_legubiao/ws/install/ocs2_thirdparty/include//cppad/local/pow_op.hpp
-- Symlinking: /home/zxs/ocs2_ros2_legubiao/ws/install/ocs2_thirdparty/include//cppad/local/print_op.hpp
-- Symlinking: /home/zxs/ocs2_ros2_legubiao/ws/install/ocs2_thirdparty/include//cppad/local/prototype_op.hpp
-- Symlinking: /home/zxs/ocs2_ros2_legubiao/ws/install/ocs2_thirdparty/include//cppad/local/record/comp_op.hpp
-- Symlinking: /home/zxs/ocs2_ros2_legubiao/ws/install/ocs2_thirdparty/include//cppad/local/record/cond_exp.hpp
-- Symlinking: /home/zxs/ocs2_ros2_legubiao/ws/install/ocs2_thirdparty/include//cppad/local/record/put_dyn_atomic.hpp
-- Symlinking: /home/zxs/ocs2_ros2_legubiao/ws/install/ocs2_thirdparty/include//cppad/local/record/put_var_atomic.hpp
-- Symlinking: /home/zxs/ocs2_ros2_legubiao/ws/install/ocs2_thirdparty/include//cppad/local/record/recorder.hpp
-- Symlinking: /home/zxs/ocs2_ros2_legubiao/ws/install/ocs2_thirdparty/include//cppad/local/recorder.hpp
-- Symlinking: /home/zxs/ocs2_ros2_legubiao/ws/install/ocs2_thirdparty/include//cppad/local/set_get_in_parallel.hpp
-- Symlinking: /home/zxs/ocs2_ros2_legubiao/ws/install/ocs2_thirdparty/include//cppad/local/sign_op.hpp
-- Symlinking: /home/zxs/ocs2_ros2_legubiao/ws/install/ocs2_thirdparty/include//cppad/local/sin_op.hpp
-- Symlinking: /home/zxs/ocs2_ros2_legubiao/ws/install/ocs2_thirdparty/include//cppad/local/sinh_op.hpp
-- Symlinking: /home/zxs/ocs2_ros2_legubiao/ws/install/ocs2_thirdparty/include//cppad/local/sparse/binary_op.hpp
-- Symlinking: /home/zxs/ocs2_ros2_legubiao/ws/install/ocs2_thirdparty/include//cppad/local/sparse/internal.hpp
-- Symlinking: /home/zxs/ocs2_ros2_legubiao/ws/install/ocs2_thirdparty/include//cppad/local/sparse/list_setvec.hpp
-- Symlinking: /home/zxs/ocs2_ros2_legubiao/ws/install/ocs2_thirdparty/include//cppad/local/sparse/pack_setvec.hpp
-- Symlinking: /home/zxs/ocs2_ros2_legubiao/ws/install/ocs2_thirdparty/include//cppad/local/sparse/svec_setvec.hpp
-- Symlinking: /home/zxs/ocs2_ros2_legubiao/ws/install/ocs2_thirdparty/include//cppad/local/sparse/unary_op.hpp
-- Symlinking: /home/zxs/ocs2_ros2_legubiao/ws/install/ocs2_thirdparty/include//cppad/local/sparse_binary_op.hpp
-- Symlinking: /home/zxs/ocs2_ros2_legubiao/ws/install/ocs2_thirdparty/include//cppad/local/sparse_internal.hpp
-- Symlinking: /home/zxs/ocs2_ros2_legubiao/ws/install/ocs2_thirdparty/include//cppad/local/sparse_list.hpp
-- Symlinking: /home/zxs/ocs2_ros2_legubiao/ws/install/ocs2_thirdparty/include//cppad/local/sparse_pack.hpp
-- Symlinking: /home/zxs/ocs2_ros2_legubiao/ws/install/ocs2_thirdparty/include//cppad/local/sparse_sizevec.hpp
-- Symlinking: /home/zxs/ocs2_ros2_legubiao/ws/install/ocs2_thirdparty/include//cppad/local/sparse_unary_op.hpp
-- Symlinking: /home/zxs/ocs2_ros2_legubiao/ws/install/ocs2_thirdparty/include//cppad/local/sqrt_op.hpp
-- Symlinking: /home/zxs/ocs2_ros2_legubiao/ws/install/ocs2_thirdparty/include//cppad/local/std_set.hpp
-- Symlinking: /home/zxs/ocs2_ros2_legubiao/ws/install/ocs2_thirdparty/include//cppad/local/store_op.hpp
-- Symlinking: /home/zxs/ocs2_ros2_legubiao/ws/install/ocs2_thirdparty/include//cppad/local/sub_op.hpp
-- Symlinking: /home/zxs/ocs2_ros2_legubiao/ws/install/ocs2_thirdparty/include//cppad/local/subgraph/arg_variable.hpp
-- Symlinking: /home/zxs/ocs2_ros2_legubiao/ws/install/ocs2_thirdparty/include//cppad/local/subgraph/entire_call.hpp
-- Symlinking: /home/zxs/ocs2_ros2_legubiao/ws/install/ocs2_thirdparty/include//cppad/local/subgraph/get_rev.hpp
-- Symlinking: /home/zxs/ocs2_ros2_legubiao/ws/install/ocs2_thirdparty/include//cppad/local/subgraph/info.hpp
-- Symlinking: /home/zxs/ocs2_ros2_legubiao/ws/install/ocs2_thirdparty/include//cppad/local/subgraph/init_rev.hpp
-- Symlinking: /home/zxs/ocs2_ros2_legubiao/ws/install/ocs2_thirdparty/include//cppad/local/subgraph/sparsity.hpp
-- Symlinking: /home/zxs/ocs2_ros2_legubiao/ws/install/ocs2_thirdparty/include//cppad/local/sweep/call_atomic.hpp
-- Symlinking: /home/zxs/ocs2_ros2_legubiao/ws/install/ocs2_thirdparty/include//cppad/local/sweep/dynamic.hpp
-- Symlinking: /home/zxs/ocs2_ros2_legubiao/ws/install/ocs2_thirdparty/include//cppad/local/sweep/for_hes.hpp
-- Symlinking: /home/zxs/ocs2_ros2_legubiao/ws/install/ocs2_thirdparty/include//cppad/local/sweep/for_jac.hpp
-- Symlinking: /home/zxs/ocs2_ros2_legubiao/ws/install/ocs2_thirdparty/include//cppad/local/sweep/forward0.hpp
-- Symlinking: /home/zxs/ocs2_ros2_legubiao/ws/install/ocs2_thirdparty/include//cppad/local/sweep/forward1.hpp
-- Symlinking: /home/zxs/ocs2_ros2_legubiao/ws/install/ocs2_thirdparty/include//cppad/local/sweep/forward2.hpp
-- Symlinking: /home/zxs/ocs2_ros2_legubiao/ws/install/ocs2_thirdparty/include//cppad/local/sweep/rev_hes.hpp
-- Symlinking: /home/zxs/ocs2_ros2_legubiao/ws/install/ocs2_thirdparty/include//cppad/local/sweep/rev_jac.hpp
-- Symlinking: /home/zxs/ocs2_ros2_legubiao/ws/install/ocs2_thirdparty/include//cppad/local/sweep/reverse.hpp
-- Symlinking: /home/zxs/ocs2_ros2_legubiao/ws/install/ocs2_thirdparty/include//cppad/local/tan_op.hpp
-- Symlinking: /home/zxs/ocs2_ros2_legubiao/ws/install/ocs2_thirdparty/include//cppad/local/tanh_op.hpp
-- Symlinking: /home/zxs/ocs2_ros2_legubiao/ws/install/ocs2_thirdparty/include//cppad/local/utility/cppad_vector_itr.hpp
-- Symlinking: /home/zxs/ocs2_ros2_legubiao/ws/install/ocs2_thirdparty/include//cppad/local/utility/vector_bool.hpp
-- Symlinking: /home/zxs/ocs2_ros2_legubiao/ws/install/ocs2_thirdparty/include//cppad/local/zmul_op.hpp
-- Symlinking: /home/zxs/ocs2_ros2_legubiao/ws/install/ocs2_thirdparty/include//cppad/speed/det_33.hpp
-- Symlinking: /home/zxs/ocs2_ros2_legubiao/ws/install/ocs2_thirdparty/include//cppad/speed/det_by_lu.hpp
-- Symlinking: /home/zxs/ocs2_ros2_legubiao/ws/install/ocs2_thirdparty/include//cppad/speed/det_by_minor.hpp
-- Symlinking: /home/zxs/ocs2_ros2_legubiao/ws/install/ocs2_thirdparty/include//cppad/speed/det_grad_33.hpp
-- Symlinking: /home/zxs/ocs2_ros2_legubiao/ws/install/ocs2_thirdparty/include//cppad/speed/det_of_minor.hpp
-- Symlinking: /home/zxs/ocs2_ros2_legubiao/ws/install/ocs2_thirdparty/include//cppad/speed/mat_sum_sq.hpp
-- Symlinking: /home/zxs/ocs2_ros2_legubiao/ws/install/ocs2_thirdparty/include//cppad/speed/ode_evaluate.hpp
-- Symlinking: /home/zxs/ocs2_ros2_legubiao/ws/install/ocs2_thirdparty/include//cppad/speed/sparse_hes_fun.hpp
-- Symlinking: /home/zxs/ocs2_ros2_legubiao/ws/install/ocs2_thirdparty/include//cppad/speed/sparse_jac_fun.hpp
-- Symlinking: /home/zxs/ocs2_ros2_legubiao/ws/install/ocs2_thirdparty/include//cppad/speed/uniform_01.hpp
-- Symlinking: /home/zxs/ocs2_ros2_legubiao/ws/install/ocs2_thirdparty/include//cppad/utility.hpp
-- Symlinking: /home/zxs/ocs2_ros2_legubiao/ws/install/ocs2_thirdparty/include//cppad/utility/check_numeric_type.hpp
-- Symlinking: /home/zxs/ocs2_ros2_legubiao/ws/install/ocs2_thirdparty/include//cppad/utility/check_simple_vector.hpp
-- Symlinking: /home/zxs/ocs2_ros2_legubiao/ws/install/ocs2_thirdparty/include//cppad/utility/elapsed_seconds.hpp
-- Symlinking: /home/zxs/ocs2_ros2_legubiao/ws/install/ocs2_thirdparty/include//cppad/utility/error_handler.hpp
-- Symlinking: /home/zxs/ocs2_ros2_legubiao/ws/install/ocs2_thirdparty/include//cppad/utility/index_sort.hpp
-- Symlinking: /home/zxs/ocs2_ros2_legubiao/ws/install/ocs2_thirdparty/include//cppad/utility/lu_factor.hpp
-- Symlinking: /home/zxs/ocs2_ros2_legubiao/ws/install/ocs2_thirdparty/include//cppad/utility/lu_invert.hpp
-- Symlinking: /home/zxs/ocs2_ros2_legubiao/ws/install/ocs2_thirdparty/include//cppad/utility/lu_solve.hpp
-- Symlinking: /home/zxs/ocs2_ros2_legubiao/ws/install/ocs2_thirdparty/include//cppad/utility/memory_leak.hpp
-- Symlinking: /home/zxs/ocs2_ros2_legubiao/ws/install/ocs2_thirdparty/include//cppad/utility/nan.hpp
-- Symlinking: /home/zxs/ocs2_ros2_legubiao/ws/install/ocs2_thirdparty/include//cppad/utility/near_equal.hpp
-- Symlinking: /home/zxs/ocs2_ros2_legubiao/ws/install/ocs2_thirdparty/include//cppad/utility/ode_err_control.hpp
-- Symlinking: /home/zxs/ocs2_ros2_legubiao/ws/install/ocs2_thirdparty/include//cppad/utility/ode_gear.hpp
-- Symlinking: /home/zxs/ocs2_ros2_legubiao/ws/install/ocs2_thirdparty/include//cppad/utility/ode_gear_control.hpp
-- Symlinking: /home/zxs/ocs2_ros2_legubiao/ws/install/ocs2_thirdparty/include//cppad/utility/omp_alloc.hpp
-- Symlinking: /home/zxs/ocs2_ros2_legubiao/ws/install/ocs2_thirdparty/include//cppad/utility/poly.hpp
-- Symlinking: /home/zxs/ocs2_ros2_legubiao/ws/install/ocs2_thirdparty/include//cppad/utility/pow_int.hpp
-- Symlinking: /home/zxs/ocs2_ros2_legubiao/ws/install/ocs2_thirdparty/include//cppad/utility/romberg_mul.hpp
-- Symlinking: /home/zxs/ocs2_ros2_legubiao/ws/install/ocs2_thirdparty/include//cppad/utility/romberg_one.hpp
-- Symlinking: /home/zxs/ocs2_ros2_legubiao/ws/install/ocs2_thirdparty/include//cppad/utility/rosen_34.hpp
-- Symlinking: /home/zxs/ocs2_ros2_legubiao/ws/install/ocs2_thirdparty/include//cppad/utility/runge_45.hpp
-- Symlinking: /home/zxs/ocs2_ros2_legubiao/ws/install/ocs2_thirdparty/include//cppad/utility/set_union.hpp
-- Symlinking: /home/zxs/ocs2_ros2_legubiao/ws/install/ocs2_thirdparty/include//cppad/utility/sparse2eigen.hpp
-- Symlinking: /home/zxs/ocs2_ros2_legubiao/ws/install/ocs2_thirdparty/include//cppad/utility/sparse_rc.hpp
-- Symlinking: /home/zxs/ocs2_ros2_legubiao/ws/install/ocs2_thirdparty/include//cppad/utility/sparse_rcv.hpp
-- Symlinking: /home/zxs/ocs2_ros2_legubiao/ws/install/ocs2_thirdparty/include//cppad/utility/speed_test.hpp
-- Symlinking: /home/zxs/ocs2_ros2_legubiao/ws/install/ocs2_thirdparty/include//cppad/utility/test_boolofvoid.hpp
-- Symlinking: /home/zxs/ocs2_ros2_legubiao/ws/install/ocs2_thirdparty/include//cppad/utility/thread_alloc.hpp
-- Symlinking: /home/zxs/ocs2_ros2_legubiao/ws/install/ocs2_thirdparty/include//cppad/utility/time_test.hpp
-- Symlinking: /home/zxs/ocs2_ros2_legubiao/ws/install/ocs2_thirdparty/include//cppad/utility/to_string.hpp
-- Symlinking: /home/zxs/ocs2_ros2_legubiao/ws/install/ocs2_thirdparty/include//cppad/utility/track_new_del.hpp
-- Symlinking: /home/zxs/ocs2_ros2_legubiao/ws/install/ocs2_thirdparty/include//cppad/utility/vector.hpp
-- Symlinking: /home/zxs/ocs2_ros2_legubiao/ws/install/ocs2_thirdparty/include//cppad/utility/vector_bool.hpp
-- Symlinking: /home/zxs/ocs2_ros2_legubiao/ws/install/ocs2_thirdparty/include//cppad/wno_conversion.hpp
-- Symlinking: /home/zxs/ocs2_ros2_legubiao/ws/install/ocs2_thirdparty/include//iit/rbd/InertiaMatrix.h
-- Symlinking: /home/zxs/ocs2_ros2_legubiao/ws/install/ocs2_thirdparty/include//iit/rbd/StateDependentBase.h
-- Symlinking: /home/zxs/ocs2_ros2_legubiao/ws/install/ocs2_thirdparty/include//iit/rbd/StateDependentMatrix.h
-- Symlinking: /home/zxs/ocs2_ros2_legubiao/ws/install/ocs2_thirdparty/include//iit/rbd/TransformsBase.h
-- Symlinking: /home/zxs/ocs2_ros2_legubiao/ws/install/ocs2_thirdparty/include//iit/rbd/eigen_traits.h
-- Symlinking: /home/zxs/ocs2_ros2_legubiao/ws/install/ocs2_thirdparty/include//iit/rbd/internals.h
-- Symlinking: /home/zxs/ocs2_ros2_legubiao/ws/install/ocs2_thirdparty/include//iit/rbd/rbd.h
-- Symlinking: /home/zxs/ocs2_ros2_legubiao/ws/install/ocs2_thirdparty/include//iit/rbd/robcogen_commons.h
-- Symlinking: /home/zxs/ocs2_ros2_legubiao/ws/install/ocs2_thirdparty/include//iit/rbd/traits/CppADCodegenTrait.h
-- Symlinking: /home/zxs/ocs2_ros2_legubiao/ws/install/ocs2_thirdparty/include//iit/rbd/traits/DoubleTrait.h
-- Symlinking: /home/zxs/ocs2_ros2_legubiao/ws/install/ocs2_thirdparty/include//iit/rbd/traits/FloatTrait.h
-- Symlinking: /home/zxs/ocs2_ros2_legubiao/ws/install/ocs2_thirdparty/include//iit/rbd/traits/TraitSelector.h
-- Symlinking: /home/zxs/ocs2_ros2_legubiao/ws/install/ocs2_thirdparty/include//iit/rbd/types.h
-- Symlinking: /home/zxs/ocs2_ros2_legubiao/ws/install/ocs2_thirdparty/include//iit/rbd/utils.h
-- Symlinking: /home/zxs/ocs2_ros2_legubiao/ws/install/ocs2_thirdparty/share/ament_index/resource_index/package_run_dependencies/ocs2_thirdparty
-- Symlinking: /home/zxs/ocs2_ros2_legubiao/ws/install/ocs2_thirdparty/share/ament_index/resource_index/parent_prefix_path/ocs2_thirdparty
-- Symlinking: /home/zxs/ocs2_ros2_legubiao/ws/install/ocs2_thirdparty/share/ocs2_thirdparty/environment/ament_prefix_path.sh
-- Symlinking: /home/zxs/ocs2_ros2_legubiao/ws/install/ocs2_thirdparty/share/ocs2_thirdparty/environment/ament_prefix_path.dsv
-- Symlinking: /home/zxs/ocs2_ros2_legubiao/ws/install/ocs2_thirdparty/share/ocs2_thirdparty/environment/path.sh
-- Symlinking: /home/zxs/ocs2_ros2_legubiao/ws/install/ocs2_thirdparty/share/ocs2_thirdparty/environment/path.dsv
-- Symlinking: /home/zxs/ocs2_ros2_legubiao/ws/install/ocs2_thirdparty/share/ocs2_thirdparty/local_setup.bash
-- Symlinking: /home/zxs/ocs2_ros2_legubiao/ws/install/ocs2_thirdparty/share/ocs2_thirdparty/local_setup.sh
-- Symlinking: /home/zxs/ocs2_ros2_legubiao/ws/install/ocs2_thirdparty/share/ocs2_thirdparty/local_setup.zsh
-- Symlinking: /home/zxs/ocs2_ros2_legubiao/ws/install/ocs2_thirdparty/share/ocs2_thirdparty/local_setup.dsv
-- Symlinking: /home/zxs/ocs2_ros2_legubiao/ws/install/ocs2_thirdparty/share/ocs2_thirdparty/package.dsv
-- Symlinking: /home/zxs/ocs2_ros2_legubiao/ws/install/ocs2_thirdparty/share/ament_index/resource_index/packages/ocs2_thirdparty
-- Symlinking: /home/zxs/ocs2_ros2_legubiao/ws/install/ocs2_thirdparty/share/ocs2_thirdparty/cmake/ament_cmake_export_include_directories-extras.cmake
-- Symlinking: /home/zxs/ocs2_ros2_legubiao/ws/install/ocs2_thirdparty/share/ocs2_thirdparty/cmake/ocs2_thirdpartyConfig.cmake
-- Symlinking: /home/zxs/ocs2_ros2_legubiao/ws/install/ocs2_thirdparty/share/ocs2_thirdparty/cmake/ocs2_thirdpartyConfig-version.cmake
-- Symlinking: /home/zxs/ocs2_ros2_legubiao/ws/install/ocs2_thirdparty/share/ocs2_thirdparty/package.xml
