[0.011s] Invoking command in '/home/zxs/ocs2_ros2_legubiao/ws/build/ocs2_thirdparty': CMAKE_PREFIX_PATH=/opt/ros/humble /usr/bin/cmake /home/zxs/ocs2_ros2_legubiao/ws/src/ocs2_ros2/core/ocs2_thirdparty -DAMENT_CMAKE_SYMLINK_INSTALL=1 -DCMAKE_INSTALL_PREFIX=/home/zxs/ocs2_ros2_legubiao/ws/install/ocs2_thirdparty
[0.147s] -- The C compiler identification is GNU 12.3.0
[0.264s] -- The CXX compiler identification is GNU 12.3.0
[0.269s] -- Detecting C compiler ABI info
[0.312s] -- Detecting C compiler ABI info - done
[0.315s] -- Check for working C compiler: /usr/bin/cc - skipped
[0.316s] -- Detecting C compile features
[0.316s] -- Detecting C compile features - done
[0.318s] -- Detecting CXX compiler ABI info
[0.361s] -- Detecting CXX compiler ABI info - done
[0.365s] -- Check for working CXX compiler: /usr/bin/c++ - skipped
[0.365s] -- Detecting CXX compile features
[0.366s] -- Detecting CXX compile features - done
[0.368s] -- Found ament_cmake: 1.3.11 (/opt/ros/humble/share/ament_cmake/cmake)
[0.441s] -- Found Python3: /usr/bin/python3 (found version "3.10.13") found components: Interpreter 
[0.479s] -- Override CMake install command with custom implementation using symlinks instead of copying resources
[0.541s] -- Configuring done
[0.543s] -- Generating done
[0.544s] -- Build files have been written to: /home/zxs/ocs2_ros2_legubiao/ws/build/ocs2_thirdparty
[0.547s] Invoked command in '/home/zxs/ocs2_ros2_legubiao/ws/build/ocs2_thirdparty' returned '0': CMAKE_PREFIX_PATH=/opt/ros/humble /usr/bin/cmake /home/zxs/ocs2_ros2_legubiao/ws/src/ocs2_ros2/core/ocs2_thirdparty -DAMENT_CMAKE_SYMLINK_INSTALL=1 -DCMAKE_INSTALL_PREFIX=/home/zxs/ocs2_ros2_legubiao/ws/install/ocs2_thirdparty
[0.548s] Invoking command in '/home/zxs/ocs2_ros2_legubiao/ws/build/ocs2_thirdparty': CMAKE_PREFIX_PATH=/opt/ros/humble /usr/bin/cmake --build /home/zxs/ocs2_ros2_legubiao/ws/build/ocs2_thirdparty -- -j28 -l28
[0.567s] Invoked command in '/home/zxs/ocs2_ros2_legubiao/ws/build/ocs2_thirdparty' returned '0': CMAKE_PREFIX_PATH=/opt/ros/humble /usr/bin/cmake --build /home/zxs/ocs2_ros2_legubiao/ws/build/ocs2_thirdparty -- -j28 -l28
[0.573s] Invoking command in '/home/zxs/ocs2_ros2_legubiao/ws/build/ocs2_thirdparty': CMAKE_PREFIX_PATH=/opt/ros/humble /usr/bin/cmake --install /home/zxs/ocs2_ros2_legubiao/ws/build/ocs2_thirdparty
[0.577s] -- Install configuration: "Release"
[0.577s] -- Execute custom install script
[0.580s] -- Symlinking: /home/zxs/ocs2_ros2_legubiao/ws/install/ocs2_thirdparty/include//cppad/COPYING
[0.583s] -- Symlinking: /home/zxs/ocs2_ros2_legubiao/ws/install/ocs2_thirdparty/include//cppad/Version.txt
[0.588s] -- Symlinking: /home/zxs/ocs2_ros2_legubiao/ws/install/ocs2_thirdparty/include//cppad/authors
[0.593s] -- Symlinking: /home/zxs/ocs2_ros2_legubiao/ws/install/ocs2_thirdparty/include//cppad/base_require.hpp
[0.596s] -- Symlinking: /home/zxs/ocs2_ros2_legubiao/ws/install/ocs2_thirdparty/include//cppad/cg.hpp
[0.601s] -- Symlinking: /home/zxs/ocs2_ros2_legubiao/ws/install/ocs2_thirdparty/include//cppad/cg/AUTHORS
[0.605s] -- Symlinking: /home/zxs/ocs2_ros2_legubiao/ws/install/ocs2_thirdparty/include//cppad/cg/COPYING
[0.609s] -- Symlinking: /home/zxs/ocs2_ros2_legubiao/ws/install/ocs2_thirdparty/include//cppad/cg/Version.txt
[0.613s] -- Symlinking: /home/zxs/ocs2_ros2_legubiao/ws/install/ocs2_thirdparty/include//cppad/cg/abstract_atomic_fun.hpp
[0.616s] -- Symlinking: /home/zxs/ocs2_ros2_legubiao/ws/install/ocs2_thirdparty/include//cppad/cg/argument.hpp
[0.620s] -- Symlinking: /home/zxs/ocs2_ros2_legubiao/ws/install/ocs2_thirdparty/include//cppad/cg/arithmetic.hpp
[0.623s] -- Symlinking: /home/zxs/ocs2_ros2_legubiao/ws/install/ocs2_thirdparty/include//cppad/cg/arithmetic_ad.hpp
[0.627s] -- Symlinking: /home/zxs/ocs2_ros2_legubiao/ws/install/ocs2_thirdparty/include//cppad/cg/arithmetic_assign.hpp
[0.632s] -- Symlinking: /home/zxs/ocs2_ros2_legubiao/ws/install/ocs2_thirdparty/include//cppad/cg/array_id_compresser.hpp
[0.636s] -- Symlinking: /home/zxs/ocs2_ros2_legubiao/ws/install/ocs2_thirdparty/include//cppad/cg/array_view.hpp
[0.639s] -- Symlinking: /home/zxs/ocs2_ros2_legubiao/ws/install/ocs2_thirdparty/include//cppad/cg/atomic_dependency_locator.hpp
[0.644s] -- Symlinking: /home/zxs/ocs2_ros2_legubiao/ws/install/ocs2_thirdparty/include//cppad/cg/atomic_fun.hpp
[0.649s] -- Symlinking: /home/zxs/ocs2_ros2_legubiao/ws/install/ocs2_thirdparty/include//cppad/cg/atomic_fun_bridge.hpp
[0.654s] -- Symlinking: /home/zxs/ocs2_ros2_legubiao/ws/install/ocs2_thirdparty/include//cppad/cg/base_abstract_atomic_fun.hpp
[0.659s] -- Symlinking: /home/zxs/ocs2_ros2_legubiao/ws/install/ocs2_thirdparty/include//cppad/cg/base_double.hpp
[0.663s] -- Symlinking: /home/zxs/ocs2_ros2_legubiao/ws/install/ocs2_thirdparty/include//cppad/cg/base_float.hpp
[0.667s] -- Symlinking: /home/zxs/ocs2_ros2_legubiao/ws/install/ocs2_thirdparty/include//cppad/cg/bidir_graph.hpp
[0.671s] -- Symlinking: /home/zxs/ocs2_ros2_legubiao/ws/install/ocs2_thirdparty/include//cppad/cg/cg.hpp
[0.676s] -- Symlinking: /home/zxs/ocs2_ros2_legubiao/ws/install/ocs2_thirdparty/include//cppad/cg/code_handler.hpp
[0.680s] -- Symlinking: /home/zxs/ocs2_ros2_legubiao/ws/install/ocs2_thirdparty/include//cppad/cg/code_handler_impl.hpp
[0.684s] -- Symlinking: /home/zxs/ocs2_ros2_legubiao/ws/install/ocs2_thirdparty/include//cppad/cg/code_handler_loops.hpp
[0.687s] -- Symlinking: /home/zxs/ocs2_ros2_legubiao/ws/install/ocs2_thirdparty/include//cppad/cg/code_handler_vector.hpp
[0.691s] -- Symlinking: /home/zxs/ocs2_ros2_legubiao/ws/install/ocs2_thirdparty/include//cppad/cg/collect_variable.hpp
[0.696s] -- Symlinking: /home/zxs/ocs2_ros2_legubiao/ws/install/ocs2_thirdparty/include//cppad/cg/compare.hpp
[0.701s] -- Symlinking: /home/zxs/ocs2_ros2_legubiao/ws/install/ocs2_thirdparty/include//cppad/cg/cond_exp_op.hpp
[0.705s] -- Symlinking: /home/zxs/ocs2_ros2_legubiao/ws/install/ocs2_thirdparty/include//cppad/cg/cppadcg.hpp
[0.710s] -- Symlinking: /home/zxs/ocs2_ros2_legubiao/ws/install/ocs2_thirdparty/include//cppad/cg/cppadcg_assert.hpp
[0.715s] -- Symlinking: /home/zxs/ocs2_ros2_legubiao/ws/install/ocs2_thirdparty/include//cppad/cg/custom_position.hpp
[0.719s] -- Symlinking: /home/zxs/ocs2_ros2_legubiao/ws/install/ocs2_thirdparty/include//cppad/cg/dae_index_reduction/augment_path.hpp
[0.723s] -- Symlinking: /home/zxs/ocs2_ros2_legubiao/ws/install/ocs2_thirdparty/include//cppad/cg/dae_index_reduction/augment_path_depth_lookahead.hpp
[0.726s] -- Symlinking: /home/zxs/ocs2_ros2_legubiao/ws/install/ocs2_thirdparty/include//cppad/cg/dae_index_reduction/augment_path_depth_lookahead_a.hpp
[0.730s] -- Symlinking: /home/zxs/ocs2_ros2_legubiao/ws/install/ocs2_thirdparty/include//cppad/cg/dae_index_reduction/bipartite_graph.hpp
[0.734s] -- Symlinking: /home/zxs/ocs2_ros2_legubiao/ws/install/ocs2_thirdparty/include//cppad/cg/dae_index_reduction/bipartite_nodes.hpp
[0.739s] -- Symlinking: /home/zxs/ocs2_ros2_legubiao/ws/install/ocs2_thirdparty/include//cppad/cg/dae_index_reduction/dae_equation_info.hpp
[0.742s] -- Symlinking: /home/zxs/ocs2_ros2_legubiao/ws/install/ocs2_thirdparty/include//cppad/cg/dae_index_reduction/dae_index_reduction.hpp
[0.746s] -- Symlinking: /home/zxs/ocs2_ros2_legubiao/ws/install/ocs2_thirdparty/include//cppad/cg/dae_index_reduction/dae_structural_index_reduction.hpp
[0.749s] -- Symlinking: /home/zxs/ocs2_ros2_legubiao/ws/install/ocs2_thirdparty/include//cppad/cg/dae_index_reduction/dae_var_info.hpp
[0.753s] -- Symlinking: /home/zxs/ocs2_ros2_legubiao/ws/install/ocs2_thirdparty/include//cppad/cg/dae_index_reduction/dummy_deriv.hpp
[0.757s] -- Symlinking: /home/zxs/ocs2_ros2_legubiao/ws/install/ocs2_thirdparty/include//cppad/cg/dae_index_reduction/dummy_deriv_util.hpp
[0.762s] -- Symlinking: /home/zxs/ocs2_ros2_legubiao/ws/install/ocs2_thirdparty/include//cppad/cg/dae_index_reduction/pantelides.hpp
[0.766s] -- Symlinking: /home/zxs/ocs2_ros2_legubiao/ws/install/ocs2_thirdparty/include//cppad/cg/dae_index_reduction/simple_logger.hpp
[0.770s] -- Symlinking: /home/zxs/ocs2_ros2_legubiao/ws/install/ocs2_thirdparty/include//cppad/cg/dae_index_reduction/soares_secchi.hpp
[0.775s] -- Symlinking: /home/zxs/ocs2_ros2_legubiao/ws/install/ocs2_thirdparty/include//cppad/cg/dae_index_reduction/time_diff.hpp
[0.778s] -- Symlinking: /home/zxs/ocs2_ros2_legubiao/ws/install/ocs2_thirdparty/include//cppad/cg/debug.hpp
[0.783s] -- Symlinking: /home/zxs/ocs2_ros2_legubiao/ws/install/ocs2_thirdparty/include//cppad/cg/declare_cg.hpp
[0.788s] -- Symlinking: /home/zxs/ocs2_ros2_legubiao/ws/install/ocs2_thirdparty/include//cppad/cg/declare_cg_loops.hpp
[0.791s] -- Symlinking: /home/zxs/ocs2_ros2_legubiao/ws/install/ocs2_thirdparty/include//cppad/cg/default.hpp
[0.795s] -- Symlinking: /home/zxs/ocs2_ros2_legubiao/ws/install/ocs2_thirdparty/include//cppad/cg/epl-v10.txt
[0.800s] -- Symlinking: /home/zxs/ocs2_ros2_legubiao/ws/install/ocs2_thirdparty/include//cppad/cg/evaluator/evaluator.hpp
[0.804s] -- Symlinking: /home/zxs/ocs2_ros2_legubiao/ws/install/ocs2_thirdparty/include//cppad/cg/evaluator/evaluator_ad.hpp
[0.809s] -- Symlinking: /home/zxs/ocs2_ros2_legubiao/ws/install/ocs2_thirdparty/include//cppad/cg/evaluator/evaluator_adcg.hpp
[0.814s] -- Symlinking: /home/zxs/ocs2_ros2_legubiao/ws/install/ocs2_thirdparty/include//cppad/cg/evaluator/evaluator_adolc.hpp
[0.818s] -- Symlinking: /home/zxs/ocs2_ros2_legubiao/ws/install/ocs2_thirdparty/include//cppad/cg/evaluator/evaluator_cg.hpp
[0.821s] -- Symlinking: /home/zxs/ocs2_ros2_legubiao/ws/install/ocs2_thirdparty/include//cppad/cg/evaluator/evaluator_solve.hpp
[0.825s] -- Symlinking: /home/zxs/ocs2_ros2_legubiao/ws/install/ocs2_thirdparty/include//cppad/cg/exception.hpp
[0.829s] -- Symlinking: /home/zxs/ocs2_ros2_legubiao/ws/install/ocs2_thirdparty/include//cppad/cg/extra/declare_extra.hpp
[0.832s] -- Symlinking: /home/zxs/ocs2_ros2_legubiao/ws/install/ocs2_thirdparty/include//cppad/cg/extra/extra.hpp
[0.836s] -- Symlinking: /home/zxs/ocs2_ros2_legubiao/ws/install/ocs2_thirdparty/include//cppad/cg/extra/sparse_forjac_hessian.hpp
[0.841s] -- Symlinking: /home/zxs/ocs2_ros2_legubiao/ws/install/ocs2_thirdparty/include//cppad/cg/extra/sparsity.hpp
[0.845s] -- Symlinking: /home/zxs/ocs2_ros2_legubiao/ws/install/ocs2_thirdparty/include//cppad/cg/gpl3.txt
[0.848s] -- Symlinking: /home/zxs/ocs2_ros2_legubiao/ws/install/ocs2_thirdparty/include//cppad/cg/graph_mod.hpp
[0.853s] -- Symlinking: /home/zxs/ocs2_ros2_legubiao/ws/install/ocs2_thirdparty/include//cppad/cg/identical.hpp
[0.856s] -- Symlinking: /home/zxs/ocs2_ros2_legubiao/ws/install/ocs2_thirdparty/include//cppad/cg/job_timer.hpp
[0.860s] -- Symlinking: /home/zxs/ocs2_ros2_legubiao/ws/install/ocs2_thirdparty/include//cppad/cg/lang/c/lang_c_atomic_fun.hpp
[0.865s] -- Symlinking: /home/zxs/ocs2_ros2_legubiao/ws/install/ocs2_thirdparty/include//cppad/cg/lang/c/lang_c_custom_var_name_gen.hpp
[0.870s] -- Symlinking: /home/zxs/ocs2_ros2_legubiao/ws/install/ocs2_thirdparty/include//cppad/cg/lang/c/lang_c_default_hessian_var_name_gen.hpp
[0.874s] -- Symlinking: /home/zxs/ocs2_ros2_legubiao/ws/install/ocs2_thirdparty/include//cppad/cg/lang/c/lang_c_default_reverse2_var_name_gen.hpp
[0.879s] -- Symlinking: /home/zxs/ocs2_ros2_legubiao/ws/install/ocs2_thirdparty/include//cppad/cg/lang/c/lang_c_default_var_name_gen.hpp
[0.883s] -- Symlinking: /home/zxs/ocs2_ros2_legubiao/ws/install/ocs2_thirdparty/include//cppad/cg/lang/c/lang_c_util.hpp
[0.888s] -- Symlinking: /home/zxs/ocs2_ros2_legubiao/ws/install/ocs2_thirdparty/include//cppad/cg/lang/c/language_c.hpp
[0.892s] -- Symlinking: /home/zxs/ocs2_ros2_legubiao/ws/install/ocs2_thirdparty/include//cppad/cg/lang/c/language_c_arrays.hpp
[0.897s] -- Symlinking: /home/zxs/ocs2_ros2_legubiao/ws/install/ocs2_thirdparty/include//cppad/cg/lang/c/language_c_double.hpp
[0.901s] -- Symlinking: /home/zxs/ocs2_ros2_legubiao/ws/install/ocs2_thirdparty/include//cppad/cg/lang/c/language_c_float.hpp
[0.905s] -- Symlinking: /home/zxs/ocs2_ros2_legubiao/ws/install/ocs2_thirdparty/include//cppad/cg/lang/c/language_c_index_patterns.hpp
[0.910s] -- Symlinking: /home/zxs/ocs2_ros2_legubiao/ws/install/ocs2_thirdparty/include//cppad/cg/lang/c/language_c_loops.hpp
[0.914s] -- Symlinking: /home/zxs/ocs2_ros2_legubiao/ws/install/ocs2_thirdparty/include//cppad/cg/lang/dot/dot.hpp
[0.918s] -- Symlinking: /home/zxs/ocs2_ros2_legubiao/ws/install/ocs2_thirdparty/include//cppad/cg/lang/dot/dot_util.hpp
[0.921s] -- Symlinking: /home/zxs/ocs2_ros2_legubiao/ws/install/ocs2_thirdparty/include//cppad/cg/lang/dot/language_dot.hpp
[0.924s] -- Symlinking: /home/zxs/ocs2_ros2_legubiao/ws/install/ocs2_thirdparty/include//cppad/cg/lang/dot/language_dot_arrays.hpp
[0.929s] -- Symlinking: /home/zxs/ocs2_ros2_legubiao/ws/install/ocs2_thirdparty/include//cppad/cg/lang/dot/language_dot_index_patterns.hpp
[0.932s] -- Symlinking: /home/zxs/ocs2_ros2_legubiao/ws/install/ocs2_thirdparty/include//cppad/cg/lang/lang_stream_stack.hpp
[0.936s] -- Symlinking: /home/zxs/ocs2_ros2_legubiao/ws/install/ocs2_thirdparty/include//cppad/cg/lang/language.hpp
[0.940s] -- Symlinking: /home/zxs/ocs2_ros2_legubiao/ws/install/ocs2_thirdparty/include//cppad/cg/lang/latex/lang_latex_custom_var_name_gen.hpp
[0.945s] -- Symlinking: /home/zxs/ocs2_ros2_legubiao/ws/install/ocs2_thirdparty/include//cppad/cg/lang/latex/lang_latex_default_var_name_gen.hpp
[0.949s] -- Symlinking: /home/zxs/ocs2_ros2_legubiao/ws/install/ocs2_thirdparty/include//cppad/cg/lang/latex/language_latex.hpp
[0.952s] -- Symlinking: /home/zxs/ocs2_ros2_legubiao/ws/install/ocs2_thirdparty/include//cppad/cg/lang/latex/language_latex_arrays.hpp
[0.957s] -- Symlinking: /home/zxs/ocs2_ros2_legubiao/ws/install/ocs2_thirdparty/include//cppad/cg/lang/latex/language_latex_index_patterns.hpp
[0.961s] -- Symlinking: /home/zxs/ocs2_ros2_legubiao/ws/install/ocs2_thirdparty/include//cppad/cg/lang/latex/latex.hpp
[0.966s] -- Symlinking: /home/zxs/ocs2_ros2_legubiao/ws/install/ocs2_thirdparty/include//cppad/cg/lang/mathml/lang_mathml_custom_var_name_gen.hpp
[0.971s] -- Symlinking: /home/zxs/ocs2_ros2_legubiao/ws/install/ocs2_thirdparty/include//cppad/cg/lang/mathml/lang_mathml_default_var_name_gen.hpp
[0.976s] -- Symlinking: /home/zxs/ocs2_ros2_legubiao/ws/install/ocs2_thirdparty/include//cppad/cg/lang/mathml/language_mathml.hpp
[0.981s] -- Symlinking: /home/zxs/ocs2_ros2_legubiao/ws/install/ocs2_thirdparty/include//cppad/cg/lang/mathml/language_mathml_arrays.hpp
[0.985s] -- Symlinking: /home/zxs/ocs2_ros2_legubiao/ws/install/ocs2_thirdparty/include//cppad/cg/lang/mathml/language_mathml_index_patterns.hpp
[0.990s] -- Symlinking: /home/zxs/ocs2_ros2_legubiao/ws/install/ocs2_thirdparty/include//cppad/cg/lang/mathml/mathml.hpp
[0.993s] -- Symlinking: /home/zxs/ocs2_ros2_legubiao/ws/install/ocs2_thirdparty/include//cppad/cg/math.hpp
[0.998s] -- Symlinking: /home/zxs/ocs2_ros2_legubiao/ws/install/ocs2_thirdparty/include//cppad/cg/math_other.hpp
[1.003s] -- Symlinking: /home/zxs/ocs2_ros2_legubiao/ws/install/ocs2_thirdparty/include//cppad/cg/model/atomic_external_function_wrapper.hpp
[1.006s] -- Symlinking: /home/zxs/ocs2_ros2_legubiao/ws/install/ocs2_thirdparty/include//cppad/cg/model/atomic_generic_model.hpp
[1.012s] -- Symlinking: /home/zxs/ocs2_ros2_legubiao/ws/install/ocs2_thirdparty/include//cppad/cg/model/compiler/abstract_c_compiler.hpp
[1.016s] -- Symlinking: /home/zxs/ocs2_ros2_legubiao/ws/install/ocs2_thirdparty/include//cppad/cg/model/compiler/c_compiler.hpp
[1.021s] -- Symlinking: /home/zxs/ocs2_ros2_legubiao/ws/install/ocs2_thirdparty/include//cppad/cg/model/compiler/clang_compiler.hpp
[1.024s] -- Symlinking: /home/zxs/ocs2_ros2_legubiao/ws/install/ocs2_thirdparty/include//cppad/cg/model/compiler/gcc_compiler.hpp
[1.029s] -- Symlinking: /home/zxs/ocs2_ros2_legubiao/ws/install/ocs2_thirdparty/include//cppad/cg/model/dynamic_lib/ar_archiver.hpp
[1.032s] -- Symlinking: /home/zxs/ocs2_ros2_legubiao/ws/install/ocs2_thirdparty/include//cppad/cg/model/dynamic_lib/archiver.hpp
[1.037s] -- Symlinking: /home/zxs/ocs2_ros2_legubiao/ws/install/ocs2_thirdparty/include//cppad/cg/model/dynamic_lib/dynamic_library_processor.hpp
[1.042s] -- Symlinking: /home/zxs/ocs2_ros2_legubiao/ws/install/ocs2_thirdparty/include//cppad/cg/model/dynamic_lib/dynamiclib.hpp
[1.047s] -- Symlinking: /home/zxs/ocs2_ros2_legubiao/ws/install/ocs2_thirdparty/include//cppad/cg/model/dynamic_lib/linux/linux_dynamic_model_library_processor.hpp
[1.051s] -- Symlinking: /home/zxs/ocs2_ros2_legubiao/ws/install/ocs2_thirdparty/include//cppad/cg/model/dynamic_lib/linux/linux_dynamiclib.hpp
[1.056s] -- Symlinking: /home/zxs/ocs2_ros2_legubiao/ws/install/ocs2_thirdparty/include//cppad/cg/model/dynamic_lib/linux/linux_dynamiclib_model.hpp
[1.061s] -- Symlinking: /home/zxs/ocs2_ros2_legubiao/ws/install/ocs2_thirdparty/include//cppad/cg/model/external_function_wrapper.hpp
[1.064s] -- Symlinking: /home/zxs/ocs2_ros2_legubiao/ws/install/ocs2_thirdparty/include//cppad/cg/model/functor_generic_model.hpp
[1.069s] -- Symlinking: /home/zxs/ocs2_ros2_legubiao/ws/install/ocs2_thirdparty/include//cppad/cg/model/functor_model_library.hpp
[1.074s] -- Symlinking: /home/zxs/ocs2_ros2_legubiao/ws/install/ocs2_thirdparty/include//cppad/cg/model/generic_model.hpp
[1.079s] -- Symlinking: /home/zxs/ocs2_ros2_legubiao/ws/install/ocs2_thirdparty/include//cppad/cg/model/generic_model_external_function_wrapper.hpp
[1.084s] -- Symlinking: /home/zxs/ocs2_ros2_legubiao/ws/install/ocs2_thirdparty/include//cppad/cg/model/llvm/llvm.hpp
[1.088s] -- Symlinking: /home/zxs/ocs2_ros2_legubiao/ws/install/ocs2_thirdparty/include//cppad/cg/model/llvm/llvm_base_model_library_processor.hpp
[1.092s] -- Symlinking: /home/zxs/ocs2_ros2_legubiao/ws/install/ocs2_thirdparty/include//cppad/cg/model/llvm/llvm_model.hpp
[1.097s] -- Symlinking: /home/zxs/ocs2_ros2_legubiao/ws/install/ocs2_thirdparty/include//cppad/cg/model/llvm/llvm_model_library.hpp
[1.101s] -- Symlinking: /home/zxs/ocs2_ros2_legubiao/ws/install/ocs2_thirdparty/include//cppad/cg/model/llvm/v3_2/llvm3_2.hpp
[1.106s] -- Symlinking: /home/zxs/ocs2_ros2_legubiao/ws/install/ocs2_thirdparty/include//cppad/cg/model/llvm/v3_2/llvm_model_library_3_2.hpp
[1.110s] -- Symlinking: /home/zxs/ocs2_ros2_legubiao/ws/install/ocs2_thirdparty/include//cppad/cg/model/llvm/v3_2/llvm_model_library_processor.hpp
[1.115s] -- Symlinking: /home/zxs/ocs2_ros2_legubiao/ws/install/ocs2_thirdparty/include//cppad/cg/model/llvm/v3_4/llvm3_4.hpp
[1.120s] -- Symlinking: /home/zxs/ocs2_ros2_legubiao/ws/install/ocs2_thirdparty/include//cppad/cg/model/llvm/v3_4/llvm_model_library_3_4.hpp
[1.125s] -- Symlinking: /home/zxs/ocs2_ros2_legubiao/ws/install/ocs2_thirdparty/include//cppad/cg/model/llvm/v3_4/llvm_model_library_processor.hpp
[1.130s] -- Symlinking: /home/zxs/ocs2_ros2_legubiao/ws/install/ocs2_thirdparty/include//cppad/cg/model/llvm/v3_6/llvm3_6.hpp
[1.133s] -- Symlinking: /home/zxs/ocs2_ros2_legubiao/ws/install/ocs2_thirdparty/include//cppad/cg/model/llvm/v3_6/llvm_model_library_3_6.hpp
[1.138s] -- Symlinking: /home/zxs/ocs2_ros2_legubiao/ws/install/ocs2_thirdparty/include//cppad/cg/model/llvm/v3_6/llvm_model_library_processor.hpp
[1.143s] -- Symlinking: /home/zxs/ocs2_ros2_legubiao/ws/install/ocs2_thirdparty/include//cppad/cg/model/llvm/v3_8/llvm3_8.hpp
[1.148s] -- Symlinking: /home/zxs/ocs2_ros2_legubiao/ws/install/ocs2_thirdparty/include//cppad/cg/model/llvm/v3_8/llvm_model_library_3_8.hpp
[1.152s] -- Symlinking: /home/zxs/ocs2_ros2_legubiao/ws/install/ocs2_thirdparty/include//cppad/cg/model/llvm/v3_8/llvm_model_library_processor.hpp
[1.156s] -- Symlinking: /home/zxs/ocs2_ros2_legubiao/ws/install/ocs2_thirdparty/include//cppad/cg/model/llvm/v4_0/llvm4_0.hpp
[1.160s] -- Symlinking: /home/zxs/ocs2_ros2_legubiao/ws/install/ocs2_thirdparty/include//cppad/cg/model/llvm/v4_0/llvm_model_library_4_0.hpp
[1.165s] -- Symlinking: /home/zxs/ocs2_ros2_legubiao/ws/install/ocs2_thirdparty/include//cppad/cg/model/llvm/v4_0/llvm_model_library_processor.hpp
[1.170s] -- Symlinking: /home/zxs/ocs2_ros2_legubiao/ws/install/ocs2_thirdparty/include//cppad/cg/model/llvm/v5_0/llvm5_0.hpp
[1.175s] -- Symlinking: /home/zxs/ocs2_ros2_legubiao/ws/install/ocs2_thirdparty/include//cppad/cg/model/llvm/v5_0/llvm_base_model_library_processor_impl.hpp
[1.178s] -- Symlinking: /home/zxs/ocs2_ros2_legubiao/ws/install/ocs2_thirdparty/include//cppad/cg/model/llvm/v5_0/llvm_model_library_impl.hpp
[1.182s] -- Symlinking: /home/zxs/ocs2_ros2_legubiao/ws/install/ocs2_thirdparty/include//cppad/cg/model/llvm/v5_0/llvm_model_library_processor.hpp
[1.187s] -- Symlinking: /home/zxs/ocs2_ros2_legubiao/ws/install/ocs2_thirdparty/include//cppad/cg/model/llvm/v6_0/llvm6_0.hpp
[1.191s] -- Symlinking: /home/zxs/ocs2_ros2_legubiao/ws/install/ocs2_thirdparty/include//cppad/cg/model/llvm/v6_0/llvm_model_library_processor.hpp
[1.195s] -- Symlinking: /home/zxs/ocs2_ros2_legubiao/ws/install/ocs2_thirdparty/include//cppad/cg/model/llvm/v7_0/llvm7_0.hpp
[1.200s] -- Symlinking: /home/zxs/ocs2_ros2_legubiao/ws/install/ocs2_thirdparty/include//cppad/cg/model/llvm/v7_0/llvm_model_library_processor.hpp
[1.204s] -- Symlinking: /home/zxs/ocs2_ros2_legubiao/ws/install/ocs2_thirdparty/include//cppad/cg/model/llvm/v8_0/llvm8_0.hpp
[1.209s] -- Symlinking: /home/zxs/ocs2_ros2_legubiao/ws/install/ocs2_thirdparty/include//cppad/cg/model/llvm/v8_0/llvm_model_library_processor.hpp
[1.212s] -- Symlinking: /home/zxs/ocs2_ros2_legubiao/ws/install/ocs2_thirdparty/include//cppad/cg/model/model_c_source_gen.hpp
[1.217s] -- Symlinking: /home/zxs/ocs2_ros2_legubiao/ws/install/ocs2_thirdparty/include//cppad/cg/model/model_c_source_gen_for0.hpp
[1.222s] -- Symlinking: /home/zxs/ocs2_ros2_legubiao/ws/install/ocs2_thirdparty/include//cppad/cg/model/model_c_source_gen_for1.hpp
[1.226s] -- Symlinking: /home/zxs/ocs2_ros2_legubiao/ws/install/ocs2_thirdparty/include//cppad/cg/model/model_c_source_gen_hes.hpp
[1.230s] -- Symlinking: /home/zxs/ocs2_ros2_legubiao/ws/install/ocs2_thirdparty/include//cppad/cg/model/model_c_source_gen_impl.hpp
[1.235s] -- Symlinking: /home/zxs/ocs2_ros2_legubiao/ws/install/ocs2_thirdparty/include//cppad/cg/model/model_c_source_gen_jac.hpp
[1.239s] -- Symlinking: /home/zxs/ocs2_ros2_legubiao/ws/install/ocs2_thirdparty/include//cppad/cg/model/model_c_source_gen_rev1.hpp
[1.242s] -- Symlinking: /home/zxs/ocs2_ros2_legubiao/ws/install/ocs2_thirdparty/include//cppad/cg/model/model_c_source_gen_rev2.hpp
[1.246s] -- Symlinking: /home/zxs/ocs2_ros2_legubiao/ws/install/ocs2_thirdparty/include//cppad/cg/model/model_library.hpp
[1.251s] -- Symlinking: /home/zxs/ocs2_ros2_legubiao/ws/install/ocs2_thirdparty/include//cppad/cg/model/model_library_c_source_gen.hpp
[1.256s] -- Symlinking: /home/zxs/ocs2_ros2_legubiao/ws/install/ocs2_thirdparty/include//cppad/cg/model/model_library_c_source_gen_impl.hpp
[1.259s] -- Symlinking: /home/zxs/ocs2_ros2_legubiao/ws/install/ocs2_thirdparty/include//cppad/cg/model/model_library_processor.hpp
[1.263s] -- Symlinking: /home/zxs/ocs2_ros2_legubiao/ws/install/ocs2_thirdparty/include//cppad/cg/model/patterns/hessian_with_loops_info.hpp
[1.267s] -- Symlinking: /home/zxs/ocs2_ros2_legubiao/ws/install/ocs2_thirdparty/include//cppad/cg/model/patterns/model_c_source_gen_loops.hpp
[1.271s] -- Symlinking: /home/zxs/ocs2_ros2_legubiao/ws/install/ocs2_thirdparty/include//cppad/cg/model/patterns/model_c_source_gen_loops_for0.hpp
[1.275s] -- Symlinking: /home/zxs/ocs2_ros2_legubiao/ws/install/ocs2_thirdparty/include//cppad/cg/model/patterns/model_c_source_gen_loops_for1.hpp
[1.280s] -- Symlinking: /home/zxs/ocs2_ros2_legubiao/ws/install/ocs2_thirdparty/include//cppad/cg/model/patterns/model_c_source_gen_loops_hess.hpp
[1.285s] -- Symlinking: /home/zxs/ocs2_ros2_legubiao/ws/install/ocs2_thirdparty/include//cppad/cg/model/patterns/model_c_source_gen_loops_hess_r2.hpp
[1.289s] -- Symlinking: /home/zxs/ocs2_ros2_legubiao/ws/install/ocs2_thirdparty/include//cppad/cg/model/patterns/model_c_source_gen_loops_jac.hpp
[1.292s] -- Symlinking: /home/zxs/ocs2_ros2_legubiao/ws/install/ocs2_thirdparty/include//cppad/cg/model/patterns/model_c_source_gen_loops_jac_fr1.hpp
[1.296s] -- Symlinking: /home/zxs/ocs2_ros2_legubiao/ws/install/ocs2_thirdparty/include//cppad/cg/model/patterns/model_c_source_gen_loops_rev1.hpp
[1.299s] -- Symlinking: /home/zxs/ocs2_ros2_legubiao/ws/install/ocs2_thirdparty/include//cppad/cg/model/patterns/model_c_source_gen_loops_rev2.hpp
[1.304s] -- Symlinking: /home/zxs/ocs2_ros2_legubiao/ws/install/ocs2_thirdparty/include//cppad/cg/model/save_files_model_library_processor.hpp
[1.309s] -- Symlinking: /home/zxs/ocs2_ros2_legubiao/ws/install/ocs2_thirdparty/include//cppad/cg/model/system/linux_system.hpp
[1.314s] -- Symlinking: /home/zxs/ocs2_ros2_legubiao/ws/install/ocs2_thirdparty/include//cppad/cg/model/system/system.hpp
[1.319s] -- Symlinking: /home/zxs/ocs2_ros2_legubiao/ws/install/ocs2_thirdparty/include//cppad/cg/model/threadpool/multi_threading_type.hpp
[1.323s] -- Symlinking: /home/zxs/ocs2_ros2_legubiao/ws/install/ocs2_thirdparty/include//cppad/cg/model/threadpool/openmp_c.hpp
[1.327s] -- Symlinking: /home/zxs/ocs2_ros2_legubiao/ws/install/ocs2_thirdparty/include//cppad/cg/model/threadpool/openmp_h.hpp
[1.332s] -- Symlinking: /home/zxs/ocs2_ros2_legubiao/ws/install/ocs2_thirdparty/include//cppad/cg/model/threadpool/pthread_pool_c.hpp
[1.336s] -- Symlinking: /home/zxs/ocs2_ros2_legubiao/ws/install/ocs2_thirdparty/include//cppad/cg/model/threadpool/pthread_pool_h.hpp
[1.341s] -- Symlinking: /home/zxs/ocs2_ros2_legubiao/ws/install/ocs2_thirdparty/include//cppad/cg/model/threadpool/thread_pool_schedule_strategy.hpp
[1.345s] -- Symlinking: /home/zxs/ocs2_ros2_legubiao/ws/install/ocs2_thirdparty/include//cppad/cg/nan.hpp
[1.349s] -- Symlinking: /home/zxs/ocs2_ros2_legubiao/ws/install/ocs2_thirdparty/include//cppad/cg/nodes/index_assign_operation_node.hpp
[1.353s] -- Symlinking: /home/zxs/ocs2_ros2_legubiao/ws/install/ocs2_thirdparty/include//cppad/cg/nodes/index_operation_node.hpp
[1.357s] -- Symlinking: /home/zxs/ocs2_ros2_legubiao/ws/install/ocs2_thirdparty/include//cppad/cg/nodes/loop_end_operation_node.hpp
[1.362s] -- Symlinking: /home/zxs/ocs2_ros2_legubiao/ws/install/ocs2_thirdparty/include//cppad/cg/nodes/loop_start_operation_node.hpp
[1.366s] -- Symlinking: /home/zxs/ocs2_ros2_legubiao/ws/install/ocs2_thirdparty/include//cppad/cg/nodes/print_operation_node.hpp
[1.369s] -- Symlinking: /home/zxs/ocs2_ros2_legubiao/ws/install/ocs2_thirdparty/include//cppad/cg/operation.hpp
[1.373s] -- Symlinking: /home/zxs/ocs2_ros2_legubiao/ws/install/ocs2_thirdparty/include//cppad/cg/operation_node.hpp
[1.377s] -- Symlinking: /home/zxs/ocs2_ros2_legubiao/ws/install/ocs2_thirdparty/include//cppad/cg/operation_node_name_streambuf.hpp
[1.381s] -- Symlinking: /home/zxs/ocs2_ros2_legubiao/ws/install/ocs2_thirdparty/include//cppad/cg/operation_path.hpp
[1.386s] -- Symlinking: /home/zxs/ocs2_ros2_legubiao/ws/install/ocs2_thirdparty/include//cppad/cg/operation_path_node.hpp
[1.390s] -- Symlinking: /home/zxs/ocs2_ros2_legubiao/ws/install/ocs2_thirdparty/include//cppad/cg/operation_stack.hpp
[1.395s] -- Symlinking: /home/zxs/ocs2_ros2_legubiao/ws/install/ocs2_thirdparty/include//cppad/cg/ordered.hpp
[1.398s] -- Symlinking: /home/zxs/ocs2_ros2_legubiao/ws/install/ocs2_thirdparty/include//cppad/cg/ostream_config_restore.hpp
[1.402s] -- Symlinking: /home/zxs/ocs2_ros2_legubiao/ws/install/ocs2_thirdparty/include//cppad/cg/patterns/dependent_pattern_matcher.hpp
[1.406s] -- Symlinking: /home/zxs/ocs2_ros2_legubiao/ws/install/ocs2_thirdparty/include//cppad/cg/patterns/equation_group.hpp
[1.410s] -- Symlinking: /home/zxs/ocs2_ros2_legubiao/ws/install/ocs2_thirdparty/include//cppad/cg/patterns/equation_pattern.hpp
[1.414s] -- Symlinking: /home/zxs/ocs2_ros2_legubiao/ws/install/ocs2_thirdparty/include//cppad/cg/patterns/independent_node_sorter.hpp
[1.419s] -- Symlinking: /home/zxs/ocs2_ros2_legubiao/ws/install/ocs2_thirdparty/include//cppad/cg/patterns/index/index_pattern.hpp
[1.424s] -- Symlinking: /home/zxs/ocs2_ros2_legubiao/ws/install/ocs2_thirdparty/include//cppad/cg/patterns/index/index_pattern_impl.hpp
[1.429s] -- Symlinking: /home/zxs/ocs2_ros2_legubiao/ws/install/ocs2_thirdparty/include//cppad/cg/patterns/index/linear_index_pattern.hpp
[1.434s] -- Symlinking: /home/zxs/ocs2_ros2_legubiao/ws/install/ocs2_thirdparty/include//cppad/cg/patterns/index/plane_2d_index_pattern.hpp
[1.437s] -- Symlinking: /home/zxs/ocs2_ros2_legubiao/ws/install/ocs2_thirdparty/include//cppad/cg/patterns/index/random_1d_index_pattern.hpp
[1.441s] -- Symlinking: /home/zxs/ocs2_ros2_legubiao/ws/install/ocs2_thirdparty/include//cppad/cg/patterns/index/random_2d_index_pattern.hpp
[1.446s] -- Symlinking: /home/zxs/ocs2_ros2_legubiao/ws/install/ocs2_thirdparty/include//cppad/cg/patterns/index/random_index_pattern.hpp
[1.449s] -- Symlinking: /home/zxs/ocs2_ros2_legubiao/ws/install/ocs2_thirdparty/include//cppad/cg/patterns/index/sectioned_index_pattern.hpp
[1.453s] -- Symlinking: /home/zxs/ocs2_ros2_legubiao/ws/install/ocs2_thirdparty/include//cppad/cg/patterns/iter_equation_group.hpp
[1.457s] -- Symlinking: /home/zxs/ocs2_ros2_legubiao/ws/install/ocs2_thirdparty/include//cppad/cg/patterns/loop.hpp
[1.460s] -- Symlinking: /home/zxs/ocs2_ros2_legubiao/ws/install/ocs2_thirdparty/include//cppad/cg/patterns/loop_free_model.hpp
[1.464s] -- Symlinking: /home/zxs/ocs2_ros2_legubiao/ws/install/ocs2_thirdparty/include//cppad/cg/patterns/loop_model.hpp
[1.468s] -- Symlinking: /home/zxs/ocs2_ros2_legubiao/ws/install/ocs2_thirdparty/include//cppad/cg/patterns/loop_position.hpp
[1.472s] -- Symlinking: /home/zxs/ocs2_ros2_legubiao/ws/install/ocs2_thirdparty/include//cppad/cg/range.hpp
[1.476s] -- Symlinking: /home/zxs/ocs2_ros2_legubiao/ws/install/ocs2_thirdparty/include//cppad/cg/scope_path_element.hpp
[1.481s] -- Symlinking: /home/zxs/ocs2_ros2_legubiao/ws/install/ocs2_thirdparty/include//cppad/cg/smart_containers.hpp
[1.485s] -- Symlinking: /home/zxs/ocs2_ros2_legubiao/ws/install/ocs2_thirdparty/include//cppad/cg/solver.hpp
[1.488s] -- Symlinking: /home/zxs/ocs2_ros2_legubiao/ws/install/ocs2_thirdparty/include//cppad/cg/support/cppadcg_eigen.hpp
[1.492s] -- Symlinking: /home/zxs/ocs2_ros2_legubiao/ws/install/ocs2_thirdparty/include//cppad/cg/unary.hpp
[1.496s] -- Symlinking: /home/zxs/ocs2_ros2_legubiao/ws/install/ocs2_thirdparty/include//cppad/cg/util.hpp
[1.500s] -- Symlinking: /home/zxs/ocs2_ros2_legubiao/ws/install/ocs2_thirdparty/include//cppad/cg/variable.hpp
[1.503s] -- Symlinking: /home/zxs/ocs2_ros2_legubiao/ws/install/ocs2_thirdparty/include//cppad/cg/variable_name_generator.hpp
[1.509s] -- Symlinking: /home/zxs/ocs2_ros2_legubiao/ws/install/ocs2_thirdparty/include//cppad/configure.hpp
[1.513s] -- Symlinking: /home/zxs/ocs2_ros2_legubiao/ws/install/ocs2_thirdparty/include//cppad/core/abort_recording.hpp
[1.517s] -- Symlinking: /home/zxs/ocs2_ros2_legubiao/ws/install/ocs2_thirdparty/include//cppad/core/abs.hpp
[1.522s] -- Symlinking: /home/zxs/ocs2_ros2_legubiao/ws/install/ocs2_thirdparty/include//cppad/core/abs_normal_fun.hpp
[1.527s] -- Symlinking: /home/zxs/ocs2_ros2_legubiao/ws/install/ocs2_thirdparty/include//cppad/core/acosh.hpp
[1.532s] -- Symlinking: /home/zxs/ocs2_ros2_legubiao/ws/install/ocs2_thirdparty/include//cppad/core/ad.hpp
[1.537s] -- Symlinking: /home/zxs/ocs2_ros2_legubiao/ws/install/ocs2_thirdparty/include//cppad/core/ad_assign.hpp
[1.542s] -- Symlinking: /home/zxs/ocs2_ros2_legubiao/ws/install/ocs2_thirdparty/include//cppad/core/ad_binary.hpp
[1.547s] -- Symlinking: /home/zxs/ocs2_ros2_legubiao/ws/install/ocs2_thirdparty/include//cppad/core/ad_ctor.hpp
[1.552s] -- Symlinking: /home/zxs/ocs2_ros2_legubiao/ws/install/ocs2_thirdparty/include//cppad/core/ad_fun.hpp
[1.556s] -- Symlinking: /home/zxs/ocs2_ros2_legubiao/ws/install/ocs2_thirdparty/include//cppad/core/ad_io.hpp
[1.559s] -- Symlinking: /home/zxs/ocs2_ros2_legubiao/ws/install/ocs2_thirdparty/include//cppad/core/ad_to_string.hpp
[1.564s] -- Symlinking: /home/zxs/ocs2_ros2_legubiao/ws/install/ocs2_thirdparty/include//cppad/core/ad_type.hpp
[1.568s] -- Symlinking: /home/zxs/ocs2_ros2_legubiao/ws/install/ocs2_thirdparty/include//cppad/core/ad_valued.hpp
[1.573s] -- Symlinking: /home/zxs/ocs2_ros2_legubiao/ws/install/ocs2_thirdparty/include//cppad/core/add.hpp
[1.577s] -- Symlinking: /home/zxs/ocs2_ros2_legubiao/ws/install/ocs2_thirdparty/include//cppad/core/add_eq.hpp
[1.581s] -- Symlinking: /home/zxs/ocs2_ros2_legubiao/ws/install/ocs2_thirdparty/include//cppad/core/arithmetic.hpp
[1.585s] -- Symlinking: /home/zxs/ocs2_ros2_legubiao/ws/install/ocs2_thirdparty/include//cppad/core/asinh.hpp
[1.588s] -- Symlinking: /home/zxs/ocs2_ros2_legubiao/ws/install/ocs2_thirdparty/include//cppad/core/atan2.hpp
[1.592s] -- Symlinking: /home/zxs/ocs2_ros2_legubiao/ws/install/ocs2_thirdparty/include//cppad/core/atanh.hpp
[1.596s] -- Symlinking: /home/zxs/ocs2_ros2_legubiao/ws/install/ocs2_thirdparty/include//cppad/core/atomic/atomic_one.hpp
[1.600s] -- Symlinking: /home/zxs/ocs2_ros2_legubiao/ws/install/ocs2_thirdparty/include//cppad/core/atomic/atomic_three.hpp
[1.604s] -- Symlinking: /home/zxs/ocs2_ros2_legubiao/ws/install/ocs2_thirdparty/include//cppad/core/atomic/atomic_two.hpp
[1.608s] -- Symlinking: /home/zxs/ocs2_ros2_legubiao/ws/install/ocs2_thirdparty/include//cppad/core/atomic/three_afun.hpp
[1.612s] -- Symlinking: /home/zxs/ocs2_ros2_legubiao/ws/install/ocs2_thirdparty/include//cppad/core/atomic/three_ctor.hpp
[1.616s] -- Symlinking: /home/zxs/ocs2_ros2_legubiao/ws/install/ocs2_thirdparty/include//cppad/core/atomic/three_for_type.hpp
[1.621s] -- Symlinking: /home/zxs/ocs2_ros2_legubiao/ws/install/ocs2_thirdparty/include//cppad/core/atomic/three_forward.hpp
[1.626s] -- Symlinking: /home/zxs/ocs2_ros2_legubiao/ws/install/ocs2_thirdparty/include//cppad/core/atomic/three_hes_sparsity.hpp
[1.632s] -- Symlinking: /home/zxs/ocs2_ros2_legubiao/ws/install/ocs2_thirdparty/include//cppad/core/atomic/three_jac_sparsity.hpp
[1.636s] -- Symlinking: /home/zxs/ocs2_ros2_legubiao/ws/install/ocs2_thirdparty/include//cppad/core/atomic/three_rev_depend.hpp
[1.643s] -- Symlinking: /home/zxs/ocs2_ros2_legubiao/ws/install/ocs2_thirdparty/include//cppad/core/atomic/three_reverse.hpp
[1.646s] -- Symlinking: /home/zxs/ocs2_ros2_legubiao/ws/install/ocs2_thirdparty/include//cppad/core/atomic/two_afun.hpp
[1.651s] -- Symlinking: /home/zxs/ocs2_ros2_legubiao/ws/install/ocs2_thirdparty/include//cppad/core/atomic/two_clear.hpp
[1.656s] -- Symlinking: /home/zxs/ocs2_ros2_legubiao/ws/install/ocs2_thirdparty/include//cppad/core/atomic/two_ctor.hpp
[1.660s] -- Symlinking: /home/zxs/ocs2_ros2_legubiao/ws/install/ocs2_thirdparty/include//cppad/core/atomic/two_for_sparse_hes.hpp
[1.665s] -- Symlinking: /home/zxs/ocs2_ros2_legubiao/ws/install/ocs2_thirdparty/include//cppad/core/atomic/two_for_sparse_jac.hpp
[1.670s] -- Symlinking: /home/zxs/ocs2_ros2_legubiao/ws/install/ocs2_thirdparty/include//cppad/core/atomic/two_forward.hpp
[1.675s] -- Symlinking: /home/zxs/ocs2_ros2_legubiao/ws/install/ocs2_thirdparty/include//cppad/core/atomic/two_option.hpp
[1.680s] -- Symlinking: /home/zxs/ocs2_ros2_legubiao/ws/install/ocs2_thirdparty/include//cppad/core/atomic/two_rev_depend.hpp
[1.685s] -- Symlinking: /home/zxs/ocs2_ros2_legubiao/ws/install/ocs2_thirdparty/include//cppad/core/atomic/two_rev_sparse_hes.hpp
[1.688s] -- Symlinking: /home/zxs/ocs2_ros2_legubiao/ws/install/ocs2_thirdparty/include//cppad/core/atomic/two_rev_sparse_jac.hpp
[1.693s] -- Symlinking: /home/zxs/ocs2_ros2_legubiao/ws/install/ocs2_thirdparty/include//cppad/core/atomic/two_reverse.hpp
[1.698s] -- Symlinking: /home/zxs/ocs2_ros2_legubiao/ws/install/ocs2_thirdparty/include//cppad/core/azmul.hpp
[1.703s] -- Symlinking: /home/zxs/ocs2_ros2_legubiao/ws/install/ocs2_thirdparty/include//cppad/core/base2ad.hpp
[1.708s] -- Symlinking: /home/zxs/ocs2_ros2_legubiao/ws/install/ocs2_thirdparty/include//cppad/core/base_complex.hpp
[1.712s] -- Symlinking: /home/zxs/ocs2_ros2_legubiao/ws/install/ocs2_thirdparty/include//cppad/core/base_cond_exp.hpp
[1.716s] -- Symlinking: /home/zxs/ocs2_ros2_legubiao/ws/install/ocs2_thirdparty/include//cppad/core/base_double.hpp
[1.720s] -- Symlinking: /home/zxs/ocs2_ros2_legubiao/ws/install/ocs2_thirdparty/include//cppad/core/base_float.hpp
[1.726s] -- Symlinking: /home/zxs/ocs2_ros2_legubiao/ws/install/ocs2_thirdparty/include//cppad/core/base_hash.hpp
[1.731s] -- Symlinking: /home/zxs/ocs2_ros2_legubiao/ws/install/ocs2_thirdparty/include//cppad/core/base_limits.hpp
[1.735s] -- Symlinking: /home/zxs/ocs2_ros2_legubiao/ws/install/ocs2_thirdparty/include//cppad/core/base_std_math.hpp
[1.740s] -- Symlinking: /home/zxs/ocs2_ros2_legubiao/ws/install/ocs2_thirdparty/include//cppad/core/base_to_string.hpp
[1.744s] -- Symlinking: /home/zxs/ocs2_ros2_legubiao/ws/install/ocs2_thirdparty/include//cppad/core/bender_quad.hpp
[1.747s] -- Symlinking: /home/zxs/ocs2_ros2_legubiao/ws/install/ocs2_thirdparty/include//cppad/core/bool_fun.hpp
[1.751s] -- Symlinking: /home/zxs/ocs2_ros2_legubiao/ws/install/ocs2_thirdparty/include//cppad/core/bool_valued.hpp
[1.756s] -- Symlinking: /home/zxs/ocs2_ros2_legubiao/ws/install/ocs2_thirdparty/include//cppad/core/capacity_order.hpp
[1.759s] -- Symlinking: /home/zxs/ocs2_ros2_legubiao/ws/install/ocs2_thirdparty/include//cppad/core/check_for_nan.hpp
[1.763s] -- Symlinking: /home/zxs/ocs2_ros2_legubiao/ws/install/ocs2_thirdparty/include//cppad/core/chkpoint_one/chkpoint_one.hpp
[1.768s] -- Symlinking: /home/zxs/ocs2_ros2_legubiao/ws/install/ocs2_thirdparty/include//cppad/core/chkpoint_one/ctor.hpp
[1.772s] -- Symlinking: /home/zxs/ocs2_ros2_legubiao/ws/install/ocs2_thirdparty/include//cppad/core/chkpoint_one/for_sparse_jac.hpp
[1.777s] -- Symlinking: /home/zxs/ocs2_ros2_legubiao/ws/install/ocs2_thirdparty/include//cppad/core/chkpoint_one/forward.hpp
[1.782s] -- Symlinking: /home/zxs/ocs2_ros2_legubiao/ws/install/ocs2_thirdparty/include//cppad/core/chkpoint_one/rev_sparse_hes.hpp
[1.786s] -- Symlinking: /home/zxs/ocs2_ros2_legubiao/ws/install/ocs2_thirdparty/include//cppad/core/chkpoint_one/rev_sparse_jac.hpp
[1.791s] -- Symlinking: /home/zxs/ocs2_ros2_legubiao/ws/install/ocs2_thirdparty/include//cppad/core/chkpoint_one/reverse.hpp
[1.796s] -- Symlinking: /home/zxs/ocs2_ros2_legubiao/ws/install/ocs2_thirdparty/include//cppad/core/chkpoint_one/set_hes_sparse_bool.hpp
[1.800s] -- Symlinking: /home/zxs/ocs2_ros2_legubiao/ws/install/ocs2_thirdparty/include//cppad/core/chkpoint_one/set_hes_sparse_set.hpp
[1.805s] -- Symlinking: /home/zxs/ocs2_ros2_legubiao/ws/install/ocs2_thirdparty/include//cppad/core/chkpoint_one/set_jac_sparse_bool.hpp
[1.810s] -- Symlinking: /home/zxs/ocs2_ros2_legubiao/ws/install/ocs2_thirdparty/include//cppad/core/chkpoint_one/set_jac_sparse_set.hpp
[1.815s] -- Symlinking: /home/zxs/ocs2_ros2_legubiao/ws/install/ocs2_thirdparty/include//cppad/core/chkpoint_two/chkpoint_two.hpp
[1.820s] -- Symlinking: /home/zxs/ocs2_ros2_legubiao/ws/install/ocs2_thirdparty/include//cppad/core/chkpoint_two/ctor.hpp
[1.824s] -- Symlinking: /home/zxs/ocs2_ros2_legubiao/ws/install/ocs2_thirdparty/include//cppad/core/chkpoint_two/dynamic.hpp
[1.828s] -- Symlinking: /home/zxs/ocs2_ros2_legubiao/ws/install/ocs2_thirdparty/include//cppad/core/chkpoint_two/for_type.hpp
[1.833s] -- Symlinking: /home/zxs/ocs2_ros2_legubiao/ws/install/ocs2_thirdparty/include//cppad/core/chkpoint_two/forward.hpp
[1.838s] -- Symlinking: /home/zxs/ocs2_ros2_legubiao/ws/install/ocs2_thirdparty/include//cppad/core/chkpoint_two/hes_sparsity.hpp
[1.841s] -- Symlinking: /home/zxs/ocs2_ros2_legubiao/ws/install/ocs2_thirdparty/include//cppad/core/chkpoint_two/jac_sparsity.hpp
[1.846s] -- Symlinking: /home/zxs/ocs2_ros2_legubiao/ws/install/ocs2_thirdparty/include//cppad/core/chkpoint_two/rev_depend.hpp
[1.851s] -- Symlinking: /home/zxs/ocs2_ros2_legubiao/ws/install/ocs2_thirdparty/include//cppad/core/chkpoint_two/reverse.hpp
[1.855s] -- Symlinking: /home/zxs/ocs2_ros2_legubiao/ws/install/ocs2_thirdparty/include//cppad/core/compare.hpp
[1.859s] -- Symlinking: /home/zxs/ocs2_ros2_legubiao/ws/install/ocs2_thirdparty/include//cppad/core/compound_assign.hpp
[1.865s] -- Symlinking: /home/zxs/ocs2_ros2_legubiao/ws/install/ocs2_thirdparty/include//cppad/core/con_dyn_var.hpp
[1.870s] -- Symlinking: /home/zxs/ocs2_ros2_legubiao/ws/install/ocs2_thirdparty/include//cppad/core/cond_exp.hpp
[1.875s] -- Symlinking: /home/zxs/ocs2_ros2_legubiao/ws/install/ocs2_thirdparty/include//cppad/core/convert.hpp
[1.880s] -- Symlinking: /home/zxs/ocs2_ros2_legubiao/ws/install/ocs2_thirdparty/include//cppad/core/cppad_assert.hpp
[1.884s] -- Symlinking: /home/zxs/ocs2_ros2_legubiao/ws/install/ocs2_thirdparty/include//cppad/core/dependent.hpp
[1.889s] -- Symlinking: /home/zxs/ocs2_ros2_legubiao/ws/install/ocs2_thirdparty/include//cppad/core/discrete.hpp
[1.894s] -- Symlinking: /home/zxs/ocs2_ros2_legubiao/ws/install/ocs2_thirdparty/include//cppad/core/div.hpp
[1.899s] -- Symlinking: /home/zxs/ocs2_ros2_legubiao/ws/install/ocs2_thirdparty/include//cppad/core/div_eq.hpp
[1.904s] -- Symlinking: /home/zxs/ocs2_ros2_legubiao/ws/install/ocs2_thirdparty/include//cppad/core/drivers.hpp
[1.907s] -- Symlinking: /home/zxs/ocs2_ros2_legubiao/ws/install/ocs2_thirdparty/include//cppad/core/epsilon.hpp
[1.912s] -- Symlinking: /home/zxs/ocs2_ros2_legubiao/ws/install/ocs2_thirdparty/include//cppad/core/equal_op_seq.hpp
[1.916s] -- Symlinking: /home/zxs/ocs2_ros2_legubiao/ws/install/ocs2_thirdparty/include//cppad/core/erf.hpp
[1.921s] -- Symlinking: /home/zxs/ocs2_ros2_legubiao/ws/install/ocs2_thirdparty/include//cppad/core/erfc.hpp
[1.926s] -- Symlinking: /home/zxs/ocs2_ros2_legubiao/ws/install/ocs2_thirdparty/include//cppad/core/expm1.hpp
[1.931s] -- Symlinking: /home/zxs/ocs2_ros2_legubiao/ws/install/ocs2_thirdparty/include//cppad/core/for_hes_sparsity.hpp
[1.936s] -- Symlinking: /home/zxs/ocs2_ros2_legubiao/ws/install/ocs2_thirdparty/include//cppad/core/for_jac_sparsity.hpp
[1.940s] -- Symlinking: /home/zxs/ocs2_ros2_legubiao/ws/install/ocs2_thirdparty/include//cppad/core/for_one.hpp
[1.945s] -- Symlinking: /home/zxs/ocs2_ros2_legubiao/ws/install/ocs2_thirdparty/include//cppad/core/for_sparse_hes.hpp
[1.950s] -- Symlinking: /home/zxs/ocs2_ros2_legubiao/ws/install/ocs2_thirdparty/include//cppad/core/for_sparse_jac.hpp
[1.955s] -- Symlinking: /home/zxs/ocs2_ros2_legubiao/ws/install/ocs2_thirdparty/include//cppad/core/for_two.hpp
[1.960s] -- Symlinking: /home/zxs/ocs2_ros2_legubiao/ws/install/ocs2_thirdparty/include//cppad/core/forward.hpp
[1.966s] -- Symlinking: /home/zxs/ocs2_ros2_legubiao/ws/install/ocs2_thirdparty/include//cppad/core/fun_check.hpp
[1.971s] -- Symlinking: /home/zxs/ocs2_ros2_legubiao/ws/install/ocs2_thirdparty/include//cppad/core/fun_construct.hpp
[1.976s] -- Symlinking: /home/zxs/ocs2_ros2_legubiao/ws/install/ocs2_thirdparty/include//cppad/core/fun_eval.hpp
[1.981s] -- Symlinking: /home/zxs/ocs2_ros2_legubiao/ws/install/ocs2_thirdparty/include//cppad/core/graph/cpp_graph.hpp
[1.985s] -- Symlinking: /home/zxs/ocs2_ros2_legubiao/ws/install/ocs2_thirdparty/include//cppad/core/graph/from_graph.hpp
[1.990s] -- Symlinking: /home/zxs/ocs2_ros2_legubiao/ws/install/ocs2_thirdparty/include//cppad/core/graph/from_json.hpp
[1.997s] -- Symlinking: /home/zxs/ocs2_ros2_legubiao/ws/install/ocs2_thirdparty/include//cppad/core/graph/graph_op_enum.hpp
[2.004s] -- Symlinking: /home/zxs/ocs2_ros2_legubiao/ws/install/ocs2_thirdparty/include//cppad/core/graph/to_graph.hpp
[2.009s] -- Symlinking: /home/zxs/ocs2_ros2_legubiao/ws/install/ocs2_thirdparty/include//cppad/core/graph/to_json.hpp
[2.015s] -- Symlinking: /home/zxs/ocs2_ros2_legubiao/ws/install/ocs2_thirdparty/include//cppad/core/hash_code.hpp
[2.024s] -- Symlinking: /home/zxs/ocs2_ros2_legubiao/ws/install/ocs2_thirdparty/include//cppad/core/hessian.hpp
[2.027s] -- Symlinking: /home/zxs/ocs2_ros2_legubiao/ws/install/ocs2_thirdparty/include//cppad/core/identical.hpp
[2.033s] -- Symlinking: /home/zxs/ocs2_ros2_legubiao/ws/install/ocs2_thirdparty/include//cppad/core/independent.hpp
[2.039s] -- Symlinking: /home/zxs/ocs2_ros2_legubiao/ws/install/ocs2_thirdparty/include//cppad/core/integer.hpp
[2.045s] -- Symlinking: /home/zxs/ocs2_ros2_legubiao/ws/install/ocs2_thirdparty/include//cppad/core/jacobian.hpp
[2.050s] -- Symlinking: /home/zxs/ocs2_ros2_legubiao/ws/install/ocs2_thirdparty/include//cppad/core/log1p.hpp
[2.056s] -- Symlinking: /home/zxs/ocs2_ros2_legubiao/ws/install/ocs2_thirdparty/include//cppad/core/lu_ratio.hpp
[2.062s] -- Symlinking: /home/zxs/ocs2_ros2_legubiao/ws/install/ocs2_thirdparty/include//cppad/core/mul.hpp
[2.068s] -- Symlinking: /home/zxs/ocs2_ros2_legubiao/ws/install/ocs2_thirdparty/include//cppad/core/mul_eq.hpp
[2.073s] -- Symlinking: /home/zxs/ocs2_ros2_legubiao/ws/install/ocs2_thirdparty/include//cppad/core/near_equal_ext.hpp
[2.079s] -- Symlinking: /home/zxs/ocs2_ros2_legubiao/ws/install/ocs2_thirdparty/include//cppad/core/new_dynamic.hpp
[2.088s] -- Symlinking: /home/zxs/ocs2_ros2_legubiao/ws/install/ocs2_thirdparty/include//cppad/core/num_skip.hpp
[2.094s] -- Symlinking: /home/zxs/ocs2_ros2_legubiao/ws/install/ocs2_thirdparty/include//cppad/core/numeric_limits.hpp
[2.099s] -- Symlinking: /home/zxs/ocs2_ros2_legubiao/ws/install/ocs2_thirdparty/include//cppad/core/omp_max_thread.hpp
[2.105s] -- Symlinking: /home/zxs/ocs2_ros2_legubiao/ws/install/ocs2_thirdparty/include//cppad/core/opt_val_hes.hpp
[2.111s] -- Symlinking: /home/zxs/ocs2_ros2_legubiao/ws/install/ocs2_thirdparty/include//cppad/core/optimize.hpp
[2.121s] -- Symlinking: /home/zxs/ocs2_ros2_legubiao/ws/install/ocs2_thirdparty/include//cppad/core/ordered.hpp
[2.123s] -- Symlinking: /home/zxs/ocs2_ros2_legubiao/ws/install/ocs2_thirdparty/include//cppad/core/parallel_ad.hpp
[2.130s] -- Symlinking: /home/zxs/ocs2_ros2_legubiao/ws/install/ocs2_thirdparty/include//cppad/core/pow.hpp
[2.135s] -- Symlinking: /home/zxs/ocs2_ros2_legubiao/ws/install/ocs2_thirdparty/include//cppad/core/print_for.hpp
[2.141s] -- Symlinking: /home/zxs/ocs2_ros2_legubiao/ws/install/ocs2_thirdparty/include//cppad/core/rev_hes_sparsity.hpp
[2.147s] -- Symlinking: /home/zxs/ocs2_ros2_legubiao/ws/install/ocs2_thirdparty/include//cppad/core/rev_jac_sparsity.hpp
[2.154s] -- Symlinking: /home/zxs/ocs2_ros2_legubiao/ws/install/ocs2_thirdparty/include//cppad/core/rev_one.hpp
[2.160s] -- Symlinking: /home/zxs/ocs2_ros2_legubiao/ws/install/ocs2_thirdparty/include//cppad/core/rev_sparse_hes.hpp
[2.167s] -- Symlinking: /home/zxs/ocs2_ros2_legubiao/ws/install/ocs2_thirdparty/include//cppad/core/rev_sparse_jac.hpp
[2.172s] -- Symlinking: /home/zxs/ocs2_ros2_legubiao/ws/install/ocs2_thirdparty/include//cppad/core/rev_two.hpp
[2.178s] -- Symlinking: /home/zxs/ocs2_ros2_legubiao/ws/install/ocs2_thirdparty/include//cppad/core/reverse.hpp
[2.183s] -- Symlinking: /home/zxs/ocs2_ros2_legubiao/ws/install/ocs2_thirdparty/include//cppad/core/sign.hpp
[2.195s] -- Symlinking: /home/zxs/ocs2_ros2_legubiao/ws/install/ocs2_thirdparty/include//cppad/core/sparse.hpp
[2.201s] -- Symlinking: /home/zxs/ocs2_ros2_legubiao/ws/install/ocs2_thirdparty/include//cppad/core/sparse_hes.hpp
[2.207s] -- Symlinking: /home/zxs/ocs2_ros2_legubiao/ws/install/ocs2_thirdparty/include//cppad/core/sparse_hessian.hpp
[2.212s] -- Symlinking: /home/zxs/ocs2_ros2_legubiao/ws/install/ocs2_thirdparty/include//cppad/core/sparse_jac.hpp
[2.217s] -- Symlinking: /home/zxs/ocs2_ros2_legubiao/ws/install/ocs2_thirdparty/include//cppad/core/sparse_jacobian.hpp
[2.224s] -- Symlinking: /home/zxs/ocs2_ros2_legubiao/ws/install/ocs2_thirdparty/include//cppad/core/standard_math.hpp
[2.229s] -- Symlinking: /home/zxs/ocs2_ros2_legubiao/ws/install/ocs2_thirdparty/include//cppad/core/std_math_98.hpp
[2.235s] -- Symlinking: /home/zxs/ocs2_ros2_legubiao/ws/install/ocs2_thirdparty/include//cppad/core/sub.hpp
[2.240s] -- Symlinking: /home/zxs/ocs2_ros2_legubiao/ws/install/ocs2_thirdparty/include//cppad/core/sub_eq.hpp
[2.245s] -- Symlinking: /home/zxs/ocs2_ros2_legubiao/ws/install/ocs2_thirdparty/include//cppad/core/subgraph_jac_rev.hpp
[2.250s] -- Symlinking: /home/zxs/ocs2_ros2_legubiao/ws/install/ocs2_thirdparty/include//cppad/core/subgraph_reverse.hpp
[2.256s] -- Symlinking: /home/zxs/ocs2_ros2_legubiao/ws/install/ocs2_thirdparty/include//cppad/core/subgraph_sparsity.hpp
[2.262s] -- Symlinking: /home/zxs/ocs2_ros2_legubiao/ws/install/ocs2_thirdparty/include//cppad/core/tape_link.hpp
[2.269s] -- Symlinking: /home/zxs/ocs2_ros2_legubiao/ws/install/ocs2_thirdparty/include//cppad/core/test_vector.hpp
[2.277s] -- Symlinking: /home/zxs/ocs2_ros2_legubiao/ws/install/ocs2_thirdparty/include//cppad/core/testvector.hpp
[2.286s] -- Symlinking: /home/zxs/ocs2_ros2_legubiao/ws/install/ocs2_thirdparty/include//cppad/core/unary_minus.hpp
[2.292s] -- Symlinking: /home/zxs/ocs2_ros2_legubiao/ws/install/ocs2_thirdparty/include//cppad/core/unary_plus.hpp
[2.297s] -- Symlinking: /home/zxs/ocs2_ros2_legubiao/ws/install/ocs2_thirdparty/include//cppad/core/undef.hpp
[2.302s] -- Symlinking: /home/zxs/ocs2_ros2_legubiao/ws/install/ocs2_thirdparty/include//cppad/core/user_ad.hpp
[2.310s] -- Symlinking: /home/zxs/ocs2_ros2_legubiao/ws/install/ocs2_thirdparty/include//cppad/core/value.hpp
[2.318s] -- Symlinking: /home/zxs/ocs2_ros2_legubiao/ws/install/ocs2_thirdparty/include//cppad/core/var2par.hpp
[2.328s] -- Symlinking: /home/zxs/ocs2_ros2_legubiao/ws/install/ocs2_thirdparty/include//cppad/core/vec_ad.hpp
[2.335s] -- Symlinking: /home/zxs/ocs2_ros2_legubiao/ws/install/ocs2_thirdparty/include//cppad/core/zdouble.hpp
[2.342s] -- Symlinking: /home/zxs/ocs2_ros2_legubiao/ws/install/ocs2_thirdparty/include//cppad/cppad.hpp
[2.349s] -- Symlinking: /home/zxs/ocs2_ros2_legubiao/ws/install/ocs2_thirdparty/include//cppad/epl-2.0.txt
[2.357s] -- Symlinking: /home/zxs/ocs2_ros2_legubiao/ws/install/ocs2_thirdparty/include//cppad/example/atomic_three/mat_mul.hpp
[2.364s] -- Symlinking: /home/zxs/ocs2_ros2_legubiao/ws/install/ocs2_thirdparty/include//cppad/example/atomic_two/eigen_cholesky.hpp
[2.372s] -- Symlinking: /home/zxs/ocs2_ros2_legubiao/ws/install/ocs2_thirdparty/include//cppad/example/atomic_two/eigen_mat_inv.hpp
[2.378s] -- Symlinking: /home/zxs/ocs2_ros2_legubiao/ws/install/ocs2_thirdparty/include//cppad/example/atomic_two/eigen_mat_mul.hpp
[2.383s] -- Symlinking: /home/zxs/ocs2_ros2_legubiao/ws/install/ocs2_thirdparty/include//cppad/example/base_adolc.hpp
[2.390s] -- Symlinking: /home/zxs/ocs2_ros2_legubiao/ws/install/ocs2_thirdparty/include//cppad/example/cppad_eigen.hpp
[2.398s] -- Symlinking: /home/zxs/ocs2_ros2_legubiao/ws/install/ocs2_thirdparty/include//cppad/example/eigen_cholesky.hpp
[2.402s] -- Symlinking: /home/zxs/ocs2_ros2_legubiao/ws/install/ocs2_thirdparty/include//cppad/example/eigen_mat_inv.hpp
[2.407s] -- Symlinking: /home/zxs/ocs2_ros2_legubiao/ws/install/ocs2_thirdparty/include//cppad/example/eigen_mat_mul.hpp
[2.414s] -- Symlinking: /home/zxs/ocs2_ros2_legubiao/ws/install/ocs2_thirdparty/include//cppad/example/eigen_plugin.hpp
[2.421s] -- Symlinking: /home/zxs/ocs2_ros2_legubiao/ws/install/ocs2_thirdparty/include//cppad/example/mat_mul.hpp
[2.431s] -- Symlinking: /home/zxs/ocs2_ros2_legubiao/ws/install/ocs2_thirdparty/include//cppad/ipopt/solve.hpp
[2.436s] -- Symlinking: /home/zxs/ocs2_ros2_legubiao/ws/install/ocs2_thirdparty/include//cppad/ipopt/solve_callback.hpp
[2.447s] -- Symlinking: /home/zxs/ocs2_ros2_legubiao/ws/install/ocs2_thirdparty/include//cppad/ipopt/solve_result.hpp
[2.449s] -- Symlinking: /home/zxs/ocs2_ros2_legubiao/ws/install/ocs2_thirdparty/include//cppad/local/abs_op.hpp
[2.455s] -- Symlinking: /home/zxs/ocs2_ros2_legubiao/ws/install/ocs2_thirdparty/include//cppad/local/acos_op.hpp
[2.462s] -- Symlinking: /home/zxs/ocs2_ros2_legubiao/ws/install/ocs2_thirdparty/include//cppad/local/acosh_op.hpp
[2.468s] -- Symlinking: /home/zxs/ocs2_ros2_legubiao/ws/install/ocs2_thirdparty/include//cppad/local/ad_tape.hpp
[2.474s] -- Symlinking: /home/zxs/ocs2_ros2_legubiao/ws/install/ocs2_thirdparty/include//cppad/local/add_op.hpp
[2.480s] -- Symlinking: /home/zxs/ocs2_ros2_legubiao/ws/install/ocs2_thirdparty/include//cppad/local/asin_op.hpp
[2.486s] -- Symlinking: /home/zxs/ocs2_ros2_legubiao/ws/install/ocs2_thirdparty/include//cppad/local/asinh_op.hpp
[2.494s] -- Symlinking: /home/zxs/ocs2_ros2_legubiao/ws/install/ocs2_thirdparty/include//cppad/local/atan_op.hpp
[2.502s] -- Symlinking: /home/zxs/ocs2_ros2_legubiao/ws/install/ocs2_thirdparty/include//cppad/local/atanh_op.hpp
[2.508s] -- Symlinking: /home/zxs/ocs2_ros2_legubiao/ws/install/ocs2_thirdparty/include//cppad/local/atom_state.hpp
[2.514s] -- Symlinking: /home/zxs/ocs2_ros2_legubiao/ws/install/ocs2_thirdparty/include//cppad/local/atomic_index.hpp
[2.522s] -- Symlinking: /home/zxs/ocs2_ros2_legubiao/ws/install/ocs2_thirdparty/include//cppad/local/color_general.hpp
[2.530s] -- Symlinking: /home/zxs/ocs2_ros2_legubiao/ws/install/ocs2_thirdparty/include//cppad/local/color_symmetric.hpp
[2.537s] -- Symlinking: /home/zxs/ocs2_ros2_legubiao/ws/install/ocs2_thirdparty/include//cppad/local/comp_op.hpp
[2.545s] -- Symlinking: /home/zxs/ocs2_ros2_legubiao/ws/install/ocs2_thirdparty/include//cppad/local/cond_op.hpp
[2.549s] -- Symlinking: /home/zxs/ocs2_ros2_legubiao/ws/install/ocs2_thirdparty/include//cppad/local/cos_op.hpp
[2.553s] -- Symlinking: /home/zxs/ocs2_ros2_legubiao/ws/install/ocs2_thirdparty/include//cppad/local/cosh_op.hpp
[2.557s] -- Symlinking: /home/zxs/ocs2_ros2_legubiao/ws/install/ocs2_thirdparty/include//cppad/local/cppad_colpack.hpp
[2.561s] -- Symlinking: /home/zxs/ocs2_ros2_legubiao/ws/install/ocs2_thirdparty/include//cppad/local/cskip_op.hpp
[2.565s] -- Symlinking: /home/zxs/ocs2_ros2_legubiao/ws/install/ocs2_thirdparty/include//cppad/local/csum_op.hpp
[2.569s] -- Symlinking: /home/zxs/ocs2_ros2_legubiao/ws/install/ocs2_thirdparty/include//cppad/local/declare_ad.hpp
[2.573s] -- Symlinking: /home/zxs/ocs2_ros2_legubiao/ws/install/ocs2_thirdparty/include//cppad/local/define.hpp
[2.577s] -- Symlinking: /home/zxs/ocs2_ros2_legubiao/ws/install/ocs2_thirdparty/include//cppad/local/discrete_op.hpp
[2.581s] -- Symlinking: /home/zxs/ocs2_ros2_legubiao/ws/install/ocs2_thirdparty/include//cppad/local/div_op.hpp
[2.585s] -- Symlinking: /home/zxs/ocs2_ros2_legubiao/ws/install/ocs2_thirdparty/include//cppad/local/erf_op.hpp
[2.592s] -- Symlinking: /home/zxs/ocs2_ros2_legubiao/ws/install/ocs2_thirdparty/include//cppad/local/exp_op.hpp
[2.598s] -- Symlinking: /home/zxs/ocs2_ros2_legubiao/ws/install/ocs2_thirdparty/include//cppad/local/expm1_op.hpp
[2.604s] -- Symlinking: /home/zxs/ocs2_ros2_legubiao/ws/install/ocs2_thirdparty/include//cppad/local/graph/cpp_graph_itr.hpp
[2.607s] -- Symlinking: /home/zxs/ocs2_ros2_legubiao/ws/install/ocs2_thirdparty/include//cppad/local/graph/cpp_graph_op.hpp
[2.613s] -- Symlinking: /home/zxs/ocs2_ros2_legubiao/ws/install/ocs2_thirdparty/include//cppad/local/graph/json_lexer.hpp
[2.619s] -- Symlinking: /home/zxs/ocs2_ros2_legubiao/ws/install/ocs2_thirdparty/include//cppad/local/graph/json_parser.hpp
[2.624s] -- Symlinking: /home/zxs/ocs2_ros2_legubiao/ws/install/ocs2_thirdparty/include//cppad/local/graph/json_writer.hpp
[2.628s] -- Symlinking: /home/zxs/ocs2_ros2_legubiao/ws/install/ocs2_thirdparty/include//cppad/local/hash_code.hpp
[2.631s] -- Symlinking: /home/zxs/ocs2_ros2_legubiao/ws/install/ocs2_thirdparty/include//cppad/local/independent.hpp
[2.635s] -- Symlinking: /home/zxs/ocs2_ros2_legubiao/ws/install/ocs2_thirdparty/include//cppad/local/is_pod.hpp
[2.639s] -- Symlinking: /home/zxs/ocs2_ros2_legubiao/ws/install/ocs2_thirdparty/include//cppad/local/load_op.hpp
[2.645s] -- Symlinking: /home/zxs/ocs2_ros2_legubiao/ws/install/ocs2_thirdparty/include//cppad/local/log1p_op.hpp
[2.650s] -- Symlinking: /home/zxs/ocs2_ros2_legubiao/ws/install/ocs2_thirdparty/include//cppad/local/log_op.hpp
[2.655s] -- Symlinking: /home/zxs/ocs2_ros2_legubiao/ws/install/ocs2_thirdparty/include//cppad/local/mul_op.hpp
[2.659s] -- Symlinking: /home/zxs/ocs2_ros2_legubiao/ws/install/ocs2_thirdparty/include//cppad/local/op.hpp
[2.664s] -- Symlinking: /home/zxs/ocs2_ros2_legubiao/ws/install/ocs2_thirdparty/include//cppad/local/op_code.hpp
[2.669s] -- Symlinking: /home/zxs/ocs2_ros2_legubiao/ws/install/ocs2_thirdparty/include//cppad/local/op_code_dyn.hpp
[2.674s] -- Symlinking: /home/zxs/ocs2_ros2_legubiao/ws/install/ocs2_thirdparty/include//cppad/local/op_code_var.hpp
[2.679s] -- Symlinking: /home/zxs/ocs2_ros2_legubiao/ws/install/ocs2_thirdparty/include//cppad/local/optimize/cexp_info.hpp
[2.683s] -- Symlinking: /home/zxs/ocs2_ros2_legubiao/ws/install/ocs2_thirdparty/include//cppad/local/optimize/csum_op_info.hpp
[2.687s] -- Symlinking: /home/zxs/ocs2_ros2_legubiao/ws/install/ocs2_thirdparty/include//cppad/local/optimize/csum_stacks.hpp
[2.691s] -- Symlinking: /home/zxs/ocs2_ros2_legubiao/ws/install/ocs2_thirdparty/include//cppad/local/optimize/get_cexp_info.hpp
[2.695s] -- Symlinking: /home/zxs/ocs2_ros2_legubiao/ws/install/ocs2_thirdparty/include//cppad/local/optimize/get_dyn_previous.hpp
[2.700s] -- Symlinking: /home/zxs/ocs2_ros2_legubiao/ws/install/ocs2_thirdparty/include//cppad/local/optimize/get_op_previous.hpp
[2.704s] -- Symlinking: /home/zxs/ocs2_ros2_legubiao/ws/install/ocs2_thirdparty/include//cppad/local/optimize/get_op_usage.hpp
[2.708s] -- Symlinking: /home/zxs/ocs2_ros2_legubiao/ws/install/ocs2_thirdparty/include//cppad/local/optimize/get_par_usage.hpp
[2.712s] -- Symlinking: /home/zxs/ocs2_ros2_legubiao/ws/install/ocs2_thirdparty/include//cppad/local/optimize/hash_code.hpp
[2.716s] -- Symlinking: /home/zxs/ocs2_ros2_legubiao/ws/install/ocs2_thirdparty/include//cppad/local/optimize/match_op.hpp
[2.720s] -- Symlinking: /home/zxs/ocs2_ros2_legubiao/ws/install/ocs2_thirdparty/include//cppad/local/optimize/optimize_run.hpp
[2.723s] -- Symlinking: /home/zxs/ocs2_ros2_legubiao/ws/install/ocs2_thirdparty/include//cppad/local/optimize/record_csum.hpp
[2.727s] -- Symlinking: /home/zxs/ocs2_ros2_legubiao/ws/install/ocs2_thirdparty/include//cppad/local/optimize/record_pv.hpp
[2.732s] -- Symlinking: /home/zxs/ocs2_ros2_legubiao/ws/install/ocs2_thirdparty/include//cppad/local/optimize/record_vp.hpp
[2.736s] -- Symlinking: /home/zxs/ocs2_ros2_legubiao/ws/install/ocs2_thirdparty/include//cppad/local/optimize/record_vv.hpp
[2.740s] -- Symlinking: /home/zxs/ocs2_ros2_legubiao/ws/install/ocs2_thirdparty/include//cppad/local/optimize/size_pair.hpp
[2.744s] -- Symlinking: /home/zxs/ocs2_ros2_legubiao/ws/install/ocs2_thirdparty/include//cppad/local/optimize/usage.hpp
[2.749s] -- Symlinking: /home/zxs/ocs2_ros2_legubiao/ws/install/ocs2_thirdparty/include//cppad/local/parameter_op.hpp
[2.753s] -- Symlinking: /home/zxs/ocs2_ros2_legubiao/ws/install/ocs2_thirdparty/include//cppad/local/play/addr_enum.hpp
[2.757s] -- Symlinking: /home/zxs/ocs2_ros2_legubiao/ws/install/ocs2_thirdparty/include//cppad/local/play/atom_op_info.hpp
[2.762s] -- Symlinking: /home/zxs/ocs2_ros2_legubiao/ws/install/ocs2_thirdparty/include//cppad/local/play/player.hpp
[2.766s] -- Symlinking: /home/zxs/ocs2_ros2_legubiao/ws/install/ocs2_thirdparty/include//cppad/local/play/random_iterator.hpp
[2.769s] -- Symlinking: /home/zxs/ocs2_ros2_legubiao/ws/install/ocs2_thirdparty/include//cppad/local/play/random_setup.hpp
[2.772s] -- Symlinking: /home/zxs/ocs2_ros2_legubiao/ws/install/ocs2_thirdparty/include//cppad/local/play/sequential_iterator.hpp
[2.776s] -- Symlinking: /home/zxs/ocs2_ros2_legubiao/ws/install/ocs2_thirdparty/include//cppad/local/play/subgraph_iterator.hpp
[2.780s] -- Symlinking: /home/zxs/ocs2_ros2_legubiao/ws/install/ocs2_thirdparty/include//cppad/local/pod_vector.hpp
[2.783s] -- Symlinking: /home/zxs/ocs2_ros2_legubiao/ws/install/ocs2_thirdparty/include//cppad/local/pow_op.hpp
[2.788s] -- Symlinking: /home/zxs/ocs2_ros2_legubiao/ws/install/ocs2_thirdparty/include//cppad/local/print_op.hpp
[2.791s] -- Symlinking: /home/zxs/ocs2_ros2_legubiao/ws/install/ocs2_thirdparty/include//cppad/local/prototype_op.hpp
[2.795s] -- Symlinking: /home/zxs/ocs2_ros2_legubiao/ws/install/ocs2_thirdparty/include//cppad/local/record/comp_op.hpp
[2.799s] -- Symlinking: /home/zxs/ocs2_ros2_legubiao/ws/install/ocs2_thirdparty/include//cppad/local/record/cond_exp.hpp
[2.803s] -- Symlinking: /home/zxs/ocs2_ros2_legubiao/ws/install/ocs2_thirdparty/include//cppad/local/record/put_dyn_atomic.hpp
[2.807s] -- Symlinking: /home/zxs/ocs2_ros2_legubiao/ws/install/ocs2_thirdparty/include//cppad/local/record/put_var_atomic.hpp
[2.811s] -- Symlinking: /home/zxs/ocs2_ros2_legubiao/ws/install/ocs2_thirdparty/include//cppad/local/record/recorder.hpp
[2.815s] -- Symlinking: /home/zxs/ocs2_ros2_legubiao/ws/install/ocs2_thirdparty/include//cppad/local/recorder.hpp
[2.820s] -- Symlinking: /home/zxs/ocs2_ros2_legubiao/ws/install/ocs2_thirdparty/include//cppad/local/set_get_in_parallel.hpp
[2.823s] -- Symlinking: /home/zxs/ocs2_ros2_legubiao/ws/install/ocs2_thirdparty/include//cppad/local/sign_op.hpp
[2.827s] -- Symlinking: /home/zxs/ocs2_ros2_legubiao/ws/install/ocs2_thirdparty/include//cppad/local/sin_op.hpp
[2.832s] -- Symlinking: /home/zxs/ocs2_ros2_legubiao/ws/install/ocs2_thirdparty/include//cppad/local/sinh_op.hpp
[2.835s] -- Symlinking: /home/zxs/ocs2_ros2_legubiao/ws/install/ocs2_thirdparty/include//cppad/local/sparse/binary_op.hpp
[2.839s] -- Symlinking: /home/zxs/ocs2_ros2_legubiao/ws/install/ocs2_thirdparty/include//cppad/local/sparse/internal.hpp
[2.842s] -- Symlinking: /home/zxs/ocs2_ros2_legubiao/ws/install/ocs2_thirdparty/include//cppad/local/sparse/list_setvec.hpp
[2.847s] -- Symlinking: /home/zxs/ocs2_ros2_legubiao/ws/install/ocs2_thirdparty/include//cppad/local/sparse/pack_setvec.hpp
[2.851s] -- Symlinking: /home/zxs/ocs2_ros2_legubiao/ws/install/ocs2_thirdparty/include//cppad/local/sparse/svec_setvec.hpp
[2.855s] -- Symlinking: /home/zxs/ocs2_ros2_legubiao/ws/install/ocs2_thirdparty/include//cppad/local/sparse/unary_op.hpp
[2.860s] -- Symlinking: /home/zxs/ocs2_ros2_legubiao/ws/install/ocs2_thirdparty/include//cppad/local/sparse_binary_op.hpp
[2.864s] -- Symlinking: /home/zxs/ocs2_ros2_legubiao/ws/install/ocs2_thirdparty/include//cppad/local/sparse_internal.hpp
[2.868s] -- Symlinking: /home/zxs/ocs2_ros2_legubiao/ws/install/ocs2_thirdparty/include//cppad/local/sparse_list.hpp
[2.873s] -- Symlinking: /home/zxs/ocs2_ros2_legubiao/ws/install/ocs2_thirdparty/include//cppad/local/sparse_pack.hpp
[2.878s] -- Symlinking: /home/zxs/ocs2_ros2_legubiao/ws/install/ocs2_thirdparty/include//cppad/local/sparse_sizevec.hpp
[2.882s] -- Symlinking: /home/zxs/ocs2_ros2_legubiao/ws/install/ocs2_thirdparty/include//cppad/local/sparse_unary_op.hpp
[2.885s] -- Symlinking: /home/zxs/ocs2_ros2_legubiao/ws/install/ocs2_thirdparty/include//cppad/local/sqrt_op.hpp
[2.889s] -- Symlinking: /home/zxs/ocs2_ros2_legubiao/ws/install/ocs2_thirdparty/include//cppad/local/std_set.hpp
[2.893s] -- Symlinking: /home/zxs/ocs2_ros2_legubiao/ws/install/ocs2_thirdparty/include//cppad/local/store_op.hpp
[2.897s] -- Symlinking: /home/zxs/ocs2_ros2_legubiao/ws/install/ocs2_thirdparty/include//cppad/local/sub_op.hpp
[2.902s] -- Symlinking: /home/zxs/ocs2_ros2_legubiao/ws/install/ocs2_thirdparty/include//cppad/local/subgraph/arg_variable.hpp
[2.906s] -- Symlinking: /home/zxs/ocs2_ros2_legubiao/ws/install/ocs2_thirdparty/include//cppad/local/subgraph/entire_call.hpp
[2.911s] -- Symlinking: /home/zxs/ocs2_ros2_legubiao/ws/install/ocs2_thirdparty/include//cppad/local/subgraph/get_rev.hpp
[2.916s] -- Symlinking: /home/zxs/ocs2_ros2_legubiao/ws/install/ocs2_thirdparty/include//cppad/local/subgraph/info.hpp
[2.919s] -- Symlinking: /home/zxs/ocs2_ros2_legubiao/ws/install/ocs2_thirdparty/include//cppad/local/subgraph/init_rev.hpp
[2.923s] -- Symlinking: /home/zxs/ocs2_ros2_legubiao/ws/install/ocs2_thirdparty/include//cppad/local/subgraph/sparsity.hpp
[2.926s] -- Symlinking: /home/zxs/ocs2_ros2_legubiao/ws/install/ocs2_thirdparty/include//cppad/local/sweep/call_atomic.hpp
[2.930s] -- Symlinking: /home/zxs/ocs2_ros2_legubiao/ws/install/ocs2_thirdparty/include//cppad/local/sweep/dynamic.hpp
[2.934s] -- Symlinking: /home/zxs/ocs2_ros2_legubiao/ws/install/ocs2_thirdparty/include//cppad/local/sweep/for_hes.hpp
[2.937s] -- Symlinking: /home/zxs/ocs2_ros2_legubiao/ws/install/ocs2_thirdparty/include//cppad/local/sweep/for_jac.hpp
[2.941s] -- Symlinking: /home/zxs/ocs2_ros2_legubiao/ws/install/ocs2_thirdparty/include//cppad/local/sweep/forward0.hpp
[2.945s] -- Symlinking: /home/zxs/ocs2_ros2_legubiao/ws/install/ocs2_thirdparty/include//cppad/local/sweep/forward1.hpp
[2.949s] -- Symlinking: /home/zxs/ocs2_ros2_legubiao/ws/install/ocs2_thirdparty/include//cppad/local/sweep/forward2.hpp
[2.953s] -- Symlinking: /home/zxs/ocs2_ros2_legubiao/ws/install/ocs2_thirdparty/include//cppad/local/sweep/rev_hes.hpp
[2.958s] -- Symlinking: /home/zxs/ocs2_ros2_legubiao/ws/install/ocs2_thirdparty/include//cppad/local/sweep/rev_jac.hpp
[2.962s] -- Symlinking: /home/zxs/ocs2_ros2_legubiao/ws/install/ocs2_thirdparty/include//cppad/local/sweep/reverse.hpp
[2.967s] -- Symlinking: /home/zxs/ocs2_ros2_legubiao/ws/install/ocs2_thirdparty/include//cppad/local/tan_op.hpp
[2.971s] -- Symlinking: /home/zxs/ocs2_ros2_legubiao/ws/install/ocs2_thirdparty/include//cppad/local/tanh_op.hpp
[2.976s] -- Symlinking: /home/zxs/ocs2_ros2_legubiao/ws/install/ocs2_thirdparty/include//cppad/local/utility/cppad_vector_itr.hpp
[2.980s] -- Symlinking: /home/zxs/ocs2_ros2_legubiao/ws/install/ocs2_thirdparty/include//cppad/local/utility/vector_bool.hpp
[2.985s] -- Symlinking: /home/zxs/ocs2_ros2_legubiao/ws/install/ocs2_thirdparty/include//cppad/local/zmul_op.hpp
[2.990s] -- Symlinking: /home/zxs/ocs2_ros2_legubiao/ws/install/ocs2_thirdparty/include//cppad/speed/det_33.hpp
[2.993s] -- Symlinking: /home/zxs/ocs2_ros2_legubiao/ws/install/ocs2_thirdparty/include//cppad/speed/det_by_lu.hpp
[2.997s] -- Symlinking: /home/zxs/ocs2_ros2_legubiao/ws/install/ocs2_thirdparty/include//cppad/speed/det_by_minor.hpp
[3.001s] -- Symlinking: /home/zxs/ocs2_ros2_legubiao/ws/install/ocs2_thirdparty/include//cppad/speed/det_grad_33.hpp
[3.005s] -- Symlinking: /home/zxs/ocs2_ros2_legubiao/ws/install/ocs2_thirdparty/include//cppad/speed/det_of_minor.hpp
[3.009s] -- Symlinking: /home/zxs/ocs2_ros2_legubiao/ws/install/ocs2_thirdparty/include//cppad/speed/mat_sum_sq.hpp
[3.013s] -- Symlinking: /home/zxs/ocs2_ros2_legubiao/ws/install/ocs2_thirdparty/include//cppad/speed/ode_evaluate.hpp
[3.018s] -- Symlinking: /home/zxs/ocs2_ros2_legubiao/ws/install/ocs2_thirdparty/include//cppad/speed/sparse_hes_fun.hpp
[3.021s] -- Symlinking: /home/zxs/ocs2_ros2_legubiao/ws/install/ocs2_thirdparty/include//cppad/speed/sparse_jac_fun.hpp
[3.025s] -- Symlinking: /home/zxs/ocs2_ros2_legubiao/ws/install/ocs2_thirdparty/include//cppad/speed/uniform_01.hpp
[3.028s] -- Symlinking: /home/zxs/ocs2_ros2_legubiao/ws/install/ocs2_thirdparty/include//cppad/utility.hpp
[3.032s] -- Symlinking: /home/zxs/ocs2_ros2_legubiao/ws/install/ocs2_thirdparty/include//cppad/utility/check_numeric_type.hpp
[3.036s] -- Symlinking: /home/zxs/ocs2_ros2_legubiao/ws/install/ocs2_thirdparty/include//cppad/utility/check_simple_vector.hpp
[3.040s] -- Symlinking: /home/zxs/ocs2_ros2_legubiao/ws/install/ocs2_thirdparty/include//cppad/utility/elapsed_seconds.hpp
[3.043s] -- Symlinking: /home/zxs/ocs2_ros2_legubiao/ws/install/ocs2_thirdparty/include//cppad/utility/error_handler.hpp
[3.047s] -- Symlinking: /home/zxs/ocs2_ros2_legubiao/ws/install/ocs2_thirdparty/include//cppad/utility/index_sort.hpp
[3.051s] -- Symlinking: /home/zxs/ocs2_ros2_legubiao/ws/install/ocs2_thirdparty/include//cppad/utility/lu_factor.hpp
[3.055s] -- Symlinking: /home/zxs/ocs2_ros2_legubiao/ws/install/ocs2_thirdparty/include//cppad/utility/lu_invert.hpp
[3.058s] -- Symlinking: /home/zxs/ocs2_ros2_legubiao/ws/install/ocs2_thirdparty/include//cppad/utility/lu_solve.hpp
[3.062s] -- Symlinking: /home/zxs/ocs2_ros2_legubiao/ws/install/ocs2_thirdparty/include//cppad/utility/memory_leak.hpp
[3.065s] -- Symlinking: /home/zxs/ocs2_ros2_legubiao/ws/install/ocs2_thirdparty/include//cppad/utility/nan.hpp
[3.068s] -- Symlinking: /home/zxs/ocs2_ros2_legubiao/ws/install/ocs2_thirdparty/include//cppad/utility/near_equal.hpp
[3.071s] -- Symlinking: /home/zxs/ocs2_ros2_legubiao/ws/install/ocs2_thirdparty/include//cppad/utility/ode_err_control.hpp
[3.076s] -- Symlinking: /home/zxs/ocs2_ros2_legubiao/ws/install/ocs2_thirdparty/include//cppad/utility/ode_gear.hpp
[3.080s] -- Symlinking: /home/zxs/ocs2_ros2_legubiao/ws/install/ocs2_thirdparty/include//cppad/utility/ode_gear_control.hpp
[3.084s] -- Symlinking: /home/zxs/ocs2_ros2_legubiao/ws/install/ocs2_thirdparty/include//cppad/utility/omp_alloc.hpp
[3.087s] -- Symlinking: /home/zxs/ocs2_ros2_legubiao/ws/install/ocs2_thirdparty/include//cppad/utility/poly.hpp
[3.090s] -- Symlinking: /home/zxs/ocs2_ros2_legubiao/ws/install/ocs2_thirdparty/include//cppad/utility/pow_int.hpp
[3.093s] -- Symlinking: /home/zxs/ocs2_ros2_legubiao/ws/install/ocs2_thirdparty/include//cppad/utility/romberg_mul.hpp
[3.097s] -- Symlinking: /home/zxs/ocs2_ros2_legubiao/ws/install/ocs2_thirdparty/include//cppad/utility/romberg_one.hpp
[3.100s] -- Symlinking: /home/zxs/ocs2_ros2_legubiao/ws/install/ocs2_thirdparty/include//cppad/utility/rosen_34.hpp
[3.104s] -- Symlinking: /home/zxs/ocs2_ros2_legubiao/ws/install/ocs2_thirdparty/include//cppad/utility/runge_45.hpp
[3.108s] -- Symlinking: /home/zxs/ocs2_ros2_legubiao/ws/install/ocs2_thirdparty/include//cppad/utility/set_union.hpp
[3.113s] -- Symlinking: /home/zxs/ocs2_ros2_legubiao/ws/install/ocs2_thirdparty/include//cppad/utility/sparse2eigen.hpp
[3.117s] -- Symlinking: /home/zxs/ocs2_ros2_legubiao/ws/install/ocs2_thirdparty/include//cppad/utility/sparse_rc.hpp
[3.121s] -- Symlinking: /home/zxs/ocs2_ros2_legubiao/ws/install/ocs2_thirdparty/include//cppad/utility/sparse_rcv.hpp
[3.125s] -- Symlinking: /home/zxs/ocs2_ros2_legubiao/ws/install/ocs2_thirdparty/include//cppad/utility/speed_test.hpp
[3.128s] -- Symlinking: /home/zxs/ocs2_ros2_legubiao/ws/install/ocs2_thirdparty/include//cppad/utility/test_boolofvoid.hpp
[3.132s] -- Symlinking: /home/zxs/ocs2_ros2_legubiao/ws/install/ocs2_thirdparty/include//cppad/utility/thread_alloc.hpp
[3.135s] -- Symlinking: /home/zxs/ocs2_ros2_legubiao/ws/install/ocs2_thirdparty/include//cppad/utility/time_test.hpp
[3.139s] -- Symlinking: /home/zxs/ocs2_ros2_legubiao/ws/install/ocs2_thirdparty/include//cppad/utility/to_string.hpp
[3.142s] -- Symlinking: /home/zxs/ocs2_ros2_legubiao/ws/install/ocs2_thirdparty/include//cppad/utility/track_new_del.hpp
[3.146s] -- Symlinking: /home/zxs/ocs2_ros2_legubiao/ws/install/ocs2_thirdparty/include//cppad/utility/vector.hpp
[3.149s] -- Symlinking: /home/zxs/ocs2_ros2_legubiao/ws/install/ocs2_thirdparty/include//cppad/utility/vector_bool.hpp
[3.152s] -- Symlinking: /home/zxs/ocs2_ros2_legubiao/ws/install/ocs2_thirdparty/include//cppad/wno_conversion.hpp
[3.156s] -- Symlinking: /home/zxs/ocs2_ros2_legubiao/ws/install/ocs2_thirdparty/include//iit/rbd/InertiaMatrix.h
[3.159s] -- Symlinking: /home/zxs/ocs2_ros2_legubiao/ws/install/ocs2_thirdparty/include//iit/rbd/StateDependentBase.h
[3.162s] -- Symlinking: /home/zxs/ocs2_ros2_legubiao/ws/install/ocs2_thirdparty/include//iit/rbd/StateDependentMatrix.h
[3.166s] -- Symlinking: /home/zxs/ocs2_ros2_legubiao/ws/install/ocs2_thirdparty/include//iit/rbd/TransformsBase.h
[3.169s] -- Symlinking: /home/zxs/ocs2_ros2_legubiao/ws/install/ocs2_thirdparty/include//iit/rbd/eigen_traits.h
[3.173s] -- Symlinking: /home/zxs/ocs2_ros2_legubiao/ws/install/ocs2_thirdparty/include//iit/rbd/internals.h
[3.176s] -- Symlinking: /home/zxs/ocs2_ros2_legubiao/ws/install/ocs2_thirdparty/include//iit/rbd/rbd.h
[3.180s] -- Symlinking: /home/zxs/ocs2_ros2_legubiao/ws/install/ocs2_thirdparty/include//iit/rbd/robcogen_commons.h
[3.183s] -- Symlinking: /home/zxs/ocs2_ros2_legubiao/ws/install/ocs2_thirdparty/include//iit/rbd/traits/CppADCodegenTrait.h
[3.186s] -- Symlinking: /home/zxs/ocs2_ros2_legubiao/ws/install/ocs2_thirdparty/include//iit/rbd/traits/DoubleTrait.h
[3.190s] -- Symlinking: /home/zxs/ocs2_ros2_legubiao/ws/install/ocs2_thirdparty/include//iit/rbd/traits/FloatTrait.h
[3.194s] -- Symlinking: /home/zxs/ocs2_ros2_legubiao/ws/install/ocs2_thirdparty/include//iit/rbd/traits/TraitSelector.h
[3.197s] -- Symlinking: /home/zxs/ocs2_ros2_legubiao/ws/install/ocs2_thirdparty/include//iit/rbd/types.h
[3.201s] -- Symlinking: /home/zxs/ocs2_ros2_legubiao/ws/install/ocs2_thirdparty/include//iit/rbd/utils.h
[3.204s] -- Symlinking: /home/zxs/ocs2_ros2_legubiao/ws/install/ocs2_thirdparty/share/ament_index/resource_index/package_run_dependencies/ocs2_thirdparty
[3.207s] -- Symlinking: /home/zxs/ocs2_ros2_legubiao/ws/install/ocs2_thirdparty/share/ament_index/resource_index/parent_prefix_path/ocs2_thirdparty
[3.212s] -- Symlinking: /home/zxs/ocs2_ros2_legubiao/ws/install/ocs2_thirdparty/share/ocs2_thirdparty/environment/ament_prefix_path.sh
[3.216s] -- Symlinking: /home/zxs/ocs2_ros2_legubiao/ws/install/ocs2_thirdparty/share/ocs2_thirdparty/environment/ament_prefix_path.dsv
[3.220s] -- Symlinking: /home/zxs/ocs2_ros2_legubiao/ws/install/ocs2_thirdparty/share/ocs2_thirdparty/environment/path.sh
[3.224s] -- Symlinking: /home/zxs/ocs2_ros2_legubiao/ws/install/ocs2_thirdparty/share/ocs2_thirdparty/environment/path.dsv
[3.228s] -- Symlinking: /home/zxs/ocs2_ros2_legubiao/ws/install/ocs2_thirdparty/share/ocs2_thirdparty/local_setup.bash
[3.231s] -- Symlinking: /home/zxs/ocs2_ros2_legubiao/ws/install/ocs2_thirdparty/share/ocs2_thirdparty/local_setup.sh
[3.234s] -- Symlinking: /home/zxs/ocs2_ros2_legubiao/ws/install/ocs2_thirdparty/share/ocs2_thirdparty/local_setup.zsh
[3.238s] -- Symlinking: /home/zxs/ocs2_ros2_legubiao/ws/install/ocs2_thirdparty/share/ocs2_thirdparty/local_setup.dsv
[3.242s] -- Symlinking: /home/zxs/ocs2_ros2_legubiao/ws/install/ocs2_thirdparty/share/ocs2_thirdparty/package.dsv
[3.245s] -- Symlinking: /home/zxs/ocs2_ros2_legubiao/ws/install/ocs2_thirdparty/share/ament_index/resource_index/packages/ocs2_thirdparty
[3.249s] -- Symlinking: /home/zxs/ocs2_ros2_legubiao/ws/install/ocs2_thirdparty/share/ocs2_thirdparty/cmake/ament_cmake_export_include_directories-extras.cmake
[3.252s] -- Symlinking: /home/zxs/ocs2_ros2_legubiao/ws/install/ocs2_thirdparty/share/ocs2_thirdparty/cmake/ocs2_thirdpartyConfig.cmake
[3.256s] -- Symlinking: /home/zxs/ocs2_ros2_legubiao/ws/install/ocs2_thirdparty/share/ocs2_thirdparty/cmake/ocs2_thirdpartyConfig-version.cmake
[3.260s] -- Symlinking: /home/zxs/ocs2_ros2_legubiao/ws/install/ocs2_thirdparty/share/ocs2_thirdparty/package.xml
[3.264s] Invoked command in '/home/zxs/ocs2_ros2_legubiao/ws/build/ocs2_thirdparty' returned '0': CMAKE_PREFIX_PATH=/opt/ros/humble /usr/bin/cmake --install /home/zxs/ocs2_ros2_legubiao/ws/build/ocs2_thirdparty
