-- Found ament_cmake: 1.3.11 (/opt/ros/humble/share/ament_cmake/cmake)
-- Override CMake install command with custom implementation using symlinks instead of copying resources
-- Found rclcpp: 16.0.12 (/opt/ros/humble/share/rclcpp/cmake)
-- Found rosidl_generator_c: 3.1.6 (/opt/ros/humble/share/rosidl_generator_c/cmake)
-- Found rosidl_adapter: 3.1.6 (/opt/ros/humble/share/rosidl_adapter/cmake)
-- Found rosidl_generator_cpp: 3.1.6 (/opt/ros/humble/share/rosidl_generator_cpp/cmake)
-- Using all available rosidl_typesupport_c: rosidl_typesupport_fastrtps_c;rosidl_typesupport_introspection_c
-- Using all available rosidl_typesupport_cpp: rosidl_typesupport_fastrtps_cpp;rosidl_typesupport_introspection_cpp
-- Found rmw_implementation_cmake: 6.1.2 (/opt/ros/humble/share/rmw_implementation_cmake/cmake)
-- Found rmw_fastrtps_cpp: 6.2.7 (/opt/ros/humble/share/rmw_fastrtps_cpp/cmake)
-- Using RMW implementation 'rmw_fastrtps_cpp' as default
-- Found rclcpp_lifecycle: 16.0.12 (/opt/ros/humble/share/rclcpp_lifecycle/cmake)
-- Found ocs2_msgs: 0.0.0 (/home/zxs/ocs2_ros2_legubiao/ws/install/ocs2_msgs/share/ocs2_msgs/cmake)
-- Found ocs2_mpc: 0.0.0 (/home/zxs/ocs2_ros2_legubiao/ws/install/ocs2_mpc/share/ocs2_mpc/cmake)
-- Found visualization_msgs: 4.8.0 (/opt/ros/humble/share/visualization_msgs/cmake)
-- Found interactive_markers: 2.3.2 (/opt/ros/humble/share/interactive_markers/cmake)
-- Found ament_lint_auto: 0.12.12 (/opt/ros/humble/share/ament_lint_auto/cmake)
-- Added test 'copyright' to check source files copyright and LICENSE
-- Added test 'cppcheck' to perform static code analysis on C / C++ code
-- Configured cppcheck include dirs: $<BUILD_INTERFACE:/home/zxs/ocs2_ros2_legubiao/ws/src/ocs2_ros2/robotics/ocs2_ros_interfaces/include>
-- Configured cppcheck exclude dirs and/or files: 
-- Added test 'cpplint' to check C / C++ code against the Google style
-- Configured cpplint exclude dirs and/or files: 
-- Added test 'flake8' to check Python code syntax and style conventions
-- Added test 'lint_cmake' to check CMake code style
-- Added test 'pep257' to check Python code against some of the docstring style conventions in PEP 257
-- Added test 'uncrustify' to check C / C++ code style
-- Configured uncrustify additional arguments: 
-- Added test 'xmllint' to check XML markup files
-- Configuring done
-- Generating done
-- Build files have been written to: /home/zxs/ocs2_ros2_legubiao/ws/build/ocs2_ros_interfaces
[35m[1mConsolidate compiler generated dependencies of target ocs2_ros_interfaces[0m
[ 77%] Built target ocs2_ros_interfaces
[35m[1mConsolidate compiler generated dependencies of target test_custom_callback_queue[0m
[35m[1mConsolidate compiler generated dependencies of target multiplot_remap[0m
[ 88%] Built target multiplot_remap
[100%] Built target test_custom_callback_queue
-- Install configuration: "Release"
-- Execute custom install script
-- Up-to-date symlink: /home/zxs/ocs2_ros2_legubiao/ws/install/ocs2_ros_interfaces/include/ocs2_ros_interfaces/ocs2_ros_interfaces/command/TargetTrajectoriesInteractiveMarker.h
-- Up-to-date symlink: /home/zxs/ocs2_ros2_legubiao/ws/install/ocs2_ros_interfaces/include/ocs2_ros_interfaces/ocs2_ros_interfaces/command/TargetTrajectoriesKeyboardPublisher.h
-- Up-to-date symlink: /home/zxs/ocs2_ros2_legubiao/ws/install/ocs2_ros_interfaces/include/ocs2_ros_interfaces/ocs2_ros_interfaces/command/TargetTrajectoriesRosPublisher.h
-- Up-to-date symlink: /home/zxs/ocs2_ros2_legubiao/ws/install/ocs2_ros_interfaces/include/ocs2_ros_interfaces/ocs2_ros_interfaces/common/RosMsgConversions.h
-- Up-to-date symlink: /home/zxs/ocs2_ros2_legubiao/ws/install/ocs2_ros_interfaces/include/ocs2_ros_interfaces/ocs2_ros_interfaces/common/RosMsgHelpers.h
-- Up-to-date symlink: /home/zxs/ocs2_ros2_legubiao/ws/install/ocs2_ros_interfaces/include/ocs2_ros_interfaces/ocs2_ros_interfaces/mpc/MPC_ROS_Interface.h
-- Up-to-date symlink: /home/zxs/ocs2_ros2_legubiao/ws/install/ocs2_ros_interfaces/include/ocs2_ros_interfaces/ocs2_ros_interfaces/mrt/DummyObserver.h
-- Up-to-date symlink: /home/zxs/ocs2_ros2_legubiao/ws/install/ocs2_ros_interfaces/include/ocs2_ros_interfaces/ocs2_ros_interfaces/mrt/LoopshapingDummyObserver.h
-- Up-to-date symlink: /home/zxs/ocs2_ros2_legubiao/ws/install/ocs2_ros_interfaces/include/ocs2_ros_interfaces/ocs2_ros_interfaces/mrt/MRT_ROS_Dummy_Loop.h
-- Up-to-date symlink: /home/zxs/ocs2_ros2_legubiao/ws/install/ocs2_ros_interfaces/include/ocs2_ros_interfaces/ocs2_ros_interfaces/mrt/MRT_ROS_Interface.h
-- Up-to-date symlink: /home/zxs/ocs2_ros2_legubiao/ws/install/ocs2_ros_interfaces/include/ocs2_ros_interfaces/ocs2_ros_interfaces/synchronized_module/RosReferenceManager.h
-- Up-to-date symlink: /home/zxs/ocs2_ros2_legubiao/ws/install/ocs2_ros_interfaces/include/ocs2_ros_interfaces/ocs2_ros_interfaces/synchronized_module/SolverObserverRosCallbacks.h
-- Up-to-date symlink: /home/zxs/ocs2_ros2_legubiao/ws/install/ocs2_ros_interfaces/include/ocs2_ros_interfaces/ocs2_ros_interfaces/visualization/VisualizationColors.h
-- Up-to-date symlink: /home/zxs/ocs2_ros2_legubiao/ws/install/ocs2_ros_interfaces/include/ocs2_ros_interfaces/ocs2_ros_interfaces/visualization/VisualizationHelpers.h
-- Up-to-date symlink: /home/zxs/ocs2_ros2_legubiao/ws/install/ocs2_ros_interfaces/share/ocs2_ros_interfaces/launch/performance_indices.launch
-- Up-to-date symlink: /home/zxs/ocs2_ros2_legubiao/ws/install/ocs2_ros_interfaces/share/ocs2_ros_interfaces/launch/performance_indices.launch.py
-- Up-to-date symlink: /home/zxs/ocs2_ros2_legubiao/ws/install/ocs2_ros_interfaces/share/ocs2_ros_interfaces/multiplot/performance_indices.xml
-- Up-to-date symlink: /home/zxs/ocs2_ros2_legubiao/ws/install/ocs2_ros_interfaces/lib/ocs2_ros_interfaces/multiplot_remap
-- Up-to-date symlink: /home/zxs/ocs2_ros2_legubiao/ws/install/ocs2_ros_interfaces/share/ocs2_ros_interfaces/environment/library_path.sh
-- Up-to-date symlink: /home/zxs/ocs2_ros2_legubiao/ws/install/ocs2_ros_interfaces/share/ocs2_ros_interfaces/environment/library_path.dsv
-- Up-to-date symlink: /home/zxs/ocs2_ros2_legubiao/ws/install/ocs2_ros_interfaces/share/ament_index/resource_index/package_run_dependencies/ocs2_ros_interfaces
-- Up-to-date symlink: /home/zxs/ocs2_ros2_legubiao/ws/install/ocs2_ros_interfaces/share/ament_index/resource_index/parent_prefix_path/ocs2_ros_interfaces
-- Up-to-date symlink: /home/zxs/ocs2_ros2_legubiao/ws/install/ocs2_ros_interfaces/share/ocs2_ros_interfaces/environment/ament_prefix_path.sh
-- Up-to-date symlink: /home/zxs/ocs2_ros2_legubiao/ws/install/ocs2_ros_interfaces/share/ocs2_ros_interfaces/environment/ament_prefix_path.dsv
-- Up-to-date symlink: /home/zxs/ocs2_ros2_legubiao/ws/install/ocs2_ros_interfaces/share/ocs2_ros_interfaces/environment/path.sh
-- Up-to-date symlink: /home/zxs/ocs2_ros2_legubiao/ws/install/ocs2_ros_interfaces/share/ocs2_ros_interfaces/environment/path.dsv
-- Up-to-date symlink: /home/zxs/ocs2_ros2_legubiao/ws/install/ocs2_ros_interfaces/share/ocs2_ros_interfaces/local_setup.bash
-- Up-to-date symlink: /home/zxs/ocs2_ros2_legubiao/ws/install/ocs2_ros_interfaces/share/ocs2_ros_interfaces/local_setup.sh
-- Up-to-date symlink: /home/zxs/ocs2_ros2_legubiao/ws/install/ocs2_ros_interfaces/share/ocs2_ros_interfaces/local_setup.zsh
-- Up-to-date symlink: /home/zxs/ocs2_ros2_legubiao/ws/install/ocs2_ros_interfaces/share/ocs2_ros_interfaces/local_setup.dsv
-- Symlinking: /home/zxs/ocs2_ros2_legubiao/ws/install/ocs2_ros_interfaces/share/ocs2_ros_interfaces/package.dsv
-- Up-to-date symlink: /home/zxs/ocs2_ros2_legubiao/ws/install/ocs2_ros_interfaces/share/ament_index/resource_index/packages/ocs2_ros_interfaces
-- Up-to-date symlink: /home/zxs/ocs2_ros2_legubiao/ws/install/ocs2_ros_interfaces/share/ocs2_ros_interfaces/cmake/ament_cmake_export_dependencies-extras.cmake
-- Up-to-date symlink: /home/zxs/ocs2_ros2_legubiao/ws/install/ocs2_ros_interfaces/share/ocs2_ros_interfaces/cmake/ament_cmake_export_targets-extras.cmake
-- Up-to-date symlink: /home/zxs/ocs2_ros2_legubiao/ws/install/ocs2_ros_interfaces/share/ocs2_ros_interfaces/cmake/ocs2_ros_interfacesConfig.cmake
-- Up-to-date symlink: /home/zxs/ocs2_ros2_legubiao/ws/install/ocs2_ros_interfaces/share/ocs2_ros_interfaces/cmake/ocs2_ros_interfacesConfig-version.cmake
-- Up-to-date symlink: /home/zxs/ocs2_ros2_legubiao/ws/install/ocs2_ros_interfaces/share/ocs2_ros_interfaces/package.xml
-- Up-to-date: /home/zxs/ocs2_ros2_legubiao/ws/install/ocs2_ros_interfaces/lib/libocs2_ros_interfaces.a
-- Up-to-date: /home/zxs/ocs2_ros2_legubiao/ws/install/ocs2_ros_interfaces/share/ocs2_ros_interfaces/cmake/export_ocs2_ros_interfacesExport.cmake
-- Up-to-date: /home/zxs/ocs2_ros2_legubiao/ws/install/ocs2_ros_interfaces/share/ocs2_ros_interfaces/cmake/export_ocs2_ros_interfacesExport-release.cmake
