running egg_info
writing ../../../build/humanoid_mujoco_sim/humanoid_mujoco_sim.egg-info/PKG-INFO
writing dependency_links to ../../../build/humanoid_mujoco_sim/humanoid_mujoco_sim.egg-info/dependency_links.txt
writing entry points to ../../../build/humanoid_mujoco_sim/humanoid_mujoco_sim.egg-info/entry_points.txt
writing requirements to ../../../build/humanoid_mujoco_sim/humanoid_mujoco_sim.egg-info/requires.txt
writing top-level names to ../../../build/humanoid_mujoco_sim/humanoid_mujoco_sim.egg-info/top_level.txt
reading manifest file '../../../build/humanoid_mujoco_sim/humanoid_mujoco_sim.egg-info/SOURCES.txt'
writing manifest file '../../../build/humanoid_mujoco_sim/humanoid_mujoco_sim.egg-info/SOURCES.txt'
running build
running build_py
running install
running install_lib
running install_data
running install_egg_info
removing '/home/zxs/ocs2_ros2_legubiao/ws/install/humanoid_mujoco_sim/lib/python3.10/site-packages/humanoid_mujoco_sim-0.0.0-py3.10.egg-info' (and everything under it)
Copying ../../../build/humanoid_mujoco_sim/humanoid_mujoco_sim.egg-info to /home/zxs/ocs2_ros2_legubiao/ws/install/humanoid_mujoco_sim/lib/python3.10/site-packages/humanoid_mujoco_sim-0.0.0-py3.10.egg-info
running install_scripts
Installing humanoid_sim script to /home/zxs/ocs2_ros2_legubiao/ws/install/humanoid_mujoco_sim/lib/humanoid_mujoco_sim
Installing joy script to /home/zxs/ocs2_ros2_legubiao/ws/install/humanoid_mujoco_sim/lib/humanoid_mujoco_sim
Installing teleop script to /home/zxs/ocs2_ros2_legubiao/ws/install/humanoid_mujoco_sim/lib/humanoid_mujoco_sim
writing list of installed files to '/home/zxs/ocs2_ros2_legubiao/ws/build/humanoid_mujoco_sim/install.log'
