[0.273s] Invoking command in '/home/zxs/ocs2_ros2_legubiao/ws/src/humanoid_control/humanoid_mujoco_sim': PYTHONPATH=/home/zxs/ocs2_ros2_legubiao/ws/build/humanoid_mujoco_sim/prefix_override:/usr/lib/python3/dist-packages/colcon_core/task/python/colcon_distutils_commands:/home/zxs/ocs2_ros2_legubiao/ws/install/humanoid_mujoco_sim/lib/python3.10/site-packages:${PYTHONPATH} /usr/bin/python3 -W ignore:setup.py install is deprecated -W ignore:easy_install command is deprecated setup.py egg_info --egg-base ../../../build/humanoid_mujoco_sim build --build-base /home/zxs/ocs2_ros2_legubiao/ws/build/humanoid_mujoco_sim/build install --record /home/zxs/ocs2_ros2_legubiao/ws/build/humanoid_mujoco_sim/install.log --single-version-externally-managed install_data
[0.376s] running egg_info
[0.376s] writing ../../../build/humanoid_mujoco_sim/humanoid_mujoco_sim.egg-info/PKG-INFO
[0.377s] writing dependency_links to ../../../build/humanoid_mujoco_sim/humanoid_mujoco_sim.egg-info/dependency_links.txt
[0.377s] writing entry points to ../../../build/humanoid_mujoco_sim/humanoid_mujoco_sim.egg-info/entry_points.txt
[0.377s] writing requirements to ../../../build/humanoid_mujoco_sim/humanoid_mujoco_sim.egg-info/requires.txt
[0.377s] writing top-level names to ../../../build/humanoid_mujoco_sim/humanoid_mujoco_sim.egg-info/top_level.txt
[0.377s] reading manifest file '../../../build/humanoid_mujoco_sim/humanoid_mujoco_sim.egg-info/SOURCES.txt'
[0.378s] writing manifest file '../../../build/humanoid_mujoco_sim/humanoid_mujoco_sim.egg-info/SOURCES.txt'
[0.378s] running build
[0.378s] running build_py
[0.378s] running install
[0.378s] running install_lib
[0.379s] running install_data
[0.379s] running install_egg_info
[0.380s] removing '/home/zxs/ocs2_ros2_legubiao/ws/install/humanoid_mujoco_sim/lib/python3.10/site-packages/humanoid_mujoco_sim-0.0.0-py3.10.egg-info' (and everything under it)
[0.380s] Copying ../../../build/humanoid_mujoco_sim/humanoid_mujoco_sim.egg-info to /home/zxs/ocs2_ros2_legubiao/ws/install/humanoid_mujoco_sim/lib/python3.10/site-packages/humanoid_mujoco_sim-0.0.0-py3.10.egg-info
[0.380s] running install_scripts
[0.389s] Installing humanoid_sim script to /home/zxs/ocs2_ros2_legubiao/ws/install/humanoid_mujoco_sim/lib/humanoid_mujoco_sim
[0.389s] Installing joy script to /home/zxs/ocs2_ros2_legubiao/ws/install/humanoid_mujoco_sim/lib/humanoid_mujoco_sim
[0.389s] Installing teleop script to /home/zxs/ocs2_ros2_legubiao/ws/install/humanoid_mujoco_sim/lib/humanoid_mujoco_sim
[0.389s] writing list of installed files to '/home/zxs/ocs2_ros2_legubiao/ws/build/humanoid_mujoco_sim/install.log'
[0.399s] Invoked command in '/home/zxs/ocs2_ros2_legubiao/ws/src/humanoid_control/humanoid_mujoco_sim' returned '0': PYTHONPATH=/home/zxs/ocs2_ros2_legubiao/ws/build/humanoid_mujoco_sim/prefix_override:/usr/lib/python3/dist-packages/colcon_core/task/python/colcon_distutils_commands:/home/zxs/ocs2_ros2_legubiao/ws/install/humanoid_mujoco_sim/lib/python3.10/site-packages:${PYTHONPATH} /usr/bin/python3 -W ignore:setup.py install is deprecated -W ignore:easy_install command is deprecated setup.py egg_info --egg-base ../../../build/humanoid_mujoco_sim build --build-base /home/zxs/ocs2_ros2_legubiao/ws/build/humanoid_mujoco_sim/build install --record /home/zxs/ocs2_ros2_legubiao/ws/build/humanoid_mujoco_sim/install.log --single-version-externally-managed install_data
