-- The C compiler identification is GNU 12.3.0
-- The CXX compiler identification is GNU 12.3.0
-- Detecting C compiler ABI info
-- Detecting C compiler ABI info - done
-- Check for working C compiler: /usr/bin/cc - skipped
-- Detecting C compile features
-- Detecting C compile features - done
-- Detecting CXX compiler ABI info
-- Detecting CXX compiler ABI info - done
-- Check for working CXX compiler: /usr/bin/c++ - skipped
-- Detecting CXX compile features
-- Detecting CXX compile features - done
-- Found ament_cmake: 1.3.11 (/opt/ros/humble/share/ament_cmake/cmake)
-- Found Python3: /usr/bin/python3 (found version "3.10.13") found components: Interpreter 
-- Override CMake install command with custom implementation using symlinks instead of copying resources
-- Found ocs2_robotic_assets: 10.3.0 (/home/zxs/ocs2_ros2_legubiao/ws/install/ocs2_robotic_assets/share/ocs2_robotic_assets/cmake)
-- Found ocs2_pinocchio_interface: 0.0.0 (/home/zxs/ocs2_ros2_legubiao/ws/install/ocs2_pinocchio_interface/share/ocs2_pinocchio_interface/cmake)
-- Found OpenMP_C: -fopenmp (found version "4.5") 
-- Found OpenMP_CXX: -fopenmp (found version "4.5") 
-- Found OpenMP: TRUE (found version "4.5")  
-- Found Boost: /usr/lib/x86_64-linux-gnu/cmake/Boost-1.74.0/BoostConfig.cmake (found version "1.74.0") found components: system filesystem log_setup log 
-- pinocchio_default FOUND. pinocchio_default at /opt/ros/humble/lib/x86_64-linux-gnu/libpinocchio_default.so
-- pinocchio_parsers FOUND. pinocchio_parsers at /opt/ros/humble/lib/x86_64-linux-gnu/libpinocchio_parsers.so
-- boost_filesystem FOUND. boost_filesystem at /lib/x86_64-linux-gnu/libboost_filesystem.so
-- boost_serialization FOUND. boost_serialization at /lib/x86_64-linux-gnu/libboost_serialization.so
-- boost_system FOUND. boost_system at /lib/x86_64-linux-gnu/libboost_system.so
-- eigenpy FOUND. eigenpy at /opt/ros/humble/lib/x86_64-linux-gnu/libeigenpy.so
-- Checking for NumPy
--   NUMPY_INCLUDE_DIRS=/usr/lib/python3/dist-packages/numpy/core/include
--   NUMPY_VERSION=1.21.5
-- Found Python3: /usr/bin/python3 (found version "3.10.13") found components: Interpreter Development.Module NumPy 
-- PythonLibraryDirs: 
-- PythonLibVersionString: 3.10.13
-- Python site lib: lib/python3.10/site-packages
-- Python include dirs: /usr/include/python3.10
-- Checking for NumPy
--   NUMPY_INCLUDE_DIRS=/usr/lib/python3/dist-packages/numpy/core/include
--   NUMPY_VERSION=1.21.5
-- NumPy include dir: /usr/lib/python3/dist-packages/numpy/core/include
-- Found Boost: /usr/include (found version "1.74.0") found components: python310 
-- Default C++ standard: 201703
-- Minimal C++ standard upgraded to 11
-- C++ standard sufficient: Minimal required 11, currently defined: 17
-- hpp-fcl FOUND. hpp-fcl at /opt/ros/humble/lib/x86_64-linux-gnu/libhpp-fcl.so
-- C++ standard sufficient: Minimal required 11, currently defined: 17
-- C++ standard sufficient: Minimal required 11, currently defined: 17
-- coal FOUND. coal at /opt/ros/humble/lib/x86_64-linux-gnu/libcoal.so
-- C++ standard sufficient: Minimal required 11, currently defined: 17
-- Found ament_lint_auto: 0.12.12 (/opt/ros/humble/share/ament_lint_auto/cmake)
-- Found ament_cmake_gtest: 1.3.11 (/opt/ros/humble/share/ament_cmake_gtest/cmake)
-- Found gtest sources under '/opt/ros/humble/src/gtest_vendor': C++ tests using 'Google Test' will be built
-- Found Threads: TRUE  
-- Configuring done
-- Generating done
-- Build files have been written to: /home/zxs/ocs2_ros2_legubiao/ws/build/ocs2_centroidal_model
[  7%] [32mBuilding CXX object CMakeFiles/ocs2_centroidal_model.dir/src/CentroidalModelPinocchioMapping.cpp.o[0m
[ 14%] [32mBuilding CXX object CMakeFiles/ocs2_centroidal_model.dir/src/FactoryFunctions.cpp.o[0m
[ 21%] [32mBuilding CXX object CMakeFiles/ocs2_centroidal_model.dir/src/ModelHelperFunctions.cpp.o[0m
[ 28%] [32mBuilding CXX object gtest/CMakeFiles/gtest_main.dir/src/gtest_main.cc.o[0m
[ 35%] [32mBuilding CXX object gtest/CMakeFiles/gtest.dir/src/gtest-all.cc.o[0m
[ 50%] [32mBuilding CXX object CMakeFiles/ocs2_centroidal_model.dir/src/PinocchioCentroidalDynamicsAD.cpp.o[0m
[ 50%] [32mBuilding CXX object CMakeFiles/ocs2_centroidal_model.dir/src/PinocchioCentroidalDynamics.cpp.o[0m
[ 57%] [32mBuilding CXX object CMakeFiles/ocs2_centroidal_model.dir/src/CentroidalModelRbdConversions.cpp.o[0m
[ 64%] [32mBuilding CXX object CMakeFiles/ocs2_centroidal_model.dir/src/CentroidalModelInfo.cpp.o[0m
[ 71%] [32m[1mLinking CXX static library libgtest_main.a[0m
[ 71%] Built target gtest_main
[ 78%] [32m[1mLinking CXX static library libgtest.a[0m
[ 78%] Built target gtest
[ 85%] [32m[1mLinking CXX static library libocs2_centroidal_model.a[0m
[ 85%] Built target ocs2_centroidal_model
[ 92%] [32mBuilding CXX object CMakeFiles/ocs2_centroidal_model_test.dir/test/testAnymalCentroidalModel.cpp.o[0m
[100%] [32m[1mLinking CXX executable ocs2_centroidal_model_test[0m
[100%] Built target ocs2_centroidal_model_test
-- Install configuration: "Release"
-- Execute custom install script
-- Symlinking: /home/zxs/ocs2_ros2_legubiao/ws/install/ocs2_centroidal_model/include/ocs2_centroidal_model/ocs2_centroidal_model/AccessHelperFunctions.h
-- Symlinking: /home/zxs/ocs2_ros2_legubiao/ws/install/ocs2_centroidal_model/include/ocs2_centroidal_model/ocs2_centroidal_model/CentroidalModelInfo.h
-- Symlinking: /home/zxs/ocs2_ros2_legubiao/ws/install/ocs2_centroidal_model/include/ocs2_centroidal_model/ocs2_centroidal_model/CentroidalModelPinocchioMapping.h
-- Symlinking: /home/zxs/ocs2_ros2_legubiao/ws/install/ocs2_centroidal_model/include/ocs2_centroidal_model/ocs2_centroidal_model/CentroidalModelRbdConversions.h
-- Symlinking: /home/zxs/ocs2_ros2_legubiao/ws/install/ocs2_centroidal_model/include/ocs2_centroidal_model/ocs2_centroidal_model/FactoryFunctions.h
-- Symlinking: /home/zxs/ocs2_ros2_legubiao/ws/install/ocs2_centroidal_model/include/ocs2_centroidal_model/ocs2_centroidal_model/ModelHelperFunctions.h
-- Symlinking: /home/zxs/ocs2_ros2_legubiao/ws/install/ocs2_centroidal_model/include/ocs2_centroidal_model/ocs2_centroidal_model/PinocchioCentroidalDynamics.h
-- Symlinking: /home/zxs/ocs2_ros2_legubiao/ws/install/ocs2_centroidal_model/include/ocs2_centroidal_model/ocs2_centroidal_model/PinocchioCentroidalDynamicsAD.h
-- Symlinking: /home/zxs/ocs2_ros2_legubiao/ws/install/ocs2_centroidal_model/include/ocs2_centroidal_model/ocs2_centroidal_model/implementation/AccessHelperFunctionsImpl.h
-- Symlinking: /home/zxs/ocs2_ros2_legubiao/ws/install/ocs2_centroidal_model/include/ocs2_centroidal_model/ocs2_centroidal_model/implementation/ModelHelperFunctionsImpl.h
-- Symlinking: /home/zxs/ocs2_ros2_legubiao/ws/install/ocs2_centroidal_model/share/ocs2_centroidal_model/environment/library_path.sh
-- Symlinking: /home/zxs/ocs2_ros2_legubiao/ws/install/ocs2_centroidal_model/share/ocs2_centroidal_model/environment/library_path.dsv
-- Symlinking: /home/zxs/ocs2_ros2_legubiao/ws/install/ocs2_centroidal_model/share/ament_index/resource_index/package_run_dependencies/ocs2_centroidal_model
-- Symlinking: /home/zxs/ocs2_ros2_legubiao/ws/install/ocs2_centroidal_model/share/ament_index/resource_index/parent_prefix_path/ocs2_centroidal_model
-- Symlinking: /home/zxs/ocs2_ros2_legubiao/ws/install/ocs2_centroidal_model/share/ocs2_centroidal_model/environment/ament_prefix_path.sh
-- Symlinking: /home/zxs/ocs2_ros2_legubiao/ws/install/ocs2_centroidal_model/share/ocs2_centroidal_model/environment/ament_prefix_path.dsv
-- Symlinking: /home/zxs/ocs2_ros2_legubiao/ws/install/ocs2_centroidal_model/share/ocs2_centroidal_model/environment/path.sh
-- Symlinking: /home/zxs/ocs2_ros2_legubiao/ws/install/ocs2_centroidal_model/share/ocs2_centroidal_model/environment/path.dsv
-- Symlinking: /home/zxs/ocs2_ros2_legubiao/ws/install/ocs2_centroidal_model/share/ocs2_centroidal_model/local_setup.bash
-- Symlinking: /home/zxs/ocs2_ros2_legubiao/ws/install/ocs2_centroidal_model/share/ocs2_centroidal_model/local_setup.sh
-- Symlinking: /home/zxs/ocs2_ros2_legubiao/ws/install/ocs2_centroidal_model/share/ocs2_centroidal_model/local_setup.zsh
-- Symlinking: /home/zxs/ocs2_ros2_legubiao/ws/install/ocs2_centroidal_model/share/ocs2_centroidal_model/local_setup.dsv
-- Symlinking: /home/zxs/ocs2_ros2_legubiao/ws/install/ocs2_centroidal_model/share/ocs2_centroidal_model/package.dsv
-- Symlinking: /home/zxs/ocs2_ros2_legubiao/ws/install/ocs2_centroidal_model/share/ament_index/resource_index/packages/ocs2_centroidal_model
-- Symlinking: /home/zxs/ocs2_ros2_legubiao/ws/install/ocs2_centroidal_model/share/ocs2_centroidal_model/cmake/pinocchio_config.cmake
-- Symlinking: /home/zxs/ocs2_ros2_legubiao/ws/install/ocs2_centroidal_model/share/ocs2_centroidal_model/cmake/ament_cmake_export_dependencies-extras.cmake
-- Symlinking: /home/zxs/ocs2_ros2_legubiao/ws/install/ocs2_centroidal_model/share/ocs2_centroidal_model/cmake/ament_cmake_export_targets-extras.cmake
-- Symlinking: /home/zxs/ocs2_ros2_legubiao/ws/install/ocs2_centroidal_model/share/ocs2_centroidal_model/cmake/ocs2_centroidal_modelConfig.cmake
-- Symlinking: /home/zxs/ocs2_ros2_legubiao/ws/install/ocs2_centroidal_model/share/ocs2_centroidal_model/cmake/ocs2_centroidal_modelConfig-version.cmake
-- Symlinking: /home/zxs/ocs2_ros2_legubiao/ws/install/ocs2_centroidal_model/share/ocs2_centroidal_model/package.xml
-- Installing: /home/zxs/ocs2_ros2_legubiao/ws/install/ocs2_centroidal_model/lib/libocs2_centroidal_model.a
-- Installing: /home/zxs/ocs2_ros2_legubiao/ws/install/ocs2_centroidal_model/share/ocs2_centroidal_model/cmake/export_ocs2_centroidal_modelExport.cmake
-- Installing: /home/zxs/ocs2_ros2_legubiao/ws/install/ocs2_centroidal_model/share/ocs2_centroidal_model/cmake/export_ocs2_centroidal_modelExport-release.cmake
