-- The C compiler identification is GNU 12.3.0
-- The CXX compiler identification is GNU 12.3.0
-- Detecting C compiler ABI info
-- Detecting C compiler ABI info - done
-- Check for working C compiler: /usr/bin/cc - skipped
-- Detecting C compile features
-- Detecting C compile features - done
-- Detecting CXX compiler ABI info
-- Detecting CXX compiler ABI info - done
-- Check for working CXX compiler: /usr/bin/c++ - skipped
-- Detecting CXX compile features
-- Detecting CXX compile features - done
-- Found ament_cmake: 1.3.11 (/opt/ros/humble/share/ament_cmake/cmake)
-- Found Python3: /usr/bin/python3 (found version "3.10.13") found components: Interpreter 
-- Override CMake install command with custom implementation using symlinks instead of copying resources
-- Configuring done
-- Generating done
-- Build files have been written to: /home/zxs/ocs2_ros2_legubiao/ws/build/ocs2_robotic_assets
-- Install configuration: ""
-- Execute custom install script
-- Symlinking: /home/zxs/ocs2_ros2_legubiao/ws/install/ocs2_robotic_assets/include/ocs2_robotic_assets/.gitignore
-- Symlinking: /home/zxs/ocs2_ros2_legubiao/ws/install/ocs2_robotic_assets/include/ocs2_robotic_assets/package_path.h
-- Symlinking: /home/zxs/ocs2_ros2_legubiao/ws/install/ocs2_robotic_assets/include/ocs2_robotic_assets/package_path.h.in
-- Symlinking: /home/zxs/ocs2_ros2_legubiao/ws/install/ocs2_robotic_assets/share/ocs2_robotic_assets/resources/anymal_c/LICENSE
-- Symlinking: /home/zxs/ocs2_ros2_legubiao/ws/install/ocs2_robotic_assets/share/ocs2_robotic_assets/resources/anymal_c/meshes/base.dae
-- Symlinking: /home/zxs/ocs2_ros2_legubiao/ws/install/ocs2_robotic_assets/share/ocs2_robotic_assets/resources/anymal_c/meshes/base.jpg
-- Symlinking: /home/zxs/ocs2_ros2_legubiao/ws/install/ocs2_robotic_assets/share/ocs2_robotic_assets/resources/anymal_c/meshes/battery.dae
-- Symlinking: /home/zxs/ocs2_ros2_legubiao/ws/install/ocs2_robotic_assets/share/ocs2_robotic_assets/resources/anymal_c/meshes/battery.jpg
-- Symlinking: /home/zxs/ocs2_ros2_legubiao/ws/install/ocs2_robotic_assets/share/ocs2_robotic_assets/resources/anymal_c/meshes/bottom_shell.dae
-- Symlinking: /home/zxs/ocs2_ros2_legubiao/ws/install/ocs2_robotic_assets/share/ocs2_robotic_assets/resources/anymal_c/meshes/bottom_shell.jpg
-- Symlinking: /home/zxs/ocs2_ros2_legubiao/ws/install/ocs2_robotic_assets/share/ocs2_robotic_assets/resources/anymal_c/meshes/depth_camera.dae
-- Symlinking: /home/zxs/ocs2_ros2_legubiao/ws/install/ocs2_robotic_assets/share/ocs2_robotic_assets/resources/anymal_c/meshes/depth_camera.jpg
-- Symlinking: /home/zxs/ocs2_ros2_legubiao/ws/install/ocs2_robotic_assets/share/ocs2_robotic_assets/resources/anymal_c/meshes/drive.dae
-- Symlinking: /home/zxs/ocs2_ros2_legubiao/ws/install/ocs2_robotic_assets/share/ocs2_robotic_assets/resources/anymal_c/meshes/drive.jpg
-- Symlinking: /home/zxs/ocs2_ros2_legubiao/ws/install/ocs2_robotic_assets/share/ocs2_robotic_assets/resources/anymal_c/meshes/face.dae
-- Symlinking: /home/zxs/ocs2_ros2_legubiao/ws/install/ocs2_robotic_assets/share/ocs2_robotic_assets/resources/anymal_c/meshes/face.jpg
-- Symlinking: /home/zxs/ocs2_ros2_legubiao/ws/install/ocs2_robotic_assets/share/ocs2_robotic_assets/resources/anymal_c/meshes/foot.dae
-- Symlinking: /home/zxs/ocs2_ros2_legubiao/ws/install/ocs2_robotic_assets/share/ocs2_robotic_assets/resources/anymal_c/meshes/foot.jpg
-- Symlinking: /home/zxs/ocs2_ros2_legubiao/ws/install/ocs2_robotic_assets/share/ocs2_robotic_assets/resources/anymal_c/meshes/handle.dae
-- Symlinking: /home/zxs/ocs2_ros2_legubiao/ws/install/ocs2_robotic_assets/share/ocs2_robotic_assets/resources/anymal_c/meshes/handle.jpg
-- Symlinking: /home/zxs/ocs2_ros2_legubiao/ws/install/ocs2_robotic_assets/share/ocs2_robotic_assets/resources/anymal_c/meshes/hatch.dae
-- Symlinking: /home/zxs/ocs2_ros2_legubiao/ws/install/ocs2_robotic_assets/share/ocs2_robotic_assets/resources/anymal_c/meshes/hatch.jpg
-- Symlinking: /home/zxs/ocs2_ros2_legubiao/ws/install/ocs2_robotic_assets/share/ocs2_robotic_assets/resources/anymal_c/meshes/hip.jpg
-- Symlinking: /home/zxs/ocs2_ros2_legubiao/ws/install/ocs2_robotic_assets/share/ocs2_robotic_assets/resources/anymal_c/meshes/hip_l.dae
-- Symlinking: /home/zxs/ocs2_ros2_legubiao/ws/install/ocs2_robotic_assets/share/ocs2_robotic_assets/resources/anymal_c/meshes/hip_r.dae
-- Symlinking: /home/zxs/ocs2_ros2_legubiao/ws/install/ocs2_robotic_assets/share/ocs2_robotic_assets/resources/anymal_c/meshes/lidar.dae
-- Symlinking: /home/zxs/ocs2_ros2_legubiao/ws/install/ocs2_robotic_assets/share/ocs2_robotic_assets/resources/anymal_c/meshes/lidar.jpg
-- Symlinking: /home/zxs/ocs2_ros2_legubiao/ws/install/ocs2_robotic_assets/share/ocs2_robotic_assets/resources/anymal_c/meshes/lidar_cage.dae
-- Symlinking: /home/zxs/ocs2_ros2_legubiao/ws/install/ocs2_robotic_assets/share/ocs2_robotic_assets/resources/anymal_c/meshes/lidar_cage.jpg
-- Symlinking: /home/zxs/ocs2_ros2_legubiao/ws/install/ocs2_robotic_assets/share/ocs2_robotic_assets/resources/anymal_c/meshes/remote.dae
-- Symlinking: /home/zxs/ocs2_ros2_legubiao/ws/install/ocs2_robotic_assets/share/ocs2_robotic_assets/resources/anymal_c/meshes/remote.jpg
-- Symlinking: /home/zxs/ocs2_ros2_legubiao/ws/install/ocs2_robotic_assets/share/ocs2_robotic_assets/resources/anymal_c/meshes/shank.jpg
-- Symlinking: /home/zxs/ocs2_ros2_legubiao/ws/install/ocs2_robotic_assets/share/ocs2_robotic_assets/resources/anymal_c/meshes/shank_l.dae
-- Symlinking: /home/zxs/ocs2_ros2_legubiao/ws/install/ocs2_robotic_assets/share/ocs2_robotic_assets/resources/anymal_c/meshes/shank_r.dae
-- Symlinking: /home/zxs/ocs2_ros2_legubiao/ws/install/ocs2_robotic_assets/share/ocs2_robotic_assets/resources/anymal_c/meshes/thigh.dae
-- Symlinking: /home/zxs/ocs2_ros2_legubiao/ws/install/ocs2_robotic_assets/share/ocs2_robotic_assets/resources/anymal_c/meshes/thigh.jpg
-- Symlinking: /home/zxs/ocs2_ros2_legubiao/ws/install/ocs2_robotic_assets/share/ocs2_robotic_assets/resources/anymal_c/meshes/top_shell.dae
-- Symlinking: /home/zxs/ocs2_ros2_legubiao/ws/install/ocs2_robotic_assets/share/ocs2_robotic_assets/resources/anymal_c/meshes/top_shell.jpg
-- Symlinking: /home/zxs/ocs2_ros2_legubiao/ws/install/ocs2_robotic_assets/share/ocs2_robotic_assets/resources/anymal_c/meshes/wide_angle_camera.dae
-- Symlinking: /home/zxs/ocs2_ros2_legubiao/ws/install/ocs2_robotic_assets/share/ocs2_robotic_assets/resources/anymal_c/meshes/wide_angle_camera.jpg
-- Symlinking: /home/zxs/ocs2_ros2_legubiao/ws/install/ocs2_robotic_assets/share/ocs2_robotic_assets/resources/anymal_c/urdf/anymal.urdf
-- Symlinking: /home/zxs/ocs2_ros2_legubiao/ws/install/ocs2_robotic_assets/share/ocs2_robotic_assets/resources/ballbot/meshes/base.obj
-- Symlinking: /home/zxs/ocs2_ros2_legubiao/ws/install/ocs2_robotic_assets/share/ocs2_robotic_assets/resources/ballbot/urdf/ballbot.urdf
-- Symlinking: /home/zxs/ocs2_ros2_legubiao/ws/install/ocs2_robotic_assets/share/ocs2_robotic_assets/resources/cartpole/urdf/cartpole.urdf
-- Symlinking: /home/zxs/ocs2_ros2_legubiao/ws/install/ocs2_robotic_assets/share/ocs2_robotic_assets/resources/double_integrator/urdf/double_integrator.urdf
-- Symlinking: /home/zxs/ocs2_ros2_legubiao/ws/install/ocs2_robotic_assets/share/ocs2_robotic_assets/resources/mobile_manipulator/agileX_piper/LICENSE
-- Symlinking: /home/zxs/ocs2_ros2_legubiao/ws/install/ocs2_robotic_assets/share/ocs2_robotic_assets/resources/mobile_manipulator/agileX_piper/meshes/base_link.STL
-- Symlinking: /home/zxs/ocs2_ros2_legubiao/ws/install/ocs2_robotic_assets/share/ocs2_robotic_assets/resources/mobile_manipulator/agileX_piper/meshes/gripper_base.STL
-- Symlinking: /home/zxs/ocs2_ros2_legubiao/ws/install/ocs2_robotic_assets/share/ocs2_robotic_assets/resources/mobile_manipulator/agileX_piper/meshes/link1.STL
-- Symlinking: /home/zxs/ocs2_ros2_legubiao/ws/install/ocs2_robotic_assets/share/ocs2_robotic_assets/resources/mobile_manipulator/agileX_piper/meshes/link2.STL
-- Symlinking: /home/zxs/ocs2_ros2_legubiao/ws/install/ocs2_robotic_assets/share/ocs2_robotic_assets/resources/mobile_manipulator/agileX_piper/meshes/link3.STL
-- Symlinking: /home/zxs/ocs2_ros2_legubiao/ws/install/ocs2_robotic_assets/share/ocs2_robotic_assets/resources/mobile_manipulator/agileX_piper/meshes/link4.STL
-- Symlinking: /home/zxs/ocs2_ros2_legubiao/ws/install/ocs2_robotic_assets/share/ocs2_robotic_assets/resources/mobile_manipulator/agileX_piper/meshes/link5.STL
-- Symlinking: /home/zxs/ocs2_ros2_legubiao/ws/install/ocs2_robotic_assets/share/ocs2_robotic_assets/resources/mobile_manipulator/agileX_piper/meshes/link6.STL
-- Symlinking: /home/zxs/ocs2_ros2_legubiao/ws/install/ocs2_robotic_assets/share/ocs2_robotic_assets/resources/mobile_manipulator/agileX_piper/meshes/link7.STL
-- Symlinking: /home/zxs/ocs2_ros2_legubiao/ws/install/ocs2_robotic_assets/share/ocs2_robotic_assets/resources/mobile_manipulator/agileX_piper/meshes/link8.STL
-- Symlinking: /home/zxs/ocs2_ros2_legubiao/ws/install/ocs2_robotic_assets/share/ocs2_robotic_assets/resources/mobile_manipulator/agileX_piper/urdf/compile
-- Symlinking: /home/zxs/ocs2_ros2_legubiao/ws/install/ocs2_robotic_assets/share/ocs2_robotic_assets/resources/mobile_manipulator/agileX_piper/urdf/piper_description.csv
-- Symlinking: /home/zxs/ocs2_ros2_legubiao/ws/install/ocs2_robotic_assets/share/ocs2_robotic_assets/resources/mobile_manipulator/agileX_piper/urdf/piper_description.urdf
-- Symlinking: /home/zxs/ocs2_ros2_legubiao/ws/install/ocs2_robotic_assets/share/ocs2_robotic_assets/resources/mobile_manipulator/agileX_piper/urdf/piper_description.xacro
-- Symlinking: /home/zxs/ocs2_ros2_legubiao/ws/install/ocs2_robotic_assets/share/ocs2_robotic_assets/resources/mobile_manipulator/agileX_piper/urdf/piper_description_gazebo.xacro
-- Symlinking: /home/zxs/ocs2_ros2_legubiao/ws/install/ocs2_robotic_assets/share/ocs2_robotic_assets/resources/mobile_manipulator/franka/LICENSE
-- Symlinking: /home/zxs/ocs2_ros2_legubiao/ws/install/ocs2_robotic_assets/share/ocs2_robotic_assets/resources/mobile_manipulator/franka/meshes/collision/hand.stl
-- Symlinking: /home/zxs/ocs2_ros2_legubiao/ws/install/ocs2_robotic_assets/share/ocs2_robotic_assets/resources/mobile_manipulator/franka/meshes/collision/link0.stl
-- Symlinking: /home/zxs/ocs2_ros2_legubiao/ws/install/ocs2_robotic_assets/share/ocs2_robotic_assets/resources/mobile_manipulator/franka/meshes/collision/link1.stl
-- Symlinking: /home/zxs/ocs2_ros2_legubiao/ws/install/ocs2_robotic_assets/share/ocs2_robotic_assets/resources/mobile_manipulator/franka/meshes/collision/link2.stl
-- Symlinking: /home/zxs/ocs2_ros2_legubiao/ws/install/ocs2_robotic_assets/share/ocs2_robotic_assets/resources/mobile_manipulator/franka/meshes/collision/link3.stl
-- Symlinking: /home/zxs/ocs2_ros2_legubiao/ws/install/ocs2_robotic_assets/share/ocs2_robotic_assets/resources/mobile_manipulator/franka/meshes/collision/link4.stl
-- Symlinking: /home/zxs/ocs2_ros2_legubiao/ws/install/ocs2_robotic_assets/share/ocs2_robotic_assets/resources/mobile_manipulator/franka/meshes/collision/link5.stl
-- Symlinking: /home/zxs/ocs2_ros2_legubiao/ws/install/ocs2_robotic_assets/share/ocs2_robotic_assets/resources/mobile_manipulator/franka/meshes/collision/link6.stl
-- Symlinking: /home/zxs/ocs2_ros2_legubiao/ws/install/ocs2_robotic_assets/share/ocs2_robotic_assets/resources/mobile_manipulator/franka/meshes/collision/link7.stl
-- Symlinking: /home/zxs/ocs2_ros2_legubiao/ws/install/ocs2_robotic_assets/share/ocs2_robotic_assets/resources/mobile_manipulator/franka/meshes/meshes/collision/hand.stl
-- Symlinking: /home/zxs/ocs2_ros2_legubiao/ws/install/ocs2_robotic_assets/share/ocs2_robotic_assets/resources/mobile_manipulator/franka/meshes/meshes/collision/link0.stl
-- Symlinking: /home/zxs/ocs2_ros2_legubiao/ws/install/ocs2_robotic_assets/share/ocs2_robotic_assets/resources/mobile_manipulator/franka/meshes/meshes/collision/link1.stl
-- Symlinking: /home/zxs/ocs2_ros2_legubiao/ws/install/ocs2_robotic_assets/share/ocs2_robotic_assets/resources/mobile_manipulator/franka/meshes/meshes/collision/link2.stl
-- Symlinking: /home/zxs/ocs2_ros2_legubiao/ws/install/ocs2_robotic_assets/share/ocs2_robotic_assets/resources/mobile_manipulator/franka/meshes/meshes/collision/link3.stl
-- Symlinking: /home/zxs/ocs2_ros2_legubiao/ws/install/ocs2_robotic_assets/share/ocs2_robotic_assets/resources/mobile_manipulator/franka/meshes/meshes/collision/link4.stl
-- Symlinking: /home/zxs/ocs2_ros2_legubiao/ws/install/ocs2_robotic_assets/share/ocs2_robotic_assets/resources/mobile_manipulator/franka/meshes/meshes/collision/link5.stl
-- Symlinking: /home/zxs/ocs2_ros2_legubiao/ws/install/ocs2_robotic_assets/share/ocs2_robotic_assets/resources/mobile_manipulator/franka/meshes/meshes/collision/link6.stl
-- Symlinking: /home/zxs/ocs2_ros2_legubiao/ws/install/ocs2_robotic_assets/share/ocs2_robotic_assets/resources/mobile_manipulator/franka/meshes/meshes/collision/link7.stl
-- Symlinking: /home/zxs/ocs2_ros2_legubiao/ws/install/ocs2_robotic_assets/share/ocs2_robotic_assets/resources/mobile_manipulator/franka/meshes/meshes/visual/finger.dae
-- Symlinking: /home/zxs/ocs2_ros2_legubiao/ws/install/ocs2_robotic_assets/share/ocs2_robotic_assets/resources/mobile_manipulator/franka/meshes/meshes/visual/hand.dae
-- Symlinking: /home/zxs/ocs2_ros2_legubiao/ws/install/ocs2_robotic_assets/share/ocs2_robotic_assets/resources/mobile_manipulator/franka/meshes/meshes/visual/link0.dae
-- Symlinking: /home/zxs/ocs2_ros2_legubiao/ws/install/ocs2_robotic_assets/share/ocs2_robotic_assets/resources/mobile_manipulator/franka/meshes/meshes/visual/link1.dae
-- Symlinking: /home/zxs/ocs2_ros2_legubiao/ws/install/ocs2_robotic_assets/share/ocs2_robotic_assets/resources/mobile_manipulator/franka/meshes/meshes/visual/link2.dae
-- Symlinking: /home/zxs/ocs2_ros2_legubiao/ws/install/ocs2_robotic_assets/share/ocs2_robotic_assets/resources/mobile_manipulator/franka/meshes/meshes/visual/link3.dae
-- Symlinking: /home/zxs/ocs2_ros2_legubiao/ws/install/ocs2_robotic_assets/share/ocs2_robotic_assets/resources/mobile_manipulator/franka/meshes/meshes/visual/link4.dae
-- Symlinking: /home/zxs/ocs2_ros2_legubiao/ws/install/ocs2_robotic_assets/share/ocs2_robotic_assets/resources/mobile_manipulator/franka/meshes/meshes/visual/link5.dae
-- Symlinking: /home/zxs/ocs2_ros2_legubiao/ws/install/ocs2_robotic_assets/share/ocs2_robotic_assets/resources/mobile_manipulator/franka/meshes/meshes/visual/link6.dae
-- Symlinking: /home/zxs/ocs2_ros2_legubiao/ws/install/ocs2_robotic_assets/share/ocs2_robotic_assets/resources/mobile_manipulator/franka/meshes/meshes/visual/link7.dae
-- Symlinking: /home/zxs/ocs2_ros2_legubiao/ws/install/ocs2_robotic_assets/share/ocs2_robotic_assets/resources/mobile_manipulator/franka/meshes/visual/finger.dae
-- Symlinking: /home/zxs/ocs2_ros2_legubiao/ws/install/ocs2_robotic_assets/share/ocs2_robotic_assets/resources/mobile_manipulator/franka/meshes/visual/hand.dae
-- Symlinking: /home/zxs/ocs2_ros2_legubiao/ws/install/ocs2_robotic_assets/share/ocs2_robotic_assets/resources/mobile_manipulator/franka/meshes/visual/link0.dae
-- Symlinking: /home/zxs/ocs2_ros2_legubiao/ws/install/ocs2_robotic_assets/share/ocs2_robotic_assets/resources/mobile_manipulator/franka/meshes/visual/link1.dae
-- Symlinking: /home/zxs/ocs2_ros2_legubiao/ws/install/ocs2_robotic_assets/share/ocs2_robotic_assets/resources/mobile_manipulator/franka/meshes/visual/link2.dae
-- Symlinking: /home/zxs/ocs2_ros2_legubiao/ws/install/ocs2_robotic_assets/share/ocs2_robotic_assets/resources/mobile_manipulator/franka/meshes/visual/link3.dae
-- Symlinking: /home/zxs/ocs2_ros2_legubiao/ws/install/ocs2_robotic_assets/share/ocs2_robotic_assets/resources/mobile_manipulator/franka/meshes/visual/link4.dae
-- Symlinking: /home/zxs/ocs2_ros2_legubiao/ws/install/ocs2_robotic_assets/share/ocs2_robotic_assets/resources/mobile_manipulator/franka/meshes/visual/link5.dae
-- Symlinking: /home/zxs/ocs2_ros2_legubiao/ws/install/ocs2_robotic_assets/share/ocs2_robotic_assets/resources/mobile_manipulator/franka/meshes/visual/link6.dae
-- Symlinking: /home/zxs/ocs2_ros2_legubiao/ws/install/ocs2_robotic_assets/share/ocs2_robotic_assets/resources/mobile_manipulator/franka/meshes/visual/link7.dae
-- Symlinking: /home/zxs/ocs2_ros2_legubiao/ws/install/ocs2_robotic_assets/share/ocs2_robotic_assets/resources/mobile_manipulator/franka/urdf/panda.urdf
-- Symlinking: /home/zxs/ocs2_ros2_legubiao/ws/install/ocs2_robotic_assets/share/ocs2_robotic_assets/resources/mobile_manipulator/kinova/LICENSE
-- Symlinking: /home/zxs/ocs2_ros2_legubiao/ws/install/ocs2_robotic_assets/share/ocs2_robotic_assets/resources/mobile_manipulator/kinova/meshes/arm.SLDPRT
-- Symlinking: /home/zxs/ocs2_ros2_legubiao/ws/install/ocs2_robotic_assets/share/ocs2_robotic_assets/resources/mobile_manipulator/kinova/meshes/arm.STL
-- Symlinking: /home/zxs/ocs2_ros2_legubiao/ws/install/ocs2_robotic_assets/share/ocs2_robotic_assets/resources/mobile_manipulator/kinova/meshes/arm.dae
-- Symlinking: /home/zxs/ocs2_ros2_legubiao/ws/install/ocs2_robotic_assets/share/ocs2_robotic_assets/resources/mobile_manipulator/kinova/meshes/arm_half_1.STL
-- Symlinking: /home/zxs/ocs2_ros2_legubiao/ws/install/ocs2_robotic_assets/share/ocs2_robotic_assets/resources/mobile_manipulator/kinova/meshes/arm_half_1.dae
-- Symlinking: /home/zxs/ocs2_ros2_legubiao/ws/install/ocs2_robotic_assets/share/ocs2_robotic_assets/resources/mobile_manipulator/kinova/meshes/arm_half_2.STL
-- Symlinking: /home/zxs/ocs2_ros2_legubiao/ws/install/ocs2_robotic_assets/share/ocs2_robotic_assets/resources/mobile_manipulator/kinova/meshes/arm_half_2.dae
-- Symlinking: /home/zxs/ocs2_ros2_legubiao/ws/install/ocs2_robotic_assets/share/ocs2_robotic_assets/resources/mobile_manipulator/kinova/meshes/arm_mico.STL
-- Symlinking: /home/zxs/ocs2_ros2_legubiao/ws/install/ocs2_robotic_assets/share/ocs2_robotic_assets/resources/mobile_manipulator/kinova/meshes/arm_mico.dae
-- Symlinking: /home/zxs/ocs2_ros2_legubiao/ws/install/ocs2_robotic_assets/share/ocs2_robotic_assets/resources/mobile_manipulator/kinova/meshes/base.STL
-- Symlinking: /home/zxs/ocs2_ros2_legubiao/ws/install/ocs2_robotic_assets/share/ocs2_robotic_assets/resources/mobile_manipulator/kinova/meshes/base.dae
-- Symlinking: /home/zxs/ocs2_ros2_legubiao/ws/install/ocs2_robotic_assets/share/ocs2_robotic_assets/resources/mobile_manipulator/kinova/meshes/finger_distal.STL
-- Symlinking: /home/zxs/ocs2_ros2_legubiao/ws/install/ocs2_robotic_assets/share/ocs2_robotic_assets/resources/mobile_manipulator/kinova/meshes/finger_distal.dae
-- Symlinking: /home/zxs/ocs2_ros2_legubiao/ws/install/ocs2_robotic_assets/share/ocs2_robotic_assets/resources/mobile_manipulator/kinova/meshes/finger_proximal.STL
-- Symlinking: /home/zxs/ocs2_ros2_legubiao/ws/install/ocs2_robotic_assets/share/ocs2_robotic_assets/resources/mobile_manipulator/kinova/meshes/finger_proximal.dae
-- Symlinking: /home/zxs/ocs2_ros2_legubiao/ws/install/ocs2_robotic_assets/share/ocs2_robotic_assets/resources/mobile_manipulator/kinova/meshes/forearm.STL
-- Symlinking: /home/zxs/ocs2_ros2_legubiao/ws/install/ocs2_robotic_assets/share/ocs2_robotic_assets/resources/mobile_manipulator/kinova/meshes/forearm.dae
-- Symlinking: /home/zxs/ocs2_ros2_legubiao/ws/install/ocs2_robotic_assets/share/ocs2_robotic_assets/resources/mobile_manipulator/kinova/meshes/forearm_mico.STL
-- Symlinking: /home/zxs/ocs2_ros2_legubiao/ws/install/ocs2_robotic_assets/share/ocs2_robotic_assets/resources/mobile_manipulator/kinova/meshes/forearm_mico.dae
-- Symlinking: /home/zxs/ocs2_ros2_legubiao/ws/install/ocs2_robotic_assets/share/ocs2_robotic_assets/resources/mobile_manipulator/kinova/meshes/hand_2finger.STL
-- Symlinking: /home/zxs/ocs2_ros2_legubiao/ws/install/ocs2_robotic_assets/share/ocs2_robotic_assets/resources/mobile_manipulator/kinova/meshes/hand_2finger.dae
-- Symlinking: /home/zxs/ocs2_ros2_legubiao/ws/install/ocs2_robotic_assets/share/ocs2_robotic_assets/resources/mobile_manipulator/kinova/meshes/hand_3finger.STL
-- Symlinking: /home/zxs/ocs2_ros2_legubiao/ws/install/ocs2_robotic_assets/share/ocs2_robotic_assets/resources/mobile_manipulator/kinova/meshes/hand_3finger.dae
-- Symlinking: /home/zxs/ocs2_ros2_legubiao/ws/install/ocs2_robotic_assets/share/ocs2_robotic_assets/resources/mobile_manipulator/kinova/meshes/ring_big.STL
-- Symlinking: /home/zxs/ocs2_ros2_legubiao/ws/install/ocs2_robotic_assets/share/ocs2_robotic_assets/resources/mobile_manipulator/kinova/meshes/ring_big.dae
-- Symlinking: /home/zxs/ocs2_ros2_legubiao/ws/install/ocs2_robotic_assets/share/ocs2_robotic_assets/resources/mobile_manipulator/kinova/meshes/ring_small.STL
-- Symlinking: /home/zxs/ocs2_ros2_legubiao/ws/install/ocs2_robotic_assets/share/ocs2_robotic_assets/resources/mobile_manipulator/kinova/meshes/ring_small.dae
-- Symlinking: /home/zxs/ocs2_ros2_legubiao/ws/install/ocs2_robotic_assets/share/ocs2_robotic_assets/resources/mobile_manipulator/kinova/meshes/shoulder.STL
-- Symlinking: /home/zxs/ocs2_ros2_legubiao/ws/install/ocs2_robotic_assets/share/ocs2_robotic_assets/resources/mobile_manipulator/kinova/meshes/shoulder.dae
-- Symlinking: /home/zxs/ocs2_ros2_legubiao/ws/install/ocs2_robotic_assets/share/ocs2_robotic_assets/resources/mobile_manipulator/kinova/meshes/wrist.STL
-- Symlinking: /home/zxs/ocs2_ros2_legubiao/ws/install/ocs2_robotic_assets/share/ocs2_robotic_assets/resources/mobile_manipulator/kinova/meshes/wrist.dae
-- Symlinking: /home/zxs/ocs2_ros2_legubiao/ws/install/ocs2_robotic_assets/share/ocs2_robotic_assets/resources/mobile_manipulator/kinova/meshes/wrist_spherical_1.STL
-- Symlinking: /home/zxs/ocs2_ros2_legubiao/ws/install/ocs2_robotic_assets/share/ocs2_robotic_assets/resources/mobile_manipulator/kinova/meshes/wrist_spherical_1.dae
-- Symlinking: /home/zxs/ocs2_ros2_legubiao/ws/install/ocs2_robotic_assets/share/ocs2_robotic_assets/resources/mobile_manipulator/kinova/meshes/wrist_spherical_2.STL
-- Symlinking: /home/zxs/ocs2_ros2_legubiao/ws/install/ocs2_robotic_assets/share/ocs2_robotic_assets/resources/mobile_manipulator/kinova/meshes/wrist_spherical_2.dae
-- Symlinking: /home/zxs/ocs2_ros2_legubiao/ws/install/ocs2_robotic_assets/share/ocs2_robotic_assets/resources/mobile_manipulator/kinova/urdf/j2n6s300.urdf
-- Symlinking: /home/zxs/ocs2_ros2_legubiao/ws/install/ocs2_robotic_assets/share/ocs2_robotic_assets/resources/mobile_manipulator/kinova/urdf/j2n7s300.urdf
-- Symlinking: /home/zxs/ocs2_ros2_legubiao/ws/install/ocs2_robotic_assets/share/ocs2_robotic_assets/resources/mobile_manipulator/mabi_mobile/urdf/mabi_mobile.urdf
-- Symlinking: /home/zxs/ocs2_ros2_legubiao/ws/install/ocs2_robotic_assets/share/ocs2_robotic_assets/resources/mobile_manipulator/pr2/LICENSE
-- Symlinking: /home/zxs/ocs2_ros2_legubiao/ws/install/ocs2_robotic_assets/share/ocs2_robotic_assets/resources/mobile_manipulator/pr2/materials/textures/pr2_caster_texture.png
-- Symlinking: /home/zxs/ocs2_ros2_legubiao/ws/install/ocs2_robotic_assets/share/ocs2_robotic_assets/resources/mobile_manipulator/pr2/materials/textures/pr2_wheel_left.png
-- Symlinking: /home/zxs/ocs2_ros2_legubiao/ws/install/ocs2_robotic_assets/share/ocs2_robotic_assets/resources/mobile_manipulator/pr2/materials/textures/pr2_wheel_right.png
-- Symlinking: /home/zxs/ocs2_ros2_legubiao/ws/install/ocs2_robotic_assets/share/ocs2_robotic_assets/resources/mobile_manipulator/pr2/meshes/base_v0/.gitignore
-- Symlinking: /home/zxs/ocs2_ros2_legubiao/ws/install/ocs2_robotic_assets/share/ocs2_robotic_assets/resources/mobile_manipulator/pr2/meshes/base_v0/base.dae
-- Symlinking: /home/zxs/ocs2_ros2_legubiao/ws/install/ocs2_robotic_assets/share/ocs2_robotic_assets/resources/mobile_manipulator/pr2/meshes/base_v0/base.stl
-- Symlinking: /home/zxs/ocs2_ros2_legubiao/ws/install/ocs2_robotic_assets/share/ocs2_robotic_assets/resources/mobile_manipulator/pr2/meshes/base_v0/base_L.stl
-- Symlinking: /home/zxs/ocs2_ros2_legubiao/ws/install/ocs2_robotic_assets/share/ocs2_robotic_assets/resources/mobile_manipulator/pr2/meshes/base_v0/base_color.png
-- Symlinking: /home/zxs/ocs2_ros2_legubiao/ws/install/ocs2_robotic_assets/share/ocs2_robotic_assets/resources/mobile_manipulator/pr2/meshes/base_v0/base_normals.png
-- Symlinking: /home/zxs/ocs2_ros2_legubiao/ws/install/ocs2_robotic_assets/share/ocs2_robotic_assets/resources/mobile_manipulator/pr2/meshes/base_v0/caster.stl
-- Symlinking: /home/zxs/ocs2_ros2_legubiao/ws/install/ocs2_robotic_assets/share/ocs2_robotic_assets/resources/mobile_manipulator/pr2/meshes/base_v0/caster_L.stl
-- Symlinking: /home/zxs/ocs2_ros2_legubiao/ws/install/ocs2_robotic_assets/share/ocs2_robotic_assets/resources/mobile_manipulator/pr2/meshes/base_v0/pr2_wheel.stl
-- Symlinking: /home/zxs/ocs2_ros2_legubiao/ws/install/ocs2_robotic_assets/share/ocs2_robotic_assets/resources/mobile_manipulator/pr2/meshes/base_v0/wheel.dae
-- Symlinking: /home/zxs/ocs2_ros2_legubiao/ws/install/ocs2_robotic_assets/share/ocs2_robotic_assets/resources/mobile_manipulator/pr2/meshes/base_v0/wheel.stl
-- Symlinking: /home/zxs/ocs2_ros2_legubiao/ws/install/ocs2_robotic_assets/share/ocs2_robotic_assets/resources/mobile_manipulator/pr2/meshes/base_v0/wheel_color.png
-- Symlinking: /home/zxs/ocs2_ros2_legubiao/ws/install/ocs2_robotic_assets/share/ocs2_robotic_assets/resources/mobile_manipulator/pr2/meshes/base_v0/wheel_h.dae
-- Symlinking: /home/zxs/ocs2_ros2_legubiao/ws/install/ocs2_robotic_assets/share/ocs2_robotic_assets/resources/mobile_manipulator/pr2/meshes/base_v0/wheel_h_color.png
-- Symlinking: /home/zxs/ocs2_ros2_legubiao/ws/install/ocs2_robotic_assets/share/ocs2_robotic_assets/resources/mobile_manipulator/pr2/meshes/base_v0/wheel_normals.png
-- Symlinking: /home/zxs/ocs2_ros2_legubiao/ws/install/ocs2_robotic_assets/share/ocs2_robotic_assets/resources/mobile_manipulator/pr2/meshes/forearm_v0/.gitignore
-- Symlinking: /home/zxs/ocs2_ros2_legubiao/ws/install/ocs2_robotic_assets/share/ocs2_robotic_assets/resources/mobile_manipulator/pr2/meshes/forearm_v0/forearm.dae
-- Symlinking: /home/zxs/ocs2_ros2_legubiao/ws/install/ocs2_robotic_assets/share/ocs2_robotic_assets/resources/mobile_manipulator/pr2/meshes/forearm_v0/forearm.jpg
-- Symlinking: /home/zxs/ocs2_ros2_legubiao/ws/install/ocs2_robotic_assets/share/ocs2_robotic_assets/resources/mobile_manipulator/pr2/meshes/forearm_v0/forearm.stl
-- Symlinking: /home/zxs/ocs2_ros2_legubiao/ws/install/ocs2_robotic_assets/share/ocs2_robotic_assets/resources/mobile_manipulator/pr2/meshes/forearm_v0/forearm_color.png
-- Symlinking: /home/zxs/ocs2_ros2_legubiao/ws/install/ocs2_robotic_assets/share/ocs2_robotic_assets/resources/mobile_manipulator/pr2/meshes/forearm_v0/forearm_normals.png
-- Symlinking: /home/zxs/ocs2_ros2_legubiao/ws/install/ocs2_robotic_assets/share/ocs2_robotic_assets/resources/mobile_manipulator/pr2/meshes/forearm_v0/wrist_color.png
-- Symlinking: /home/zxs/ocs2_ros2_legubiao/ws/install/ocs2_robotic_assets/share/ocs2_robotic_assets/resources/mobile_manipulator/pr2/meshes/forearm_v0/wrist_flex.dae
-- Symlinking: /home/zxs/ocs2_ros2_legubiao/ws/install/ocs2_robotic_assets/share/ocs2_robotic_assets/resources/mobile_manipulator/pr2/meshes/forearm_v0/wrist_flex.stl
-- Symlinking: /home/zxs/ocs2_ros2_legubiao/ws/install/ocs2_robotic_assets/share/ocs2_robotic_assets/resources/mobile_manipulator/pr2/meshes/forearm_v0/wrist_normals.png
-- Symlinking: /home/zxs/ocs2_ros2_legubiao/ws/install/ocs2_robotic_assets/share/ocs2_robotic_assets/resources/mobile_manipulator/pr2/meshes/forearm_v0/wrist_roll.stl
-- Symlinking: /home/zxs/ocs2_ros2_legubiao/ws/install/ocs2_robotic_assets/share/ocs2_robotic_assets/resources/mobile_manipulator/pr2/meshes/forearm_v0/wrist_roll_L.stl
-- Symlinking: /home/zxs/ocs2_ros2_legubiao/ws/install/ocs2_robotic_assets/share/ocs2_robotic_assets/resources/mobile_manipulator/pr2/meshes/gripper_v0/.gitignore
-- Symlinking: /home/zxs/ocs2_ros2_legubiao/ws/install/ocs2_robotic_assets/share/ocs2_robotic_assets/resources/mobile_manipulator/pr2/meshes/gripper_v0/finger_H_Color_100430.png
-- Symlinking: /home/zxs/ocs2_ros2_legubiao/ws/install/ocs2_robotic_assets/share/ocs2_robotic_assets/resources/mobile_manipulator/pr2/meshes/gripper_v0/finger_H_UV_100430.dae
-- Symlinking: /home/zxs/ocs2_ros2_legubiao/ws/install/ocs2_robotic_assets/share/ocs2_robotic_assets/resources/mobile_manipulator/pr2/meshes/gripper_v0/finger_tip_H_UV_100430.dae
-- Symlinking: /home/zxs/ocs2_ros2_legubiao/ws/install/ocs2_robotic_assets/share/ocs2_robotic_assets/resources/mobile_manipulator/pr2/meshes/gripper_v0/finger_tip_l.stl
-- Symlinking: /home/zxs/ocs2_ros2_legubiao/ws/install/ocs2_robotic_assets/share/ocs2_robotic_assets/resources/mobile_manipulator/pr2/meshes/gripper_v0/finger_tip_pad2_l.stl
-- Symlinking: /home/zxs/ocs2_ros2_legubiao/ws/install/ocs2_robotic_assets/share/ocs2_robotic_assets/resources/mobile_manipulator/pr2/meshes/gripper_v0/finger_tip_pad2_r.stl
-- Symlinking: /home/zxs/ocs2_ros2_legubiao/ws/install/ocs2_robotic_assets/share/ocs2_robotic_assets/resources/mobile_manipulator/pr2/meshes/gripper_v0/finger_tip_r.stl
-- Symlinking: /home/zxs/ocs2_ros2_legubiao/ws/install/ocs2_robotic_assets/share/ocs2_robotic_assets/resources/mobile_manipulator/pr2/meshes/gripper_v0/fingertip_H_Color_100430.png
-- Symlinking: /home/zxs/ocs2_ros2_legubiao/ws/install/ocs2_robotic_assets/share/ocs2_robotic_assets/resources/mobile_manipulator/pr2/meshes/gripper_v0/float_H_Color_100430.png
-- Symlinking: /home/zxs/ocs2_ros2_legubiao/ws/install/ocs2_robotic_assets/share/ocs2_robotic_assets/resources/mobile_manipulator/pr2/meshes/gripper_v0/float_H_UV_100430.dae
-- Symlinking: /home/zxs/ocs2_ros2_legubiao/ws/install/ocs2_robotic_assets/share/ocs2_robotic_assets/resources/mobile_manipulator/pr2/meshes/gripper_v0/gripper_palm.dae
-- Symlinking: /home/zxs/ocs2_ros2_legubiao/ws/install/ocs2_robotic_assets/share/ocs2_robotic_assets/resources/mobile_manipulator/pr2/meshes/gripper_v0/gripper_palm.stl
-- Symlinking: /home/zxs/ocs2_ros2_legubiao/ws/install/ocs2_robotic_assets/share/ocs2_robotic_assets/resources/mobile_manipulator/pr2/meshes/gripper_v0/gripper_palm_color.png
-- Symlinking: /home/zxs/ocs2_ros2_legubiao/ws/install/ocs2_robotic_assets/share/ocs2_robotic_assets/resources/mobile_manipulator/pr2/meshes/gripper_v0/gripper_palm_normals.png
-- Symlinking: /home/zxs/ocs2_ros2_legubiao/ws/install/ocs2_robotic_assets/share/ocs2_robotic_assets/resources/mobile_manipulator/pr2/meshes/gripper_v0/l_finger.dae
-- Symlinking: /home/zxs/ocs2_ros2_legubiao/ws/install/ocs2_robotic_assets/share/ocs2_robotic_assets/resources/mobile_manipulator/pr2/meshes/gripper_v0/l_finger.stl
-- Symlinking: /home/zxs/ocs2_ros2_legubiao/ws/install/ocs2_robotic_assets/share/ocs2_robotic_assets/resources/mobile_manipulator/pr2/meshes/gripper_v0/l_finger_color.png
-- Symlinking: /home/zxs/ocs2_ros2_legubiao/ws/install/ocs2_robotic_assets/share/ocs2_robotic_assets/resources/mobile_manipulator/pr2/meshes/gripper_v0/l_finger_normals.png
-- Symlinking: /home/zxs/ocs2_ros2_legubiao/ws/install/ocs2_robotic_assets/share/ocs2_robotic_assets/resources/mobile_manipulator/pr2/meshes/gripper_v0/l_finger_tip.dae
-- Symlinking: /home/zxs/ocs2_ros2_legubiao/ws/install/ocs2_robotic_assets/share/ocs2_robotic_assets/resources/mobile_manipulator/pr2/meshes/gripper_v0/l_finger_tip.stl
-- Symlinking: /home/zxs/ocs2_ros2_legubiao/ws/install/ocs2_robotic_assets/share/ocs2_robotic_assets/resources/mobile_manipulator/pr2/meshes/gripper_v0/l_finger_tip_color.png
-- Symlinking: /home/zxs/ocs2_ros2_legubiao/ws/install/ocs2_robotic_assets/share/ocs2_robotic_assets/resources/mobile_manipulator/pr2/meshes/gripper_v0/l_finger_tip_normals.png
-- Symlinking: /home/zxs/ocs2_ros2_legubiao/ws/install/ocs2_robotic_assets/share/ocs2_robotic_assets/resources/mobile_manipulator/pr2/meshes/gripper_v0/l_float.dae
-- Symlinking: /home/zxs/ocs2_ros2_legubiao/ws/install/ocs2_robotic_assets/share/ocs2_robotic_assets/resources/mobile_manipulator/pr2/meshes/gripper_v0/l_float_color.png
-- Symlinking: /home/zxs/ocs2_ros2_legubiao/ws/install/ocs2_robotic_assets/share/ocs2_robotic_assets/resources/mobile_manipulator/pr2/meshes/gripper_v0/l_float_normals.png
-- Symlinking: /home/zxs/ocs2_ros2_legubiao/ws/install/ocs2_robotic_assets/share/ocs2_robotic_assets/resources/mobile_manipulator/pr2/meshes/gripper_v0/l_floating.stl
-- Symlinking: /home/zxs/ocs2_ros2_legubiao/ws/install/ocs2_robotic_assets/share/ocs2_robotic_assets/resources/mobile_manipulator/pr2/meshes/gripper_v0/palm_H_Color_100430.png
-- Symlinking: /home/zxs/ocs2_ros2_legubiao/ws/install/ocs2_robotic_assets/share/ocs2_robotic_assets/resources/mobile_manipulator/pr2/meshes/gripper_v0/palm_H_UV_100430.dae
-- Symlinking: /home/zxs/ocs2_ros2_legubiao/ws/install/ocs2_robotic_assets/share/ocs2_robotic_assets/resources/mobile_manipulator/pr2/meshes/gripper_v0/upper_finger_l.stl
-- Symlinking: /home/zxs/ocs2_ros2_legubiao/ws/install/ocs2_robotic_assets/share/ocs2_robotic_assets/resources/mobile_manipulator/pr2/meshes/gripper_v0/upper_finger_r.stl
-- Symlinking: /home/zxs/ocs2_ros2_legubiao/ws/install/ocs2_robotic_assets/share/ocs2_robotic_assets/resources/mobile_manipulator/pr2/meshes/head_v0/.gitignore
-- Symlinking: /home/zxs/ocs2_ros2_legubiao/ws/install/ocs2_robotic_assets/share/ocs2_robotic_assets/resources/mobile_manipulator/pr2/meshes/head_v0/head_pan.dae
-- Symlinking: /home/zxs/ocs2_ros2_legubiao/ws/install/ocs2_robotic_assets/share/ocs2_robotic_assets/resources/mobile_manipulator/pr2/meshes/head_v0/head_pan.stl
-- Symlinking: /home/zxs/ocs2_ros2_legubiao/ws/install/ocs2_robotic_assets/share/ocs2_robotic_assets/resources/mobile_manipulator/pr2/meshes/head_v0/head_pan_L.stl
-- Symlinking: /home/zxs/ocs2_ros2_legubiao/ws/install/ocs2_robotic_assets/share/ocs2_robotic_assets/resources/mobile_manipulator/pr2/meshes/head_v0/head_pan_color.png
-- Symlinking: /home/zxs/ocs2_ros2_legubiao/ws/install/ocs2_robotic_assets/share/ocs2_robotic_assets/resources/mobile_manipulator/pr2/meshes/head_v0/head_pan_normals.png
-- Symlinking: /home/zxs/ocs2_ros2_legubiao/ws/install/ocs2_robotic_assets/share/ocs2_robotic_assets/resources/mobile_manipulator/pr2/meshes/head_v0/head_tilt.dae
-- Symlinking: /home/zxs/ocs2_ros2_legubiao/ws/install/ocs2_robotic_assets/share/ocs2_robotic_assets/resources/mobile_manipulator/pr2/meshes/head_v0/head_tilt.stl
-- Symlinking: /home/zxs/ocs2_ros2_legubiao/ws/install/ocs2_robotic_assets/share/ocs2_robotic_assets/resources/mobile_manipulator/pr2/meshes/head_v0/head_tilt_L.stl
-- Symlinking: /home/zxs/ocs2_ros2_legubiao/ws/install/ocs2_robotic_assets/share/ocs2_robotic_assets/resources/mobile_manipulator/pr2/meshes/head_v0/head_tilt_color.png
-- Symlinking: /home/zxs/ocs2_ros2_legubiao/ws/install/ocs2_robotic_assets/share/ocs2_robotic_assets/resources/mobile_manipulator/pr2/meshes/head_v0/head_tilt_color_red.png
-- Symlinking: /home/zxs/ocs2_ros2_legubiao/ws/install/ocs2_robotic_assets/share/ocs2_robotic_assets/resources/mobile_manipulator/pr2/meshes/head_v0/head_tilt_color_yellow.png
-- Symlinking: /home/zxs/ocs2_ros2_legubiao/ws/install/ocs2_robotic_assets/share/ocs2_robotic_assets/resources/mobile_manipulator/pr2/meshes/head_v0/head_tilt_green.png
-- Symlinking: /home/zxs/ocs2_ros2_legubiao/ws/install/ocs2_robotic_assets/share/ocs2_robotic_assets/resources/mobile_manipulator/pr2/meshes/head_v0/head_tilt_normals.png
-- Symlinking: /home/zxs/ocs2_ros2_legubiao/ws/install/ocs2_robotic_assets/share/ocs2_robotic_assets/resources/mobile_manipulator/pr2/meshes/sensors/kinect2_v0/kinect2_assembly.STL
-- Symlinking: /home/zxs/ocs2_ros2_legubiao/ws/install/ocs2_robotic_assets/share/ocs2_robotic_assets/resources/mobile_manipulator/pr2/meshes/sensors/kinect2_v0/kinect2_assembly.dae
-- Symlinking: /home/zxs/ocs2_ros2_legubiao/ws/install/ocs2_robotic_assets/share/ocs2_robotic_assets/resources/mobile_manipulator/pr2/meshes/sensors/kinect_prosilica_v0/115x100_swept_back--coarse.STL
-- Symlinking: /home/zxs/ocs2_ros2_legubiao/ws/install/ocs2_robotic_assets/share/ocs2_robotic_assets/resources/mobile_manipulator/pr2/meshes/sensors/kinect_prosilica_v0/115x100_swept_back_no_sensors--coarse.STL
-- Symlinking: /home/zxs/ocs2_ros2_legubiao/ws/install/ocs2_robotic_assets/share/ocs2_robotic_assets/resources/mobile_manipulator/pr2/meshes/sensors/kinect_prosilica_v0/115x100_swept_fwd--coarse.STL
-- Symlinking: /home/zxs/ocs2_ros2_legubiao/ws/install/ocs2_robotic_assets/share/ocs2_robotic_assets/resources/mobile_manipulator/pr2/meshes/sensors/kinect_prosilica_v0/115x100_swept_fwd_no_sensors--coarse.STL
-- Symlinking: /home/zxs/ocs2_ros2_legubiao/ws/install/ocs2_robotic_assets/share/ocs2_robotic_assets/resources/mobile_manipulator/pr2/meshes/sensors/kinect_prosilica_v0/68-04546_Kinect_Sensor--coarse.STL
-- Symlinking: /home/zxs/ocs2_ros2_legubiao/ws/install/ocs2_robotic_assets/share/ocs2_robotic_assets/resources/mobile_manipulator/pr2/meshes/sensors/kinect_prosilica_v0/Prosilica_w_Lens--coarse.STL
-- Symlinking: /home/zxs/ocs2_ros2_legubiao/ws/install/ocs2_robotic_assets/share/ocs2_robotic_assets/resources/mobile_manipulator/pr2/meshes/sensors/kinect_v0/kinect.dae
-- Symlinking: /home/zxs/ocs2_ros2_legubiao/ws/install/ocs2_robotic_assets/share/ocs2_robotic_assets/resources/mobile_manipulator/pr2/meshes/sensors/kinect_v0/kinect.tga
-- Symlinking: /home/zxs/ocs2_ros2_legubiao/ws/install/ocs2_robotic_assets/share/ocs2_robotic_assets/resources/mobile_manipulator/pr2/meshes/sensors/kinect_v0/kinect_color.tga
-- Symlinking: /home/zxs/ocs2_ros2_legubiao/ws/install/ocs2_robotic_assets/share/ocs2_robotic_assets/resources/mobile_manipulator/pr2/meshes/sensors/kinect_v0/kinect_mount.stl
-- Symlinking: /home/zxs/ocs2_ros2_legubiao/ws/install/ocs2_robotic_assets/share/ocs2_robotic_assets/resources/mobile_manipulator/pr2/meshes/shoulder_v0/.gitignore
-- Symlinking: /home/zxs/ocs2_ros2_legubiao/ws/install/ocs2_robotic_assets/share/ocs2_robotic_assets/resources/mobile_manipulator/pr2/meshes/shoulder_v0/shoulder_lift.dae
-- Symlinking: /home/zxs/ocs2_ros2_legubiao/ws/install/ocs2_robotic_assets/share/ocs2_robotic_assets/resources/mobile_manipulator/pr2/meshes/shoulder_v0/shoulder_lift.stl
-- Symlinking: /home/zxs/ocs2_ros2_legubiao/ws/install/ocs2_robotic_assets/share/ocs2_robotic_assets/resources/mobile_manipulator/pr2/meshes/shoulder_v0/shoulder_lift_color.png
-- Symlinking: /home/zxs/ocs2_ros2_legubiao/ws/install/ocs2_robotic_assets/share/ocs2_robotic_assets/resources/mobile_manipulator/pr2/meshes/shoulder_v0/shoulder_lift_normals.png
-- Symlinking: /home/zxs/ocs2_ros2_legubiao/ws/install/ocs2_robotic_assets/share/ocs2_robotic_assets/resources/mobile_manipulator/pr2/meshes/shoulder_v0/shoulder_pan.dae
-- Symlinking: /home/zxs/ocs2_ros2_legubiao/ws/install/ocs2_robotic_assets/share/ocs2_robotic_assets/resources/mobile_manipulator/pr2/meshes/shoulder_v0/shoulder_pan.stl
-- Symlinking: /home/zxs/ocs2_ros2_legubiao/ws/install/ocs2_robotic_assets/share/ocs2_robotic_assets/resources/mobile_manipulator/pr2/meshes/shoulder_v0/shoulder_pan_color.png
-- Symlinking: /home/zxs/ocs2_ros2_legubiao/ws/install/ocs2_robotic_assets/share/ocs2_robotic_assets/resources/mobile_manipulator/pr2/meshes/shoulder_v0/shoulder_pan_normals.png
-- Symlinking: /home/zxs/ocs2_ros2_legubiao/ws/install/ocs2_robotic_assets/share/ocs2_robotic_assets/resources/mobile_manipulator/pr2/meshes/shoulder_v0/shoulder_yaw.stl
-- Symlinking: /home/zxs/ocs2_ros2_legubiao/ws/install/ocs2_robotic_assets/share/ocs2_robotic_assets/resources/mobile_manipulator/pr2/meshes/shoulder_v0/upper_arm_roll.dae
-- Symlinking: /home/zxs/ocs2_ros2_legubiao/ws/install/ocs2_robotic_assets/share/ocs2_robotic_assets/resources/mobile_manipulator/pr2/meshes/shoulder_v0/upper_arm_roll.stl
-- Symlinking: /home/zxs/ocs2_ros2_legubiao/ws/install/ocs2_robotic_assets/share/ocs2_robotic_assets/resources/mobile_manipulator/pr2/meshes/shoulder_v0/upper_arm_roll_L.stl
-- Symlinking: /home/zxs/ocs2_ros2_legubiao/ws/install/ocs2_robotic_assets/share/ocs2_robotic_assets/resources/mobile_manipulator/pr2/meshes/shoulder_v0/upper_arm_roll_color.png
-- Symlinking: /home/zxs/ocs2_ros2_legubiao/ws/install/ocs2_robotic_assets/share/ocs2_robotic_assets/resources/mobile_manipulator/pr2/meshes/shoulder_v0/upper_arm_roll_normals.png
-- Symlinking: /home/zxs/ocs2_ros2_legubiao/ws/install/ocs2_robotic_assets/share/ocs2_robotic_assets/resources/mobile_manipulator/pr2/meshes/tilting_laser_v0/.gitignore
-- Symlinking: /home/zxs/ocs2_ros2_legubiao/ws/install/ocs2_robotic_assets/share/ocs2_robotic_assets/resources/mobile_manipulator/pr2/meshes/tilting_laser_v0/hok_tilt.stl
-- Symlinking: /home/zxs/ocs2_ros2_legubiao/ws/install/ocs2_robotic_assets/share/ocs2_robotic_assets/resources/mobile_manipulator/pr2/meshes/tilting_laser_v0/tilting_hokuyo.dae
-- Symlinking: /home/zxs/ocs2_ros2_legubiao/ws/install/ocs2_robotic_assets/share/ocs2_robotic_assets/resources/mobile_manipulator/pr2/meshes/tilting_laser_v0/tilting_hokuyo.stl
-- Symlinking: /home/zxs/ocs2_ros2_legubiao/ws/install/ocs2_robotic_assets/share/ocs2_robotic_assets/resources/mobile_manipulator/pr2/meshes/tilting_laser_v0/tilting_hokuyo_L.stl
-- Symlinking: /home/zxs/ocs2_ros2_legubiao/ws/install/ocs2_robotic_assets/share/ocs2_robotic_assets/resources/mobile_manipulator/pr2/meshes/tilting_laser_v0/tilting_hokuyo_color.png
-- Symlinking: /home/zxs/ocs2_ros2_legubiao/ws/install/ocs2_robotic_assets/share/ocs2_robotic_assets/resources/mobile_manipulator/pr2/meshes/tilting_laser_v0/tilting_hokuyo_normals.png
-- Symlinking: /home/zxs/ocs2_ros2_legubiao/ws/install/ocs2_robotic_assets/share/ocs2_robotic_assets/resources/mobile_manipulator/pr2/meshes/torso_v0/.gitignore
-- Symlinking: /home/zxs/ocs2_ros2_legubiao/ws/install/ocs2_robotic_assets/share/ocs2_robotic_assets/resources/mobile_manipulator/pr2/meshes/torso_v0/torso.stl
-- Symlinking: /home/zxs/ocs2_ros2_legubiao/ws/install/ocs2_robotic_assets/share/ocs2_robotic_assets/resources/mobile_manipulator/pr2/meshes/torso_v0/torso_lift.dae
-- Symlinking: /home/zxs/ocs2_ros2_legubiao/ws/install/ocs2_robotic_assets/share/ocs2_robotic_assets/resources/mobile_manipulator/pr2/meshes/torso_v0/torso_lift.stl
-- Symlinking: /home/zxs/ocs2_ros2_legubiao/ws/install/ocs2_robotic_assets/share/ocs2_robotic_assets/resources/mobile_manipulator/pr2/meshes/torso_v0/torso_lift_L.stl
-- Symlinking: /home/zxs/ocs2_ros2_legubiao/ws/install/ocs2_robotic_assets/share/ocs2_robotic_assets/resources/mobile_manipulator/pr2/meshes/torso_v0/torso_lift_color.png
-- Symlinking: /home/zxs/ocs2_ros2_legubiao/ws/install/ocs2_robotic_assets/share/ocs2_robotic_assets/resources/mobile_manipulator/pr2/meshes/torso_v0/torso_lift_normals.png
-- Symlinking: /home/zxs/ocs2_ros2_legubiao/ws/install/ocs2_robotic_assets/share/ocs2_robotic_assets/resources/mobile_manipulator/pr2/meshes/upper_arm_v0/.gitignore
-- Symlinking: /home/zxs/ocs2_ros2_legubiao/ws/install/ocs2_robotic_assets/share/ocs2_robotic_assets/resources/mobile_manipulator/pr2/meshes/upper_arm_v0/elbow_flex.dae
-- Symlinking: /home/zxs/ocs2_ros2_legubiao/ws/install/ocs2_robotic_assets/share/ocs2_robotic_assets/resources/mobile_manipulator/pr2/meshes/upper_arm_v0/elbow_flex.stl
-- Symlinking: /home/zxs/ocs2_ros2_legubiao/ws/install/ocs2_robotic_assets/share/ocs2_robotic_assets/resources/mobile_manipulator/pr2/meshes/upper_arm_v0/elbow_flex_color.png
-- Symlinking: /home/zxs/ocs2_ros2_legubiao/ws/install/ocs2_robotic_assets/share/ocs2_robotic_assets/resources/mobile_manipulator/pr2/meshes/upper_arm_v0/elbow_flex_normals.png
-- Symlinking: /home/zxs/ocs2_ros2_legubiao/ws/install/ocs2_robotic_assets/share/ocs2_robotic_assets/resources/mobile_manipulator/pr2/meshes/upper_arm_v0/forearm_roll.stl
-- Symlinking: /home/zxs/ocs2_ros2_legubiao/ws/install/ocs2_robotic_assets/share/ocs2_robotic_assets/resources/mobile_manipulator/pr2/meshes/upper_arm_v0/forearm_roll_L.stl
-- Symlinking: /home/zxs/ocs2_ros2_legubiao/ws/install/ocs2_robotic_assets/share/ocs2_robotic_assets/resources/mobile_manipulator/pr2/meshes/upper_arm_v0/upper_arm.dae
-- Symlinking: /home/zxs/ocs2_ros2_legubiao/ws/install/ocs2_robotic_assets/share/ocs2_robotic_assets/resources/mobile_manipulator/pr2/meshes/upper_arm_v0/upper_arm.jpg
-- Symlinking: /home/zxs/ocs2_ros2_legubiao/ws/install/ocs2_robotic_assets/share/ocs2_robotic_assets/resources/mobile_manipulator/pr2/meshes/upper_arm_v0/upper_arm.stl
-- Symlinking: /home/zxs/ocs2_ros2_legubiao/ws/install/ocs2_robotic_assets/share/ocs2_robotic_assets/resources/mobile_manipulator/pr2/meshes/upper_arm_v0/upper_arm_color.png
-- Symlinking: /home/zxs/ocs2_ros2_legubiao/ws/install/ocs2_robotic_assets/share/ocs2_robotic_assets/resources/mobile_manipulator/pr2/meshes/upper_arm_v0/upper_arm_normals.png
-- Symlinking: /home/zxs/ocs2_ros2_legubiao/ws/install/ocs2_robotic_assets/share/ocs2_robotic_assets/resources/mobile_manipulator/pr2/urdf/pr2.urdf
-- Symlinking: /home/zxs/ocs2_ros2_legubiao/ws/install/ocs2_robotic_assets/share/ocs2_robotic_assets/resources/mobile_manipulator/ridgeback_ur5/LICENSE
-- Symlinking: /home/zxs/ocs2_ros2_legubiao/ws/install/ocs2_robotic_assets/share/ocs2_robotic_assets/resources/mobile_manipulator/ridgeback_ur5/meshes/base/3dm-gxX.stl
-- Symlinking: /home/zxs/ocs2_ros2_legubiao/ws/install/ocs2_robotic_assets/share/ocs2_robotic_assets/resources/mobile_manipulator/ridgeback_ur5/meshes/base/axle.stl
-- Symlinking: /home/zxs/ocs2_ros2_legubiao/ws/install/ocs2_robotic_assets/share/ocs2_robotic_assets/resources/mobile_manipulator/ridgeback_ur5/meshes/base/body-collision.stl
-- Symlinking: /home/zxs/ocs2_ros2_legubiao/ws/install/ocs2_robotic_assets/share/ocs2_robotic_assets/resources/mobile_manipulator/ridgeback_ur5/meshes/base/body.stl
-- Symlinking: /home/zxs/ocs2_ros2_legubiao/ws/install/ocs2_robotic_assets/share/ocs2_robotic_assets/resources/mobile_manipulator/ridgeback_ur5/meshes/base/end-cover.stl
-- Symlinking: /home/zxs/ocs2_ros2_legubiao/ws/install/ocs2_robotic_assets/share/ocs2_robotic_assets/resources/mobile_manipulator/ridgeback_ur5/meshes/base/lights.stl
-- Symlinking: /home/zxs/ocs2_ros2_legubiao/ws/install/ocs2_robotic_assets/share/ocs2_robotic_assets/resources/mobile_manipulator/ridgeback_ur5/meshes/base/rocker.stl
-- Symlinking: /home/zxs/ocs2_ros2_legubiao/ws/install/ocs2_robotic_assets/share/ocs2_robotic_assets/resources/mobile_manipulator/ridgeback_ur5/meshes/base/side-cover.stl
-- Symlinking: /home/zxs/ocs2_ros2_legubiao/ws/install/ocs2_robotic_assets/share/ocs2_robotic_assets/resources/mobile_manipulator/ridgeback_ur5/meshes/base/top.stl
-- Symlinking: /home/zxs/ocs2_ros2_legubiao/ws/install/ocs2_robotic_assets/share/ocs2_robotic_assets/resources/mobile_manipulator/ridgeback_ur5/meshes/base/ust-10lx.stl
-- Symlinking: /home/zxs/ocs2_ros2_legubiao/ws/install/ocs2_robotic_assets/share/ocs2_robotic_assets/resources/mobile_manipulator/ridgeback_ur5/meshes/base/wheel.stl
-- Symlinking: /home/zxs/ocs2_ros2_legubiao/ws/install/ocs2_robotic_assets/share/ocs2_robotic_assets/resources/mobile_manipulator/ridgeback_ur5/meshes/ur5/collision/base.stl
-- Symlinking: /home/zxs/ocs2_ros2_legubiao/ws/install/ocs2_robotic_assets/share/ocs2_robotic_assets/resources/mobile_manipulator/ridgeback_ur5/meshes/ur5/collision/forearm.stl
-- Symlinking: /home/zxs/ocs2_ros2_legubiao/ws/install/ocs2_robotic_assets/share/ocs2_robotic_assets/resources/mobile_manipulator/ridgeback_ur5/meshes/ur5/collision/shoulder.stl
-- Symlinking: /home/zxs/ocs2_ros2_legubiao/ws/install/ocs2_robotic_assets/share/ocs2_robotic_assets/resources/mobile_manipulator/ridgeback_ur5/meshes/ur5/collision/upperarm.stl
-- Symlinking: /home/zxs/ocs2_ros2_legubiao/ws/install/ocs2_robotic_assets/share/ocs2_robotic_assets/resources/mobile_manipulator/ridgeback_ur5/meshes/ur5/collision/wrist1.stl
-- Symlinking: /home/zxs/ocs2_ros2_legubiao/ws/install/ocs2_robotic_assets/share/ocs2_robotic_assets/resources/mobile_manipulator/ridgeback_ur5/meshes/ur5/collision/wrist2.stl
-- Symlinking: /home/zxs/ocs2_ros2_legubiao/ws/install/ocs2_robotic_assets/share/ocs2_robotic_assets/resources/mobile_manipulator/ridgeback_ur5/meshes/ur5/collision/wrist3.stl
-- Symlinking: /home/zxs/ocs2_ros2_legubiao/ws/install/ocs2_robotic_assets/share/ocs2_robotic_assets/resources/mobile_manipulator/ridgeback_ur5/meshes/ur5/visual/base.dae
-- Symlinking: /home/zxs/ocs2_ros2_legubiao/ws/install/ocs2_robotic_assets/share/ocs2_robotic_assets/resources/mobile_manipulator/ridgeback_ur5/meshes/ur5/visual/forearm.dae
-- Symlinking: /home/zxs/ocs2_ros2_legubiao/ws/install/ocs2_robotic_assets/share/ocs2_robotic_assets/resources/mobile_manipulator/ridgeback_ur5/meshes/ur5/visual/shoulder.dae
-- Symlinking: /home/zxs/ocs2_ros2_legubiao/ws/install/ocs2_robotic_assets/share/ocs2_robotic_assets/resources/mobile_manipulator/ridgeback_ur5/meshes/ur5/visual/upperarm.dae
-- Symlinking: /home/zxs/ocs2_ros2_legubiao/ws/install/ocs2_robotic_assets/share/ocs2_robotic_assets/resources/mobile_manipulator/ridgeback_ur5/meshes/ur5/visual/wrist1.dae
-- Symlinking: /home/zxs/ocs2_ros2_legubiao/ws/install/ocs2_robotic_assets/share/ocs2_robotic_assets/resources/mobile_manipulator/ridgeback_ur5/meshes/ur5/visual/wrist2.dae
-- Symlinking: /home/zxs/ocs2_ros2_legubiao/ws/install/ocs2_robotic_assets/share/ocs2_robotic_assets/resources/mobile_manipulator/ridgeback_ur5/meshes/ur5/visual/wrist3.dae
-- Symlinking: /home/zxs/ocs2_ros2_legubiao/ws/install/ocs2_robotic_assets/share/ocs2_robotic_assets/resources/mobile_manipulator/ridgeback_ur5/urdf/ridgeback_ur5.urdf
-- Symlinking: /home/zxs/ocs2_ros2_legubiao/ws/install/ocs2_robotic_assets/share/ocs2_robotic_assets/resources/quadrotor/meshes/quadrotor.obj
-- Symlinking: /home/zxs/ocs2_ros2_legubiao/ws/install/ocs2_robotic_assets/share/ocs2_robotic_assets/resources/quadrotor/urdf/quadrotor.urdf
-- Symlinking: /home/zxs/ocs2_ros2_legubiao/ws/install/ocs2_robotic_assets/share/ament_index/resource_index/package_run_dependencies/ocs2_robotic_assets
-- Symlinking: /home/zxs/ocs2_ros2_legubiao/ws/install/ocs2_robotic_assets/share/ament_index/resource_index/parent_prefix_path/ocs2_robotic_assets
-- Symlinking: /home/zxs/ocs2_ros2_legubiao/ws/install/ocs2_robotic_assets/share/ocs2_robotic_assets/environment/ament_prefix_path.sh
-- Symlinking: /home/zxs/ocs2_ros2_legubiao/ws/install/ocs2_robotic_assets/share/ocs2_robotic_assets/environment/ament_prefix_path.dsv
-- Symlinking: /home/zxs/ocs2_ros2_legubiao/ws/install/ocs2_robotic_assets/share/ocs2_robotic_assets/environment/path.sh
-- Symlinking: /home/zxs/ocs2_ros2_legubiao/ws/install/ocs2_robotic_assets/share/ocs2_robotic_assets/environment/path.dsv
-- Symlinking: /home/zxs/ocs2_ros2_legubiao/ws/install/ocs2_robotic_assets/share/ocs2_robotic_assets/local_setup.bash
-- Symlinking: /home/zxs/ocs2_ros2_legubiao/ws/install/ocs2_robotic_assets/share/ocs2_robotic_assets/local_setup.sh
-- Symlinking: /home/zxs/ocs2_ros2_legubiao/ws/install/ocs2_robotic_assets/share/ocs2_robotic_assets/local_setup.zsh
-- Symlinking: /home/zxs/ocs2_ros2_legubiao/ws/install/ocs2_robotic_assets/share/ocs2_robotic_assets/local_setup.dsv
-- Symlinking: /home/zxs/ocs2_ros2_legubiao/ws/install/ocs2_robotic_assets/share/ocs2_robotic_assets/package.dsv
-- Symlinking: /home/zxs/ocs2_ros2_legubiao/ws/install/ocs2_robotic_assets/share/ament_index/resource_index/packages/ocs2_robotic_assets
-- Symlinking: /home/zxs/ocs2_ros2_legubiao/ws/install/ocs2_robotic_assets/share/ocs2_robotic_assets/cmake/ament_cmake_export_include_directories-extras.cmake
-- Symlinking: /home/zxs/ocs2_ros2_legubiao/ws/install/ocs2_robotic_assets/share/ocs2_robotic_assets/cmake/ocs2_robotic_assetsConfig.cmake
-- Symlinking: /home/zxs/ocs2_ros2_legubiao/ws/install/ocs2_robotic_assets/share/ocs2_robotic_assets/cmake/ocs2_robotic_assetsConfig-version.cmake
-- Symlinking: /home/zxs/ocs2_ros2_legubiao/ws/install/ocs2_robotic_assets/share/ocs2_robotic_assets/package.xml
