[0.008s] Invoking command in '/home/zxs/ocs2_ros2_legubiao/ws/build/ocs2_robotic_assets': CMAKE_PREFIX_PATH=/opt/ros/humble /usr/bin/cmake /home/zxs/ocs2_ros2_legubiao/ws/src/ocs2_ros2/submodules/ocs2_robotic_assets -DAMENT_CMAKE_SYMLINK_INSTALL=1 -DCMAKE_INSTALL_PREFIX=/home/zxs/ocs2_ros2_legubiao/ws/install/ocs2_robotic_assets
[0.142s] -- The C compiler identification is GNU 12.3.0
[0.256s] -- The CXX compiler identification is GNU 12.3.0
[0.263s] -- Detecting C compiler ABI info
[0.307s] -- Detecting C compiler ABI info - done
[0.310s] -- Check for working C compiler: /usr/bin/cc - skipped
[0.310s] -- Detecting C compile features
[0.311s] -- Detecting C compile features - done
[0.313s] -- Detecting CXX compiler ABI info
[0.353s] -- Detecting CXX compiler ABI info - done
[0.357s] -- Check for working CXX compiler: /usr/bin/c++ - skipped
[0.357s] -- Detecting CXX compile features
[0.357s] -- Detecting CXX compile features - done
[0.362s] -- Found ament_cmake: 1.3.11 (/opt/ros/humble/share/ament_cmake/cmake)
[0.442s] -- Found Python3: /usr/bin/python3 (found version "3.10.13") found components: Interpreter 
[0.473s] -- Override CMake install command with custom implementation using symlinks instead of copying resources
[0.536s] -- Configuring done
[0.537s] -- Generating done
[0.539s] -- Build files have been written to: /home/zxs/ocs2_ros2_legubiao/ws/build/ocs2_robotic_assets
[0.543s] Invoked command in '/home/zxs/ocs2_ros2_legubiao/ws/build/ocs2_robotic_assets' returned '0': CMAKE_PREFIX_PATH=/opt/ros/humble /usr/bin/cmake /home/zxs/ocs2_ros2_legubiao/ws/src/ocs2_ros2/submodules/ocs2_robotic_assets -DAMENT_CMAKE_SYMLINK_INSTALL=1 -DCMAKE_INSTALL_PREFIX=/home/zxs/ocs2_ros2_legubiao/ws/install/ocs2_robotic_assets
[0.544s] Invoking command in '/home/zxs/ocs2_ros2_legubiao/ws/build/ocs2_robotic_assets': CMAKE_PREFIX_PATH=/opt/ros/humble /usr/bin/cmake --build /home/zxs/ocs2_ros2_legubiao/ws/build/ocs2_robotic_assets -- -j28 -l28
[0.568s] Invoked command in '/home/zxs/ocs2_ros2_legubiao/ws/build/ocs2_robotic_assets' returned '0': CMAKE_PREFIX_PATH=/opt/ros/humble /usr/bin/cmake --build /home/zxs/ocs2_ros2_legubiao/ws/build/ocs2_robotic_assets -- -j28 -l28
[0.569s] Invoking command in '/home/zxs/ocs2_ros2_legubiao/ws/build/ocs2_robotic_assets': CMAKE_PREFIX_PATH=/opt/ros/humble /usr/bin/cmake --install /home/zxs/ocs2_ros2_legubiao/ws/build/ocs2_robotic_assets
[0.573s] -- Install configuration: ""
[0.573s] -- Execute custom install script
[0.573s] -- Symlinking: /home/zxs/ocs2_ros2_legubiao/ws/install/ocs2_robotic_assets/include/ocs2_robotic_assets/.gitignore
[0.577s] -- Symlinking: /home/zxs/ocs2_ros2_legubiao/ws/install/ocs2_robotic_assets/include/ocs2_robotic_assets/package_path.h
[0.582s] -- Symlinking: /home/zxs/ocs2_ros2_legubiao/ws/install/ocs2_robotic_assets/include/ocs2_robotic_assets/package_path.h.in
[0.588s] -- Symlinking: /home/zxs/ocs2_ros2_legubiao/ws/install/ocs2_robotic_assets/share/ocs2_robotic_assets/resources/anymal_c/LICENSE
[0.592s] -- Symlinking: /home/zxs/ocs2_ros2_legubiao/ws/install/ocs2_robotic_assets/share/ocs2_robotic_assets/resources/anymal_c/meshes/base.dae
[0.597s] -- Symlinking: /home/zxs/ocs2_ros2_legubiao/ws/install/ocs2_robotic_assets/share/ocs2_robotic_assets/resources/anymal_c/meshes/base.jpg
[0.600s] -- Symlinking: /home/zxs/ocs2_ros2_legubiao/ws/install/ocs2_robotic_assets/share/ocs2_robotic_assets/resources/anymal_c/meshes/battery.dae
[0.604s] -- Symlinking: /home/zxs/ocs2_ros2_legubiao/ws/install/ocs2_robotic_assets/share/ocs2_robotic_assets/resources/anymal_c/meshes/battery.jpg
[0.608s] -- Symlinking: /home/zxs/ocs2_ros2_legubiao/ws/install/ocs2_robotic_assets/share/ocs2_robotic_assets/resources/anymal_c/meshes/bottom_shell.dae
[0.613s] -- Symlinking: /home/zxs/ocs2_ros2_legubiao/ws/install/ocs2_robotic_assets/share/ocs2_robotic_assets/resources/anymal_c/meshes/bottom_shell.jpg
[0.616s] -- Symlinking: /home/zxs/ocs2_ros2_legubiao/ws/install/ocs2_robotic_assets/share/ocs2_robotic_assets/resources/anymal_c/meshes/depth_camera.dae
[0.621s] -- Symlinking: /home/zxs/ocs2_ros2_legubiao/ws/install/ocs2_robotic_assets/share/ocs2_robotic_assets/resources/anymal_c/meshes/depth_camera.jpg
[0.626s] -- Symlinking: /home/zxs/ocs2_ros2_legubiao/ws/install/ocs2_robotic_assets/share/ocs2_robotic_assets/resources/anymal_c/meshes/drive.dae
[0.631s] -- Symlinking: /home/zxs/ocs2_ros2_legubiao/ws/install/ocs2_robotic_assets/share/ocs2_robotic_assets/resources/anymal_c/meshes/drive.jpg
[0.634s] -- Symlinking: /home/zxs/ocs2_ros2_legubiao/ws/install/ocs2_robotic_assets/share/ocs2_robotic_assets/resources/anymal_c/meshes/face.dae
[0.639s] -- Symlinking: /home/zxs/ocs2_ros2_legubiao/ws/install/ocs2_robotic_assets/share/ocs2_robotic_assets/resources/anymal_c/meshes/face.jpg
[0.642s] -- Symlinking: /home/zxs/ocs2_ros2_legubiao/ws/install/ocs2_robotic_assets/share/ocs2_robotic_assets/resources/anymal_c/meshes/foot.dae
[0.647s] -- Symlinking: /home/zxs/ocs2_ros2_legubiao/ws/install/ocs2_robotic_assets/share/ocs2_robotic_assets/resources/anymal_c/meshes/foot.jpg
[0.651s] -- Symlinking: /home/zxs/ocs2_ros2_legubiao/ws/install/ocs2_robotic_assets/share/ocs2_robotic_assets/resources/anymal_c/meshes/handle.dae
[0.656s] -- Symlinking: /home/zxs/ocs2_ros2_legubiao/ws/install/ocs2_robotic_assets/share/ocs2_robotic_assets/resources/anymal_c/meshes/handle.jpg
[0.661s] -- Symlinking: /home/zxs/ocs2_ros2_legubiao/ws/install/ocs2_robotic_assets/share/ocs2_robotic_assets/resources/anymal_c/meshes/hatch.dae
[0.665s] -- Symlinking: /home/zxs/ocs2_ros2_legubiao/ws/install/ocs2_robotic_assets/share/ocs2_robotic_assets/resources/anymal_c/meshes/hatch.jpg
[0.670s] -- Symlinking: /home/zxs/ocs2_ros2_legubiao/ws/install/ocs2_robotic_assets/share/ocs2_robotic_assets/resources/anymal_c/meshes/hip.jpg
[0.674s] -- Symlinking: /home/zxs/ocs2_ros2_legubiao/ws/install/ocs2_robotic_assets/share/ocs2_robotic_assets/resources/anymal_c/meshes/hip_l.dae
[0.678s] -- Symlinking: /home/zxs/ocs2_ros2_legubiao/ws/install/ocs2_robotic_assets/share/ocs2_robotic_assets/resources/anymal_c/meshes/hip_r.dae
[0.683s] -- Symlinking: /home/zxs/ocs2_ros2_legubiao/ws/install/ocs2_robotic_assets/share/ocs2_robotic_assets/resources/anymal_c/meshes/lidar.dae
[0.687s] -- Symlinking: /home/zxs/ocs2_ros2_legubiao/ws/install/ocs2_robotic_assets/share/ocs2_robotic_assets/resources/anymal_c/meshes/lidar.jpg
[0.692s] -- Symlinking: /home/zxs/ocs2_ros2_legubiao/ws/install/ocs2_robotic_assets/share/ocs2_robotic_assets/resources/anymal_c/meshes/lidar_cage.dae
[0.697s] -- Symlinking: /home/zxs/ocs2_ros2_legubiao/ws/install/ocs2_robotic_assets/share/ocs2_robotic_assets/resources/anymal_c/meshes/lidar_cage.jpg
[0.702s] -- Symlinking: /home/zxs/ocs2_ros2_legubiao/ws/install/ocs2_robotic_assets/share/ocs2_robotic_assets/resources/anymal_c/meshes/remote.dae
[0.706s] -- Symlinking: /home/zxs/ocs2_ros2_legubiao/ws/install/ocs2_robotic_assets/share/ocs2_robotic_assets/resources/anymal_c/meshes/remote.jpg
[0.711s] -- Symlinking: /home/zxs/ocs2_ros2_legubiao/ws/install/ocs2_robotic_assets/share/ocs2_robotic_assets/resources/anymal_c/meshes/shank.jpg
[0.715s] -- Symlinking: /home/zxs/ocs2_ros2_legubiao/ws/install/ocs2_robotic_assets/share/ocs2_robotic_assets/resources/anymal_c/meshes/shank_l.dae
[0.719s] -- Symlinking: /home/zxs/ocs2_ros2_legubiao/ws/install/ocs2_robotic_assets/share/ocs2_robotic_assets/resources/anymal_c/meshes/shank_r.dae
[0.723s] -- Symlinking: /home/zxs/ocs2_ros2_legubiao/ws/install/ocs2_robotic_assets/share/ocs2_robotic_assets/resources/anymal_c/meshes/thigh.dae
[0.728s] -- Symlinking: /home/zxs/ocs2_ros2_legubiao/ws/install/ocs2_robotic_assets/share/ocs2_robotic_assets/resources/anymal_c/meshes/thigh.jpg
[0.731s] -- Symlinking: /home/zxs/ocs2_ros2_legubiao/ws/install/ocs2_robotic_assets/share/ocs2_robotic_assets/resources/anymal_c/meshes/top_shell.dae
[0.735s] -- Symlinking: /home/zxs/ocs2_ros2_legubiao/ws/install/ocs2_robotic_assets/share/ocs2_robotic_assets/resources/anymal_c/meshes/top_shell.jpg
[0.739s] -- Symlinking: /home/zxs/ocs2_ros2_legubiao/ws/install/ocs2_robotic_assets/share/ocs2_robotic_assets/resources/anymal_c/meshes/wide_angle_camera.dae
[0.742s] -- Symlinking: /home/zxs/ocs2_ros2_legubiao/ws/install/ocs2_robotic_assets/share/ocs2_robotic_assets/resources/anymal_c/meshes/wide_angle_camera.jpg
[0.747s] -- Symlinking: /home/zxs/ocs2_ros2_legubiao/ws/install/ocs2_robotic_assets/share/ocs2_robotic_assets/resources/anymal_c/urdf/anymal.urdf
[0.751s] -- Symlinking: /home/zxs/ocs2_ros2_legubiao/ws/install/ocs2_robotic_assets/share/ocs2_robotic_assets/resources/ballbot/meshes/base.obj
[0.756s] -- Symlinking: /home/zxs/ocs2_ros2_legubiao/ws/install/ocs2_robotic_assets/share/ocs2_robotic_assets/resources/ballbot/urdf/ballbot.urdf
[0.761s] -- Symlinking: /home/zxs/ocs2_ros2_legubiao/ws/install/ocs2_robotic_assets/share/ocs2_robotic_assets/resources/cartpole/urdf/cartpole.urdf
[0.765s] -- Symlinking: /home/zxs/ocs2_ros2_legubiao/ws/install/ocs2_robotic_assets/share/ocs2_robotic_assets/resources/double_integrator/urdf/double_integrator.urdf
[0.770s] -- Symlinking: /home/zxs/ocs2_ros2_legubiao/ws/install/ocs2_robotic_assets/share/ocs2_robotic_assets/resources/mobile_manipulator/agileX_piper/LICENSE
[0.775s] -- Symlinking: /home/zxs/ocs2_ros2_legubiao/ws/install/ocs2_robotic_assets/share/ocs2_robotic_assets/resources/mobile_manipulator/agileX_piper/meshes/base_link.STL
[0.779s] -- Symlinking: /home/zxs/ocs2_ros2_legubiao/ws/install/ocs2_robotic_assets/share/ocs2_robotic_assets/resources/mobile_manipulator/agileX_piper/meshes/gripper_base.STL
[0.783s] -- Symlinking: /home/zxs/ocs2_ros2_legubiao/ws/install/ocs2_robotic_assets/share/ocs2_robotic_assets/resources/mobile_manipulator/agileX_piper/meshes/link1.STL
[0.788s] -- Symlinking: /home/zxs/ocs2_ros2_legubiao/ws/install/ocs2_robotic_assets/share/ocs2_robotic_assets/resources/mobile_manipulator/agileX_piper/meshes/link2.STL
[0.791s] -- Symlinking: /home/zxs/ocs2_ros2_legubiao/ws/install/ocs2_robotic_assets/share/ocs2_robotic_assets/resources/mobile_manipulator/agileX_piper/meshes/link3.STL
[0.795s] -- Symlinking: /home/zxs/ocs2_ros2_legubiao/ws/install/ocs2_robotic_assets/share/ocs2_robotic_assets/resources/mobile_manipulator/agileX_piper/meshes/link4.STL
[0.800s] -- Symlinking: /home/zxs/ocs2_ros2_legubiao/ws/install/ocs2_robotic_assets/share/ocs2_robotic_assets/resources/mobile_manipulator/agileX_piper/meshes/link5.STL
[0.805s] -- Symlinking: /home/zxs/ocs2_ros2_legubiao/ws/install/ocs2_robotic_assets/share/ocs2_robotic_assets/resources/mobile_manipulator/agileX_piper/meshes/link6.STL
[0.809s] -- Symlinking: /home/zxs/ocs2_ros2_legubiao/ws/install/ocs2_robotic_assets/share/ocs2_robotic_assets/resources/mobile_manipulator/agileX_piper/meshes/link7.STL
[0.813s] -- Symlinking: /home/zxs/ocs2_ros2_legubiao/ws/install/ocs2_robotic_assets/share/ocs2_robotic_assets/resources/mobile_manipulator/agileX_piper/meshes/link8.STL
[0.817s] -- Symlinking: /home/zxs/ocs2_ros2_legubiao/ws/install/ocs2_robotic_assets/share/ocs2_robotic_assets/resources/mobile_manipulator/agileX_piper/urdf/compile
[0.821s] -- Symlinking: /home/zxs/ocs2_ros2_legubiao/ws/install/ocs2_robotic_assets/share/ocs2_robotic_assets/resources/mobile_manipulator/agileX_piper/urdf/piper_description.csv
[0.826s] -- Symlinking: /home/zxs/ocs2_ros2_legubiao/ws/install/ocs2_robotic_assets/share/ocs2_robotic_assets/resources/mobile_manipulator/agileX_piper/urdf/piper_description.urdf
[0.831s] -- Symlinking: /home/zxs/ocs2_ros2_legubiao/ws/install/ocs2_robotic_assets/share/ocs2_robotic_assets/resources/mobile_manipulator/agileX_piper/urdf/piper_description.xacro
[0.836s] -- Symlinking: /home/zxs/ocs2_ros2_legubiao/ws/install/ocs2_robotic_assets/share/ocs2_robotic_assets/resources/mobile_manipulator/agileX_piper/urdf/piper_description_gazebo.xacro
[0.839s] -- Symlinking: /home/zxs/ocs2_ros2_legubiao/ws/install/ocs2_robotic_assets/share/ocs2_robotic_assets/resources/mobile_manipulator/franka/LICENSE
[0.843s] -- Symlinking: /home/zxs/ocs2_ros2_legubiao/ws/install/ocs2_robotic_assets/share/ocs2_robotic_assets/resources/mobile_manipulator/franka/meshes/collision/hand.stl
[0.848s] -- Symlinking: /home/zxs/ocs2_ros2_legubiao/ws/install/ocs2_robotic_assets/share/ocs2_robotic_assets/resources/mobile_manipulator/franka/meshes/collision/link0.stl
[0.851s] -- Symlinking: /home/zxs/ocs2_ros2_legubiao/ws/install/ocs2_robotic_assets/share/ocs2_robotic_assets/resources/mobile_manipulator/franka/meshes/collision/link1.stl
[0.855s] -- Symlinking: /home/zxs/ocs2_ros2_legubiao/ws/install/ocs2_robotic_assets/share/ocs2_robotic_assets/resources/mobile_manipulator/franka/meshes/collision/link2.stl
[0.860s] -- Symlinking: /home/zxs/ocs2_ros2_legubiao/ws/install/ocs2_robotic_assets/share/ocs2_robotic_assets/resources/mobile_manipulator/franka/meshes/collision/link3.stl
[0.863s] -- Symlinking: /home/zxs/ocs2_ros2_legubiao/ws/install/ocs2_robotic_assets/share/ocs2_robotic_assets/resources/mobile_manipulator/franka/meshes/collision/link4.stl
[0.867s] -- Symlinking: /home/zxs/ocs2_ros2_legubiao/ws/install/ocs2_robotic_assets/share/ocs2_robotic_assets/resources/mobile_manipulator/franka/meshes/collision/link5.stl
[0.870s] -- Symlinking: /home/zxs/ocs2_ros2_legubiao/ws/install/ocs2_robotic_assets/share/ocs2_robotic_assets/resources/mobile_manipulator/franka/meshes/collision/link6.stl
[0.875s] -- Symlinking: /home/zxs/ocs2_ros2_legubiao/ws/install/ocs2_robotic_assets/share/ocs2_robotic_assets/resources/mobile_manipulator/franka/meshes/collision/link7.stl
[0.879s] -- Symlinking: /home/zxs/ocs2_ros2_legubiao/ws/install/ocs2_robotic_assets/share/ocs2_robotic_assets/resources/mobile_manipulator/franka/meshes/meshes/collision/hand.stl
[0.883s] -- Symlinking: /home/zxs/ocs2_ros2_legubiao/ws/install/ocs2_robotic_assets/share/ocs2_robotic_assets/resources/mobile_manipulator/franka/meshes/meshes/collision/link0.stl
[0.887s] -- Symlinking: /home/zxs/ocs2_ros2_legubiao/ws/install/ocs2_robotic_assets/share/ocs2_robotic_assets/resources/mobile_manipulator/franka/meshes/meshes/collision/link1.stl
[0.892s] -- Symlinking: /home/zxs/ocs2_ros2_legubiao/ws/install/ocs2_robotic_assets/share/ocs2_robotic_assets/resources/mobile_manipulator/franka/meshes/meshes/collision/link2.stl
[0.896s] -- Symlinking: /home/zxs/ocs2_ros2_legubiao/ws/install/ocs2_robotic_assets/share/ocs2_robotic_assets/resources/mobile_manipulator/franka/meshes/meshes/collision/link3.stl
[0.899s] -- Symlinking: /home/zxs/ocs2_ros2_legubiao/ws/install/ocs2_robotic_assets/share/ocs2_robotic_assets/resources/mobile_manipulator/franka/meshes/meshes/collision/link4.stl
[0.903s] -- Symlinking: /home/zxs/ocs2_ros2_legubiao/ws/install/ocs2_robotic_assets/share/ocs2_robotic_assets/resources/mobile_manipulator/franka/meshes/meshes/collision/link5.stl
[0.906s] -- Symlinking: /home/zxs/ocs2_ros2_legubiao/ws/install/ocs2_robotic_assets/share/ocs2_robotic_assets/resources/mobile_manipulator/franka/meshes/meshes/collision/link6.stl
[0.910s] -- Symlinking: /home/zxs/ocs2_ros2_legubiao/ws/install/ocs2_robotic_assets/share/ocs2_robotic_assets/resources/mobile_manipulator/franka/meshes/meshes/collision/link7.stl
[0.915s] -- Symlinking: /home/zxs/ocs2_ros2_legubiao/ws/install/ocs2_robotic_assets/share/ocs2_robotic_assets/resources/mobile_manipulator/franka/meshes/meshes/visual/finger.dae
[0.919s] -- Symlinking: /home/zxs/ocs2_ros2_legubiao/ws/install/ocs2_robotic_assets/share/ocs2_robotic_assets/resources/mobile_manipulator/franka/meshes/meshes/visual/hand.dae
[0.923s] -- Symlinking: /home/zxs/ocs2_ros2_legubiao/ws/install/ocs2_robotic_assets/share/ocs2_robotic_assets/resources/mobile_manipulator/franka/meshes/meshes/visual/link0.dae
[0.927s] -- Symlinking: /home/zxs/ocs2_ros2_legubiao/ws/install/ocs2_robotic_assets/share/ocs2_robotic_assets/resources/mobile_manipulator/franka/meshes/meshes/visual/link1.dae
[0.931s] -- Symlinking: /home/zxs/ocs2_ros2_legubiao/ws/install/ocs2_robotic_assets/share/ocs2_robotic_assets/resources/mobile_manipulator/franka/meshes/meshes/visual/link2.dae
[0.935s] -- Symlinking: /home/zxs/ocs2_ros2_legubiao/ws/install/ocs2_robotic_assets/share/ocs2_robotic_assets/resources/mobile_manipulator/franka/meshes/meshes/visual/link3.dae
[0.940s] -- Symlinking: /home/zxs/ocs2_ros2_legubiao/ws/install/ocs2_robotic_assets/share/ocs2_robotic_assets/resources/mobile_manipulator/franka/meshes/meshes/visual/link4.dae
[0.945s] -- Symlinking: /home/zxs/ocs2_ros2_legubiao/ws/install/ocs2_robotic_assets/share/ocs2_robotic_assets/resources/mobile_manipulator/franka/meshes/meshes/visual/link5.dae
[0.950s] -- Symlinking: /home/zxs/ocs2_ros2_legubiao/ws/install/ocs2_robotic_assets/share/ocs2_robotic_assets/resources/mobile_manipulator/franka/meshes/meshes/visual/link6.dae
[0.953s] -- Symlinking: /home/zxs/ocs2_ros2_legubiao/ws/install/ocs2_robotic_assets/share/ocs2_robotic_assets/resources/mobile_manipulator/franka/meshes/meshes/visual/link7.dae
[0.958s] -- Symlinking: /home/zxs/ocs2_ros2_legubiao/ws/install/ocs2_robotic_assets/share/ocs2_robotic_assets/resources/mobile_manipulator/franka/meshes/visual/finger.dae
[0.962s] -- Symlinking: /home/zxs/ocs2_ros2_legubiao/ws/install/ocs2_robotic_assets/share/ocs2_robotic_assets/resources/mobile_manipulator/franka/meshes/visual/hand.dae
[0.967s] -- Symlinking: /home/zxs/ocs2_ros2_legubiao/ws/install/ocs2_robotic_assets/share/ocs2_robotic_assets/resources/mobile_manipulator/franka/meshes/visual/link0.dae
[0.970s] -- Symlinking: /home/zxs/ocs2_ros2_legubiao/ws/install/ocs2_robotic_assets/share/ocs2_robotic_assets/resources/mobile_manipulator/franka/meshes/visual/link1.dae
[0.975s] -- Symlinking: /home/zxs/ocs2_ros2_legubiao/ws/install/ocs2_robotic_assets/share/ocs2_robotic_assets/resources/mobile_manipulator/franka/meshes/visual/link2.dae
[0.979s] -- Symlinking: /home/zxs/ocs2_ros2_legubiao/ws/install/ocs2_robotic_assets/share/ocs2_robotic_assets/resources/mobile_manipulator/franka/meshes/visual/link3.dae
[0.983s] -- Symlinking: /home/zxs/ocs2_ros2_legubiao/ws/install/ocs2_robotic_assets/share/ocs2_robotic_assets/resources/mobile_manipulator/franka/meshes/visual/link4.dae
[0.988s] -- Symlinking: /home/zxs/ocs2_ros2_legubiao/ws/install/ocs2_robotic_assets/share/ocs2_robotic_assets/resources/mobile_manipulator/franka/meshes/visual/link5.dae
[0.992s] -- Symlinking: /home/zxs/ocs2_ros2_legubiao/ws/install/ocs2_robotic_assets/share/ocs2_robotic_assets/resources/mobile_manipulator/franka/meshes/visual/link6.dae
[0.997s] -- Symlinking: /home/zxs/ocs2_ros2_legubiao/ws/install/ocs2_robotic_assets/share/ocs2_robotic_assets/resources/mobile_manipulator/franka/meshes/visual/link7.dae
[1.001s] -- Symlinking: /home/zxs/ocs2_ros2_legubiao/ws/install/ocs2_robotic_assets/share/ocs2_robotic_assets/resources/mobile_manipulator/franka/urdf/panda.urdf
[1.006s] -- Symlinking: /home/zxs/ocs2_ros2_legubiao/ws/install/ocs2_robotic_assets/share/ocs2_robotic_assets/resources/mobile_manipulator/kinova/LICENSE
[1.010s] -- Symlinking: /home/zxs/ocs2_ros2_legubiao/ws/install/ocs2_robotic_assets/share/ocs2_robotic_assets/resources/mobile_manipulator/kinova/meshes/arm.SLDPRT
[1.014s] -- Symlinking: /home/zxs/ocs2_ros2_legubiao/ws/install/ocs2_robotic_assets/share/ocs2_robotic_assets/resources/mobile_manipulator/kinova/meshes/arm.STL
[1.018s] -- Symlinking: /home/zxs/ocs2_ros2_legubiao/ws/install/ocs2_robotic_assets/share/ocs2_robotic_assets/resources/mobile_manipulator/kinova/meshes/arm.dae
[1.023s] -- Symlinking: /home/zxs/ocs2_ros2_legubiao/ws/install/ocs2_robotic_assets/share/ocs2_robotic_assets/resources/mobile_manipulator/kinova/meshes/arm_half_1.STL
[1.027s] -- Symlinking: /home/zxs/ocs2_ros2_legubiao/ws/install/ocs2_robotic_assets/share/ocs2_robotic_assets/resources/mobile_manipulator/kinova/meshes/arm_half_1.dae
[1.031s] -- Symlinking: /home/zxs/ocs2_ros2_legubiao/ws/install/ocs2_robotic_assets/share/ocs2_robotic_assets/resources/mobile_manipulator/kinova/meshes/arm_half_2.STL
[1.036s] -- Symlinking: /home/zxs/ocs2_ros2_legubiao/ws/install/ocs2_robotic_assets/share/ocs2_robotic_assets/resources/mobile_manipulator/kinova/meshes/arm_half_2.dae
[1.040s] -- Symlinking: /home/zxs/ocs2_ros2_legubiao/ws/install/ocs2_robotic_assets/share/ocs2_robotic_assets/resources/mobile_manipulator/kinova/meshes/arm_mico.STL
[1.044s] -- Symlinking: /home/zxs/ocs2_ros2_legubiao/ws/install/ocs2_robotic_assets/share/ocs2_robotic_assets/resources/mobile_manipulator/kinova/meshes/arm_mico.dae
[1.047s] -- Symlinking: /home/zxs/ocs2_ros2_legubiao/ws/install/ocs2_robotic_assets/share/ocs2_robotic_assets/resources/mobile_manipulator/kinova/meshes/base.STL
[1.052s] -- Symlinking: /home/zxs/ocs2_ros2_legubiao/ws/install/ocs2_robotic_assets/share/ocs2_robotic_assets/resources/mobile_manipulator/kinova/meshes/base.dae
[1.056s] -- Symlinking: /home/zxs/ocs2_ros2_legubiao/ws/install/ocs2_robotic_assets/share/ocs2_robotic_assets/resources/mobile_manipulator/kinova/meshes/finger_distal.STL
[1.060s] -- Symlinking: /home/zxs/ocs2_ros2_legubiao/ws/install/ocs2_robotic_assets/share/ocs2_robotic_assets/resources/mobile_manipulator/kinova/meshes/finger_distal.dae
[1.065s] -- Symlinking: /home/zxs/ocs2_ros2_legubiao/ws/install/ocs2_robotic_assets/share/ocs2_robotic_assets/resources/mobile_manipulator/kinova/meshes/finger_proximal.STL
[1.070s] -- Symlinking: /home/zxs/ocs2_ros2_legubiao/ws/install/ocs2_robotic_assets/share/ocs2_robotic_assets/resources/mobile_manipulator/kinova/meshes/finger_proximal.dae
[1.074s] -- Symlinking: /home/zxs/ocs2_ros2_legubiao/ws/install/ocs2_robotic_assets/share/ocs2_robotic_assets/resources/mobile_manipulator/kinova/meshes/forearm.STL
[1.078s] -- Symlinking: /home/zxs/ocs2_ros2_legubiao/ws/install/ocs2_robotic_assets/share/ocs2_robotic_assets/resources/mobile_manipulator/kinova/meshes/forearm.dae
[1.082s] -- Symlinking: /home/zxs/ocs2_ros2_legubiao/ws/install/ocs2_robotic_assets/share/ocs2_robotic_assets/resources/mobile_manipulator/kinova/meshes/forearm_mico.STL
[1.087s] -- Symlinking: /home/zxs/ocs2_ros2_legubiao/ws/install/ocs2_robotic_assets/share/ocs2_robotic_assets/resources/mobile_manipulator/kinova/meshes/forearm_mico.dae
[1.091s] -- Symlinking: /home/zxs/ocs2_ros2_legubiao/ws/install/ocs2_robotic_assets/share/ocs2_robotic_assets/resources/mobile_manipulator/kinova/meshes/hand_2finger.STL
[1.096s] -- Symlinking: /home/zxs/ocs2_ros2_legubiao/ws/install/ocs2_robotic_assets/share/ocs2_robotic_assets/resources/mobile_manipulator/kinova/meshes/hand_2finger.dae
[1.101s] -- Symlinking: /home/zxs/ocs2_ros2_legubiao/ws/install/ocs2_robotic_assets/share/ocs2_robotic_assets/resources/mobile_manipulator/kinova/meshes/hand_3finger.STL
[1.104s] -- Symlinking: /home/zxs/ocs2_ros2_legubiao/ws/install/ocs2_robotic_assets/share/ocs2_robotic_assets/resources/mobile_manipulator/kinova/meshes/hand_3finger.dae
[1.109s] -- Symlinking: /home/zxs/ocs2_ros2_legubiao/ws/install/ocs2_robotic_assets/share/ocs2_robotic_assets/resources/mobile_manipulator/kinova/meshes/ring_big.STL
[1.113s] -- Symlinking: /home/zxs/ocs2_ros2_legubiao/ws/install/ocs2_robotic_assets/share/ocs2_robotic_assets/resources/mobile_manipulator/kinova/meshes/ring_big.dae
[1.118s] -- Symlinking: /home/zxs/ocs2_ros2_legubiao/ws/install/ocs2_robotic_assets/share/ocs2_robotic_assets/resources/mobile_manipulator/kinova/meshes/ring_small.STL
[1.122s] -- Symlinking: /home/zxs/ocs2_ros2_legubiao/ws/install/ocs2_robotic_assets/share/ocs2_robotic_assets/resources/mobile_manipulator/kinova/meshes/ring_small.dae
[1.127s] -- Symlinking: /home/zxs/ocs2_ros2_legubiao/ws/install/ocs2_robotic_assets/share/ocs2_robotic_assets/resources/mobile_manipulator/kinova/meshes/shoulder.STL
[1.132s] -- Symlinking: /home/zxs/ocs2_ros2_legubiao/ws/install/ocs2_robotic_assets/share/ocs2_robotic_assets/resources/mobile_manipulator/kinova/meshes/shoulder.dae
[1.137s] -- Symlinking: /home/zxs/ocs2_ros2_legubiao/ws/install/ocs2_robotic_assets/share/ocs2_robotic_assets/resources/mobile_manipulator/kinova/meshes/wrist.STL
[1.142s] -- Symlinking: /home/zxs/ocs2_ros2_legubiao/ws/install/ocs2_robotic_assets/share/ocs2_robotic_assets/resources/mobile_manipulator/kinova/meshes/wrist.dae
[1.145s] -- Symlinking: /home/zxs/ocs2_ros2_legubiao/ws/install/ocs2_robotic_assets/share/ocs2_robotic_assets/resources/mobile_manipulator/kinova/meshes/wrist_spherical_1.STL
[1.150s] -- Symlinking: /home/zxs/ocs2_ros2_legubiao/ws/install/ocs2_robotic_assets/share/ocs2_robotic_assets/resources/mobile_manipulator/kinova/meshes/wrist_spherical_1.dae
[1.153s] -- Symlinking: /home/zxs/ocs2_ros2_legubiao/ws/install/ocs2_robotic_assets/share/ocs2_robotic_assets/resources/mobile_manipulator/kinova/meshes/wrist_spherical_2.STL
[1.157s] -- Symlinking: /home/zxs/ocs2_ros2_legubiao/ws/install/ocs2_robotic_assets/share/ocs2_robotic_assets/resources/mobile_manipulator/kinova/meshes/wrist_spherical_2.dae
[1.161s] -- Symlinking: /home/zxs/ocs2_ros2_legubiao/ws/install/ocs2_robotic_assets/share/ocs2_robotic_assets/resources/mobile_manipulator/kinova/urdf/j2n6s300.urdf
[1.165s] -- Symlinking: /home/zxs/ocs2_ros2_legubiao/ws/install/ocs2_robotic_assets/share/ocs2_robotic_assets/resources/mobile_manipulator/kinova/urdf/j2n7s300.urdf
[1.170s] -- Symlinking: /home/zxs/ocs2_ros2_legubiao/ws/install/ocs2_robotic_assets/share/ocs2_robotic_assets/resources/mobile_manipulator/mabi_mobile/urdf/mabi_mobile.urdf
[1.173s] -- Symlinking: /home/zxs/ocs2_ros2_legubiao/ws/install/ocs2_robotic_assets/share/ocs2_robotic_assets/resources/mobile_manipulator/pr2/LICENSE
[1.177s] -- Symlinking: /home/zxs/ocs2_ros2_legubiao/ws/install/ocs2_robotic_assets/share/ocs2_robotic_assets/resources/mobile_manipulator/pr2/materials/textures/pr2_caster_texture.png
[1.181s] -- Symlinking: /home/zxs/ocs2_ros2_legubiao/ws/install/ocs2_robotic_assets/share/ocs2_robotic_assets/resources/mobile_manipulator/pr2/materials/textures/pr2_wheel_left.png
[1.186s] -- Symlinking: /home/zxs/ocs2_ros2_legubiao/ws/install/ocs2_robotic_assets/share/ocs2_robotic_assets/resources/mobile_manipulator/pr2/materials/textures/pr2_wheel_right.png
[1.190s] -- Symlinking: /home/zxs/ocs2_ros2_legubiao/ws/install/ocs2_robotic_assets/share/ocs2_robotic_assets/resources/mobile_manipulator/pr2/meshes/base_v0/.gitignore
[1.194s] -- Symlinking: /home/zxs/ocs2_ros2_legubiao/ws/install/ocs2_robotic_assets/share/ocs2_robotic_assets/resources/mobile_manipulator/pr2/meshes/base_v0/base.dae
[1.198s] -- Symlinking: /home/zxs/ocs2_ros2_legubiao/ws/install/ocs2_robotic_assets/share/ocs2_robotic_assets/resources/mobile_manipulator/pr2/meshes/base_v0/base.stl
[1.203s] -- Symlinking: /home/zxs/ocs2_ros2_legubiao/ws/install/ocs2_robotic_assets/share/ocs2_robotic_assets/resources/mobile_manipulator/pr2/meshes/base_v0/base_L.stl
[1.207s] -- Symlinking: /home/zxs/ocs2_ros2_legubiao/ws/install/ocs2_robotic_assets/share/ocs2_robotic_assets/resources/mobile_manipulator/pr2/meshes/base_v0/base_color.png
[1.212s] -- Symlinking: /home/zxs/ocs2_ros2_legubiao/ws/install/ocs2_robotic_assets/share/ocs2_robotic_assets/resources/mobile_manipulator/pr2/meshes/base_v0/base_normals.png
[1.217s] -- Symlinking: /home/zxs/ocs2_ros2_legubiao/ws/install/ocs2_robotic_assets/share/ocs2_robotic_assets/resources/mobile_manipulator/pr2/meshes/base_v0/caster.stl
[1.220s] -- Symlinking: /home/zxs/ocs2_ros2_legubiao/ws/install/ocs2_robotic_assets/share/ocs2_robotic_assets/resources/mobile_manipulator/pr2/meshes/base_v0/caster_L.stl
[1.225s] -- Symlinking: /home/zxs/ocs2_ros2_legubiao/ws/install/ocs2_robotic_assets/share/ocs2_robotic_assets/resources/mobile_manipulator/pr2/meshes/base_v0/pr2_wheel.stl
[1.230s] -- Symlinking: /home/zxs/ocs2_ros2_legubiao/ws/install/ocs2_robotic_assets/share/ocs2_robotic_assets/resources/mobile_manipulator/pr2/meshes/base_v0/wheel.dae
[1.234s] -- Symlinking: /home/zxs/ocs2_ros2_legubiao/ws/install/ocs2_robotic_assets/share/ocs2_robotic_assets/resources/mobile_manipulator/pr2/meshes/base_v0/wheel.stl
[1.238s] -- Symlinking: /home/zxs/ocs2_ros2_legubiao/ws/install/ocs2_robotic_assets/share/ocs2_robotic_assets/resources/mobile_manipulator/pr2/meshes/base_v0/wheel_color.png
[1.242s] -- Symlinking: /home/zxs/ocs2_ros2_legubiao/ws/install/ocs2_robotic_assets/share/ocs2_robotic_assets/resources/mobile_manipulator/pr2/meshes/base_v0/wheel_h.dae
[1.247s] -- Symlinking: /home/zxs/ocs2_ros2_legubiao/ws/install/ocs2_robotic_assets/share/ocs2_robotic_assets/resources/mobile_manipulator/pr2/meshes/base_v0/wheel_h_color.png
[1.251s] -- Symlinking: /home/zxs/ocs2_ros2_legubiao/ws/install/ocs2_robotic_assets/share/ocs2_robotic_assets/resources/mobile_manipulator/pr2/meshes/base_v0/wheel_normals.png
[1.255s] -- Symlinking: /home/zxs/ocs2_ros2_legubiao/ws/install/ocs2_robotic_assets/share/ocs2_robotic_assets/resources/mobile_manipulator/pr2/meshes/forearm_v0/.gitignore
[1.259s] -- Symlinking: /home/zxs/ocs2_ros2_legubiao/ws/install/ocs2_robotic_assets/share/ocs2_robotic_assets/resources/mobile_manipulator/pr2/meshes/forearm_v0/forearm.dae
[1.264s] -- Symlinking: /home/zxs/ocs2_ros2_legubiao/ws/install/ocs2_robotic_assets/share/ocs2_robotic_assets/resources/mobile_manipulator/pr2/meshes/forearm_v0/forearm.jpg
[1.267s] -- Symlinking: /home/zxs/ocs2_ros2_legubiao/ws/install/ocs2_robotic_assets/share/ocs2_robotic_assets/resources/mobile_manipulator/pr2/meshes/forearm_v0/forearm.stl
[1.272s] -- Symlinking: /home/zxs/ocs2_ros2_legubiao/ws/install/ocs2_robotic_assets/share/ocs2_robotic_assets/resources/mobile_manipulator/pr2/meshes/forearm_v0/forearm_color.png
[1.276s] -- Symlinking: /home/zxs/ocs2_ros2_legubiao/ws/install/ocs2_robotic_assets/share/ocs2_robotic_assets/resources/mobile_manipulator/pr2/meshes/forearm_v0/forearm_normals.png
[1.280s] -- Symlinking: /home/zxs/ocs2_ros2_legubiao/ws/install/ocs2_robotic_assets/share/ocs2_robotic_assets/resources/mobile_manipulator/pr2/meshes/forearm_v0/wrist_color.png
[1.285s] -- Symlinking: /home/zxs/ocs2_ros2_legubiao/ws/install/ocs2_robotic_assets/share/ocs2_robotic_assets/resources/mobile_manipulator/pr2/meshes/forearm_v0/wrist_flex.dae
[1.290s] -- Symlinking: /home/zxs/ocs2_ros2_legubiao/ws/install/ocs2_robotic_assets/share/ocs2_robotic_assets/resources/mobile_manipulator/pr2/meshes/forearm_v0/wrist_flex.stl
[1.293s] -- Symlinking: /home/zxs/ocs2_ros2_legubiao/ws/install/ocs2_robotic_assets/share/ocs2_robotic_assets/resources/mobile_manipulator/pr2/meshes/forearm_v0/wrist_normals.png
[1.298s] -- Symlinking: /home/zxs/ocs2_ros2_legubiao/ws/install/ocs2_robotic_assets/share/ocs2_robotic_assets/resources/mobile_manipulator/pr2/meshes/forearm_v0/wrist_roll.stl
[1.303s] -- Symlinking: /home/zxs/ocs2_ros2_legubiao/ws/install/ocs2_robotic_assets/share/ocs2_robotic_assets/resources/mobile_manipulator/pr2/meshes/forearm_v0/wrist_roll_L.stl
[1.308s] -- Symlinking: /home/zxs/ocs2_ros2_legubiao/ws/install/ocs2_robotic_assets/share/ocs2_robotic_assets/resources/mobile_manipulator/pr2/meshes/gripper_v0/.gitignore
[1.313s] -- Symlinking: /home/zxs/ocs2_ros2_legubiao/ws/install/ocs2_robotic_assets/share/ocs2_robotic_assets/resources/mobile_manipulator/pr2/meshes/gripper_v0/finger_H_Color_100430.png
[1.318s] -- Symlinking: /home/zxs/ocs2_ros2_legubiao/ws/install/ocs2_robotic_assets/share/ocs2_robotic_assets/resources/mobile_manipulator/pr2/meshes/gripper_v0/finger_H_UV_100430.dae
[1.322s] -- Symlinking: /home/zxs/ocs2_ros2_legubiao/ws/install/ocs2_robotic_assets/share/ocs2_robotic_assets/resources/mobile_manipulator/pr2/meshes/gripper_v0/finger_tip_H_UV_100430.dae
[1.326s] -- Symlinking: /home/zxs/ocs2_ros2_legubiao/ws/install/ocs2_robotic_assets/share/ocs2_robotic_assets/resources/mobile_manipulator/pr2/meshes/gripper_v0/finger_tip_l.stl
[1.331s] -- Symlinking: /home/zxs/ocs2_ros2_legubiao/ws/install/ocs2_robotic_assets/share/ocs2_robotic_assets/resources/mobile_manipulator/pr2/meshes/gripper_v0/finger_tip_pad2_l.stl
[1.336s] -- Symlinking: /home/zxs/ocs2_ros2_legubiao/ws/install/ocs2_robotic_assets/share/ocs2_robotic_assets/resources/mobile_manipulator/pr2/meshes/gripper_v0/finger_tip_pad2_r.stl
[1.340s] -- Symlinking: /home/zxs/ocs2_ros2_legubiao/ws/install/ocs2_robotic_assets/share/ocs2_robotic_assets/resources/mobile_manipulator/pr2/meshes/gripper_v0/finger_tip_r.stl
[1.345s] -- Symlinking: /home/zxs/ocs2_ros2_legubiao/ws/install/ocs2_robotic_assets/share/ocs2_robotic_assets/resources/mobile_manipulator/pr2/meshes/gripper_v0/fingertip_H_Color_100430.png
[1.349s] -- Symlinking: /home/zxs/ocs2_ros2_legubiao/ws/install/ocs2_robotic_assets/share/ocs2_robotic_assets/resources/mobile_manipulator/pr2/meshes/gripper_v0/float_H_Color_100430.png
[1.353s] -- Symlinking: /home/zxs/ocs2_ros2_legubiao/ws/install/ocs2_robotic_assets/share/ocs2_robotic_assets/resources/mobile_manipulator/pr2/meshes/gripper_v0/float_H_UV_100430.dae
[1.358s] -- Symlinking: /home/zxs/ocs2_ros2_legubiao/ws/install/ocs2_robotic_assets/share/ocs2_robotic_assets/resources/mobile_manipulator/pr2/meshes/gripper_v0/gripper_palm.dae
[1.363s] -- Symlinking: /home/zxs/ocs2_ros2_legubiao/ws/install/ocs2_robotic_assets/share/ocs2_robotic_assets/resources/mobile_manipulator/pr2/meshes/gripper_v0/gripper_palm.stl
[1.367s] -- Symlinking: /home/zxs/ocs2_ros2_legubiao/ws/install/ocs2_robotic_assets/share/ocs2_robotic_assets/resources/mobile_manipulator/pr2/meshes/gripper_v0/gripper_palm_color.png
[1.372s] -- Symlinking: /home/zxs/ocs2_ros2_legubiao/ws/install/ocs2_robotic_assets/share/ocs2_robotic_assets/resources/mobile_manipulator/pr2/meshes/gripper_v0/gripper_palm_normals.png
[1.376s] -- Symlinking: /home/zxs/ocs2_ros2_legubiao/ws/install/ocs2_robotic_assets/share/ocs2_robotic_assets/resources/mobile_manipulator/pr2/meshes/gripper_v0/l_finger.dae
[1.380s] -- Symlinking: /home/zxs/ocs2_ros2_legubiao/ws/install/ocs2_robotic_assets/share/ocs2_robotic_assets/resources/mobile_manipulator/pr2/meshes/gripper_v0/l_finger.stl
[1.384s] -- Symlinking: /home/zxs/ocs2_ros2_legubiao/ws/install/ocs2_robotic_assets/share/ocs2_robotic_assets/resources/mobile_manipulator/pr2/meshes/gripper_v0/l_finger_color.png
[1.389s] -- Symlinking: /home/zxs/ocs2_ros2_legubiao/ws/install/ocs2_robotic_assets/share/ocs2_robotic_assets/resources/mobile_manipulator/pr2/meshes/gripper_v0/l_finger_normals.png
[1.393s] -- Symlinking: /home/zxs/ocs2_ros2_legubiao/ws/install/ocs2_robotic_assets/share/ocs2_robotic_assets/resources/mobile_manipulator/pr2/meshes/gripper_v0/l_finger_tip.dae
[1.398s] -- Symlinking: /home/zxs/ocs2_ros2_legubiao/ws/install/ocs2_robotic_assets/share/ocs2_robotic_assets/resources/mobile_manipulator/pr2/meshes/gripper_v0/l_finger_tip.stl
[1.403s] -- Symlinking: /home/zxs/ocs2_ros2_legubiao/ws/install/ocs2_robotic_assets/share/ocs2_robotic_assets/resources/mobile_manipulator/pr2/meshes/gripper_v0/l_finger_tip_color.png
[1.408s] -- Symlinking: /home/zxs/ocs2_ros2_legubiao/ws/install/ocs2_robotic_assets/share/ocs2_robotic_assets/resources/mobile_manipulator/pr2/meshes/gripper_v0/l_finger_tip_normals.png
[1.413s] -- Symlinking: /home/zxs/ocs2_ros2_legubiao/ws/install/ocs2_robotic_assets/share/ocs2_robotic_assets/resources/mobile_manipulator/pr2/meshes/gripper_v0/l_float.dae
[1.418s] -- Symlinking: /home/zxs/ocs2_ros2_legubiao/ws/install/ocs2_robotic_assets/share/ocs2_robotic_assets/resources/mobile_manipulator/pr2/meshes/gripper_v0/l_float_color.png
[1.423s] -- Symlinking: /home/zxs/ocs2_ros2_legubiao/ws/install/ocs2_robotic_assets/share/ocs2_robotic_assets/resources/mobile_manipulator/pr2/meshes/gripper_v0/l_float_normals.png
[1.427s] -- Symlinking: /home/zxs/ocs2_ros2_legubiao/ws/install/ocs2_robotic_assets/share/ocs2_robotic_assets/resources/mobile_manipulator/pr2/meshes/gripper_v0/l_floating.stl
[1.431s] -- Symlinking: /home/zxs/ocs2_ros2_legubiao/ws/install/ocs2_robotic_assets/share/ocs2_robotic_assets/resources/mobile_manipulator/pr2/meshes/gripper_v0/palm_H_Color_100430.png
[1.436s] -- Symlinking: /home/zxs/ocs2_ros2_legubiao/ws/install/ocs2_robotic_assets/share/ocs2_robotic_assets/resources/mobile_manipulator/pr2/meshes/gripper_v0/palm_H_UV_100430.dae
[1.440s] -- Symlinking: /home/zxs/ocs2_ros2_legubiao/ws/install/ocs2_robotic_assets/share/ocs2_robotic_assets/resources/mobile_manipulator/pr2/meshes/gripper_v0/upper_finger_l.stl
[1.445s] -- Symlinking: /home/zxs/ocs2_ros2_legubiao/ws/install/ocs2_robotic_assets/share/ocs2_robotic_assets/resources/mobile_manipulator/pr2/meshes/gripper_v0/upper_finger_r.stl
[1.450s] -- Symlinking: /home/zxs/ocs2_ros2_legubiao/ws/install/ocs2_robotic_assets/share/ocs2_robotic_assets/resources/mobile_manipulator/pr2/meshes/head_v0/.gitignore
[1.454s] -- Symlinking: /home/zxs/ocs2_ros2_legubiao/ws/install/ocs2_robotic_assets/share/ocs2_robotic_assets/resources/mobile_manipulator/pr2/meshes/head_v0/head_pan.dae
[1.458s] -- Symlinking: /home/zxs/ocs2_ros2_legubiao/ws/install/ocs2_robotic_assets/share/ocs2_robotic_assets/resources/mobile_manipulator/pr2/meshes/head_v0/head_pan.stl
[1.462s] -- Symlinking: /home/zxs/ocs2_ros2_legubiao/ws/install/ocs2_robotic_assets/share/ocs2_robotic_assets/resources/mobile_manipulator/pr2/meshes/head_v0/head_pan_L.stl
[1.466s] -- Symlinking: /home/zxs/ocs2_ros2_legubiao/ws/install/ocs2_robotic_assets/share/ocs2_robotic_assets/resources/mobile_manipulator/pr2/meshes/head_v0/head_pan_color.png
[1.469s] -- Symlinking: /home/zxs/ocs2_ros2_legubiao/ws/install/ocs2_robotic_assets/share/ocs2_robotic_assets/resources/mobile_manipulator/pr2/meshes/head_v0/head_pan_normals.png
[1.473s] -- Symlinking: /home/zxs/ocs2_ros2_legubiao/ws/install/ocs2_robotic_assets/share/ocs2_robotic_assets/resources/mobile_manipulator/pr2/meshes/head_v0/head_tilt.dae
[1.478s] -- Symlinking: /home/zxs/ocs2_ros2_legubiao/ws/install/ocs2_robotic_assets/share/ocs2_robotic_assets/resources/mobile_manipulator/pr2/meshes/head_v0/head_tilt.stl
[1.483s] -- Symlinking: /home/zxs/ocs2_ros2_legubiao/ws/install/ocs2_robotic_assets/share/ocs2_robotic_assets/resources/mobile_manipulator/pr2/meshes/head_v0/head_tilt_L.stl
[1.487s] -- Symlinking: /home/zxs/ocs2_ros2_legubiao/ws/install/ocs2_robotic_assets/share/ocs2_robotic_assets/resources/mobile_manipulator/pr2/meshes/head_v0/head_tilt_color.png
[1.490s] -- Symlinking: /home/zxs/ocs2_ros2_legubiao/ws/install/ocs2_robotic_assets/share/ocs2_robotic_assets/resources/mobile_manipulator/pr2/meshes/head_v0/head_tilt_color_red.png
[1.494s] -- Symlinking: /home/zxs/ocs2_ros2_legubiao/ws/install/ocs2_robotic_assets/share/ocs2_robotic_assets/resources/mobile_manipulator/pr2/meshes/head_v0/head_tilt_color_yellow.png
[1.499s] -- Symlinking: /home/zxs/ocs2_ros2_legubiao/ws/install/ocs2_robotic_assets/share/ocs2_robotic_assets/resources/mobile_manipulator/pr2/meshes/head_v0/head_tilt_green.png
[1.504s] -- Symlinking: /home/zxs/ocs2_ros2_legubiao/ws/install/ocs2_robotic_assets/share/ocs2_robotic_assets/resources/mobile_manipulator/pr2/meshes/head_v0/head_tilt_normals.png
[1.509s] -- Symlinking: /home/zxs/ocs2_ros2_legubiao/ws/install/ocs2_robotic_assets/share/ocs2_robotic_assets/resources/mobile_manipulator/pr2/meshes/sensors/kinect2_v0/kinect2_assembly.STL
[1.514s] -- Symlinking: /home/zxs/ocs2_ros2_legubiao/ws/install/ocs2_robotic_assets/share/ocs2_robotic_assets/resources/mobile_manipulator/pr2/meshes/sensors/kinect2_v0/kinect2_assembly.dae
[1.519s] -- Symlinking: /home/zxs/ocs2_ros2_legubiao/ws/install/ocs2_robotic_assets/share/ocs2_robotic_assets/resources/mobile_manipulator/pr2/meshes/sensors/kinect_prosilica_v0/115x100_swept_back--coarse.STL
[1.524s] -- Symlinking: /home/zxs/ocs2_ros2_legubiao/ws/install/ocs2_robotic_assets/share/ocs2_robotic_assets/resources/mobile_manipulator/pr2/meshes/sensors/kinect_prosilica_v0/115x100_swept_back_no_sensors--coarse.STL
[1.530s] -- Symlinking: /home/zxs/ocs2_ros2_legubiao/ws/install/ocs2_robotic_assets/share/ocs2_robotic_assets/resources/mobile_manipulator/pr2/meshes/sensors/kinect_prosilica_v0/115x100_swept_fwd--coarse.STL
[1.536s] -- Symlinking: /home/zxs/ocs2_ros2_legubiao/ws/install/ocs2_robotic_assets/share/ocs2_robotic_assets/resources/mobile_manipulator/pr2/meshes/sensors/kinect_prosilica_v0/115x100_swept_fwd_no_sensors--coarse.STL
[1.541s] -- Symlinking: /home/zxs/ocs2_ros2_legubiao/ws/install/ocs2_robotic_assets/share/ocs2_robotic_assets/resources/mobile_manipulator/pr2/meshes/sensors/kinect_prosilica_v0/68-04546_Kinect_Sensor--coarse.STL
[1.545s] -- Symlinking: /home/zxs/ocs2_ros2_legubiao/ws/install/ocs2_robotic_assets/share/ocs2_robotic_assets/resources/mobile_manipulator/pr2/meshes/sensors/kinect_prosilica_v0/Prosilica_w_Lens--coarse.STL
[1.549s] -- Symlinking: /home/zxs/ocs2_ros2_legubiao/ws/install/ocs2_robotic_assets/share/ocs2_robotic_assets/resources/mobile_manipulator/pr2/meshes/sensors/kinect_v0/kinect.dae
[1.553s] -- Symlinking: /home/zxs/ocs2_ros2_legubiao/ws/install/ocs2_robotic_assets/share/ocs2_robotic_assets/resources/mobile_manipulator/pr2/meshes/sensors/kinect_v0/kinect.tga
[1.558s] -- Symlinking: /home/zxs/ocs2_ros2_legubiao/ws/install/ocs2_robotic_assets/share/ocs2_robotic_assets/resources/mobile_manipulator/pr2/meshes/sensors/kinect_v0/kinect_color.tga
[1.562s] -- Symlinking: /home/zxs/ocs2_ros2_legubiao/ws/install/ocs2_robotic_assets/share/ocs2_robotic_assets/resources/mobile_manipulator/pr2/meshes/sensors/kinect_v0/kinect_mount.stl
[1.567s] -- Symlinking: /home/zxs/ocs2_ros2_legubiao/ws/install/ocs2_robotic_assets/share/ocs2_robotic_assets/resources/mobile_manipulator/pr2/meshes/shoulder_v0/.gitignore
[1.571s] -- Symlinking: /home/zxs/ocs2_ros2_legubiao/ws/install/ocs2_robotic_assets/share/ocs2_robotic_assets/resources/mobile_manipulator/pr2/meshes/shoulder_v0/shoulder_lift.dae
[1.574s] -- Symlinking: /home/zxs/ocs2_ros2_legubiao/ws/install/ocs2_robotic_assets/share/ocs2_robotic_assets/resources/mobile_manipulator/pr2/meshes/shoulder_v0/shoulder_lift.stl
[1.577s] -- Symlinking: /home/zxs/ocs2_ros2_legubiao/ws/install/ocs2_robotic_assets/share/ocs2_robotic_assets/resources/mobile_manipulator/pr2/meshes/shoulder_v0/shoulder_lift_color.png
[1.581s] -- Symlinking: /home/zxs/ocs2_ros2_legubiao/ws/install/ocs2_robotic_assets/share/ocs2_robotic_assets/resources/mobile_manipulator/pr2/meshes/shoulder_v0/shoulder_lift_normals.png
[1.586s] -- Symlinking: /home/zxs/ocs2_ros2_legubiao/ws/install/ocs2_robotic_assets/share/ocs2_robotic_assets/resources/mobile_manipulator/pr2/meshes/shoulder_v0/shoulder_pan.dae
[1.590s] -- Symlinking: /home/zxs/ocs2_ros2_legubiao/ws/install/ocs2_robotic_assets/share/ocs2_robotic_assets/resources/mobile_manipulator/pr2/meshes/shoulder_v0/shoulder_pan.stl
[1.594s] -- Symlinking: /home/zxs/ocs2_ros2_legubiao/ws/install/ocs2_robotic_assets/share/ocs2_robotic_assets/resources/mobile_manipulator/pr2/meshes/shoulder_v0/shoulder_pan_color.png
[1.598s] -- Symlinking: /home/zxs/ocs2_ros2_legubiao/ws/install/ocs2_robotic_assets/share/ocs2_robotic_assets/resources/mobile_manipulator/pr2/meshes/shoulder_v0/shoulder_pan_normals.png
[1.602s] -- Symlinking: /home/zxs/ocs2_ros2_legubiao/ws/install/ocs2_robotic_assets/share/ocs2_robotic_assets/resources/mobile_manipulator/pr2/meshes/shoulder_v0/shoulder_yaw.stl
[1.606s] -- Symlinking: /home/zxs/ocs2_ros2_legubiao/ws/install/ocs2_robotic_assets/share/ocs2_robotic_assets/resources/mobile_manipulator/pr2/meshes/shoulder_v0/upper_arm_roll.dae
[1.610s] -- Symlinking: /home/zxs/ocs2_ros2_legubiao/ws/install/ocs2_robotic_assets/share/ocs2_robotic_assets/resources/mobile_manipulator/pr2/meshes/shoulder_v0/upper_arm_roll.stl
[1.615s] -- Symlinking: /home/zxs/ocs2_ros2_legubiao/ws/install/ocs2_robotic_assets/share/ocs2_robotic_assets/resources/mobile_manipulator/pr2/meshes/shoulder_v0/upper_arm_roll_L.stl
[1.621s] -- Symlinking: /home/zxs/ocs2_ros2_legubiao/ws/install/ocs2_robotic_assets/share/ocs2_robotic_assets/resources/mobile_manipulator/pr2/meshes/shoulder_v0/upper_arm_roll_color.png
[1.627s] -- Symlinking: /home/zxs/ocs2_ros2_legubiao/ws/install/ocs2_robotic_assets/share/ocs2_robotic_assets/resources/mobile_manipulator/pr2/meshes/shoulder_v0/upper_arm_roll_normals.png
[1.631s] -- Symlinking: /home/zxs/ocs2_ros2_legubiao/ws/install/ocs2_robotic_assets/share/ocs2_robotic_assets/resources/mobile_manipulator/pr2/meshes/tilting_laser_v0/.gitignore
[1.637s] -- Symlinking: /home/zxs/ocs2_ros2_legubiao/ws/install/ocs2_robotic_assets/share/ocs2_robotic_assets/resources/mobile_manipulator/pr2/meshes/tilting_laser_v0/hok_tilt.stl
[1.642s] -- Symlinking: /home/zxs/ocs2_ros2_legubiao/ws/install/ocs2_robotic_assets/share/ocs2_robotic_assets/resources/mobile_manipulator/pr2/meshes/tilting_laser_v0/tilting_hokuyo.dae
[1.647s] -- Symlinking: /home/zxs/ocs2_ros2_legubiao/ws/install/ocs2_robotic_assets/share/ocs2_robotic_assets/resources/mobile_manipulator/pr2/meshes/tilting_laser_v0/tilting_hokuyo.stl
[1.651s] -- Symlinking: /home/zxs/ocs2_ros2_legubiao/ws/install/ocs2_robotic_assets/share/ocs2_robotic_assets/resources/mobile_manipulator/pr2/meshes/tilting_laser_v0/tilting_hokuyo_L.stl
[1.656s] -- Symlinking: /home/zxs/ocs2_ros2_legubiao/ws/install/ocs2_robotic_assets/share/ocs2_robotic_assets/resources/mobile_manipulator/pr2/meshes/tilting_laser_v0/tilting_hokuyo_color.png
[1.661s] -- Symlinking: /home/zxs/ocs2_ros2_legubiao/ws/install/ocs2_robotic_assets/share/ocs2_robotic_assets/resources/mobile_manipulator/pr2/meshes/tilting_laser_v0/tilting_hokuyo_normals.png
[1.666s] -- Symlinking: /home/zxs/ocs2_ros2_legubiao/ws/install/ocs2_robotic_assets/share/ocs2_robotic_assets/resources/mobile_manipulator/pr2/meshes/torso_v0/.gitignore
[1.671s] -- Symlinking: /home/zxs/ocs2_ros2_legubiao/ws/install/ocs2_robotic_assets/share/ocs2_robotic_assets/resources/mobile_manipulator/pr2/meshes/torso_v0/torso.stl
[1.677s] -- Symlinking: /home/zxs/ocs2_ros2_legubiao/ws/install/ocs2_robotic_assets/share/ocs2_robotic_assets/resources/mobile_manipulator/pr2/meshes/torso_v0/torso_lift.dae
[1.682s] -- Symlinking: /home/zxs/ocs2_ros2_legubiao/ws/install/ocs2_robotic_assets/share/ocs2_robotic_assets/resources/mobile_manipulator/pr2/meshes/torso_v0/torso_lift.stl
[1.687s] -- Symlinking: /home/zxs/ocs2_ros2_legubiao/ws/install/ocs2_robotic_assets/share/ocs2_robotic_assets/resources/mobile_manipulator/pr2/meshes/torso_v0/torso_lift_L.stl
[1.692s] -- Symlinking: /home/zxs/ocs2_ros2_legubiao/ws/install/ocs2_robotic_assets/share/ocs2_robotic_assets/resources/mobile_manipulator/pr2/meshes/torso_v0/torso_lift_color.png
[1.697s] -- Symlinking: /home/zxs/ocs2_ros2_legubiao/ws/install/ocs2_robotic_assets/share/ocs2_robotic_assets/resources/mobile_manipulator/pr2/meshes/torso_v0/torso_lift_normals.png
[1.702s] -- Symlinking: /home/zxs/ocs2_ros2_legubiao/ws/install/ocs2_robotic_assets/share/ocs2_robotic_assets/resources/mobile_manipulator/pr2/meshes/upper_arm_v0/.gitignore
[1.706s] -- Symlinking: /home/zxs/ocs2_ros2_legubiao/ws/install/ocs2_robotic_assets/share/ocs2_robotic_assets/resources/mobile_manipulator/pr2/meshes/upper_arm_v0/elbow_flex.dae
[1.710s] -- Symlinking: /home/zxs/ocs2_ros2_legubiao/ws/install/ocs2_robotic_assets/share/ocs2_robotic_assets/resources/mobile_manipulator/pr2/meshes/upper_arm_v0/elbow_flex.stl
[1.715s] -- Symlinking: /home/zxs/ocs2_ros2_legubiao/ws/install/ocs2_robotic_assets/share/ocs2_robotic_assets/resources/mobile_manipulator/pr2/meshes/upper_arm_v0/elbow_flex_color.png
[1.720s] -- Symlinking: /home/zxs/ocs2_ros2_legubiao/ws/install/ocs2_robotic_assets/share/ocs2_robotic_assets/resources/mobile_manipulator/pr2/meshes/upper_arm_v0/elbow_flex_normals.png
[1.725s] -- Symlinking: /home/zxs/ocs2_ros2_legubiao/ws/install/ocs2_robotic_assets/share/ocs2_robotic_assets/resources/mobile_manipulator/pr2/meshes/upper_arm_v0/forearm_roll.stl
[1.730s] -- Symlinking: /home/zxs/ocs2_ros2_legubiao/ws/install/ocs2_robotic_assets/share/ocs2_robotic_assets/resources/mobile_manipulator/pr2/meshes/upper_arm_v0/forearm_roll_L.stl
[1.734s] -- Symlinking: /home/zxs/ocs2_ros2_legubiao/ws/install/ocs2_robotic_assets/share/ocs2_robotic_assets/resources/mobile_manipulator/pr2/meshes/upper_arm_v0/upper_arm.dae
[1.738s] -- Symlinking: /home/zxs/ocs2_ros2_legubiao/ws/install/ocs2_robotic_assets/share/ocs2_robotic_assets/resources/mobile_manipulator/pr2/meshes/upper_arm_v0/upper_arm.jpg
[1.743s] -- Symlinking: /home/zxs/ocs2_ros2_legubiao/ws/install/ocs2_robotic_assets/share/ocs2_robotic_assets/resources/mobile_manipulator/pr2/meshes/upper_arm_v0/upper_arm.stl
[1.747s] -- Symlinking: /home/zxs/ocs2_ros2_legubiao/ws/install/ocs2_robotic_assets/share/ocs2_robotic_assets/resources/mobile_manipulator/pr2/meshes/upper_arm_v0/upper_arm_color.png
[1.752s] -- Symlinking: /home/zxs/ocs2_ros2_legubiao/ws/install/ocs2_robotic_assets/share/ocs2_robotic_assets/resources/mobile_manipulator/pr2/meshes/upper_arm_v0/upper_arm_normals.png
[1.757s] -- Symlinking: /home/zxs/ocs2_ros2_legubiao/ws/install/ocs2_robotic_assets/share/ocs2_robotic_assets/resources/mobile_manipulator/pr2/urdf/pr2.urdf
[1.762s] -- Symlinking: /home/zxs/ocs2_ros2_legubiao/ws/install/ocs2_robotic_assets/share/ocs2_robotic_assets/resources/mobile_manipulator/ridgeback_ur5/LICENSE
[1.766s] -- Symlinking: /home/zxs/ocs2_ros2_legubiao/ws/install/ocs2_robotic_assets/share/ocs2_robotic_assets/resources/mobile_manipulator/ridgeback_ur5/meshes/base/3dm-gxX.stl
[1.771s] -- Symlinking: /home/zxs/ocs2_ros2_legubiao/ws/install/ocs2_robotic_assets/share/ocs2_robotic_assets/resources/mobile_manipulator/ridgeback_ur5/meshes/base/axle.stl
[1.776s] -- Symlinking: /home/zxs/ocs2_ros2_legubiao/ws/install/ocs2_robotic_assets/share/ocs2_robotic_assets/resources/mobile_manipulator/ridgeback_ur5/meshes/base/body-collision.stl
[1.780s] -- Symlinking: /home/zxs/ocs2_ros2_legubiao/ws/install/ocs2_robotic_assets/share/ocs2_robotic_assets/resources/mobile_manipulator/ridgeback_ur5/meshes/base/body.stl
[1.785s] -- Symlinking: /home/zxs/ocs2_ros2_legubiao/ws/install/ocs2_robotic_assets/share/ocs2_robotic_assets/resources/mobile_manipulator/ridgeback_ur5/meshes/base/end-cover.stl
[1.789s] -- Symlinking: /home/zxs/ocs2_ros2_legubiao/ws/install/ocs2_robotic_assets/share/ocs2_robotic_assets/resources/mobile_manipulator/ridgeback_ur5/meshes/base/lights.stl
[1.793s] -- Symlinking: /home/zxs/ocs2_ros2_legubiao/ws/install/ocs2_robotic_assets/share/ocs2_robotic_assets/resources/mobile_manipulator/ridgeback_ur5/meshes/base/rocker.stl
[1.798s] -- Symlinking: /home/zxs/ocs2_ros2_legubiao/ws/install/ocs2_robotic_assets/share/ocs2_robotic_assets/resources/mobile_manipulator/ridgeback_ur5/meshes/base/side-cover.stl
[1.802s] -- Symlinking: /home/zxs/ocs2_ros2_legubiao/ws/install/ocs2_robotic_assets/share/ocs2_robotic_assets/resources/mobile_manipulator/ridgeback_ur5/meshes/base/top.stl
[1.807s] -- Symlinking: /home/zxs/ocs2_ros2_legubiao/ws/install/ocs2_robotic_assets/share/ocs2_robotic_assets/resources/mobile_manipulator/ridgeback_ur5/meshes/base/ust-10lx.stl
[1.812s] -- Symlinking: /home/zxs/ocs2_ros2_legubiao/ws/install/ocs2_robotic_assets/share/ocs2_robotic_assets/resources/mobile_manipulator/ridgeback_ur5/meshes/base/wheel.stl
[1.817s] -- Symlinking: /home/zxs/ocs2_ros2_legubiao/ws/install/ocs2_robotic_assets/share/ocs2_robotic_assets/resources/mobile_manipulator/ridgeback_ur5/meshes/ur5/collision/base.stl
[1.821s] -- Symlinking: /home/zxs/ocs2_ros2_legubiao/ws/install/ocs2_robotic_assets/share/ocs2_robotic_assets/resources/mobile_manipulator/ridgeback_ur5/meshes/ur5/collision/forearm.stl
[1.827s] -- Symlinking: /home/zxs/ocs2_ros2_legubiao/ws/install/ocs2_robotic_assets/share/ocs2_robotic_assets/resources/mobile_manipulator/ridgeback_ur5/meshes/ur5/collision/shoulder.stl
[1.830s] -- Symlinking: /home/zxs/ocs2_ros2_legubiao/ws/install/ocs2_robotic_assets/share/ocs2_robotic_assets/resources/mobile_manipulator/ridgeback_ur5/meshes/ur5/collision/upperarm.stl
[1.834s] -- Symlinking: /home/zxs/ocs2_ros2_legubiao/ws/install/ocs2_robotic_assets/share/ocs2_robotic_assets/resources/mobile_manipulator/ridgeback_ur5/meshes/ur5/collision/wrist1.stl
[1.839s] -- Symlinking: /home/zxs/ocs2_ros2_legubiao/ws/install/ocs2_robotic_assets/share/ocs2_robotic_assets/resources/mobile_manipulator/ridgeback_ur5/meshes/ur5/collision/wrist2.stl
[1.844s] -- Symlinking: /home/zxs/ocs2_ros2_legubiao/ws/install/ocs2_robotic_assets/share/ocs2_robotic_assets/resources/mobile_manipulator/ridgeback_ur5/meshes/ur5/collision/wrist3.stl
[1.848s] -- Symlinking: /home/zxs/ocs2_ros2_legubiao/ws/install/ocs2_robotic_assets/share/ocs2_robotic_assets/resources/mobile_manipulator/ridgeback_ur5/meshes/ur5/visual/base.dae
[1.851s] -- Symlinking: /home/zxs/ocs2_ros2_legubiao/ws/install/ocs2_robotic_assets/share/ocs2_robotic_assets/resources/mobile_manipulator/ridgeback_ur5/meshes/ur5/visual/forearm.dae
[1.855s] -- Symlinking: /home/zxs/ocs2_ros2_legubiao/ws/install/ocs2_robotic_assets/share/ocs2_robotic_assets/resources/mobile_manipulator/ridgeback_ur5/meshes/ur5/visual/shoulder.dae
[1.860s] -- Symlinking: /home/zxs/ocs2_ros2_legubiao/ws/install/ocs2_robotic_assets/share/ocs2_robotic_assets/resources/mobile_manipulator/ridgeback_ur5/meshes/ur5/visual/upperarm.dae
[1.864s] -- Symlinking: /home/zxs/ocs2_ros2_legubiao/ws/install/ocs2_robotic_assets/share/ocs2_robotic_assets/resources/mobile_manipulator/ridgeback_ur5/meshes/ur5/visual/wrist1.dae
[1.869s] -- Symlinking: /home/zxs/ocs2_ros2_legubiao/ws/install/ocs2_robotic_assets/share/ocs2_robotic_assets/resources/mobile_manipulator/ridgeback_ur5/meshes/ur5/visual/wrist2.dae
[1.873s] -- Symlinking: /home/zxs/ocs2_ros2_legubiao/ws/install/ocs2_robotic_assets/share/ocs2_robotic_assets/resources/mobile_manipulator/ridgeback_ur5/meshes/ur5/visual/wrist3.dae
[1.877s] -- Symlinking: /home/zxs/ocs2_ros2_legubiao/ws/install/ocs2_robotic_assets/share/ocs2_robotic_assets/resources/mobile_manipulator/ridgeback_ur5/urdf/ridgeback_ur5.urdf
[1.882s] -- Symlinking: /home/zxs/ocs2_ros2_legubiao/ws/install/ocs2_robotic_assets/share/ocs2_robotic_assets/resources/quadrotor/meshes/quadrotor.obj
[1.887s] -- Symlinking: /home/zxs/ocs2_ros2_legubiao/ws/install/ocs2_robotic_assets/share/ocs2_robotic_assets/resources/quadrotor/urdf/quadrotor.urdf
[1.892s] -- Symlinking: /home/zxs/ocs2_ros2_legubiao/ws/install/ocs2_robotic_assets/share/ament_index/resource_index/package_run_dependencies/ocs2_robotic_assets
[1.897s] -- Symlinking: /home/zxs/ocs2_ros2_legubiao/ws/install/ocs2_robotic_assets/share/ament_index/resource_index/parent_prefix_path/ocs2_robotic_assets
[1.902s] -- Symlinking: /home/zxs/ocs2_ros2_legubiao/ws/install/ocs2_robotic_assets/share/ocs2_robotic_assets/environment/ament_prefix_path.sh
[1.907s] -- Symlinking: /home/zxs/ocs2_ros2_legubiao/ws/install/ocs2_robotic_assets/share/ocs2_robotic_assets/environment/ament_prefix_path.dsv
[1.912s] -- Symlinking: /home/zxs/ocs2_ros2_legubiao/ws/install/ocs2_robotic_assets/share/ocs2_robotic_assets/environment/path.sh
[1.917s] -- Symlinking: /home/zxs/ocs2_ros2_legubiao/ws/install/ocs2_robotic_assets/share/ocs2_robotic_assets/environment/path.dsv
[1.923s] -- Symlinking: /home/zxs/ocs2_ros2_legubiao/ws/install/ocs2_robotic_assets/share/ocs2_robotic_assets/local_setup.bash
[1.927s] -- Symlinking: /home/zxs/ocs2_ros2_legubiao/ws/install/ocs2_robotic_assets/share/ocs2_robotic_assets/local_setup.sh
[1.932s] -- Symlinking: /home/zxs/ocs2_ros2_legubiao/ws/install/ocs2_robotic_assets/share/ocs2_robotic_assets/local_setup.zsh
[1.937s] -- Symlinking: /home/zxs/ocs2_ros2_legubiao/ws/install/ocs2_robotic_assets/share/ocs2_robotic_assets/local_setup.dsv
[1.943s] -- Symlinking: /home/zxs/ocs2_ros2_legubiao/ws/install/ocs2_robotic_assets/share/ocs2_robotic_assets/package.dsv
[1.948s] -- Symlinking: /home/zxs/ocs2_ros2_legubiao/ws/install/ocs2_robotic_assets/share/ament_index/resource_index/packages/ocs2_robotic_assets
[1.954s] -- Symlinking: /home/zxs/ocs2_ros2_legubiao/ws/install/ocs2_robotic_assets/share/ocs2_robotic_assets/cmake/ament_cmake_export_include_directories-extras.cmake
[1.961s] -- Symlinking: /home/zxs/ocs2_ros2_legubiao/ws/install/ocs2_robotic_assets/share/ocs2_robotic_assets/cmake/ocs2_robotic_assetsConfig.cmake
[1.967s] -- Symlinking: /home/zxs/ocs2_ros2_legubiao/ws/install/ocs2_robotic_assets/share/ocs2_robotic_assets/cmake/ocs2_robotic_assetsConfig-version.cmake
[1.973s] -- Symlinking: /home/zxs/ocs2_ros2_legubiao/ws/install/ocs2_robotic_assets/share/ocs2_robotic_assets/package.xml
[1.980s] Invoked command in '/home/zxs/ocs2_ros2_legubiao/ws/build/ocs2_robotic_assets' returned '0': CMAKE_PREFIX_PATH=/opt/ros/humble /usr/bin/cmake --install /home/zxs/ocs2_ros2_legubiao/ws/build/ocs2_robotic_assets
