-- Found ament_cmake: 1.3.11 (/opt/ros/humble/share/ament_cmake/cmake)
-- Override CMake install command with custom implementation using symlinks instead of copying resources
-- Found ocs2_mpc: 0.0.0 (/home/zxs/ocs2_ros2_legubiao/ws/install/ocs2_mpc/share/ocs2_mpc/cmake)
-- Found ocs2_qp_solver: 0.0.0 (/home/zxs/ocs2_ros2_legubiao/ws/install/ocs2_qp_solver/share/ocs2_qp_solver/cmake)
-- Found ament_lint_auto: 0.12.12 (/opt/ros/humble/share/ament_lint_auto/cmake)
-- Found gtest sources under '/opt/ros/humble/src/gtest_vendor': C++ tests using 'Google Test' will be built
-- Added test 'copyright' to check source files copyright and LICENSE
-- Added test 'cppcheck' to perform static code analysis on C / C++ code
-- Configured cppcheck include dirs: $<BUILD_INTERFACE:/home/zxs/ocs2_ros2_legubiao/ws/src/ocs2_ros2/mpc/ocs2_ddp/include>;$<BUILD_INTERFACE:/home/zxs/ocs2_ros2_legubiao/ws/src/ocs2_ros2/mpc/ocs2_ddp/test/include>
-- Configured cppcheck exclude dirs and/or files: 
-- Added test 'cpplint' to check C / C++ code against the Google style
-- Configured cpplint exclude dirs and/or files: 
-- Added test 'lint_cmake' to check CMake code style
-- Added test 'uncrustify' to check C / C++ code style
-- Configured uncrustify additional arguments: 
-- Added test 'xmllint' to check XML markup files
-- Configuring done
-- Generating done
-- Build files have been written to: /home/zxs/ocs2_ros2_legubiao/ws/build/ocs2_ddp
[35m[1mConsolidate compiler generated dependencies of target gtest[0m
[35m[1mConsolidate compiler generated dependencies of target gtest_main[0m
[35m[1mConsolidate compiler generated dependencies of target ocs2_ddp[0m
[  4%] Built target gtest
[  9%] Built target gtest_main
[ 46%] Built target ocs2_ddp
[35m[1mConsolidate compiler generated dependencies of target riccati_ode_test[0m
[35m[1mConsolidate compiler generated dependencies of target exp1_ddp_test[0m
[35m[1mConsolidate compiler generated dependencies of target correctness_test[0m
[35m[1mConsolidate compiler generated dependencies of target hybrid_slq_test[0m
[35m[1mConsolidate compiler generated dependencies of target testReachingTask[0m
[35m[1mConsolidate compiler generated dependencies of target bouncing_mass_test[0m
[35m[1mConsolidate compiler generated dependencies of target exp0_ddp_test[0m
[35m[1mConsolidate compiler generated dependencies of target testDdpHelperFunction[0m
[35m[1mConsolidate compiler generated dependencies of target testContinuousTimeLqr[0m
[35m[1mConsolidate compiler generated dependencies of target circular_kinematics_ddp_test[0m
[ 51%] Built target exp1_ddp_test
[ 56%] Built target correctness_test
[ 60%] Built target hybrid_slq_test
[ 65%] Built target testContinuousTimeLqr
[ 70%] Built target riccati_ode_test
[ 75%] Built target testReachingTask
[ 80%] Built target exp0_ddp_test
[ 85%] Built target testDdpHelperFunction
[ 95%] Built target bouncing_mass_test
[100%] Built target circular_kinematics_ddp_test
-- Install configuration: "Release"
-- Execute custom install script
-- Up-to-date symlink: /home/zxs/ocs2_ros2_legubiao/ws/install/ocs2_ddp/include/ocs2_ddp/ocs2_ddp/ContinuousTimeLqr.h
-- Up-to-date symlink: /home/zxs/ocs2_ros2_legubiao/ws/install/ocs2_ddp/include/ocs2_ddp/ocs2_ddp/DDP_Data.h
-- Up-to-date symlink: /home/zxs/ocs2_ros2_legubiao/ws/install/ocs2_ddp/include/ocs2_ddp/ocs2_ddp/DDP_HelperFunctions.h
-- Up-to-date symlink: /home/zxs/ocs2_ros2_legubiao/ws/install/ocs2_ddp/include/ocs2_ddp/ocs2_ddp/DDP_Settings.h
-- Up-to-date symlink: /home/zxs/ocs2_ros2_legubiao/ws/install/ocs2_ddp/include/ocs2_ddp/ocs2_ddp/GaussNewtonDDP.h
-- Up-to-date symlink: /home/zxs/ocs2_ros2_legubiao/ws/install/ocs2_ddp/include/ocs2_ddp/ocs2_ddp/GaussNewtonDDP_MPC.h
-- Up-to-date symlink: /home/zxs/ocs2_ros2_legubiao/ws/install/ocs2_ddp/include/ocs2_ddp/ocs2_ddp/HessianCorrection.h
-- Up-to-date symlink: /home/zxs/ocs2_ros2_legubiao/ws/install/ocs2_ddp/include/ocs2_ddp/ocs2_ddp/ILQR.h
-- Up-to-date symlink: /home/zxs/ocs2_ros2_legubiao/ws/install/ocs2_ddp/include/ocs2_ddp/ocs2_ddp/SLQ.h
-- Up-to-date symlink: /home/zxs/ocs2_ros2_legubiao/ws/install/ocs2_ddp/include/ocs2_ddp/ocs2_ddp/riccati_equations/ContinuousTimeRiccatiEquations.h
-- Up-to-date symlink: /home/zxs/ocs2_ros2_legubiao/ws/install/ocs2_ddp/include/ocs2_ddp/ocs2_ddp/riccati_equations/DiscreteTimeRiccatiEquations.h
-- Up-to-date symlink: /home/zxs/ocs2_ros2_legubiao/ws/install/ocs2_ddp/include/ocs2_ddp/ocs2_ddp/riccati_equations/RiccatiModification.h
-- Up-to-date symlink: /home/zxs/ocs2_ros2_legubiao/ws/install/ocs2_ddp/include/ocs2_ddp/ocs2_ddp/riccati_equations/RiccatiModificationInterpolation.h
-- Up-to-date symlink: /home/zxs/ocs2_ros2_legubiao/ws/install/ocs2_ddp/include/ocs2_ddp/ocs2_ddp/riccati_equations/RiccatiTransversalityConditions.h
-- Up-to-date symlink: /home/zxs/ocs2_ros2_legubiao/ws/install/ocs2_ddp/include/ocs2_ddp/ocs2_ddp/search_strategy/LevenbergMarquardtStrategy.h
-- Up-to-date symlink: /home/zxs/ocs2_ros2_legubiao/ws/install/ocs2_ddp/include/ocs2_ddp/ocs2_ddp/search_strategy/LineSearchStrategy.h
-- Up-to-date symlink: /home/zxs/ocs2_ros2_legubiao/ws/install/ocs2_ddp/include/ocs2_ddp/ocs2_ddp/search_strategy/SearchStrategyBase.h
-- Up-to-date symlink: /home/zxs/ocs2_ros2_legubiao/ws/install/ocs2_ddp/include/ocs2_ddp/ocs2_ddp/search_strategy/StrategySettings.h
-- Up-to-date symlink: /home/zxs/ocs2_ros2_legubiao/ws/install/ocs2_ddp/include/ocs2_ddp/ocs2_ddp/test/bouncingmass/OverallReference.h
-- Up-to-date symlink: /home/zxs/ocs2_ros2_legubiao/ws/install/ocs2_ddp/include/ocs2_ddp/ocs2_ddp/test/bouncingmass/Reference.h
-- Up-to-date symlink: /home/zxs/ocs2_ros2_legubiao/ws/install/ocs2_ddp/include/ocs2_ddp/ocs2_ddp/test/bouncingmass/SystemModel.h
-- Up-to-date symlink: /home/zxs/ocs2_ros2_legubiao/ws/install/ocs2_ddp/share/ocs2_ddp/environment/library_path.sh
-- Up-to-date symlink: /home/zxs/ocs2_ros2_legubiao/ws/install/ocs2_ddp/share/ocs2_ddp/environment/library_path.dsv
-- Up-to-date symlink: /home/zxs/ocs2_ros2_legubiao/ws/install/ocs2_ddp/share/ament_index/resource_index/package_run_dependencies/ocs2_ddp
-- Up-to-date symlink: /home/zxs/ocs2_ros2_legubiao/ws/install/ocs2_ddp/share/ament_index/resource_index/parent_prefix_path/ocs2_ddp
-- Up-to-date symlink: /home/zxs/ocs2_ros2_legubiao/ws/install/ocs2_ddp/share/ocs2_ddp/environment/ament_prefix_path.sh
-- Up-to-date symlink: /home/zxs/ocs2_ros2_legubiao/ws/install/ocs2_ddp/share/ocs2_ddp/environment/ament_prefix_path.dsv
-- Up-to-date symlink: /home/zxs/ocs2_ros2_legubiao/ws/install/ocs2_ddp/share/ocs2_ddp/environment/path.sh
-- Up-to-date symlink: /home/zxs/ocs2_ros2_legubiao/ws/install/ocs2_ddp/share/ocs2_ddp/environment/path.dsv
-- Up-to-date symlink: /home/zxs/ocs2_ros2_legubiao/ws/install/ocs2_ddp/share/ocs2_ddp/local_setup.bash
-- Up-to-date symlink: /home/zxs/ocs2_ros2_legubiao/ws/install/ocs2_ddp/share/ocs2_ddp/local_setup.sh
-- Up-to-date symlink: /home/zxs/ocs2_ros2_legubiao/ws/install/ocs2_ddp/share/ocs2_ddp/local_setup.zsh
-- Up-to-date symlink: /home/zxs/ocs2_ros2_legubiao/ws/install/ocs2_ddp/share/ocs2_ddp/local_setup.dsv
-- Symlinking: /home/zxs/ocs2_ros2_legubiao/ws/install/ocs2_ddp/share/ocs2_ddp/package.dsv
-- Up-to-date symlink: /home/zxs/ocs2_ros2_legubiao/ws/install/ocs2_ddp/share/ament_index/resource_index/packages/ocs2_ddp
-- Up-to-date symlink: /home/zxs/ocs2_ros2_legubiao/ws/install/ocs2_ddp/share/ocs2_ddp/cmake/ament_cmake_export_dependencies-extras.cmake
-- Up-to-date symlink: /home/zxs/ocs2_ros2_legubiao/ws/install/ocs2_ddp/share/ocs2_ddp/cmake/ament_cmake_export_targets-extras.cmake
-- Up-to-date symlink: /home/zxs/ocs2_ros2_legubiao/ws/install/ocs2_ddp/share/ocs2_ddp/cmake/ocs2_ddpConfig.cmake
-- Up-to-date symlink: /home/zxs/ocs2_ros2_legubiao/ws/install/ocs2_ddp/share/ocs2_ddp/cmake/ocs2_ddpConfig-version.cmake
-- Up-to-date symlink: /home/zxs/ocs2_ros2_legubiao/ws/install/ocs2_ddp/share/ocs2_ddp/package.xml
-- Up-to-date: /home/zxs/ocs2_ros2_legubiao/ws/install/ocs2_ddp/lib/libocs2_ddp.a
-- Up-to-date: /home/zxs/ocs2_ros2_legubiao/ws/install/ocs2_ddp/share/ocs2_ddp/cmake/export_ocs2_ddpExport.cmake
-- Up-to-date: /home/zxs/ocs2_ros2_legubiao/ws/install/ocs2_ddp/share/ocs2_ddp/cmake/export_ocs2_ddpExport-release.cmake
