[0.020s] Invoking command in '/home/zxs/ocs2_ros2_legubiao/ws/build/ocs2_ddp': CMAKE_PREFIX_PATH=/home/zxs/ocs2_ros2_legubiao/ws/install/ocs2_qp_solver:/home/zxs/ocs2_ros2_legubiao/ws/install/ocs2_mpc:/home/zxs/ocs2_ros2_legubiao/ws/install/ocs2_oc:/home/zxs/ocs2_ros2_legubiao/ws/install/ocs2_core:/home/zxs/ocs2_ros2_legubiao/ws/install/ocs2_thirdparty:/home/zxs/ocs2_ros2_legubiao/ws/install/ocs2_legged_robot_ros:/home/zxs/ocs2_ros2_legubiao/ws/install/ocs2_legged_robot:/home/zxs/ocs2_ros2_legubiao/ws/install/ocs2_sqp:/home/zxs/ocs2_ros2_legubiao/ws/install/ocs2_ros_interfaces:/home/zxs/ocs2_ros2_legubiao/ws/install/ocs2_centroidal_model:/home/zxs/ocs2_ros2_legubiao/ws/install/ocs2_pinocchio_interface:/home/zxs/ocs2_ros2_legubiao/ws/install/ocs2_robotic_tools:/home/zxs/ocs2_ros2_legubiao/ws/install/ocs2_ipm:/home/zxs/ocs2_ros2_legubiao/ws/install/ocs2_ddp:/home/zxs/ocs2_ros2_legubiao/ws/install/hpipm_colcon:/home/zxs/ocs2_ros2_legubiao/ws/install/ocs2_robotic_assets:/home/zxs/ocs2_ros2_legubiao/ws/install/ocs2_msgs:/home/zxs/ocs2_ros2_legubiao/ws/install/blasfeo_colcon:/opt/ros/humble /usr/bin/cmake /home/zxs/ocs2_ros2_legubiao/ws/src/ocs2_ros2/mpc/ocs2_ddp -DCMAKE_INSTALL_PREFIX=/home/zxs/ocs2_ros2_legubiao/ws/install/ocs2_ddp
[0.028s] -- Found ament_cmake: 1.3.11 (/opt/ros/humble/share/ament_cmake/cmake)
[0.086s] -- Override CMake install command with custom implementation using symlinks instead of copying resources
[0.089s] -- Found ocs2_mpc: 0.0.0 (/home/zxs/ocs2_ros2_legubiao/ws/install/ocs2_mpc/share/ocs2_mpc/cmake)
[0.100s] -- Found ocs2_qp_solver: 0.0.0 (/home/zxs/ocs2_ros2_legubiao/ws/install/ocs2_qp_solver/share/ocs2_qp_solver/cmake)
[0.102s] -- Found ament_lint_auto: 0.12.12 (/opt/ros/humble/share/ament_lint_auto/cmake)
[0.137s] -- Found gtest sources under '/opt/ros/humble/src/gtest_vendor': C++ tests using 'Google Test' will be built
[0.153s] -- Added test 'copyright' to check source files copyright and LICENSE
[0.154s] -- Added test 'cppcheck' to perform static code analysis on C / C++ code
[0.154s] -- Configured cppcheck include dirs: $<BUILD_INTERFACE:/home/zxs/ocs2_ros2_legubiao/ws/src/ocs2_ros2/mpc/ocs2_ddp/include>;$<BUILD_INTERFACE:/home/zxs/ocs2_ros2_legubiao/ws/src/ocs2_ros2/mpc/ocs2_ddp/test/include>
[0.154s] -- Configured cppcheck exclude dirs and/or files: 
[0.155s] -- Added test 'cpplint' to check C / C++ code against the Google style
[0.155s] -- Configured cpplint exclude dirs and/or files: 
[0.156s] -- Added test 'lint_cmake' to check CMake code style
[0.157s] -- Added test 'uncrustify' to check C / C++ code style
[0.157s] -- Configured uncrustify additional arguments: 
[0.157s] -- Added test 'xmllint' to check XML markup files
[0.157s] -- Configuring done
[0.171s] -- Generating done
[0.175s] -- Build files have been written to: /home/zxs/ocs2_ros2_legubiao/ws/build/ocs2_ddp
[0.178s] Invoked command in '/home/zxs/ocs2_ros2_legubiao/ws/build/ocs2_ddp' returned '0': CMAKE_PREFIX_PATH=/home/zxs/ocs2_ros2_legubiao/ws/install/ocs2_qp_solver:/home/zxs/ocs2_ros2_legubiao/ws/install/ocs2_mpc:/home/zxs/ocs2_ros2_legubiao/ws/install/ocs2_oc:/home/zxs/ocs2_ros2_legubiao/ws/install/ocs2_core:/home/zxs/ocs2_ros2_legubiao/ws/install/ocs2_thirdparty:/home/zxs/ocs2_ros2_legubiao/ws/install/ocs2_legged_robot_ros:/home/zxs/ocs2_ros2_legubiao/ws/install/ocs2_legged_robot:/home/zxs/ocs2_ros2_legubiao/ws/install/ocs2_sqp:/home/zxs/ocs2_ros2_legubiao/ws/install/ocs2_ros_interfaces:/home/zxs/ocs2_ros2_legubiao/ws/install/ocs2_centroidal_model:/home/zxs/ocs2_ros2_legubiao/ws/install/ocs2_pinocchio_interface:/home/zxs/ocs2_ros2_legubiao/ws/install/ocs2_robotic_tools:/home/zxs/ocs2_ros2_legubiao/ws/install/ocs2_ipm:/home/zxs/ocs2_ros2_legubiao/ws/install/ocs2_ddp:/home/zxs/ocs2_ros2_legubiao/ws/install/hpipm_colcon:/home/zxs/ocs2_ros2_legubiao/ws/install/ocs2_robotic_assets:/home/zxs/ocs2_ros2_legubiao/ws/install/ocs2_msgs:/home/zxs/ocs2_ros2_legubiao/ws/install/blasfeo_colcon:/opt/ros/humble /usr/bin/cmake /home/zxs/ocs2_ros2_legubiao/ws/src/ocs2_ros2/mpc/ocs2_ddp -DCMAKE_INSTALL_PREFIX=/home/zxs/ocs2_ros2_legubiao/ws/install/ocs2_ddp
[0.178s] Invoking command in '/home/zxs/ocs2_ros2_legubiao/ws/build/ocs2_ddp': CMAKE_PREFIX_PATH=/home/zxs/ocs2_ros2_legubiao/ws/install/ocs2_qp_solver:/home/zxs/ocs2_ros2_legubiao/ws/install/ocs2_mpc:/home/zxs/ocs2_ros2_legubiao/ws/install/ocs2_oc:/home/zxs/ocs2_ros2_legubiao/ws/install/ocs2_core:/home/zxs/ocs2_ros2_legubiao/ws/install/ocs2_thirdparty:/home/zxs/ocs2_ros2_legubiao/ws/install/ocs2_legged_robot_ros:/home/zxs/ocs2_ros2_legubiao/ws/install/ocs2_legged_robot:/home/zxs/ocs2_ros2_legubiao/ws/install/ocs2_sqp:/home/zxs/ocs2_ros2_legubiao/ws/install/ocs2_ros_interfaces:/home/zxs/ocs2_ros2_legubiao/ws/install/ocs2_centroidal_model:/home/zxs/ocs2_ros2_legubiao/ws/install/ocs2_pinocchio_interface:/home/zxs/ocs2_ros2_legubiao/ws/install/ocs2_robotic_tools:/home/zxs/ocs2_ros2_legubiao/ws/install/ocs2_ipm:/home/zxs/ocs2_ros2_legubiao/ws/install/ocs2_ddp:/home/zxs/ocs2_ros2_legubiao/ws/install/hpipm_colcon:/home/zxs/ocs2_ros2_legubiao/ws/install/ocs2_robotic_assets:/home/zxs/ocs2_ros2_legubiao/ws/install/ocs2_msgs:/home/zxs/ocs2_ros2_legubiao/ws/install/blasfeo_colcon:/opt/ros/humble /usr/bin/cmake --build /home/zxs/ocs2_ros2_legubiao/ws/build/ocs2_ddp -- -j28 -l28
[0.204s] [35m[1mConsolidate compiler generated dependencies of target gtest[0m
[0.205s] [35m[1mConsolidate compiler generated dependencies of target gtest_main[0m
[0.211s] [35m[1mConsolidate compiler generated dependencies of target ocs2_ddp[0m
[0.213s] [  4%] Built target gtest
[0.214s] [  9%] Built target gtest_main
[0.236s] [ 46%] Built target ocs2_ddp
[0.242s] [35m[1mConsolidate compiler generated dependencies of target riccati_ode_test[0m
[0.242s] [35m[1mConsolidate compiler generated dependencies of target exp1_ddp_test[0m
[0.242s] [35m[1mConsolidate compiler generated dependencies of target correctness_test[0m
[0.243s] [35m[1mConsolidate compiler generated dependencies of target hybrid_slq_test[0m
[0.243s] [35m[1mConsolidate compiler generated dependencies of target testReachingTask[0m
[0.243s] [35m[1mConsolidate compiler generated dependencies of target bouncing_mass_test[0m
[0.244s] [35m[1mConsolidate compiler generated dependencies of target exp0_ddp_test[0m
[0.244s] [35m[1mConsolidate compiler generated dependencies of target testDdpHelperFunction[0m
[0.245s] [35m[1mConsolidate compiler generated dependencies of target testContinuousTimeLqr[0m
[0.245s] [35m[1mConsolidate compiler generated dependencies of target circular_kinematics_ddp_test[0m
[0.251s] [ 51%] Built target exp1_ddp_test
[0.251s] [ 56%] Built target correctness_test
[0.252s] [ 60%] Built target hybrid_slq_test
[0.252s] [ 65%] Built target testContinuousTimeLqr
[0.253s] [ 70%] Built target riccati_ode_test
[0.253s] [ 75%] Built target testReachingTask
[0.256s] [ 80%] Built target exp0_ddp_test
[0.256s] [ 85%] Built target testDdpHelperFunction
[0.259s] [ 95%] Built target bouncing_mass_test
[0.262s] [100%] Built target circular_kinematics_ddp_test
[0.268s] Invoked command in '/home/zxs/ocs2_ros2_legubiao/ws/build/ocs2_ddp' returned '0': CMAKE_PREFIX_PATH=/home/zxs/ocs2_ros2_legubiao/ws/install/ocs2_qp_solver:/home/zxs/ocs2_ros2_legubiao/ws/install/ocs2_mpc:/home/zxs/ocs2_ros2_legubiao/ws/install/ocs2_oc:/home/zxs/ocs2_ros2_legubiao/ws/install/ocs2_core:/home/zxs/ocs2_ros2_legubiao/ws/install/ocs2_thirdparty:/home/zxs/ocs2_ros2_legubiao/ws/install/ocs2_legged_robot_ros:/home/zxs/ocs2_ros2_legubiao/ws/install/ocs2_legged_robot:/home/zxs/ocs2_ros2_legubiao/ws/install/ocs2_sqp:/home/zxs/ocs2_ros2_legubiao/ws/install/ocs2_ros_interfaces:/home/zxs/ocs2_ros2_legubiao/ws/install/ocs2_centroidal_model:/home/zxs/ocs2_ros2_legubiao/ws/install/ocs2_pinocchio_interface:/home/zxs/ocs2_ros2_legubiao/ws/install/ocs2_robotic_tools:/home/zxs/ocs2_ros2_legubiao/ws/install/ocs2_ipm:/home/zxs/ocs2_ros2_legubiao/ws/install/ocs2_ddp:/home/zxs/ocs2_ros2_legubiao/ws/install/hpipm_colcon:/home/zxs/ocs2_ros2_legubiao/ws/install/ocs2_robotic_assets:/home/zxs/ocs2_ros2_legubiao/ws/install/ocs2_msgs:/home/zxs/ocs2_ros2_legubiao/ws/install/blasfeo_colcon:/opt/ros/humble /usr/bin/cmake --build /home/zxs/ocs2_ros2_legubiao/ws/build/ocs2_ddp -- -j28 -l28
[0.269s] Invoking command in '/home/zxs/ocs2_ros2_legubiao/ws/build/ocs2_ddp': CMAKE_PREFIX_PATH=/home/zxs/ocs2_ros2_legubiao/ws/install/ocs2_qp_solver:/home/zxs/ocs2_ros2_legubiao/ws/install/ocs2_mpc:/home/zxs/ocs2_ros2_legubiao/ws/install/ocs2_oc:/home/zxs/ocs2_ros2_legubiao/ws/install/ocs2_core:/home/zxs/ocs2_ros2_legubiao/ws/install/ocs2_thirdparty:/home/zxs/ocs2_ros2_legubiao/ws/install/ocs2_legged_robot_ros:/home/zxs/ocs2_ros2_legubiao/ws/install/ocs2_legged_robot:/home/zxs/ocs2_ros2_legubiao/ws/install/ocs2_sqp:/home/zxs/ocs2_ros2_legubiao/ws/install/ocs2_ros_interfaces:/home/zxs/ocs2_ros2_legubiao/ws/install/ocs2_centroidal_model:/home/zxs/ocs2_ros2_legubiao/ws/install/ocs2_pinocchio_interface:/home/zxs/ocs2_ros2_legubiao/ws/install/ocs2_robotic_tools:/home/zxs/ocs2_ros2_legubiao/ws/install/ocs2_ipm:/home/zxs/ocs2_ros2_legubiao/ws/install/ocs2_ddp:/home/zxs/ocs2_ros2_legubiao/ws/install/hpipm_colcon:/home/zxs/ocs2_ros2_legubiao/ws/install/ocs2_robotic_assets:/home/zxs/ocs2_ros2_legubiao/ws/install/ocs2_msgs:/home/zxs/ocs2_ros2_legubiao/ws/install/blasfeo_colcon:/opt/ros/humble /usr/bin/cmake --install /home/zxs/ocs2_ros2_legubiao/ws/build/ocs2_ddp
[0.275s] -- Install configuration: "Release"
[0.275s] -- Execute custom install script
[0.275s] -- Up-to-date symlink: /home/zxs/ocs2_ros2_legubiao/ws/install/ocs2_ddp/include/ocs2_ddp/ocs2_ddp/ContinuousTimeLqr.h
[0.275s] -- Up-to-date symlink: /home/zxs/ocs2_ros2_legubiao/ws/install/ocs2_ddp/include/ocs2_ddp/ocs2_ddp/DDP_Data.h
[0.275s] -- Up-to-date symlink: /home/zxs/ocs2_ros2_legubiao/ws/install/ocs2_ddp/include/ocs2_ddp/ocs2_ddp/DDP_HelperFunctions.h
[0.275s] -- Up-to-date symlink: /home/zxs/ocs2_ros2_legubiao/ws/install/ocs2_ddp/include/ocs2_ddp/ocs2_ddp/DDP_Settings.h
[0.275s] -- Up-to-date symlink: /home/zxs/ocs2_ros2_legubiao/ws/install/ocs2_ddp/include/ocs2_ddp/ocs2_ddp/GaussNewtonDDP.h
[0.275s] -- Up-to-date symlink: /home/zxs/ocs2_ros2_legubiao/ws/install/ocs2_ddp/include/ocs2_ddp/ocs2_ddp/GaussNewtonDDP_MPC.h
[0.275s] -- Up-to-date symlink: /home/zxs/ocs2_ros2_legubiao/ws/install/ocs2_ddp/include/ocs2_ddp/ocs2_ddp/HessianCorrection.h
[0.275s] -- Up-to-date symlink: /home/zxs/ocs2_ros2_legubiao/ws/install/ocs2_ddp/include/ocs2_ddp/ocs2_ddp/ILQR.h
[0.276s] -- Up-to-date symlink: /home/zxs/ocs2_ros2_legubiao/ws/install/ocs2_ddp/include/ocs2_ddp/ocs2_ddp/SLQ.h
[0.276s] -- Up-to-date symlink: /home/zxs/ocs2_ros2_legubiao/ws/install/ocs2_ddp/include/ocs2_ddp/ocs2_ddp/riccati_equations/ContinuousTimeRiccatiEquations.h
[0.276s] -- Up-to-date symlink: /home/zxs/ocs2_ros2_legubiao/ws/install/ocs2_ddp/include/ocs2_ddp/ocs2_ddp/riccati_equations/DiscreteTimeRiccatiEquations.h
[0.276s] -- Up-to-date symlink: /home/zxs/ocs2_ros2_legubiao/ws/install/ocs2_ddp/include/ocs2_ddp/ocs2_ddp/riccati_equations/RiccatiModification.h
[0.276s] -- Up-to-date symlink: /home/zxs/ocs2_ros2_legubiao/ws/install/ocs2_ddp/include/ocs2_ddp/ocs2_ddp/riccati_equations/RiccatiModificationInterpolation.h
[0.276s] -- Up-to-date symlink: /home/zxs/ocs2_ros2_legubiao/ws/install/ocs2_ddp/include/ocs2_ddp/ocs2_ddp/riccati_equations/RiccatiTransversalityConditions.h
[0.276s] -- Up-to-date symlink: /home/zxs/ocs2_ros2_legubiao/ws/install/ocs2_ddp/include/ocs2_ddp/ocs2_ddp/search_strategy/LevenbergMarquardtStrategy.h
[0.276s] -- Up-to-date symlink: /home/zxs/ocs2_ros2_legubiao/ws/install/ocs2_ddp/include/ocs2_ddp/ocs2_ddp/search_strategy/LineSearchStrategy.h
[0.276s] -- Up-to-date symlink: /home/zxs/ocs2_ros2_legubiao/ws/install/ocs2_ddp/include/ocs2_ddp/ocs2_ddp/search_strategy/SearchStrategyBase.h
[0.276s] -- Up-to-date symlink: /home/zxs/ocs2_ros2_legubiao/ws/install/ocs2_ddp/include/ocs2_ddp/ocs2_ddp/search_strategy/StrategySettings.h
[0.276s] -- Up-to-date symlink: /home/zxs/ocs2_ros2_legubiao/ws/install/ocs2_ddp/include/ocs2_ddp/ocs2_ddp/test/bouncingmass/OverallReference.h
[0.276s] -- Up-to-date symlink: /home/zxs/ocs2_ros2_legubiao/ws/install/ocs2_ddp/include/ocs2_ddp/ocs2_ddp/test/bouncingmass/Reference.h
[0.276s] -- Up-to-date symlink: /home/zxs/ocs2_ros2_legubiao/ws/install/ocs2_ddp/include/ocs2_ddp/ocs2_ddp/test/bouncingmass/SystemModel.h
[0.276s] -- Up-to-date symlink: /home/zxs/ocs2_ros2_legubiao/ws/install/ocs2_ddp/share/ocs2_ddp/environment/library_path.sh
[0.276s] -- Up-to-date symlink: /home/zxs/ocs2_ros2_legubiao/ws/install/ocs2_ddp/share/ocs2_ddp/environment/library_path.dsv
[0.276s] -- Up-to-date symlink: /home/zxs/ocs2_ros2_legubiao/ws/install/ocs2_ddp/share/ament_index/resource_index/package_run_dependencies/ocs2_ddp
[0.276s] -- Up-to-date symlink: /home/zxs/ocs2_ros2_legubiao/ws/install/ocs2_ddp/share/ament_index/resource_index/parent_prefix_path/ocs2_ddp
[0.276s] -- Up-to-date symlink: /home/zxs/ocs2_ros2_legubiao/ws/install/ocs2_ddp/share/ocs2_ddp/environment/ament_prefix_path.sh
[0.276s] -- Up-to-date symlink: /home/zxs/ocs2_ros2_legubiao/ws/install/ocs2_ddp/share/ocs2_ddp/environment/ament_prefix_path.dsv
[0.276s] -- Up-to-date symlink: /home/zxs/ocs2_ros2_legubiao/ws/install/ocs2_ddp/share/ocs2_ddp/environment/path.sh
[0.276s] -- Up-to-date symlink: /home/zxs/ocs2_ros2_legubiao/ws/install/ocs2_ddp/share/ocs2_ddp/environment/path.dsv
[0.276s] -- Up-to-date symlink: /home/zxs/ocs2_ros2_legubiao/ws/install/ocs2_ddp/share/ocs2_ddp/local_setup.bash
[0.277s] -- Up-to-date symlink: /home/zxs/ocs2_ros2_legubiao/ws/install/ocs2_ddp/share/ocs2_ddp/local_setup.sh
[0.277s] -- Up-to-date symlink: /home/zxs/ocs2_ros2_legubiao/ws/install/ocs2_ddp/share/ocs2_ddp/local_setup.zsh
[0.277s] -- Up-to-date symlink: /home/zxs/ocs2_ros2_legubiao/ws/install/ocs2_ddp/share/ocs2_ddp/local_setup.dsv
[0.277s] -- Symlinking: /home/zxs/ocs2_ros2_legubiao/ws/install/ocs2_ddp/share/ocs2_ddp/package.dsv
[0.282s] -- Up-to-date symlink: /home/zxs/ocs2_ros2_legubiao/ws/install/ocs2_ddp/share/ament_index/resource_index/packages/ocs2_ddp
[0.282s] -- Up-to-date symlink: /home/zxs/ocs2_ros2_legubiao/ws/install/ocs2_ddp/share/ocs2_ddp/cmake/ament_cmake_export_dependencies-extras.cmake
[0.282s] -- Up-to-date symlink: /home/zxs/ocs2_ros2_legubiao/ws/install/ocs2_ddp/share/ocs2_ddp/cmake/ament_cmake_export_targets-extras.cmake
[0.282s] -- Up-to-date symlink: /home/zxs/ocs2_ros2_legubiao/ws/install/ocs2_ddp/share/ocs2_ddp/cmake/ocs2_ddpConfig.cmake
[0.282s] -- Up-to-date symlink: /home/zxs/ocs2_ros2_legubiao/ws/install/ocs2_ddp/share/ocs2_ddp/cmake/ocs2_ddpConfig-version.cmake
[0.282s] -- Up-to-date symlink: /home/zxs/ocs2_ros2_legubiao/ws/install/ocs2_ddp/share/ocs2_ddp/package.xml
[0.282s] -- Up-to-date: /home/zxs/ocs2_ros2_legubiao/ws/install/ocs2_ddp/lib/libocs2_ddp.a
[0.282s] -- Up-to-date: /home/zxs/ocs2_ros2_legubiao/ws/install/ocs2_ddp/share/ocs2_ddp/cmake/export_ocs2_ddpExport.cmake
[0.282s] -- Up-to-date: /home/zxs/ocs2_ros2_legubiao/ws/install/ocs2_ddp/share/ocs2_ddp/cmake/export_ocs2_ddpExport-release.cmake
[0.283s] Invoked command in '/home/zxs/ocs2_ros2_legubiao/ws/build/ocs2_ddp' returned '0': CMAKE_PREFIX_PATH=/home/zxs/ocs2_ros2_legubiao/ws/install/ocs2_qp_solver:/home/zxs/ocs2_ros2_legubiao/ws/install/ocs2_mpc:/home/zxs/ocs2_ros2_legubiao/ws/install/ocs2_oc:/home/zxs/ocs2_ros2_legubiao/ws/install/ocs2_core:/home/zxs/ocs2_ros2_legubiao/ws/install/ocs2_thirdparty:/home/zxs/ocs2_ros2_legubiao/ws/install/ocs2_legged_robot_ros:/home/zxs/ocs2_ros2_legubiao/ws/install/ocs2_legged_robot:/home/zxs/ocs2_ros2_legubiao/ws/install/ocs2_sqp:/home/zxs/ocs2_ros2_legubiao/ws/install/ocs2_ros_interfaces:/home/zxs/ocs2_ros2_legubiao/ws/install/ocs2_centroidal_model:/home/zxs/ocs2_ros2_legubiao/ws/install/ocs2_pinocchio_interface:/home/zxs/ocs2_ros2_legubiao/ws/install/ocs2_robotic_tools:/home/zxs/ocs2_ros2_legubiao/ws/install/ocs2_ipm:/home/zxs/ocs2_ros2_legubiao/ws/install/ocs2_ddp:/home/zxs/ocs2_ros2_legubiao/ws/install/hpipm_colcon:/home/zxs/ocs2_ros2_legubiao/ws/install/ocs2_robotic_assets:/home/zxs/ocs2_ros2_legubiao/ws/install/ocs2_msgs:/home/zxs/ocs2_ros2_legubiao/ws/install/blasfeo_colcon:/opt/ros/humble /usr/bin/cmake --install /home/zxs/ocs2_ros2_legubiao/ws/build/ocs2_ddp
