-- Building for Intel x86_64 architecture
-- Found ament_cmake: 1.3.11 (/opt/ros/humble/share/ament_cmake/cmake)
-- Override CMake install command with custom implementation using symlinks instead of copying resources
-- Found blasfeo_colcon: 0.0.0 (/home/zxs/ocs2_ros2_legubiao/ws/install/blasfeo_colcon/share/blasfeo_colcon/cmake)
-- Found ocs2_qp_solver: 0.0.0 (/home/zxs/ocs2_ros2_legubiao/ws/install/ocs2_qp_solver/share/ocs2_qp_solver/cmake)
-- BLASFEO_PATH: /home/zxs/ocs2_ros2_legubiao/ws/install/hpipm_colcon/include
[0mCMake Deprecation Warning at /home/zxs/ocs2_ros2_legubiao/ws/build/hpipm_colcon/download/CMakeLists.txt:36 (cmake_minimum_required):
  Compatibility with CMake < 2.8.12 will be removed from a future version of
  CMake.

  Update the VERSION argument <min> value or use a ...<max> suffix to tell
  CMake that the project does not need compatibility with older versions.

[0m
-- Using BLASFEO path: 
-- Installation directory: /home/zxs/ocs2_ros2_legubiao/ws/install/hpipm_colcon
-- FOUND HEADER: /home/zxs/ocs2_ros2_legubiao/ws/build/hpipm_colcon/download/include/hpipm_aux_mem.h
-- FOUND HEADER: /home/zxs/ocs2_ros2_legubiao/ws/build/hpipm_colcon/download/include/hpipm_aux_string.h
-- FOUND HEADER: /home/zxs/ocs2_ros2_legubiao/ws/build/hpipm_colcon/download/include/hpipm_common.h
-- FOUND HEADER: /home/zxs/ocs2_ros2_legubiao/ws/build/hpipm_colcon/download/include/hpipm_d_cast_qcqp.h
-- FOUND HEADER: /home/zxs/ocs2_ros2_legubiao/ws/build/hpipm_colcon/download/include/hpipm_d_cond.h
-- FOUND HEADER: /home/zxs/ocs2_ros2_legubiao/ws/build/hpipm_colcon/download/include/hpipm_d_cond_aux.h
-- FOUND HEADER: /home/zxs/ocs2_ros2_legubiao/ws/build/hpipm_colcon/download/include/hpipm_d_cond_qcqp.h
-- FOUND HEADER: /home/zxs/ocs2_ros2_legubiao/ws/build/hpipm_colcon/download/include/hpipm_d_core_qp_ipm.h
-- FOUND HEADER: /home/zxs/ocs2_ros2_legubiao/ws/build/hpipm_colcon/download/include/hpipm_d_core_qp_ipm_aux.h
-- FOUND HEADER: /home/zxs/ocs2_ros2_legubiao/ws/build/hpipm_colcon/download/include/hpipm_d_dense_qcqp.h
-- FOUND HEADER: /home/zxs/ocs2_ros2_legubiao/ws/build/hpipm_colcon/download/include/hpipm_d_dense_qcqp_dim.h
-- FOUND HEADER: /home/zxs/ocs2_ros2_legubiao/ws/build/hpipm_colcon/download/include/hpipm_d_dense_qcqp_ipm.h
-- FOUND HEADER: /home/zxs/ocs2_ros2_legubiao/ws/build/hpipm_colcon/download/include/hpipm_d_dense_qcqp_res.h
-- FOUND HEADER: /home/zxs/ocs2_ros2_legubiao/ws/build/hpipm_colcon/download/include/hpipm_d_dense_qcqp_sol.h
-- FOUND HEADER: /home/zxs/ocs2_ros2_legubiao/ws/build/hpipm_colcon/download/include/hpipm_d_dense_qcqp_utils.h
-- FOUND HEADER: /home/zxs/ocs2_ros2_legubiao/ws/build/hpipm_colcon/download/include/hpipm_d_dense_qp.h
-- FOUND HEADER: /home/zxs/ocs2_ros2_legubiao/ws/build/hpipm_colcon/download/include/hpipm_d_dense_qp_dim.h
-- FOUND HEADER: /home/zxs/ocs2_ros2_legubiao/ws/build/hpipm_colcon/download/include/hpipm_d_dense_qp_ipm.h
-- FOUND HEADER: /home/zxs/ocs2_ros2_legubiao/ws/build/hpipm_colcon/download/include/hpipm_d_dense_qp_kkt.h
-- FOUND HEADER: /home/zxs/ocs2_ros2_legubiao/ws/build/hpipm_colcon/download/include/hpipm_d_dense_qp_res.h
-- FOUND HEADER: /home/zxs/ocs2_ros2_legubiao/ws/build/hpipm_colcon/download/include/hpipm_d_dense_qp_sol.h
-- FOUND HEADER: /home/zxs/ocs2_ros2_legubiao/ws/build/hpipm_colcon/download/include/hpipm_d_dense_qp_utils.h
-- FOUND HEADER: /home/zxs/ocs2_ros2_legubiao/ws/build/hpipm_colcon/download/include/hpipm_d_ocp_qcqp.h
-- FOUND HEADER: /home/zxs/ocs2_ros2_legubiao/ws/build/hpipm_colcon/download/include/hpipm_d_ocp_qcqp_dim.h
-- FOUND HEADER: /home/zxs/ocs2_ros2_legubiao/ws/build/hpipm_colcon/download/include/hpipm_d_ocp_qcqp_ipm.h
-- FOUND HEADER: /home/zxs/ocs2_ros2_legubiao/ws/build/hpipm_colcon/download/include/hpipm_d_ocp_qcqp_res.h
-- FOUND HEADER: /home/zxs/ocs2_ros2_legubiao/ws/build/hpipm_colcon/download/include/hpipm_d_ocp_qcqp_sol.h
-- FOUND HEADER: /home/zxs/ocs2_ros2_legubiao/ws/build/hpipm_colcon/download/include/hpipm_d_ocp_qcqp_utils.h
-- FOUND HEADER: /home/zxs/ocs2_ros2_legubiao/ws/build/hpipm_colcon/download/include/hpipm_d_ocp_qp.h
-- FOUND HEADER: /home/zxs/ocs2_ros2_legubiao/ws/build/hpipm_colcon/download/include/hpipm_d_ocp_qp_dim.h
-- FOUND HEADER: /home/zxs/ocs2_ros2_legubiao/ws/build/hpipm_colcon/download/include/hpipm_d_ocp_qp_ipm.h
-- FOUND HEADER: /home/zxs/ocs2_ros2_legubiao/ws/build/hpipm_colcon/download/include/hpipm_d_ocp_qp_kkt.h
-- FOUND HEADER: /home/zxs/ocs2_ros2_legubiao/ws/build/hpipm_colcon/download/include/hpipm_d_ocp_qp_red.h
-- FOUND HEADER: /home/zxs/ocs2_ros2_legubiao/ws/build/hpipm_colcon/download/include/hpipm_d_ocp_qp_res.h
-- FOUND HEADER: /home/zxs/ocs2_ros2_legubiao/ws/build/hpipm_colcon/download/include/hpipm_d_ocp_qp_sol.h
-- FOUND HEADER: /home/zxs/ocs2_ros2_legubiao/ws/build/hpipm_colcon/download/include/hpipm_d_ocp_qp_utils.h
-- FOUND HEADER: /home/zxs/ocs2_ros2_legubiao/ws/build/hpipm_colcon/download/include/hpipm_d_part_cond.h
-- FOUND HEADER: /home/zxs/ocs2_ros2_legubiao/ws/build/hpipm_colcon/download/include/hpipm_d_part_cond_qcqp.h
-- FOUND HEADER: /home/zxs/ocs2_ros2_legubiao/ws/build/hpipm_colcon/download/include/hpipm_d_sim_erk.h
-- FOUND HEADER: /home/zxs/ocs2_ros2_legubiao/ws/build/hpipm_colcon/download/include/hpipm_d_sim_rk.h
-- FOUND HEADER: /home/zxs/ocs2_ros2_legubiao/ws/build/hpipm_colcon/download/include/hpipm_d_tree_ocp_qcqp.h
-- FOUND HEADER: /home/zxs/ocs2_ros2_legubiao/ws/build/hpipm_colcon/download/include/hpipm_d_tree_ocp_qcqp_dim.h
-- FOUND HEADER: /home/zxs/ocs2_ros2_legubiao/ws/build/hpipm_colcon/download/include/hpipm_d_tree_ocp_qcqp_ipm.h
-- FOUND HEADER: /home/zxs/ocs2_ros2_legubiao/ws/build/hpipm_colcon/download/include/hpipm_d_tree_ocp_qcqp_res.h
-- FOUND HEADER: /home/zxs/ocs2_ros2_legubiao/ws/build/hpipm_colcon/download/include/hpipm_d_tree_ocp_qcqp_sol.h
-- FOUND HEADER: /home/zxs/ocs2_ros2_legubiao/ws/build/hpipm_colcon/download/include/hpipm_d_tree_ocp_qcqp_utils.h
-- FOUND HEADER: /home/zxs/ocs2_ros2_legubiao/ws/build/hpipm_colcon/download/include/hpipm_d_tree_ocp_qp.h
-- FOUND HEADER: /home/zxs/ocs2_ros2_legubiao/ws/build/hpipm_colcon/download/include/hpipm_d_tree_ocp_qp_dim.h
-- FOUND HEADER: /home/zxs/ocs2_ros2_legubiao/ws/build/hpipm_colcon/download/include/hpipm_d_tree_ocp_qp_ipm.h
-- FOUND HEADER: /home/zxs/ocs2_ros2_legubiao/ws/build/hpipm_colcon/download/include/hpipm_d_tree_ocp_qp_kkt.h
-- FOUND HEADER: /home/zxs/ocs2_ros2_legubiao/ws/build/hpipm_colcon/download/include/hpipm_d_tree_ocp_qp_res.h
-- FOUND HEADER: /home/zxs/ocs2_ros2_legubiao/ws/build/hpipm_colcon/download/include/hpipm_d_tree_ocp_qp_sol.h
-- FOUND HEADER: /home/zxs/ocs2_ros2_legubiao/ws/build/hpipm_colcon/download/include/hpipm_d_tree_ocp_qp_utils.h
-- FOUND HEADER: /home/zxs/ocs2_ros2_legubiao/ws/build/hpipm_colcon/download/include/hpipm_m_dense_qp.h
-- FOUND HEADER: /home/zxs/ocs2_ros2_legubiao/ws/build/hpipm_colcon/download/include/hpipm_m_dense_qp_dim.h
-- FOUND HEADER: /home/zxs/ocs2_ros2_legubiao/ws/build/hpipm_colcon/download/include/hpipm_m_ocp_qp.h
-- FOUND HEADER: /home/zxs/ocs2_ros2_legubiao/ws/build/hpipm_colcon/download/include/hpipm_m_ocp_qp_ipm_hard.h
-- FOUND HEADER: /home/zxs/ocs2_ros2_legubiao/ws/build/hpipm_colcon/download/include/hpipm_m_ocp_qp_kkt.h
-- FOUND HEADER: /home/zxs/ocs2_ros2_legubiao/ws/build/hpipm_colcon/download/include/hpipm_s_cast_qcqp.h
-- FOUND HEADER: /home/zxs/ocs2_ros2_legubiao/ws/build/hpipm_colcon/download/include/hpipm_s_cond.h
-- FOUND HEADER: /home/zxs/ocs2_ros2_legubiao/ws/build/hpipm_colcon/download/include/hpipm_s_cond_aux.h
-- FOUND HEADER: /home/zxs/ocs2_ros2_legubiao/ws/build/hpipm_colcon/download/include/hpipm_s_cond_qcqp.h
-- FOUND HEADER: /home/zxs/ocs2_ros2_legubiao/ws/build/hpipm_colcon/download/include/hpipm_s_core_qp_ipm.h
-- FOUND HEADER: /home/zxs/ocs2_ros2_legubiao/ws/build/hpipm_colcon/download/include/hpipm_s_core_qp_ipm_aux.h
-- FOUND HEADER: /home/zxs/ocs2_ros2_legubiao/ws/build/hpipm_colcon/download/include/hpipm_s_dense_qcqp.h
-- FOUND HEADER: /home/zxs/ocs2_ros2_legubiao/ws/build/hpipm_colcon/download/include/hpipm_s_dense_qcqp_dim.h
-- FOUND HEADER: /home/zxs/ocs2_ros2_legubiao/ws/build/hpipm_colcon/download/include/hpipm_s_dense_qcqp_ipm.h
-- FOUND HEADER: /home/zxs/ocs2_ros2_legubiao/ws/build/hpipm_colcon/download/include/hpipm_s_dense_qcqp_res.h
-- FOUND HEADER: /home/zxs/ocs2_ros2_legubiao/ws/build/hpipm_colcon/download/include/hpipm_s_dense_qcqp_sol.h
-- FOUND HEADER: /home/zxs/ocs2_ros2_legubiao/ws/build/hpipm_colcon/download/include/hpipm_s_dense_qcqp_utils.h
-- FOUND HEADER: /home/zxs/ocs2_ros2_legubiao/ws/build/hpipm_colcon/download/include/hpipm_s_dense_qp.h
-- FOUND HEADER: /home/zxs/ocs2_ros2_legubiao/ws/build/hpipm_colcon/download/include/hpipm_s_dense_qp_dim.h
-- FOUND HEADER: /home/zxs/ocs2_ros2_legubiao/ws/build/hpipm_colcon/download/include/hpipm_s_dense_qp_ipm.h
-- FOUND HEADER: /home/zxs/ocs2_ros2_legubiao/ws/build/hpipm_colcon/download/include/hpipm_s_dense_qp_kkt.h
-- FOUND HEADER: /home/zxs/ocs2_ros2_legubiao/ws/build/hpipm_colcon/download/include/hpipm_s_dense_qp_res.h
-- FOUND HEADER: /home/zxs/ocs2_ros2_legubiao/ws/build/hpipm_colcon/download/include/hpipm_s_dense_qp_sol.h
-- FOUND HEADER: /home/zxs/ocs2_ros2_legubiao/ws/build/hpipm_colcon/download/include/hpipm_s_dense_qp_utils.h
-- FOUND HEADER: /home/zxs/ocs2_ros2_legubiao/ws/build/hpipm_colcon/download/include/hpipm_s_ocp_qcqp.h
-- FOUND HEADER: /home/zxs/ocs2_ros2_legubiao/ws/build/hpipm_colcon/download/include/hpipm_s_ocp_qcqp_dim.h
-- FOUND HEADER: /home/zxs/ocs2_ros2_legubiao/ws/build/hpipm_colcon/download/include/hpipm_s_ocp_qcqp_ipm.h
-- FOUND HEADER: /home/zxs/ocs2_ros2_legubiao/ws/build/hpipm_colcon/download/include/hpipm_s_ocp_qcqp_res.h
-- FOUND HEADER: /home/zxs/ocs2_ros2_legubiao/ws/build/hpipm_colcon/download/include/hpipm_s_ocp_qcqp_sol.h
-- FOUND HEADER: /home/zxs/ocs2_ros2_legubiao/ws/build/hpipm_colcon/download/include/hpipm_s_ocp_qcqp_utils.h
-- FOUND HEADER: /home/zxs/ocs2_ros2_legubiao/ws/build/hpipm_colcon/download/include/hpipm_s_ocp_qp.h
-- FOUND HEADER: /home/zxs/ocs2_ros2_legubiao/ws/build/hpipm_colcon/download/include/hpipm_s_ocp_qp_dim.h
-- FOUND HEADER: /home/zxs/ocs2_ros2_legubiao/ws/build/hpipm_colcon/download/include/hpipm_s_ocp_qp_ipm.h
-- FOUND HEADER: /home/zxs/ocs2_ros2_legubiao/ws/build/hpipm_colcon/download/include/hpipm_s_ocp_qp_kkt.h
-- FOUND HEADER: /home/zxs/ocs2_ros2_legubiao/ws/build/hpipm_colcon/download/include/hpipm_s_ocp_qp_red.h
-- FOUND HEADER: /home/zxs/ocs2_ros2_legubiao/ws/build/hpipm_colcon/download/include/hpipm_s_ocp_qp_res.h
-- FOUND HEADER: /home/zxs/ocs2_ros2_legubiao/ws/build/hpipm_colcon/download/include/hpipm_s_ocp_qp_sol.h
-- FOUND HEADER: /home/zxs/ocs2_ros2_legubiao/ws/build/hpipm_colcon/download/include/hpipm_s_ocp_qp_utils.h
-- FOUND HEADER: /home/zxs/ocs2_ros2_legubiao/ws/build/hpipm_colcon/download/include/hpipm_s_part_cond.h
-- FOUND HEADER: /home/zxs/ocs2_ros2_legubiao/ws/build/hpipm_colcon/download/include/hpipm_s_part_cond_qcqp.h
-- FOUND HEADER: /home/zxs/ocs2_ros2_legubiao/ws/build/hpipm_colcon/download/include/hpipm_s_sim_erk.h
-- FOUND HEADER: /home/zxs/ocs2_ros2_legubiao/ws/build/hpipm_colcon/download/include/hpipm_s_sim_rk.h
-- FOUND HEADER: /home/zxs/ocs2_ros2_legubiao/ws/build/hpipm_colcon/download/include/hpipm_s_tree_ocp_qcqp.h
-- FOUND HEADER: /home/zxs/ocs2_ros2_legubiao/ws/build/hpipm_colcon/download/include/hpipm_s_tree_ocp_qcqp_dim.h
-- FOUND HEADER: /home/zxs/ocs2_ros2_legubiao/ws/build/hpipm_colcon/download/include/hpipm_s_tree_ocp_qcqp_ipm.h
-- FOUND HEADER: /home/zxs/ocs2_ros2_legubiao/ws/build/hpipm_colcon/download/include/hpipm_s_tree_ocp_qcqp_res.h
-- FOUND HEADER: /home/zxs/ocs2_ros2_legubiao/ws/build/hpipm_colcon/download/include/hpipm_s_tree_ocp_qcqp_sol.h
-- FOUND HEADER: /home/zxs/ocs2_ros2_legubiao/ws/build/hpipm_colcon/download/include/hpipm_s_tree_ocp_qcqp_utils.h
-- FOUND HEADER: /home/zxs/ocs2_ros2_legubiao/ws/build/hpipm_colcon/download/include/hpipm_s_tree_ocp_qp.h
-- FOUND HEADER: /home/zxs/ocs2_ros2_legubiao/ws/build/hpipm_colcon/download/include/hpipm_s_tree_ocp_qp_dim.h
-- FOUND HEADER: /home/zxs/ocs2_ros2_legubiao/ws/build/hpipm_colcon/download/include/hpipm_s_tree_ocp_qp_ipm.h
-- FOUND HEADER: /home/zxs/ocs2_ros2_legubiao/ws/build/hpipm_colcon/download/include/hpipm_s_tree_ocp_qp_kkt.h
-- FOUND HEADER: /home/zxs/ocs2_ros2_legubiao/ws/build/hpipm_colcon/download/include/hpipm_s_tree_ocp_qp_res.h
-- FOUND HEADER: /home/zxs/ocs2_ros2_legubiao/ws/build/hpipm_colcon/download/include/hpipm_s_tree_ocp_qp_sol.h
-- FOUND HEADER: /home/zxs/ocs2_ros2_legubiao/ws/build/hpipm_colcon/download/include/hpipm_s_tree_ocp_qp_utils.h
-- FOUND HEADER: /home/zxs/ocs2_ros2_legubiao/ws/build/hpipm_colcon/download/include/hpipm_scenario_tree.h
-- FOUND HEADER: /home/zxs/ocs2_ros2_legubiao/ws/build/hpipm_colcon/download/include/hpipm_timing.h
-- FOUND HEADER: /home/zxs/ocs2_ros2_legubiao/ws/build/hpipm_colcon/download/include/hpipm_tree.h
-- Found ament_lint_auto: 0.12.12 (/opt/ros/humble/share/ament_lint_auto/cmake)
-- Found ament_cmake_gtest: 1.3.11 (/opt/ros/humble/share/ament_cmake_gtest/cmake)
-- Found gtest sources under '/opt/ros/humble/src/gtest_vendor': C++ tests using 'Google Test' will be built
-- Configuring done
-- Generating done
-- Build files have been written to: /home/zxs/ocs2_ros2_legubiao/ws/build/hpipm_colcon
[35m[1mConsolidate compiler generated dependencies of target gtest[0m
[35m[1mConsolidate compiler generated dependencies of target hpipm_colcon[0m
[35m[1mConsolidate compiler generated dependencies of target gtest_main[0m
[35m[1mConsolidate compiler generated dependencies of target hpipm[0m
[  1%] Built target gtest
[  3%] Built target gtest_main
[  6%] Built target hpipm_colcon
[ 98%] Built target hpipm
[35m[1mConsolidate compiler generated dependencies of target test_hpipm_colcon[0m
[100%] Built target test_hpipm_colcon
-- Install configuration: "Release"
-- Execute custom install script
-- Up-to-date symlink: /home/zxs/ocs2_ros2_legubiao/ws/install/hpipm_colcon/include/hpipm_aux_mem.h
-- Up-to-date symlink: /home/zxs/ocs2_ros2_legubiao/ws/install/hpipm_colcon/include/hpipm_aux_string.h
-- Up-to-date symlink: /home/zxs/ocs2_ros2_legubiao/ws/install/hpipm_colcon/include/hpipm_common.h
-- Up-to-date symlink: /home/zxs/ocs2_ros2_legubiao/ws/install/hpipm_colcon/include/hpipm_d_cast_qcqp.h
-- Up-to-date symlink: /home/zxs/ocs2_ros2_legubiao/ws/install/hpipm_colcon/include/hpipm_d_cond.h
-- Up-to-date symlink: /home/zxs/ocs2_ros2_legubiao/ws/install/hpipm_colcon/include/hpipm_d_cond_aux.h
-- Up-to-date symlink: /home/zxs/ocs2_ros2_legubiao/ws/install/hpipm_colcon/include/hpipm_d_cond_qcqp.h
-- Up-to-date symlink: /home/zxs/ocs2_ros2_legubiao/ws/install/hpipm_colcon/include/hpipm_d_core_qp_ipm.h
-- Up-to-date symlink: /home/zxs/ocs2_ros2_legubiao/ws/install/hpipm_colcon/include/hpipm_d_core_qp_ipm_aux.h
-- Up-to-date symlink: /home/zxs/ocs2_ros2_legubiao/ws/install/hpipm_colcon/include/hpipm_d_dense_qcqp.h
-- Up-to-date symlink: /home/zxs/ocs2_ros2_legubiao/ws/install/hpipm_colcon/include/hpipm_d_dense_qcqp_dim.h
-- Up-to-date symlink: /home/zxs/ocs2_ros2_legubiao/ws/install/hpipm_colcon/include/hpipm_d_dense_qcqp_ipm.h
-- Up-to-date symlink: /home/zxs/ocs2_ros2_legubiao/ws/install/hpipm_colcon/include/hpipm_d_dense_qcqp_res.h
-- Up-to-date symlink: /home/zxs/ocs2_ros2_legubiao/ws/install/hpipm_colcon/include/hpipm_d_dense_qcqp_sol.h
-- Up-to-date symlink: /home/zxs/ocs2_ros2_legubiao/ws/install/hpipm_colcon/include/hpipm_d_dense_qcqp_utils.h
-- Up-to-date symlink: /home/zxs/ocs2_ros2_legubiao/ws/install/hpipm_colcon/include/hpipm_d_dense_qp.h
-- Up-to-date symlink: /home/zxs/ocs2_ros2_legubiao/ws/install/hpipm_colcon/include/hpipm_d_dense_qp_dim.h
-- Up-to-date symlink: /home/zxs/ocs2_ros2_legubiao/ws/install/hpipm_colcon/include/hpipm_d_dense_qp_ipm.h
-- Up-to-date symlink: /home/zxs/ocs2_ros2_legubiao/ws/install/hpipm_colcon/include/hpipm_d_dense_qp_kkt.h
-- Up-to-date symlink: /home/zxs/ocs2_ros2_legubiao/ws/install/hpipm_colcon/include/hpipm_d_dense_qp_res.h
-- Up-to-date symlink: /home/zxs/ocs2_ros2_legubiao/ws/install/hpipm_colcon/include/hpipm_d_dense_qp_sol.h
-- Up-to-date symlink: /home/zxs/ocs2_ros2_legubiao/ws/install/hpipm_colcon/include/hpipm_d_dense_qp_utils.h
-- Up-to-date symlink: /home/zxs/ocs2_ros2_legubiao/ws/install/hpipm_colcon/include/hpipm_d_ocp_qcqp.h
-- Up-to-date symlink: /home/zxs/ocs2_ros2_legubiao/ws/install/hpipm_colcon/include/hpipm_d_ocp_qcqp_dim.h
-- Up-to-date symlink: /home/zxs/ocs2_ros2_legubiao/ws/install/hpipm_colcon/include/hpipm_d_ocp_qcqp_ipm.h
-- Up-to-date symlink: /home/zxs/ocs2_ros2_legubiao/ws/install/hpipm_colcon/include/hpipm_d_ocp_qcqp_res.h
-- Up-to-date symlink: /home/zxs/ocs2_ros2_legubiao/ws/install/hpipm_colcon/include/hpipm_d_ocp_qcqp_sol.h
-- Up-to-date symlink: /home/zxs/ocs2_ros2_legubiao/ws/install/hpipm_colcon/include/hpipm_d_ocp_qcqp_utils.h
-- Up-to-date symlink: /home/zxs/ocs2_ros2_legubiao/ws/install/hpipm_colcon/include/hpipm_d_ocp_qp.h
-- Up-to-date symlink: /home/zxs/ocs2_ros2_legubiao/ws/install/hpipm_colcon/include/hpipm_d_ocp_qp_dim.h
-- Up-to-date symlink: /home/zxs/ocs2_ros2_legubiao/ws/install/hpipm_colcon/include/hpipm_d_ocp_qp_ipm.h
-- Up-to-date symlink: /home/zxs/ocs2_ros2_legubiao/ws/install/hpipm_colcon/include/hpipm_d_ocp_qp_kkt.h
-- Up-to-date symlink: /home/zxs/ocs2_ros2_legubiao/ws/install/hpipm_colcon/include/hpipm_d_ocp_qp_red.h
-- Up-to-date symlink: /home/zxs/ocs2_ros2_legubiao/ws/install/hpipm_colcon/include/hpipm_d_ocp_qp_res.h
-- Up-to-date symlink: /home/zxs/ocs2_ros2_legubiao/ws/install/hpipm_colcon/include/hpipm_d_ocp_qp_sol.h
-- Up-to-date symlink: /home/zxs/ocs2_ros2_legubiao/ws/install/hpipm_colcon/include/hpipm_d_ocp_qp_utils.h
-- Up-to-date symlink: /home/zxs/ocs2_ros2_legubiao/ws/install/hpipm_colcon/include/hpipm_d_part_cond.h
-- Up-to-date symlink: /home/zxs/ocs2_ros2_legubiao/ws/install/hpipm_colcon/include/hpipm_d_part_cond_qcqp.h
-- Up-to-date symlink: /home/zxs/ocs2_ros2_legubiao/ws/install/hpipm_colcon/include/hpipm_d_sim_erk.h
-- Up-to-date symlink: /home/zxs/ocs2_ros2_legubiao/ws/install/hpipm_colcon/include/hpipm_d_sim_rk.h
-- Up-to-date symlink: /home/zxs/ocs2_ros2_legubiao/ws/install/hpipm_colcon/include/hpipm_d_tree_ocp_qcqp.h
-- Up-to-date symlink: /home/zxs/ocs2_ros2_legubiao/ws/install/hpipm_colcon/include/hpipm_d_tree_ocp_qcqp_dim.h
-- Up-to-date symlink: /home/zxs/ocs2_ros2_legubiao/ws/install/hpipm_colcon/include/hpipm_d_tree_ocp_qcqp_ipm.h
-- Up-to-date symlink: /home/zxs/ocs2_ros2_legubiao/ws/install/hpipm_colcon/include/hpipm_d_tree_ocp_qcqp_res.h
-- Up-to-date symlink: /home/zxs/ocs2_ros2_legubiao/ws/install/hpipm_colcon/include/hpipm_d_tree_ocp_qcqp_sol.h
-- Up-to-date symlink: /home/zxs/ocs2_ros2_legubiao/ws/install/hpipm_colcon/include/hpipm_d_tree_ocp_qcqp_utils.h
-- Up-to-date symlink: /home/zxs/ocs2_ros2_legubiao/ws/install/hpipm_colcon/include/hpipm_d_tree_ocp_qp.h
-- Up-to-date symlink: /home/zxs/ocs2_ros2_legubiao/ws/install/hpipm_colcon/include/hpipm_d_tree_ocp_qp_dim.h
-- Up-to-date symlink: /home/zxs/ocs2_ros2_legubiao/ws/install/hpipm_colcon/include/hpipm_d_tree_ocp_qp_ipm.h
-- Up-to-date symlink: /home/zxs/ocs2_ros2_legubiao/ws/install/hpipm_colcon/include/hpipm_d_tree_ocp_qp_kkt.h
-- Up-to-date symlink: /home/zxs/ocs2_ros2_legubiao/ws/install/hpipm_colcon/include/hpipm_d_tree_ocp_qp_res.h
-- Up-to-date symlink: /home/zxs/ocs2_ros2_legubiao/ws/install/hpipm_colcon/include/hpipm_d_tree_ocp_qp_sol.h
-- Up-to-date symlink: /home/zxs/ocs2_ros2_legubiao/ws/install/hpipm_colcon/include/hpipm_d_tree_ocp_qp_utils.h
-- Up-to-date symlink: /home/zxs/ocs2_ros2_legubiao/ws/install/hpipm_colcon/include/hpipm_m_dense_qp.h
-- Up-to-date symlink: /home/zxs/ocs2_ros2_legubiao/ws/install/hpipm_colcon/include/hpipm_m_dense_qp_dim.h
-- Up-to-date symlink: /home/zxs/ocs2_ros2_legubiao/ws/install/hpipm_colcon/include/hpipm_m_ocp_qp.h
-- Up-to-date symlink: /home/zxs/ocs2_ros2_legubiao/ws/install/hpipm_colcon/include/hpipm_m_ocp_qp_ipm_hard.h
-- Up-to-date symlink: /home/zxs/ocs2_ros2_legubiao/ws/install/hpipm_colcon/include/hpipm_m_ocp_qp_kkt.h
-- Up-to-date symlink: /home/zxs/ocs2_ros2_legubiao/ws/install/hpipm_colcon/include/hpipm_s_cast_qcqp.h
-- Up-to-date symlink: /home/zxs/ocs2_ros2_legubiao/ws/install/hpipm_colcon/include/hpipm_s_cond.h
-- Up-to-date symlink: /home/zxs/ocs2_ros2_legubiao/ws/install/hpipm_colcon/include/hpipm_s_cond_aux.h
-- Up-to-date symlink: /home/zxs/ocs2_ros2_legubiao/ws/install/hpipm_colcon/include/hpipm_s_cond_qcqp.h
-- Up-to-date symlink: /home/zxs/ocs2_ros2_legubiao/ws/install/hpipm_colcon/include/hpipm_s_core_qp_ipm.h
-- Up-to-date symlink: /home/zxs/ocs2_ros2_legubiao/ws/install/hpipm_colcon/include/hpipm_s_core_qp_ipm_aux.h
-- Up-to-date symlink: /home/zxs/ocs2_ros2_legubiao/ws/install/hpipm_colcon/include/hpipm_s_dense_qcqp.h
-- Up-to-date symlink: /home/zxs/ocs2_ros2_legubiao/ws/install/hpipm_colcon/include/hpipm_s_dense_qcqp_dim.h
-- Up-to-date symlink: /home/zxs/ocs2_ros2_legubiao/ws/install/hpipm_colcon/include/hpipm_s_dense_qcqp_ipm.h
-- Up-to-date symlink: /home/zxs/ocs2_ros2_legubiao/ws/install/hpipm_colcon/include/hpipm_s_dense_qcqp_res.h
-- Up-to-date symlink: /home/zxs/ocs2_ros2_legubiao/ws/install/hpipm_colcon/include/hpipm_s_dense_qcqp_sol.h
-- Up-to-date symlink: /home/zxs/ocs2_ros2_legubiao/ws/install/hpipm_colcon/include/hpipm_s_dense_qcqp_utils.h
-- Up-to-date symlink: /home/zxs/ocs2_ros2_legubiao/ws/install/hpipm_colcon/include/hpipm_s_dense_qp.h
-- Up-to-date symlink: /home/zxs/ocs2_ros2_legubiao/ws/install/hpipm_colcon/include/hpipm_s_dense_qp_dim.h
-- Up-to-date symlink: /home/zxs/ocs2_ros2_legubiao/ws/install/hpipm_colcon/include/hpipm_s_dense_qp_ipm.h
-- Up-to-date symlink: /home/zxs/ocs2_ros2_legubiao/ws/install/hpipm_colcon/include/hpipm_s_dense_qp_kkt.h
-- Up-to-date symlink: /home/zxs/ocs2_ros2_legubiao/ws/install/hpipm_colcon/include/hpipm_s_dense_qp_res.h
-- Up-to-date symlink: /home/zxs/ocs2_ros2_legubiao/ws/install/hpipm_colcon/include/hpipm_s_dense_qp_sol.h
-- Up-to-date symlink: /home/zxs/ocs2_ros2_legubiao/ws/install/hpipm_colcon/include/hpipm_s_dense_qp_utils.h
-- Up-to-date symlink: /home/zxs/ocs2_ros2_legubiao/ws/install/hpipm_colcon/include/hpipm_s_ocp_qcqp.h
-- Up-to-date symlink: /home/zxs/ocs2_ros2_legubiao/ws/install/hpipm_colcon/include/hpipm_s_ocp_qcqp_dim.h
-- Up-to-date symlink: /home/zxs/ocs2_ros2_legubiao/ws/install/hpipm_colcon/include/hpipm_s_ocp_qcqp_ipm.h
-- Up-to-date symlink: /home/zxs/ocs2_ros2_legubiao/ws/install/hpipm_colcon/include/hpipm_s_ocp_qcqp_res.h
-- Up-to-date symlink: /home/zxs/ocs2_ros2_legubiao/ws/install/hpipm_colcon/include/hpipm_s_ocp_qcqp_sol.h
-- Up-to-date symlink: /home/zxs/ocs2_ros2_legubiao/ws/install/hpipm_colcon/include/hpipm_s_ocp_qcqp_utils.h
-- Up-to-date symlink: /home/zxs/ocs2_ros2_legubiao/ws/install/hpipm_colcon/include/hpipm_s_ocp_qp.h
-- Up-to-date symlink: /home/zxs/ocs2_ros2_legubiao/ws/install/hpipm_colcon/include/hpipm_s_ocp_qp_dim.h
-- Up-to-date symlink: /home/zxs/ocs2_ros2_legubiao/ws/install/hpipm_colcon/include/hpipm_s_ocp_qp_ipm.h
-- Up-to-date symlink: /home/zxs/ocs2_ros2_legubiao/ws/install/hpipm_colcon/include/hpipm_s_ocp_qp_kkt.h
-- Up-to-date symlink: /home/zxs/ocs2_ros2_legubiao/ws/install/hpipm_colcon/include/hpipm_s_ocp_qp_red.h
-- Up-to-date symlink: /home/zxs/ocs2_ros2_legubiao/ws/install/hpipm_colcon/include/hpipm_s_ocp_qp_res.h
-- Up-to-date symlink: /home/zxs/ocs2_ros2_legubiao/ws/install/hpipm_colcon/include/hpipm_s_ocp_qp_sol.h
-- Up-to-date symlink: /home/zxs/ocs2_ros2_legubiao/ws/install/hpipm_colcon/include/hpipm_s_ocp_qp_utils.h
-- Up-to-date symlink: /home/zxs/ocs2_ros2_legubiao/ws/install/hpipm_colcon/include/hpipm_s_part_cond.h
-- Up-to-date symlink: /home/zxs/ocs2_ros2_legubiao/ws/install/hpipm_colcon/include/hpipm_s_part_cond_qcqp.h
-- Up-to-date symlink: /home/zxs/ocs2_ros2_legubiao/ws/install/hpipm_colcon/include/hpipm_s_sim_erk.h
-- Up-to-date symlink: /home/zxs/ocs2_ros2_legubiao/ws/install/hpipm_colcon/include/hpipm_s_sim_rk.h
-- Up-to-date symlink: /home/zxs/ocs2_ros2_legubiao/ws/install/hpipm_colcon/include/hpipm_s_tree_ocp_qcqp.h
-- Up-to-date symlink: /home/zxs/ocs2_ros2_legubiao/ws/install/hpipm_colcon/include/hpipm_s_tree_ocp_qcqp_dim.h
-- Up-to-date symlink: /home/zxs/ocs2_ros2_legubiao/ws/install/hpipm_colcon/include/hpipm_s_tree_ocp_qcqp_ipm.h
-- Up-to-date symlink: /home/zxs/ocs2_ros2_legubiao/ws/install/hpipm_colcon/include/hpipm_s_tree_ocp_qcqp_res.h
-- Up-to-date symlink: /home/zxs/ocs2_ros2_legubiao/ws/install/hpipm_colcon/include/hpipm_s_tree_ocp_qcqp_sol.h
-- Up-to-date symlink: /home/zxs/ocs2_ros2_legubiao/ws/install/hpipm_colcon/include/hpipm_s_tree_ocp_qcqp_utils.h
-- Up-to-date symlink: /home/zxs/ocs2_ros2_legubiao/ws/install/hpipm_colcon/include/hpipm_s_tree_ocp_qp.h
-- Up-to-date symlink: /home/zxs/ocs2_ros2_legubiao/ws/install/hpipm_colcon/include/hpipm_s_tree_ocp_qp_dim.h
-- Up-to-date symlink: /home/zxs/ocs2_ros2_legubiao/ws/install/hpipm_colcon/include/hpipm_s_tree_ocp_qp_ipm.h
-- Up-to-date symlink: /home/zxs/ocs2_ros2_legubiao/ws/install/hpipm_colcon/include/hpipm_s_tree_ocp_qp_kkt.h
-- Up-to-date symlink: /home/zxs/ocs2_ros2_legubiao/ws/install/hpipm_colcon/include/hpipm_s_tree_ocp_qp_res.h
-- Up-to-date symlink: /home/zxs/ocs2_ros2_legubiao/ws/install/hpipm_colcon/include/hpipm_s_tree_ocp_qp_sol.h
-- Up-to-date symlink: /home/zxs/ocs2_ros2_legubiao/ws/install/hpipm_colcon/include/hpipm_s_tree_ocp_qp_utils.h
-- Up-to-date symlink: /home/zxs/ocs2_ros2_legubiao/ws/install/hpipm_colcon/include/hpipm_scenario_tree.h
-- Up-to-date symlink: /home/zxs/ocs2_ros2_legubiao/ws/install/hpipm_colcon/include/hpipm_timing.h
-- Up-to-date symlink: /home/zxs/ocs2_ros2_legubiao/ws/install/hpipm_colcon/include/hpipm_tree.h
-- Up-to-date symlink: /home/zxs/ocs2_ros2_legubiao/ws/install/hpipm_colcon/include/hpipm_colcon/hpipm_colcon/HpipmInterface.h
-- Up-to-date symlink: /home/zxs/ocs2_ros2_legubiao/ws/install/hpipm_colcon/include/hpipm_colcon/hpipm_colcon/HpipmInterfaceSettings.h
-- Up-to-date symlink: /home/zxs/ocs2_ros2_legubiao/ws/install/hpipm_colcon/share/hpipm_colcon/environment/library_path.sh
-- Up-to-date symlink: /home/zxs/ocs2_ros2_legubiao/ws/install/hpipm_colcon/share/hpipm_colcon/environment/library_path.dsv
-- Up-to-date symlink: /home/zxs/ocs2_ros2_legubiao/ws/install/hpipm_colcon/share/ament_index/resource_index/package_run_dependencies/hpipm_colcon
-- Up-to-date symlink: /home/zxs/ocs2_ros2_legubiao/ws/install/hpipm_colcon/share/ament_index/resource_index/parent_prefix_path/hpipm_colcon
-- Up-to-date symlink: /home/zxs/ocs2_ros2_legubiao/ws/install/hpipm_colcon/share/hpipm_colcon/environment/ament_prefix_path.sh
-- Up-to-date symlink: /home/zxs/ocs2_ros2_legubiao/ws/install/hpipm_colcon/share/hpipm_colcon/environment/ament_prefix_path.dsv
-- Up-to-date symlink: /home/zxs/ocs2_ros2_legubiao/ws/install/hpipm_colcon/share/hpipm_colcon/environment/path.sh
-- Up-to-date symlink: /home/zxs/ocs2_ros2_legubiao/ws/install/hpipm_colcon/share/hpipm_colcon/environment/path.dsv
-- Up-to-date symlink: /home/zxs/ocs2_ros2_legubiao/ws/install/hpipm_colcon/share/hpipm_colcon/local_setup.bash
-- Up-to-date symlink: /home/zxs/ocs2_ros2_legubiao/ws/install/hpipm_colcon/share/hpipm_colcon/local_setup.sh
-- Up-to-date symlink: /home/zxs/ocs2_ros2_legubiao/ws/install/hpipm_colcon/share/hpipm_colcon/local_setup.zsh
-- Up-to-date symlink: /home/zxs/ocs2_ros2_legubiao/ws/install/hpipm_colcon/share/hpipm_colcon/local_setup.dsv
-- Symlinking: /home/zxs/ocs2_ros2_legubiao/ws/install/hpipm_colcon/share/hpipm_colcon/package.dsv
-- Up-to-date symlink: /home/zxs/ocs2_ros2_legubiao/ws/install/hpipm_colcon/share/ament_index/resource_index/packages/hpipm_colcon
-- Up-to-date symlink: /home/zxs/ocs2_ros2_legubiao/ws/install/hpipm_colcon/share/hpipm_colcon/cmake/ament_cmake_export_dependencies-extras.cmake
-- Up-to-date symlink: /home/zxs/ocs2_ros2_legubiao/ws/install/hpipm_colcon/share/hpipm_colcon/cmake/ament_cmake_export_targets-extras.cmake
-- Up-to-date symlink: /home/zxs/ocs2_ros2_legubiao/ws/install/hpipm_colcon/share/hpipm_colcon/cmake/hpipm_colconConfig.cmake
-- Up-to-date symlink: /home/zxs/ocs2_ros2_legubiao/ws/install/hpipm_colcon/share/hpipm_colcon/cmake/hpipm_colconConfig-version.cmake
-- Up-to-date symlink: /home/zxs/ocs2_ros2_legubiao/ws/install/hpipm_colcon/share/hpipm_colcon/package.xml
-- Up-to-date: /home/zxs/ocs2_ros2_legubiao/ws/install/hpipm_colcon/lib/libhpipm.so
-- Up-to-date: /home/zxs/ocs2_ros2_legubiao/ws/install/hpipm_colcon/cmake/hpipmConfig.cmake
-- Up-to-date: /home/zxs/ocs2_ros2_legubiao/ws/install/hpipm_colcon/cmake/hpipmConfig-release.cmake
-- Up-to-date: /home/zxs/ocs2_ros2_legubiao/ws/install/hpipm_colcon/lib/libhpipm_colcon.so
-- Up-to-date: /home/zxs/ocs2_ros2_legubiao/ws/install/hpipm_colcon/share/hpipm_colcon/cmake/export_hpipm_colconExport.cmake
-- Up-to-date: /home/zxs/ocs2_ros2_legubiao/ws/install/hpipm_colcon/share/hpipm_colcon/cmake/export_hpipm_colconExport-release.cmake
