-- The C compiler identification is GNU 12.3.0
-- The CXX compiler identification is GNU 12.3.0
-- Detecting C compiler ABI info
-- Detecting C compiler ABI info - done
-- Check for working C compiler: /usr/bin/cc - skipped
-- Detecting C compile features
-- Detecting C compile features - done
-- Detecting CXX compiler ABI info
-- Detecting CXX compiler ABI info - done
-- Check for working CXX compiler: /usr/bin/c++ - skipped
-- Detecting CXX compile features
-- Detecting CXX compile features - done
-- Found ament_cmake: 1.3.11 (/opt/ros/humble/share/ament_cmake/cmake)
-- Found Python3: /usr/bin/python3 (found version "3.10.13") found components: Interpreter 
-- Found rclcpp: 16.0.12 (/opt/ros/humble/share/rclcpp/cmake)
-- Found rosidl_generator_c: 3.1.6 (/opt/ros/humble/share/rosidl_generator_c/cmake)
-- Found rosidl_adapter: 3.1.6 (/opt/ros/humble/share/rosidl_adapter/cmake)
-- Found rosidl_generator_cpp: 3.1.6 (/opt/ros/humble/share/rosidl_generator_cpp/cmake)
-- Using all available rosidl_typesupport_c: rosidl_typesupport_fastrtps_c;rosidl_typesupport_introspection_c
-- Using all available rosidl_typesupport_cpp: rosidl_typesupport_fastrtps_cpp;rosidl_typesupport_introspection_cpp
-- Found rmw_implementation_cmake: 6.1.2 (/opt/ros/humble/share/rmw_implementation_cmake/cmake)
-- Found rmw_fastrtps_cpp: 6.2.7 (/opt/ros/humble/share/rmw_fastrtps_cpp/cmake)
-- Found OpenSSL: /usr/lib/x86_64-linux-gnu/libcrypto.so (found version "3.0.2")  
-- Found FastRTPS: /opt/ros/humble/include  
-- Using RMW implementation 'rmw_fastrtps_cpp' as default
-- Looking for pthread.h
-- Looking for pthread.h - found
-- Performing Test CMAKE_HAVE_LIBC_PTHREAD
-- Performing Test CMAKE_HAVE_LIBC_PTHREAD - Success
-- Found Threads: TRUE  
-- Found humanoid_interface: 0.0.1 (/home/zxs/ocs2_ros2_legubiao/ws/install/humanoid_interface/share/humanoid_interface/cmake)
-- Found OpenMP_C: -fopenmp (found version "4.5") 
-- Found OpenMP_CXX: -fopenmp (found version "4.5") 
-- Found OpenMP: TRUE (found version "4.5")  
-- Found Boost: /usr/lib/x86_64-linux-gnu/cmake/Boost-1.74.0/BoostConfig.cmake (found version "1.74.0") found components: system filesystem log_setup log 
-- pinocchio_default FOUND. pinocchio_default at /opt/ros/humble/lib/x86_64-linux-gnu/libpinocchio_default.so
-- pinocchio_parsers FOUND. pinocchio_parsers at /opt/ros/humble/lib/x86_64-linux-gnu/libpinocchio_parsers.so
-- boost_filesystem FOUND. boost_filesystem at /lib/x86_64-linux-gnu/libboost_filesystem.so
-- boost_serialization FOUND. boost_serialization at /lib/x86_64-linux-gnu/libboost_serialization.so
-- boost_system FOUND. boost_system at /lib/x86_64-linux-gnu/libboost_system.so
-- eigenpy FOUND. eigenpy at /opt/ros/humble/lib/x86_64-linux-gnu/libeigenpy.so
-- Checking for NumPy
--   NUMPY_INCLUDE_DIRS=/usr/lib/python3/dist-packages/numpy/core/include
--   NUMPY_VERSION=1.21.5
-- Found Python3: /usr/bin/python3 (found version "3.10.13") found components: Interpreter Development.Module NumPy 
-- PythonLibraryDirs: 
-- PythonLibVersionString: 3.10.13
-- Python site lib: lib/python3.10/site-packages
-- Python include dirs: /usr/include/python3.10
-- Checking for NumPy
--   NUMPY_INCLUDE_DIRS=/usr/lib/python3/dist-packages/numpy/core/include
--   NUMPY_VERSION=1.21.5
-- NumPy include dir: /usr/lib/python3/dist-packages/numpy/core/include
[33mCMake Warning at /usr/share/cmake-3.22/Modules/FindBoost.cmake:2201 (message):
  No header defined for python310; skipping header check (note: header-only
  libraries have no designated component)
Call Stack (most recent call first):
  /opt/ros/humble/lib/x86_64-linux-gnu/cmake/eigenpy/boost.cmake:148 (find_package)
  /opt/ros/humble/lib/x86_64-linux-gnu/cmake/eigenpy/eigenpyConfig.cmake:149 (SEARCH_FOR_BOOST_PYTHON)
  /usr/share/cmake-3.22/Modules/CMakeFindDependencyMacro.cmake:47 (find_package)
  /opt/ros/humble/lib/x86_64-linux-gnu/cmake/pinocchio/pinocchioConfig.cmake:161 (find_dependency)
  /home/zxs/ocs2_ros2_legubiao/ws/install/ocs2_pinocchio_interface/share/ocs2_pinocchio_interface/cmake/ament_cmake_export_dependencies-extras.cmake:21 (find_package)
  /home/zxs/ocs2_ros2_legubiao/ws/install/ocs2_pinocchio_interface/share/ocs2_pinocchio_interface/cmake/ocs2_pinocchio_interfaceConfig.cmake:41 (include)
  /home/zxs/ocs2_ros2_legubiao/ws/install/humanoid_interface/share/humanoid_interface/cmake/ament_cmake_export_dependencies-extras.cmake:21 (find_package)
  /home/zxs/ocs2_ros2_legubiao/ws/install/humanoid_interface/share/humanoid_interface/cmake/humanoid_interfaceConfig.cmake:41 (include)
  CMakeLists.txt:26 (find_package)

[0m
-- Found Boost: /usr/include (found version "1.74.0") found components: python310 
-- Default C++ standard: 201703
-- Minimal C++ standard upgraded to 11
-- C++ standard sufficient: Minimal required 11, currently defined: 17
-- hpp-fcl FOUND. hpp-fcl at /opt/ros/humble/lib/x86_64-linux-gnu/libhpp-fcl.so
-- C++ standard sufficient: Minimal required 11, currently defined: 17
-- C++ standard sufficient: Minimal required 11, currently defined: 17
-- coal FOUND. coal at /opt/ros/humble/lib/x86_64-linux-gnu/libcoal.so
-- C++ standard sufficient: Minimal required 11, currently defined: 17
-- Found humanoid_wbc: 0.0.0 (/home/zxs/ocs2_ros2_legubiao/ws/install/humanoid_wbc/share/humanoid_wbc/cmake)
-- Found geometry_msgs: 4.8.0 (/opt/ros/humble/share/geometry_msgs/cmake)
-- Found ocs2_msgs: 0.0.0 (/home/zxs/ocs2_ros2_legubiao/ws/install/ocs2_msgs/share/ocs2_msgs/cmake)
-- Found ocs2_ros_interfaces: 0.0.0 (/home/zxs/ocs2_ros2_legubiao/ws/install/ocs2_ros_interfaces/share/ocs2_ros_interfaces/cmake)
-- Found humanoid_estimation: 0.0.0 (/home/zxs/ocs2_ros2_legubiao/ws/install/humanoid_estimation/share/humanoid_estimation/cmake)
-- Found eigen3_cmake_module: 0.1.1 (/opt/ros/humble/share/eigen3_cmake_module/cmake)
-- Found Eigen3: TRUE (found version "3.4.0") 
-- Ensuring Eigen3 include directory is part of orocos-kdl CMake target
-- Found humanoid_dummy: 0.0.1 (/home/zxs/ocs2_ros2_legubiao/ws/install/humanoid_dummy/share/humanoid_dummy/cmake)
-- Found ocs2_self_collision_visualization: 0.0.0 (/home/zxs/ocs2_ros2_legubiao/ws/install/ocs2_self_collision_visualization/share/ocs2_self_collision_visualization/cmake)
-- Found angles: 1.15.0 (/opt/ros/humble/share/angles/cmake)
-- Found ament_lint_auto: 0.12.12 (/opt/ros/humble/share/ament_lint_auto/cmake)
-- Added test 'copyright' to check source files copyright and LICENSE
-- Added test 'cppcheck' to perform static code analysis on C / C++ code
-- Configured cppcheck include dirs: $<BUILD_INTERFACE:/home/zxs/ocs2_ros2_legubiao/ws/src/humanoid_control/humanoid_controllers/include>
-- Configured cppcheck exclude dirs and/or files: 
-- Added test 'cpplint' to check C / C++ code against the Google style
-- Configured cpplint exclude dirs and/or files: 
-- Added test 'flake8' to check Python code syntax and style conventions
-- Added test 'lint_cmake' to check CMake code style
-- Added test 'pep257' to check Python code against some of the docstring style conventions in PEP 257
-- Added test 'uncrustify' to check C / C++ code style
-- Configured uncrustify additional arguments: 
-- Added test 'xmllint' to check XML markup files
-- Configuring done
-- Generating done
-- Build files have been written to: /home/zxs/ocs2_ros2_legubiao/ws/build/humanoid_controllers
[ 10%] [32mBuilding CXX object CMakeFiles/humanoid_controllers.dir/src/humanoidController.cpp.o[0m
[ 20%] [32m[1mLinking CXX static library libhumanoid_controllers.a[0m
[ 20%] Built target humanoid_controllers
[ 30%] [32mBuilding CXX object CMakeFiles/joy_controller_node.dir/src/JoyControllerNode.cpp.o[0m
[ 40%] [32mBuilding CXX object CMakeFiles/humanoid_target_trajectories_publisher.dir/src/TargetTrajectoriesPublisher.cpp.o[0m
[ 50%] [32mBuilding CXX object CMakeFiles/normal_controller_node.dir/src/NormalControllerNode.cpp.o[0m
[ 60%] [32mBuilding CXX object CMakeFiles/cheat_controller_node.dir/src/CheatControllerNode.cpp.o[0m
[ 70%] [32m[1mLinking CXX executable cheat_controller_node[0m
[ 80%] [32m[1mLinking CXX executable normal_controller_node[0m
[ 80%] Built target cheat_controller_node
[ 80%] Built target normal_controller_node
[ 90%] [32m[1mLinking CXX executable joy_controller_node[0m
[ 90%] Built target joy_controller_node
[100%] [32m[1mLinking CXX executable humanoid_target_trajectories_publisher[0m
[100%] Built target humanoid_target_trajectories_publisher
-- Install configuration: "Release"
-- Installing: /home/zxs/ocs2_ros2_legubiao/ws/install/humanoid_controllers/include/humanoid_controllers
-- Installing: /home/zxs/ocs2_ros2_legubiao/ws/install/humanoid_controllers/include/humanoid_controllers/humanoid_controllers
-- Installing: /home/zxs/ocs2_ros2_legubiao/ws/install/humanoid_controllers/include/humanoid_controllers/humanoid_controllers/humanoidController.h
-- Installing: /home/zxs/ocs2_ros2_legubiao/ws/install/humanoid_controllers/include/humanoid_controllers/humanoid_controllers/visualization
-- Installing: /home/zxs/ocs2_ros2_legubiao/ws/install/humanoid_controllers/include/humanoid_controllers/humanoid_controllers/visualization/humanoidSelfCollisionVisualization.h
-- Installing: /home/zxs/ocs2_ros2_legubiao/ws/install/humanoid_controllers/include/humanoid_controllers/humanoid_controllers/TargetTrajectoriesPublisher.h
-- Installing: /home/zxs/ocs2_ros2_legubiao/ws/install/humanoid_controllers/include/humanoid_controllers/humanoid_controllers/SafetyChecker.h
-- Installing: /home/zxs/ocs2_ros2_legubiao/ws/install/humanoid_controllers/lib/libhumanoid_controllers.a
-- Installing: /home/zxs/ocs2_ros2_legubiao/ws/install/humanoid_controllers/lib/humanoid_controllers/humanoid_target_trajectories_publisher
-- Set runtime path of "/home/zxs/ocs2_ros2_legubiao/ws/install/humanoid_controllers/lib/humanoid_controllers/humanoid_target_trajectories_publisher" to ""
-- Installing: /home/zxs/ocs2_ros2_legubiao/ws/install/humanoid_controllers/lib/humanoid_controllers/cheat_controller_node
-- Set runtime path of "/home/zxs/ocs2_ros2_legubiao/ws/install/humanoid_controllers/lib/humanoid_controllers/cheat_controller_node" to ""
-- Installing: /home/zxs/ocs2_ros2_legubiao/ws/install/humanoid_controllers/lib/humanoid_controllers/normal_controller_node
-- Set runtime path of "/home/zxs/ocs2_ros2_legubiao/ws/install/humanoid_controllers/lib/humanoid_controllers/normal_controller_node" to ""
-- Installing: /home/zxs/ocs2_ros2_legubiao/ws/install/humanoid_controllers/lib/humanoid_controllers/joy_controller_node
-- Set runtime path of "/home/zxs/ocs2_ros2_legubiao/ws/install/humanoid_controllers/lib/humanoid_controllers/joy_controller_node" to ""
-- Installing: /home/zxs/ocs2_ros2_legubiao/ws/install/humanoid_controllers/share/humanoid_controllers//launch
-- Installing: /home/zxs/ocs2_ros2_legubiao/ws/install/humanoid_controllers/share/humanoid_controllers//launch/load_normal_controller.launch.py
-- Installing: /home/zxs/ocs2_ros2_legubiao/ws/install/humanoid_controllers/share/humanoid_controllers//launch/load_cheat_controller.launch.py
-- Installing: /home/zxs/ocs2_ros2_legubiao/ws/install/humanoid_controllers/share/humanoid_controllers//launch/load_joy_controller.launch.py
-- Installing: /home/zxs/ocs2_ros2_legubiao/ws/install/humanoid_controllers/share/humanoid_controllers//config
-- Installing: /home/zxs/ocs2_ros2_legubiao/ws/install/humanoid_controllers/share/humanoid_controllers//config/controllers.yaml
-- Installing: /home/zxs/ocs2_ros2_legubiao/ws/install/humanoid_controllers/share/humanoid_controllers/environment/library_path.sh
-- Installing: /home/zxs/ocs2_ros2_legubiao/ws/install/humanoid_controllers/share/humanoid_controllers/environment/library_path.dsv
-- Installing: /home/zxs/ocs2_ros2_legubiao/ws/install/humanoid_controllers/share/ament_index/resource_index/package_run_dependencies/humanoid_controllers
-- Installing: /home/zxs/ocs2_ros2_legubiao/ws/install/humanoid_controllers/share/ament_index/resource_index/parent_prefix_path/humanoid_controllers
-- Installing: /home/zxs/ocs2_ros2_legubiao/ws/install/humanoid_controllers/share/humanoid_controllers/environment/ament_prefix_path.sh
-- Installing: /home/zxs/ocs2_ros2_legubiao/ws/install/humanoid_controllers/share/humanoid_controllers/environment/ament_prefix_path.dsv
-- Installing: /home/zxs/ocs2_ros2_legubiao/ws/install/humanoid_controllers/share/humanoid_controllers/environment/path.sh
-- Installing: /home/zxs/ocs2_ros2_legubiao/ws/install/humanoid_controllers/share/humanoid_controllers/environment/path.dsv
-- Installing: /home/zxs/ocs2_ros2_legubiao/ws/install/humanoid_controllers/share/humanoid_controllers/local_setup.bash
-- Installing: /home/zxs/ocs2_ros2_legubiao/ws/install/humanoid_controllers/share/humanoid_controllers/local_setup.sh
-- Installing: /home/zxs/ocs2_ros2_legubiao/ws/install/humanoid_controllers/share/humanoid_controllers/local_setup.zsh
-- Installing: /home/zxs/ocs2_ros2_legubiao/ws/install/humanoid_controllers/share/humanoid_controllers/local_setup.dsv
-- Installing: /home/zxs/ocs2_ros2_legubiao/ws/install/humanoid_controllers/share/humanoid_controllers/package.dsv
-- Installing: /home/zxs/ocs2_ros2_legubiao/ws/install/humanoid_controllers/share/ament_index/resource_index/packages/humanoid_controllers
-- Installing: /home/zxs/ocs2_ros2_legubiao/ws/install/humanoid_controllers/share/humanoid_controllers/cmake/export_humanoid_controllersExport.cmake
-- Installing: /home/zxs/ocs2_ros2_legubiao/ws/install/humanoid_controllers/share/humanoid_controllers/cmake/export_humanoid_controllersExport-release.cmake
-- Installing: /home/zxs/ocs2_ros2_legubiao/ws/install/humanoid_controllers/share/humanoid_controllers/cmake/ament_cmake_export_dependencies-extras.cmake
-- Installing: /home/zxs/ocs2_ros2_legubiao/ws/install/humanoid_controllers/share/humanoid_controllers/cmake/ament_cmake_export_targets-extras.cmake
-- Installing: /home/zxs/ocs2_ros2_legubiao/ws/install/humanoid_controllers/share/humanoid_controllers/cmake/humanoid_controllersConfig.cmake
-- Installing: /home/zxs/ocs2_ros2_legubiao/ws/install/humanoid_controllers/share/humanoid_controllers/cmake/humanoid_controllersConfig-version.cmake
-- Installing: /home/zxs/ocs2_ros2_legubiao/ws/install/humanoid_controllers/share/humanoid_controllers/package.xml
