[0.035s] Invoking command in '/home/zxs/ocs2_ros2_legubiao/ws/build/humanoid_controllers': AMENT_PREFIX_PATH=/home/zxs/ocs2_ros2_legubiao/ws/install/humanoid_wbc:/home/zxs/ocs2_ros2_legubiao/ws/install/humanoid_estimation:/home/zxs/ocs2_ros2_legubiao/ws/install/humanoid_dummy:/home/zxs/ocs2_ros2_legubiao/ws/install/ocs2_self_collision_visualization:/home/zxs/ocs2_ros2_legubiao/ws/install/humanoid_interface:/home/zxs/ocs2_ros2_legubiao/ws/install/ocs2_self_collision:/home/zxs/ocs2_ros2_legubiao/ws/install/qpoases_catkin:${AMENT_PREFIX_PATH} CMAKE_PREFIX_PATH=/home/zxs/ocs2_ros2_legubiao/ws/install/humanoid_wbc:/home/zxs/ocs2_ros2_legubiao/ws/install/humanoid_estimation:/home/zxs/ocs2_ros2_legubiao/ws/install/humanoid_dummy:/home/zxs/ocs2_ros2_legubiao/ws/install/ocs2_self_collision_visualization:/home/zxs/ocs2_ros2_legubiao/ws/install/humanoid_interface:/home/zxs/ocs2_ros2_legubiao/ws/install/ocs2_sqp:/home/zxs/ocs2_ros2_legubiao/ws/install/ocs2_self_collision:/home/zxs/ocs2_ros2_legubiao/ws/install/ocs2_ipm:/home/zxs/ocs2_ros2_legubiao/ws/install/ocs2_centroidal_model:/home/zxs/ocs2_ros2_legubiao/ws/install/ocs2_ros_interfaces:/home/zxs/ocs2_ros2_legubiao/ws/install/ocs2_pinocchio_interface:/home/zxs/ocs2_ros2_legubiao/ws/install/ocs2_ddp:/home/zxs/ocs2_ros2_legubiao/ws/install/hpipm_colcon:/home/zxs/ocs2_ros2_legubiao/ws/install/ocs2_robotic_tools:/home/zxs/ocs2_ros2_legubiao/ws/install/ocs2_qp_solver:/home/zxs/ocs2_ros2_legubiao/ws/install/ocs2_mpc:/home/zxs/ocs2_ros2_legubiao/ws/install/ocs2_oc:/home/zxs/ocs2_ros2_legubiao/ws/install/ocs2_core:/home/zxs/ocs2_ros2_legubiao/ws/install/qpoases_catkin:/home/zxs/ocs2_ros2_legubiao/ws/install/ocs2_thirdparty:/home/zxs/ocs2_ros2_legubiao/ws/install/ocs2_robotic_assets:/home/zxs/ocs2_ros2_legubiao/ws/install/ocs2_msgs:/home/zxs/ocs2_ros2_legubiao/ws/install/blasfeo_colcon:/home/zxs/ocs2_ros2_legubiao/ws/install/ocs2_legged_robot_ros:/home/zxs/ocs2_ros2_legubiao/ws/install/ocs2_legged_robot:/opt/ros/humble LD_LIBRARY_PATH=/home/zxs/ocs2_ros2_legubiao/ws/install/humanoid_wbc/lib:/home/zxs/ocs2_ros2_legubiao/ws/install/humanoid_estimation/lib:/home/zxs/ocs2_ros2_legubiao/ws/install/humanoid_dummy/lib:/home/zxs/ocs2_ros2_legubiao/ws/install/ocs2_self_collision_visualization/lib:/home/zxs/ocs2_ros2_legubiao/ws/install/humanoid_interface/lib:/home/zxs/ocs2_ros2_legubiao/ws/install/ocs2_self_collision/lib:/home/zxs/ocs2_ros2_legubiao/ws/install/ocs2_pinocchio_interface/lib:/home/zxs/ocs2_ros2_legubiao/ws/install/hpipm_colcon/lib:/home/zxs/ocs2_ros2_legubiao/ws/install/qpoases_catkin/lib:/home/zxs/ocs2_ros2_legubiao/ws/install/ocs2_msgs/lib:/home/zxs/ocs2_ros2_legubiao/ws/install/blasfeo_colcon/lib:/home/zxs/ocs2_ros2_legubiao/ws/install/ocs2_legged_robot_ros/lib:/home/zxs/ocs2_ros2_legubiao/ws/install/ocs2_legged_robot/lib:/home/zxs/ocs2_ros2_legubiao/ws/install/ocs2_sqp/lib:/home/zxs/ocs2_ros2_legubiao/ws/install/ocs2_ros_interfaces/lib:/home/zxs/ocs2_ros2_legubiao/ws/install/ocs2_centroidal_model/lib:/home/zxs/ocs2_ros2_legubiao/ws/install/ocs2_robotic_tools/lib:/home/zxs/ocs2_ros2_legubiao/ws/install/ocs2_ipm/lib:/home/zxs/ocs2_ros2_legubiao/ws/install/ocs2_ddp/lib:/home/zxs/ocs2_ros2_legubiao/ws/install/ocs2_qp_solver/lib:/home/zxs/ocs2_ros2_legubiao/ws/install/ocs2_mpc/lib:/home/zxs/ocs2_ros2_legubiao/ws/install/ocs2_oc/lib:/home/zxs/ocs2_ros2_legubiao/ws/install/ocs2_core/lib:/usr/lib/x86_64-linux-gnu/gazebo-11/plugins:/opt/ros/humble/opt/rviz_ogre_vendor/lib:/opt/ros/humble/lib/x86_64-linux-gnu:/opt/ros/humble/lib /usr/bin/cmake /home/zxs/ocs2_ros2_legubiao/ws/src/humanoid_control/humanoid_controllers -DCMAKE_INSTALL_PREFIX=/home/zxs/ocs2_ros2_legubiao/ws/install/humanoid_controllers
[0.070s] -- The C compiler identification is GNU 12.3.0
[0.101s] -- The CXX compiler identification is GNU 12.3.0
[0.105s] -- Detecting C compiler ABI info
[0.148s] -- Detecting C compiler ABI info - done
[0.151s] -- Check for working C compiler: /usr/bin/cc - skipped
[0.151s] -- Detecting C compile features
[0.151s] -- Detecting C compile features - done
[0.153s] -- Detecting CXX compiler ABI info
[0.203s] -- Detecting CXX compiler ABI info - done
[0.207s] -- Check for working CXX compiler: /usr/bin/c++ - skipped
[0.207s] -- Detecting CXX compile features
[0.207s] -- Detecting CXX compile features - done
[0.209s] -- Found ament_cmake: 1.3.11 (/opt/ros/humble/share/ament_cmake/cmake)
[0.292s] -- Found Python3: /usr/bin/python3 (found version "3.10.13") found components: Interpreter 
[0.345s] -- Found rclcpp: 16.0.12 (/opt/ros/humble/share/rclcpp/cmake)
[0.373s] -- Found rosidl_generator_c: 3.1.6 (/opt/ros/humble/share/rosidl_generator_c/cmake)
[0.377s] -- Found rosidl_adapter: 3.1.6 (/opt/ros/humble/share/rosidl_adapter/cmake)
[0.382s] -- Found rosidl_generator_cpp: 3.1.6 (/opt/ros/humble/share/rosidl_generator_cpp/cmake)
[0.389s] -- Using all available rosidl_typesupport_c: rosidl_typesupport_fastrtps_c;rosidl_typesupport_introspection_c
[0.399s] -- Using all available rosidl_typesupport_cpp: rosidl_typesupport_fastrtps_cpp;rosidl_typesupport_introspection_cpp
[0.427s] -- Found rmw_implementation_cmake: 6.1.2 (/opt/ros/humble/share/rmw_implementation_cmake/cmake)
[0.429s] -- Found rmw_fastrtps_cpp: 6.2.7 (/opt/ros/humble/share/rmw_fastrtps_cpp/cmake)
[0.488s] -- Found OpenSSL: /usr/lib/x86_64-linux-gnu/libcrypto.so (found version "3.0.2")  
[0.505s] -- Found FastRTPS: /opt/ros/humble/include  
[0.529s] -- Using RMW implementation 'rmw_fastrtps_cpp' as default
[0.535s] -- Looking for pthread.h
[0.578s] -- Looking for pthread.h - found
[0.578s] -- Performing Test CMAKE_HAVE_LIBC_PTHREAD
[0.619s] -- Performing Test CMAKE_HAVE_LIBC_PTHREAD - Success
[0.620s] -- Found Threads: TRUE  
[0.646s] -- Found humanoid_interface: 0.0.1 (/home/zxs/ocs2_ros2_legubiao/ws/install/humanoid_interface/share/humanoid_interface/cmake)
[0.795s] -- Found OpenMP_C: -fopenmp (found version "4.5") 
[0.847s] -- Found OpenMP_CXX: -fopenmp (found version "4.5") 
[0.847s] -- Found OpenMP: TRUE (found version "4.5")  
[0.870s] -- Found Boost: /usr/lib/x86_64-linux-gnu/cmake/Boost-1.74.0/BoostConfig.cmake (found version "1.74.0") found components: system filesystem log_setup log 
[0.890s] -- pinocchio_default FOUND. pinocchio_default at /opt/ros/humble/lib/x86_64-linux-gnu/libpinocchio_default.so
[0.890s] -- pinocchio_parsers FOUND. pinocchio_parsers at /opt/ros/humble/lib/x86_64-linux-gnu/libpinocchio_parsers.so
[0.890s] -- boost_filesystem FOUND. boost_filesystem at /lib/x86_64-linux-gnu/libboost_filesystem.so
[0.890s] -- boost_serialization FOUND. boost_serialization at /lib/x86_64-linux-gnu/libboost_serialization.so
[0.891s] -- boost_system FOUND. boost_system at /lib/x86_64-linux-gnu/libboost_system.so
[0.907s] -- eigenpy FOUND. eigenpy at /opt/ros/humble/lib/x86_64-linux-gnu/libeigenpy.so
[0.922s] -- Checking for NumPy
[1.017s] --   NUMPY_INCLUDE_DIRS=/usr/lib/python3/dist-packages/numpy/core/include
[1.065s] --   NUMPY_VERSION=1.21.5
[1.192s] -- Found Python3: /usr/bin/python3 (found version "3.10.13") found components: Interpreter Development.Module NumPy 
[1.193s] -- PythonLibraryDirs: 
[1.193s] -- PythonLibVersionString: 3.10.13
[1.203s] -- Python site lib: lib/python3.10/site-packages
[1.203s] -- Python include dirs: /usr/include/python3.10
[1.223s] -- Checking for NumPy
[1.273s] --   NUMPY_INCLUDE_DIRS=/usr/lib/python3/dist-packages/numpy/core/include
[1.321s] --   NUMPY_VERSION=1.21.5
[1.321s] -- NumPy include dir: /usr/lib/python3/dist-packages/numpy/core/include
[1.323s] [33mCMake Warning at /usr/share/cmake-3.22/Modules/FindBoost.cmake:2201 (message):
[1.323s]   No header defined for python310; skipping header check (note: header-only
[1.323s]   libraries have no designated component)
[1.323s] Call Stack (most recent call first):
[1.323s]   /opt/ros/humble/lib/x86_64-linux-gnu/cmake/eigenpy/boost.cmake:148 (find_package)
[1.323s]   /opt/ros/humble/lib/x86_64-linux-gnu/cmake/eigenpy/eigenpyConfig.cmake:149 (SEARCH_FOR_BOOST_PYTHON)
[1.323s]   /usr/share/cmake-3.22/Modules/CMakeFindDependencyMacro.cmake:47 (find_package)
[1.323s]   /opt/ros/humble/lib/x86_64-linux-gnu/cmake/pinocchio/pinocchioConfig.cmake:161 (find_dependency)
[1.323s]   /home/zxs/ocs2_ros2_legubiao/ws/install/ocs2_pinocchio_interface/share/ocs2_pinocchio_interface/cmake/ament_cmake_export_dependencies-extras.cmake:21 (find_package)
[1.323s]   /home/zxs/ocs2_ros2_legubiao/ws/install/ocs2_pinocchio_interface/share/ocs2_pinocchio_interface/cmake/ocs2_pinocchio_interfaceConfig.cmake:41 (include)
[1.323s]   /home/zxs/ocs2_ros2_legubiao/ws/install/humanoid_interface/share/humanoid_interface/cmake/ament_cmake_export_dependencies-extras.cmake:21 (find_package)
[1.323s]   /home/zxs/ocs2_ros2_legubiao/ws/install/humanoid_interface/share/humanoid_interface/cmake/humanoid_interfaceConfig.cmake:41 (include)
[1.323s]   CMakeLists.txt:26 (find_package)
[1.323s] 
[1.323s] [0m
[1.325s] -- Found Boost: /usr/include (found version "1.74.0") found components: python310 
[1.501s] -- Default C++ standard: 201703
[1.501s] -- Minimal C++ standard upgraded to 11
[1.501s] -- C++ standard sufficient: Minimal required 11, currently defined: 17
[1.503s] -- hpp-fcl FOUND. hpp-fcl at /opt/ros/humble/lib/x86_64-linux-gnu/libhpp-fcl.so
[1.510s] -- C++ standard sufficient: Minimal required 11, currently defined: 17
[1.511s] -- C++ standard sufficient: Minimal required 11, currently defined: 17
[1.512s] -- coal FOUND. coal at /opt/ros/humble/lib/x86_64-linux-gnu/libcoal.so
[1.523s] -- C++ standard sufficient: Minimal required 11, currently defined: 17
[1.528s] -- Found humanoid_wbc: 0.0.0 (/home/zxs/ocs2_ros2_legubiao/ws/install/humanoid_wbc/share/humanoid_wbc/cmake)
[1.531s] -- Found geometry_msgs: 4.8.0 (/opt/ros/humble/share/geometry_msgs/cmake)
[1.538s] -- Found ocs2_msgs: 0.0.0 (/home/zxs/ocs2_ros2_legubiao/ws/install/ocs2_msgs/share/ocs2_msgs/cmake)
[1.542s] -- Found ocs2_ros_interfaces: 0.0.0 (/home/zxs/ocs2_ros2_legubiao/ws/install/ocs2_ros_interfaces/share/ocs2_ros_interfaces/cmake)
[1.582s] -- Found humanoid_estimation: 0.0.0 (/home/zxs/ocs2_ros2_legubiao/ws/install/humanoid_estimation/share/humanoid_estimation/cmake)
[1.687s] -- Found eigen3_cmake_module: 0.1.1 (/opt/ros/humble/share/eigen3_cmake_module/cmake)
[1.688s] -- Found Eigen3: TRUE (found version "3.4.0") 
[1.688s] -- Ensuring Eigen3 include directory is part of orocos-kdl CMake target
[1.690s] -- Found humanoid_dummy: 0.0.1 (/home/zxs/ocs2_ros2_legubiao/ws/install/humanoid_dummy/share/humanoid_dummy/cmake)
[1.708s] -- Found ocs2_self_collision_visualization: 0.0.0 (/home/zxs/ocs2_ros2_legubiao/ws/install/ocs2_self_collision_visualization/share/ocs2_self_collision_visualization/cmake)
[1.711s] -- Found angles: 1.15.0 (/opt/ros/humble/share/angles/cmake)
[1.719s] -- Found ament_lint_auto: 0.12.12 (/opt/ros/humble/share/ament_lint_auto/cmake)
[1.772s] -- Added test 'copyright' to check source files copyright and LICENSE
[1.772s] -- Added test 'cppcheck' to perform static code analysis on C / C++ code
[1.773s] -- Configured cppcheck include dirs: $<BUILD_INTERFACE:/home/zxs/ocs2_ros2_legubiao/ws/src/humanoid_control/humanoid_controllers/include>
[1.773s] -- Configured cppcheck exclude dirs and/or files: 
[1.773s] -- Added test 'cpplint' to check C / C++ code against the Google style
[1.773s] -- Configured cpplint exclude dirs and/or files: 
[1.774s] -- Added test 'flake8' to check Python code syntax and style conventions
[1.774s] -- Added test 'lint_cmake' to check CMake code style
[1.774s] -- Added test 'pep257' to check Python code against some of the docstring style conventions in PEP 257
[1.775s] -- Added test 'uncrustify' to check C / C++ code style
[1.775s] -- Configured uncrustify additional arguments: 
[1.775s] -- Added test 'xmllint' to check XML markup files
[1.776s] -- Configuring done
[1.823s] -- Generating done
[1.832s] -- Build files have been written to: /home/zxs/ocs2_ros2_legubiao/ws/build/humanoid_controllers
[1.840s] Invoked command in '/home/zxs/ocs2_ros2_legubiao/ws/build/humanoid_controllers' returned '0': AMENT_PREFIX_PATH=/home/zxs/ocs2_ros2_legubiao/ws/install/humanoid_wbc:/home/zxs/ocs2_ros2_legubiao/ws/install/humanoid_estimation:/home/zxs/ocs2_ros2_legubiao/ws/install/humanoid_dummy:/home/zxs/ocs2_ros2_legubiao/ws/install/ocs2_self_collision_visualization:/home/zxs/ocs2_ros2_legubiao/ws/install/humanoid_interface:/home/zxs/ocs2_ros2_legubiao/ws/install/ocs2_self_collision:/home/zxs/ocs2_ros2_legubiao/ws/install/qpoases_catkin:${AMENT_PREFIX_PATH} CMAKE_PREFIX_PATH=/home/zxs/ocs2_ros2_legubiao/ws/install/humanoid_wbc:/home/zxs/ocs2_ros2_legubiao/ws/install/humanoid_estimation:/home/zxs/ocs2_ros2_legubiao/ws/install/humanoid_dummy:/home/zxs/ocs2_ros2_legubiao/ws/install/ocs2_self_collision_visualization:/home/zxs/ocs2_ros2_legubiao/ws/install/humanoid_interface:/home/zxs/ocs2_ros2_legubiao/ws/install/ocs2_sqp:/home/zxs/ocs2_ros2_legubiao/ws/install/ocs2_self_collision:/home/zxs/ocs2_ros2_legubiao/ws/install/ocs2_ipm:/home/zxs/ocs2_ros2_legubiao/ws/install/ocs2_centroidal_model:/home/zxs/ocs2_ros2_legubiao/ws/install/ocs2_ros_interfaces:/home/zxs/ocs2_ros2_legubiao/ws/install/ocs2_pinocchio_interface:/home/zxs/ocs2_ros2_legubiao/ws/install/ocs2_ddp:/home/zxs/ocs2_ros2_legubiao/ws/install/hpipm_colcon:/home/zxs/ocs2_ros2_legubiao/ws/install/ocs2_robotic_tools:/home/zxs/ocs2_ros2_legubiao/ws/install/ocs2_qp_solver:/home/zxs/ocs2_ros2_legubiao/ws/install/ocs2_mpc:/home/zxs/ocs2_ros2_legubiao/ws/install/ocs2_oc:/home/zxs/ocs2_ros2_legubiao/ws/install/ocs2_core:/home/zxs/ocs2_ros2_legubiao/ws/install/qpoases_catkin:/home/zxs/ocs2_ros2_legubiao/ws/install/ocs2_thirdparty:/home/zxs/ocs2_ros2_legubiao/ws/install/ocs2_robotic_assets:/home/zxs/ocs2_ros2_legubiao/ws/install/ocs2_msgs:/home/zxs/ocs2_ros2_legubiao/ws/install/blasfeo_colcon:/home/zxs/ocs2_ros2_legubiao/ws/install/ocs2_legged_robot_ros:/home/zxs/ocs2_ros2_legubiao/ws/install/ocs2_legged_robot:/opt/ros/humble LD_LIBRARY_PATH=/home/zxs/ocs2_ros2_legubiao/ws/install/humanoid_wbc/lib:/home/zxs/ocs2_ros2_legubiao/ws/install/humanoid_estimation/lib:/home/zxs/ocs2_ros2_legubiao/ws/install/humanoid_dummy/lib:/home/zxs/ocs2_ros2_legubiao/ws/install/ocs2_self_collision_visualization/lib:/home/zxs/ocs2_ros2_legubiao/ws/install/humanoid_interface/lib:/home/zxs/ocs2_ros2_legubiao/ws/install/ocs2_self_collision/lib:/home/zxs/ocs2_ros2_legubiao/ws/install/ocs2_pinocchio_interface/lib:/home/zxs/ocs2_ros2_legubiao/ws/install/hpipm_colcon/lib:/home/zxs/ocs2_ros2_legubiao/ws/install/qpoases_catkin/lib:/home/zxs/ocs2_ros2_legubiao/ws/install/ocs2_msgs/lib:/home/zxs/ocs2_ros2_legubiao/ws/install/blasfeo_colcon/lib:/home/zxs/ocs2_ros2_legubiao/ws/install/ocs2_legged_robot_ros/lib:/home/zxs/ocs2_ros2_legubiao/ws/install/ocs2_legged_robot/lib:/home/zxs/ocs2_ros2_legubiao/ws/install/ocs2_sqp/lib:/home/zxs/ocs2_ros2_legubiao/ws/install/ocs2_ros_interfaces/lib:/home/zxs/ocs2_ros2_legubiao/ws/install/ocs2_centroidal_model/lib:/home/zxs/ocs2_ros2_legubiao/ws/install/ocs2_robotic_tools/lib:/home/zxs/ocs2_ros2_legubiao/ws/install/ocs2_ipm/lib:/home/zxs/ocs2_ros2_legubiao/ws/install/ocs2_ddp/lib:/home/zxs/ocs2_ros2_legubiao/ws/install/ocs2_qp_solver/lib:/home/zxs/ocs2_ros2_legubiao/ws/install/ocs2_mpc/lib:/home/zxs/ocs2_ros2_legubiao/ws/install/ocs2_oc/lib:/home/zxs/ocs2_ros2_legubiao/ws/install/ocs2_core/lib:/usr/lib/x86_64-linux-gnu/gazebo-11/plugins:/opt/ros/humble/opt/rviz_ogre_vendor/lib:/opt/ros/humble/lib/x86_64-linux-gnu:/opt/ros/humble/lib /usr/bin/cmake /home/zxs/ocs2_ros2_legubiao/ws/src/humanoid_control/humanoid_controllers -DCMAKE_INSTALL_PREFIX=/home/zxs/ocs2_ros2_legubiao/ws/install/humanoid_controllers
[1.841s] Invoking command in '/home/zxs/ocs2_ros2_legubiao/ws/build/humanoid_controllers': AMENT_PREFIX_PATH=/home/zxs/ocs2_ros2_legubiao/ws/install/humanoid_wbc:/home/zxs/ocs2_ros2_legubiao/ws/install/humanoid_estimation:/home/zxs/ocs2_ros2_legubiao/ws/install/humanoid_dummy:/home/zxs/ocs2_ros2_legubiao/ws/install/ocs2_self_collision_visualization:/home/zxs/ocs2_ros2_legubiao/ws/install/humanoid_interface:/home/zxs/ocs2_ros2_legubiao/ws/install/ocs2_self_collision:/home/zxs/ocs2_ros2_legubiao/ws/install/qpoases_catkin:${AMENT_PREFIX_PATH} CMAKE_PREFIX_PATH=/home/zxs/ocs2_ros2_legubiao/ws/install/humanoid_wbc:/home/zxs/ocs2_ros2_legubiao/ws/install/humanoid_estimation:/home/zxs/ocs2_ros2_legubiao/ws/install/humanoid_dummy:/home/zxs/ocs2_ros2_legubiao/ws/install/ocs2_self_collision_visualization:/home/zxs/ocs2_ros2_legubiao/ws/install/humanoid_interface:/home/zxs/ocs2_ros2_legubiao/ws/install/ocs2_sqp:/home/zxs/ocs2_ros2_legubiao/ws/install/ocs2_self_collision:/home/zxs/ocs2_ros2_legubiao/ws/install/ocs2_ipm:/home/zxs/ocs2_ros2_legubiao/ws/install/ocs2_centroidal_model:/home/zxs/ocs2_ros2_legubiao/ws/install/ocs2_ros_interfaces:/home/zxs/ocs2_ros2_legubiao/ws/install/ocs2_pinocchio_interface:/home/zxs/ocs2_ros2_legubiao/ws/install/ocs2_ddp:/home/zxs/ocs2_ros2_legubiao/ws/install/hpipm_colcon:/home/zxs/ocs2_ros2_legubiao/ws/install/ocs2_robotic_tools:/home/zxs/ocs2_ros2_legubiao/ws/install/ocs2_qp_solver:/home/zxs/ocs2_ros2_legubiao/ws/install/ocs2_mpc:/home/zxs/ocs2_ros2_legubiao/ws/install/ocs2_oc:/home/zxs/ocs2_ros2_legubiao/ws/install/ocs2_core:/home/zxs/ocs2_ros2_legubiao/ws/install/qpoases_catkin:/home/zxs/ocs2_ros2_legubiao/ws/install/ocs2_thirdparty:/home/zxs/ocs2_ros2_legubiao/ws/install/ocs2_robotic_assets:/home/zxs/ocs2_ros2_legubiao/ws/install/ocs2_msgs:/home/zxs/ocs2_ros2_legubiao/ws/install/blasfeo_colcon:/home/zxs/ocs2_ros2_legubiao/ws/install/ocs2_legged_robot_ros:/home/zxs/ocs2_ros2_legubiao/ws/install/ocs2_legged_robot:/opt/ros/humble LD_LIBRARY_PATH=/home/zxs/ocs2_ros2_legubiao/ws/install/humanoid_wbc/lib:/home/zxs/ocs2_ros2_legubiao/ws/install/humanoid_estimation/lib:/home/zxs/ocs2_ros2_legubiao/ws/install/humanoid_dummy/lib:/home/zxs/ocs2_ros2_legubiao/ws/install/ocs2_self_collision_visualization/lib:/home/zxs/ocs2_ros2_legubiao/ws/install/humanoid_interface/lib:/home/zxs/ocs2_ros2_legubiao/ws/install/ocs2_self_collision/lib:/home/zxs/ocs2_ros2_legubiao/ws/install/ocs2_pinocchio_interface/lib:/home/zxs/ocs2_ros2_legubiao/ws/install/hpipm_colcon/lib:/home/zxs/ocs2_ros2_legubiao/ws/install/qpoases_catkin/lib:/home/zxs/ocs2_ros2_legubiao/ws/install/ocs2_msgs/lib:/home/zxs/ocs2_ros2_legubiao/ws/install/blasfeo_colcon/lib:/home/zxs/ocs2_ros2_legubiao/ws/install/ocs2_legged_robot_ros/lib:/home/zxs/ocs2_ros2_legubiao/ws/install/ocs2_legged_robot/lib:/home/zxs/ocs2_ros2_legubiao/ws/install/ocs2_sqp/lib:/home/zxs/ocs2_ros2_legubiao/ws/install/ocs2_ros_interfaces/lib:/home/zxs/ocs2_ros2_legubiao/ws/install/ocs2_centroidal_model/lib:/home/zxs/ocs2_ros2_legubiao/ws/install/ocs2_robotic_tools/lib:/home/zxs/ocs2_ros2_legubiao/ws/install/ocs2_ipm/lib:/home/zxs/ocs2_ros2_legubiao/ws/install/ocs2_ddp/lib:/home/zxs/ocs2_ros2_legubiao/ws/install/ocs2_qp_solver/lib:/home/zxs/ocs2_ros2_legubiao/ws/install/ocs2_mpc/lib:/home/zxs/ocs2_ros2_legubiao/ws/install/ocs2_oc/lib:/home/zxs/ocs2_ros2_legubiao/ws/install/ocs2_core/lib:/usr/lib/x86_64-linux-gnu/gazebo-11/plugins:/opt/ros/humble/opt/rviz_ogre_vendor/lib:/opt/ros/humble/lib/x86_64-linux-gnu:/opt/ros/humble/lib /usr/bin/cmake --build /home/zxs/ocs2_ros2_legubiao/ws/build/humanoid_controllers -- -j28 -l28
[1.872s] [ 10%] [32mBuilding CXX object CMakeFiles/humanoid_controllers.dir/src/humanoidController.cpp.o[0m
[17.255s] [ 20%] [32m[1mLinking CXX static library libhumanoid_controllers.a[0m
[17.314s] [ 20%] Built target humanoid_controllers
[17.330s] [ 30%] [32mBuilding CXX object CMakeFiles/joy_controller_node.dir/src/JoyControllerNode.cpp.o[0m
[17.330s] [ 40%] [32mBuilding CXX object CMakeFiles/humanoid_target_trajectories_publisher.dir/src/TargetTrajectoriesPublisher.cpp.o[0m
[17.331s] [ 50%] [32mBuilding CXX object CMakeFiles/normal_controller_node.dir/src/NormalControllerNode.cpp.o[0m
[17.331s] [ 60%] [32mBuilding CXX object CMakeFiles/cheat_controller_node.dir/src/CheatControllerNode.cpp.o[0m
[25.616s] [ 70%] [32m[1mLinking CXX executable cheat_controller_node[0m
[25.739s] [ 80%] [32m[1mLinking CXX executable normal_controller_node[0m
[26.055s] [ 80%] Built target cheat_controller_node
[26.169s] [ 80%] Built target normal_controller_node
[27.680s] [ 90%] [32m[1mLinking CXX executable joy_controller_node[0m
[28.128s] [ 90%] Built target joy_controller_node
[32.355s] [100%] [32m[1mLinking CXX executable humanoid_target_trajectories_publisher[0m
[32.532s] [100%] Built target humanoid_target_trajectories_publisher
[32.539s] Invoked command in '/home/zxs/ocs2_ros2_legubiao/ws/build/humanoid_controllers' returned '0': AMENT_PREFIX_PATH=/home/zxs/ocs2_ros2_legubiao/ws/install/humanoid_wbc:/home/zxs/ocs2_ros2_legubiao/ws/install/humanoid_estimation:/home/zxs/ocs2_ros2_legubiao/ws/install/humanoid_dummy:/home/zxs/ocs2_ros2_legubiao/ws/install/ocs2_self_collision_visualization:/home/zxs/ocs2_ros2_legubiao/ws/install/humanoid_interface:/home/zxs/ocs2_ros2_legubiao/ws/install/ocs2_self_collision:/home/zxs/ocs2_ros2_legubiao/ws/install/qpoases_catkin:${AMENT_PREFIX_PATH} CMAKE_PREFIX_PATH=/home/zxs/ocs2_ros2_legubiao/ws/install/humanoid_wbc:/home/zxs/ocs2_ros2_legubiao/ws/install/humanoid_estimation:/home/zxs/ocs2_ros2_legubiao/ws/install/humanoid_dummy:/home/zxs/ocs2_ros2_legubiao/ws/install/ocs2_self_collision_visualization:/home/zxs/ocs2_ros2_legubiao/ws/install/humanoid_interface:/home/zxs/ocs2_ros2_legubiao/ws/install/ocs2_sqp:/home/zxs/ocs2_ros2_legubiao/ws/install/ocs2_self_collision:/home/zxs/ocs2_ros2_legubiao/ws/install/ocs2_ipm:/home/zxs/ocs2_ros2_legubiao/ws/install/ocs2_centroidal_model:/home/zxs/ocs2_ros2_legubiao/ws/install/ocs2_ros_interfaces:/home/zxs/ocs2_ros2_legubiao/ws/install/ocs2_pinocchio_interface:/home/zxs/ocs2_ros2_legubiao/ws/install/ocs2_ddp:/home/zxs/ocs2_ros2_legubiao/ws/install/hpipm_colcon:/home/zxs/ocs2_ros2_legubiao/ws/install/ocs2_robotic_tools:/home/zxs/ocs2_ros2_legubiao/ws/install/ocs2_qp_solver:/home/zxs/ocs2_ros2_legubiao/ws/install/ocs2_mpc:/home/zxs/ocs2_ros2_legubiao/ws/install/ocs2_oc:/home/zxs/ocs2_ros2_legubiao/ws/install/ocs2_core:/home/zxs/ocs2_ros2_legubiao/ws/install/qpoases_catkin:/home/zxs/ocs2_ros2_legubiao/ws/install/ocs2_thirdparty:/home/zxs/ocs2_ros2_legubiao/ws/install/ocs2_robotic_assets:/home/zxs/ocs2_ros2_legubiao/ws/install/ocs2_msgs:/home/zxs/ocs2_ros2_legubiao/ws/install/blasfeo_colcon:/home/zxs/ocs2_ros2_legubiao/ws/install/ocs2_legged_robot_ros:/home/zxs/ocs2_ros2_legubiao/ws/install/ocs2_legged_robot:/opt/ros/humble LD_LIBRARY_PATH=/home/zxs/ocs2_ros2_legubiao/ws/install/humanoid_wbc/lib:/home/zxs/ocs2_ros2_legubiao/ws/install/humanoid_estimation/lib:/home/zxs/ocs2_ros2_legubiao/ws/install/humanoid_dummy/lib:/home/zxs/ocs2_ros2_legubiao/ws/install/ocs2_self_collision_visualization/lib:/home/zxs/ocs2_ros2_legubiao/ws/install/humanoid_interface/lib:/home/zxs/ocs2_ros2_legubiao/ws/install/ocs2_self_collision/lib:/home/zxs/ocs2_ros2_legubiao/ws/install/ocs2_pinocchio_interface/lib:/home/zxs/ocs2_ros2_legubiao/ws/install/hpipm_colcon/lib:/home/zxs/ocs2_ros2_legubiao/ws/install/qpoases_catkin/lib:/home/zxs/ocs2_ros2_legubiao/ws/install/ocs2_msgs/lib:/home/zxs/ocs2_ros2_legubiao/ws/install/blasfeo_colcon/lib:/home/zxs/ocs2_ros2_legubiao/ws/install/ocs2_legged_robot_ros/lib:/home/zxs/ocs2_ros2_legubiao/ws/install/ocs2_legged_robot/lib:/home/zxs/ocs2_ros2_legubiao/ws/install/ocs2_sqp/lib:/home/zxs/ocs2_ros2_legubiao/ws/install/ocs2_ros_interfaces/lib:/home/zxs/ocs2_ros2_legubiao/ws/install/ocs2_centroidal_model/lib:/home/zxs/ocs2_ros2_legubiao/ws/install/ocs2_robotic_tools/lib:/home/zxs/ocs2_ros2_legubiao/ws/install/ocs2_ipm/lib:/home/zxs/ocs2_ros2_legubiao/ws/install/ocs2_ddp/lib:/home/zxs/ocs2_ros2_legubiao/ws/install/ocs2_qp_solver/lib:/home/zxs/ocs2_ros2_legubiao/ws/install/ocs2_mpc/lib:/home/zxs/ocs2_ros2_legubiao/ws/install/ocs2_oc/lib:/home/zxs/ocs2_ros2_legubiao/ws/install/ocs2_core/lib:/usr/lib/x86_64-linux-gnu/gazebo-11/plugins:/opt/ros/humble/opt/rviz_ogre_vendor/lib:/opt/ros/humble/lib/x86_64-linux-gnu:/opt/ros/humble/lib /usr/bin/cmake --build /home/zxs/ocs2_ros2_legubiao/ws/build/humanoid_controllers -- -j28 -l28
[32.539s] Invoking command in '/home/zxs/ocs2_ros2_legubiao/ws/build/humanoid_controllers': AMENT_PREFIX_PATH=/home/zxs/ocs2_ros2_legubiao/ws/install/humanoid_wbc:/home/zxs/ocs2_ros2_legubiao/ws/install/humanoid_estimation:/home/zxs/ocs2_ros2_legubiao/ws/install/humanoid_dummy:/home/zxs/ocs2_ros2_legubiao/ws/install/ocs2_self_collision_visualization:/home/zxs/ocs2_ros2_legubiao/ws/install/humanoid_interface:/home/zxs/ocs2_ros2_legubiao/ws/install/ocs2_self_collision:/home/zxs/ocs2_ros2_legubiao/ws/install/qpoases_catkin:${AMENT_PREFIX_PATH} CMAKE_PREFIX_PATH=/home/zxs/ocs2_ros2_legubiao/ws/install/humanoid_wbc:/home/zxs/ocs2_ros2_legubiao/ws/install/humanoid_estimation:/home/zxs/ocs2_ros2_legubiao/ws/install/humanoid_dummy:/home/zxs/ocs2_ros2_legubiao/ws/install/ocs2_self_collision_visualization:/home/zxs/ocs2_ros2_legubiao/ws/install/humanoid_interface:/home/zxs/ocs2_ros2_legubiao/ws/install/ocs2_sqp:/home/zxs/ocs2_ros2_legubiao/ws/install/ocs2_self_collision:/home/zxs/ocs2_ros2_legubiao/ws/install/ocs2_ipm:/home/zxs/ocs2_ros2_legubiao/ws/install/ocs2_centroidal_model:/home/zxs/ocs2_ros2_legubiao/ws/install/ocs2_ros_interfaces:/home/zxs/ocs2_ros2_legubiao/ws/install/ocs2_pinocchio_interface:/home/zxs/ocs2_ros2_legubiao/ws/install/ocs2_ddp:/home/zxs/ocs2_ros2_legubiao/ws/install/hpipm_colcon:/home/zxs/ocs2_ros2_legubiao/ws/install/ocs2_robotic_tools:/home/zxs/ocs2_ros2_legubiao/ws/install/ocs2_qp_solver:/home/zxs/ocs2_ros2_legubiao/ws/install/ocs2_mpc:/home/zxs/ocs2_ros2_legubiao/ws/install/ocs2_oc:/home/zxs/ocs2_ros2_legubiao/ws/install/ocs2_core:/home/zxs/ocs2_ros2_legubiao/ws/install/qpoases_catkin:/home/zxs/ocs2_ros2_legubiao/ws/install/ocs2_thirdparty:/home/zxs/ocs2_ros2_legubiao/ws/install/ocs2_robotic_assets:/home/zxs/ocs2_ros2_legubiao/ws/install/ocs2_msgs:/home/zxs/ocs2_ros2_legubiao/ws/install/blasfeo_colcon:/home/zxs/ocs2_ros2_legubiao/ws/install/ocs2_legged_robot_ros:/home/zxs/ocs2_ros2_legubiao/ws/install/ocs2_legged_robot:/opt/ros/humble LD_LIBRARY_PATH=/home/zxs/ocs2_ros2_legubiao/ws/install/humanoid_wbc/lib:/home/zxs/ocs2_ros2_legubiao/ws/install/humanoid_estimation/lib:/home/zxs/ocs2_ros2_legubiao/ws/install/humanoid_dummy/lib:/home/zxs/ocs2_ros2_legubiao/ws/install/ocs2_self_collision_visualization/lib:/home/zxs/ocs2_ros2_legubiao/ws/install/humanoid_interface/lib:/home/zxs/ocs2_ros2_legubiao/ws/install/ocs2_self_collision/lib:/home/zxs/ocs2_ros2_legubiao/ws/install/ocs2_pinocchio_interface/lib:/home/zxs/ocs2_ros2_legubiao/ws/install/hpipm_colcon/lib:/home/zxs/ocs2_ros2_legubiao/ws/install/qpoases_catkin/lib:/home/zxs/ocs2_ros2_legubiao/ws/install/ocs2_msgs/lib:/home/zxs/ocs2_ros2_legubiao/ws/install/blasfeo_colcon/lib:/home/zxs/ocs2_ros2_legubiao/ws/install/ocs2_legged_robot_ros/lib:/home/zxs/ocs2_ros2_legubiao/ws/install/ocs2_legged_robot/lib:/home/zxs/ocs2_ros2_legubiao/ws/install/ocs2_sqp/lib:/home/zxs/ocs2_ros2_legubiao/ws/install/ocs2_ros_interfaces/lib:/home/zxs/ocs2_ros2_legubiao/ws/install/ocs2_centroidal_model/lib:/home/zxs/ocs2_ros2_legubiao/ws/install/ocs2_robotic_tools/lib:/home/zxs/ocs2_ros2_legubiao/ws/install/ocs2_ipm/lib:/home/zxs/ocs2_ros2_legubiao/ws/install/ocs2_ddp/lib:/home/zxs/ocs2_ros2_legubiao/ws/install/ocs2_qp_solver/lib:/home/zxs/ocs2_ros2_legubiao/ws/install/ocs2_mpc/lib:/home/zxs/ocs2_ros2_legubiao/ws/install/ocs2_oc/lib:/home/zxs/ocs2_ros2_legubiao/ws/install/ocs2_core/lib:/usr/lib/x86_64-linux-gnu/gazebo-11/plugins:/opt/ros/humble/opt/rviz_ogre_vendor/lib:/opt/ros/humble/lib/x86_64-linux-gnu:/opt/ros/humble/lib /usr/bin/cmake --install /home/zxs/ocs2_ros2_legubiao/ws/build/humanoid_controllers
[32.543s] -- Install configuration: "Release"
[32.544s] -- Installing: /home/zxs/ocs2_ros2_legubiao/ws/install/humanoid_controllers/include/humanoid_controllers
[32.544s] -- Installing: /home/zxs/ocs2_ros2_legubiao/ws/install/humanoid_controllers/include/humanoid_controllers/humanoid_controllers
[32.544s] -- Installing: /home/zxs/ocs2_ros2_legubiao/ws/install/humanoid_controllers/include/humanoid_controllers/humanoid_controllers/humanoidController.h
[32.544s] -- Installing: /home/zxs/ocs2_ros2_legubiao/ws/install/humanoid_controllers/include/humanoid_controllers/humanoid_controllers/visualization
[32.544s] -- Installing: /home/zxs/ocs2_ros2_legubiao/ws/install/humanoid_controllers/include/humanoid_controllers/humanoid_controllers/visualization/humanoidSelfCollisionVisualization.h
[32.544s] -- Installing: /home/zxs/ocs2_ros2_legubiao/ws/install/humanoid_controllers/include/humanoid_controllers/humanoid_controllers/TargetTrajectoriesPublisher.h
[32.544s] -- Installing: /home/zxs/ocs2_ros2_legubiao/ws/install/humanoid_controllers/include/humanoid_controllers/humanoid_controllers/SafetyChecker.h
[32.544s] -- Installing: /home/zxs/ocs2_ros2_legubiao/ws/install/humanoid_controllers/lib/libhumanoid_controllers.a
[32.545s] -- Installing: /home/zxs/ocs2_ros2_legubiao/ws/install/humanoid_controllers/lib/humanoid_controllers/humanoid_target_trajectories_publisher
[32.546s] -- Set runtime path of "/home/zxs/ocs2_ros2_legubiao/ws/install/humanoid_controllers/lib/humanoid_controllers/humanoid_target_trajectories_publisher" to ""
[32.546s] -- Installing: /home/zxs/ocs2_ros2_legubiao/ws/install/humanoid_controllers/lib/humanoid_controllers/cheat_controller_node
[32.550s] -- Set runtime path of "/home/zxs/ocs2_ros2_legubiao/ws/install/humanoid_controllers/lib/humanoid_controllers/cheat_controller_node" to ""
[32.550s] -- Installing: /home/zxs/ocs2_ros2_legubiao/ws/install/humanoid_controllers/lib/humanoid_controllers/normal_controller_node
[32.553s] -- Set runtime path of "/home/zxs/ocs2_ros2_legubiao/ws/install/humanoid_controllers/lib/humanoid_controllers/normal_controller_node" to ""
[32.553s] -- Installing: /home/zxs/ocs2_ros2_legubiao/ws/install/humanoid_controllers/lib/humanoid_controllers/joy_controller_node
[32.557s] -- Set runtime path of "/home/zxs/ocs2_ros2_legubiao/ws/install/humanoid_controllers/lib/humanoid_controllers/joy_controller_node" to ""
[32.557s] -- Installing: /home/zxs/ocs2_ros2_legubiao/ws/install/humanoid_controllers/share/humanoid_controllers//launch
[32.557s] -- Installing: /home/zxs/ocs2_ros2_legubiao/ws/install/humanoid_controllers/share/humanoid_controllers//launch/load_normal_controller.launch.py
[32.557s] -- Installing: /home/zxs/ocs2_ros2_legubiao/ws/install/humanoid_controllers/share/humanoid_controllers//launch/load_cheat_controller.launch.py
[32.557s] -- Installing: /home/zxs/ocs2_ros2_legubiao/ws/install/humanoid_controllers/share/humanoid_controllers//launch/load_joy_controller.launch.py
[32.557s] -- Installing: /home/zxs/ocs2_ros2_legubiao/ws/install/humanoid_controllers/share/humanoid_controllers//config
[32.557s] -- Installing: /home/zxs/ocs2_ros2_legubiao/ws/install/humanoid_controllers/share/humanoid_controllers//config/controllers.yaml
[32.557s] -- Installing: /home/zxs/ocs2_ros2_legubiao/ws/install/humanoid_controllers/share/humanoid_controllers/environment/library_path.sh
[32.557s] -- Installing: /home/zxs/ocs2_ros2_legubiao/ws/install/humanoid_controllers/share/humanoid_controllers/environment/library_path.dsv
[32.557s] -- Installing: /home/zxs/ocs2_ros2_legubiao/ws/install/humanoid_controllers/share/ament_index/resource_index/package_run_dependencies/humanoid_controllers
[32.557s] -- Installing: /home/zxs/ocs2_ros2_legubiao/ws/install/humanoid_controllers/share/ament_index/resource_index/parent_prefix_path/humanoid_controllers
[32.557s] -- Installing: /home/zxs/ocs2_ros2_legubiao/ws/install/humanoid_controllers/share/humanoid_controllers/environment/ament_prefix_path.sh
[32.557s] -- Installing: /home/zxs/ocs2_ros2_legubiao/ws/install/humanoid_controllers/share/humanoid_controllers/environment/ament_prefix_path.dsv
[32.557s] -- Installing: /home/zxs/ocs2_ros2_legubiao/ws/install/humanoid_controllers/share/humanoid_controllers/environment/path.sh
[32.557s] -- Installing: /home/zxs/ocs2_ros2_legubiao/ws/install/humanoid_controllers/share/humanoid_controllers/environment/path.dsv
[32.557s] -- Installing: /home/zxs/ocs2_ros2_legubiao/ws/install/humanoid_controllers/share/humanoid_controllers/local_setup.bash
[32.557s] -- Installing: /home/zxs/ocs2_ros2_legubiao/ws/install/humanoid_controllers/share/humanoid_controllers/local_setup.sh
[32.557s] -- Installing: /home/zxs/ocs2_ros2_legubiao/ws/install/humanoid_controllers/share/humanoid_controllers/local_setup.zsh
[32.557s] -- Installing: /home/zxs/ocs2_ros2_legubiao/ws/install/humanoid_controllers/share/humanoid_controllers/local_setup.dsv
[32.557s] -- Installing: /home/zxs/ocs2_ros2_legubiao/ws/install/humanoid_controllers/share/humanoid_controllers/package.dsv
[32.557s] -- Installing: /home/zxs/ocs2_ros2_legubiao/ws/install/humanoid_controllers/share/ament_index/resource_index/packages/humanoid_controllers
[32.557s] -- Installing: /home/zxs/ocs2_ros2_legubiao/ws/install/humanoid_controllers/share/humanoid_controllers/cmake/export_humanoid_controllersExport.cmake
[32.557s] -- Installing: /home/zxs/ocs2_ros2_legubiao/ws/install/humanoid_controllers/share/humanoid_controllers/cmake/export_humanoid_controllersExport-release.cmake
[32.557s] -- Installing: /home/zxs/ocs2_ros2_legubiao/ws/install/humanoid_controllers/share/humanoid_controllers/cmake/ament_cmake_export_dependencies-extras.cmake
[32.557s] -- Installing: /home/zxs/ocs2_ros2_legubiao/ws/install/humanoid_controllers/share/humanoid_controllers/cmake/ament_cmake_export_targets-extras.cmake
[32.557s] -- Installing: /home/zxs/ocs2_ros2_legubiao/ws/install/humanoid_controllers/share/humanoid_controllers/cmake/humanoid_controllersConfig.cmake
[32.557s] -- Installing: /home/zxs/ocs2_ros2_legubiao/ws/install/humanoid_controllers/share/humanoid_controllers/cmake/humanoid_controllersConfig-version.cmake
[32.558s] -- Installing: /home/zxs/ocs2_ros2_legubiao/ws/install/humanoid_controllers/share/humanoid_controllers/package.xml
[32.559s] Invoked command in '/home/zxs/ocs2_ros2_legubiao/ws/build/humanoid_controllers' returned '0': AMENT_PREFIX_PATH=/home/zxs/ocs2_ros2_legubiao/ws/install/humanoid_wbc:/home/zxs/ocs2_ros2_legubiao/ws/install/humanoid_estimation:/home/zxs/ocs2_ros2_legubiao/ws/install/humanoid_dummy:/home/zxs/ocs2_ros2_legubiao/ws/install/ocs2_self_collision_visualization:/home/zxs/ocs2_ros2_legubiao/ws/install/humanoid_interface:/home/zxs/ocs2_ros2_legubiao/ws/install/ocs2_self_collision:/home/zxs/ocs2_ros2_legubiao/ws/install/qpoases_catkin:${AMENT_PREFIX_PATH} CMAKE_PREFIX_PATH=/home/zxs/ocs2_ros2_legubiao/ws/install/humanoid_wbc:/home/zxs/ocs2_ros2_legubiao/ws/install/humanoid_estimation:/home/zxs/ocs2_ros2_legubiao/ws/install/humanoid_dummy:/home/zxs/ocs2_ros2_legubiao/ws/install/ocs2_self_collision_visualization:/home/zxs/ocs2_ros2_legubiao/ws/install/humanoid_interface:/home/zxs/ocs2_ros2_legubiao/ws/install/ocs2_sqp:/home/zxs/ocs2_ros2_legubiao/ws/install/ocs2_self_collision:/home/zxs/ocs2_ros2_legubiao/ws/install/ocs2_ipm:/home/zxs/ocs2_ros2_legubiao/ws/install/ocs2_centroidal_model:/home/zxs/ocs2_ros2_legubiao/ws/install/ocs2_ros_interfaces:/home/zxs/ocs2_ros2_legubiao/ws/install/ocs2_pinocchio_interface:/home/zxs/ocs2_ros2_legubiao/ws/install/ocs2_ddp:/home/zxs/ocs2_ros2_legubiao/ws/install/hpipm_colcon:/home/zxs/ocs2_ros2_legubiao/ws/install/ocs2_robotic_tools:/home/zxs/ocs2_ros2_legubiao/ws/install/ocs2_qp_solver:/home/zxs/ocs2_ros2_legubiao/ws/install/ocs2_mpc:/home/zxs/ocs2_ros2_legubiao/ws/install/ocs2_oc:/home/zxs/ocs2_ros2_legubiao/ws/install/ocs2_core:/home/zxs/ocs2_ros2_legubiao/ws/install/qpoases_catkin:/home/zxs/ocs2_ros2_legubiao/ws/install/ocs2_thirdparty:/home/zxs/ocs2_ros2_legubiao/ws/install/ocs2_robotic_assets:/home/zxs/ocs2_ros2_legubiao/ws/install/ocs2_msgs:/home/zxs/ocs2_ros2_legubiao/ws/install/blasfeo_colcon:/home/zxs/ocs2_ros2_legubiao/ws/install/ocs2_legged_robot_ros:/home/zxs/ocs2_ros2_legubiao/ws/install/ocs2_legged_robot:/opt/ros/humble LD_LIBRARY_PATH=/home/zxs/ocs2_ros2_legubiao/ws/install/humanoid_wbc/lib:/home/zxs/ocs2_ros2_legubiao/ws/install/humanoid_estimation/lib:/home/zxs/ocs2_ros2_legubiao/ws/install/humanoid_dummy/lib:/home/zxs/ocs2_ros2_legubiao/ws/install/ocs2_self_collision_visualization/lib:/home/zxs/ocs2_ros2_legubiao/ws/install/humanoid_interface/lib:/home/zxs/ocs2_ros2_legubiao/ws/install/ocs2_self_collision/lib:/home/zxs/ocs2_ros2_legubiao/ws/install/ocs2_pinocchio_interface/lib:/home/zxs/ocs2_ros2_legubiao/ws/install/hpipm_colcon/lib:/home/zxs/ocs2_ros2_legubiao/ws/install/qpoases_catkin/lib:/home/zxs/ocs2_ros2_legubiao/ws/install/ocs2_msgs/lib:/home/zxs/ocs2_ros2_legubiao/ws/install/blasfeo_colcon/lib:/home/zxs/ocs2_ros2_legubiao/ws/install/ocs2_legged_robot_ros/lib:/home/zxs/ocs2_ros2_legubiao/ws/install/ocs2_legged_robot/lib:/home/zxs/ocs2_ros2_legubiao/ws/install/ocs2_sqp/lib:/home/zxs/ocs2_ros2_legubiao/ws/install/ocs2_ros_interfaces/lib:/home/zxs/ocs2_ros2_legubiao/ws/install/ocs2_centroidal_model/lib:/home/zxs/ocs2_ros2_legubiao/ws/install/ocs2_robotic_tools/lib:/home/zxs/ocs2_ros2_legubiao/ws/install/ocs2_ipm/lib:/home/zxs/ocs2_ros2_legubiao/ws/install/ocs2_ddp/lib:/home/zxs/ocs2_ros2_legubiao/ws/install/ocs2_qp_solver/lib:/home/zxs/ocs2_ros2_legubiao/ws/install/ocs2_mpc/lib:/home/zxs/ocs2_ros2_legubiao/ws/install/ocs2_oc/lib:/home/zxs/ocs2_ros2_legubiao/ws/install/ocs2_core/lib:/usr/lib/x86_64-linux-gnu/gazebo-11/plugins:/opt/ros/humble/opt/rviz_ogre_vendor/lib:/opt/ros/humble/lib/x86_64-linux-gnu:/opt/ros/humble/lib /usr/bin/cmake --install /home/zxs/ocs2_ros2_legubiao/ws/build/humanoid_controllers
