-- The C compiler identification is GNU 12.3.0
-- The CXX compiler identification is GNU 12.3.0
-- Detecting C compiler ABI info
-- Detecting C compiler ABI info - done
-- Check for working C compiler: /usr/bin/cc - skipped
-- Detecting C compile features
-- Detecting C compile features - done
-- Detecting CXX compiler ABI info
-- Detecting CXX compiler ABI info - done
-- Check for working CXX compiler: /usr/bin/c++ - skipped
-- Detecting CXX compile features
-- Detecting CXX compile features - done
-- Found ament_cmake: 1.3.11 (/opt/ros/humble/share/ament_cmake/cmake)
-- Found Python3: /usr/bin/python3 (found version "3.10.13") found components: Interpreter 
-- Override CMake install command with custom implementation using symlinks instead of copying resources
-- Found tf2_ros: 0.25.12 (/opt/ros/humble/share/tf2_ros/cmake)
-- Found rosidl_generator_c: 3.1.6 (/opt/ros/humble/share/rosidl_generator_c/cmake)
-- Found rosidl_adapter: 3.1.6 (/opt/ros/humble/share/rosidl_adapter/cmake)
-- Found rosidl_generator_cpp: 3.1.6 (/opt/ros/humble/share/rosidl_generator_cpp/cmake)
-- Using all available rosidl_typesupport_c: rosidl_typesupport_fastrtps_c;rosidl_typesupport_introspection_c
-- Using all available rosidl_typesupport_cpp: rosidl_typesupport_fastrtps_cpp;rosidl_typesupport_introspection_cpp
-- Found rmw_implementation_cmake: 6.1.2 (/opt/ros/humble/share/rmw_implementation_cmake/cmake)
-- Found rmw_fastrtps_cpp: 6.2.7 (/opt/ros/humble/share/rmw_fastrtps_cpp/cmake)
-- Found OpenSSL: /usr/lib/x86_64-linux-gnu/libcrypto.so (found version "3.0.2")  
-- Found FastRTPS: /opt/ros/humble/include  
-- Using RMW implementation 'rmw_fastrtps_cpp' as default
-- Looking for pthread.h
-- Looking for pthread.h - found
-- Performing Test CMAKE_HAVE_LIBC_PTHREAD
-- Performing Test CMAKE_HAVE_LIBC_PTHREAD - Success
-- Found Threads: TRUE  
-- Found ocs2_legged_robot: 0.0.1 (/home/zxs/ocs2_ros2_legubiao/ws/install/ocs2_legged_robot/share/ocs2_legged_robot/cmake)
-- Found OpenMP_C: -fopenmp (found version "4.5") 
-- Found OpenMP_CXX: -fopenmp (found version "4.5") 
-- Found OpenMP: TRUE (found version "4.5")  
-- Found Boost: /usr/lib/x86_64-linux-gnu/cmake/Boost-1.74.0/BoostConfig.cmake (found version "1.74.0") found components: system filesystem log_setup log 
-- pinocchio_default FOUND. pinocchio_default at /opt/ros/humble/lib/x86_64-linux-gnu/libpinocchio_default.so
-- pinocchio_parsers FOUND. pinocchio_parsers at /opt/ros/humble/lib/x86_64-linux-gnu/libpinocchio_parsers.so
-- boost_filesystem FOUND. boost_filesystem at /lib/x86_64-linux-gnu/libboost_filesystem.so
-- boost_serialization FOUND. boost_serialization at /lib/x86_64-linux-gnu/libboost_serialization.so
-- boost_system FOUND. boost_system at /lib/x86_64-linux-gnu/libboost_system.so
-- eigenpy FOUND. eigenpy at /opt/ros/humble/lib/x86_64-linux-gnu/libeigenpy.so
-- Checking for NumPy
--   NUMPY_INCLUDE_DIRS=/usr/lib/python3/dist-packages/numpy/core/include
--   NUMPY_VERSION=1.21.5
-- Found Python3: /usr/bin/python3 (found version "3.10.13") found components: Interpreter Development.Module NumPy 
-- PythonLibraryDirs: 
-- PythonLibVersionString: 3.10.13
-- Python site lib: lib/python3.10/site-packages
-- Python include dirs: /usr/include/python3.10
-- Checking for NumPy
--   NUMPY_INCLUDE_DIRS=/usr/lib/python3/dist-packages/numpy/core/include
--   NUMPY_VERSION=1.21.5
-- NumPy include dir: /usr/lib/python3/dist-packages/numpy/core/include
-- Found Boost: /usr/include (found version "1.74.0") found components: python310 
-- Default C++ standard: 201703
-- Minimal C++ standard upgraded to 11
-- C++ standard sufficient: Minimal required 11, currently defined: 17
-- hpp-fcl FOUND. hpp-fcl at /opt/ros/humble/lib/x86_64-linux-gnu/libhpp-fcl.so
-- C++ standard sufficient: Minimal required 11, currently defined: 17
-- C++ standard sufficient: Minimal required 11, currently defined: 17
-- coal FOUND. coal at /opt/ros/humble/lib/x86_64-linux-gnu/libcoal.so
-- C++ standard sufficient: Minimal required 11, currently defined: 17
-- Found robot_state_publisher: 3.0.3 (/opt/ros/humble/share/robot_state_publisher/cmake)
-- Found eigen3_cmake_module: 0.1.1 (/opt/ros/humble/share/eigen3_cmake_module/cmake)
-- Found Eigen3: TRUE (found version "3.4.0") 
-- Ensuring Eigen3 include directory is part of orocos-kdl CMake target
-- Found ocs2_ros_interfaces: 0.0.0 (/home/zxs/ocs2_ros2_legubiao/ws/install/ocs2_ros_interfaces/share/ocs2_ros_interfaces/cmake)
-- Found ament_lint_auto: 0.12.12 (/opt/ros/humble/share/ament_lint_auto/cmake)
-- Configuring done
-- Generating done
-- Build files have been written to: /home/zxs/ocs2_ros2_legubiao/ws/build/ocs2_legged_robot_ros
[  6%] [32mBuilding CXX object CMakeFiles/ocs2_legged_robot_ros.dir/src/gait/GaitReceiver.cpp.o[0m
[ 12%] [32mBuilding CXX object CMakeFiles/ocs2_legged_robot_ros.dir/src/gait/GaitKeyboardPublisher.cpp.o[0m
[ 18%] [32mBuilding CXX object CMakeFiles/ocs2_legged_robot_ros.dir/src/visualization/LeggedRobotVisualizer.cpp.o[0m
[ 25%] [32m[1mLinking CXX static library libocs2_legged_robot_ros.a[0m
[ 25%] Built target ocs2_legged_robot_ros
[ 31%] [32mBuilding CXX object CMakeFiles/legged_robot_ipm_mpc.dir/src/LeggedRobotIpmMpcNode.cpp.o[0m
[ 43%] [32mBuilding CXX object CMakeFiles/legged_robot_sqp_mpc.dir/src/LeggedRobotSqpMpcNode.cpp.o[0m
[ 43%] [32mBuilding CXX object CMakeFiles/legged_robot_ddp_mpc.dir/src/LeggedRobotDdpMpcNode.cpp.o[0m
[ 50%] [32mBuilding CXX object CMakeFiles/legged_robot_dummy.dir/src/LeggedRobotDummyNode.cpp.o[0m
[ 56%] [32mBuilding CXX object CMakeFiles/legged_robot_target.dir/src/LeggedRobotPoseCommandNode.cpp.o[0m
[ 62%] [32mBuilding CXX object CMakeFiles/legged_robot_gait_command.dir/src/LeggedRobotGaitCommandNode.cpp.o[0m
[ 68%] [32m[1mLinking CXX executable legged_robot_gait_command[0m
[ 68%] Built target legged_robot_gait_command
[ 75%] [32m[1mLinking CXX executable legged_robot_target[0m
[ 75%] Built target legged_robot_target
[ 81%] [32m[1mLinking CXX executable legged_robot_ipm_mpc[0m
[ 87%] [32m[1mLinking CXX executable legged_robot_sqp_mpc[0m
[ 93%] [32m[1mLinking CXX executable legged_robot_ddp_mpc[0m
[100%] [32m[1mLinking CXX executable legged_robot_dummy[0m
[100%] Built target legged_robot_ipm_mpc
[100%] Built target legged_robot_sqp_mpc
[100%] Built target legged_robot_ddp_mpc
[100%] Built target legged_robot_dummy
-- Install configuration: "Release"
-- Execute custom install script
-- Symlinking: /home/zxs/ocs2_ros2_legubiao/ws/install/ocs2_legged_robot_ros/include/ocs2_legged_robot_ros/ocs2_legged_robot_ros/gait/GaitKeyboardPublisher.h
-- Symlinking: /home/zxs/ocs2_ros2_legubiao/ws/install/ocs2_legged_robot_ros/include/ocs2_legged_robot_ros/ocs2_legged_robot_ros/gait/GaitReceiver.h
-- Symlinking: /home/zxs/ocs2_ros2_legubiao/ws/install/ocs2_legged_robot_ros/include/ocs2_legged_robot_ros/ocs2_legged_robot_ros/gait/ModeSequenceTemplateRos.h
-- Symlinking: /home/zxs/ocs2_ros2_legubiao/ws/install/ocs2_legged_robot_ros/include/ocs2_legged_robot_ros/ocs2_legged_robot_ros/visualization/LeggedRobotVisualizer.h
-- Symlinking: /home/zxs/ocs2_ros2_legubiao/ws/install/ocs2_legged_robot_ros/lib/ocs2_legged_robot_ros/legged_robot_ddp_mpc
-- Symlinking: /home/zxs/ocs2_ros2_legubiao/ws/install/ocs2_legged_robot_ros/lib/ocs2_legged_robot_ros/legged_robot_sqp_mpc
-- Symlinking: /home/zxs/ocs2_ros2_legubiao/ws/install/ocs2_legged_robot_ros/lib/ocs2_legged_robot_ros/legged_robot_ipm_mpc
-- Symlinking: /home/zxs/ocs2_ros2_legubiao/ws/install/ocs2_legged_robot_ros/lib/ocs2_legged_robot_ros/legged_robot_dummy
-- Symlinking: /home/zxs/ocs2_ros2_legubiao/ws/install/ocs2_legged_robot_ros/lib/ocs2_legged_robot_ros/legged_robot_target
-- Symlinking: /home/zxs/ocs2_ros2_legubiao/ws/install/ocs2_legged_robot_ros/lib/ocs2_legged_robot_ros/legged_robot_gait_command
-- Symlinking: /home/zxs/ocs2_ros2_legubiao/ws/install/ocs2_legged_robot_ros/share/ocs2_legged_robot_ros//launch/basic.launch.py
-- Symlinking: /home/zxs/ocs2_ros2_legubiao/ws/install/ocs2_legged_robot_ros/share/ocs2_legged_robot_ros//launch/dummy.launch.py
-- Symlinking: /home/zxs/ocs2_ros2_legubiao/ws/install/ocs2_legged_robot_ros/share/ocs2_legged_robot_ros//launch/gait_command.launch.py
-- Symlinking: /home/zxs/ocs2_ros2_legubiao/ws/install/ocs2_legged_robot_ros/share/ocs2_legged_robot_ros//launch/legged_robot_ddp.launch.py
-- Symlinking: /home/zxs/ocs2_ros2_legubiao/ws/install/ocs2_legged_robot_ros/share/ocs2_legged_robot_ros//launch/legged_robot_ipm.launch.py
-- Symlinking: /home/zxs/ocs2_ros2_legubiao/ws/install/ocs2_legged_robot_ros/share/ocs2_legged_robot_ros//launch/legged_robot_sqp.launch.py
-- Symlinking: /home/zxs/ocs2_ros2_legubiao/ws/install/ocs2_legged_robot_ros/share/ocs2_legged_robot_ros//launch/mpc_ddp.launch.py
-- Symlinking: /home/zxs/ocs2_ros2_legubiao/ws/install/ocs2_legged_robot_ros/share/ocs2_legged_robot_ros//launch/multiplot.launch
-- Symlinking: /home/zxs/ocs2_ros2_legubiao/ws/install/ocs2_legged_robot_ros/share/ocs2_legged_robot_ros//launch/multiplot.launch.py
-- Symlinking: /home/zxs/ocs2_ros2_legubiao/ws/install/ocs2_legged_robot_ros/share/ocs2_legged_robot_ros//launch/robot_target.launch.py
-- Symlinking: /home/zxs/ocs2_ros2_legubiao/ws/install/ocs2_legged_robot_ros/share/ocs2_legged_robot_ros//rviz/legged_robot.rviz
-- Symlinking: /home/zxs/ocs2_ros2_legubiao/ws/install/ocs2_legged_robot_ros/share/ocs2_legged_robot_ros/environment/library_path.sh
-- Symlinking: /home/zxs/ocs2_ros2_legubiao/ws/install/ocs2_legged_robot_ros/share/ocs2_legged_robot_ros/environment/library_path.dsv
-- Symlinking: /home/zxs/ocs2_ros2_legubiao/ws/install/ocs2_legged_robot_ros/share/ament_index/resource_index/package_run_dependencies/ocs2_legged_robot_ros
-- Symlinking: /home/zxs/ocs2_ros2_legubiao/ws/install/ocs2_legged_robot_ros/share/ament_index/resource_index/parent_prefix_path/ocs2_legged_robot_ros
-- Symlinking: /home/zxs/ocs2_ros2_legubiao/ws/install/ocs2_legged_robot_ros/share/ocs2_legged_robot_ros/environment/ament_prefix_path.sh
-- Symlinking: /home/zxs/ocs2_ros2_legubiao/ws/install/ocs2_legged_robot_ros/share/ocs2_legged_robot_ros/environment/ament_prefix_path.dsv
-- Symlinking: /home/zxs/ocs2_ros2_legubiao/ws/install/ocs2_legged_robot_ros/share/ocs2_legged_robot_ros/environment/path.sh
-- Symlinking: /home/zxs/ocs2_ros2_legubiao/ws/install/ocs2_legged_robot_ros/share/ocs2_legged_robot_ros/environment/path.dsv
-- Symlinking: /home/zxs/ocs2_ros2_legubiao/ws/install/ocs2_legged_robot_ros/share/ocs2_legged_robot_ros/local_setup.bash
-- Symlinking: /home/zxs/ocs2_ros2_legubiao/ws/install/ocs2_legged_robot_ros/share/ocs2_legged_robot_ros/local_setup.sh
-- Symlinking: /home/zxs/ocs2_ros2_legubiao/ws/install/ocs2_legged_robot_ros/share/ocs2_legged_robot_ros/local_setup.zsh
-- Symlinking: /home/zxs/ocs2_ros2_legubiao/ws/install/ocs2_legged_robot_ros/share/ocs2_legged_robot_ros/local_setup.dsv
-- Symlinking: /home/zxs/ocs2_ros2_legubiao/ws/install/ocs2_legged_robot_ros/share/ocs2_legged_robot_ros/package.dsv
-- Symlinking: /home/zxs/ocs2_ros2_legubiao/ws/install/ocs2_legged_robot_ros/share/ament_index/resource_index/packages/ocs2_legged_robot_ros
-- Symlinking: /home/zxs/ocs2_ros2_legubiao/ws/install/ocs2_legged_robot_ros/share/ocs2_legged_robot_ros/cmake/ament_cmake_export_dependencies-extras.cmake
-- Symlinking: /home/zxs/ocs2_ros2_legubiao/ws/install/ocs2_legged_robot_ros/share/ocs2_legged_robot_ros/cmake/ament_cmake_export_targets-extras.cmake
-- Symlinking: /home/zxs/ocs2_ros2_legubiao/ws/install/ocs2_legged_robot_ros/share/ocs2_legged_robot_ros/cmake/ocs2_legged_robot_rosConfig.cmake
-- Symlinking: /home/zxs/ocs2_ros2_legubiao/ws/install/ocs2_legged_robot_ros/share/ocs2_legged_robot_ros/cmake/ocs2_legged_robot_rosConfig-version.cmake
-- Symlinking: /home/zxs/ocs2_ros2_legubiao/ws/install/ocs2_legged_robot_ros/share/ocs2_legged_robot_ros/package.xml
-- Installing: /home/zxs/ocs2_ros2_legubiao/ws/install/ocs2_legged_robot_ros/lib/libocs2_legged_robot_ros.a
-- Installing: /home/zxs/ocs2_ros2_legubiao/ws/install/ocs2_legged_robot_ros/share/ocs2_legged_robot_ros/cmake/export_ocs2_legged_robot_rosExport.cmake
-- Installing: /home/zxs/ocs2_ros2_legubiao/ws/install/ocs2_legged_robot_ros/share/ocs2_legged_robot_ros/cmake/export_ocs2_legged_robot_rosExport-release.cmake
