[0.023s] Invoking command in '/home/zxs/ocs2_ros2_legubiao/ws/build/ocs2_legged_robot_ros': AMENT_PREFIX_PATH=/home/zxs/ocs2_ros2_legubiao/ws/install/ocs2_legged_robot:/home/zxs/ocs2_ros2_legubiao/ws/install/ocs2_sqp:/home/zxs/ocs2_ros2_legubiao/ws/install/ocs2_ipm:/home/zxs/ocs2_ros2_legubiao/ws/install/ocs2_centroidal_model:/home/zxs/ocs2_ros2_legubiao/ws/install/ocs2_ros_interfaces:/home/zxs/ocs2_ros2_legubiao/ws/install/ocs2_pinocchio_interface:/home/zxs/ocs2_ros2_legubiao/ws/install/ocs2_ddp:/home/zxs/ocs2_ros2_legubiao/ws/install/hpipm_colcon:/home/zxs/ocs2_ros2_legubiao/ws/install/ocs2_robotic_tools:/home/zxs/ocs2_ros2_legubiao/ws/install/ocs2_qp_solver:/home/zxs/ocs2_ros2_legubiao/ws/install/ocs2_mpc:/home/zxs/ocs2_ros2_legubiao/ws/install/ocs2_oc:/home/zxs/ocs2_ros2_legubiao/ws/install/ocs2_core:/home/zxs/ocs2_ros2_legubiao/ws/install/ocs2_thirdparty:/home/zxs/ocs2_ros2_legubiao/ws/install/ocs2_robotic_assets:/home/zxs/ocs2_ros2_legubiao/ws/install/ocs2_msgs:/home/zxs/ocs2_ros2_legubiao/ws/install/blasfeo_colcon:${AMENT_PREFIX_PATH} CMAKE_PREFIX_PATH=/home/zxs/ocs2_ros2_legubiao/ws/install/ocs2_legged_robot:/home/zxs/ocs2_ros2_legubiao/ws/install/ocs2_sqp:/home/zxs/ocs2_ros2_legubiao/ws/install/ocs2_ipm:/home/zxs/ocs2_ros2_legubiao/ws/install/ocs2_centroidal_model:/home/zxs/ocs2_ros2_legubiao/ws/install/ocs2_ros_interfaces:/home/zxs/ocs2_ros2_legubiao/ws/install/ocs2_pinocchio_interface:/home/zxs/ocs2_ros2_legubiao/ws/install/ocs2_ddp:/home/zxs/ocs2_ros2_legubiao/ws/install/hpipm_colcon:/home/zxs/ocs2_ros2_legubiao/ws/install/ocs2_robotic_tools:/home/zxs/ocs2_ros2_legubiao/ws/install/ocs2_qp_solver:/home/zxs/ocs2_ros2_legubiao/ws/install/ocs2_mpc:/home/zxs/ocs2_ros2_legubiao/ws/install/ocs2_oc:/home/zxs/ocs2_ros2_legubiao/ws/install/ocs2_core:/home/zxs/ocs2_ros2_legubiao/ws/install/ocs2_thirdparty:/home/zxs/ocs2_ros2_legubiao/ws/install/ocs2_robotic_assets:/home/zxs/ocs2_ros2_legubiao/ws/install/ocs2_msgs:/home/zxs/ocs2_ros2_legubiao/ws/install/blasfeo_colcon:/opt/ros/humble LD_LIBRARY_PATH=/home/zxs/ocs2_ros2_legubiao/ws/install/ocs2_legged_robot/lib:/home/zxs/ocs2_ros2_legubiao/ws/install/ocs2_sqp/lib:/home/zxs/ocs2_ros2_legubiao/ws/install/ocs2_ipm/lib:/home/zxs/ocs2_ros2_legubiao/ws/install/ocs2_centroidal_model/lib:/home/zxs/ocs2_ros2_legubiao/ws/install/ocs2_ros_interfaces/lib:/home/zxs/ocs2_ros2_legubiao/ws/install/ocs2_pinocchio_interface/lib:/home/zxs/ocs2_ros2_legubiao/ws/install/ocs2_ddp/lib:/home/zxs/ocs2_ros2_legubiao/ws/install/hpipm_colcon/lib:/home/zxs/ocs2_ros2_legubiao/ws/install/ocs2_robotic_tools/lib:/home/zxs/ocs2_ros2_legubiao/ws/install/ocs2_qp_solver/lib:/home/zxs/ocs2_ros2_legubiao/ws/install/ocs2_mpc/lib:/home/zxs/ocs2_ros2_legubiao/ws/install/ocs2_oc/lib:/home/zxs/ocs2_ros2_legubiao/ws/install/ocs2_core/lib:/home/zxs/ocs2_ros2_legubiao/ws/install/ocs2_msgs/lib:/home/zxs/ocs2_ros2_legubiao/ws/install/blasfeo_colcon/lib:${LD_LIBRARY_PATH} PYTHONPATH=/home/zxs/ocs2_ros2_legubiao/ws/install/ocs2_msgs/local/lib/python3.10/dist-packages:${PYTHONPATH} /usr/bin/cmake /home/zxs/ocs2_ros2_legubiao/ws/src/ocs2_ros2/basic examples/ocs2_legged_robot_ros -DAMENT_CMAKE_SYMLINK_INSTALL=1 -DCMAKE_INSTALL_PREFIX=/home/zxs/ocs2_ros2_legubiao/ws/install/ocs2_legged_robot_ros
[0.058s] -- The C compiler identification is GNU 12.3.0
[0.088s] -- The CXX compiler identification is GNU 12.3.0
[0.091s] -- Detecting C compiler ABI info
[0.134s] -- Detecting C compiler ABI info - done
[0.137s] -- Check for working C compiler: /usr/bin/cc - skipped
[0.138s] -- Detecting C compile features
[0.138s] -- Detecting C compile features - done
[0.139s] -- Detecting CXX compiler ABI info
[0.184s] -- Detecting CXX compiler ABI info - done
[0.187s] -- Check for working CXX compiler: /usr/bin/c++ - skipped
[0.188s] -- Detecting CXX compile features
[0.188s] -- Detecting CXX compile features - done
[0.189s] -- Found ament_cmake: 1.3.11 (/opt/ros/humble/share/ament_cmake/cmake)
[0.271s] -- Found Python3: /usr/bin/python3 (found version "3.10.13") found components: Interpreter 
[0.302s] -- Override CMake install command with custom implementation using symlinks instead of copying resources
[0.323s] -- Found tf2_ros: 0.25.12 (/opt/ros/humble/share/tf2_ros/cmake)
[0.346s] -- Found rosidl_generator_c: 3.1.6 (/opt/ros/humble/share/rosidl_generator_c/cmake)
[0.350s] -- Found rosidl_adapter: 3.1.6 (/opt/ros/humble/share/rosidl_adapter/cmake)
[0.355s] -- Found rosidl_generator_cpp: 3.1.6 (/opt/ros/humble/share/rosidl_generator_cpp/cmake)
[0.361s] -- Using all available rosidl_typesupport_c: rosidl_typesupport_fastrtps_c;rosidl_typesupport_introspection_c
[0.370s] -- Using all available rosidl_typesupport_cpp: rosidl_typesupport_fastrtps_cpp;rosidl_typesupport_introspection_cpp
[0.423s] -- Found rmw_implementation_cmake: 6.1.2 (/opt/ros/humble/share/rmw_implementation_cmake/cmake)
[0.425s] -- Found rmw_fastrtps_cpp: 6.2.7 (/opt/ros/humble/share/rmw_fastrtps_cpp/cmake)
[0.478s] -- Found OpenSSL: /usr/lib/x86_64-linux-gnu/libcrypto.so (found version "3.0.2")  
[0.493s] -- Found FastRTPS: /opt/ros/humble/include  
[0.515s] -- Using RMW implementation 'rmw_fastrtps_cpp' as default
[0.520s] -- Looking for pthread.h
[0.564s] -- Looking for pthread.h - found
[0.564s] -- Performing Test CMAKE_HAVE_LIBC_PTHREAD
[0.605s] -- Performing Test CMAKE_HAVE_LIBC_PTHREAD - Success
[0.606s] -- Found Threads: TRUE  
[0.689s] -- Found ocs2_legged_robot: 0.0.1 (/home/zxs/ocs2_ros2_legubiao/ws/install/ocs2_legged_robot/share/ocs2_legged_robot/cmake)
[0.842s] -- Found OpenMP_C: -fopenmp (found version "4.5") 
[0.892s] -- Found OpenMP_CXX: -fopenmp (found version "4.5") 
[0.892s] -- Found OpenMP: TRUE (found version "4.5")  
[0.912s] -- Found Boost: /usr/lib/x86_64-linux-gnu/cmake/Boost-1.74.0/BoostConfig.cmake (found version "1.74.0") found components: system filesystem log_setup log 
[0.928s] -- pinocchio_default FOUND. pinocchio_default at /opt/ros/humble/lib/x86_64-linux-gnu/libpinocchio_default.so
[0.928s] -- pinocchio_parsers FOUND. pinocchio_parsers at /opt/ros/humble/lib/x86_64-linux-gnu/libpinocchio_parsers.so
[0.929s] -- boost_filesystem FOUND. boost_filesystem at /lib/x86_64-linux-gnu/libboost_filesystem.so
[0.929s] -- boost_serialization FOUND. boost_serialization at /lib/x86_64-linux-gnu/libboost_serialization.so
[0.929s] -- boost_system FOUND. boost_system at /lib/x86_64-linux-gnu/libboost_system.so
[0.941s] -- eigenpy FOUND. eigenpy at /opt/ros/humble/lib/x86_64-linux-gnu/libeigenpy.so
[0.953s] -- Checking for NumPy
[1.053s] --   NUMPY_INCLUDE_DIRS=/usr/lib/python3/dist-packages/numpy/core/include
[1.106s] --   NUMPY_VERSION=1.21.5
[1.234s] -- Found Python3: /usr/bin/python3 (found version "3.10.13") found components: Interpreter Development.Module NumPy 
[1.234s] -- PythonLibraryDirs: 
[1.234s] -- PythonLibVersionString: 3.10.13
[1.245s] -- Python site lib: lib/python3.10/site-packages
[1.245s] -- Python include dirs: /usr/include/python3.10
[1.266s] -- Checking for NumPy
[1.316s] --   NUMPY_INCLUDE_DIRS=/usr/lib/python3/dist-packages/numpy/core/include
[1.366s] --   NUMPY_VERSION=1.21.5
[1.366s] -- NumPy include dir: /usr/lib/python3/dist-packages/numpy/core/include
[1.368s] [33mCMake Warning at /usr/share/cmake-3.22/Modules/FindBoost.cmake:2201 (message):
[1.368s]   No header defined for python310; skipping header check (note: header-only
[1.368s]   libraries have no designated component)
[1.368s] Call Stack (most recent call first):
[1.368s]   /opt/ros/humble/lib/x86_64-linux-gnu/cmake/eigenpy/boost.cmake:148 (find_package)
[1.368s]   /opt/ros/humble/lib/x86_64-linux-gnu/cmake/eigenpy/eigenpyConfig.cmake:149 (SEARCH_FOR_BOOST_PYTHON)
[1.368s]   /usr/share/cmake-3.22/Modules/CMakeFindDependencyMacro.cmake:47 (find_package)
[1.368s]   /opt/ros/humble/lib/x86_64-linux-gnu/cmake/pinocchio/pinocchioConfig.cmake:161 (find_dependency)
[1.368s]   /home/zxs/ocs2_ros2_legubiao/ws/install/ocs2_pinocchio_interface/share/ocs2_pinocchio_interface/cmake/ament_cmake_export_dependencies-extras.cmake:21 (find_package)
[1.368s]   /home/zxs/ocs2_ros2_legubiao/ws/install/ocs2_pinocchio_interface/share/ocs2_pinocchio_interface/cmake/ocs2_pinocchio_interfaceConfig.cmake:41 (include)
[1.368s]   /home/zxs/ocs2_ros2_legubiao/ws/install/ocs2_centroidal_model/share/ocs2_centroidal_model/cmake/ament_cmake_export_dependencies-extras.cmake:21 (find_package)
[1.368s]   /home/zxs/ocs2_ros2_legubiao/ws/install/ocs2_centroidal_model/share/ocs2_centroidal_model/cmake/ocs2_centroidal_modelConfig.cmake:41 (include)
[1.368s]   /home/zxs/ocs2_ros2_legubiao/ws/install/ocs2_legged_robot/share/ocs2_legged_robot/cmake/ament_cmake_export_dependencies-extras.cmake:21 (find_package)
[1.368s]   /home/zxs/ocs2_ros2_legubiao/ws/install/ocs2_legged_robot/share/ocs2_legged_robot/cmake/ocs2_legged_robotConfig.cmake:41 (include)
[1.368s]   CMakeLists.txt:17 (find_package)
[1.368s] 
[1.369s] [0m
[1.370s] -- Found Boost: /usr/include (found version "1.74.0") found components: python310 
[1.539s] -- Default C++ standard: 201703
[1.539s] -- Minimal C++ standard upgraded to 11
[1.539s] -- C++ standard sufficient: Minimal required 11, currently defined: 17
[1.541s] -- hpp-fcl FOUND. hpp-fcl at /opt/ros/humble/lib/x86_64-linux-gnu/libhpp-fcl.so
[1.548s] -- C++ standard sufficient: Minimal required 11, currently defined: 17
[1.548s] -- C++ standard sufficient: Minimal required 11, currently defined: 17
[1.550s] -- coal FOUND. coal at /opt/ros/humble/lib/x86_64-linux-gnu/libcoal.so
[1.560s] -- C++ standard sufficient: Minimal required 11, currently defined: 17
[1.564s] -- Found robot_state_publisher: 3.0.3 (/opt/ros/humble/share/robot_state_publisher/cmake)
[1.573s] -- Found eigen3_cmake_module: 0.1.1 (/opt/ros/humble/share/eigen3_cmake_module/cmake)
[1.574s] -- Found Eigen3: TRUE (found version "3.4.0") 
[1.574s] -- Ensuring Eigen3 include directory is part of orocos-kdl CMake target
[1.603s] -- Found ocs2_ros_interfaces: 0.0.0 (/home/zxs/ocs2_ros2_legubiao/ws/install/ocs2_ros_interfaces/share/ocs2_ros_interfaces/cmake)
[1.639s] -- Found ament_lint_auto: 0.12.12 (/opt/ros/humble/share/ament_lint_auto/cmake)
[1.677s] -- Configuring done
[1.707s] -- Generating done
[1.717s] -- Build files have been written to: /home/zxs/ocs2_ros2_legubiao/ws/build/ocs2_legged_robot_ros
[1.724s] Invoked command in '/home/zxs/ocs2_ros2_legubiao/ws/build/ocs2_legged_robot_ros' returned '0': AMENT_PREFIX_PATH=/home/zxs/ocs2_ros2_legubiao/ws/install/ocs2_legged_robot:/home/zxs/ocs2_ros2_legubiao/ws/install/ocs2_sqp:/home/zxs/ocs2_ros2_legubiao/ws/install/ocs2_ipm:/home/zxs/ocs2_ros2_legubiao/ws/install/ocs2_centroidal_model:/home/zxs/ocs2_ros2_legubiao/ws/install/ocs2_ros_interfaces:/home/zxs/ocs2_ros2_legubiao/ws/install/ocs2_pinocchio_interface:/home/zxs/ocs2_ros2_legubiao/ws/install/ocs2_ddp:/home/zxs/ocs2_ros2_legubiao/ws/install/hpipm_colcon:/home/zxs/ocs2_ros2_legubiao/ws/install/ocs2_robotic_tools:/home/zxs/ocs2_ros2_legubiao/ws/install/ocs2_qp_solver:/home/zxs/ocs2_ros2_legubiao/ws/install/ocs2_mpc:/home/zxs/ocs2_ros2_legubiao/ws/install/ocs2_oc:/home/zxs/ocs2_ros2_legubiao/ws/install/ocs2_core:/home/zxs/ocs2_ros2_legubiao/ws/install/ocs2_thirdparty:/home/zxs/ocs2_ros2_legubiao/ws/install/ocs2_robotic_assets:/home/zxs/ocs2_ros2_legubiao/ws/install/ocs2_msgs:/home/zxs/ocs2_ros2_legubiao/ws/install/blasfeo_colcon:${AMENT_PREFIX_PATH} CMAKE_PREFIX_PATH=/home/zxs/ocs2_ros2_legubiao/ws/install/ocs2_legged_robot:/home/zxs/ocs2_ros2_legubiao/ws/install/ocs2_sqp:/home/zxs/ocs2_ros2_legubiao/ws/install/ocs2_ipm:/home/zxs/ocs2_ros2_legubiao/ws/install/ocs2_centroidal_model:/home/zxs/ocs2_ros2_legubiao/ws/install/ocs2_ros_interfaces:/home/zxs/ocs2_ros2_legubiao/ws/install/ocs2_pinocchio_interface:/home/zxs/ocs2_ros2_legubiao/ws/install/ocs2_ddp:/home/zxs/ocs2_ros2_legubiao/ws/install/hpipm_colcon:/home/zxs/ocs2_ros2_legubiao/ws/install/ocs2_robotic_tools:/home/zxs/ocs2_ros2_legubiao/ws/install/ocs2_qp_solver:/home/zxs/ocs2_ros2_legubiao/ws/install/ocs2_mpc:/home/zxs/ocs2_ros2_legubiao/ws/install/ocs2_oc:/home/zxs/ocs2_ros2_legubiao/ws/install/ocs2_core:/home/zxs/ocs2_ros2_legubiao/ws/install/ocs2_thirdparty:/home/zxs/ocs2_ros2_legubiao/ws/install/ocs2_robotic_assets:/home/zxs/ocs2_ros2_legubiao/ws/install/ocs2_msgs:/home/zxs/ocs2_ros2_legubiao/ws/install/blasfeo_colcon:/opt/ros/humble LD_LIBRARY_PATH=/home/zxs/ocs2_ros2_legubiao/ws/install/ocs2_legged_robot/lib:/home/zxs/ocs2_ros2_legubiao/ws/install/ocs2_sqp/lib:/home/zxs/ocs2_ros2_legubiao/ws/install/ocs2_ipm/lib:/home/zxs/ocs2_ros2_legubiao/ws/install/ocs2_centroidal_model/lib:/home/zxs/ocs2_ros2_legubiao/ws/install/ocs2_ros_interfaces/lib:/home/zxs/ocs2_ros2_legubiao/ws/install/ocs2_pinocchio_interface/lib:/home/zxs/ocs2_ros2_legubiao/ws/install/ocs2_ddp/lib:/home/zxs/ocs2_ros2_legubiao/ws/install/hpipm_colcon/lib:/home/zxs/ocs2_ros2_legubiao/ws/install/ocs2_robotic_tools/lib:/home/zxs/ocs2_ros2_legubiao/ws/install/ocs2_qp_solver/lib:/home/zxs/ocs2_ros2_legubiao/ws/install/ocs2_mpc/lib:/home/zxs/ocs2_ros2_legubiao/ws/install/ocs2_oc/lib:/home/zxs/ocs2_ros2_legubiao/ws/install/ocs2_core/lib:/home/zxs/ocs2_ros2_legubiao/ws/install/ocs2_msgs/lib:/home/zxs/ocs2_ros2_legubiao/ws/install/blasfeo_colcon/lib:${LD_LIBRARY_PATH} PYTHONPATH=/home/zxs/ocs2_ros2_legubiao/ws/install/ocs2_msgs/local/lib/python3.10/dist-packages:${PYTHONPATH} /usr/bin/cmake /home/zxs/ocs2_ros2_legubiao/ws/src/ocs2_ros2/basic examples/ocs2_legged_robot_ros -DAMENT_CMAKE_SYMLINK_INSTALL=1 -DCMAKE_INSTALL_PREFIX=/home/zxs/ocs2_ros2_legubiao/ws/install/ocs2_legged_robot_ros
[1.725s] Invoking command in '/home/zxs/ocs2_ros2_legubiao/ws/build/ocs2_legged_robot_ros': AMENT_PREFIX_PATH=/home/zxs/ocs2_ros2_legubiao/ws/install/ocs2_legged_robot:/home/zxs/ocs2_ros2_legubiao/ws/install/ocs2_sqp:/home/zxs/ocs2_ros2_legubiao/ws/install/ocs2_ipm:/home/zxs/ocs2_ros2_legubiao/ws/install/ocs2_centroidal_model:/home/zxs/ocs2_ros2_legubiao/ws/install/ocs2_ros_interfaces:/home/zxs/ocs2_ros2_legubiao/ws/install/ocs2_pinocchio_interface:/home/zxs/ocs2_ros2_legubiao/ws/install/ocs2_ddp:/home/zxs/ocs2_ros2_legubiao/ws/install/hpipm_colcon:/home/zxs/ocs2_ros2_legubiao/ws/install/ocs2_robotic_tools:/home/zxs/ocs2_ros2_legubiao/ws/install/ocs2_qp_solver:/home/zxs/ocs2_ros2_legubiao/ws/install/ocs2_mpc:/home/zxs/ocs2_ros2_legubiao/ws/install/ocs2_oc:/home/zxs/ocs2_ros2_legubiao/ws/install/ocs2_core:/home/zxs/ocs2_ros2_legubiao/ws/install/ocs2_thirdparty:/home/zxs/ocs2_ros2_legubiao/ws/install/ocs2_robotic_assets:/home/zxs/ocs2_ros2_legubiao/ws/install/ocs2_msgs:/home/zxs/ocs2_ros2_legubiao/ws/install/blasfeo_colcon:${AMENT_PREFIX_PATH} CMAKE_PREFIX_PATH=/home/zxs/ocs2_ros2_legubiao/ws/install/ocs2_legged_robot:/home/zxs/ocs2_ros2_legubiao/ws/install/ocs2_sqp:/home/zxs/ocs2_ros2_legubiao/ws/install/ocs2_ipm:/home/zxs/ocs2_ros2_legubiao/ws/install/ocs2_centroidal_model:/home/zxs/ocs2_ros2_legubiao/ws/install/ocs2_ros_interfaces:/home/zxs/ocs2_ros2_legubiao/ws/install/ocs2_pinocchio_interface:/home/zxs/ocs2_ros2_legubiao/ws/install/ocs2_ddp:/home/zxs/ocs2_ros2_legubiao/ws/install/hpipm_colcon:/home/zxs/ocs2_ros2_legubiao/ws/install/ocs2_robotic_tools:/home/zxs/ocs2_ros2_legubiao/ws/install/ocs2_qp_solver:/home/zxs/ocs2_ros2_legubiao/ws/install/ocs2_mpc:/home/zxs/ocs2_ros2_legubiao/ws/install/ocs2_oc:/home/zxs/ocs2_ros2_legubiao/ws/install/ocs2_core:/home/zxs/ocs2_ros2_legubiao/ws/install/ocs2_thirdparty:/home/zxs/ocs2_ros2_legubiao/ws/install/ocs2_robotic_assets:/home/zxs/ocs2_ros2_legubiao/ws/install/ocs2_msgs:/home/zxs/ocs2_ros2_legubiao/ws/install/blasfeo_colcon:/opt/ros/humble LD_LIBRARY_PATH=/home/zxs/ocs2_ros2_legubiao/ws/install/ocs2_legged_robot/lib:/home/zxs/ocs2_ros2_legubiao/ws/install/ocs2_sqp/lib:/home/zxs/ocs2_ros2_legubiao/ws/install/ocs2_ipm/lib:/home/zxs/ocs2_ros2_legubiao/ws/install/ocs2_centroidal_model/lib:/home/zxs/ocs2_ros2_legubiao/ws/install/ocs2_ros_interfaces/lib:/home/zxs/ocs2_ros2_legubiao/ws/install/ocs2_pinocchio_interface/lib:/home/zxs/ocs2_ros2_legubiao/ws/install/ocs2_ddp/lib:/home/zxs/ocs2_ros2_legubiao/ws/install/hpipm_colcon/lib:/home/zxs/ocs2_ros2_legubiao/ws/install/ocs2_robotic_tools/lib:/home/zxs/ocs2_ros2_legubiao/ws/install/ocs2_qp_solver/lib:/home/zxs/ocs2_ros2_legubiao/ws/install/ocs2_mpc/lib:/home/zxs/ocs2_ros2_legubiao/ws/install/ocs2_oc/lib:/home/zxs/ocs2_ros2_legubiao/ws/install/ocs2_core/lib:/home/zxs/ocs2_ros2_legubiao/ws/install/ocs2_msgs/lib:/home/zxs/ocs2_ros2_legubiao/ws/install/blasfeo_colcon/lib:${LD_LIBRARY_PATH} PYTHONPATH=/home/zxs/ocs2_ros2_legubiao/ws/install/ocs2_msgs/local/lib/python3.10/dist-packages:${PYTHONPATH} /usr/bin/cmake --build /home/zxs/ocs2_ros2_legubiao/ws/build/ocs2_legged_robot_ros -- -j28 -l28
[1.758s] [  6%] [32mBuilding CXX object CMakeFiles/ocs2_legged_robot_ros.dir/src/gait/GaitReceiver.cpp.o[0m
[1.759s] [ 12%] [32mBuilding CXX object CMakeFiles/ocs2_legged_robot_ros.dir/src/gait/GaitKeyboardPublisher.cpp.o[0m
[1.760s] [ 18%] [32mBuilding CXX object CMakeFiles/ocs2_legged_robot_ros.dir/src/visualization/LeggedRobotVisualizer.cpp.o[0m
[14.626s] [ 25%] [32m[1mLinking CXX static library libocs2_legged_robot_ros.a[0m
[14.673s] [ 25%] Built target ocs2_legged_robot_ros
[14.686s] [ 31%] [32mBuilding CXX object CMakeFiles/legged_robot_ipm_mpc.dir/src/LeggedRobotIpmMpcNode.cpp.o[0m
[14.687s] [ 43%] [32mBuilding CXX object CMakeFiles/legged_robot_sqp_mpc.dir/src/LeggedRobotSqpMpcNode.cpp.o[0m
[14.687s] [ 43%] [32mBuilding CXX object CMakeFiles/legged_robot_ddp_mpc.dir/src/LeggedRobotDdpMpcNode.cpp.o[0m
[14.688s] [ 50%] [32mBuilding CXX object CMakeFiles/legged_robot_dummy.dir/src/LeggedRobotDummyNode.cpp.o[0m
[14.688s] [ 56%] [32mBuilding CXX object CMakeFiles/legged_robot_target.dir/src/LeggedRobotPoseCommandNode.cpp.o[0m
[14.688s] [ 62%] [32mBuilding CXX object CMakeFiles/legged_robot_gait_command.dir/src/LeggedRobotGaitCommandNode.cpp.o[0m
[16.733s] [ 68%] [32m[1mLinking CXX executable legged_robot_gait_command[0m
[16.839s] [ 68%] Built target legged_robot_gait_command
[18.142s] [ 75%] [32m[1mLinking CXX executable legged_robot_target[0m
[18.253s] [ 75%] Built target legged_robot_target
[19.320s] [ 81%] [32m[1mLinking CXX executable legged_robot_ipm_mpc[0m
[19.358s] [ 87%] [32m[1mLinking CXX executable legged_robot_sqp_mpc[0m
[19.359s] [ 93%] [32m[1mLinking CXX executable legged_robot_ddp_mpc[0m
[19.517s] [100%] [32m[1mLinking CXX executable legged_robot_dummy[0m
[19.597s] [100%] Built target legged_robot_ipm_mpc
[19.644s] [100%] Built target legged_robot_sqp_mpc
[19.647s] [100%] Built target legged_robot_ddp_mpc
[19.760s] [100%] Built target legged_robot_dummy
[19.769s] Invoked command in '/home/zxs/ocs2_ros2_legubiao/ws/build/ocs2_legged_robot_ros' returned '0': AMENT_PREFIX_PATH=/home/zxs/ocs2_ros2_legubiao/ws/install/ocs2_legged_robot:/home/zxs/ocs2_ros2_legubiao/ws/install/ocs2_sqp:/home/zxs/ocs2_ros2_legubiao/ws/install/ocs2_ipm:/home/zxs/ocs2_ros2_legubiao/ws/install/ocs2_centroidal_model:/home/zxs/ocs2_ros2_legubiao/ws/install/ocs2_ros_interfaces:/home/zxs/ocs2_ros2_legubiao/ws/install/ocs2_pinocchio_interface:/home/zxs/ocs2_ros2_legubiao/ws/install/ocs2_ddp:/home/zxs/ocs2_ros2_legubiao/ws/install/hpipm_colcon:/home/zxs/ocs2_ros2_legubiao/ws/install/ocs2_robotic_tools:/home/zxs/ocs2_ros2_legubiao/ws/install/ocs2_qp_solver:/home/zxs/ocs2_ros2_legubiao/ws/install/ocs2_mpc:/home/zxs/ocs2_ros2_legubiao/ws/install/ocs2_oc:/home/zxs/ocs2_ros2_legubiao/ws/install/ocs2_core:/home/zxs/ocs2_ros2_legubiao/ws/install/ocs2_thirdparty:/home/zxs/ocs2_ros2_legubiao/ws/install/ocs2_robotic_assets:/home/zxs/ocs2_ros2_legubiao/ws/install/ocs2_msgs:/home/zxs/ocs2_ros2_legubiao/ws/install/blasfeo_colcon:${AMENT_PREFIX_PATH} CMAKE_PREFIX_PATH=/home/zxs/ocs2_ros2_legubiao/ws/install/ocs2_legged_robot:/home/zxs/ocs2_ros2_legubiao/ws/install/ocs2_sqp:/home/zxs/ocs2_ros2_legubiao/ws/install/ocs2_ipm:/home/zxs/ocs2_ros2_legubiao/ws/install/ocs2_centroidal_model:/home/zxs/ocs2_ros2_legubiao/ws/install/ocs2_ros_interfaces:/home/zxs/ocs2_ros2_legubiao/ws/install/ocs2_pinocchio_interface:/home/zxs/ocs2_ros2_legubiao/ws/install/ocs2_ddp:/home/zxs/ocs2_ros2_legubiao/ws/install/hpipm_colcon:/home/zxs/ocs2_ros2_legubiao/ws/install/ocs2_robotic_tools:/home/zxs/ocs2_ros2_legubiao/ws/install/ocs2_qp_solver:/home/zxs/ocs2_ros2_legubiao/ws/install/ocs2_mpc:/home/zxs/ocs2_ros2_legubiao/ws/install/ocs2_oc:/home/zxs/ocs2_ros2_legubiao/ws/install/ocs2_core:/home/zxs/ocs2_ros2_legubiao/ws/install/ocs2_thirdparty:/home/zxs/ocs2_ros2_legubiao/ws/install/ocs2_robotic_assets:/home/zxs/ocs2_ros2_legubiao/ws/install/ocs2_msgs:/home/zxs/ocs2_ros2_legubiao/ws/install/blasfeo_colcon:/opt/ros/humble LD_LIBRARY_PATH=/home/zxs/ocs2_ros2_legubiao/ws/install/ocs2_legged_robot/lib:/home/zxs/ocs2_ros2_legubiao/ws/install/ocs2_sqp/lib:/home/zxs/ocs2_ros2_legubiao/ws/install/ocs2_ipm/lib:/home/zxs/ocs2_ros2_legubiao/ws/install/ocs2_centroidal_model/lib:/home/zxs/ocs2_ros2_legubiao/ws/install/ocs2_ros_interfaces/lib:/home/zxs/ocs2_ros2_legubiao/ws/install/ocs2_pinocchio_interface/lib:/home/zxs/ocs2_ros2_legubiao/ws/install/ocs2_ddp/lib:/home/zxs/ocs2_ros2_legubiao/ws/install/hpipm_colcon/lib:/home/zxs/ocs2_ros2_legubiao/ws/install/ocs2_robotic_tools/lib:/home/zxs/ocs2_ros2_legubiao/ws/install/ocs2_qp_solver/lib:/home/zxs/ocs2_ros2_legubiao/ws/install/ocs2_mpc/lib:/home/zxs/ocs2_ros2_legubiao/ws/install/ocs2_oc/lib:/home/zxs/ocs2_ros2_legubiao/ws/install/ocs2_core/lib:/home/zxs/ocs2_ros2_legubiao/ws/install/ocs2_msgs/lib:/home/zxs/ocs2_ros2_legubiao/ws/install/blasfeo_colcon/lib:${LD_LIBRARY_PATH} PYTHONPATH=/home/zxs/ocs2_ros2_legubiao/ws/install/ocs2_msgs/local/lib/python3.10/dist-packages:${PYTHONPATH} /usr/bin/cmake --build /home/zxs/ocs2_ros2_legubiao/ws/build/ocs2_legged_robot_ros -- -j28 -l28
[19.769s] Invoking command in '/home/zxs/ocs2_ros2_legubiao/ws/build/ocs2_legged_robot_ros': AMENT_PREFIX_PATH=/home/zxs/ocs2_ros2_legubiao/ws/install/ocs2_legged_robot:/home/zxs/ocs2_ros2_legubiao/ws/install/ocs2_sqp:/home/zxs/ocs2_ros2_legubiao/ws/install/ocs2_ipm:/home/zxs/ocs2_ros2_legubiao/ws/install/ocs2_centroidal_model:/home/zxs/ocs2_ros2_legubiao/ws/install/ocs2_ros_interfaces:/home/zxs/ocs2_ros2_legubiao/ws/install/ocs2_pinocchio_interface:/home/zxs/ocs2_ros2_legubiao/ws/install/ocs2_ddp:/home/zxs/ocs2_ros2_legubiao/ws/install/hpipm_colcon:/home/zxs/ocs2_ros2_legubiao/ws/install/ocs2_robotic_tools:/home/zxs/ocs2_ros2_legubiao/ws/install/ocs2_qp_solver:/home/zxs/ocs2_ros2_legubiao/ws/install/ocs2_mpc:/home/zxs/ocs2_ros2_legubiao/ws/install/ocs2_oc:/home/zxs/ocs2_ros2_legubiao/ws/install/ocs2_core:/home/zxs/ocs2_ros2_legubiao/ws/install/ocs2_thirdparty:/home/zxs/ocs2_ros2_legubiao/ws/install/ocs2_robotic_assets:/home/zxs/ocs2_ros2_legubiao/ws/install/ocs2_msgs:/home/zxs/ocs2_ros2_legubiao/ws/install/blasfeo_colcon:${AMENT_PREFIX_PATH} CMAKE_PREFIX_PATH=/home/zxs/ocs2_ros2_legubiao/ws/install/ocs2_legged_robot:/home/zxs/ocs2_ros2_legubiao/ws/install/ocs2_sqp:/home/zxs/ocs2_ros2_legubiao/ws/install/ocs2_ipm:/home/zxs/ocs2_ros2_legubiao/ws/install/ocs2_centroidal_model:/home/zxs/ocs2_ros2_legubiao/ws/install/ocs2_ros_interfaces:/home/zxs/ocs2_ros2_legubiao/ws/install/ocs2_pinocchio_interface:/home/zxs/ocs2_ros2_legubiao/ws/install/ocs2_ddp:/home/zxs/ocs2_ros2_legubiao/ws/install/hpipm_colcon:/home/zxs/ocs2_ros2_legubiao/ws/install/ocs2_robotic_tools:/home/zxs/ocs2_ros2_legubiao/ws/install/ocs2_qp_solver:/home/zxs/ocs2_ros2_legubiao/ws/install/ocs2_mpc:/home/zxs/ocs2_ros2_legubiao/ws/install/ocs2_oc:/home/zxs/ocs2_ros2_legubiao/ws/install/ocs2_core:/home/zxs/ocs2_ros2_legubiao/ws/install/ocs2_thirdparty:/home/zxs/ocs2_ros2_legubiao/ws/install/ocs2_robotic_assets:/home/zxs/ocs2_ros2_legubiao/ws/install/ocs2_msgs:/home/zxs/ocs2_ros2_legubiao/ws/install/blasfeo_colcon:/opt/ros/humble LD_LIBRARY_PATH=/home/zxs/ocs2_ros2_legubiao/ws/install/ocs2_legged_robot/lib:/home/zxs/ocs2_ros2_legubiao/ws/install/ocs2_sqp/lib:/home/zxs/ocs2_ros2_legubiao/ws/install/ocs2_ipm/lib:/home/zxs/ocs2_ros2_legubiao/ws/install/ocs2_centroidal_model/lib:/home/zxs/ocs2_ros2_legubiao/ws/install/ocs2_ros_interfaces/lib:/home/zxs/ocs2_ros2_legubiao/ws/install/ocs2_pinocchio_interface/lib:/home/zxs/ocs2_ros2_legubiao/ws/install/ocs2_ddp/lib:/home/zxs/ocs2_ros2_legubiao/ws/install/hpipm_colcon/lib:/home/zxs/ocs2_ros2_legubiao/ws/install/ocs2_robotic_tools/lib:/home/zxs/ocs2_ros2_legubiao/ws/install/ocs2_qp_solver/lib:/home/zxs/ocs2_ros2_legubiao/ws/install/ocs2_mpc/lib:/home/zxs/ocs2_ros2_legubiao/ws/install/ocs2_oc/lib:/home/zxs/ocs2_ros2_legubiao/ws/install/ocs2_core/lib:/home/zxs/ocs2_ros2_legubiao/ws/install/ocs2_msgs/lib:/home/zxs/ocs2_ros2_legubiao/ws/install/blasfeo_colcon/lib:${LD_LIBRARY_PATH} PYTHONPATH=/home/zxs/ocs2_ros2_legubiao/ws/install/ocs2_msgs/local/lib/python3.10/dist-packages:${PYTHONPATH} /usr/bin/cmake --install /home/zxs/ocs2_ros2_legubiao/ws/build/ocs2_legged_robot_ros
[19.774s] -- Install configuration: "Release"
[19.775s] -- Execute custom install script
[19.775s] -- Symlinking: /home/zxs/ocs2_ros2_legubiao/ws/install/ocs2_legged_robot_ros/include/ocs2_legged_robot_ros/ocs2_legged_robot_ros/gait/GaitKeyboardPublisher.h
[19.780s] -- Symlinking: /home/zxs/ocs2_ros2_legubiao/ws/install/ocs2_legged_robot_ros/include/ocs2_legged_robot_ros/ocs2_legged_robot_ros/gait/GaitReceiver.h
[19.784s] -- Symlinking: /home/zxs/ocs2_ros2_legubiao/ws/install/ocs2_legged_robot_ros/include/ocs2_legged_robot_ros/ocs2_legged_robot_ros/gait/ModeSequenceTemplateRos.h
[19.789s] -- Symlinking: /home/zxs/ocs2_ros2_legubiao/ws/install/ocs2_legged_robot_ros/include/ocs2_legged_robot_ros/ocs2_legged_robot_ros/visualization/LeggedRobotVisualizer.h
[19.794s] -- Symlinking: /home/zxs/ocs2_ros2_legubiao/ws/install/ocs2_legged_robot_ros/lib/ocs2_legged_robot_ros/legged_robot_ddp_mpc
[19.798s] -- Symlinking: /home/zxs/ocs2_ros2_legubiao/ws/install/ocs2_legged_robot_ros/lib/ocs2_legged_robot_ros/legged_robot_sqp_mpc
[19.802s] -- Symlinking: /home/zxs/ocs2_ros2_legubiao/ws/install/ocs2_legged_robot_ros/lib/ocs2_legged_robot_ros/legged_robot_ipm_mpc
[19.806s] -- Symlinking: /home/zxs/ocs2_ros2_legubiao/ws/install/ocs2_legged_robot_ros/lib/ocs2_legged_robot_ros/legged_robot_dummy
[19.810s] -- Symlinking: /home/zxs/ocs2_ros2_legubiao/ws/install/ocs2_legged_robot_ros/lib/ocs2_legged_robot_ros/legged_robot_target
[19.815s] -- Symlinking: /home/zxs/ocs2_ros2_legubiao/ws/install/ocs2_legged_robot_ros/lib/ocs2_legged_robot_ros/legged_robot_gait_command
[19.820s] -- Symlinking: /home/zxs/ocs2_ros2_legubiao/ws/install/ocs2_legged_robot_ros/share/ocs2_legged_robot_ros//launch/basic.launch.py
[19.824s] -- Symlinking: /home/zxs/ocs2_ros2_legubiao/ws/install/ocs2_legged_robot_ros/share/ocs2_legged_robot_ros//launch/dummy.launch.py
[19.830s] -- Symlinking: /home/zxs/ocs2_ros2_legubiao/ws/install/ocs2_legged_robot_ros/share/ocs2_legged_robot_ros//launch/gait_command.launch.py
[19.834s] -- Symlinking: /home/zxs/ocs2_ros2_legubiao/ws/install/ocs2_legged_robot_ros/share/ocs2_legged_robot_ros//launch/legged_robot_ddp.launch.py
[19.838s] -- Symlinking: /home/zxs/ocs2_ros2_legubiao/ws/install/ocs2_legged_robot_ros/share/ocs2_legged_robot_ros//launch/legged_robot_ipm.launch.py
[19.842s] -- Symlinking: /home/zxs/ocs2_ros2_legubiao/ws/install/ocs2_legged_robot_ros/share/ocs2_legged_robot_ros//launch/legged_robot_sqp.launch.py
[19.846s] -- Symlinking: /home/zxs/ocs2_ros2_legubiao/ws/install/ocs2_legged_robot_ros/share/ocs2_legged_robot_ros//launch/mpc_ddp.launch.py
[19.850s] -- Symlinking: /home/zxs/ocs2_ros2_legubiao/ws/install/ocs2_legged_robot_ros/share/ocs2_legged_robot_ros//launch/multiplot.launch
[19.854s] -- Symlinking: /home/zxs/ocs2_ros2_legubiao/ws/install/ocs2_legged_robot_ros/share/ocs2_legged_robot_ros//launch/multiplot.launch.py
[19.858s] -- Symlinking: /home/zxs/ocs2_ros2_legubiao/ws/install/ocs2_legged_robot_ros/share/ocs2_legged_robot_ros//launch/robot_target.launch.py
[19.864s] -- Symlinking: /home/zxs/ocs2_ros2_legubiao/ws/install/ocs2_legged_robot_ros/share/ocs2_legged_robot_ros//rviz/legged_robot.rviz
[19.868s] -- Symlinking: /home/zxs/ocs2_ros2_legubiao/ws/install/ocs2_legged_robot_ros/share/ocs2_legged_robot_ros/environment/library_path.sh
[19.873s] -- Symlinking: /home/zxs/ocs2_ros2_legubiao/ws/install/ocs2_legged_robot_ros/share/ocs2_legged_robot_ros/environment/library_path.dsv
[19.878s] -- Symlinking: /home/zxs/ocs2_ros2_legubiao/ws/install/ocs2_legged_robot_ros/share/ament_index/resource_index/package_run_dependencies/ocs2_legged_robot_ros
[19.882s] -- Symlinking: /home/zxs/ocs2_ros2_legubiao/ws/install/ocs2_legged_robot_ros/share/ament_index/resource_index/parent_prefix_path/ocs2_legged_robot_ros
[19.886s] -- Symlinking: /home/zxs/ocs2_ros2_legubiao/ws/install/ocs2_legged_robot_ros/share/ocs2_legged_robot_ros/environment/ament_prefix_path.sh
[19.891s] -- Symlinking: /home/zxs/ocs2_ros2_legubiao/ws/install/ocs2_legged_robot_ros/share/ocs2_legged_robot_ros/environment/ament_prefix_path.dsv
[19.894s] -- Symlinking: /home/zxs/ocs2_ros2_legubiao/ws/install/ocs2_legged_robot_ros/share/ocs2_legged_robot_ros/environment/path.sh
[19.900s] -- Symlinking: /home/zxs/ocs2_ros2_legubiao/ws/install/ocs2_legged_robot_ros/share/ocs2_legged_robot_ros/environment/path.dsv
[19.904s] -- Symlinking: /home/zxs/ocs2_ros2_legubiao/ws/install/ocs2_legged_robot_ros/share/ocs2_legged_robot_ros/local_setup.bash
[19.907s] -- Symlinking: /home/zxs/ocs2_ros2_legubiao/ws/install/ocs2_legged_robot_ros/share/ocs2_legged_robot_ros/local_setup.sh
[19.912s] -- Symlinking: /home/zxs/ocs2_ros2_legubiao/ws/install/ocs2_legged_robot_ros/share/ocs2_legged_robot_ros/local_setup.zsh
[19.918s] -- Symlinking: /home/zxs/ocs2_ros2_legubiao/ws/install/ocs2_legged_robot_ros/share/ocs2_legged_robot_ros/local_setup.dsv
[19.922s] -- Symlinking: /home/zxs/ocs2_ros2_legubiao/ws/install/ocs2_legged_robot_ros/share/ocs2_legged_robot_ros/package.dsv
[19.926s] -- Symlinking: /home/zxs/ocs2_ros2_legubiao/ws/install/ocs2_legged_robot_ros/share/ament_index/resource_index/packages/ocs2_legged_robot_ros
[19.930s] -- Symlinking: /home/zxs/ocs2_ros2_legubiao/ws/install/ocs2_legged_robot_ros/share/ocs2_legged_robot_ros/cmake/ament_cmake_export_dependencies-extras.cmake
[19.934s] -- Symlinking: /home/zxs/ocs2_ros2_legubiao/ws/install/ocs2_legged_robot_ros/share/ocs2_legged_robot_ros/cmake/ament_cmake_export_targets-extras.cmake
[19.939s] -- Symlinking: /home/zxs/ocs2_ros2_legubiao/ws/install/ocs2_legged_robot_ros/share/ocs2_legged_robot_ros/cmake/ocs2_legged_robot_rosConfig.cmake
[19.943s] -- Symlinking: /home/zxs/ocs2_ros2_legubiao/ws/install/ocs2_legged_robot_ros/share/ocs2_legged_robot_ros/cmake/ocs2_legged_robot_rosConfig-version.cmake
[19.947s] -- Symlinking: /home/zxs/ocs2_ros2_legubiao/ws/install/ocs2_legged_robot_ros/share/ocs2_legged_robot_ros/package.xml
[19.951s] -- Installing: /home/zxs/ocs2_ros2_legubiao/ws/install/ocs2_legged_robot_ros/lib/libocs2_legged_robot_ros.a
[19.952s] -- Installing: /home/zxs/ocs2_ros2_legubiao/ws/install/ocs2_legged_robot_ros/share/ocs2_legged_robot_ros/cmake/export_ocs2_legged_robot_rosExport.cmake
[19.952s] -- Installing: /home/zxs/ocs2_ros2_legubiao/ws/install/ocs2_legged_robot_ros/share/ocs2_legged_robot_ros/cmake/export_ocs2_legged_robot_rosExport-release.cmake
[19.954s] Invoked command in '/home/zxs/ocs2_ros2_legubiao/ws/build/ocs2_legged_robot_ros' returned '0': AMENT_PREFIX_PATH=/home/zxs/ocs2_ros2_legubiao/ws/install/ocs2_legged_robot:/home/zxs/ocs2_ros2_legubiao/ws/install/ocs2_sqp:/home/zxs/ocs2_ros2_legubiao/ws/install/ocs2_ipm:/home/zxs/ocs2_ros2_legubiao/ws/install/ocs2_centroidal_model:/home/zxs/ocs2_ros2_legubiao/ws/install/ocs2_ros_interfaces:/home/zxs/ocs2_ros2_legubiao/ws/install/ocs2_pinocchio_interface:/home/zxs/ocs2_ros2_legubiao/ws/install/ocs2_ddp:/home/zxs/ocs2_ros2_legubiao/ws/install/hpipm_colcon:/home/zxs/ocs2_ros2_legubiao/ws/install/ocs2_robotic_tools:/home/zxs/ocs2_ros2_legubiao/ws/install/ocs2_qp_solver:/home/zxs/ocs2_ros2_legubiao/ws/install/ocs2_mpc:/home/zxs/ocs2_ros2_legubiao/ws/install/ocs2_oc:/home/zxs/ocs2_ros2_legubiao/ws/install/ocs2_core:/home/zxs/ocs2_ros2_legubiao/ws/install/ocs2_thirdparty:/home/zxs/ocs2_ros2_legubiao/ws/install/ocs2_robotic_assets:/home/zxs/ocs2_ros2_legubiao/ws/install/ocs2_msgs:/home/zxs/ocs2_ros2_legubiao/ws/install/blasfeo_colcon:${AMENT_PREFIX_PATH} CMAKE_PREFIX_PATH=/home/zxs/ocs2_ros2_legubiao/ws/install/ocs2_legged_robot:/home/zxs/ocs2_ros2_legubiao/ws/install/ocs2_sqp:/home/zxs/ocs2_ros2_legubiao/ws/install/ocs2_ipm:/home/zxs/ocs2_ros2_legubiao/ws/install/ocs2_centroidal_model:/home/zxs/ocs2_ros2_legubiao/ws/install/ocs2_ros_interfaces:/home/zxs/ocs2_ros2_legubiao/ws/install/ocs2_pinocchio_interface:/home/zxs/ocs2_ros2_legubiao/ws/install/ocs2_ddp:/home/zxs/ocs2_ros2_legubiao/ws/install/hpipm_colcon:/home/zxs/ocs2_ros2_legubiao/ws/install/ocs2_robotic_tools:/home/zxs/ocs2_ros2_legubiao/ws/install/ocs2_qp_solver:/home/zxs/ocs2_ros2_legubiao/ws/install/ocs2_mpc:/home/zxs/ocs2_ros2_legubiao/ws/install/ocs2_oc:/home/zxs/ocs2_ros2_legubiao/ws/install/ocs2_core:/home/zxs/ocs2_ros2_legubiao/ws/install/ocs2_thirdparty:/home/zxs/ocs2_ros2_legubiao/ws/install/ocs2_robotic_assets:/home/zxs/ocs2_ros2_legubiao/ws/install/ocs2_msgs:/home/zxs/ocs2_ros2_legubiao/ws/install/blasfeo_colcon:/opt/ros/humble LD_LIBRARY_PATH=/home/zxs/ocs2_ros2_legubiao/ws/install/ocs2_legged_robot/lib:/home/zxs/ocs2_ros2_legubiao/ws/install/ocs2_sqp/lib:/home/zxs/ocs2_ros2_legubiao/ws/install/ocs2_ipm/lib:/home/zxs/ocs2_ros2_legubiao/ws/install/ocs2_centroidal_model/lib:/home/zxs/ocs2_ros2_legubiao/ws/install/ocs2_ros_interfaces/lib:/home/zxs/ocs2_ros2_legubiao/ws/install/ocs2_pinocchio_interface/lib:/home/zxs/ocs2_ros2_legubiao/ws/install/ocs2_ddp/lib:/home/zxs/ocs2_ros2_legubiao/ws/install/hpipm_colcon/lib:/home/zxs/ocs2_ros2_legubiao/ws/install/ocs2_robotic_tools/lib:/home/zxs/ocs2_ros2_legubiao/ws/install/ocs2_qp_solver/lib:/home/zxs/ocs2_ros2_legubiao/ws/install/ocs2_mpc/lib:/home/zxs/ocs2_ros2_legubiao/ws/install/ocs2_oc/lib:/home/zxs/ocs2_ros2_legubiao/ws/install/ocs2_core/lib:/home/zxs/ocs2_ros2_legubiao/ws/install/ocs2_msgs/lib:/home/zxs/ocs2_ros2_legubiao/ws/install/blasfeo_colcon/lib:${LD_LIBRARY_PATH} PYTHONPATH=/home/zxs/ocs2_ros2_legubiao/ws/install/ocs2_msgs/local/lib/python3.10/dist-packages:${PYTHONPATH} /usr/bin/cmake --install /home/zxs/ocs2_ros2_legubiao/ws/build/ocs2_legged_robot_ros
