[0.006s] Invoking command in '/home/zxs/ocs2_ros2_legubiao/ws/build/ocs2_qp_solver': AMENT_PREFIX_PATH=/home/zxs/ocs2_ros2_legubiao/ws/install/ocs2_oc:/home/zxs/ocs2_ros2_legubiao/ws/install/ocs2_core:/home/zxs/ocs2_ros2_legubiao/ws/install/ocs2_thirdparty:${AMENT_PREFIX_PATH} CMAKE_PREFIX_PATH=/home/zxs/ocs2_ros2_legubiao/ws/install/ocs2_oc:/home/zxs/ocs2_ros2_legubiao/ws/install/ocs2_core:/home/zxs/ocs2_ros2_legubiao/ws/install/ocs2_thirdparty:/opt/ros/humble LD_LIBRARY_PATH=/home/zxs/ocs2_ros2_legubiao/ws/install/ocs2_oc/lib:/home/zxs/ocs2_ros2_legubiao/ws/install/ocs2_core/lib:${LD_LIBRARY_PATH} /usr/bin/cmake /home/zxs/ocs2_ros2_legubiao/ws/src/ocs2_ros2/mpc/ocs2_qp_solver -DAMENT_CMAKE_SYMLINK_INSTALL=1 -DCMAKE_INSTALL_PREFIX=/home/zxs/ocs2_ros2_legubiao/ws/install/ocs2_qp_solver
[0.040s] -- The C compiler identification is GNU 12.3.0
[0.070s] -- The CXX compiler identification is GNU 12.3.0
[0.074s] -- Detecting C compiler ABI info
[0.112s] -- Detecting C compiler ABI info - done
[0.115s] -- Check for working C compiler: /usr/bin/cc - skipped
[0.116s] -- Detecting C compile features
[0.116s] -- Detecting C compile features - done
[0.117s] -- Detecting CXX compiler ABI info
[0.165s] -- Detecting CXX compiler ABI info - done
[0.169s] -- Check for working CXX compiler: /usr/bin/c++ - skipped
[0.169s] -- Detecting CXX compile features
[0.169s] -- Detecting CXX compile features - done
[0.170s] -- Found ament_cmake: 1.3.11 (/opt/ros/humble/share/ament_cmake/cmake)
[0.244s] -- Found Python3: /usr/bin/python3 (found version "3.10.13") found components: Interpreter 
[0.272s] -- Override CMake install command with custom implementation using symlinks instead of copying resources
[0.286s] -- Found ocs2_oc: 0.0.0 (/home/zxs/ocs2_ros2_legubiao/ws/install/ocs2_oc/share/ocs2_oc/cmake)
[0.427s] -- Found OpenMP_C: -fopenmp (found version "4.5") 
[0.471s] -- Found OpenMP_CXX: -fopenmp (found version "4.5") 
[0.471s] -- Found OpenMP: TRUE (found version "4.5")  
[0.569s] -- Found Boost: /usr/lib/x86_64-linux-gnu/cmake/Boost-1.74.0/BoostConfig.cmake (found version "1.74.0") found components: system filesystem log_setup log 
[0.575s] -- Found ament_lint_auto: 0.12.12 (/opt/ros/humble/share/ament_lint_auto/cmake)
[0.614s] -- Found gtest sources under '/opt/ros/humble/src/gtest_vendor': C++ tests using 'Google Test' will be built
[0.616s] -- Found Threads: TRUE  
[0.617s] -- Added test 'copyright' to check source files copyright and LICENSE
[0.618s] -- Added test 'cppcheck' to perform static code analysis on C / C++ code
[0.618s] -- Configured cppcheck include dirs: $<BUILD_INTERFACE:/home/zxs/ocs2_ros2_legubiao/ws/src/ocs2_ros2/mpc/ocs2_qp_solver/include>;$<BUILD_INTERFACE:/home/zxs/ocs2_ros2_legubiao/ws/src/ocs2_ros2/mpc/ocs2_qp_solver/test/include>
[0.618s] -- Configured cppcheck exclude dirs and/or files: 
[0.619s] -- Added test 'cpplint' to check C / C++ code against the Google style
[0.619s] -- Configured cpplint exclude dirs and/or files: 
[0.619s] -- Added test 'lint_cmake' to check CMake code style
[0.620s] -- Added test 'uncrustify' to check C / C++ code style
[0.620s] -- Configured uncrustify additional arguments: 
[0.620s] -- Added test 'xmllint' to check XML markup files
[0.621s] -- Configuring done
[0.625s] -- Generating done
[0.627s] -- Build files have been written to: /home/zxs/ocs2_ros2_legubiao/ws/build/ocs2_qp_solver
[0.629s] Invoked command in '/home/zxs/ocs2_ros2_legubiao/ws/build/ocs2_qp_solver' returned '0': AMENT_PREFIX_PATH=/home/zxs/ocs2_ros2_legubiao/ws/install/ocs2_oc:/home/zxs/ocs2_ros2_legubiao/ws/install/ocs2_core:/home/zxs/ocs2_ros2_legubiao/ws/install/ocs2_thirdparty:${AMENT_PREFIX_PATH} CMAKE_PREFIX_PATH=/home/zxs/ocs2_ros2_legubiao/ws/install/ocs2_oc:/home/zxs/ocs2_ros2_legubiao/ws/install/ocs2_core:/home/zxs/ocs2_ros2_legubiao/ws/install/ocs2_thirdparty:/opt/ros/humble LD_LIBRARY_PATH=/home/zxs/ocs2_ros2_legubiao/ws/install/ocs2_oc/lib:/home/zxs/ocs2_ros2_legubiao/ws/install/ocs2_core/lib:${LD_LIBRARY_PATH} /usr/bin/cmake /home/zxs/ocs2_ros2_legubiao/ws/src/ocs2_ros2/mpc/ocs2_qp_solver -DAMENT_CMAKE_SYMLINK_INSTALL=1 -DCMAKE_INSTALL_PREFIX=/home/zxs/ocs2_ros2_legubiao/ws/install/ocs2_qp_solver
[0.630s] Invoking command in '/home/zxs/ocs2_ros2_legubiao/ws/build/ocs2_qp_solver': AMENT_PREFIX_PATH=/home/zxs/ocs2_ros2_legubiao/ws/install/ocs2_oc:/home/zxs/ocs2_ros2_legubiao/ws/install/ocs2_core:/home/zxs/ocs2_ros2_legubiao/ws/install/ocs2_thirdparty:${AMENT_PREFIX_PATH} CMAKE_PREFIX_PATH=/home/zxs/ocs2_ros2_legubiao/ws/install/ocs2_oc:/home/zxs/ocs2_ros2_legubiao/ws/install/ocs2_core:/home/zxs/ocs2_ros2_legubiao/ws/install/ocs2_thirdparty:/opt/ros/humble LD_LIBRARY_PATH=/home/zxs/ocs2_ros2_legubiao/ws/install/ocs2_oc/lib:/home/zxs/ocs2_ros2_legubiao/ws/install/ocs2_core/lib:${LD_LIBRARY_PATH} /usr/bin/cmake --build /home/zxs/ocs2_ros2_legubiao/ws/build/ocs2_qp_solver -- -j28 -l28
[0.654s] [ 15%] [32mBuilding CXX object CMakeFiles/ocs2_qp_solver.dir/src/QpDiscreteTranscription.cpp.o[0m
[0.654s] [ 15%] [32mBuilding CXX object CMakeFiles/ocs2_qp_solver.dir/src/QpSolver.cpp.o[0m
[0.655s] [ 23%] [32mBuilding CXX object gtest/CMakeFiles/gtest.dir/src/gtest-all.cc.o[0m
[0.655s] [ 30%] [32mBuilding CXX object gtest/CMakeFiles/gtest_main.dir/src/gtest_main.cc.o[0m
[0.656s] [ 38%] [32mBuilding CXX object CMakeFiles/ocs2_qp_solver.dir/src/Ocs2QpSolver.cpp.o[0m
[0.656s] [ 46%] [32mBuilding CXX object CMakeFiles/ocs2_qp_solver.dir/src/QpTrajectories.cpp.o[0m
[1.132s] [ 53%] [32m[1mLinking CXX static library libgtest_main.a[0m
[1.178s] [ 53%] Built target gtest_main
[3.587s] [ 61%] [32m[1mLinking CXX static library libocs2_qp_solver.a[0m
[3.618s] [ 61%] Built target ocs2_qp_solver
[4.859s] [ 69%] [32m[1mLinking CXX static library libgtest.a[0m
[4.907s] [ 69%] Built target gtest
[4.920s] [ 76%] [32mBuilding CXX object CMakeFiles/test_ocs2_qp_solver.dir/test/testDiscreteTranscription.cpp.o[0m
[4.922s] [ 84%] [32mBuilding CXX object CMakeFiles/test_ocs2_qp_solver.dir/test/testOcs2QpSolver.cpp.o[0m
[4.922s] [ 92%] [32mBuilding CXX object CMakeFiles/test_ocs2_qp_solver.dir/test/testQpSolver.cpp.o[0m
[9.877s] [100%] [32m[1mLinking CXX executable test_ocs2_qp_solver[0m
[9.942s] [100%] Built target test_ocs2_qp_solver
[9.950s] Invoked command in '/home/zxs/ocs2_ros2_legubiao/ws/build/ocs2_qp_solver' returned '0': AMENT_PREFIX_PATH=/home/zxs/ocs2_ros2_legubiao/ws/install/ocs2_oc:/home/zxs/ocs2_ros2_legubiao/ws/install/ocs2_core:/home/zxs/ocs2_ros2_legubiao/ws/install/ocs2_thirdparty:${AMENT_PREFIX_PATH} CMAKE_PREFIX_PATH=/home/zxs/ocs2_ros2_legubiao/ws/install/ocs2_oc:/home/zxs/ocs2_ros2_legubiao/ws/install/ocs2_core:/home/zxs/ocs2_ros2_legubiao/ws/install/ocs2_thirdparty:/opt/ros/humble LD_LIBRARY_PATH=/home/zxs/ocs2_ros2_legubiao/ws/install/ocs2_oc/lib:/home/zxs/ocs2_ros2_legubiao/ws/install/ocs2_core/lib:${LD_LIBRARY_PATH} /usr/bin/cmake --build /home/zxs/ocs2_ros2_legubiao/ws/build/ocs2_qp_solver -- -j28 -l28
[9.951s] Invoking command in '/home/zxs/ocs2_ros2_legubiao/ws/build/ocs2_qp_solver': AMENT_PREFIX_PATH=/home/zxs/ocs2_ros2_legubiao/ws/install/ocs2_oc:/home/zxs/ocs2_ros2_legubiao/ws/install/ocs2_core:/home/zxs/ocs2_ros2_legubiao/ws/install/ocs2_thirdparty:${AMENT_PREFIX_PATH} CMAKE_PREFIX_PATH=/home/zxs/ocs2_ros2_legubiao/ws/install/ocs2_oc:/home/zxs/ocs2_ros2_legubiao/ws/install/ocs2_core:/home/zxs/ocs2_ros2_legubiao/ws/install/ocs2_thirdparty:/opt/ros/humble LD_LIBRARY_PATH=/home/zxs/ocs2_ros2_legubiao/ws/install/ocs2_oc/lib:/home/zxs/ocs2_ros2_legubiao/ws/install/ocs2_core/lib:${LD_LIBRARY_PATH} /usr/bin/cmake --install /home/zxs/ocs2_ros2_legubiao/ws/build/ocs2_qp_solver
[9.956s] -- Install configuration: "Release"
[9.957s] -- Execute custom install script
[9.957s] -- Symlinking: /home/zxs/ocs2_ros2_legubiao/ws/install/ocs2_qp_solver/include/ocs2_qp_solver/ocs2_qp_solver/Ocs2QpSolver.h
[9.963s] -- Symlinking: /home/zxs/ocs2_ros2_legubiao/ws/install/ocs2_qp_solver/include/ocs2_qp_solver/ocs2_qp_solver/QpDiscreteTranscription.h
[9.967s] -- Symlinking: /home/zxs/ocs2_ros2_legubiao/ws/install/ocs2_qp_solver/include/ocs2_qp_solver/ocs2_qp_solver/QpSolver.h
[9.972s] -- Symlinking: /home/zxs/ocs2_ros2_legubiao/ws/install/ocs2_qp_solver/include/ocs2_qp_solver/ocs2_qp_solver/QpSolverTypes.h
[9.977s] -- Symlinking: /home/zxs/ocs2_ros2_legubiao/ws/install/ocs2_qp_solver/include/ocs2_qp_solver/ocs2_qp_solver/QpTrajectories.h
[9.983s] -- Symlinking: /home/zxs/ocs2_ros2_legubiao/ws/install/ocs2_qp_solver/include/ocs2_qp_solver/ocs2_qp_solver/test/testProblemsGeneration.h
[9.988s] -- Symlinking: /home/zxs/ocs2_ros2_legubiao/ws/install/ocs2_qp_solver/share/ocs2_qp_solver/environment/library_path.sh
[9.993s] -- Symlinking: /home/zxs/ocs2_ros2_legubiao/ws/install/ocs2_qp_solver/share/ocs2_qp_solver/environment/library_path.dsv
[9.999s] -- Symlinking: /home/zxs/ocs2_ros2_legubiao/ws/install/ocs2_qp_solver/share/ament_index/resource_index/package_run_dependencies/ocs2_qp_solver
[10.004s] -- Symlinking: /home/zxs/ocs2_ros2_legubiao/ws/install/ocs2_qp_solver/share/ament_index/resource_index/parent_prefix_path/ocs2_qp_solver
[10.009s] -- Symlinking: /home/zxs/ocs2_ros2_legubiao/ws/install/ocs2_qp_solver/share/ocs2_qp_solver/environment/ament_prefix_path.sh
[10.014s] -- Symlinking: /home/zxs/ocs2_ros2_legubiao/ws/install/ocs2_qp_solver/share/ocs2_qp_solver/environment/ament_prefix_path.dsv
[10.020s] -- Symlinking: /home/zxs/ocs2_ros2_legubiao/ws/install/ocs2_qp_solver/share/ocs2_qp_solver/environment/path.sh
[10.025s] -- Symlinking: /home/zxs/ocs2_ros2_legubiao/ws/install/ocs2_qp_solver/share/ocs2_qp_solver/environment/path.dsv
[10.030s] -- Symlinking: /home/zxs/ocs2_ros2_legubiao/ws/install/ocs2_qp_solver/share/ocs2_qp_solver/local_setup.bash
[10.036s] -- Symlinking: /home/zxs/ocs2_ros2_legubiao/ws/install/ocs2_qp_solver/share/ocs2_qp_solver/local_setup.sh
[10.041s] -- Symlinking: /home/zxs/ocs2_ros2_legubiao/ws/install/ocs2_qp_solver/share/ocs2_qp_solver/local_setup.zsh
[10.047s] -- Symlinking: /home/zxs/ocs2_ros2_legubiao/ws/install/ocs2_qp_solver/share/ocs2_qp_solver/local_setup.dsv
[10.051s] -- Symlinking: /home/zxs/ocs2_ros2_legubiao/ws/install/ocs2_qp_solver/share/ocs2_qp_solver/package.dsv
[10.055s] -- Symlinking: /home/zxs/ocs2_ros2_legubiao/ws/install/ocs2_qp_solver/share/ament_index/resource_index/packages/ocs2_qp_solver
[10.060s] -- Symlinking: /home/zxs/ocs2_ros2_legubiao/ws/install/ocs2_qp_solver/share/ocs2_qp_solver/cmake/ament_cmake_export_dependencies-extras.cmake
[10.065s] -- Symlinking: /home/zxs/ocs2_ros2_legubiao/ws/install/ocs2_qp_solver/share/ocs2_qp_solver/cmake/ament_cmake_export_targets-extras.cmake
[10.070s] -- Symlinking: /home/zxs/ocs2_ros2_legubiao/ws/install/ocs2_qp_solver/share/ocs2_qp_solver/cmake/ocs2_qp_solverConfig.cmake
[10.075s] -- Symlinking: /home/zxs/ocs2_ros2_legubiao/ws/install/ocs2_qp_solver/share/ocs2_qp_solver/cmake/ocs2_qp_solverConfig-version.cmake
[10.079s] -- Symlinking: /home/zxs/ocs2_ros2_legubiao/ws/install/ocs2_qp_solver/share/ocs2_qp_solver/package.xml
[10.083s] -- Installing: /home/zxs/ocs2_ros2_legubiao/ws/install/ocs2_qp_solver/lib/libocs2_qp_solver.a
[10.084s] -- Installing: /home/zxs/ocs2_ros2_legubiao/ws/install/ocs2_qp_solver/share/ocs2_qp_solver/cmake/export_ocs2_qp_solverExport.cmake
[10.084s] -- Installing: /home/zxs/ocs2_ros2_legubiao/ws/install/ocs2_qp_solver/share/ocs2_qp_solver/cmake/export_ocs2_qp_solverExport-release.cmake
[10.085s] Invoked command in '/home/zxs/ocs2_ros2_legubiao/ws/build/ocs2_qp_solver' returned '0': AMENT_PREFIX_PATH=/home/zxs/ocs2_ros2_legubiao/ws/install/ocs2_oc:/home/zxs/ocs2_ros2_legubiao/ws/install/ocs2_core:/home/zxs/ocs2_ros2_legubiao/ws/install/ocs2_thirdparty:${AMENT_PREFIX_PATH} CMAKE_PREFIX_PATH=/home/zxs/ocs2_ros2_legubiao/ws/install/ocs2_oc:/home/zxs/ocs2_ros2_legubiao/ws/install/ocs2_core:/home/zxs/ocs2_ros2_legubiao/ws/install/ocs2_thirdparty:/opt/ros/humble LD_LIBRARY_PATH=/home/zxs/ocs2_ros2_legubiao/ws/install/ocs2_oc/lib:/home/zxs/ocs2_ros2_legubiao/ws/install/ocs2_core/lib:${LD_LIBRARY_PATH} /usr/bin/cmake --install /home/zxs/ocs2_ros2_legubiao/ws/build/ocs2_qp_solver
