[0.009s] Invoking command in '/home/zxs/ocs2_ros2_legubiao/ws/build/ocs2_pinocchio_interface': CMAKE_PREFIX_PATH=/home/zxs/ocs2_ros2_legubiao/ws/install/ocs2_robotic_tools:/home/zxs/ocs2_ros2_legubiao/ws/install/ocs2_oc:/home/zxs/ocs2_ros2_legubiao/ws/install/ocs2_core:/home/zxs/ocs2_ros2_legubiao/ws/install/ocs2_thirdparty:/home/zxs/ocs2_ros2_legubiao/ws/install/ocs2_legged_robot_ros:/home/zxs/ocs2_ros2_legubiao/ws/install/ocs2_legged_robot:/home/zxs/ocs2_ros2_legubiao/ws/install/ocs2_sqp:/home/zxs/ocs2_ros2_legubiao/ws/install/ocs2_ros_interfaces:/home/zxs/ocs2_ros2_legubiao/ws/install/ocs2_centroidal_model:/home/zxs/ocs2_ros2_legubiao/ws/install/ocs2_pinocchio_interface:/home/zxs/ocs2_ros2_legubiao/ws/install/ocs2_ipm:/home/zxs/ocs2_ros2_legubiao/ws/install/ocs2_ddp:/home/zxs/ocs2_ros2_legubiao/ws/install/hpipm_colcon:/home/zxs/ocs2_ros2_legubiao/ws/install/ocs2_qp_solver:/home/zxs/ocs2_ros2_legubiao/ws/install/ocs2_mpc:/home/zxs/ocs2_ros2_legubiao/ws/install/ocs2_robotic_assets:/home/zxs/ocs2_ros2_legubiao/ws/install/ocs2_msgs:/home/zxs/ocs2_ros2_legubiao/ws/install/blasfeo_colcon:/opt/ros/humble /usr/bin/cmake --build /home/zxs/ocs2_ros2_legubiao/ws/build/ocs2_pinocchio_interface -- -j28 -l28
[0.035s] [ 15%] Built target gtest_main
[0.037s] [ 30%] Built target gtest
[0.066s] [ 76%] Built target ocs2_pinocchio_interface
[0.094s] [100%] Built target testPinocchioInterface
[0.107s] Invoked command in '/home/zxs/ocs2_ros2_legubiao/ws/build/ocs2_pinocchio_interface' returned '0': CMAKE_PREFIX_PATH=/home/zxs/ocs2_ros2_legubiao/ws/install/ocs2_robotic_tools:/home/zxs/ocs2_ros2_legubiao/ws/install/ocs2_oc:/home/zxs/ocs2_ros2_legubiao/ws/install/ocs2_core:/home/zxs/ocs2_ros2_legubiao/ws/install/ocs2_thirdparty:/home/zxs/ocs2_ros2_legubiao/ws/install/ocs2_legged_robot_ros:/home/zxs/ocs2_ros2_legubiao/ws/install/ocs2_legged_robot:/home/zxs/ocs2_ros2_legubiao/ws/install/ocs2_sqp:/home/zxs/ocs2_ros2_legubiao/ws/install/ocs2_ros_interfaces:/home/zxs/ocs2_ros2_legubiao/ws/install/ocs2_centroidal_model:/home/zxs/ocs2_ros2_legubiao/ws/install/ocs2_pinocchio_interface:/home/zxs/ocs2_ros2_legubiao/ws/install/ocs2_ipm:/home/zxs/ocs2_ros2_legubiao/ws/install/ocs2_ddp:/home/zxs/ocs2_ros2_legubiao/ws/install/hpipm_colcon:/home/zxs/ocs2_ros2_legubiao/ws/install/ocs2_qp_solver:/home/zxs/ocs2_ros2_legubiao/ws/install/ocs2_mpc:/home/zxs/ocs2_ros2_legubiao/ws/install/ocs2_robotic_assets:/home/zxs/ocs2_ros2_legubiao/ws/install/ocs2_msgs:/home/zxs/ocs2_ros2_legubiao/ws/install/blasfeo_colcon:/opt/ros/humble /usr/bin/cmake --build /home/zxs/ocs2_ros2_legubiao/ws/build/ocs2_pinocchio_interface -- -j28 -l28
[0.107s] Invoking command in '/home/zxs/ocs2_ros2_legubiao/ws/build/ocs2_pinocchio_interface': CMAKE_PREFIX_PATH=/home/zxs/ocs2_ros2_legubiao/ws/install/ocs2_robotic_tools:/home/zxs/ocs2_ros2_legubiao/ws/install/ocs2_oc:/home/zxs/ocs2_ros2_legubiao/ws/install/ocs2_core:/home/zxs/ocs2_ros2_legubiao/ws/install/ocs2_thirdparty:/home/zxs/ocs2_ros2_legubiao/ws/install/ocs2_legged_robot_ros:/home/zxs/ocs2_ros2_legubiao/ws/install/ocs2_legged_robot:/home/zxs/ocs2_ros2_legubiao/ws/install/ocs2_sqp:/home/zxs/ocs2_ros2_legubiao/ws/install/ocs2_ros_interfaces:/home/zxs/ocs2_ros2_legubiao/ws/install/ocs2_centroidal_model:/home/zxs/ocs2_ros2_legubiao/ws/install/ocs2_pinocchio_interface:/home/zxs/ocs2_ros2_legubiao/ws/install/ocs2_ipm:/home/zxs/ocs2_ros2_legubiao/ws/install/ocs2_ddp:/home/zxs/ocs2_ros2_legubiao/ws/install/hpipm_colcon:/home/zxs/ocs2_ros2_legubiao/ws/install/ocs2_qp_solver:/home/zxs/ocs2_ros2_legubiao/ws/install/ocs2_mpc:/home/zxs/ocs2_ros2_legubiao/ws/install/ocs2_robotic_assets:/home/zxs/ocs2_ros2_legubiao/ws/install/ocs2_msgs:/home/zxs/ocs2_ros2_legubiao/ws/install/blasfeo_colcon:/opt/ros/humble /usr/bin/cmake --install /home/zxs/ocs2_ros2_legubiao/ws/build/ocs2_pinocchio_interface
[0.110s] -- Install configuration: "Release"
[0.111s] -- Execute custom install script
[0.111s] -- Up-to-date symlink: /home/zxs/ocs2_ros2_legubiao/ws/install/ocs2_pinocchio_interface/include/ocs2_pinocchio_interface/ocs2_pinocchio_interface/PinocchioEndEffectorKinematics.h
[0.111s] -- Up-to-date symlink: /home/zxs/ocs2_ros2_legubiao/ws/install/ocs2_pinocchio_interface/include/ocs2_pinocchio_interface/ocs2_pinocchio_interface/PinocchioEndEffectorKinematicsCppAd.h
[0.111s] -- Up-to-date symlink: /home/zxs/ocs2_ros2_legubiao/ws/install/ocs2_pinocchio_interface/include/ocs2_pinocchio_interface/ocs2_pinocchio_interface/PinocchioInterface.h
[0.111s] -- Up-to-date symlink: /home/zxs/ocs2_ros2_legubiao/ws/install/ocs2_pinocchio_interface/include/ocs2_pinocchio_interface/ocs2_pinocchio_interface/PinocchioStateInputMapping.h
[0.111s] -- Up-to-date symlink: /home/zxs/ocs2_ros2_legubiao/ws/install/ocs2_pinocchio_interface/include/ocs2_pinocchio_interface/ocs2_pinocchio_interface/implementation/PinocchioInterface.h
[0.111s] -- Up-to-date symlink: /home/zxs/ocs2_ros2_legubiao/ws/install/ocs2_pinocchio_interface/include/ocs2_pinocchio_interface/ocs2_pinocchio_interface/pinocchio_forward_declaration.h
[0.111s] -- Up-to-date symlink: /home/zxs/ocs2_ros2_legubiao/ws/install/ocs2_pinocchio_interface/include/ocs2_pinocchio_interface/ocs2_pinocchio_interface/urdf.h
[0.111s] -- Up-to-date symlink: /home/zxs/ocs2_ros2_legubiao/ws/install/ocs2_pinocchio_interface/share/ocs2_pinocchio_interface/environment/library_path.sh
[0.111s] -- Up-to-date symlink: /home/zxs/ocs2_ros2_legubiao/ws/install/ocs2_pinocchio_interface/share/ocs2_pinocchio_interface/environment/library_path.dsv
[0.111s] -- Up-to-date symlink: /home/zxs/ocs2_ros2_legubiao/ws/install/ocs2_pinocchio_interface/share/ament_index/resource_index/package_run_dependencies/ocs2_pinocchio_interface
[0.111s] -- Up-to-date symlink: /home/zxs/ocs2_ros2_legubiao/ws/install/ocs2_pinocchio_interface/share/ament_index/resource_index/parent_prefix_path/ocs2_pinocchio_interface
[0.111s] -- Up-to-date symlink: /home/zxs/ocs2_ros2_legubiao/ws/install/ocs2_pinocchio_interface/share/ocs2_pinocchio_interface/environment/ament_prefix_path.sh
[0.111s] -- Up-to-date symlink: /home/zxs/ocs2_ros2_legubiao/ws/install/ocs2_pinocchio_interface/share/ocs2_pinocchio_interface/environment/ament_prefix_path.dsv
[0.111s] -- Up-to-date symlink: /home/zxs/ocs2_ros2_legubiao/ws/install/ocs2_pinocchio_interface/share/ocs2_pinocchio_interface/environment/path.sh
[0.111s] -- Up-to-date symlink: /home/zxs/ocs2_ros2_legubiao/ws/install/ocs2_pinocchio_interface/share/ocs2_pinocchio_interface/environment/path.dsv
[0.111s] -- Up-to-date symlink: /home/zxs/ocs2_ros2_legubiao/ws/install/ocs2_pinocchio_interface/share/ocs2_pinocchio_interface/local_setup.bash
[0.112s] -- Up-to-date symlink: /home/zxs/ocs2_ros2_legubiao/ws/install/ocs2_pinocchio_interface/share/ocs2_pinocchio_interface/local_setup.sh
[0.112s] -- Up-to-date symlink: /home/zxs/ocs2_ros2_legubiao/ws/install/ocs2_pinocchio_interface/share/ocs2_pinocchio_interface/local_setup.zsh
[0.112s] -- Up-to-date symlink: /home/zxs/ocs2_ros2_legubiao/ws/install/ocs2_pinocchio_interface/share/ocs2_pinocchio_interface/local_setup.dsv
[0.112s] -- Symlinking: /home/zxs/ocs2_ros2_legubiao/ws/install/ocs2_pinocchio_interface/share/ocs2_pinocchio_interface/package.dsv
[0.118s] -- Up-to-date symlink: /home/zxs/ocs2_ros2_legubiao/ws/install/ocs2_pinocchio_interface/share/ament_index/resource_index/packages/ocs2_pinocchio_interface
[0.118s] -- Up-to-date symlink: /home/zxs/ocs2_ros2_legubiao/ws/install/ocs2_pinocchio_interface/share/ocs2_pinocchio_interface/cmake/pinocchio_config.cmake
[0.118s] -- Up-to-date symlink: /home/zxs/ocs2_ros2_legubiao/ws/install/ocs2_pinocchio_interface/share/ocs2_pinocchio_interface/cmake/ament_cmake_export_dependencies-extras.cmake
[0.118s] -- Up-to-date symlink: /home/zxs/ocs2_ros2_legubiao/ws/install/ocs2_pinocchio_interface/share/ocs2_pinocchio_interface/cmake/ament_cmake_export_targets-extras.cmake
[0.118s] -- Up-to-date symlink: /home/zxs/ocs2_ros2_legubiao/ws/install/ocs2_pinocchio_interface/share/ocs2_pinocchio_interface/cmake/ocs2_pinocchio_interfaceConfig.cmake
[0.118s] -- Up-to-date symlink: /home/zxs/ocs2_ros2_legubiao/ws/install/ocs2_pinocchio_interface/share/ocs2_pinocchio_interface/cmake/ocs2_pinocchio_interfaceConfig-version.cmake
[0.118s] -- Up-to-date symlink: /home/zxs/ocs2_ros2_legubiao/ws/install/ocs2_pinocchio_interface/share/ocs2_pinocchio_interface/package.xml
[0.118s] -- Up-to-date: /home/zxs/ocs2_ros2_legubiao/ws/install/ocs2_pinocchio_interface/lib/libocs2_pinocchio_interface.so
[0.118s] -- Up-to-date: /home/zxs/ocs2_ros2_legubiao/ws/install/ocs2_pinocchio_interface/share/ocs2_pinocchio_interface/cmake/export_ocs2_pinocchio_interfaceExport.cmake
[0.118s] -- Up-to-date: /home/zxs/ocs2_ros2_legubiao/ws/install/ocs2_pinocchio_interface/share/ocs2_pinocchio_interface/cmake/export_ocs2_pinocchio_interfaceExport-release.cmake
[0.119s] Invoked command in '/home/zxs/ocs2_ros2_legubiao/ws/build/ocs2_pinocchio_interface' returned '0': CMAKE_PREFIX_PATH=/home/zxs/ocs2_ros2_legubiao/ws/install/ocs2_robotic_tools:/home/zxs/ocs2_ros2_legubiao/ws/install/ocs2_oc:/home/zxs/ocs2_ros2_legubiao/ws/install/ocs2_core:/home/zxs/ocs2_ros2_legubiao/ws/install/ocs2_thirdparty:/home/zxs/ocs2_ros2_legubiao/ws/install/ocs2_legged_robot_ros:/home/zxs/ocs2_ros2_legubiao/ws/install/ocs2_legged_robot:/home/zxs/ocs2_ros2_legubiao/ws/install/ocs2_sqp:/home/zxs/ocs2_ros2_legubiao/ws/install/ocs2_ros_interfaces:/home/zxs/ocs2_ros2_legubiao/ws/install/ocs2_centroidal_model:/home/zxs/ocs2_ros2_legubiao/ws/install/ocs2_pinocchio_interface:/home/zxs/ocs2_ros2_legubiao/ws/install/ocs2_ipm:/home/zxs/ocs2_ros2_legubiao/ws/install/ocs2_ddp:/home/zxs/ocs2_ros2_legubiao/ws/install/hpipm_colcon:/home/zxs/ocs2_ros2_legubiao/ws/install/ocs2_qp_solver:/home/zxs/ocs2_ros2_legubiao/ws/install/ocs2_mpc:/home/zxs/ocs2_ros2_legubiao/ws/install/ocs2_robotic_assets:/home/zxs/ocs2_ros2_legubiao/ws/install/ocs2_msgs:/home/zxs/ocs2_ros2_legubiao/ws/install/blasfeo_colcon:/opt/ros/humble /usr/bin/cmake --install /home/zxs/ocs2_ros2_legubiao/ws/build/ocs2_pinocchio_interface
