[0.010s] Invoking command in '/home/zxs/ocs2_ros2_legubiao/ws/build/blasfeo_colcon': CMAKE_PREFIX_PATH=${CMAKE_PREFIX_PATH}:/opt/ros/humble /usr/bin/cmake /home/zxs/ocs2_ros2_legubiao/ws/src/ocs2_ros2/mpc/ocs2_sqp/blasfeo_colcon -DCMAKE_INSTALL_PREFIX=/home/zxs/ocs2_ros2_legubiao/ws/install/blasfeo_colcon
[0.019s] -- Found ament_cmake: 1.3.11 (/opt/ros/humble/share/ament_cmake/cmake)
[0.081s] -- Override CMake install command with custom implementation using symlinks instead of copying resources
[0.140s] [0mCMake Deprecation Warning at /home/zxs/ocs2_ros2_legubiao/ws/build/blasfeo_colcon/download/CMakeLists.txt:36 (cmake_minimum_required):
[0.140s]   Compatibility with CMake < 2.8.12 will be removed from a future version of
[0.140s]   CMake.
[0.140s] 
[0.140s]   Update the VERSION argument <min> value or use a ...<max> suffix to tell
[0.140s]   CMake that the project does not need compatibility with older versions.
[0.140s] 
[0.140s] [0m
[0.140s] -- Using linear algebra: HIGH_PERFORMANCE
[0.140s] -- Using matrix format: PANELMAJ
[0.140s] -- Using external BLAS: 0
[0.204s] -- Testing target X64_INTEL_HASWELL: assembly compilation [success]
[0.204s] -- Testing target X64_INTEL_HASWELL: assembly run [success]
[0.402s] -- Testing target X64_INTEL_HASWELL: intrinsic compilation [success]
[0.402s] -- Testing target X64_INTEL_HASWELL: intrinsic run [success]
[0.402s] -- Detected target X64_INTEL_HASWELL
[0.404s] -- FOUND HEADER: /home/zxs/ocs2_ros2_legubiao/ws/build/blasfeo_colcon/download/include/blasfeo.h
[0.404s] -- FOUND HEADER: /home/zxs/ocs2_ros2_legubiao/ws/build/blasfeo_colcon/download/include/blasfeo_block_size.h
[0.404s] -- FOUND HEADER: /home/zxs/ocs2_ros2_legubiao/ws/build/blasfeo_colcon/download/include/blasfeo_common.h
[0.404s] -- FOUND HEADER: /home/zxs/ocs2_ros2_legubiao/ws/build/blasfeo_colcon/download/include/blasfeo_d_aux.h
[0.404s] -- FOUND HEADER: /home/zxs/ocs2_ros2_legubiao/ws/build/blasfeo_colcon/download/include/blasfeo_d_aux_ext_dep.h
[0.404s] -- FOUND HEADER: /home/zxs/ocs2_ros2_legubiao/ws/build/blasfeo_colcon/download/include/blasfeo_d_aux_ext_dep_ref.h
[0.404s] -- FOUND HEADER: /home/zxs/ocs2_ros2_legubiao/ws/build/blasfeo_colcon/download/include/blasfeo_d_aux_old.h
[0.405s] -- FOUND HEADER: /home/zxs/ocs2_ros2_legubiao/ws/build/blasfeo_colcon/download/include/blasfeo_d_aux_ref.h
[0.405s] -- FOUND HEADER: /home/zxs/ocs2_ros2_legubiao/ws/build/blasfeo_colcon/download/include/blasfeo_d_aux_test.h
[0.405s] -- FOUND HEADER: /home/zxs/ocs2_ros2_legubiao/ws/build/blasfeo_colcon/download/include/blasfeo_d_blas.h
[0.405s] -- FOUND HEADER: /home/zxs/ocs2_ros2_legubiao/ws/build/blasfeo_colcon/download/include/blasfeo_d_blas_api.h
[0.405s] -- FOUND HEADER: /home/zxs/ocs2_ros2_legubiao/ws/build/blasfeo_colcon/download/include/blasfeo_d_blasfeo_api.h
[0.405s] -- FOUND HEADER: /home/zxs/ocs2_ros2_legubiao/ws/build/blasfeo_colcon/download/include/blasfeo_d_blasfeo_api_ref.h
[0.405s] -- FOUND HEADER: /home/zxs/ocs2_ros2_legubiao/ws/build/blasfeo_colcon/download/include/blasfeo_d_blasfeo_ref_api.h
[0.405s] -- FOUND HEADER: /home/zxs/ocs2_ros2_legubiao/ws/build/blasfeo_colcon/download/include/blasfeo_d_kernel.h
[0.405s] -- FOUND HEADER: /home/zxs/ocs2_ros2_legubiao/ws/build/blasfeo_colcon/download/include/blasfeo_i_aux_ext_dep.h
[0.405s] -- FOUND HEADER: /home/zxs/ocs2_ros2_legubiao/ws/build/blasfeo_colcon/download/include/blasfeo_m_aux.h
[0.405s] -- FOUND HEADER: /home/zxs/ocs2_ros2_legubiao/ws/build/blasfeo_colcon/download/include/blasfeo_memory.h
[0.405s] -- FOUND HEADER: /home/zxs/ocs2_ros2_legubiao/ws/build/blasfeo_colcon/download/include/blasfeo_naming.h
[0.405s] -- FOUND HEADER: /home/zxs/ocs2_ros2_legubiao/ws/build/blasfeo_colcon/download/include/blasfeo_processor_features.h
[0.405s] -- FOUND HEADER: /home/zxs/ocs2_ros2_legubiao/ws/build/blasfeo_colcon/download/include/blasfeo_s_aux.h
[0.405s] -- FOUND HEADER: /home/zxs/ocs2_ros2_legubiao/ws/build/blasfeo_colcon/download/include/blasfeo_s_aux_ext_dep.h
[0.405s] -- FOUND HEADER: /home/zxs/ocs2_ros2_legubiao/ws/build/blasfeo_colcon/download/include/blasfeo_s_aux_ext_dep_ref.h
[0.405s] -- FOUND HEADER: /home/zxs/ocs2_ros2_legubiao/ws/build/blasfeo_colcon/download/include/blasfeo_s_aux_old.h
[0.405s] -- FOUND HEADER: /home/zxs/ocs2_ros2_legubiao/ws/build/blasfeo_colcon/download/include/blasfeo_s_aux_ref.h
[0.405s] -- FOUND HEADER: /home/zxs/ocs2_ros2_legubiao/ws/build/blasfeo_colcon/download/include/blasfeo_s_aux_test.h
[0.405s] -- FOUND HEADER: /home/zxs/ocs2_ros2_legubiao/ws/build/blasfeo_colcon/download/include/blasfeo_s_blas.h
[0.405s] -- FOUND HEADER: /home/zxs/ocs2_ros2_legubiao/ws/build/blasfeo_colcon/download/include/blasfeo_s_blas_api.h
[0.405s] -- FOUND HEADER: /home/zxs/ocs2_ros2_legubiao/ws/build/blasfeo_colcon/download/include/blasfeo_s_blasfeo_api.h
[0.406s] -- FOUND HEADER: /home/zxs/ocs2_ros2_legubiao/ws/build/blasfeo_colcon/download/include/blasfeo_s_blasfeo_api_ref.h
[0.406s] -- FOUND HEADER: /home/zxs/ocs2_ros2_legubiao/ws/build/blasfeo_colcon/download/include/blasfeo_s_blasfeo_ref_api.h
[0.406s] -- FOUND HEADER: /home/zxs/ocs2_ros2_legubiao/ws/build/blasfeo_colcon/download/include/blasfeo_s_kernel.h
[0.406s] -- FOUND HEADER: /home/zxs/ocs2_ros2_legubiao/ws/build/blasfeo_colcon/download/include/blasfeo_stdlib.h
[0.406s] -- FOUND HEADER: /home/zxs/ocs2_ros2_legubiao/ws/build/blasfeo_colcon/download/include/blasfeo_target.h
[0.406s] -- FOUND HEADER: /home/zxs/ocs2_ros2_legubiao/ws/build/blasfeo_colcon/download/include/blasfeo_timing.h
[0.406s] -- FOUND HEADER: /home/zxs/ocs2_ros2_legubiao/ws/build/blasfeo_colcon/download/include/blasfeo_v_aux_ext_dep.h
[0.406s] -- FOUND HEADER: /home/zxs/ocs2_ros2_legubiao/ws/build/blasfeo_colcon/download/include/d_blas.h
[0.406s] -- FOUND HEADER: /home/zxs/ocs2_ros2_legubiao/ws/build/blasfeo_colcon/download/include/d_blas_64.h
[0.406s] -- FOUND HEADER: /home/zxs/ocs2_ros2_legubiao/ws/build/blasfeo_colcon/download/include/s_blas.h
[0.406s] -- FOUND HEADER: /home/zxs/ocs2_ros2_legubiao/ws/build/blasfeo_colcon/download/include/s_blas_64.h
[0.438s] -- Configuring done
[0.444s] -- Generating done
[0.445s] -- Build files have been written to: /home/zxs/ocs2_ros2_legubiao/ws/build/blasfeo_colcon
[0.447s] Invoked command in '/home/zxs/ocs2_ros2_legubiao/ws/build/blasfeo_colcon' returned '0': CMAKE_PREFIX_PATH=${CMAKE_PREFIX_PATH}:/opt/ros/humble /usr/bin/cmake /home/zxs/ocs2_ros2_legubiao/ws/src/ocs2_ros2/mpc/ocs2_sqp/blasfeo_colcon -DCMAKE_INSTALL_PREFIX=/home/zxs/ocs2_ros2_legubiao/ws/install/blasfeo_colcon
[0.448s] Invoking command in '/home/zxs/ocs2_ros2_legubiao/ws/build/blasfeo_colcon': CMAKE_PREFIX_PATH=${CMAKE_PREFIX_PATH}:/opt/ros/humble /usr/bin/cmake --build /home/zxs/ocs2_ros2_legubiao/ws/build/blasfeo_colcon -- -j28 -l28
[0.468s] [35m[1mScanning dependencies of target blasfeo[0m
[0.471s] [35m[1mConsolidate compiler generated dependencies of target blasfeo[0m
[0.487s] [100%] Built target blasfeo
[0.494s] Invoked command in '/home/zxs/ocs2_ros2_legubiao/ws/build/blasfeo_colcon' returned '0': CMAKE_PREFIX_PATH=${CMAKE_PREFIX_PATH}:/opt/ros/humble /usr/bin/cmake --build /home/zxs/ocs2_ros2_legubiao/ws/build/blasfeo_colcon -- -j28 -l28
[0.494s] Invoking command in '/home/zxs/ocs2_ros2_legubiao/ws/build/blasfeo_colcon': CMAKE_PREFIX_PATH=${CMAKE_PREFIX_PATH}:/opt/ros/humble /usr/bin/cmake --install /home/zxs/ocs2_ros2_legubiao/ws/build/blasfeo_colcon
[0.498s] -- Install configuration: "Release"
[0.498s] -- Execute custom install script
[0.498s] -- Up-to-date symlink: /home/zxs/ocs2_ros2_legubiao/ws/install/blasfeo_colcon/include/blasfeo.h
[0.498s] -- Up-to-date symlink: /home/zxs/ocs2_ros2_legubiao/ws/install/blasfeo_colcon/include/blasfeo_block_size.h
[0.498s] -- Up-to-date symlink: /home/zxs/ocs2_ros2_legubiao/ws/install/blasfeo_colcon/include/blasfeo_common.h
[0.498s] -- Up-to-date symlink: /home/zxs/ocs2_ros2_legubiao/ws/install/blasfeo_colcon/include/blasfeo_d_aux.h
[0.498s] -- Up-to-date symlink: /home/zxs/ocs2_ros2_legubiao/ws/install/blasfeo_colcon/include/blasfeo_d_aux_ext_dep.h
[0.498s] -- Up-to-date symlink: /home/zxs/ocs2_ros2_legubiao/ws/install/blasfeo_colcon/include/blasfeo_d_aux_ext_dep_ref.h
[0.498s] -- Up-to-date symlink: /home/zxs/ocs2_ros2_legubiao/ws/install/blasfeo_colcon/include/blasfeo_d_aux_old.h
[0.498s] -- Up-to-date symlink: /home/zxs/ocs2_ros2_legubiao/ws/install/blasfeo_colcon/include/blasfeo_d_aux_ref.h
[0.498s] -- Up-to-date symlink: /home/zxs/ocs2_ros2_legubiao/ws/install/blasfeo_colcon/include/blasfeo_d_aux_test.h
[0.498s] -- Up-to-date symlink: /home/zxs/ocs2_ros2_legubiao/ws/install/blasfeo_colcon/include/blasfeo_d_blas.h
[0.499s] -- Up-to-date symlink: /home/zxs/ocs2_ros2_legubiao/ws/install/blasfeo_colcon/include/blasfeo_d_blas_api.h
[0.499s] -- Up-to-date symlink: /home/zxs/ocs2_ros2_legubiao/ws/install/blasfeo_colcon/include/blasfeo_d_blasfeo_api.h
[0.499s] -- Up-to-date symlink: /home/zxs/ocs2_ros2_legubiao/ws/install/blasfeo_colcon/include/blasfeo_d_blasfeo_api_ref.h
[0.499s] -- Up-to-date symlink: /home/zxs/ocs2_ros2_legubiao/ws/install/blasfeo_colcon/include/blasfeo_d_blasfeo_ref_api.h
[0.499s] -- Up-to-date symlink: /home/zxs/ocs2_ros2_legubiao/ws/install/blasfeo_colcon/include/blasfeo_d_kernel.h
[0.499s] -- Up-to-date symlink: /home/zxs/ocs2_ros2_legubiao/ws/install/blasfeo_colcon/include/blasfeo_i_aux_ext_dep.h
[0.499s] -- Up-to-date symlink: /home/zxs/ocs2_ros2_legubiao/ws/install/blasfeo_colcon/include/blasfeo_m_aux.h
[0.499s] -- Up-to-date symlink: /home/zxs/ocs2_ros2_legubiao/ws/install/blasfeo_colcon/include/blasfeo_memory.h
[0.499s] -- Up-to-date symlink: /home/zxs/ocs2_ros2_legubiao/ws/install/blasfeo_colcon/include/blasfeo_naming.h
[0.499s] -- Up-to-date symlink: /home/zxs/ocs2_ros2_legubiao/ws/install/blasfeo_colcon/include/blasfeo_processor_features.h
[0.499s] -- Up-to-date symlink: /home/zxs/ocs2_ros2_legubiao/ws/install/blasfeo_colcon/include/blasfeo_s_aux.h
[0.499s] -- Up-to-date symlink: /home/zxs/ocs2_ros2_legubiao/ws/install/blasfeo_colcon/include/blasfeo_s_aux_ext_dep.h
[0.499s] -- Up-to-date symlink: /home/zxs/ocs2_ros2_legubiao/ws/install/blasfeo_colcon/include/blasfeo_s_aux_ext_dep_ref.h
[0.499s] -- Up-to-date symlink: /home/zxs/ocs2_ros2_legubiao/ws/install/blasfeo_colcon/include/blasfeo_s_aux_old.h
[0.499s] -- Up-to-date symlink: /home/zxs/ocs2_ros2_legubiao/ws/install/blasfeo_colcon/include/blasfeo_s_aux_ref.h
[0.499s] -- Up-to-date symlink: /home/zxs/ocs2_ros2_legubiao/ws/install/blasfeo_colcon/include/blasfeo_s_aux_test.h
[0.499s] -- Up-to-date symlink: /home/zxs/ocs2_ros2_legubiao/ws/install/blasfeo_colcon/include/blasfeo_s_blas.h
[0.499s] -- Up-to-date symlink: /home/zxs/ocs2_ros2_legubiao/ws/install/blasfeo_colcon/include/blasfeo_s_blas_api.h
[0.499s] -- Up-to-date symlink: /home/zxs/ocs2_ros2_legubiao/ws/install/blasfeo_colcon/include/blasfeo_s_blasfeo_api.h
[0.499s] -- Up-to-date symlink: /home/zxs/ocs2_ros2_legubiao/ws/install/blasfeo_colcon/include/blasfeo_s_blasfeo_api_ref.h
[0.499s] -- Up-to-date symlink: /home/zxs/ocs2_ros2_legubiao/ws/install/blasfeo_colcon/include/blasfeo_s_blasfeo_ref_api.h
[0.499s] -- Up-to-date symlink: /home/zxs/ocs2_ros2_legubiao/ws/install/blasfeo_colcon/include/blasfeo_s_kernel.h
[0.499s] -- Up-to-date symlink: /home/zxs/ocs2_ros2_legubiao/ws/install/blasfeo_colcon/include/blasfeo_stdlib.h
[0.499s] -- Up-to-date symlink: /home/zxs/ocs2_ros2_legubiao/ws/install/blasfeo_colcon/include/blasfeo_target.h
[0.499s] -- Up-to-date symlink: /home/zxs/ocs2_ros2_legubiao/ws/install/blasfeo_colcon/include/blasfeo_timing.h
[0.499s] -- Up-to-date symlink: /home/zxs/ocs2_ros2_legubiao/ws/install/blasfeo_colcon/include/blasfeo_v_aux_ext_dep.h
[0.499s] -- Up-to-date symlink: /home/zxs/ocs2_ros2_legubiao/ws/install/blasfeo_colcon/include/d_blas.h
[0.499s] -- Up-to-date symlink: /home/zxs/ocs2_ros2_legubiao/ws/install/blasfeo_colcon/include/d_blas_64.h
[0.499s] -- Up-to-date symlink: /home/zxs/ocs2_ros2_legubiao/ws/install/blasfeo_colcon/include/s_blas.h
[0.500s] -- Up-to-date symlink: /home/zxs/ocs2_ros2_legubiao/ws/install/blasfeo_colcon/include/s_blas_64.h
[0.500s] -- Up-to-date symlink: /home/zxs/ocs2_ros2_legubiao/ws/install/blasfeo_colcon/share/ament_index/resource_index/package_run_dependencies/blasfeo_colcon
[0.500s] -- Up-to-date symlink: /home/zxs/ocs2_ros2_legubiao/ws/install/blasfeo_colcon/share/ament_index/resource_index/parent_prefix_path/blasfeo_colcon
[0.500s] -- Up-to-date symlink: /home/zxs/ocs2_ros2_legubiao/ws/install/blasfeo_colcon/share/blasfeo_colcon/environment/ament_prefix_path.sh
[0.500s] -- Up-to-date symlink: /home/zxs/ocs2_ros2_legubiao/ws/install/blasfeo_colcon/share/blasfeo_colcon/environment/ament_prefix_path.dsv
[0.500s] -- Up-to-date symlink: /home/zxs/ocs2_ros2_legubiao/ws/install/blasfeo_colcon/share/blasfeo_colcon/environment/path.sh
[0.500s] -- Up-to-date symlink: /home/zxs/ocs2_ros2_legubiao/ws/install/blasfeo_colcon/share/blasfeo_colcon/environment/path.dsv
[0.500s] -- Up-to-date symlink: /home/zxs/ocs2_ros2_legubiao/ws/install/blasfeo_colcon/share/blasfeo_colcon/local_setup.bash
[0.500s] -- Up-to-date symlink: /home/zxs/ocs2_ros2_legubiao/ws/install/blasfeo_colcon/share/blasfeo_colcon/local_setup.sh
[0.500s] -- Up-to-date symlink: /home/zxs/ocs2_ros2_legubiao/ws/install/blasfeo_colcon/share/blasfeo_colcon/local_setup.zsh
[0.500s] -- Up-to-date symlink: /home/zxs/ocs2_ros2_legubiao/ws/install/blasfeo_colcon/share/blasfeo_colcon/local_setup.dsv
[0.500s] -- Symlinking: /home/zxs/ocs2_ros2_legubiao/ws/install/blasfeo_colcon/share/blasfeo_colcon/package.dsv
[0.504s] -- Up-to-date symlink: /home/zxs/ocs2_ros2_legubiao/ws/install/blasfeo_colcon/share/ament_index/resource_index/packages/blasfeo_colcon
[0.504s] -- Up-to-date symlink: /home/zxs/ocs2_ros2_legubiao/ws/install/blasfeo_colcon/share/blasfeo_colcon/cmake/blasfeo-extras.cmake
[0.504s] -- Up-to-date symlink: /home/zxs/ocs2_ros2_legubiao/ws/install/blasfeo_colcon/share/blasfeo_colcon/cmake/ament_cmake_export_include_directories-extras.cmake
[0.504s] -- Up-to-date symlink: /home/zxs/ocs2_ros2_legubiao/ws/install/blasfeo_colcon/share/blasfeo_colcon/cmake/ament_cmake_export_dependencies-extras.cmake
[0.505s] -- Up-to-date symlink: /home/zxs/ocs2_ros2_legubiao/ws/install/blasfeo_colcon/share/blasfeo_colcon/cmake/blasfeo_colconConfig.cmake
[0.505s] -- Up-to-date symlink: /home/zxs/ocs2_ros2_legubiao/ws/install/blasfeo_colcon/share/blasfeo_colcon/cmake/blasfeo_colconConfig-version.cmake
[0.505s] -- Up-to-date symlink: /home/zxs/ocs2_ros2_legubiao/ws/install/blasfeo_colcon/share/blasfeo_colcon/package.xml
[0.505s] -- Up-to-date: /home/zxs/ocs2_ros2_legubiao/ws/install/blasfeo_colcon/cmake/blasfeoConfig.cmake
[0.505s] -- Up-to-date: /home/zxs/ocs2_ros2_legubiao/ws/install/blasfeo_colcon/cmake/blasfeoConfig-release.cmake
[0.506s] Invoked command in '/home/zxs/ocs2_ros2_legubiao/ws/build/blasfeo_colcon' returned '0': CMAKE_PREFIX_PATH=${CMAKE_PREFIX_PATH}:/opt/ros/humble /usr/bin/cmake --install /home/zxs/ocs2_ros2_legubiao/ws/build/blasfeo_colcon
