In file included from [01m[K/usr/include/eigen3/Eigen/Core:278[m[K,
                 from [01m[K/usr/include/eigen3/Eigen/Dense:1[m[K,
                 from [01m[K/home/zxs/ocs2_ros2_legubiao/ws/install/ocs2_core/include/ocs2_core/ocs2_core/Types.h:32[m[K,
                 from [01m[K/home/zxs/ocs2_ros2_legubiao/ws/src/ocs2_ros2/core/ocs2_oc/include/ocs2_oc/multiple_shooting/Transcription.h:32[m[K,
                 from [01m[K/home/zxs/ocs2_ros2_legubiao/ws/src/ocs2_ros2/core/ocs2_oc/test/multiple_shooting/testTranscriptionPerformanceIndex.cpp:32[m[K:
In static member function ‘[01m[Kstatic void Eigen::internal::dense_assignment_loop<Kernel, 1, 0>::run(Kernel&) [with Kernel = Eigen::internal::generic_dense_assignment_kernel<Eigen::internal::evaluator<Eigen::Matrix<double, -1, -1> >, Eigen::internal::evaluator<Eigen::CwiseNullaryOp<Eigen::internal::scalar_random_op<double>, Eigen::Matrix<double, -1, -1> > >, Eigen::internal::assign_op<double, double>, 0>][m[K’,
    inlined from ‘[01m[Kvoid Eigen::internal::call_dense_assignment_loop(DstXprType&, const SrcXprType&, const Functor&) [with DstXprType = Eigen::Matrix<double, -1, -1>; SrcXprType = Eigen::CwiseNullaryOp<scalar_random_op<double>, Eigen::Matrix<double, -1, -1> >; Functor = assign_op<double, double>][m[K’ at [01m[K/usr/include/eigen3/Eigen/src/Core/AssignEvaluator.h:785:37[m[K,
    inlined from ‘[01m[Kstatic void Eigen::internal::Assignment<DstXprType, SrcXprType, Functor, Eigen::internal::Dense2Dense, Weak>::run(DstXprType&, const SrcXprType&, const Functor&) [with DstXprType = Eigen::Matrix<double, -1, -1>; SrcXprType = Eigen::CwiseNullaryOp<Eigen::internal::scalar_random_op<double>, Eigen::Matrix<double, -1, -1> >; Functor = Eigen::internal::assign_op<double, double>; Weak = void][m[K’ at [01m[K/usr/include/eigen3/Eigen/src/Core/AssignEvaluator.h:954:31[m[K,
    inlined from ‘[01m[Kvoid Eigen::internal::call_assignment_no_alias(Dst&, const Src&, const Func&) [with Dst = Eigen::Matrix<double, -1, -1>; Src = Eigen::CwiseNullaryOp<scalar_random_op<double>, Eigen::Matrix<double, -1, -1> >; Func = assign_op<double, double>][m[K’ at [01m[K/usr/include/eigen3/Eigen/src/Core/AssignEvaluator.h:890:49[m[K,
    inlined from ‘[01m[Kvoid Eigen::internal::call_assignment(Dst&, const Src&, const Func&, typename enable_if<(! evaluator_assume_aliasing<Src>::value), void*>::type) [with Dst = Eigen::Matrix<double, -1, -1>; Src = Eigen::CwiseNullaryOp<scalar_random_op<double>, Eigen::Matrix<double, -1, -1> >; Func = assign_op<double, double>][m[K’ at [01m[K/usr/include/eigen3/Eigen/src/Core/AssignEvaluator.h:858:27[m[K,
    inlined from ‘[01m[Kvoid Eigen::internal::call_assignment(Dst&, const Src&) [with Dst = Eigen::Matrix<double, -1, -1>; Src = Eigen::CwiseNullaryOp<scalar_random_op<double>, Eigen::Matrix<double, -1, -1> >][m[K’ at [01m[K/usr/include/eigen3/Eigen/src/Core/AssignEvaluator.h:836:18[m[K,
    inlined from ‘[01m[KDerived& Eigen::PlainObjectBase<Derived>::_set(const Eigen::DenseBase<OtherDerived>&) [with OtherDerived = Eigen::CwiseNullaryOp<Eigen::internal::scalar_random_op<double>, Eigen::Matrix<double, -1, -1> >; Derived = Eigen::Matrix<double, -1, -1>][m[K’ at [01m[K/usr/include/eigen3/Eigen/src/Core/PlainObjectBase.h:779:32[m[K,
    inlined from ‘[01m[KEigen::Matrix<_Scalar, _Rows, _Cols, _Options, _MaxRows, _MaxCols>& Eigen::Matrix<_Scalar, _Rows, _Cols, _Options, _MaxRows, _MaxCols>::operator=(const Eigen::DenseBase<OtherDerived>&) [with OtherDerived = Eigen::CwiseNullaryOp<Eigen::internal::scalar_random_op<double>, Eigen::Matrix<double, -1, -1> >; _Scalar = double; int _Rows = -1; int _Cols = -1; int _Options = 0; int _MaxRows = -1; int _MaxCols = -1][m[K’ at [01m[K/usr/include/eigen3/Eigen/src/Core/Matrix.h:225:24[m[K,
    inlined from ‘[01m[Kocs2::VectorFunctionLinearApproximation ocs2::getRandomConstraints(int, int, int)[m[K’ at [01m[K/home/zxs/ocs2_ros2_legubiao/ws/src/ocs2_ros2/core/ocs2_oc/test/include/ocs2_oc/test/testProblemsGeneration.h:88:46[m[K:
[01m[K/usr/include/eigen3/Eigen/src/Core/AssignEvaluator.h:517:5:[m[K [01;35m[Kwarning: [m[Kiteration 2305843009213693952 invokes undefined behavior [[01;35m[K]8;;https://gcc.gnu.org/onlinedocs/gcc/Warning-Options.html#index-Waggressive-loop-optimizations-Waggressive-loop-optimizations]8;;[m[K]
  517 |     [01;35m[Kfor[m[K(Index i = 0; i < size; ++i)
      |     [01;35m[K^~~[m[K
[01m[K/usr/include/eigen3/Eigen/src/Core/AssignEvaluator.h:517:24:[m[K [01;36m[Knote: [m[Kwithin this loop
  517 |     for(Index i = 0; [01;36m[Ki < size[m[K; ++i)
      |                      [01;36m[K~~^~~~~~[m[K
In file included from [01m[K/usr/include/eigen3/Eigen/Core:278[m[K,
                 from [01m[K/usr/include/eigen3/Eigen/Dense:1[m[K,
                 from [01m[K/home/zxs/ocs2_ros2_legubiao/ws/install/ocs2_core/include/ocs2_core/ocs2_core/Types.h:32[m[K,
                 from [01m[K/home/zxs/ocs2_ros2_legubiao/ws/src/ocs2_ros2/core/ocs2_oc/include/ocs2_oc/multiple_shooting/MetricsComputation.h:32[m[K,
                 from [01m[K/home/zxs/ocs2_ros2_legubiao/ws/src/ocs2_ros2/core/ocs2_oc/test/multiple_shooting/testTranscriptionMetrics.cpp:32[m[K:
In static member function ‘[01m[Kstatic void Eigen::internal::dense_assignment_loop<Kernel, 1, 0>::run(Kernel&) [with Kernel = Eigen::internal::generic_dense_assignment_kernel<Eigen::internal::evaluator<Eigen::Matrix<double, -1, -1> >, Eigen::internal::evaluator<Eigen::CwiseNullaryOp<Eigen::internal::scalar_random_op<double>, Eigen::Matrix<double, -1, -1> > >, Eigen::internal::assign_op<double, double>, 0>][m[K’,
    inlined from ‘[01m[Kvoid Eigen::internal::call_dense_assignment_loop(DstXprType&, const SrcXprType&, const Functor&) [with DstXprType = Eigen::Matrix<double, -1, -1>; SrcXprType = Eigen::CwiseNullaryOp<scalar_random_op<double>, Eigen::Matrix<double, -1, -1> >; Functor = assign_op<double, double>][m[K’ at [01m[K/usr/include/eigen3/Eigen/src/Core/AssignEvaluator.h:785:37[m[K,
    inlined from ‘[01m[Kstatic void Eigen::internal::Assignment<DstXprType, SrcXprType, Functor, Eigen::internal::Dense2Dense, Weak>::run(DstXprType&, const SrcXprType&, const Functor&) [with DstXprType = Eigen::Matrix<double, -1, -1>; SrcXprType = Eigen::CwiseNullaryOp<Eigen::internal::scalar_random_op<double>, Eigen::Matrix<double, -1, -1> >; Functor = Eigen::internal::assign_op<double, double>; Weak = void][m[K’ at [01m[K/usr/include/eigen3/Eigen/src/Core/AssignEvaluator.h:954:31[m[K,
    inlined from ‘[01m[Kvoid Eigen::internal::call_assignment_no_alias(Dst&, const Src&, const Func&) [with Dst = Eigen::Matrix<double, -1, -1>; Src = Eigen::CwiseNullaryOp<scalar_random_op<double>, Eigen::Matrix<double, -1, -1> >; Func = assign_op<double, double>][m[K’ at [01m[K/usr/include/eigen3/Eigen/src/Core/AssignEvaluator.h:890:49[m[K,
    inlined from ‘[01m[Kvoid Eigen::internal::call_assignment(Dst&, const Src&, const Func&, typename enable_if<(! evaluator_assume_aliasing<Src>::value), void*>::type) [with Dst = Eigen::Matrix<double, -1, -1>; Src = Eigen::CwiseNullaryOp<scalar_random_op<double>, Eigen::Matrix<double, -1, -1> >; Func = assign_op<double, double>][m[K’ at [01m[K/usr/include/eigen3/Eigen/src/Core/AssignEvaluator.h:858:27[m[K,
    inlined from ‘[01m[Kvoid Eigen::internal::call_assignment(Dst&, const Src&) [with Dst = Eigen::Matrix<double, -1, -1>; Src = Eigen::CwiseNullaryOp<scalar_random_op<double>, Eigen::Matrix<double, -1, -1> >][m[K’ at [01m[K/usr/include/eigen3/Eigen/src/Core/AssignEvaluator.h:836:18[m[K,
    inlined from ‘[01m[KDerived& Eigen::PlainObjectBase<Derived>::_set(const Eigen::DenseBase<OtherDerived>&) [with OtherDerived = Eigen::CwiseNullaryOp<Eigen::internal::scalar_random_op<double>, Eigen::Matrix<double, -1, -1> >; Derived = Eigen::Matrix<double, -1, -1>][m[K’ at [01m[K/usr/include/eigen3/Eigen/src/Core/PlainObjectBase.h:779:32[m[K,
    inlined from ‘[01m[KEigen::Matrix<_Scalar, _Rows, _Cols, _Options, _MaxRows, _MaxCols>& Eigen::Matrix<_Scalar, _Rows, _Cols, _Options, _MaxRows, _MaxCols>::operator=(const Eigen::DenseBase<OtherDerived>&) [with OtherDerived = Eigen::CwiseNullaryOp<Eigen::internal::scalar_random_op<double>, Eigen::Matrix<double, -1, -1> >; _Scalar = double; int _Rows = -1; int _Cols = -1; int _Options = 0; int _MaxRows = -1; int _MaxCols = -1][m[K’ at [01m[K/usr/include/eigen3/Eigen/src/Core/Matrix.h:225:24[m[K,
    inlined from ‘[01m[Kocs2::VectorFunctionLinearApproximation ocs2::getRandomConstraints(int, int, int)[m[K’ at [01m[K/home/zxs/ocs2_ros2_legubiao/ws/src/ocs2_ros2/core/ocs2_oc/test/include/ocs2_oc/test/testProblemsGeneration.h:88:46[m[K:
[01m[K/usr/include/eigen3/Eigen/src/Core/AssignEvaluator.h:517:5:[m[K [01;35m[Kwarning: [m[Kiteration 2305843009213693952 invokes undefined behavior [[01;35m[K]8;;https://gcc.gnu.org/onlinedocs/gcc/Warning-Options.html#index-Waggressive-loop-optimizations-Waggressive-loop-optimizations]8;;[m[K]
  517 |     [01;35m[Kfor[m[K(Index i = 0; i < size; ++i)
      |     [01;35m[K^~~[m[K
[01m[K/usr/include/eigen3/Eigen/src/Core/AssignEvaluator.h:517:24:[m[K [01;36m[Knote: [m[Kwithin this loop
  517 |     for(Index i = 0; [01;36m[Ki < size[m[K; ++i)
      |                      [01;36m[K~~^~~~~~[m[K
