-- The C compiler identification is GNU 12.3.0
-- The CXX compiler identification is GNU 12.3.0
-- Detecting C compiler ABI info
-- Detecting C compiler ABI info - done
-- Check for working C compiler: /usr/bin/cc - skipped
-- Detecting C compile features
-- Detecting C compile features - done
-- Detecting CXX compiler ABI info
-- Detecting CXX compiler ABI info - done
-- Check for working CXX compiler: /usr/bin/c++ - skipped
-- Detecting CXX compile features
-- Detecting CXX compile features - done
-- Found ament_cmake: 1.3.11 (/opt/ros/humble/share/ament_cmake/cmake)
-- Found Python3: /usr/bin/python3 (found version "3.10.13") found components: Interpreter 
-- Found tf2_ros: 0.25.12 (/opt/ros/humble/share/tf2_ros/cmake)
-- Found rosidl_generator_c: 3.1.6 (/opt/ros/humble/share/rosidl_generator_c/cmake)
-- Found rosidl_adapter: 3.1.6 (/opt/ros/humble/share/rosidl_adapter/cmake)
-- Found rosidl_generator_cpp: 3.1.6 (/opt/ros/humble/share/rosidl_generator_cpp/cmake)
-- Using all available rosidl_typesupport_c: rosidl_typesupport_fastrtps_c;rosidl_typesupport_introspection_c
-- Using all available rosidl_typesupport_cpp: rosidl_typesupport_fastrtps_cpp;rosidl_typesupport_introspection_cpp
-- Found rmw_implementation_cmake: 6.1.2 (/opt/ros/humble/share/rmw_implementation_cmake/cmake)
-- Found rmw_fastrtps_cpp: 6.2.7 (/opt/ros/humble/share/rmw_fastrtps_cpp/cmake)
-- Found OpenSSL: /usr/lib/x86_64-linux-gnu/libcrypto.so (found version "3.0.2")  
-- Found FastRTPS: /opt/ros/humble/include  
-- Using RMW implementation 'rmw_fastrtps_cpp' as default
-- Looking for pthread.h
-- Looking for pthread.h - found
-- Performing Test CMAKE_HAVE_LIBC_PTHREAD
-- Performing Test CMAKE_HAVE_LIBC_PTHREAD - Success
-- Found Threads: TRUE  
-- Found urdf: 2.6.1 (/opt/ros/humble/share/urdf/cmake)
-- Found kdl_parser: 2.6.4 (/opt/ros/humble/share/kdl_parser/cmake)
-- Found eigen3_cmake_module: 0.1.1 (/opt/ros/humble/share/eigen3_cmake_module/cmake)
-- Found Eigen3: TRUE (found version "3.4.0") 
-- Ensuring Eigen3 include directory is part of orocos-kdl CMake target
-- Found robot_state_publisher: 3.0.3 (/opt/ros/humble/share/robot_state_publisher/cmake)
-- Found ocs2_core: 0.0.0 (/home/zxs/ocs2_ros2_legubiao/ws/install/ocs2_core/share/ocs2_core/cmake)
-- Found OpenMP_C: -fopenmp (found version "4.5") 
-- Found OpenMP_CXX: -fopenmp (found version "4.5") 
-- Found OpenMP: TRUE (found version "4.5")  
-- Found Boost: /usr/lib/x86_64-linux-gnu/cmake/Boost-1.74.0/BoostConfig.cmake (found version "1.74.0") found components: system filesystem log_setup log 
-- Found ocs2_oc: 0.0.0 (/home/zxs/ocs2_ros2_legubiao/ws/install/ocs2_oc/share/ocs2_oc/cmake)
-- Found ocs2_ddp: 0.0.0 (/home/zxs/ocs2_ros2_legubiao/ws/install/ocs2_ddp/share/ocs2_ddp/cmake)
-- Found ocs2_sqp: 0.0.0 (/home/zxs/ocs2_ros2_legubiao/ws/install/ocs2_sqp/share/ocs2_sqp/cmake)
-- Found ocs2_ipm: 0.0.0 (/home/zxs/ocs2_ros2_legubiao/ws/install/ocs2_ipm/share/ocs2_ipm/cmake)
-- Found ocs2_robotic_tools: 0.0.0 (/home/zxs/ocs2_ros2_legubiao/ws/install/ocs2_robotic_tools/share/ocs2_robotic_tools/cmake)
-- Found ocs2_pinocchio_interface: 0.0.0 (/home/zxs/ocs2_ros2_legubiao/ws/install/ocs2_pinocchio_interface/share/ocs2_pinocchio_interface/cmake)
-- pinocchio_default FOUND. pinocchio_default at /opt/ros/humble/lib/x86_64-linux-gnu/libpinocchio_default.so
-- pinocchio_parsers FOUND. pinocchio_parsers at /opt/ros/humble/lib/x86_64-linux-gnu/libpinocchio_parsers.so
-- boost_filesystem FOUND. boost_filesystem at /lib/x86_64-linux-gnu/libboost_filesystem.so
-- boost_serialization FOUND. boost_serialization at /lib/x86_64-linux-gnu/libboost_serialization.so
-- boost_system FOUND. boost_system at /lib/x86_64-linux-gnu/libboost_system.so
-- eigenpy FOUND. eigenpy at /opt/ros/humble/lib/x86_64-linux-gnu/libeigenpy.so
-- Checking for NumPy
--   NUMPY_INCLUDE_DIRS=/usr/lib/python3/dist-packages/numpy/core/include
--   NUMPY_VERSION=1.21.5
-- Found Python3: /usr/bin/python3 (found version "3.10.13") found components: Interpreter Development.Module NumPy 
-- PythonLibraryDirs: 
-- PythonLibVersionString: 3.10.13
-- Python site lib: lib/python3.10/site-packages
-- Python include dirs: /usr/include/python3.10
-- Checking for NumPy
--   NUMPY_INCLUDE_DIRS=/usr/lib/python3/dist-packages/numpy/core/include
--   NUMPY_VERSION=1.21.5
-- NumPy include dir: /usr/lib/python3/dist-packages/numpy/core/include
[33mCMake Warning at /usr/share/cmake-3.22/Modules/FindBoost.cmake:2201 (message):
  No header defined for python310; skipping header check (note: header-only
  libraries have no designated component)
Call Stack (most recent call first):
  /opt/ros/humble/lib/x86_64-linux-gnu/cmake/eigenpy/boost.cmake:148 (find_package)
  /opt/ros/humble/lib/x86_64-linux-gnu/cmake/eigenpy/eigenpyConfig.cmake:149 (SEARCH_FOR_BOOST_PYTHON)
  /usr/share/cmake-3.22/Modules/CMakeFindDependencyMacro.cmake:47 (find_package)
  /opt/ros/humble/lib/x86_64-linux-gnu/cmake/pinocchio/pinocchioConfig.cmake:161 (find_dependency)
  /home/zxs/ocs2_ros2_legubiao/ws/install/ocs2_pinocchio_interface/share/ocs2_pinocchio_interface/cmake/ament_cmake_export_dependencies-extras.cmake:21 (find_package)
  /home/zxs/ocs2_ros2_legubiao/ws/install/ocs2_pinocchio_interface/share/ocs2_pinocchio_interface/cmake/ocs2_pinocchio_interfaceConfig.cmake:41 (include)
  CMakeLists.txt:45 (find_package)

[0m
-- Found Boost: /usr/include (found version "1.74.0") found components: python310 
-- Default C++ standard: 201703
-- Minimal C++ standard upgraded to 11
-- C++ standard sufficient: Minimal required 11, currently defined: 17
-- hpp-fcl FOUND. hpp-fcl at /opt/ros/humble/lib/x86_64-linux-gnu/libhpp-fcl.so
-- C++ standard sufficient: Minimal required 11, currently defined: 17
-- C++ standard sufficient: Minimal required 11, currently defined: 17
-- coal FOUND. coal at /opt/ros/humble/lib/x86_64-linux-gnu/libcoal.so
-- C++ standard sufficient: Minimal required 11, currently defined: 17
-- Found ocs2_centroidal_model: 0.0.0 (/home/zxs/ocs2_ros2_legubiao/ws/install/ocs2_centroidal_model/share/ocs2_centroidal_model/cmake)
-- Found ocs2_msgs: 0.0.0 (/home/zxs/ocs2_ros2_legubiao/ws/install/ocs2_msgs/share/ocs2_msgs/cmake)
-- Found ocs2_ros_interfaces: 0.0.0 (/home/zxs/ocs2_ros2_legubiao/ws/install/ocs2_ros_interfaces/share/ocs2_ros_interfaces/cmake)
-- Found humanoid_interface: 0.0.1 (/home/zxs/ocs2_ros2_legubiao/ws/install/humanoid_interface/share/humanoid_interface/cmake)
-- Found Boost: /usr/include (found version "1.74.0") found components: system filesystem 
-- Found PkgConfig: /usr/bin/pkg-config (found version "0.29.2") 
-- Checking for module 'pinocchio'
--   Found pinocchio, version 3.4.0
-- Found ament_lint_auto: 0.12.12 (/opt/ros/humble/share/ament_lint_auto/cmake)
-- Added test 'copyright' to check source files copyright and LICENSE
-- Added test 'cppcheck' to perform static code analysis on C / C++ code
-- Configured cppcheck include dirs: $<BUILD_INTERFACE:/home/zxs/ocs2_ros2_legubiao/ws/src/humanoid_control/humanoid_dummy/include>
-- Configured cppcheck exclude dirs and/or files: 
-- Added test 'cpplint' to check C / C++ code against the Google style
-- Configured cpplint exclude dirs and/or files: 
-- Added test 'flake8' to check Python code syntax and style conventions
-- Added test 'lint_cmake' to check CMake code style
-- Added test 'pep257' to check Python code against some of the docstring style conventions in PEP 257
-- Added test 'uncrustify' to check C / C++ code style
-- Configured uncrustify additional arguments: 
-- Added test 'xmllint' to check XML markup files
-- Configuring done
-- Generating done
-- Build files have been written to: /home/zxs/ocs2_ros2_legubiao/ws/build/humanoid_dummy
[ 18%] [32mBuilding CXX object CMakeFiles/humanoid_dummy.dir/src/gait/GaitReceiver.cpp.o[0m
[ 18%] [32mBuilding CXX object CMakeFiles/humanoid_dummy.dir/src/gait/GaitKeyboardPublisher.cpp.o[0m
[ 18%] [32mBuilding CXX object CMakeFiles/humanoid_dummy.dir/src/visualization/HumanoidVisualizer.cpp.o[0m
[ 25%] [32m[1mLinking CXX static library libhumanoid_dummy.a[0m
[ 25%] Built target humanoid_dummy
[ 31%] [32mBuilding CXX object CMakeFiles/humanoid_gait_command.dir/src/HumanoidGaitCommandNode.cpp.o[0m
[ 37%] [32mBuilding CXX object CMakeFiles/humanoid_dummy_node.dir/src/HumanoidDummyNode.cpp.o[0m
[ 43%] [32mBuilding CXX object CMakeFiles/humanoid_sqp_mpc.dir/src/HumanoidSqpMpcNode.cpp.o[0m
[ 56%] [32mBuilding CXX object CMakeFiles/humanoid_ddp_mpc.dir/src/HumanoidDdpMpcNode.cpp.o[0m
[ 56%] [32mBuilding CXX object CMakeFiles/humanoid_ipm_mpc.dir/src/HumanoidIpmMpcNode.cpp.o[0m
[ 62%] [32mBuilding CXX object CMakeFiles/humanoid_target.dir/src/HumanoidPoseCommandNode.cpp.o[0m
[ 68%] [32m[1mLinking CXX executable humanoid_gait_command[0m
[ 68%] Built target humanoid_gait_command
[ 75%] [32m[1mLinking CXX executable humanoid_target[0m
[ 75%] Built target humanoid_target
[ 81%] [32m[1mLinking CXX executable humanoid_sqp_mpc[0m
[ 87%] [32m[1mLinking CXX executable humanoid_ipm_mpc[0m
[ 93%] [32m[1mLinking CXX executable humanoid_dummy_node[0m
[ 93%] Built target humanoid_sqp_mpc
[ 93%] Built target humanoid_dummy_node
[ 93%] Built target humanoid_ipm_mpc
[100%] [32m[1mLinking CXX executable humanoid_ddp_mpc[0m
[100%] Built target humanoid_ddp_mpc
-- Install configuration: "Release"
-- Installing: /home/zxs/ocs2_ros2_legubiao/ws/install/humanoid_dummy/include/humanoid_dummy
-- Installing: /home/zxs/ocs2_ros2_legubiao/ws/install/humanoid_dummy/include/humanoid_dummy/humanoid_dummy
-- Installing: /home/zxs/ocs2_ros2_legubiao/ws/install/humanoid_dummy/include/humanoid_dummy/humanoid_dummy/gait
-- Installing: /home/zxs/ocs2_ros2_legubiao/ws/install/humanoid_dummy/include/humanoid_dummy/humanoid_dummy/gait/ModeSequenceTemplateRos.h
-- Installing: /home/zxs/ocs2_ros2_legubiao/ws/install/humanoid_dummy/include/humanoid_dummy/humanoid_dummy/gait/GaitReceiver.h
-- Installing: /home/zxs/ocs2_ros2_legubiao/ws/install/humanoid_dummy/include/humanoid_dummy/humanoid_dummy/gait/GaitKeyboardPublisher.h
-- Installing: /home/zxs/ocs2_ros2_legubiao/ws/install/humanoid_dummy/include/humanoid_dummy/humanoid_dummy/visualization
-- Installing: /home/zxs/ocs2_ros2_legubiao/ws/install/humanoid_dummy/include/humanoid_dummy/humanoid_dummy/visualization/HumanoidVisualizer.h
-- Installing: /home/zxs/ocs2_ros2_legubiao/ws/install/humanoid_dummy/lib/libhumanoid_dummy.a
-- Installing: /home/zxs/ocs2_ros2_legubiao/ws/install/humanoid_dummy/lib/humanoid_dummy/humanoid_ddp_mpc
-- Set runtime path of "/home/zxs/ocs2_ros2_legubiao/ws/install/humanoid_dummy/lib/humanoid_dummy/humanoid_ddp_mpc" to ""
-- Installing: /home/zxs/ocs2_ros2_legubiao/ws/install/humanoid_dummy/lib/humanoid_dummy/humanoid_sqp_mpc
-- Set runtime path of "/home/zxs/ocs2_ros2_legubiao/ws/install/humanoid_dummy/lib/humanoid_dummy/humanoid_sqp_mpc" to ""
-- Installing: /home/zxs/ocs2_ros2_legubiao/ws/install/humanoid_dummy/lib/humanoid_dummy/humanoid_ipm_mpc
-- Set runtime path of "/home/zxs/ocs2_ros2_legubiao/ws/install/humanoid_dummy/lib/humanoid_dummy/humanoid_ipm_mpc" to ""
-- Installing: /home/zxs/ocs2_ros2_legubiao/ws/install/humanoid_dummy/lib/humanoid_dummy/humanoid_dummy_node
-- Set runtime path of "/home/zxs/ocs2_ros2_legubiao/ws/install/humanoid_dummy/lib/humanoid_dummy/humanoid_dummy_node" to ""
-- Installing: /home/zxs/ocs2_ros2_legubiao/ws/install/humanoid_dummy/lib/humanoid_dummy/humanoid_target
-- Set runtime path of "/home/zxs/ocs2_ros2_legubiao/ws/install/humanoid_dummy/lib/humanoid_dummy/humanoid_target" to ""
-- Installing: /home/zxs/ocs2_ros2_legubiao/ws/install/humanoid_dummy/lib/humanoid_dummy/humanoid_gait_command
-- Set runtime path of "/home/zxs/ocs2_ros2_legubiao/ws/install/humanoid_dummy/lib/humanoid_dummy/humanoid_gait_command" to ""
-- Installing: /home/zxs/ocs2_ros2_legubiao/ws/install/humanoid_dummy/share/humanoid_dummy//launch
-- Installing: /home/zxs/ocs2_ros2_legubiao/ws/install/humanoid_dummy/share/humanoid_dummy//launch/multiplot.launch.py
-- Installing: /home/zxs/ocs2_ros2_legubiao/ws/install/humanoid_dummy/share/humanoid_dummy//launch/legged_robot_sqp.launch.py
-- Installing: /home/zxs/ocs2_ros2_legubiao/ws/install/humanoid_dummy/share/humanoid_dummy//rviz
-- Installing: /home/zxs/ocs2_ros2_legubiao/ws/install/humanoid_dummy/share/humanoid_dummy//rviz/humanoid.rviz
-- Installing: /home/zxs/ocs2_ros2_legubiao/ws/install/humanoid_dummy/share/humanoid_dummy/environment/library_path.sh
-- Installing: /home/zxs/ocs2_ros2_legubiao/ws/install/humanoid_dummy/share/humanoid_dummy/environment/library_path.dsv
-- Installing: /home/zxs/ocs2_ros2_legubiao/ws/install/humanoid_dummy/share/ament_index/resource_index/package_run_dependencies/humanoid_dummy
-- Installing: /home/zxs/ocs2_ros2_legubiao/ws/install/humanoid_dummy/share/ament_index/resource_index/parent_prefix_path/humanoid_dummy
-- Installing: /home/zxs/ocs2_ros2_legubiao/ws/install/humanoid_dummy/share/humanoid_dummy/environment/ament_prefix_path.sh
-- Installing: /home/zxs/ocs2_ros2_legubiao/ws/install/humanoid_dummy/share/humanoid_dummy/environment/ament_prefix_path.dsv
-- Installing: /home/zxs/ocs2_ros2_legubiao/ws/install/humanoid_dummy/share/humanoid_dummy/environment/path.sh
-- Installing: /home/zxs/ocs2_ros2_legubiao/ws/install/humanoid_dummy/share/humanoid_dummy/environment/path.dsv
-- Installing: /home/zxs/ocs2_ros2_legubiao/ws/install/humanoid_dummy/share/humanoid_dummy/local_setup.bash
-- Installing: /home/zxs/ocs2_ros2_legubiao/ws/install/humanoid_dummy/share/humanoid_dummy/local_setup.sh
-- Installing: /home/zxs/ocs2_ros2_legubiao/ws/install/humanoid_dummy/share/humanoid_dummy/local_setup.zsh
-- Installing: /home/zxs/ocs2_ros2_legubiao/ws/install/humanoid_dummy/share/humanoid_dummy/local_setup.dsv
-- Installing: /home/zxs/ocs2_ros2_legubiao/ws/install/humanoid_dummy/share/humanoid_dummy/package.dsv
-- Installing: /home/zxs/ocs2_ros2_legubiao/ws/install/humanoid_dummy/share/ament_index/resource_index/packages/humanoid_dummy
-- Installing: /home/zxs/ocs2_ros2_legubiao/ws/install/humanoid_dummy/share/humanoid_dummy/cmake/export_humanoid_dummyExport.cmake
-- Installing: /home/zxs/ocs2_ros2_legubiao/ws/install/humanoid_dummy/share/humanoid_dummy/cmake/export_humanoid_dummyExport-release.cmake
-- Installing: /home/zxs/ocs2_ros2_legubiao/ws/install/humanoid_dummy/share/humanoid_dummy/cmake/ament_cmake_export_dependencies-extras.cmake
-- Installing: /home/zxs/ocs2_ros2_legubiao/ws/install/humanoid_dummy/share/humanoid_dummy/cmake/ament_cmake_export_targets-extras.cmake
-- Installing: /home/zxs/ocs2_ros2_legubiao/ws/install/humanoid_dummy/share/humanoid_dummy/cmake/humanoid_dummyConfig.cmake
-- Installing: /home/zxs/ocs2_ros2_legubiao/ws/install/humanoid_dummy/share/humanoid_dummy/cmake/humanoid_dummyConfig-version.cmake
-- Installing: /home/zxs/ocs2_ros2_legubiao/ws/install/humanoid_dummy/share/humanoid_dummy/package.xml
