-- The C compiler identification is GNU 12.3.0
-- The CXX compiler identification is GNU 12.3.0
-- Detecting C compiler ABI info
-- Detecting C compiler ABI info - done
-- Check for working C compiler: /usr/bin/cc - skipped
-- Detecting C compile features
-- Detecting C compile features - done
-- Detecting CXX compiler ABI info
-- Detecting CXX compiler ABI info - done
-- Check for working CXX compiler: /usr/bin/c++ - skipped
-- Detecting CXX compile features
-- Detecting CXX compile features - done
-- Found ament_cmake: 1.3.11 (/opt/ros/humble/share/ament_cmake/cmake)
-- Found Python3: /usr/bin/python3 (found version "3.10.13") found components: Interpreter 
-- Override CMake install command with custom implementation using symlinks instead of copying resources
-- Found ocs2_ddp: 0.0.0 (/home/zxs/ocs2_ros2_legubiao/ws/install/ocs2_ddp/share/ocs2_ddp/cmake)
-- Found OpenMP_C: -fopenmp (found version "4.5") 
-- Found OpenMP_CXX: -fopenmp (found version "4.5") 
-- Found OpenMP: TRUE (found version "4.5")  
-- Found Boost: /usr/lib/x86_64-linux-gnu/cmake/Boost-1.74.0/BoostConfig.cmake (found version "1.74.0") found components: system filesystem log_setup log 
-- Found ocs2_sqp: 0.0.0 (/home/zxs/ocs2_ros2_legubiao/ws/install/ocs2_sqp/share/ocs2_sqp/cmake)
-- Found ocs2_ipm: 0.0.0 (/home/zxs/ocs2_ros2_legubiao/ws/install/ocs2_ipm/share/ocs2_ipm/cmake)
-- Found ocs2_centroidal_model: 0.0.0 (/home/zxs/ocs2_ros2_legubiao/ws/install/ocs2_centroidal_model/share/ocs2_centroidal_model/cmake)
-- pinocchio_default FOUND. pinocchio_default at /opt/ros/humble/lib/x86_64-linux-gnu/libpinocchio_default.so
-- pinocchio_parsers FOUND. pinocchio_parsers at /opt/ros/humble/lib/x86_64-linux-gnu/libpinocchio_parsers.so
-- boost_filesystem FOUND. boost_filesystem at /lib/x86_64-linux-gnu/libboost_filesystem.so
-- boost_serialization FOUND. boost_serialization at /lib/x86_64-linux-gnu/libboost_serialization.so
-- boost_system FOUND. boost_system at /lib/x86_64-linux-gnu/libboost_system.so
-- eigenpy FOUND. eigenpy at /opt/ros/humble/lib/x86_64-linux-gnu/libeigenpy.so
-- Checking for NumPy
--   NUMPY_INCLUDE_DIRS=/usr/lib/python3/dist-packages/numpy/core/include
--   NUMPY_VERSION=1.21.5
-- Found Python3: /usr/bin/python3 (found version "3.10.13") found components: Interpreter Development.Module NumPy 
-- PythonLibraryDirs: 
-- PythonLibVersionString: 3.10.13
-- Python site lib: lib/python3.10/site-packages
-- Python include dirs: /usr/include/python3.10
-- Checking for NumPy
--   NUMPY_INCLUDE_DIRS=/usr/lib/python3/dist-packages/numpy/core/include
--   NUMPY_VERSION=1.21.5
-- NumPy include dir: /usr/lib/python3/dist-packages/numpy/core/include
[33mCMake Warning at /usr/share/cmake-3.22/Modules/FindBoost.cmake:2201 (message):
  No header defined for python310; skipping header check (note: header-only
  libraries have no designated component)
Call Stack (most recent call first):
  /opt/ros/humble/lib/x86_64-linux-gnu/cmake/eigenpy/boost.cmake:148 (find_package)
  /opt/ros/humble/lib/x86_64-linux-gnu/cmake/eigenpy/eigenpyConfig.cmake:149 (SEARCH_FOR_BOOST_PYTHON)
  /usr/share/cmake-3.22/Modules/CMakeFindDependencyMacro.cmake:47 (find_package)
  /opt/ros/humble/lib/x86_64-linux-gnu/cmake/pinocchio/pinocchioConfig.cmake:161 (find_dependency)
  /home/zxs/ocs2_ros2_legubiao/ws/install/ocs2_pinocchio_interface/share/ocs2_pinocchio_interface/cmake/ament_cmake_export_dependencies-extras.cmake:21 (find_package)
  /home/zxs/ocs2_ros2_legubiao/ws/install/ocs2_pinocchio_interface/share/ocs2_pinocchio_interface/cmake/ocs2_pinocchio_interfaceConfig.cmake:41 (include)
  /home/zxs/ocs2_ros2_legubiao/ws/install/ocs2_centroidal_model/share/ocs2_centroidal_model/cmake/ament_cmake_export_dependencies-extras.cmake:21 (find_package)
  /home/zxs/ocs2_ros2_legubiao/ws/install/ocs2_centroidal_model/share/ocs2_centroidal_model/cmake/ocs2_centroidal_modelConfig.cmake:41 (include)
  CMakeLists.txt:21 (find_package)

[0m
-- Found Boost: /usr/include (found version "1.74.0") found components: python310 
-- Default C++ standard: 201703
-- Minimal C++ standard upgraded to 11
-- C++ standard sufficient: Minimal required 11, currently defined: 17
-- hpp-fcl FOUND. hpp-fcl at /opt/ros/humble/lib/x86_64-linux-gnu/libhpp-fcl.so
-- C++ standard sufficient: Minimal required 11, currently defined: 17
-- C++ standard sufficient: Minimal required 11, currently defined: 17
-- coal FOUND. coal at /opt/ros/humble/lib/x86_64-linux-gnu/libcoal.so
-- C++ standard sufficient: Minimal required 11, currently defined: 17
-- Found ament_lint_auto: 0.12.12 (/opt/ros/humble/share/ament_lint_auto/cmake)
-- Found gtest sources under '/opt/ros/humble/src/gtest_vendor': C++ tests using 'Google Test' will be built
-- Found Threads: TRUE  
-- Configuring done
-- Generating done
-- Build files have been written to: /home/zxs/ocs2_ros2_legubiao/ws/build/ocs2_legged_robot
[  3%] [32mBuilding CXX object CMakeFiles/ocs2_legged_robot.dir/src/dynamics/LeggedRobotDynamicsAD.cpp.o[0m
[  7%] [32mBuilding CXX object CMakeFiles/ocs2_legged_robot.dir/src/constraint/NormalVelocityConstraintCppAd.cpp.o[0m
[ 10%] [32mBuilding CXX object CMakeFiles/ocs2_legged_robot.dir/src/common/ModelSettings.cpp.o[0m
[ 14%] [32mBuilding CXX object gtest/CMakeFiles/gtest_main.dir/src/gtest_main.cc.o[0m
[ 17%] [32mBuilding CXX object CMakeFiles/ocs2_legged_robot.dir/src/foot_planner/SwingTrajectoryPlanner.cpp.o[0m
[ 21%] [32mBuilding CXX object CMakeFiles/ocs2_legged_robot.dir/src/constraint/ZeroVelocityConstraintCppAd.cpp.o[0m
[ 28%] [32mBuilding CXX object gtest/CMakeFiles/gtest.dir/src/gtest-all.cc.o[0m
[ 28%] [32mBuilding CXX object CMakeFiles/ocs2_legged_robot.dir/src/gait/Gait.cpp.o[0m
[ 32%] [32mBuilding CXX object CMakeFiles/ocs2_legged_robot.dir/src/gait/GaitSchedule.cpp.o[0m
[ 35%] [32mBuilding CXX object CMakeFiles/ocs2_legged_robot.dir/src/initialization/LeggedRobotInitializer.cpp.o[0m
[ 39%] [32mBuilding CXX object CMakeFiles/ocs2_legged_robot.dir/src/constraint/EndEffectorLinearConstraint.cpp.o[0m
[ 46%] [32mBuilding CXX object CMakeFiles/ocs2_legged_robot.dir/src/constraint/FrictionConeConstraint.cpp.o[0m
[ 46%] [32mBuilding CXX object CMakeFiles/ocs2_legged_robot.dir/src/constraint/ZeroForceConstraint.cpp.o[0m
[ 50%] [32mBuilding CXX object CMakeFiles/ocs2_legged_robot.dir/src/LeggedRobotPreComputation.cpp.o[0m
[ 53%] [32mBuilding CXX object CMakeFiles/ocs2_legged_robot.dir/src/gait/ModeSequenceTemplate.cpp.o[0m
[ 60%] [32mBuilding CXX object CMakeFiles/ocs2_legged_robot.dir/src/foot_planner/CubicSpline.cpp.o[0m
[ 60%] [32mBuilding CXX object CMakeFiles/ocs2_legged_robot.dir/src/reference_manager/SwitchedModelReferenceManager.cpp.o[0m
[ 64%] [32mBuilding CXX object CMakeFiles/ocs2_legged_robot.dir/src/foot_planner/SplineCpg.cpp.o[0m
[ 67%] [32mBuilding CXX object CMakeFiles/ocs2_legged_robot.dir/src/LeggedRobotInterface.cpp.o[0m
[ 71%] [32mBuilding CXX object CMakeFiles/ocs2_legged_robot.dir/src/gait/LegLogic.cpp.o[0m
[ 75%] [32m[1mLinking CXX static library libgtest_main.a[0m
[ 75%] Built target gtest_main
[ 78%] [32m[1mLinking CXX static library libgtest.a[0m
[ 78%] Built target gtest
[ 82%] [32m[1mLinking CXX static library libocs2_legged_robot.a[0m
[ 82%] Built target ocs2_legged_robot
[ 85%] [32mBuilding CXX object CMakeFiles/ocs2_legged_robot_test.dir/test/constraint/testEndEffectorLinearConstraint.cpp.o[0m
[ 89%] [32mBuilding CXX object CMakeFiles/ocs2_legged_robot_test.dir/test/constraint/testFrictionConeConstraint.cpp.o[0m
[ 92%] [32mBuilding CXX object CMakeFiles/ocs2_legged_robot_test.dir/test/AnymalFactoryFunctions.cpp.o[0m
[ 96%] [32mBuilding CXX object CMakeFiles/ocs2_legged_robot_test.dir/test/constraint/testZeroForceConstraint.cpp.o[0m
[100%] [32m[1mLinking CXX executable ocs2_legged_robot_test[0m
[100%] Built target ocs2_legged_robot_test
-- Install configuration: "Release"
-- Execute custom install script
-- Symlinking: /home/zxs/ocs2_ros2_legubiao/ws/install/ocs2_legged_robot/include/ocs2_legged_robot/ocs2_legged_robot/LeggedRobotInterface.h
-- Symlinking: /home/zxs/ocs2_ros2_legubiao/ws/install/ocs2_legged_robot/include/ocs2_legged_robot/ocs2_legged_robot/LeggedRobotPreComputation.h
-- Symlinking: /home/zxs/ocs2_ros2_legubiao/ws/install/ocs2_legged_robot/include/ocs2_legged_robot/ocs2_legged_robot/common/ModelSettings.h
-- Symlinking: /home/zxs/ocs2_ros2_legubiao/ws/install/ocs2_legged_robot/include/ocs2_legged_robot/ocs2_legged_robot/common/Types.h
-- Symlinking: /home/zxs/ocs2_ros2_legubiao/ws/install/ocs2_legged_robot/include/ocs2_legged_robot/ocs2_legged_robot/common/utils.h
-- Symlinking: /home/zxs/ocs2_ros2_legubiao/ws/install/ocs2_legged_robot/include/ocs2_legged_robot/ocs2_legged_robot/constraint/EndEffectorLinearConstraint.h
-- Symlinking: /home/zxs/ocs2_ros2_legubiao/ws/install/ocs2_legged_robot/include/ocs2_legged_robot/ocs2_legged_robot/constraint/FrictionConeConstraint.h
-- Symlinking: /home/zxs/ocs2_ros2_legubiao/ws/install/ocs2_legged_robot/include/ocs2_legged_robot/ocs2_legged_robot/constraint/NormalVelocityConstraintCppAd.h
-- Symlinking: /home/zxs/ocs2_ros2_legubiao/ws/install/ocs2_legged_robot/include/ocs2_legged_robot/ocs2_legged_robot/constraint/ZeroForceConstraint.h
-- Symlinking: /home/zxs/ocs2_ros2_legubiao/ws/install/ocs2_legged_robot/include/ocs2_legged_robot/ocs2_legged_robot/constraint/ZeroVelocityConstraintCppAd.h
-- Symlinking: /home/zxs/ocs2_ros2_legubiao/ws/install/ocs2_legged_robot/include/ocs2_legged_robot/ocs2_legged_robot/cost/LeggedRobotQuadraticTrackingCost.h
-- Symlinking: /home/zxs/ocs2_ros2_legubiao/ws/install/ocs2_legged_robot/include/ocs2_legged_robot/ocs2_legged_robot/dynamics/LeggedRobotDynamicsAD.h
-- Symlinking: /home/zxs/ocs2_ros2_legubiao/ws/install/ocs2_legged_robot/include/ocs2_legged_robot/ocs2_legged_robot/foot_planner/CubicSpline.h
-- Symlinking: /home/zxs/ocs2_ros2_legubiao/ws/install/ocs2_legged_robot/include/ocs2_legged_robot/ocs2_legged_robot/foot_planner/SplineCpg.h
-- Symlinking: /home/zxs/ocs2_ros2_legubiao/ws/install/ocs2_legged_robot/include/ocs2_legged_robot/ocs2_legged_robot/foot_planner/SwingTrajectoryPlanner.h
-- Symlinking: /home/zxs/ocs2_ros2_legubiao/ws/install/ocs2_legged_robot/include/ocs2_legged_robot/ocs2_legged_robot/gait/Gait.h
-- Symlinking: /home/zxs/ocs2_ros2_legubiao/ws/install/ocs2_legged_robot/include/ocs2_legged_robot/ocs2_legged_robot/gait/GaitSchedule.h
-- Symlinking: /home/zxs/ocs2_ros2_legubiao/ws/install/ocs2_legged_robot/include/ocs2_legged_robot/ocs2_legged_robot/gait/LegLogic.h
-- Symlinking: /home/zxs/ocs2_ros2_legubiao/ws/install/ocs2_legged_robot/include/ocs2_legged_robot/ocs2_legged_robot/gait/ModeSequenceTemplate.h
-- Symlinking: /home/zxs/ocs2_ros2_legubiao/ws/install/ocs2_legged_robot/include/ocs2_legged_robot/ocs2_legged_robot/gait/MotionPhaseDefinition.h
-- Symlinking: /home/zxs/ocs2_ros2_legubiao/ws/install/ocs2_legged_robot/include/ocs2_legged_robot/ocs2_legged_robot/initialization/LeggedRobotInitializer.h
-- Symlinking: /home/zxs/ocs2_ros2_legubiao/ws/install/ocs2_legged_robot/include/ocs2_legged_robot/ocs2_legged_robot/package_path.h.in
-- Symlinking: /home/zxs/ocs2_ros2_legubiao/ws/install/ocs2_legged_robot/include/ocs2_legged_robot/ocs2_legged_robot/reference_manager/SwitchedModelReferenceManager.h
-- Symlinking: /home/zxs/ocs2_ros2_legubiao/ws/install/ocs2_legged_robot/share/ocs2_legged_robot//config/command/gait.info
-- Symlinking: /home/zxs/ocs2_ros2_legubiao/ws/install/ocs2_legged_robot/share/ocs2_legged_robot//config/command/reference.info
-- Symlinking: /home/zxs/ocs2_ros2_legubiao/ws/install/ocs2_legged_robot/share/ocs2_legged_robot//config/mpc/task.info
-- Symlinking: /home/zxs/ocs2_ros2_legubiao/ws/install/ocs2_legged_robot/share/ocs2_legged_robot//config/multiplot/friction_cone.xml
-- Symlinking: /home/zxs/ocs2_ros2_legubiao/ws/install/ocs2_legged_robot/share/ocs2_legged_robot//config/multiplot/zero_velocity.xml
-- Symlinking: /home/zxs/ocs2_ros2_legubiao/ws/install/ocs2_legged_robot/share/ocs2_legged_robot/environment/library_path.sh
-- Symlinking: /home/zxs/ocs2_ros2_legubiao/ws/install/ocs2_legged_robot/share/ocs2_legged_robot/environment/library_path.dsv
-- Symlinking: /home/zxs/ocs2_ros2_legubiao/ws/install/ocs2_legged_robot/share/ament_index/resource_index/package_run_dependencies/ocs2_legged_robot
-- Symlinking: /home/zxs/ocs2_ros2_legubiao/ws/install/ocs2_legged_robot/share/ament_index/resource_index/parent_prefix_path/ocs2_legged_robot
-- Symlinking: /home/zxs/ocs2_ros2_legubiao/ws/install/ocs2_legged_robot/share/ocs2_legged_robot/environment/ament_prefix_path.sh
-- Symlinking: /home/zxs/ocs2_ros2_legubiao/ws/install/ocs2_legged_robot/share/ocs2_legged_robot/environment/ament_prefix_path.dsv
-- Symlinking: /home/zxs/ocs2_ros2_legubiao/ws/install/ocs2_legged_robot/share/ocs2_legged_robot/environment/path.sh
-- Symlinking: /home/zxs/ocs2_ros2_legubiao/ws/install/ocs2_legged_robot/share/ocs2_legged_robot/environment/path.dsv
-- Symlinking: /home/zxs/ocs2_ros2_legubiao/ws/install/ocs2_legged_robot/share/ocs2_legged_robot/local_setup.bash
-- Symlinking: /home/zxs/ocs2_ros2_legubiao/ws/install/ocs2_legged_robot/share/ocs2_legged_robot/local_setup.sh
-- Symlinking: /home/zxs/ocs2_ros2_legubiao/ws/install/ocs2_legged_robot/share/ocs2_legged_robot/local_setup.zsh
-- Symlinking: /home/zxs/ocs2_ros2_legubiao/ws/install/ocs2_legged_robot/share/ocs2_legged_robot/local_setup.dsv
-- Symlinking: /home/zxs/ocs2_ros2_legubiao/ws/install/ocs2_legged_robot/share/ocs2_legged_robot/package.dsv
-- Symlinking: /home/zxs/ocs2_ros2_legubiao/ws/install/ocs2_legged_robot/share/ament_index/resource_index/packages/ocs2_legged_robot
-- Symlinking: /home/zxs/ocs2_ros2_legubiao/ws/install/ocs2_legged_robot/share/ocs2_legged_robot/cmake/ament_cmake_export_dependencies-extras.cmake
-- Symlinking: /home/zxs/ocs2_ros2_legubiao/ws/install/ocs2_legged_robot/share/ocs2_legged_robot/cmake/ament_cmake_export_targets-extras.cmake
-- Symlinking: /home/zxs/ocs2_ros2_legubiao/ws/install/ocs2_legged_robot/share/ocs2_legged_robot/cmake/ocs2_legged_robotConfig.cmake
-- Symlinking: /home/zxs/ocs2_ros2_legubiao/ws/install/ocs2_legged_robot/share/ocs2_legged_robot/cmake/ocs2_legged_robotConfig-version.cmake
-- Symlinking: /home/zxs/ocs2_ros2_legubiao/ws/install/ocs2_legged_robot/share/ocs2_legged_robot/package.xml
-- Installing: /home/zxs/ocs2_ros2_legubiao/ws/install/ocs2_legged_robot/lib/libocs2_legged_robot.a
-- Installing: /home/zxs/ocs2_ros2_legubiao/ws/install/ocs2_legged_robot/share/ocs2_legged_robot/cmake/export_ocs2_legged_robotExport.cmake
-- Installing: /home/zxs/ocs2_ros2_legubiao/ws/install/ocs2_legged_robot/share/ocs2_legged_robot/cmake/export_ocs2_legged_robotExport-release.cmake
