[0.013s] Invoking command in '/home/zxs/ocs2_ros2_legubiao/ws/build/ocs2_ros_interfaces': AMENT_PREFIX_PATH=/home/zxs/ocs2_ros2_legubiao/ws/install/ocs2_mpc:/home/zxs/ocs2_ros2_legubiao/ws/install/ocs2_oc:/home/zxs/ocs2_ros2_legubiao/ws/install/ocs2_core:/home/zxs/ocs2_ros2_legubiao/ws/install/ocs2_thirdparty:/home/zxs/ocs2_ros2_legubiao/ws/install/ocs2_msgs:${AMENT_PREFIX_PATH} CMAKE_PREFIX_PATH=/home/zxs/ocs2_ros2_legubiao/ws/install/ocs2_mpc:/home/zxs/ocs2_ros2_legubiao/ws/install/ocs2_oc:/home/zxs/ocs2_ros2_legubiao/ws/install/ocs2_core:/home/zxs/ocs2_ros2_legubiao/ws/install/ocs2_thirdparty:/home/zxs/ocs2_ros2_legubiao/ws/install/ocs2_msgs:/opt/ros/humble LD_LIBRARY_PATH=/home/zxs/ocs2_ros2_legubiao/ws/install/ocs2_mpc/lib:/home/zxs/ocs2_ros2_legubiao/ws/install/ocs2_oc/lib:/home/zxs/ocs2_ros2_legubiao/ws/install/ocs2_core/lib:/home/zxs/ocs2_ros2_legubiao/ws/install/ocs2_msgs/lib:${LD_LIBRARY_PATH} PYTHONPATH=/home/zxs/ocs2_ros2_legubiao/ws/install/ocs2_msgs/local/lib/python3.10/dist-packages:${PYTHONPATH} /usr/bin/cmake --build /home/zxs/ocs2_ros2_legubiao/ws/build/ocs2_ros_interfaces -- -j28 -l28
[0.057s] [ 77%] Built target ocs2_ros_interfaces
[0.070s] [ 88%] Built target test_custom_callback_queue
[0.072s] [100%] Built target multiplot_remap
[0.078s] Invoked command in '/home/zxs/ocs2_ros2_legubiao/ws/build/ocs2_ros_interfaces' returned '0': AMENT_PREFIX_PATH=/home/zxs/ocs2_ros2_legubiao/ws/install/ocs2_mpc:/home/zxs/ocs2_ros2_legubiao/ws/install/ocs2_oc:/home/zxs/ocs2_ros2_legubiao/ws/install/ocs2_core:/home/zxs/ocs2_ros2_legubiao/ws/install/ocs2_thirdparty:/home/zxs/ocs2_ros2_legubiao/ws/install/ocs2_msgs:${AMENT_PREFIX_PATH} CMAKE_PREFIX_PATH=/home/zxs/ocs2_ros2_legubiao/ws/install/ocs2_mpc:/home/zxs/ocs2_ros2_legubiao/ws/install/ocs2_oc:/home/zxs/ocs2_ros2_legubiao/ws/install/ocs2_core:/home/zxs/ocs2_ros2_legubiao/ws/install/ocs2_thirdparty:/home/zxs/ocs2_ros2_legubiao/ws/install/ocs2_msgs:/opt/ros/humble LD_LIBRARY_PATH=/home/zxs/ocs2_ros2_legubiao/ws/install/ocs2_mpc/lib:/home/zxs/ocs2_ros2_legubiao/ws/install/ocs2_oc/lib:/home/zxs/ocs2_ros2_legubiao/ws/install/ocs2_core/lib:/home/zxs/ocs2_ros2_legubiao/ws/install/ocs2_msgs/lib:${LD_LIBRARY_PATH} PYTHONPATH=/home/zxs/ocs2_ros2_legubiao/ws/install/ocs2_msgs/local/lib/python3.10/dist-packages:${PYTHONPATH} /usr/bin/cmake --build /home/zxs/ocs2_ros2_legubiao/ws/build/ocs2_ros_interfaces -- -j28 -l28
[0.079s] Invoking command in '/home/zxs/ocs2_ros2_legubiao/ws/build/ocs2_ros_interfaces': AMENT_PREFIX_PATH=/home/zxs/ocs2_ros2_legubiao/ws/install/ocs2_mpc:/home/zxs/ocs2_ros2_legubiao/ws/install/ocs2_oc:/home/zxs/ocs2_ros2_legubiao/ws/install/ocs2_core:/home/zxs/ocs2_ros2_legubiao/ws/install/ocs2_thirdparty:/home/zxs/ocs2_ros2_legubiao/ws/install/ocs2_msgs:${AMENT_PREFIX_PATH} CMAKE_PREFIX_PATH=/home/zxs/ocs2_ros2_legubiao/ws/install/ocs2_mpc:/home/zxs/ocs2_ros2_legubiao/ws/install/ocs2_oc:/home/zxs/ocs2_ros2_legubiao/ws/install/ocs2_core:/home/zxs/ocs2_ros2_legubiao/ws/install/ocs2_thirdparty:/home/zxs/ocs2_ros2_legubiao/ws/install/ocs2_msgs:/opt/ros/humble LD_LIBRARY_PATH=/home/zxs/ocs2_ros2_legubiao/ws/install/ocs2_mpc/lib:/home/zxs/ocs2_ros2_legubiao/ws/install/ocs2_oc/lib:/home/zxs/ocs2_ros2_legubiao/ws/install/ocs2_core/lib:/home/zxs/ocs2_ros2_legubiao/ws/install/ocs2_msgs/lib:${LD_LIBRARY_PATH} PYTHONPATH=/home/zxs/ocs2_ros2_legubiao/ws/install/ocs2_msgs/local/lib/python3.10/dist-packages:${PYTHONPATH} /usr/bin/cmake --install /home/zxs/ocs2_ros2_legubiao/ws/build/ocs2_ros_interfaces
[0.084s] -- Install configuration: "Release"
[0.084s] -- Execute custom install script
[0.085s] -- Up-to-date symlink: /home/zxs/ocs2_ros2_legubiao/ws/install/ocs2_ros_interfaces/include/ocs2_ros_interfaces/ocs2_ros_interfaces/command/TargetTrajectoriesInteractiveMarker.h
[0.085s] -- Up-to-date symlink: /home/zxs/ocs2_ros2_legubiao/ws/install/ocs2_ros_interfaces/include/ocs2_ros_interfaces/ocs2_ros_interfaces/command/TargetTrajectoriesKeyboardPublisher.h
[0.085s] -- Up-to-date symlink: /home/zxs/ocs2_ros2_legubiao/ws/install/ocs2_ros_interfaces/include/ocs2_ros_interfaces/ocs2_ros_interfaces/command/TargetTrajectoriesRosPublisher.h
[0.085s] -- Up-to-date symlink: /home/zxs/ocs2_ros2_legubiao/ws/install/ocs2_ros_interfaces/include/ocs2_ros_interfaces/ocs2_ros_interfaces/common/RosMsgConversions.h
[0.085s] -- Up-to-date symlink: /home/zxs/ocs2_ros2_legubiao/ws/install/ocs2_ros_interfaces/include/ocs2_ros_interfaces/ocs2_ros_interfaces/common/RosMsgHelpers.h
[0.085s] -- Up-to-date symlink: /home/zxs/ocs2_ros2_legubiao/ws/install/ocs2_ros_interfaces/include/ocs2_ros_interfaces/ocs2_ros_interfaces/mpc/MPC_ROS_Interface.h
[0.085s] -- Up-to-date symlink: /home/zxs/ocs2_ros2_legubiao/ws/install/ocs2_ros_interfaces/include/ocs2_ros_interfaces/ocs2_ros_interfaces/mrt/DummyObserver.h
[0.085s] -- Up-to-date symlink: /home/zxs/ocs2_ros2_legubiao/ws/install/ocs2_ros_interfaces/include/ocs2_ros_interfaces/ocs2_ros_interfaces/mrt/LoopshapingDummyObserver.h
[0.085s] -- Up-to-date symlink: /home/zxs/ocs2_ros2_legubiao/ws/install/ocs2_ros_interfaces/include/ocs2_ros_interfaces/ocs2_ros_interfaces/mrt/MRT_ROS_Dummy_Loop.h
[0.085s] -- Up-to-date symlink: /home/zxs/ocs2_ros2_legubiao/ws/install/ocs2_ros_interfaces/include/ocs2_ros_interfaces/ocs2_ros_interfaces/mrt/MRT_ROS_Interface.h
[0.085s] -- Up-to-date symlink: /home/zxs/ocs2_ros2_legubiao/ws/install/ocs2_ros_interfaces/include/ocs2_ros_interfaces/ocs2_ros_interfaces/synchronized_module/RosReferenceManager.h
[0.085s] -- Up-to-date symlink: /home/zxs/ocs2_ros2_legubiao/ws/install/ocs2_ros_interfaces/include/ocs2_ros_interfaces/ocs2_ros_interfaces/synchronized_module/SolverObserverRosCallbacks.h
[0.085s] -- Up-to-date symlink: /home/zxs/ocs2_ros2_legubiao/ws/install/ocs2_ros_interfaces/include/ocs2_ros_interfaces/ocs2_ros_interfaces/visualization/VisualizationColors.h
[0.085s] -- Up-to-date symlink: /home/zxs/ocs2_ros2_legubiao/ws/install/ocs2_ros_interfaces/include/ocs2_ros_interfaces/ocs2_ros_interfaces/visualization/VisualizationHelpers.h
[0.085s] -- Up-to-date symlink: /home/zxs/ocs2_ros2_legubiao/ws/install/ocs2_ros_interfaces/share/ocs2_ros_interfaces/launch/performance_indices.launch
[0.086s] -- Up-to-date symlink: /home/zxs/ocs2_ros2_legubiao/ws/install/ocs2_ros_interfaces/share/ocs2_ros_interfaces/launch/performance_indices.launch.py
[0.086s] -- Up-to-date symlink: /home/zxs/ocs2_ros2_legubiao/ws/install/ocs2_ros_interfaces/share/ocs2_ros_interfaces/multiplot/performance_indices.xml
[0.086s] -- Up-to-date symlink: /home/zxs/ocs2_ros2_legubiao/ws/install/ocs2_ros_interfaces/lib/ocs2_ros_interfaces/multiplot_remap
[0.086s] -- Up-to-date symlink: /home/zxs/ocs2_ros2_legubiao/ws/install/ocs2_ros_interfaces/share/ocs2_ros_interfaces/environment/library_path.sh
[0.086s] -- Up-to-date symlink: /home/zxs/ocs2_ros2_legubiao/ws/install/ocs2_ros_interfaces/share/ocs2_ros_interfaces/environment/library_path.dsv
[0.086s] -- Up-to-date symlink: /home/zxs/ocs2_ros2_legubiao/ws/install/ocs2_ros_interfaces/share/ament_index/resource_index/package_run_dependencies/ocs2_ros_interfaces
[0.086s] -- Up-to-date symlink: /home/zxs/ocs2_ros2_legubiao/ws/install/ocs2_ros_interfaces/share/ament_index/resource_index/parent_prefix_path/ocs2_ros_interfaces
[0.086s] -- Up-to-date symlink: /home/zxs/ocs2_ros2_legubiao/ws/install/ocs2_ros_interfaces/share/ocs2_ros_interfaces/environment/ament_prefix_path.sh
[0.086s] -- Up-to-date symlink: /home/zxs/ocs2_ros2_legubiao/ws/install/ocs2_ros_interfaces/share/ocs2_ros_interfaces/environment/ament_prefix_path.dsv
[0.086s] -- Up-to-date symlink: /home/zxs/ocs2_ros2_legubiao/ws/install/ocs2_ros_interfaces/share/ocs2_ros_interfaces/environment/path.sh
[0.086s] -- Up-to-date symlink: /home/zxs/ocs2_ros2_legubiao/ws/install/ocs2_ros_interfaces/share/ocs2_ros_interfaces/environment/path.dsv
[0.086s] -- Up-to-date symlink: /home/zxs/ocs2_ros2_legubiao/ws/install/ocs2_ros_interfaces/share/ocs2_ros_interfaces/local_setup.bash
[0.086s] -- Up-to-date symlink: /home/zxs/ocs2_ros2_legubiao/ws/install/ocs2_ros_interfaces/share/ocs2_ros_interfaces/local_setup.sh
[0.087s] -- Up-to-date symlink: /home/zxs/ocs2_ros2_legubiao/ws/install/ocs2_ros_interfaces/share/ocs2_ros_interfaces/local_setup.zsh
[0.087s] -- Up-to-date symlink: /home/zxs/ocs2_ros2_legubiao/ws/install/ocs2_ros_interfaces/share/ocs2_ros_interfaces/local_setup.dsv
[0.087s] -- Symlinking: /home/zxs/ocs2_ros2_legubiao/ws/install/ocs2_ros_interfaces/share/ocs2_ros_interfaces/package.dsv
[0.091s] -- Up-to-date symlink: /home/zxs/ocs2_ros2_legubiao/ws/install/ocs2_ros_interfaces/share/ament_index/resource_index/packages/ocs2_ros_interfaces
[0.091s] -- Up-to-date symlink: /home/zxs/ocs2_ros2_legubiao/ws/install/ocs2_ros_interfaces/share/ocs2_ros_interfaces/cmake/ament_cmake_export_dependencies-extras.cmake
[0.091s] -- Up-to-date symlink: /home/zxs/ocs2_ros2_legubiao/ws/install/ocs2_ros_interfaces/share/ocs2_ros_interfaces/cmake/ament_cmake_export_targets-extras.cmake
[0.091s] -- Up-to-date symlink: /home/zxs/ocs2_ros2_legubiao/ws/install/ocs2_ros_interfaces/share/ocs2_ros_interfaces/cmake/ocs2_ros_interfacesConfig.cmake
[0.091s] -- Up-to-date symlink: /home/zxs/ocs2_ros2_legubiao/ws/install/ocs2_ros_interfaces/share/ocs2_ros_interfaces/cmake/ocs2_ros_interfacesConfig-version.cmake
[0.091s] -- Up-to-date symlink: /home/zxs/ocs2_ros2_legubiao/ws/install/ocs2_ros_interfaces/share/ocs2_ros_interfaces/package.xml
[0.091s] -- Up-to-date: /home/zxs/ocs2_ros2_legubiao/ws/install/ocs2_ros_interfaces/lib/libocs2_ros_interfaces.a
[0.091s] -- Up-to-date: /home/zxs/ocs2_ros2_legubiao/ws/install/ocs2_ros_interfaces/share/ocs2_ros_interfaces/cmake/export_ocs2_ros_interfacesExport.cmake
[0.091s] -- Up-to-date: /home/zxs/ocs2_ros2_legubiao/ws/install/ocs2_ros_interfaces/share/ocs2_ros_interfaces/cmake/export_ocs2_ros_interfacesExport-release.cmake
[0.094s] Invoked command in '/home/zxs/ocs2_ros2_legubiao/ws/build/ocs2_ros_interfaces' returned '0': AMENT_PREFIX_PATH=/home/zxs/ocs2_ros2_legubiao/ws/install/ocs2_mpc:/home/zxs/ocs2_ros2_legubiao/ws/install/ocs2_oc:/home/zxs/ocs2_ros2_legubiao/ws/install/ocs2_core:/home/zxs/ocs2_ros2_legubiao/ws/install/ocs2_thirdparty:/home/zxs/ocs2_ros2_legubiao/ws/install/ocs2_msgs:${AMENT_PREFIX_PATH} CMAKE_PREFIX_PATH=/home/zxs/ocs2_ros2_legubiao/ws/install/ocs2_mpc:/home/zxs/ocs2_ros2_legubiao/ws/install/ocs2_oc:/home/zxs/ocs2_ros2_legubiao/ws/install/ocs2_core:/home/zxs/ocs2_ros2_legubiao/ws/install/ocs2_thirdparty:/home/zxs/ocs2_ros2_legubiao/ws/install/ocs2_msgs:/opt/ros/humble LD_LIBRARY_PATH=/home/zxs/ocs2_ros2_legubiao/ws/install/ocs2_mpc/lib:/home/zxs/ocs2_ros2_legubiao/ws/install/ocs2_oc/lib:/home/zxs/ocs2_ros2_legubiao/ws/install/ocs2_core/lib:/home/zxs/ocs2_ros2_legubiao/ws/install/ocs2_msgs/lib:${LD_LIBRARY_PATH} PYTHONPATH=/home/zxs/ocs2_ros2_legubiao/ws/install/ocs2_msgs/local/lib/python3.10/dist-packages:${PYTHONPATH} /usr/bin/cmake --install /home/zxs/ocs2_ros2_legubiao/ws/build/ocs2_ros_interfaces
