-- The C compiler identification is GNU 12.3.0
-- The CXX compiler identification is GNU 12.3.0
-- Detecting C compiler ABI info
-- Detecting C compiler ABI info - done
-- Check for working C compiler: /usr/bin/cc - skipped
-- Detecting C compile features
-- Detecting C compile features - done
-- Detecting CXX compiler ABI info
-- Detecting CXX compiler ABI info - done
-- Check for working CXX compiler: /usr/bin/c++ - skipped
-- Detecting CXX compile features
-- Detecting CXX compile features - done
-- Found ament_cmake: 1.3.11 (/opt/ros/humble/share/ament_cmake/cmake)
-- Found Python3: /usr/bin/python3 (found version "3.10.13") found components: Interpreter 
-- Found humanoid_interface: 0.0.1 (/home/zxs/ocs2_ros2_legubiao/ws/install/humanoid_interface/share/humanoid_interface/cmake)
-- Found OpenMP_C: -fopenmp (found version "4.5") 
-- Found OpenMP_CXX: -fopenmp (found version "4.5") 
-- Found OpenMP: TRUE (found version "4.5")  
-- Found Boost: /usr/lib/x86_64-linux-gnu/cmake/Boost-1.74.0/BoostConfig.cmake (found version "1.74.0") found components: system filesystem log_setup log 
-- pinocchio_default FOUND. pinocchio_default at /opt/ros/humble/lib/x86_64-linux-gnu/libpinocchio_default.so
-- pinocchio_parsers FOUND. pinocchio_parsers at /opt/ros/humble/lib/x86_64-linux-gnu/libpinocchio_parsers.so
-- boost_filesystem FOUND. boost_filesystem at /lib/x86_64-linux-gnu/libboost_filesystem.so
-- boost_serialization FOUND. boost_serialization at /lib/x86_64-linux-gnu/libboost_serialization.so
-- boost_system FOUND. boost_system at /lib/x86_64-linux-gnu/libboost_system.so
-- eigenpy FOUND. eigenpy at /opt/ros/humble/lib/x86_64-linux-gnu/libeigenpy.so
-- Checking for NumPy
--   NUMPY_INCLUDE_DIRS=/usr/lib/python3/dist-packages/numpy/core/include
--   NUMPY_VERSION=1.21.5
-- Found Python3: /usr/bin/python3 (found version "3.10.13") found components: Interpreter Development.Module NumPy 
-- PythonLibraryDirs: 
-- PythonLibVersionString: 3.10.13
-- Python site lib: lib/python3.10/site-packages
-- Python include dirs: /usr/include/python3.10
-- Checking for NumPy
--   NUMPY_INCLUDE_DIRS=/usr/lib/python3/dist-packages/numpy/core/include
--   NUMPY_VERSION=1.21.5
-- NumPy include dir: /usr/lib/python3/dist-packages/numpy/core/include
[33mCMake Warning at /usr/share/cmake-3.22/Modules/FindBoost.cmake:2201 (message):
  No header defined for python310; skipping header check (note: header-only
  libraries have no designated component)
Call Stack (most recent call first):
  /opt/ros/humble/lib/x86_64-linux-gnu/cmake/eigenpy/boost.cmake:148 (find_package)
  /opt/ros/humble/lib/x86_64-linux-gnu/cmake/eigenpy/eigenpyConfig.cmake:149 (SEARCH_FOR_BOOST_PYTHON)
  /usr/share/cmake-3.22/Modules/CMakeFindDependencyMacro.cmake:47 (find_package)
  /opt/ros/humble/lib/x86_64-linux-gnu/cmake/pinocchio/pinocchioConfig.cmake:161 (find_dependency)
  /home/zxs/ocs2_ros2_legubiao/ws/install/ocs2_pinocchio_interface/share/ocs2_pinocchio_interface/cmake/ament_cmake_export_dependencies-extras.cmake:21 (find_package)
  /home/zxs/ocs2_ros2_legubiao/ws/install/ocs2_pinocchio_interface/share/ocs2_pinocchio_interface/cmake/ocs2_pinocchio_interfaceConfig.cmake:41 (include)
  /home/zxs/ocs2_ros2_legubiao/ws/install/humanoid_interface/share/humanoid_interface/cmake/ament_cmake_export_dependencies-extras.cmake:21 (find_package)
  /home/zxs/ocs2_ros2_legubiao/ws/install/humanoid_interface/share/humanoid_interface/cmake/humanoid_interfaceConfig.cmake:41 (include)
  CMakeLists.txt:14 (find_package)

[0m
-- Found Boost: /usr/include (found version "1.74.0") found components: python310 
-- Default C++ standard: 201703
-- Minimal C++ standard upgraded to 11
-- C++ standard sufficient: Minimal required 11, currently defined: 17
-- hpp-fcl FOUND. hpp-fcl at /opt/ros/humble/lib/x86_64-linux-gnu/libhpp-fcl.so
-- C++ standard sufficient: Minimal required 11, currently defined: 17
-- C++ standard sufficient: Minimal required 11, currently defined: 17
-- coal FOUND. coal at /opt/ros/humble/lib/x86_64-linux-gnu/libcoal.so
-- C++ standard sufficient: Minimal required 11, currently defined: 17
-- Found qpoases_catkin: 0.0.0 (/home/zxs/ocs2_ros2_legubiao/ws/install/qpoases_catkin/share/qpoases_catkin/cmake)
-- Found ament_lint_auto: 0.12.12 (/opt/ros/humble/share/ament_lint_auto/cmake)
-- Found gtest sources under '/opt/ros/humble/src/gtest_vendor': C++ tests using 'Google Test' will be built
-- Found Threads: TRUE  
-- Added test 'copyright' to check source files copyright and LICENSE
-- Added test 'cppcheck' to perform static code analysis on C / C++ code
-- Configured cppcheck include dirs: $<BUILD_INTERFACE:/home/zxs/ocs2_ros2_legubiao/ws/src/humanoid_control/humanoid_wbc/include>;/home/zxs/ocs2_ros2_legubiao/ws/src/humanoid_control/humanoid_wbc/humanoid_wbc;/home/zxs/ocs2_ros2_legubiao/ws/src/humanoid_control/humanoid_wbc/gtest_main
-- Configured cppcheck exclude dirs and/or files: 
-- Added test 'cpplint' to check C / C++ code against the Google style
-- Configured cpplint exclude dirs and/or files: 
-- Added test 'lint_cmake' to check CMake code style
-- Added test 'uncrustify' to check C / C++ code style
-- Configured uncrustify additional arguments: 
-- Added test 'xmllint' to check XML markup files
-- Configuring done
-- Generating done
-- Build files have been written to: /home/zxs/ocs2_ros2_legubiao/ws/build/humanoid_wbc
[  9%] [32mBuilding CXX object gtest/CMakeFiles/gtest_main.dir/src/gtest_main.cc.o[0m
[ 18%] [32mBuilding CXX object CMakeFiles/humanoid_wbc.dir/src/HoQp.cpp.o[0m
[ 27%] [32mBuilding CXX object gtest/CMakeFiles/gtest.dir/src/gtest-all.cc.o[0m
[ 45%] [32mBuilding CXX object CMakeFiles/humanoid_wbc.dir/src/WbcBase.cpp.o[0m
[ 45%] [32mBuilding CXX object CMakeFiles/humanoid_wbc.dir/src/WeightedWbc.cpp.o[0m
[ 54%] [32mBuilding CXX object CMakeFiles/humanoid_wbc.dir/src/HierarchicalWbc.cpp.o[0m
[ 63%] [32m[1mLinking CXX static library libgtest_main.a[0m
[ 63%] Built target gtest_main
[ 72%] [32m[1mLinking CXX static library libgtest.a[0m
[ 72%] Built target gtest
[ 81%] [32m[1mLinking CXX static library libhumanoid_wbc.a[0m
[ 81%] Built target humanoid_wbc
[ 90%] [32mBuilding CXX object CMakeFiles/humanoid_wbc_test.dir/test/HoQp_test.cpp.o[0m
[01m[Kcc1plus:[m[K [01;35m[Kwarning: [m[K/opt/ros/humble/lib/x86_64-linux-gnu/libpinocchio_default.so: not a directory
[01m[Kcc1plus:[m[K [01;35m[Kwarning: [m[K/opt/ros/humble/lib/x86_64-linux-gnu/libpinocchio_parsers.so: not a directory
[01m[Kcc1plus:[m[K [01;35m[Kwarning: [m[K/lib/x86_64-linux-gnu/libboost_filesystem.so: not a directory
[01m[Kcc1plus:[m[K [01;35m[Kwarning: [m[K/lib/x86_64-linux-gnu/libboost_serialization.so: not a directory
[01m[Kcc1plus:[m[K [01;35m[Kwarning: [m[K/lib/x86_64-linux-gnu/libboost_system.so: not a directory
[01m[Kcc1plus:[m[K [01;36m[Knote: [m[Kunrecognized command-line option ‘[01m[K-Wno-invalid-partial-specialization[m[K’ may have been intended to silence earlier diagnostics
[100%] [32m[1mLinking CXX executable humanoid_wbc_test[0m
[100%] Built target humanoid_wbc_test
-- Install configuration: "Release"
-- Installing: /home/zxs/ocs2_ros2_legubiao/ws/install/humanoid_wbc/include/humanoid_wbc
-- Installing: /home/zxs/ocs2_ros2_legubiao/ws/install/humanoid_wbc/include/humanoid_wbc/humanoid_wbc
-- Installing: /home/zxs/ocs2_ros2_legubiao/ws/install/humanoid_wbc/include/humanoid_wbc/humanoid_wbc/Task.h
-- Installing: /home/zxs/ocs2_ros2_legubiao/ws/install/humanoid_wbc/include/humanoid_wbc/humanoid_wbc/HierarchicalWbc.h
-- Installing: /home/zxs/ocs2_ros2_legubiao/ws/install/humanoid_wbc/include/humanoid_wbc/humanoid_wbc/HoQp.h
-- Installing: /home/zxs/ocs2_ros2_legubiao/ws/install/humanoid_wbc/include/humanoid_wbc/humanoid_wbc/WbcBase.h
-- Installing: /home/zxs/ocs2_ros2_legubiao/ws/install/humanoid_wbc/include/humanoid_wbc/humanoid_wbc/WeightedWbc.h
-- Installing: /home/zxs/ocs2_ros2_legubiao/ws/install/humanoid_wbc/lib/libhumanoid_wbc.a
-- Installing: /home/zxs/ocs2_ros2_legubiao/ws/install/humanoid_wbc/share/humanoid_wbc/
-- Installing: /home/zxs/ocs2_ros2_legubiao/ws/install/humanoid_wbc/share/humanoid_wbc/environment/library_path.sh
-- Installing: /home/zxs/ocs2_ros2_legubiao/ws/install/humanoid_wbc/share/humanoid_wbc/environment/library_path.dsv
-- Installing: /home/zxs/ocs2_ros2_legubiao/ws/install/humanoid_wbc/share/ament_index/resource_index/package_run_dependencies/humanoid_wbc
-- Installing: /home/zxs/ocs2_ros2_legubiao/ws/install/humanoid_wbc/share/ament_index/resource_index/parent_prefix_path/humanoid_wbc
-- Installing: /home/zxs/ocs2_ros2_legubiao/ws/install/humanoid_wbc/share/humanoid_wbc/environment/ament_prefix_path.sh
-- Installing: /home/zxs/ocs2_ros2_legubiao/ws/install/humanoid_wbc/share/humanoid_wbc/environment/ament_prefix_path.dsv
-- Installing: /home/zxs/ocs2_ros2_legubiao/ws/install/humanoid_wbc/share/humanoid_wbc/environment/path.sh
-- Installing: /home/zxs/ocs2_ros2_legubiao/ws/install/humanoid_wbc/share/humanoid_wbc/environment/path.dsv
-- Installing: /home/zxs/ocs2_ros2_legubiao/ws/install/humanoid_wbc/share/humanoid_wbc/local_setup.bash
-- Installing: /home/zxs/ocs2_ros2_legubiao/ws/install/humanoid_wbc/share/humanoid_wbc/local_setup.sh
-- Installing: /home/zxs/ocs2_ros2_legubiao/ws/install/humanoid_wbc/share/humanoid_wbc/local_setup.zsh
-- Installing: /home/zxs/ocs2_ros2_legubiao/ws/install/humanoid_wbc/share/humanoid_wbc/local_setup.dsv
-- Installing: /home/zxs/ocs2_ros2_legubiao/ws/install/humanoid_wbc/share/humanoid_wbc/package.dsv
-- Installing: /home/zxs/ocs2_ros2_legubiao/ws/install/humanoid_wbc/share/ament_index/resource_index/packages/humanoid_wbc
-- Installing: /home/zxs/ocs2_ros2_legubiao/ws/install/humanoid_wbc/share/humanoid_wbc/cmake/export_humanoid_wbcExport.cmake
-- Installing: /home/zxs/ocs2_ros2_legubiao/ws/install/humanoid_wbc/share/humanoid_wbc/cmake/export_humanoid_wbcExport-release.cmake
-- Installing: /home/zxs/ocs2_ros2_legubiao/ws/install/humanoid_wbc/share/humanoid_wbc/cmake/ament_cmake_export_dependencies-extras.cmake
-- Installing: /home/zxs/ocs2_ros2_legubiao/ws/install/humanoid_wbc/share/humanoid_wbc/cmake/ament_cmake_export_targets-extras.cmake
-- Installing: /home/zxs/ocs2_ros2_legubiao/ws/install/humanoid_wbc/share/humanoid_wbc/cmake/humanoid_wbcConfig.cmake
-- Installing: /home/zxs/ocs2_ros2_legubiao/ws/install/humanoid_wbc/share/humanoid_wbc/cmake/humanoid_wbcConfig-version.cmake
-- Installing: /home/zxs/ocs2_ros2_legubiao/ws/install/humanoid_wbc/share/humanoid_wbc/package.xml
