[0.026s] Invoking command in '/home/zxs/ocs2_ros2_legubiao/ws/build/humanoid_wbc': AMENT_PREFIX_PATH=/home/zxs/ocs2_ros2_legubiao/ws/install/humanoid_interface:/home/zxs/ocs2_ros2_legubiao/ws/install/ocs2_self_collision:/home/zxs/ocs2_ros2_legubiao/ws/install/qpoases_catkin:${AMENT_PREFIX_PATH} CMAKE_PREFIX_PATH=/home/zxs/ocs2_ros2_legubiao/ws/install/humanoid_interface:/home/zxs/ocs2_ros2_legubiao/ws/install/ocs2_sqp:/home/zxs/ocs2_ros2_legubiao/ws/install/ocs2_self_collision:/home/zxs/ocs2_ros2_legubiao/ws/install/ocs2_ipm:/home/zxs/ocs2_ros2_legubiao/ws/install/ocs2_centroidal_model:/home/zxs/ocs2_ros2_legubiao/ws/install/ocs2_pinocchio_interface:/home/zxs/ocs2_ros2_legubiao/ws/install/ocs2_ddp:/home/zxs/ocs2_ros2_legubiao/ws/install/hpipm_colcon:/home/zxs/ocs2_ros2_legubiao/ws/install/ocs2_robotic_tools:/home/zxs/ocs2_ros2_legubiao/ws/install/ocs2_qp_solver:/home/zxs/ocs2_ros2_legubiao/ws/install/ocs2_mpc:/home/zxs/ocs2_ros2_legubiao/ws/install/ocs2_oc:/home/zxs/ocs2_ros2_legubiao/ws/install/ocs2_core:/home/zxs/ocs2_ros2_legubiao/ws/install/qpoases_catkin:/home/zxs/ocs2_ros2_legubiao/ws/install/ocs2_thirdparty:/home/zxs/ocs2_ros2_legubiao/ws/install/ocs2_robotic_assets:/home/zxs/ocs2_ros2_legubiao/ws/install/blasfeo_colcon:/home/zxs/ocs2_ros2_legubiao/ws/install/ocs2_legged_robot_ros:/home/zxs/ocs2_ros2_legubiao/ws/install/ocs2_legged_robot:/home/zxs/ocs2_ros2_legubiao/ws/install/ocs2_ros_interfaces:/home/zxs/ocs2_ros2_legubiao/ws/install/ocs2_msgs:/opt/ros/humble LD_LIBRARY_PATH=/home/zxs/ocs2_ros2_legubiao/ws/install/humanoid_interface/lib:/home/zxs/ocs2_ros2_legubiao/ws/install/ocs2_self_collision/lib:/home/zxs/ocs2_ros2_legubiao/ws/install/ocs2_pinocchio_interface/lib:/home/zxs/ocs2_ros2_legubiao/ws/install/hpipm_colcon/lib:/home/zxs/ocs2_ros2_legubiao/ws/install/qpoases_catkin/lib:/home/zxs/ocs2_ros2_legubiao/ws/install/blasfeo_colcon/lib:/home/zxs/ocs2_ros2_legubiao/ws/install/ocs2_legged_robot_ros/lib:/home/zxs/ocs2_ros2_legubiao/ws/install/ocs2_legged_robot/lib:/home/zxs/ocs2_ros2_legubiao/ws/install/ocs2_sqp/lib:/home/zxs/ocs2_ros2_legubiao/ws/install/ocs2_ros_interfaces/lib:/home/zxs/ocs2_ros2_legubiao/ws/install/ocs2_centroidal_model/lib:/home/zxs/ocs2_ros2_legubiao/ws/install/ocs2_robotic_tools/lib:/home/zxs/ocs2_ros2_legubiao/ws/install/ocs2_ipm/lib:/home/zxs/ocs2_ros2_legubiao/ws/install/ocs2_ddp/lib:/home/zxs/ocs2_ros2_legubiao/ws/install/ocs2_qp_solver/lib:/home/zxs/ocs2_ros2_legubiao/ws/install/ocs2_mpc/lib:/home/zxs/ocs2_ros2_legubiao/ws/install/ocs2_oc/lib:/home/zxs/ocs2_ros2_legubiao/ws/install/ocs2_core/lib:/home/zxs/ocs2_ros2_legubiao/ws/install/ocs2_msgs/lib:/usr/lib/x86_64-linux-gnu/gazebo-11/plugins:/opt/ros/humble/opt/rviz_ogre_vendor/lib:/opt/ros/humble/lib/x86_64-linux-gnu:/opt/ros/humble/lib /usr/bin/cmake /home/zxs/ocs2_ros2_legubiao/ws/src/humanoid_control/humanoid_wbc -DCMAKE_INSTALL_PREFIX=/home/zxs/ocs2_ros2_legubiao/ws/install/humanoid_wbc
[0.055s] -- The C compiler identification is GNU 12.3.0
[0.087s] -- The CXX compiler identification is GNU 12.3.0
[0.091s] -- Detecting C compiler ABI info
[0.132s] -- Detecting C compiler ABI info - done
[0.136s] -- Check for working C compiler: /usr/bin/cc - skipped
[0.136s] -- Detecting C compile features
[0.136s] -- Detecting C compile features - done
[0.137s] -- Detecting CXX compiler ABI info
[0.192s] -- Detecting CXX compiler ABI info - done
[0.196s] -- Check for working CXX compiler: /usr/bin/c++ - skipped
[0.196s] -- Detecting CXX compile features
[0.196s] -- Detecting CXX compile features - done
[0.198s] -- Found ament_cmake: 1.3.11 (/opt/ros/humble/share/ament_cmake/cmake)
[0.276s] -- Found Python3: /usr/bin/python3 (found version "3.10.13") found components: Interpreter 
[0.327s] -- Found humanoid_interface: 0.0.1 (/home/zxs/ocs2_ros2_legubiao/ws/install/humanoid_interface/share/humanoid_interface/cmake)
[0.466s] -- Found OpenMP_C: -fopenmp (found version "4.5") 
[0.516s] -- Found OpenMP_CXX: -fopenmp (found version "4.5") 
[0.516s] -- Found OpenMP: TRUE (found version "4.5")  
[0.629s] -- Found Boost: /usr/lib/x86_64-linux-gnu/cmake/Boost-1.74.0/BoostConfig.cmake (found version "1.74.0") found components: system filesystem log_setup log 
[0.646s] -- pinocchio_default FOUND. pinocchio_default at /opt/ros/humble/lib/x86_64-linux-gnu/libpinocchio_default.so
[0.646s] -- pinocchio_parsers FOUND. pinocchio_parsers at /opt/ros/humble/lib/x86_64-linux-gnu/libpinocchio_parsers.so
[0.648s] -- boost_filesystem FOUND. boost_filesystem at /lib/x86_64-linux-gnu/libboost_filesystem.so
[0.648s] -- boost_serialization FOUND. boost_serialization at /lib/x86_64-linux-gnu/libboost_serialization.so
[0.648s] -- boost_system FOUND. boost_system at /lib/x86_64-linux-gnu/libboost_system.so
[0.664s] -- eigenpy FOUND. eigenpy at /opt/ros/humble/lib/x86_64-linux-gnu/libeigenpy.so
[0.680s] -- Checking for NumPy
[0.778s] --   NUMPY_INCLUDE_DIRS=/usr/lib/python3/dist-packages/numpy/core/include
[0.828s] --   NUMPY_VERSION=1.21.5
[0.964s] -- Found Python3: /usr/bin/python3 (found version "3.10.13") found components: Interpreter Development.Module NumPy 
[0.964s] -- PythonLibraryDirs: 
[0.964s] -- PythonLibVersionString: 3.10.13
[0.973s] -- Python site lib: lib/python3.10/site-packages
[0.973s] -- Python include dirs: /usr/include/python3.10
[0.998s] -- Checking for NumPy
[1.048s] --   NUMPY_INCLUDE_DIRS=/usr/lib/python3/dist-packages/numpy/core/include
[1.097s] --   NUMPY_VERSION=1.21.5
[1.097s] -- NumPy include dir: /usr/lib/python3/dist-packages/numpy/core/include
[1.099s] [33mCMake Warning at /usr/share/cmake-3.22/Modules/FindBoost.cmake:2201 (message):
[1.099s]   No header defined for python310; skipping header check (note: header-only
[1.099s]   libraries have no designated component)
[1.099s] Call Stack (most recent call first):
[1.099s]   /opt/ros/humble/lib/x86_64-linux-gnu/cmake/eigenpy/boost.cmake:148 (find_package)
[1.099s]   /opt/ros/humble/lib/x86_64-linux-gnu/cmake/eigenpy/eigenpyConfig.cmake:149 (SEARCH_FOR_BOOST_PYTHON)
[1.099s]   /usr/share/cmake-3.22/Modules/CMakeFindDependencyMacro.cmake:47 (find_package)
[1.099s]   /opt/ros/humble/lib/x86_64-linux-gnu/cmake/pinocchio/pinocchioConfig.cmake:161 (find_dependency)
[1.099s]   /home/zxs/ocs2_ros2_legubiao/ws/install/ocs2_pinocchio_interface/share/ocs2_pinocchio_interface/cmake/ament_cmake_export_dependencies-extras.cmake:21 (find_package)
[1.099s]   /home/zxs/ocs2_ros2_legubiao/ws/install/ocs2_pinocchio_interface/share/ocs2_pinocchio_interface/cmake/ocs2_pinocchio_interfaceConfig.cmake:41 (include)
[1.099s]   /home/zxs/ocs2_ros2_legubiao/ws/install/humanoid_interface/share/humanoid_interface/cmake/ament_cmake_export_dependencies-extras.cmake:21 (find_package)
[1.099s]   /home/zxs/ocs2_ros2_legubiao/ws/install/humanoid_interface/share/humanoid_interface/cmake/humanoid_interfaceConfig.cmake:41 (include)
[1.099s]   CMakeLists.txt:14 (find_package)
[1.099s] 
[1.099s] [0m
[1.101s] -- Found Boost: /usr/include (found version "1.74.0") found components: python310 
[1.268s] -- Default C++ standard: 201703
[1.268s] -- Minimal C++ standard upgraded to 11
[1.268s] -- C++ standard sufficient: Minimal required 11, currently defined: 17
[1.270s] -- hpp-fcl FOUND. hpp-fcl at /opt/ros/humble/lib/x86_64-linux-gnu/libhpp-fcl.so
[1.277s] -- C++ standard sufficient: Minimal required 11, currently defined: 17
[1.277s] -- C++ standard sufficient: Minimal required 11, currently defined: 17
[1.279s] -- coal FOUND. coal at /opt/ros/humble/lib/x86_64-linux-gnu/libcoal.so
[1.289s] -- C++ standard sufficient: Minimal required 11, currently defined: 17
[1.294s] -- Found qpoases_catkin: 0.0.0 (/home/zxs/ocs2_ros2_legubiao/ws/install/qpoases_catkin/share/qpoases_catkin/cmake)
[1.302s] -- Found ament_lint_auto: 0.12.12 (/opt/ros/humble/share/ament_lint_auto/cmake)
[1.348s] -- Found gtest sources under '/opt/ros/humble/src/gtest_vendor': C++ tests using 'Google Test' will be built
[1.349s] -- Found Threads: TRUE  
[1.351s] -- Added test 'copyright' to check source files copyright and LICENSE
[1.352s] -- Added test 'cppcheck' to perform static code analysis on C / C++ code
[1.352s] -- Configured cppcheck include dirs: $<BUILD_INTERFACE:/home/zxs/ocs2_ros2_legubiao/ws/src/humanoid_control/humanoid_wbc/include>;/home/zxs/ocs2_ros2_legubiao/ws/src/humanoid_control/humanoid_wbc/humanoid_wbc;/home/zxs/ocs2_ros2_legubiao/ws/src/humanoid_control/humanoid_wbc/gtest_main
[1.352s] -- Configured cppcheck exclude dirs and/or files: 
[1.353s] -- Added test 'cpplint' to check C / C++ code against the Google style
[1.353s] -- Configured cpplint exclude dirs and/or files: 
[1.353s] -- Added test 'lint_cmake' to check CMake code style
[1.354s] -- Added test 'uncrustify' to check C / C++ code style
[1.354s] -- Configured uncrustify additional arguments: 
[1.354s] -- Added test 'xmllint' to check XML markup files
[1.355s] -- Configuring done
[1.361s] -- Generating done
[1.363s] -- Build files have been written to: /home/zxs/ocs2_ros2_legubiao/ws/build/humanoid_wbc
[1.368s] Invoked command in '/home/zxs/ocs2_ros2_legubiao/ws/build/humanoid_wbc' returned '0': AMENT_PREFIX_PATH=/home/zxs/ocs2_ros2_legubiao/ws/install/humanoid_interface:/home/zxs/ocs2_ros2_legubiao/ws/install/ocs2_self_collision:/home/zxs/ocs2_ros2_legubiao/ws/install/qpoases_catkin:${AMENT_PREFIX_PATH} CMAKE_PREFIX_PATH=/home/zxs/ocs2_ros2_legubiao/ws/install/humanoid_interface:/home/zxs/ocs2_ros2_legubiao/ws/install/ocs2_sqp:/home/zxs/ocs2_ros2_legubiao/ws/install/ocs2_self_collision:/home/zxs/ocs2_ros2_legubiao/ws/install/ocs2_ipm:/home/zxs/ocs2_ros2_legubiao/ws/install/ocs2_centroidal_model:/home/zxs/ocs2_ros2_legubiao/ws/install/ocs2_pinocchio_interface:/home/zxs/ocs2_ros2_legubiao/ws/install/ocs2_ddp:/home/zxs/ocs2_ros2_legubiao/ws/install/hpipm_colcon:/home/zxs/ocs2_ros2_legubiao/ws/install/ocs2_robotic_tools:/home/zxs/ocs2_ros2_legubiao/ws/install/ocs2_qp_solver:/home/zxs/ocs2_ros2_legubiao/ws/install/ocs2_mpc:/home/zxs/ocs2_ros2_legubiao/ws/install/ocs2_oc:/home/zxs/ocs2_ros2_legubiao/ws/install/ocs2_core:/home/zxs/ocs2_ros2_legubiao/ws/install/qpoases_catkin:/home/zxs/ocs2_ros2_legubiao/ws/install/ocs2_thirdparty:/home/zxs/ocs2_ros2_legubiao/ws/install/ocs2_robotic_assets:/home/zxs/ocs2_ros2_legubiao/ws/install/blasfeo_colcon:/home/zxs/ocs2_ros2_legubiao/ws/install/ocs2_legged_robot_ros:/home/zxs/ocs2_ros2_legubiao/ws/install/ocs2_legged_robot:/home/zxs/ocs2_ros2_legubiao/ws/install/ocs2_ros_interfaces:/home/zxs/ocs2_ros2_legubiao/ws/install/ocs2_msgs:/opt/ros/humble LD_LIBRARY_PATH=/home/zxs/ocs2_ros2_legubiao/ws/install/humanoid_interface/lib:/home/zxs/ocs2_ros2_legubiao/ws/install/ocs2_self_collision/lib:/home/zxs/ocs2_ros2_legubiao/ws/install/ocs2_pinocchio_interface/lib:/home/zxs/ocs2_ros2_legubiao/ws/install/hpipm_colcon/lib:/home/zxs/ocs2_ros2_legubiao/ws/install/qpoases_catkin/lib:/home/zxs/ocs2_ros2_legubiao/ws/install/blasfeo_colcon/lib:/home/zxs/ocs2_ros2_legubiao/ws/install/ocs2_legged_robot_ros/lib:/home/zxs/ocs2_ros2_legubiao/ws/install/ocs2_legged_robot/lib:/home/zxs/ocs2_ros2_legubiao/ws/install/ocs2_sqp/lib:/home/zxs/ocs2_ros2_legubiao/ws/install/ocs2_ros_interfaces/lib:/home/zxs/ocs2_ros2_legubiao/ws/install/ocs2_centroidal_model/lib:/home/zxs/ocs2_ros2_legubiao/ws/install/ocs2_robotic_tools/lib:/home/zxs/ocs2_ros2_legubiao/ws/install/ocs2_ipm/lib:/home/zxs/ocs2_ros2_legubiao/ws/install/ocs2_ddp/lib:/home/zxs/ocs2_ros2_legubiao/ws/install/ocs2_qp_solver/lib:/home/zxs/ocs2_ros2_legubiao/ws/install/ocs2_mpc/lib:/home/zxs/ocs2_ros2_legubiao/ws/install/ocs2_oc/lib:/home/zxs/ocs2_ros2_legubiao/ws/install/ocs2_core/lib:/home/zxs/ocs2_ros2_legubiao/ws/install/ocs2_msgs/lib:/usr/lib/x86_64-linux-gnu/gazebo-11/plugins:/opt/ros/humble/opt/rviz_ogre_vendor/lib:/opt/ros/humble/lib/x86_64-linux-gnu:/opt/ros/humble/lib /usr/bin/cmake /home/zxs/ocs2_ros2_legubiao/ws/src/humanoid_control/humanoid_wbc -DCMAKE_INSTALL_PREFIX=/home/zxs/ocs2_ros2_legubiao/ws/install/humanoid_wbc
[1.368s] Invoking command in '/home/zxs/ocs2_ros2_legubiao/ws/build/humanoid_wbc': AMENT_PREFIX_PATH=/home/zxs/ocs2_ros2_legubiao/ws/install/humanoid_interface:/home/zxs/ocs2_ros2_legubiao/ws/install/ocs2_self_collision:/home/zxs/ocs2_ros2_legubiao/ws/install/qpoases_catkin:${AMENT_PREFIX_PATH} CMAKE_PREFIX_PATH=/home/zxs/ocs2_ros2_legubiao/ws/install/humanoid_interface:/home/zxs/ocs2_ros2_legubiao/ws/install/ocs2_sqp:/home/zxs/ocs2_ros2_legubiao/ws/install/ocs2_self_collision:/home/zxs/ocs2_ros2_legubiao/ws/install/ocs2_ipm:/home/zxs/ocs2_ros2_legubiao/ws/install/ocs2_centroidal_model:/home/zxs/ocs2_ros2_legubiao/ws/install/ocs2_pinocchio_interface:/home/zxs/ocs2_ros2_legubiao/ws/install/ocs2_ddp:/home/zxs/ocs2_ros2_legubiao/ws/install/hpipm_colcon:/home/zxs/ocs2_ros2_legubiao/ws/install/ocs2_robotic_tools:/home/zxs/ocs2_ros2_legubiao/ws/install/ocs2_qp_solver:/home/zxs/ocs2_ros2_legubiao/ws/install/ocs2_mpc:/home/zxs/ocs2_ros2_legubiao/ws/install/ocs2_oc:/home/zxs/ocs2_ros2_legubiao/ws/install/ocs2_core:/home/zxs/ocs2_ros2_legubiao/ws/install/qpoases_catkin:/home/zxs/ocs2_ros2_legubiao/ws/install/ocs2_thirdparty:/home/zxs/ocs2_ros2_legubiao/ws/install/ocs2_robotic_assets:/home/zxs/ocs2_ros2_legubiao/ws/install/blasfeo_colcon:/home/zxs/ocs2_ros2_legubiao/ws/install/ocs2_legged_robot_ros:/home/zxs/ocs2_ros2_legubiao/ws/install/ocs2_legged_robot:/home/zxs/ocs2_ros2_legubiao/ws/install/ocs2_ros_interfaces:/home/zxs/ocs2_ros2_legubiao/ws/install/ocs2_msgs:/opt/ros/humble LD_LIBRARY_PATH=/home/zxs/ocs2_ros2_legubiao/ws/install/humanoid_interface/lib:/home/zxs/ocs2_ros2_legubiao/ws/install/ocs2_self_collision/lib:/home/zxs/ocs2_ros2_legubiao/ws/install/ocs2_pinocchio_interface/lib:/home/zxs/ocs2_ros2_legubiao/ws/install/hpipm_colcon/lib:/home/zxs/ocs2_ros2_legubiao/ws/install/qpoases_catkin/lib:/home/zxs/ocs2_ros2_legubiao/ws/install/blasfeo_colcon/lib:/home/zxs/ocs2_ros2_legubiao/ws/install/ocs2_legged_robot_ros/lib:/home/zxs/ocs2_ros2_legubiao/ws/install/ocs2_legged_robot/lib:/home/zxs/ocs2_ros2_legubiao/ws/install/ocs2_sqp/lib:/home/zxs/ocs2_ros2_legubiao/ws/install/ocs2_ros_interfaces/lib:/home/zxs/ocs2_ros2_legubiao/ws/install/ocs2_centroidal_model/lib:/home/zxs/ocs2_ros2_legubiao/ws/install/ocs2_robotic_tools/lib:/home/zxs/ocs2_ros2_legubiao/ws/install/ocs2_ipm/lib:/home/zxs/ocs2_ros2_legubiao/ws/install/ocs2_ddp/lib:/home/zxs/ocs2_ros2_legubiao/ws/install/ocs2_qp_solver/lib:/home/zxs/ocs2_ros2_legubiao/ws/install/ocs2_mpc/lib:/home/zxs/ocs2_ros2_legubiao/ws/install/ocs2_oc/lib:/home/zxs/ocs2_ros2_legubiao/ws/install/ocs2_core/lib:/home/zxs/ocs2_ros2_legubiao/ws/install/ocs2_msgs/lib:/usr/lib/x86_64-linux-gnu/gazebo-11/plugins:/opt/ros/humble/opt/rviz_ogre_vendor/lib:/opt/ros/humble/lib/x86_64-linux-gnu:/opt/ros/humble/lib /usr/bin/cmake --build /home/zxs/ocs2_ros2_legubiao/ws/build/humanoid_wbc -- -j28 -l28
[1.401s] [  9%] [32mBuilding CXX object gtest/CMakeFiles/gtest_main.dir/src/gtest_main.cc.o[0m
[1.403s] [ 18%] [32mBuilding CXX object CMakeFiles/humanoid_wbc.dir/src/HoQp.cpp.o[0m
[1.403s] [ 27%] [32mBuilding CXX object gtest/CMakeFiles/gtest.dir/src/gtest-all.cc.o[0m
[1.403s] [ 45%] [32mBuilding CXX object CMakeFiles/humanoid_wbc.dir/src/WbcBase.cpp.o[0m
[1.403s] [ 45%] [32mBuilding CXX object CMakeFiles/humanoid_wbc.dir/src/WeightedWbc.cpp.o[0m
[1.403s] [ 54%] [32mBuilding CXX object CMakeFiles/humanoid_wbc.dir/src/HierarchicalWbc.cpp.o[0m
[1.878s] [ 63%] [32m[1mLinking CXX static library libgtest_main.a[0m
[1.928s] [ 63%] Built target gtest_main
[5.273s] [ 72%] [32m[1mLinking CXX static library libgtest.a[0m
[5.321s] [ 72%] Built target gtest
[24.267s] [ 81%] [32m[1mLinking CXX static library libhumanoid_wbc.a[0m
[24.307s] [ 81%] Built target humanoid_wbc
[24.320s] [ 90%] [32mBuilding CXX object CMakeFiles/humanoid_wbc_test.dir/test/HoQp_test.cpp.o[0m
[24.323s] [01m[Kcc1plus:[m[K [01;35m[Kwarning: [m[K/opt/ros/humble/lib/x86_64-linux-gnu/libpinocchio_default.so: not a directory
[24.323s] [01m[Kcc1plus:[m[K [01;35m[Kwarning: [m[K/opt/ros/humble/lib/x86_64-linux-gnu/libpinocchio_parsers.so: not a directory
[24.323s] [01m[Kcc1plus:[m[K [01;35m[Kwarning: [m[K/lib/x86_64-linux-gnu/libboost_filesystem.so: not a directory
[24.323s] [01m[Kcc1plus:[m[K [01;35m[Kwarning: [m[K/lib/x86_64-linux-gnu/libboost_serialization.so: not a directory
[24.323s] [01m[Kcc1plus:[m[K [01;35m[Kwarning: [m[K/lib/x86_64-linux-gnu/libboost_system.so: not a directory
[25.842s] [01m[Kcc1plus:[m[K [01;36m[Knote: [m[Kunrecognized command-line option ‘[01m[K-Wno-invalid-partial-specialization[m[K’ may have been intended to silence earlier diagnostics
[25.861s] [100%] [32m[1mLinking CXX executable humanoid_wbc_test[0m
[25.918s] [100%] Built target humanoid_wbc_test
[25.927s] Invoked command in '/home/zxs/ocs2_ros2_legubiao/ws/build/humanoid_wbc' returned '0': AMENT_PREFIX_PATH=/home/zxs/ocs2_ros2_legubiao/ws/install/humanoid_interface:/home/zxs/ocs2_ros2_legubiao/ws/install/ocs2_self_collision:/home/zxs/ocs2_ros2_legubiao/ws/install/qpoases_catkin:${AMENT_PREFIX_PATH} CMAKE_PREFIX_PATH=/home/zxs/ocs2_ros2_legubiao/ws/install/humanoid_interface:/home/zxs/ocs2_ros2_legubiao/ws/install/ocs2_sqp:/home/zxs/ocs2_ros2_legubiao/ws/install/ocs2_self_collision:/home/zxs/ocs2_ros2_legubiao/ws/install/ocs2_ipm:/home/zxs/ocs2_ros2_legubiao/ws/install/ocs2_centroidal_model:/home/zxs/ocs2_ros2_legubiao/ws/install/ocs2_pinocchio_interface:/home/zxs/ocs2_ros2_legubiao/ws/install/ocs2_ddp:/home/zxs/ocs2_ros2_legubiao/ws/install/hpipm_colcon:/home/zxs/ocs2_ros2_legubiao/ws/install/ocs2_robotic_tools:/home/zxs/ocs2_ros2_legubiao/ws/install/ocs2_qp_solver:/home/zxs/ocs2_ros2_legubiao/ws/install/ocs2_mpc:/home/zxs/ocs2_ros2_legubiao/ws/install/ocs2_oc:/home/zxs/ocs2_ros2_legubiao/ws/install/ocs2_core:/home/zxs/ocs2_ros2_legubiao/ws/install/qpoases_catkin:/home/zxs/ocs2_ros2_legubiao/ws/install/ocs2_thirdparty:/home/zxs/ocs2_ros2_legubiao/ws/install/ocs2_robotic_assets:/home/zxs/ocs2_ros2_legubiao/ws/install/blasfeo_colcon:/home/zxs/ocs2_ros2_legubiao/ws/install/ocs2_legged_robot_ros:/home/zxs/ocs2_ros2_legubiao/ws/install/ocs2_legged_robot:/home/zxs/ocs2_ros2_legubiao/ws/install/ocs2_ros_interfaces:/home/zxs/ocs2_ros2_legubiao/ws/install/ocs2_msgs:/opt/ros/humble LD_LIBRARY_PATH=/home/zxs/ocs2_ros2_legubiao/ws/install/humanoid_interface/lib:/home/zxs/ocs2_ros2_legubiao/ws/install/ocs2_self_collision/lib:/home/zxs/ocs2_ros2_legubiao/ws/install/ocs2_pinocchio_interface/lib:/home/zxs/ocs2_ros2_legubiao/ws/install/hpipm_colcon/lib:/home/zxs/ocs2_ros2_legubiao/ws/install/qpoases_catkin/lib:/home/zxs/ocs2_ros2_legubiao/ws/install/blasfeo_colcon/lib:/home/zxs/ocs2_ros2_legubiao/ws/install/ocs2_legged_robot_ros/lib:/home/zxs/ocs2_ros2_legubiao/ws/install/ocs2_legged_robot/lib:/home/zxs/ocs2_ros2_legubiao/ws/install/ocs2_sqp/lib:/home/zxs/ocs2_ros2_legubiao/ws/install/ocs2_ros_interfaces/lib:/home/zxs/ocs2_ros2_legubiao/ws/install/ocs2_centroidal_model/lib:/home/zxs/ocs2_ros2_legubiao/ws/install/ocs2_robotic_tools/lib:/home/zxs/ocs2_ros2_legubiao/ws/install/ocs2_ipm/lib:/home/zxs/ocs2_ros2_legubiao/ws/install/ocs2_ddp/lib:/home/zxs/ocs2_ros2_legubiao/ws/install/ocs2_qp_solver/lib:/home/zxs/ocs2_ros2_legubiao/ws/install/ocs2_mpc/lib:/home/zxs/ocs2_ros2_legubiao/ws/install/ocs2_oc/lib:/home/zxs/ocs2_ros2_legubiao/ws/install/ocs2_core/lib:/home/zxs/ocs2_ros2_legubiao/ws/install/ocs2_msgs/lib:/usr/lib/x86_64-linux-gnu/gazebo-11/plugins:/opt/ros/humble/opt/rviz_ogre_vendor/lib:/opt/ros/humble/lib/x86_64-linux-gnu:/opt/ros/humble/lib /usr/bin/cmake --build /home/zxs/ocs2_ros2_legubiao/ws/build/humanoid_wbc -- -j28 -l28
[25.927s] Invoking command in '/home/zxs/ocs2_ros2_legubiao/ws/build/humanoid_wbc': AMENT_PREFIX_PATH=/home/zxs/ocs2_ros2_legubiao/ws/install/humanoid_interface:/home/zxs/ocs2_ros2_legubiao/ws/install/ocs2_self_collision:/home/zxs/ocs2_ros2_legubiao/ws/install/qpoases_catkin:${AMENT_PREFIX_PATH} CMAKE_PREFIX_PATH=/home/zxs/ocs2_ros2_legubiao/ws/install/humanoid_interface:/home/zxs/ocs2_ros2_legubiao/ws/install/ocs2_sqp:/home/zxs/ocs2_ros2_legubiao/ws/install/ocs2_self_collision:/home/zxs/ocs2_ros2_legubiao/ws/install/ocs2_ipm:/home/zxs/ocs2_ros2_legubiao/ws/install/ocs2_centroidal_model:/home/zxs/ocs2_ros2_legubiao/ws/install/ocs2_pinocchio_interface:/home/zxs/ocs2_ros2_legubiao/ws/install/ocs2_ddp:/home/zxs/ocs2_ros2_legubiao/ws/install/hpipm_colcon:/home/zxs/ocs2_ros2_legubiao/ws/install/ocs2_robotic_tools:/home/zxs/ocs2_ros2_legubiao/ws/install/ocs2_qp_solver:/home/zxs/ocs2_ros2_legubiao/ws/install/ocs2_mpc:/home/zxs/ocs2_ros2_legubiao/ws/install/ocs2_oc:/home/zxs/ocs2_ros2_legubiao/ws/install/ocs2_core:/home/zxs/ocs2_ros2_legubiao/ws/install/qpoases_catkin:/home/zxs/ocs2_ros2_legubiao/ws/install/ocs2_thirdparty:/home/zxs/ocs2_ros2_legubiao/ws/install/ocs2_robotic_assets:/home/zxs/ocs2_ros2_legubiao/ws/install/blasfeo_colcon:/home/zxs/ocs2_ros2_legubiao/ws/install/ocs2_legged_robot_ros:/home/zxs/ocs2_ros2_legubiao/ws/install/ocs2_legged_robot:/home/zxs/ocs2_ros2_legubiao/ws/install/ocs2_ros_interfaces:/home/zxs/ocs2_ros2_legubiao/ws/install/ocs2_msgs:/opt/ros/humble LD_LIBRARY_PATH=/home/zxs/ocs2_ros2_legubiao/ws/install/humanoid_interface/lib:/home/zxs/ocs2_ros2_legubiao/ws/install/ocs2_self_collision/lib:/home/zxs/ocs2_ros2_legubiao/ws/install/ocs2_pinocchio_interface/lib:/home/zxs/ocs2_ros2_legubiao/ws/install/hpipm_colcon/lib:/home/zxs/ocs2_ros2_legubiao/ws/install/qpoases_catkin/lib:/home/zxs/ocs2_ros2_legubiao/ws/install/blasfeo_colcon/lib:/home/zxs/ocs2_ros2_legubiao/ws/install/ocs2_legged_robot_ros/lib:/home/zxs/ocs2_ros2_legubiao/ws/install/ocs2_legged_robot/lib:/home/zxs/ocs2_ros2_legubiao/ws/install/ocs2_sqp/lib:/home/zxs/ocs2_ros2_legubiao/ws/install/ocs2_ros_interfaces/lib:/home/zxs/ocs2_ros2_legubiao/ws/install/ocs2_centroidal_model/lib:/home/zxs/ocs2_ros2_legubiao/ws/install/ocs2_robotic_tools/lib:/home/zxs/ocs2_ros2_legubiao/ws/install/ocs2_ipm/lib:/home/zxs/ocs2_ros2_legubiao/ws/install/ocs2_ddp/lib:/home/zxs/ocs2_ros2_legubiao/ws/install/ocs2_qp_solver/lib:/home/zxs/ocs2_ros2_legubiao/ws/install/ocs2_mpc/lib:/home/zxs/ocs2_ros2_legubiao/ws/install/ocs2_oc/lib:/home/zxs/ocs2_ros2_legubiao/ws/install/ocs2_core/lib:/home/zxs/ocs2_ros2_legubiao/ws/install/ocs2_msgs/lib:/usr/lib/x86_64-linux-gnu/gazebo-11/plugins:/opt/ros/humble/opt/rviz_ogre_vendor/lib:/opt/ros/humble/lib/x86_64-linux-gnu:/opt/ros/humble/lib /usr/bin/cmake --install /home/zxs/ocs2_ros2_legubiao/ws/build/humanoid_wbc
[25.933s] -- Install configuration: "Release"
[25.933s] -- Installing: /home/zxs/ocs2_ros2_legubiao/ws/install/humanoid_wbc/include/humanoid_wbc
[25.933s] -- Installing: /home/zxs/ocs2_ros2_legubiao/ws/install/humanoid_wbc/include/humanoid_wbc/humanoid_wbc
[25.933s] -- Installing: /home/zxs/ocs2_ros2_legubiao/ws/install/humanoid_wbc/include/humanoid_wbc/humanoid_wbc/Task.h
[25.933s] -- Installing: /home/zxs/ocs2_ros2_legubiao/ws/install/humanoid_wbc/include/humanoid_wbc/humanoid_wbc/HierarchicalWbc.h
[25.933s] -- Installing: /home/zxs/ocs2_ros2_legubiao/ws/install/humanoid_wbc/include/humanoid_wbc/humanoid_wbc/HoQp.h
[25.933s] -- Installing: /home/zxs/ocs2_ros2_legubiao/ws/install/humanoid_wbc/include/humanoid_wbc/humanoid_wbc/WbcBase.h
[25.933s] -- Installing: /home/zxs/ocs2_ros2_legubiao/ws/install/humanoid_wbc/include/humanoid_wbc/humanoid_wbc/WeightedWbc.h
[25.933s] -- Installing: /home/zxs/ocs2_ros2_legubiao/ws/install/humanoid_wbc/lib/libhumanoid_wbc.a
[25.934s] -- Installing: /home/zxs/ocs2_ros2_legubiao/ws/install/humanoid_wbc/share/humanoid_wbc/
[25.934s] -- Installing: /home/zxs/ocs2_ros2_legubiao/ws/install/humanoid_wbc/share/humanoid_wbc/environment/library_path.sh
[25.934s] -- Installing: /home/zxs/ocs2_ros2_legubiao/ws/install/humanoid_wbc/share/humanoid_wbc/environment/library_path.dsv
[25.934s] -- Installing: /home/zxs/ocs2_ros2_legubiao/ws/install/humanoid_wbc/share/ament_index/resource_index/package_run_dependencies/humanoid_wbc
[25.934s] -- Installing: /home/zxs/ocs2_ros2_legubiao/ws/install/humanoid_wbc/share/ament_index/resource_index/parent_prefix_path/humanoid_wbc
[25.934s] -- Installing: /home/zxs/ocs2_ros2_legubiao/ws/install/humanoid_wbc/share/humanoid_wbc/environment/ament_prefix_path.sh
[25.934s] -- Installing: /home/zxs/ocs2_ros2_legubiao/ws/install/humanoid_wbc/share/humanoid_wbc/environment/ament_prefix_path.dsv
[25.934s] -- Installing: /home/zxs/ocs2_ros2_legubiao/ws/install/humanoid_wbc/share/humanoid_wbc/environment/path.sh
[25.934s] -- Installing: /home/zxs/ocs2_ros2_legubiao/ws/install/humanoid_wbc/share/humanoid_wbc/environment/path.dsv
[25.934s] -- Installing: /home/zxs/ocs2_ros2_legubiao/ws/install/humanoid_wbc/share/humanoid_wbc/local_setup.bash
[25.934s] -- Installing: /home/zxs/ocs2_ros2_legubiao/ws/install/humanoid_wbc/share/humanoid_wbc/local_setup.sh
[25.934s] -- Installing: /home/zxs/ocs2_ros2_legubiao/ws/install/humanoid_wbc/share/humanoid_wbc/local_setup.zsh
[25.935s] -- Installing: /home/zxs/ocs2_ros2_legubiao/ws/install/humanoid_wbc/share/humanoid_wbc/local_setup.dsv
[25.935s] -- Installing: /home/zxs/ocs2_ros2_legubiao/ws/install/humanoid_wbc/share/humanoid_wbc/package.dsv
[25.935s] -- Installing: /home/zxs/ocs2_ros2_legubiao/ws/install/humanoid_wbc/share/ament_index/resource_index/packages/humanoid_wbc
[25.935s] -- Installing: /home/zxs/ocs2_ros2_legubiao/ws/install/humanoid_wbc/share/humanoid_wbc/cmake/export_humanoid_wbcExport.cmake
[25.935s] -- Installing: /home/zxs/ocs2_ros2_legubiao/ws/install/humanoid_wbc/share/humanoid_wbc/cmake/export_humanoid_wbcExport-release.cmake
[25.935s] -- Installing: /home/zxs/ocs2_ros2_legubiao/ws/install/humanoid_wbc/share/humanoid_wbc/cmake/ament_cmake_export_dependencies-extras.cmake
[25.935s] -- Installing: /home/zxs/ocs2_ros2_legubiao/ws/install/humanoid_wbc/share/humanoid_wbc/cmake/ament_cmake_export_targets-extras.cmake
[25.935s] -- Installing: /home/zxs/ocs2_ros2_legubiao/ws/install/humanoid_wbc/share/humanoid_wbc/cmake/humanoid_wbcConfig.cmake
[25.935s] -- Installing: /home/zxs/ocs2_ros2_legubiao/ws/install/humanoid_wbc/share/humanoid_wbc/cmake/humanoid_wbcConfig-version.cmake
[25.935s] -- Installing: /home/zxs/ocs2_ros2_legubiao/ws/install/humanoid_wbc/share/humanoid_wbc/package.xml
[25.936s] Invoked command in '/home/zxs/ocs2_ros2_legubiao/ws/build/humanoid_wbc' returned '0': AMENT_PREFIX_PATH=/home/zxs/ocs2_ros2_legubiao/ws/install/humanoid_interface:/home/zxs/ocs2_ros2_legubiao/ws/install/ocs2_self_collision:/home/zxs/ocs2_ros2_legubiao/ws/install/qpoases_catkin:${AMENT_PREFIX_PATH} CMAKE_PREFIX_PATH=/home/zxs/ocs2_ros2_legubiao/ws/install/humanoid_interface:/home/zxs/ocs2_ros2_legubiao/ws/install/ocs2_sqp:/home/zxs/ocs2_ros2_legubiao/ws/install/ocs2_self_collision:/home/zxs/ocs2_ros2_legubiao/ws/install/ocs2_ipm:/home/zxs/ocs2_ros2_legubiao/ws/install/ocs2_centroidal_model:/home/zxs/ocs2_ros2_legubiao/ws/install/ocs2_pinocchio_interface:/home/zxs/ocs2_ros2_legubiao/ws/install/ocs2_ddp:/home/zxs/ocs2_ros2_legubiao/ws/install/hpipm_colcon:/home/zxs/ocs2_ros2_legubiao/ws/install/ocs2_robotic_tools:/home/zxs/ocs2_ros2_legubiao/ws/install/ocs2_qp_solver:/home/zxs/ocs2_ros2_legubiao/ws/install/ocs2_mpc:/home/zxs/ocs2_ros2_legubiao/ws/install/ocs2_oc:/home/zxs/ocs2_ros2_legubiao/ws/install/ocs2_core:/home/zxs/ocs2_ros2_legubiao/ws/install/qpoases_catkin:/home/zxs/ocs2_ros2_legubiao/ws/install/ocs2_thirdparty:/home/zxs/ocs2_ros2_legubiao/ws/install/ocs2_robotic_assets:/home/zxs/ocs2_ros2_legubiao/ws/install/blasfeo_colcon:/home/zxs/ocs2_ros2_legubiao/ws/install/ocs2_legged_robot_ros:/home/zxs/ocs2_ros2_legubiao/ws/install/ocs2_legged_robot:/home/zxs/ocs2_ros2_legubiao/ws/install/ocs2_ros_interfaces:/home/zxs/ocs2_ros2_legubiao/ws/install/ocs2_msgs:/opt/ros/humble LD_LIBRARY_PATH=/home/zxs/ocs2_ros2_legubiao/ws/install/humanoid_interface/lib:/home/zxs/ocs2_ros2_legubiao/ws/install/ocs2_self_collision/lib:/home/zxs/ocs2_ros2_legubiao/ws/install/ocs2_pinocchio_interface/lib:/home/zxs/ocs2_ros2_legubiao/ws/install/hpipm_colcon/lib:/home/zxs/ocs2_ros2_legubiao/ws/install/qpoases_catkin/lib:/home/zxs/ocs2_ros2_legubiao/ws/install/blasfeo_colcon/lib:/home/zxs/ocs2_ros2_legubiao/ws/install/ocs2_legged_robot_ros/lib:/home/zxs/ocs2_ros2_legubiao/ws/install/ocs2_legged_robot/lib:/home/zxs/ocs2_ros2_legubiao/ws/install/ocs2_sqp/lib:/home/zxs/ocs2_ros2_legubiao/ws/install/ocs2_ros_interfaces/lib:/home/zxs/ocs2_ros2_legubiao/ws/install/ocs2_centroidal_model/lib:/home/zxs/ocs2_ros2_legubiao/ws/install/ocs2_robotic_tools/lib:/home/zxs/ocs2_ros2_legubiao/ws/install/ocs2_ipm/lib:/home/zxs/ocs2_ros2_legubiao/ws/install/ocs2_ddp/lib:/home/zxs/ocs2_ros2_legubiao/ws/install/ocs2_qp_solver/lib:/home/zxs/ocs2_ros2_legubiao/ws/install/ocs2_mpc/lib:/home/zxs/ocs2_ros2_legubiao/ws/install/ocs2_oc/lib:/home/zxs/ocs2_ros2_legubiao/ws/install/ocs2_core/lib:/home/zxs/ocs2_ros2_legubiao/ws/install/ocs2_msgs/lib:/usr/lib/x86_64-linux-gnu/gazebo-11/plugins:/opt/ros/humble/opt/rviz_ogre_vendor/lib:/opt/ros/humble/lib/x86_64-linux-gnu:/opt/ros/humble/lib /usr/bin/cmake --install /home/zxs/ocs2_ros2_legubiao/ws/build/humanoid_wbc
