-- The C compiler identification is GNU 12.3.0
-- The CXX compiler identification is GNU 12.3.0
-- Detecting C compiler ABI info
-- Detecting C compiler ABI info - done
-- Check for working C compiler: /usr/bin/cc - skipped
-- Detecting C compile features
-- Detecting C compile features - done
-- Detecting CXX compiler ABI info
-- Detecting CXX compiler ABI info - done
-- Check for working CXX compiler: /usr/bin/c++ - skipped
-- Detecting CXX compile features
-- Detecting CXX compile features - done
-- Found ament_cmake: 1.3.11 (/opt/ros/humble/share/ament_cmake/cmake)
-- Found Python3: /usr/bin/python3 (found version "3.10.13") found components: Interpreter 
-- Found ocs2_self_collision: 0.0.0 (/home/zxs/ocs2_ros2_legubiao/ws/install/ocs2_self_collision/share/ocs2_self_collision/cmake)
-- Found OpenMP_C: -fopenmp (found version "4.5") 
-- Found OpenMP_CXX: -fopenmp (found version "4.5") 
-- Found OpenMP: TRUE (found version "4.5")  
-- Found Boost: /usr/lib/x86_64-linux-gnu/cmake/Boost-1.74.0/BoostConfig.cmake (found version "1.74.0") found components: system filesystem log_setup log 
-- pinocchio_default FOUND. pinocchio_default at /opt/ros/humble/lib/x86_64-linux-gnu/libpinocchio_default.so
-- pinocchio_parsers FOUND. pinocchio_parsers at /opt/ros/humble/lib/x86_64-linux-gnu/libpinocchio_parsers.so
-- boost_filesystem FOUND. boost_filesystem at /lib/x86_64-linux-gnu/libboost_filesystem.so
-- boost_serialization FOUND. boost_serialization at /lib/x86_64-linux-gnu/libboost_serialization.so
-- boost_system FOUND. boost_system at /lib/x86_64-linux-gnu/libboost_system.so
-- eigenpy FOUND. eigenpy at /opt/ros/humble/lib/x86_64-linux-gnu/libeigenpy.so
-- Checking for NumPy
--   NUMPY_INCLUDE_DIRS=/usr/lib/python3/dist-packages/numpy/core/include
--   NUMPY_VERSION=1.21.5
-- Found Python3: /usr/bin/python3 (found version "3.10.13") found components: Interpreter Development.Module NumPy 
-- PythonLibraryDirs: 
-- PythonLibVersionString: 3.10.13
-- Python site lib: lib/python3.10/site-packages
-- Python include dirs: /usr/include/python3.10
-- Checking for NumPy
--   NUMPY_INCLUDE_DIRS=/usr/lib/python3/dist-packages/numpy/core/include
--   NUMPY_VERSION=1.21.5
-- NumPy include dir: /usr/lib/python3/dist-packages/numpy/core/include
[33mCMake Warning at /usr/share/cmake-3.22/Modules/FindBoost.cmake:2201 (message):
  No header defined for python310; skipping header check (note: header-only
  libraries have no designated component)
Call Stack (most recent call first):
  /opt/ros/humble/lib/x86_64-linux-gnu/cmake/eigenpy/boost.cmake:148 (find_package)
  /opt/ros/humble/lib/x86_64-linux-gnu/cmake/eigenpy/eigenpyConfig.cmake:149 (SEARCH_FOR_BOOST_PYTHON)
  /usr/share/cmake-3.22/Modules/CMakeFindDependencyMacro.cmake:47 (find_package)
  /opt/ros/humble/lib/x86_64-linux-gnu/cmake/pinocchio/pinocchioConfig.cmake:161 (find_dependency)
  /home/zxs/ocs2_ros2_legubiao/ws/install/ocs2_pinocchio_interface/share/ocs2_pinocchio_interface/cmake/ament_cmake_export_dependencies-extras.cmake:21 (find_package)
  /home/zxs/ocs2_ros2_legubiao/ws/install/ocs2_pinocchio_interface/share/ocs2_pinocchio_interface/cmake/ocs2_pinocchio_interfaceConfig.cmake:41 (include)
  /home/zxs/ocs2_ros2_legubiao/ws/install/ocs2_self_collision/share/ocs2_self_collision/cmake/ament_cmake_export_dependencies-extras.cmake:21 (find_package)
  /home/zxs/ocs2_ros2_legubiao/ws/install/ocs2_self_collision/share/ocs2_self_collision/cmake/ocs2_self_collisionConfig.cmake:41 (include)
  CMakeLists.txt:15 (find_package)

[0m
-- Found Boost: /usr/include (found version "1.74.0") found components: python310 
-- Default C++ standard: 201703
-- Minimal C++ standard upgraded to 11
-- C++ standard sufficient: Minimal required 11, currently defined: 17
-- hpp-fcl FOUND. hpp-fcl at /opt/ros/humble/lib/x86_64-linux-gnu/libhpp-fcl.so
-- C++ standard sufficient: Minimal required 11, currently defined: 17
-- C++ standard sufficient: Minimal required 11, currently defined: 17
-- coal FOUND. coal at /opt/ros/humble/lib/x86_64-linux-gnu/libcoal.so
-- C++ standard sufficient: Minimal required 11, currently defined: 17
-- Found ocs2_ros_interfaces: 0.0.0 (/home/zxs/ocs2_ros2_legubiao/ws/install/ocs2_ros_interfaces/share/ocs2_ros_interfaces/cmake)
-- Found rosidl_generator_c: 3.1.6 (/opt/ros/humble/share/rosidl_generator_c/cmake)
-- Found rosidl_adapter: 3.1.6 (/opt/ros/humble/share/rosidl_adapter/cmake)
-- Found rosidl_generator_cpp: 3.1.6 (/opt/ros/humble/share/rosidl_generator_cpp/cmake)
-- Using all available rosidl_typesupport_c: rosidl_typesupport_fastrtps_c;rosidl_typesupport_introspection_c
-- Using all available rosidl_typesupport_cpp: rosidl_typesupport_fastrtps_cpp;rosidl_typesupport_introspection_cpp
-- Found rmw_implementation_cmake: 6.1.2 (/opt/ros/humble/share/rmw_implementation_cmake/cmake)
-- Found rmw_fastrtps_cpp: 6.2.7 (/opt/ros/humble/share/rmw_fastrtps_cpp/cmake)
-- Found OpenSSL: /usr/lib/x86_64-linux-gnu/libcrypto.so (found version "3.0.2")  
-- Found FastRTPS: /opt/ros/humble/include  
-- Using RMW implementation 'rmw_fastrtps_cpp' as default
-- Found Threads: TRUE  
-- Configuring done
-- Generating done
-- Build files have been written to: /home/zxs/ocs2_ros2_legubiao/ws/build/ocs2_self_collision_visualization
[ 50%] [32mBuilding CXX object CMakeFiles/ocs2_self_collision_visualization.dir/src/GeometryInterfaceVisualization.cpp.o[0m
[100%] [32m[1mLinking CXX static library libocs2_self_collision_visualization.a[0m
[100%] Built target ocs2_self_collision_visualization
-- Install configuration: "Release"
-- Installing: /home/zxs/ocs2_ros2_legubiao/ws/install/ocs2_self_collision_visualization/include/ocs2_self_collision_visualization
-- Installing: /home/zxs/ocs2_ros2_legubiao/ws/install/ocs2_self_collision_visualization/include/ocs2_self_collision_visualization/ocs2_self_collision_visualization
-- Installing: /home/zxs/ocs2_ros2_legubiao/ws/install/ocs2_self_collision_visualization/include/ocs2_self_collision_visualization/ocs2_self_collision_visualization/GeometryInterfaceVisualization.h
-- Installing: /home/zxs/ocs2_ros2_legubiao/ws/install/ocs2_self_collision_visualization/lib/libocs2_self_collision_visualization.a
-- Installing: /home/zxs/ocs2_ros2_legubiao/ws/install/ocs2_self_collision_visualization/share/ocs2_self_collision_visualization/environment/library_path.sh
-- Installing: /home/zxs/ocs2_ros2_legubiao/ws/install/ocs2_self_collision_visualization/share/ocs2_self_collision_visualization/environment/library_path.dsv
-- Installing: /home/zxs/ocs2_ros2_legubiao/ws/install/ocs2_self_collision_visualization/share/ament_index/resource_index/package_run_dependencies/ocs2_self_collision_visualization
-- Installing: /home/zxs/ocs2_ros2_legubiao/ws/install/ocs2_self_collision_visualization/share/ament_index/resource_index/parent_prefix_path/ocs2_self_collision_visualization
-- Installing: /home/zxs/ocs2_ros2_legubiao/ws/install/ocs2_self_collision_visualization/share/ocs2_self_collision_visualization/environment/ament_prefix_path.sh
-- Installing: /home/zxs/ocs2_ros2_legubiao/ws/install/ocs2_self_collision_visualization/share/ocs2_self_collision_visualization/environment/ament_prefix_path.dsv
-- Installing: /home/zxs/ocs2_ros2_legubiao/ws/install/ocs2_self_collision_visualization/share/ocs2_self_collision_visualization/environment/path.sh
-- Installing: /home/zxs/ocs2_ros2_legubiao/ws/install/ocs2_self_collision_visualization/share/ocs2_self_collision_visualization/environment/path.dsv
-- Installing: /home/zxs/ocs2_ros2_legubiao/ws/install/ocs2_self_collision_visualization/share/ocs2_self_collision_visualization/local_setup.bash
-- Installing: /home/zxs/ocs2_ros2_legubiao/ws/install/ocs2_self_collision_visualization/share/ocs2_self_collision_visualization/local_setup.sh
-- Installing: /home/zxs/ocs2_ros2_legubiao/ws/install/ocs2_self_collision_visualization/share/ocs2_self_collision_visualization/local_setup.zsh
-- Installing: /home/zxs/ocs2_ros2_legubiao/ws/install/ocs2_self_collision_visualization/share/ocs2_self_collision_visualization/local_setup.dsv
-- Installing: /home/zxs/ocs2_ros2_legubiao/ws/install/ocs2_self_collision_visualization/share/ocs2_self_collision_visualization/package.dsv
-- Installing: /home/zxs/ocs2_ros2_legubiao/ws/install/ocs2_self_collision_visualization/share/ament_index/resource_index/packages/ocs2_self_collision_visualization
-- Installing: /home/zxs/ocs2_ros2_legubiao/ws/install/ocs2_self_collision_visualization/share/ocs2_self_collision_visualization/cmake/export_ocs2_self_collision_visualizationExport.cmake
-- Installing: /home/zxs/ocs2_ros2_legubiao/ws/install/ocs2_self_collision_visualization/share/ocs2_self_collision_visualization/cmake/export_ocs2_self_collision_visualizationExport-release.cmake
-- Installing: /home/zxs/ocs2_ros2_legubiao/ws/install/ocs2_self_collision_visualization/share/ocs2_self_collision_visualization/cmake/ament_cmake_export_dependencies-extras.cmake
-- Installing: /home/zxs/ocs2_ros2_legubiao/ws/install/ocs2_self_collision_visualization/share/ocs2_self_collision_visualization/cmake/ament_cmake_export_targets-extras.cmake
-- Installing: /home/zxs/ocs2_ros2_legubiao/ws/install/ocs2_self_collision_visualization/share/ocs2_self_collision_visualization/cmake/ocs2_self_collision_visualizationConfig.cmake
-- Installing: /home/zxs/ocs2_ros2_legubiao/ws/install/ocs2_self_collision_visualization/share/ocs2_self_collision_visualization/cmake/ocs2_self_collision_visualizationConfig-version.cmake
-- Installing: /home/zxs/ocs2_ros2_legubiao/ws/install/ocs2_self_collision_visualization/share/ocs2_self_collision_visualization/package.xml
