[0.015s] Invoking command in '/home/zxs/ocs2_ros2_legubiao/ws/build/ocs2_self_collision_visualization': AMENT_PREFIX_PATH=/home/zxs/ocs2_ros2_legubiao/ws/install/ocs2_self_collision:${AMENT_PREFIX_PATH} CMAKE_PREFIX_PATH=/home/zxs/ocs2_ros2_legubiao/ws/install/ocs2_self_collision:/home/zxs/ocs2_ros2_legubiao/ws/install/ocs2_ros_interfaces:/home/zxs/ocs2_ros2_legubiao/ws/install/ocs2_pinocchio_interface:/home/zxs/ocs2_ros2_legubiao/ws/install/ocs2_robotic_tools:/home/zxs/ocs2_ros2_legubiao/ws/install/ocs2_mpc:/home/zxs/ocs2_ros2_legubiao/ws/install/ocs2_oc:/home/zxs/ocs2_ros2_legubiao/ws/install/ocs2_core:/home/zxs/ocs2_ros2_legubiao/ws/install/ocs2_thirdparty:/home/zxs/ocs2_ros2_legubiao/ws/install/ocs2_msgs:/home/zxs/ocs2_ros2_legubiao/ws/install/ocs2_legged_robot_ros:/home/zxs/ocs2_ros2_legubiao/ws/install/ocs2_legged_robot:/home/zxs/ocs2_ros2_legubiao/ws/install/ocs2_sqp:/home/zxs/ocs2_ros2_legubiao/ws/install/ocs2_centroidal_model:/home/zxs/ocs2_ros2_legubiao/ws/install/ocs2_ipm:/home/zxs/ocs2_ros2_legubiao/ws/install/ocs2_ddp:/home/zxs/ocs2_ros2_legubiao/ws/install/hpipm_colcon:/home/zxs/ocs2_ros2_legubiao/ws/install/ocs2_qp_solver:/home/zxs/ocs2_ros2_legubiao/ws/install/ocs2_robotic_assets:/home/zxs/ocs2_ros2_legubiao/ws/install/blasfeo_colcon:/opt/ros/humble LD_LIBRARY_PATH=/home/zxs/ocs2_ros2_legubiao/ws/install/ocs2_self_collision/lib:/home/zxs/ocs2_ros2_legubiao/ws/install/ocs2_pinocchio_interface/lib:/home/zxs/ocs2_ros2_legubiao/ws/install/ocs2_msgs/lib:/home/zxs/ocs2_ros2_legubiao/ws/install/ocs2_legged_robot_ros/lib:/home/zxs/ocs2_ros2_legubiao/ws/install/ocs2_legged_robot/lib:/home/zxs/ocs2_ros2_legubiao/ws/install/ocs2_sqp/lib:/home/zxs/ocs2_ros2_legubiao/ws/install/ocs2_ros_interfaces/lib:/home/zxs/ocs2_ros2_legubiao/ws/install/ocs2_centroidal_model/lib:/home/zxs/ocs2_ros2_legubiao/ws/install/ocs2_robotic_tools/lib:/home/zxs/ocs2_ros2_legubiao/ws/install/ocs2_ipm/lib:/home/zxs/ocs2_ros2_legubiao/ws/install/ocs2_ddp/lib:/home/zxs/ocs2_ros2_legubiao/ws/install/hpipm_colcon/lib:/home/zxs/ocs2_ros2_legubiao/ws/install/ocs2_qp_solver/lib:/home/zxs/ocs2_ros2_legubiao/ws/install/ocs2_mpc/lib:/home/zxs/ocs2_ros2_legubiao/ws/install/ocs2_oc/lib:/home/zxs/ocs2_ros2_legubiao/ws/install/ocs2_core/lib:/home/zxs/ocs2_ros2_legubiao/ws/install/blasfeo_colcon/lib:/usr/lib/x86_64-linux-gnu/gazebo-11/plugins:/opt/ros/humble/opt/rviz_ogre_vendor/lib:/opt/ros/humble/lib/x86_64-linux-gnu:/opt/ros/humble/lib /usr/bin/cmake /home/zxs/ocs2_ros2_legubiao/ws/src/ocs2_ros2/robotics/ocs2_pinocchio/ocs2_self_collision_visualization -DCMAKE_INSTALL_PREFIX=/home/zxs/ocs2_ros2_legubiao/ws/install/ocs2_self_collision_visualization
[0.049s] -- The C compiler identification is GNU 12.3.0
[0.081s] -- The CXX compiler identification is GNU 12.3.0
[0.085s] -- Detecting C compiler ABI info
[0.127s] -- Detecting C compiler ABI info - done
[0.131s] -- Check for working C compiler: /usr/bin/cc - skipped
[0.131s] -- Detecting C compile features
[0.131s] -- Detecting C compile features - done
[0.132s] -- Detecting CXX compiler ABI info
[0.183s] -- Detecting CXX compiler ABI info - done
[0.186s] -- Check for working CXX compiler: /usr/bin/c++ - skipped
[0.186s] -- Detecting CXX compile features
[0.186s] -- Detecting CXX compile features - done
[0.188s] -- Found ament_cmake: 1.3.11 (/opt/ros/humble/share/ament_cmake/cmake)
[0.267s] -- Found Python3: /usr/bin/python3 (found version "3.10.13") found components: Interpreter 
[0.316s] -- Found ocs2_self_collision: 0.0.0 (/home/zxs/ocs2_ros2_legubiao/ws/install/ocs2_self_collision/share/ocs2_self_collision/cmake)
[0.464s] -- Found OpenMP_C: -fopenmp (found version "4.5") 
[0.511s] -- Found OpenMP_CXX: -fopenmp (found version "4.5") 
[0.511s] -- Found OpenMP: TRUE (found version "4.5")  
[0.626s] -- Found Boost: /usr/lib/x86_64-linux-gnu/cmake/Boost-1.74.0/BoostConfig.cmake (found version "1.74.0") found components: system filesystem log_setup log 
[0.633s] -- pinocchio_default FOUND. pinocchio_default at /opt/ros/humble/lib/x86_64-linux-gnu/libpinocchio_default.so
[0.633s] -- pinocchio_parsers FOUND. pinocchio_parsers at /opt/ros/humble/lib/x86_64-linux-gnu/libpinocchio_parsers.so
[0.635s] -- boost_filesystem FOUND. boost_filesystem at /lib/x86_64-linux-gnu/libboost_filesystem.so
[0.635s] -- boost_serialization FOUND. boost_serialization at /lib/x86_64-linux-gnu/libboost_serialization.so
[0.636s] -- boost_system FOUND. boost_system at /lib/x86_64-linux-gnu/libboost_system.so
[0.651s] -- eigenpy FOUND. eigenpy at /opt/ros/humble/lib/x86_64-linux-gnu/libeigenpy.so
[0.662s] -- Checking for NumPy
[0.759s] --   NUMPY_INCLUDE_DIRS=/usr/lib/python3/dist-packages/numpy/core/include
[0.808s] --   NUMPY_VERSION=1.21.5
[0.943s] -- Found Python3: /usr/bin/python3 (found version "3.10.13") found components: Interpreter Development.Module NumPy 
[0.943s] -- PythonLibraryDirs: 
[0.943s] -- PythonLibVersionString: 3.10.13
[0.954s] -- Python site lib: lib/python3.10/site-packages
[0.954s] -- Python include dirs: /usr/include/python3.10
[0.975s] -- Checking for NumPy
[1.024s] --   NUMPY_INCLUDE_DIRS=/usr/lib/python3/dist-packages/numpy/core/include
[1.074s] --   NUMPY_VERSION=1.21.5
[1.074s] -- NumPy include dir: /usr/lib/python3/dist-packages/numpy/core/include
[1.077s] [33mCMake Warning at /usr/share/cmake-3.22/Modules/FindBoost.cmake:2201 (message):
[1.077s]   No header defined for python310; skipping header check (note: header-only
[1.077s]   libraries have no designated component)
[1.077s] Call Stack (most recent call first):
[1.077s]   /opt/ros/humble/lib/x86_64-linux-gnu/cmake/eigenpy/boost.cmake:148 (find_package)
[1.077s]   /opt/ros/humble/lib/x86_64-linux-gnu/cmake/eigenpy/eigenpyConfig.cmake:149 (SEARCH_FOR_BOOST_PYTHON)
[1.077s]   /usr/share/cmake-3.22/Modules/CMakeFindDependencyMacro.cmake:47 (find_package)
[1.077s]   /opt/ros/humble/lib/x86_64-linux-gnu/cmake/pinocchio/pinocchioConfig.cmake:161 (find_dependency)
[1.077s]   /home/zxs/ocs2_ros2_legubiao/ws/install/ocs2_pinocchio_interface/share/ocs2_pinocchio_interface/cmake/ament_cmake_export_dependencies-extras.cmake:21 (find_package)
[1.077s]   /home/zxs/ocs2_ros2_legubiao/ws/install/ocs2_pinocchio_interface/share/ocs2_pinocchio_interface/cmake/ocs2_pinocchio_interfaceConfig.cmake:41 (include)
[1.077s]   /home/zxs/ocs2_ros2_legubiao/ws/install/ocs2_self_collision/share/ocs2_self_collision/cmake/ament_cmake_export_dependencies-extras.cmake:21 (find_package)
[1.077s]   /home/zxs/ocs2_ros2_legubiao/ws/install/ocs2_self_collision/share/ocs2_self_collision/cmake/ocs2_self_collisionConfig.cmake:41 (include)
[1.077s]   CMakeLists.txt:15 (find_package)
[1.077s] 
[1.077s] [0m
[1.079s] -- Found Boost: /usr/include (found version "1.74.0") found components: python310 
[1.252s] -- Default C++ standard: 201703
[1.252s] -- Minimal C++ standard upgraded to 11
[1.252s] -- C++ standard sufficient: Minimal required 11, currently defined: 17
[1.253s] -- hpp-fcl FOUND. hpp-fcl at /opt/ros/humble/lib/x86_64-linux-gnu/libhpp-fcl.so
[1.260s] -- C++ standard sufficient: Minimal required 11, currently defined: 17
[1.261s] -- C++ standard sufficient: Minimal required 11, currently defined: 17
[1.262s] -- coal FOUND. coal at /opt/ros/humble/lib/x86_64-linux-gnu/libcoal.so
[1.274s] -- C++ standard sufficient: Minimal required 11, currently defined: 17
[1.274s] -- Found ocs2_ros_interfaces: 0.0.0 (/home/zxs/ocs2_ros2_legubiao/ws/install/ocs2_ros_interfaces/share/ocs2_ros_interfaces/cmake)
[1.300s] -- Found rosidl_generator_c: 3.1.6 (/opt/ros/humble/share/rosidl_generator_c/cmake)
[1.303s] -- Found rosidl_adapter: 3.1.6 (/opt/ros/humble/share/rosidl_adapter/cmake)
[1.308s] -- Found rosidl_generator_cpp: 3.1.6 (/opt/ros/humble/share/rosidl_generator_cpp/cmake)
[1.315s] -- Using all available rosidl_typesupport_c: rosidl_typesupport_fastrtps_c;rosidl_typesupport_introspection_c
[1.325s] -- Using all available rosidl_typesupport_cpp: rosidl_typesupport_fastrtps_cpp;rosidl_typesupport_introspection_cpp
[1.351s] -- Found rmw_implementation_cmake: 6.1.2 (/opt/ros/humble/share/rmw_implementation_cmake/cmake)
[1.353s] -- Found rmw_fastrtps_cpp: 6.2.7 (/opt/ros/humble/share/rmw_fastrtps_cpp/cmake)
[1.412s] -- Found OpenSSL: /usr/lib/x86_64-linux-gnu/libcrypto.so (found version "3.0.2")  
[1.436s] -- Found FastRTPS: /opt/ros/humble/include  
[1.473s] -- Using RMW implementation 'rmw_fastrtps_cpp' as default
[1.484s] -- Found Threads: TRUE  
[1.675s] -- Configuring done
[1.686s] -- Generating done
[1.692s] -- Build files have been written to: /home/zxs/ocs2_ros2_legubiao/ws/build/ocs2_self_collision_visualization
[1.704s] Invoked command in '/home/zxs/ocs2_ros2_legubiao/ws/build/ocs2_self_collision_visualization' returned '0': AMENT_PREFIX_PATH=/home/zxs/ocs2_ros2_legubiao/ws/install/ocs2_self_collision:${AMENT_PREFIX_PATH} CMAKE_PREFIX_PATH=/home/zxs/ocs2_ros2_legubiao/ws/install/ocs2_self_collision:/home/zxs/ocs2_ros2_legubiao/ws/install/ocs2_ros_interfaces:/home/zxs/ocs2_ros2_legubiao/ws/install/ocs2_pinocchio_interface:/home/zxs/ocs2_ros2_legubiao/ws/install/ocs2_robotic_tools:/home/zxs/ocs2_ros2_legubiao/ws/install/ocs2_mpc:/home/zxs/ocs2_ros2_legubiao/ws/install/ocs2_oc:/home/zxs/ocs2_ros2_legubiao/ws/install/ocs2_core:/home/zxs/ocs2_ros2_legubiao/ws/install/ocs2_thirdparty:/home/zxs/ocs2_ros2_legubiao/ws/install/ocs2_msgs:/home/zxs/ocs2_ros2_legubiao/ws/install/ocs2_legged_robot_ros:/home/zxs/ocs2_ros2_legubiao/ws/install/ocs2_legged_robot:/home/zxs/ocs2_ros2_legubiao/ws/install/ocs2_sqp:/home/zxs/ocs2_ros2_legubiao/ws/install/ocs2_centroidal_model:/home/zxs/ocs2_ros2_legubiao/ws/install/ocs2_ipm:/home/zxs/ocs2_ros2_legubiao/ws/install/ocs2_ddp:/home/zxs/ocs2_ros2_legubiao/ws/install/hpipm_colcon:/home/zxs/ocs2_ros2_legubiao/ws/install/ocs2_qp_solver:/home/zxs/ocs2_ros2_legubiao/ws/install/ocs2_robotic_assets:/home/zxs/ocs2_ros2_legubiao/ws/install/blasfeo_colcon:/opt/ros/humble LD_LIBRARY_PATH=/home/zxs/ocs2_ros2_legubiao/ws/install/ocs2_self_collision/lib:/home/zxs/ocs2_ros2_legubiao/ws/install/ocs2_pinocchio_interface/lib:/home/zxs/ocs2_ros2_legubiao/ws/install/ocs2_msgs/lib:/home/zxs/ocs2_ros2_legubiao/ws/install/ocs2_legged_robot_ros/lib:/home/zxs/ocs2_ros2_legubiao/ws/install/ocs2_legged_robot/lib:/home/zxs/ocs2_ros2_legubiao/ws/install/ocs2_sqp/lib:/home/zxs/ocs2_ros2_legubiao/ws/install/ocs2_ros_interfaces/lib:/home/zxs/ocs2_ros2_legubiao/ws/install/ocs2_centroidal_model/lib:/home/zxs/ocs2_ros2_legubiao/ws/install/ocs2_robotic_tools/lib:/home/zxs/ocs2_ros2_legubiao/ws/install/ocs2_ipm/lib:/home/zxs/ocs2_ros2_legubiao/ws/install/ocs2_ddp/lib:/home/zxs/ocs2_ros2_legubiao/ws/install/hpipm_colcon/lib:/home/zxs/ocs2_ros2_legubiao/ws/install/ocs2_qp_solver/lib:/home/zxs/ocs2_ros2_legubiao/ws/install/ocs2_mpc/lib:/home/zxs/ocs2_ros2_legubiao/ws/install/ocs2_oc/lib:/home/zxs/ocs2_ros2_legubiao/ws/install/ocs2_core/lib:/home/zxs/ocs2_ros2_legubiao/ws/install/blasfeo_colcon/lib:/usr/lib/x86_64-linux-gnu/gazebo-11/plugins:/opt/ros/humble/opt/rviz_ogre_vendor/lib:/opt/ros/humble/lib/x86_64-linux-gnu:/opt/ros/humble/lib /usr/bin/cmake /home/zxs/ocs2_ros2_legubiao/ws/src/ocs2_ros2/robotics/ocs2_pinocchio/ocs2_self_collision_visualization -DCMAKE_INSTALL_PREFIX=/home/zxs/ocs2_ros2_legubiao/ws/install/ocs2_self_collision_visualization
[1.705s] Invoking command in '/home/zxs/ocs2_ros2_legubiao/ws/build/ocs2_self_collision_visualization': AMENT_PREFIX_PATH=/home/zxs/ocs2_ros2_legubiao/ws/install/ocs2_self_collision:${AMENT_PREFIX_PATH} CMAKE_PREFIX_PATH=/home/zxs/ocs2_ros2_legubiao/ws/install/ocs2_self_collision:/home/zxs/ocs2_ros2_legubiao/ws/install/ocs2_ros_interfaces:/home/zxs/ocs2_ros2_legubiao/ws/install/ocs2_pinocchio_interface:/home/zxs/ocs2_ros2_legubiao/ws/install/ocs2_robotic_tools:/home/zxs/ocs2_ros2_legubiao/ws/install/ocs2_mpc:/home/zxs/ocs2_ros2_legubiao/ws/install/ocs2_oc:/home/zxs/ocs2_ros2_legubiao/ws/install/ocs2_core:/home/zxs/ocs2_ros2_legubiao/ws/install/ocs2_thirdparty:/home/zxs/ocs2_ros2_legubiao/ws/install/ocs2_msgs:/home/zxs/ocs2_ros2_legubiao/ws/install/ocs2_legged_robot_ros:/home/zxs/ocs2_ros2_legubiao/ws/install/ocs2_legged_robot:/home/zxs/ocs2_ros2_legubiao/ws/install/ocs2_sqp:/home/zxs/ocs2_ros2_legubiao/ws/install/ocs2_centroidal_model:/home/zxs/ocs2_ros2_legubiao/ws/install/ocs2_ipm:/home/zxs/ocs2_ros2_legubiao/ws/install/ocs2_ddp:/home/zxs/ocs2_ros2_legubiao/ws/install/hpipm_colcon:/home/zxs/ocs2_ros2_legubiao/ws/install/ocs2_qp_solver:/home/zxs/ocs2_ros2_legubiao/ws/install/ocs2_robotic_assets:/home/zxs/ocs2_ros2_legubiao/ws/install/blasfeo_colcon:/opt/ros/humble LD_LIBRARY_PATH=/home/zxs/ocs2_ros2_legubiao/ws/install/ocs2_self_collision/lib:/home/zxs/ocs2_ros2_legubiao/ws/install/ocs2_pinocchio_interface/lib:/home/zxs/ocs2_ros2_legubiao/ws/install/ocs2_msgs/lib:/home/zxs/ocs2_ros2_legubiao/ws/install/ocs2_legged_robot_ros/lib:/home/zxs/ocs2_ros2_legubiao/ws/install/ocs2_legged_robot/lib:/home/zxs/ocs2_ros2_legubiao/ws/install/ocs2_sqp/lib:/home/zxs/ocs2_ros2_legubiao/ws/install/ocs2_ros_interfaces/lib:/home/zxs/ocs2_ros2_legubiao/ws/install/ocs2_centroidal_model/lib:/home/zxs/ocs2_ros2_legubiao/ws/install/ocs2_robotic_tools/lib:/home/zxs/ocs2_ros2_legubiao/ws/install/ocs2_ipm/lib:/home/zxs/ocs2_ros2_legubiao/ws/install/ocs2_ddp/lib:/home/zxs/ocs2_ros2_legubiao/ws/install/hpipm_colcon/lib:/home/zxs/ocs2_ros2_legubiao/ws/install/ocs2_qp_solver/lib:/home/zxs/ocs2_ros2_legubiao/ws/install/ocs2_mpc/lib:/home/zxs/ocs2_ros2_legubiao/ws/install/ocs2_oc/lib:/home/zxs/ocs2_ros2_legubiao/ws/install/ocs2_core/lib:/home/zxs/ocs2_ros2_legubiao/ws/install/blasfeo_colcon/lib:/usr/lib/x86_64-linux-gnu/gazebo-11/plugins:/opt/ros/humble/opt/rviz_ogre_vendor/lib:/opt/ros/humble/lib/x86_64-linux-gnu:/opt/ros/humble/lib /usr/bin/cmake --build /home/zxs/ocs2_ros2_legubiao/ws/build/ocs2_self_collision_visualization -- -j28 -l28
[1.749s] [ 50%] [32mBuilding CXX object CMakeFiles/ocs2_self_collision_visualization.dir/src/GeometryInterfaceVisualization.cpp.o[0m
[14.049s] [100%] [32m[1mLinking CXX static library libocs2_self_collision_visualization.a[0m
[14.087s] [100%] Built target ocs2_self_collision_visualization
[14.093s] Invoked command in '/home/zxs/ocs2_ros2_legubiao/ws/build/ocs2_self_collision_visualization' returned '0': AMENT_PREFIX_PATH=/home/zxs/ocs2_ros2_legubiao/ws/install/ocs2_self_collision:${AMENT_PREFIX_PATH} CMAKE_PREFIX_PATH=/home/zxs/ocs2_ros2_legubiao/ws/install/ocs2_self_collision:/home/zxs/ocs2_ros2_legubiao/ws/install/ocs2_ros_interfaces:/home/zxs/ocs2_ros2_legubiao/ws/install/ocs2_pinocchio_interface:/home/zxs/ocs2_ros2_legubiao/ws/install/ocs2_robotic_tools:/home/zxs/ocs2_ros2_legubiao/ws/install/ocs2_mpc:/home/zxs/ocs2_ros2_legubiao/ws/install/ocs2_oc:/home/zxs/ocs2_ros2_legubiao/ws/install/ocs2_core:/home/zxs/ocs2_ros2_legubiao/ws/install/ocs2_thirdparty:/home/zxs/ocs2_ros2_legubiao/ws/install/ocs2_msgs:/home/zxs/ocs2_ros2_legubiao/ws/install/ocs2_legged_robot_ros:/home/zxs/ocs2_ros2_legubiao/ws/install/ocs2_legged_robot:/home/zxs/ocs2_ros2_legubiao/ws/install/ocs2_sqp:/home/zxs/ocs2_ros2_legubiao/ws/install/ocs2_centroidal_model:/home/zxs/ocs2_ros2_legubiao/ws/install/ocs2_ipm:/home/zxs/ocs2_ros2_legubiao/ws/install/ocs2_ddp:/home/zxs/ocs2_ros2_legubiao/ws/install/hpipm_colcon:/home/zxs/ocs2_ros2_legubiao/ws/install/ocs2_qp_solver:/home/zxs/ocs2_ros2_legubiao/ws/install/ocs2_robotic_assets:/home/zxs/ocs2_ros2_legubiao/ws/install/blasfeo_colcon:/opt/ros/humble LD_LIBRARY_PATH=/home/zxs/ocs2_ros2_legubiao/ws/install/ocs2_self_collision/lib:/home/zxs/ocs2_ros2_legubiao/ws/install/ocs2_pinocchio_interface/lib:/home/zxs/ocs2_ros2_legubiao/ws/install/ocs2_msgs/lib:/home/zxs/ocs2_ros2_legubiao/ws/install/ocs2_legged_robot_ros/lib:/home/zxs/ocs2_ros2_legubiao/ws/install/ocs2_legged_robot/lib:/home/zxs/ocs2_ros2_legubiao/ws/install/ocs2_sqp/lib:/home/zxs/ocs2_ros2_legubiao/ws/install/ocs2_ros_interfaces/lib:/home/zxs/ocs2_ros2_legubiao/ws/install/ocs2_centroidal_model/lib:/home/zxs/ocs2_ros2_legubiao/ws/install/ocs2_robotic_tools/lib:/home/zxs/ocs2_ros2_legubiao/ws/install/ocs2_ipm/lib:/home/zxs/ocs2_ros2_legubiao/ws/install/ocs2_ddp/lib:/home/zxs/ocs2_ros2_legubiao/ws/install/hpipm_colcon/lib:/home/zxs/ocs2_ros2_legubiao/ws/install/ocs2_qp_solver/lib:/home/zxs/ocs2_ros2_legubiao/ws/install/ocs2_mpc/lib:/home/zxs/ocs2_ros2_legubiao/ws/install/ocs2_oc/lib:/home/zxs/ocs2_ros2_legubiao/ws/install/ocs2_core/lib:/home/zxs/ocs2_ros2_legubiao/ws/install/blasfeo_colcon/lib:/usr/lib/x86_64-linux-gnu/gazebo-11/plugins:/opt/ros/humble/opt/rviz_ogre_vendor/lib:/opt/ros/humble/lib/x86_64-linux-gnu:/opt/ros/humble/lib /usr/bin/cmake --build /home/zxs/ocs2_ros2_legubiao/ws/build/ocs2_self_collision_visualization -- -j28 -l28
[14.094s] Invoking command in '/home/zxs/ocs2_ros2_legubiao/ws/build/ocs2_self_collision_visualization': AMENT_PREFIX_PATH=/home/zxs/ocs2_ros2_legubiao/ws/install/ocs2_self_collision:${AMENT_PREFIX_PATH} CMAKE_PREFIX_PATH=/home/zxs/ocs2_ros2_legubiao/ws/install/ocs2_self_collision:/home/zxs/ocs2_ros2_legubiao/ws/install/ocs2_ros_interfaces:/home/zxs/ocs2_ros2_legubiao/ws/install/ocs2_pinocchio_interface:/home/zxs/ocs2_ros2_legubiao/ws/install/ocs2_robotic_tools:/home/zxs/ocs2_ros2_legubiao/ws/install/ocs2_mpc:/home/zxs/ocs2_ros2_legubiao/ws/install/ocs2_oc:/home/zxs/ocs2_ros2_legubiao/ws/install/ocs2_core:/home/zxs/ocs2_ros2_legubiao/ws/install/ocs2_thirdparty:/home/zxs/ocs2_ros2_legubiao/ws/install/ocs2_msgs:/home/zxs/ocs2_ros2_legubiao/ws/install/ocs2_legged_robot_ros:/home/zxs/ocs2_ros2_legubiao/ws/install/ocs2_legged_robot:/home/zxs/ocs2_ros2_legubiao/ws/install/ocs2_sqp:/home/zxs/ocs2_ros2_legubiao/ws/install/ocs2_centroidal_model:/home/zxs/ocs2_ros2_legubiao/ws/install/ocs2_ipm:/home/zxs/ocs2_ros2_legubiao/ws/install/ocs2_ddp:/home/zxs/ocs2_ros2_legubiao/ws/install/hpipm_colcon:/home/zxs/ocs2_ros2_legubiao/ws/install/ocs2_qp_solver:/home/zxs/ocs2_ros2_legubiao/ws/install/ocs2_robotic_assets:/home/zxs/ocs2_ros2_legubiao/ws/install/blasfeo_colcon:/opt/ros/humble LD_LIBRARY_PATH=/home/zxs/ocs2_ros2_legubiao/ws/install/ocs2_self_collision/lib:/home/zxs/ocs2_ros2_legubiao/ws/install/ocs2_pinocchio_interface/lib:/home/zxs/ocs2_ros2_legubiao/ws/install/ocs2_msgs/lib:/home/zxs/ocs2_ros2_legubiao/ws/install/ocs2_legged_robot_ros/lib:/home/zxs/ocs2_ros2_legubiao/ws/install/ocs2_legged_robot/lib:/home/zxs/ocs2_ros2_legubiao/ws/install/ocs2_sqp/lib:/home/zxs/ocs2_ros2_legubiao/ws/install/ocs2_ros_interfaces/lib:/home/zxs/ocs2_ros2_legubiao/ws/install/ocs2_centroidal_model/lib:/home/zxs/ocs2_ros2_legubiao/ws/install/ocs2_robotic_tools/lib:/home/zxs/ocs2_ros2_legubiao/ws/install/ocs2_ipm/lib:/home/zxs/ocs2_ros2_legubiao/ws/install/ocs2_ddp/lib:/home/zxs/ocs2_ros2_legubiao/ws/install/hpipm_colcon/lib:/home/zxs/ocs2_ros2_legubiao/ws/install/ocs2_qp_solver/lib:/home/zxs/ocs2_ros2_legubiao/ws/install/ocs2_mpc/lib:/home/zxs/ocs2_ros2_legubiao/ws/install/ocs2_oc/lib:/home/zxs/ocs2_ros2_legubiao/ws/install/ocs2_core/lib:/home/zxs/ocs2_ros2_legubiao/ws/install/blasfeo_colcon/lib:/usr/lib/x86_64-linux-gnu/gazebo-11/plugins:/opt/ros/humble/opt/rviz_ogre_vendor/lib:/opt/ros/humble/lib/x86_64-linux-gnu:/opt/ros/humble/lib /usr/bin/cmake --install /home/zxs/ocs2_ros2_legubiao/ws/build/ocs2_self_collision_visualization
[14.100s] -- Install configuration: "Release"
[14.100s] -- Installing: /home/zxs/ocs2_ros2_legubiao/ws/install/ocs2_self_collision_visualization/include/ocs2_self_collision_visualization
[14.100s] -- Installing: /home/zxs/ocs2_ros2_legubiao/ws/install/ocs2_self_collision_visualization/include/ocs2_self_collision_visualization/ocs2_self_collision_visualization
[14.100s] -- Installing: /home/zxs/ocs2_ros2_legubiao/ws/install/ocs2_self_collision_visualization/include/ocs2_self_collision_visualization/ocs2_self_collision_visualization/GeometryInterfaceVisualization.h
[14.100s] -- Installing: /home/zxs/ocs2_ros2_legubiao/ws/install/ocs2_self_collision_visualization/lib/libocs2_self_collision_visualization.a
[14.101s] -- Installing: /home/zxs/ocs2_ros2_legubiao/ws/install/ocs2_self_collision_visualization/share/ocs2_self_collision_visualization/environment/library_path.sh
[14.101s] -- Installing: /home/zxs/ocs2_ros2_legubiao/ws/install/ocs2_self_collision_visualization/share/ocs2_self_collision_visualization/environment/library_path.dsv
[14.101s] -- Installing: /home/zxs/ocs2_ros2_legubiao/ws/install/ocs2_self_collision_visualization/share/ament_index/resource_index/package_run_dependencies/ocs2_self_collision_visualization
[14.101s] -- Installing: /home/zxs/ocs2_ros2_legubiao/ws/install/ocs2_self_collision_visualization/share/ament_index/resource_index/parent_prefix_path/ocs2_self_collision_visualization
[14.101s] -- Installing: /home/zxs/ocs2_ros2_legubiao/ws/install/ocs2_self_collision_visualization/share/ocs2_self_collision_visualization/environment/ament_prefix_path.sh
[14.101s] -- Installing: /home/zxs/ocs2_ros2_legubiao/ws/install/ocs2_self_collision_visualization/share/ocs2_self_collision_visualization/environment/ament_prefix_path.dsv
[14.101s] -- Installing: /home/zxs/ocs2_ros2_legubiao/ws/install/ocs2_self_collision_visualization/share/ocs2_self_collision_visualization/environment/path.sh
[14.101s] -- Installing: /home/zxs/ocs2_ros2_legubiao/ws/install/ocs2_self_collision_visualization/share/ocs2_self_collision_visualization/environment/path.dsv
[14.101s] -- Installing: /home/zxs/ocs2_ros2_legubiao/ws/install/ocs2_self_collision_visualization/share/ocs2_self_collision_visualization/local_setup.bash
[14.101s] -- Installing: /home/zxs/ocs2_ros2_legubiao/ws/install/ocs2_self_collision_visualization/share/ocs2_self_collision_visualization/local_setup.sh
[14.101s] -- Installing: /home/zxs/ocs2_ros2_legubiao/ws/install/ocs2_self_collision_visualization/share/ocs2_self_collision_visualization/local_setup.zsh
[14.101s] -- Installing: /home/zxs/ocs2_ros2_legubiao/ws/install/ocs2_self_collision_visualization/share/ocs2_self_collision_visualization/local_setup.dsv
[14.101s] -- Installing: /home/zxs/ocs2_ros2_legubiao/ws/install/ocs2_self_collision_visualization/share/ocs2_self_collision_visualization/package.dsv
[14.101s] -- Installing: /home/zxs/ocs2_ros2_legubiao/ws/install/ocs2_self_collision_visualization/share/ament_index/resource_index/packages/ocs2_self_collision_visualization
[14.101s] -- Installing: /home/zxs/ocs2_ros2_legubiao/ws/install/ocs2_self_collision_visualization/share/ocs2_self_collision_visualization/cmake/export_ocs2_self_collision_visualizationExport.cmake
[14.101s] -- Installing: /home/zxs/ocs2_ros2_legubiao/ws/install/ocs2_self_collision_visualization/share/ocs2_self_collision_visualization/cmake/export_ocs2_self_collision_visualizationExport-release.cmake
[14.102s] -- Installing: /home/zxs/ocs2_ros2_legubiao/ws/install/ocs2_self_collision_visualization/share/ocs2_self_collision_visualization/cmake/ament_cmake_export_dependencies-extras.cmake
[14.102s] -- Installing: /home/zxs/ocs2_ros2_legubiao/ws/install/ocs2_self_collision_visualization/share/ocs2_self_collision_visualization/cmake/ament_cmake_export_targets-extras.cmake
[14.102s] -- Installing: /home/zxs/ocs2_ros2_legubiao/ws/install/ocs2_self_collision_visualization/share/ocs2_self_collision_visualization/cmake/ocs2_self_collision_visualizationConfig.cmake
[14.102s] -- Installing: /home/zxs/ocs2_ros2_legubiao/ws/install/ocs2_self_collision_visualization/share/ocs2_self_collision_visualization/cmake/ocs2_self_collision_visualizationConfig-version.cmake
[14.102s] -- Installing: /home/zxs/ocs2_ros2_legubiao/ws/install/ocs2_self_collision_visualization/share/ocs2_self_collision_visualization/package.xml
[14.102s] Invoked command in '/home/zxs/ocs2_ros2_legubiao/ws/build/ocs2_self_collision_visualization' returned '0': AMENT_PREFIX_PATH=/home/zxs/ocs2_ros2_legubiao/ws/install/ocs2_self_collision:${AMENT_PREFIX_PATH} CMAKE_PREFIX_PATH=/home/zxs/ocs2_ros2_legubiao/ws/install/ocs2_self_collision:/home/zxs/ocs2_ros2_legubiao/ws/install/ocs2_ros_interfaces:/home/zxs/ocs2_ros2_legubiao/ws/install/ocs2_pinocchio_interface:/home/zxs/ocs2_ros2_legubiao/ws/install/ocs2_robotic_tools:/home/zxs/ocs2_ros2_legubiao/ws/install/ocs2_mpc:/home/zxs/ocs2_ros2_legubiao/ws/install/ocs2_oc:/home/zxs/ocs2_ros2_legubiao/ws/install/ocs2_core:/home/zxs/ocs2_ros2_legubiao/ws/install/ocs2_thirdparty:/home/zxs/ocs2_ros2_legubiao/ws/install/ocs2_msgs:/home/zxs/ocs2_ros2_legubiao/ws/install/ocs2_legged_robot_ros:/home/zxs/ocs2_ros2_legubiao/ws/install/ocs2_legged_robot:/home/zxs/ocs2_ros2_legubiao/ws/install/ocs2_sqp:/home/zxs/ocs2_ros2_legubiao/ws/install/ocs2_centroidal_model:/home/zxs/ocs2_ros2_legubiao/ws/install/ocs2_ipm:/home/zxs/ocs2_ros2_legubiao/ws/install/ocs2_ddp:/home/zxs/ocs2_ros2_legubiao/ws/install/hpipm_colcon:/home/zxs/ocs2_ros2_legubiao/ws/install/ocs2_qp_solver:/home/zxs/ocs2_ros2_legubiao/ws/install/ocs2_robotic_assets:/home/zxs/ocs2_ros2_legubiao/ws/install/blasfeo_colcon:/opt/ros/humble LD_LIBRARY_PATH=/home/zxs/ocs2_ros2_legubiao/ws/install/ocs2_self_collision/lib:/home/zxs/ocs2_ros2_legubiao/ws/install/ocs2_pinocchio_interface/lib:/home/zxs/ocs2_ros2_legubiao/ws/install/ocs2_msgs/lib:/home/zxs/ocs2_ros2_legubiao/ws/install/ocs2_legged_robot_ros/lib:/home/zxs/ocs2_ros2_legubiao/ws/install/ocs2_legged_robot/lib:/home/zxs/ocs2_ros2_legubiao/ws/install/ocs2_sqp/lib:/home/zxs/ocs2_ros2_legubiao/ws/install/ocs2_ros_interfaces/lib:/home/zxs/ocs2_ros2_legubiao/ws/install/ocs2_centroidal_model/lib:/home/zxs/ocs2_ros2_legubiao/ws/install/ocs2_robotic_tools/lib:/home/zxs/ocs2_ros2_legubiao/ws/install/ocs2_ipm/lib:/home/zxs/ocs2_ros2_legubiao/ws/install/ocs2_ddp/lib:/home/zxs/ocs2_ros2_legubiao/ws/install/hpipm_colcon/lib:/home/zxs/ocs2_ros2_legubiao/ws/install/ocs2_qp_solver/lib:/home/zxs/ocs2_ros2_legubiao/ws/install/ocs2_mpc/lib:/home/zxs/ocs2_ros2_legubiao/ws/install/ocs2_oc/lib:/home/zxs/ocs2_ros2_legubiao/ws/install/ocs2_core/lib:/home/zxs/ocs2_ros2_legubiao/ws/install/blasfeo_colcon/lib:/usr/lib/x86_64-linux-gnu/gazebo-11/plugins:/opt/ros/humble/opt/rviz_ogre_vendor/lib:/opt/ros/humble/lib/x86_64-linux-gnu:/opt/ros/humble/lib /usr/bin/cmake --install /home/zxs/ocs2_ros2_legubiao/ws/build/ocs2_self_collision_visualization
