[35m[1mConsolidate compiler generated dependencies of target humanoid_estimation[0m
[100%] Built target humanoid_estimation
-- Install configuration: "Release"
-- Up-to-date: /home/zxs/ocs2_ros2_legubiao/ws/install/humanoid_estimation/include/humanoid_estimation
-- Up-to-date: /home/zxs/ocs2_ros2_legubiao/ws/install/humanoid_estimation/include/humanoid_estimation/humanoid_estimation
-- Up-to-date: /home/zxs/ocs2_ros2_legubiao/ws/install/humanoid_estimation/include/humanoid_estimation/humanoid_estimation/LinearKalmanFilter.h
-- Up-to-date: /home/zxs/ocs2_ros2_legubiao/ws/install/humanoid_estimation/include/humanoid_estimation/humanoid_estimation/StateEstimateBase.h
-- Up-to-date: /home/zxs/ocs2_ros2_legubiao/ws/install/humanoid_estimation/include/humanoid_estimation/humanoid_estimation/FromTopiceEstimate.h
-- Up-to-date: /home/zxs/ocs2_ros2_legubiao/ws/install/humanoid_estimation/lib/libhumanoid_estimation.a
-- Up-to-date: /home/zxs/ocs2_ros2_legubiao/ws/install/humanoid_estimation/share/humanoid_estimation/
-- Up-to-date: /home/zxs/ocs2_ros2_legubiao/ws/install/humanoid_estimation/share/humanoid_estimation/environment/library_path.sh
-- Up-to-date: /home/zxs/ocs2_ros2_legubiao/ws/install/humanoid_estimation/share/humanoid_estimation/environment/library_path.dsv
-- Up-to-date: /home/zxs/ocs2_ros2_legubiao/ws/install/humanoid_estimation/share/ament_index/resource_index/package_run_dependencies/humanoid_estimation
-- Up-to-date: /home/zxs/ocs2_ros2_legubiao/ws/install/humanoid_estimation/share/ament_index/resource_index/parent_prefix_path/humanoid_estimation
-- Up-to-date: /home/zxs/ocs2_ros2_legubiao/ws/install/humanoid_estimation/share/humanoid_estimation/environment/ament_prefix_path.sh
-- Up-to-date: /home/zxs/ocs2_ros2_legubiao/ws/install/humanoid_estimation/share/humanoid_estimation/environment/ament_prefix_path.dsv
-- Up-to-date: /home/zxs/ocs2_ros2_legubiao/ws/install/humanoid_estimation/share/humanoid_estimation/environment/path.sh
-- Up-to-date: /home/zxs/ocs2_ros2_legubiao/ws/install/humanoid_estimation/share/humanoid_estimation/environment/path.dsv
-- Up-to-date: /home/zxs/ocs2_ros2_legubiao/ws/install/humanoid_estimation/share/humanoid_estimation/local_setup.bash
-- Up-to-date: /home/zxs/ocs2_ros2_legubiao/ws/install/humanoid_estimation/share/humanoid_estimation/local_setup.sh
-- Up-to-date: /home/zxs/ocs2_ros2_legubiao/ws/install/humanoid_estimation/share/humanoid_estimation/local_setup.zsh
-- Up-to-date: /home/zxs/ocs2_ros2_legubiao/ws/install/humanoid_estimation/share/humanoid_estimation/local_setup.dsv
-- Installing: /home/zxs/ocs2_ros2_legubiao/ws/install/humanoid_estimation/share/humanoid_estimation/package.dsv
-- Up-to-date: /home/zxs/ocs2_ros2_legubiao/ws/install/humanoid_estimation/share/ament_index/resource_index/packages/humanoid_estimation
-- Up-to-date: /home/zxs/ocs2_ros2_legubiao/ws/install/humanoid_estimation/share/humanoid_estimation/cmake/export_humanoid_estimationExport.cmake
-- Up-to-date: /home/zxs/ocs2_ros2_legubiao/ws/install/humanoid_estimation/share/humanoid_estimation/cmake/export_humanoid_estimationExport-release.cmake
-- Up-to-date: /home/zxs/ocs2_ros2_legubiao/ws/install/humanoid_estimation/share/humanoid_estimation/cmake/ament_cmake_export_dependencies-extras.cmake
-- Up-to-date: /home/zxs/ocs2_ros2_legubiao/ws/install/humanoid_estimation/share/humanoid_estimation/cmake/ament_cmake_export_targets-extras.cmake
-- Up-to-date: /home/zxs/ocs2_ros2_legubiao/ws/install/humanoid_estimation/share/humanoid_estimation/cmake/humanoid_estimationConfig.cmake
-- Up-to-date: /home/zxs/ocs2_ros2_legubiao/ws/install/humanoid_estimation/share/humanoid_estimation/cmake/humanoid_estimationConfig-version.cmake
-- Up-to-date: /home/zxs/ocs2_ros2_legubiao/ws/install/humanoid_estimation/share/humanoid_estimation/package.xml
