[0.009s] Invoking command in '/home/zxs/ocs2_ros2_legubiao/ws/build/ocs2_pinocchio_interface': AMENT_PREFIX_PATH=/home/zxs/ocs2_ros2_legubiao/ws/install/ocs2_robotic_tools:/home/zxs/ocs2_ros2_legubiao/ws/install/ocs2_oc:/home/zxs/ocs2_ros2_legubiao/ws/install/ocs2_core:/home/zxs/ocs2_ros2_legubiao/ws/install/ocs2_thirdparty:${AMENT_PREFIX_PATH} CMAKE_PREFIX_PATH=/home/zxs/ocs2_ros2_legubiao/ws/install/ocs2_robotic_tools:/home/zxs/ocs2_ros2_legubiao/ws/install/ocs2_oc:/home/zxs/ocs2_ros2_legubiao/ws/install/ocs2_core:/home/zxs/ocs2_ros2_legubiao/ws/install/ocs2_thirdparty:/opt/ros/humble LD_LIBRARY_PATH=/home/zxs/ocs2_ros2_legubiao/ws/install/ocs2_robotic_tools/lib:/home/zxs/ocs2_ros2_legubiao/ws/install/ocs2_oc/lib:/home/zxs/ocs2_ros2_legubiao/ws/install/ocs2_core/lib:${LD_LIBRARY_PATH} /usr/bin/cmake /home/zxs/ocs2_ros2_legubiao/ws/src/ocs2_ros2/robotics/ocs2_pinocchio/ocs2_pinocchio_interface -DAMENT_CMAKE_SYMLINK_INSTALL=1 -DCMAKE_INSTALL_PREFIX=/home/zxs/ocs2_ros2_legubiao/ws/install/ocs2_pinocchio_interface
[0.043s] -- The C compiler identification is GNU 12.3.0
[0.086s] -- The CXX compiler identification is GNU 12.3.0
[0.091s] -- Detecting C compiler ABI info
[0.138s] -- Detecting C compiler ABI info - done
[0.143s] -- Check for working C compiler: /usr/bin/cc - skipped
[0.143s] -- Detecting C compile features
[0.143s] -- Detecting C compile features - done
[0.145s] -- Detecting CXX compiler ABI info
[0.194s] -- Detecting CXX compiler ABI info - done
[0.198s] -- Check for working CXX compiler: /usr/bin/c++ - skipped
[0.198s] -- Detecting CXX compile features
[0.199s] -- Detecting CXX compile features - done
[0.201s] -- Found ament_cmake: 1.3.11 (/opt/ros/humble/share/ament_cmake/cmake)
[0.287s] -- Found Python3: /usr/bin/python3 (found version "3.10.13") found components: Interpreter 
[0.322s] -- Override CMake install command with custom implementation using symlinks instead of copying resources
[0.344s] -- Found ocs2_robotic_tools: 0.0.0 (/home/zxs/ocs2_ros2_legubiao/ws/install/ocs2_robotic_tools/share/ocs2_robotic_tools/cmake)
[0.512s] -- Found OpenMP_C: -fopenmp (found version "4.5") 
[0.560s] -- Found OpenMP_CXX: -fopenmp (found version "4.5") 
[0.560s] -- Found OpenMP: TRUE (found version "4.5")  
[0.677s] -- Found Boost: /usr/lib/x86_64-linux-gnu/cmake/Boost-1.74.0/BoostConfig.cmake (found version "1.74.0") found components: system filesystem log_setup log 
[0.691s] -- pinocchio_default FOUND. pinocchio_default at /opt/ros/humble/lib/x86_64-linux-gnu/libpinocchio_default.so
[0.691s] -- pinocchio_parsers FOUND. pinocchio_parsers at /opt/ros/humble/lib/x86_64-linux-gnu/libpinocchio_parsers.so
[0.694s] -- boost_filesystem FOUND. boost_filesystem at /lib/x86_64-linux-gnu/libboost_filesystem.so
[0.695s] -- boost_serialization FOUND. boost_serialization at /lib/x86_64-linux-gnu/libboost_serialization.so
[0.695s] -- boost_system FOUND. boost_system at /lib/x86_64-linux-gnu/libboost_system.so
[0.707s] -- Found Boost: /usr/include (found version "1.74.0") found components: filesystem serialization system 
[0.708s] -- eigenpy FOUND. eigenpy at /opt/ros/humble/lib/x86_64-linux-gnu/libeigenpy.so
[0.726s] -- Checking for NumPy
[0.931s] --   NUMPY_INCLUDE_DIRS=/usr/lib/python3/dist-packages/numpy/core/include
[1.011s] --   NUMPY_VERSION=1.21.5
[1.281s] -- Found Python3: /usr/bin/python3 (found version "3.10.13") found components: Interpreter Development.Module NumPy 
[1.281s] -- PythonLibraryDirs: 
[1.281s] -- PythonLibVersionString: 3.10.13
[1.293s] -- Python site lib: lib/python3.10/site-packages
[1.293s] -- Python include dirs: /usr/include/python3.10
[1.369s] -- Checking for NumPy
[1.540s] --   NUMPY_INCLUDE_DIRS=/usr/lib/python3/dist-packages/numpy/core/include
[1.667s] --   NUMPY_VERSION=1.21.5
[1.667s] -- NumPy include dir: /usr/lib/python3/dist-packages/numpy/core/include
[1.676s] [33mCMake Warning at /usr/share/cmake-3.22/Modules/FindBoost.cmake:2201 (message):
[1.676s]   No header defined for python310; skipping header check (note: header-only
[1.676s]   libraries have no designated component)
[1.676s] Call Stack (most recent call first):
[1.676s]   /opt/ros/humble/lib/x86_64-linux-gnu/cmake/eigenpy/boost.cmake:148 (find_package)
[1.677s]   /opt/ros/humble/lib/x86_64-linux-gnu/cmake/eigenpy/eigenpyConfig.cmake:149 (SEARCH_FOR_BOOST_PYTHON)
[1.677s]   /usr/share/cmake-3.22/Modules/CMakeFindDependencyMacro.cmake:47 (find_package)
[1.677s]   /opt/ros/humble/lib/x86_64-linux-gnu/cmake/pinocchio/pinocchioConfig.cmake:161 (find_dependency)
[1.677s]   CMakeLists.txt:17 (find_package)
[1.677s] 
[1.677s] [0m
[1.684s] -- Found Boost: /usr/include (found version "1.74.0") found components: python310 
[2.161s] -- Default C++ standard: 201703
[2.161s] -- Minimal C++ standard upgraded to 11
[2.161s] -- C++ standard sufficient: Minimal required 11, currently defined: 17
[2.166s] -- hpp-fcl FOUND. hpp-fcl at /opt/ros/humble/lib/x86_64-linux-gnu/libhpp-fcl.so
[2.184s] -- Found Boost: /usr/include (found version "1.74.0") found components: chrono serialization filesystem 
[2.194s] -- C++ standard sufficient: Minimal required 11, currently defined: 17
[2.196s] -- C++ standard sufficient: Minimal required 11, currently defined: 17
[2.213s] [31mCMake Error at CMakeLists.txt:18 (find_package):
[2.213s]   By not providing "Findcoal.cmake" in CMAKE_MODULE_PATH this project has
[2.213s]   asked CMake to find a package configuration file provided by "coal", but
[2.213s]   CMake did not find one.
[2.213s] 
[2.213s]   Could not find a package configuration file provided by "coal" with any of
[2.213s]   the following names:
[2.214s] 
[2.214s]     coalConfig.cmake
[2.214s]     coal-config.cmake
[2.214s] 
[2.214s]   Add the installation prefix of "coal" to CMAKE_PREFIX_PATH or set
[2.214s]   "coal_DIR" to a directory containing one of the above files.  If "coal"
[2.214s]   provides a separate development package or SDK, be sure it has been
[2.214s]   installed.
[2.214s] 
[2.214s] [0m
[2.217s] -- Configuring incomplete, errors occurred!
[2.217s] See also "/home/zxs/ocs2_ros2_legubiao/ws/build/ocs2_pinocchio_interface/CMakeFiles/CMakeOutput.log".
[2.244s] Invoked command in '/home/zxs/ocs2_ros2_legubiao/ws/build/ocs2_pinocchio_interface' returned '1': AMENT_PREFIX_PATH=/home/zxs/ocs2_ros2_legubiao/ws/install/ocs2_robotic_tools:/home/zxs/ocs2_ros2_legubiao/ws/install/ocs2_oc:/home/zxs/ocs2_ros2_legubiao/ws/install/ocs2_core:/home/zxs/ocs2_ros2_legubiao/ws/install/ocs2_thirdparty:${AMENT_PREFIX_PATH} CMAKE_PREFIX_PATH=/home/zxs/ocs2_ros2_legubiao/ws/install/ocs2_robotic_tools:/home/zxs/ocs2_ros2_legubiao/ws/install/ocs2_oc:/home/zxs/ocs2_ros2_legubiao/ws/install/ocs2_core:/home/zxs/ocs2_ros2_legubiao/ws/install/ocs2_thirdparty:/opt/ros/humble LD_LIBRARY_PATH=/home/zxs/ocs2_ros2_legubiao/ws/install/ocs2_robotic_tools/lib:/home/zxs/ocs2_ros2_legubiao/ws/install/ocs2_oc/lib:/home/zxs/ocs2_ros2_legubiao/ws/install/ocs2_core/lib:${LD_LIBRARY_PATH} /usr/bin/cmake /home/zxs/ocs2_ros2_legubiao/ws/src/ocs2_ros2/robotics/ocs2_pinocchio/ocs2_pinocchio_interface -DAMENT_CMAKE_SYMLINK_INSTALL=1 -DCMAKE_INSTALL_PREFIX=/home/zxs/ocs2_ros2_legubiao/ws/install/ocs2_pinocchio_interface
