-- The C compiler identification is GNU 12.3.0
-- The CXX compiler identification is GNU 12.3.0
-- Detecting C compiler ABI info
-- Detecting C compiler ABI info - done
-- Check for working C compiler: /usr/bin/cc - skipped
-- Detecting C compile features
-- Detecting C compile features - done
-- Detecting CXX compiler ABI info
-- Detecting CXX compiler ABI info - done
-- Check for working CXX compiler: /usr/bin/c++ - skipped
-- Detecting CXX compile features
-- Detecting CXX compile features - done
-- Found ament_cmake: 1.3.11 (/opt/ros/humble/share/ament_cmake/cmake)
-- Found Python3: /usr/bin/python3 (found version "3.10.13") found components: Interpreter 
-- Found geometry_msgs: 4.8.0 (/opt/ros/humble/share/geometry_msgs/cmake)
-- Found rosidl_generator_c: 3.1.6 (/opt/ros/humble/share/rosidl_generator_c/cmake)
-- Found rosidl_adapter: 3.1.6 (/opt/ros/humble/share/rosidl_adapter/cmake)
-- Found rosidl_generator_cpp: 3.1.6 (/opt/ros/humble/share/rosidl_generator_cpp/cmake)
-- Using all available rosidl_typesupport_c: rosidl_typesupport_fastrtps_c;rosidl_typesupport_introspection_c
-- Using all available rosidl_typesupport_cpp: rosidl_typesupport_fastrtps_cpp;rosidl_typesupport_introspection_cpp
-- Found tf2_ros: 0.25.12 (/opt/ros/humble/share/tf2_ros/cmake)
-- Found rmw_implementation_cmake: 6.1.2 (/opt/ros/humble/share/rmw_implementation_cmake/cmake)
-- Found rmw_fastrtps_cpp: 6.2.7 (/opt/ros/humble/share/rmw_fastrtps_cpp/cmake)
-- Found OpenSSL: /usr/lib/x86_64-linux-gnu/libcrypto.so (found version "3.0.2")  
-- Found FastRTPS: /opt/ros/humble/include  
-- Using RMW implementation 'rmw_fastrtps_cpp' as default
-- Looking for pthread.h
-- Looking for pthread.h - found
-- Performing Test CMAKE_HAVE_LIBC_PTHREAD
-- Performing Test CMAKE_HAVE_LIBC_PTHREAD - Success
-- Found Threads: TRUE  
-- Found nav_msgs: 4.8.0 (/opt/ros/humble/share/nav_msgs/cmake)
-- Found humanoid_interface: 0.0.1 (/home/zxs/ocs2_ros2_legubiao/ws/install/humanoid_interface/share/humanoid_interface/cmake)
-- Found OpenMP_C: -fopenmp (found version "4.5") 
-- Found OpenMP_CXX: -fopenmp (found version "4.5") 
-- Found OpenMP: TRUE (found version "4.5")  
-- Found Boost: /usr/lib/x86_64-linux-gnu/cmake/Boost-1.74.0/BoostConfig.cmake (found version "1.74.0") found components: system filesystem log_setup log 
-- pinocchio_default FOUND. pinocchio_default at /opt/ros/humble/lib/x86_64-linux-gnu/libpinocchio_default.so
-- pinocchio_parsers FOUND. pinocchio_parsers at /opt/ros/humble/lib/x86_64-linux-gnu/libpinocchio_parsers.so
-- boost_filesystem FOUND. boost_filesystem at /lib/x86_64-linux-gnu/libboost_filesystem.so
-- boost_serialization FOUND. boost_serialization at /lib/x86_64-linux-gnu/libboost_serialization.so
-- boost_system FOUND. boost_system at /lib/x86_64-linux-gnu/libboost_system.so
-- eigenpy FOUND. eigenpy at /opt/ros/humble/lib/x86_64-linux-gnu/libeigenpy.so
-- Checking for NumPy
--   NUMPY_INCLUDE_DIRS=/usr/lib/python3/dist-packages/numpy/core/include
--   NUMPY_VERSION=1.21.5
-- Found Python3: /usr/bin/python3 (found version "3.10.13") found components: Interpreter Development.Module NumPy 
-- PythonLibraryDirs: 
-- PythonLibVersionString: 3.10.13
-- Python site lib: lib/python3.10/site-packages
-- Python include dirs: /usr/include/python3.10
-- Checking for NumPy
--   NUMPY_INCLUDE_DIRS=/usr/lib/python3/dist-packages/numpy/core/include
--   NUMPY_VERSION=1.21.5
-- NumPy include dir: /usr/lib/python3/dist-packages/numpy/core/include
[33mCMake Warning at /usr/share/cmake-3.22/Modules/FindBoost.cmake:2201 (message):
  No header defined for python310; skipping header check (note: header-only
  libraries have no designated component)
Call Stack (most recent call first):
  /opt/ros/humble/lib/x86_64-linux-gnu/cmake/eigenpy/boost.cmake:148 (find_package)
  /opt/ros/humble/lib/x86_64-linux-gnu/cmake/eigenpy/eigenpyConfig.cmake:149 (SEARCH_FOR_BOOST_PYTHON)
  /usr/share/cmake-3.22/Modules/CMakeFindDependencyMacro.cmake:47 (find_package)
  /opt/ros/humble/lib/x86_64-linux-gnu/cmake/pinocchio/pinocchioConfig.cmake:161 (find_dependency)
  /home/zxs/ocs2_ros2_legubiao/ws/install/ocs2_pinocchio_interface/share/ocs2_pinocchio_interface/cmake/ament_cmake_export_dependencies-extras.cmake:21 (find_package)
  /home/zxs/ocs2_ros2_legubiao/ws/install/ocs2_pinocchio_interface/share/ocs2_pinocchio_interface/cmake/ocs2_pinocchio_interfaceConfig.cmake:41 (include)
  /home/zxs/ocs2_ros2_legubiao/ws/install/humanoid_interface/share/humanoid_interface/cmake/ament_cmake_export_dependencies-extras.cmake:21 (find_package)
  /home/zxs/ocs2_ros2_legubiao/ws/install/humanoid_interface/share/humanoid_interface/cmake/humanoid_interfaceConfig.cmake:41 (include)
  CMakeLists.txt:22 (find_package)

[0m
-- Found Boost: /usr/include (found version "1.74.0") found components: python310 
-- Default C++ standard: 201703
-- Minimal C++ standard upgraded to 11
-- C++ standard sufficient: Minimal required 11, currently defined: 17
-- hpp-fcl FOUND. hpp-fcl at /opt/ros/humble/lib/x86_64-linux-gnu/libhpp-fcl.so
-- C++ standard sufficient: Minimal required 11, currently defined: 17
-- C++ standard sufficient: Minimal required 11, currently defined: 17
-- coal FOUND. coal at /opt/ros/humble/lib/x86_64-linux-gnu/libcoal.so
-- C++ standard sufficient: Minimal required 11, currently defined: 17
-- Found PkgConfig: /usr/bin/pkg-config (found version "0.29.2") 
-- Found hardware_interface: 2.49.0 (/opt/ros/humble/share/hardware_interface/cmake)
-- Found tf2_geometry_msgs: 0.25.12 (/opt/ros/humble/share/tf2_geometry_msgs/cmake)
-- Found eigen3_cmake_module: 0.1.1 (/opt/ros/humble/share/eigen3_cmake_module/cmake)
-- Found Eigen3: TRUE (found version "3.4.0") 
-- Ensuring Eigen3 include directory is part of orocos-kdl CMake target
-- Checking for module 'pinocchio'
--   Found pinocchio, version 3.4.0
-- Configuring done
-- Generating done
-- Build files have been written to: /home/zxs/ocs2_ros2_legubiao/ws/build/humanoid_estimation
[ 25%] [32mBuilding CXX object CMakeFiles/humanoid_estimation.dir/src/FromTopicEstimate.cpp.o[0m
[ 75%] [32mBuilding CXX object CMakeFiles/humanoid_estimation.dir/src/LinearKalmanFilter.cpp.o[0m
[ 75%] [32mBuilding CXX object CMakeFiles/humanoid_estimation.dir/src/StateEstimateBase.cpp.o[0m
[100%] [32m[1mLinking CXX static library libhumanoid_estimation.a[0m
[100%] Built target humanoid_estimation
-- Install configuration: "Release"
-- Installing: /home/zxs/ocs2_ros2_legubiao/ws/install/humanoid_estimation/include/humanoid_estimation
-- Installing: /home/zxs/ocs2_ros2_legubiao/ws/install/humanoid_estimation/include/humanoid_estimation/humanoid_estimation
-- Installing: /home/zxs/ocs2_ros2_legubiao/ws/install/humanoid_estimation/include/humanoid_estimation/humanoid_estimation/LinearKalmanFilter.h
-- Installing: /home/zxs/ocs2_ros2_legubiao/ws/install/humanoid_estimation/include/humanoid_estimation/humanoid_estimation/StateEstimateBase.h
-- Installing: /home/zxs/ocs2_ros2_legubiao/ws/install/humanoid_estimation/include/humanoid_estimation/humanoid_estimation/FromTopiceEstimate.h
-- Installing: /home/zxs/ocs2_ros2_legubiao/ws/install/humanoid_estimation/lib/libhumanoid_estimation.a
-- Installing: /home/zxs/ocs2_ros2_legubiao/ws/install/humanoid_estimation/share/humanoid_estimation/
-- Installing: /home/zxs/ocs2_ros2_legubiao/ws/install/humanoid_estimation/share/humanoid_estimation/environment/library_path.sh
-- Installing: /home/zxs/ocs2_ros2_legubiao/ws/install/humanoid_estimation/share/humanoid_estimation/environment/library_path.dsv
-- Installing: /home/zxs/ocs2_ros2_legubiao/ws/install/humanoid_estimation/share/ament_index/resource_index/package_run_dependencies/humanoid_estimation
-- Installing: /home/zxs/ocs2_ros2_legubiao/ws/install/humanoid_estimation/share/ament_index/resource_index/parent_prefix_path/humanoid_estimation
-- Installing: /home/zxs/ocs2_ros2_legubiao/ws/install/humanoid_estimation/share/humanoid_estimation/environment/ament_prefix_path.sh
-- Installing: /home/zxs/ocs2_ros2_legubiao/ws/install/humanoid_estimation/share/humanoid_estimation/environment/ament_prefix_path.dsv
-- Installing: /home/zxs/ocs2_ros2_legubiao/ws/install/humanoid_estimation/share/humanoid_estimation/environment/path.sh
-- Installing: /home/zxs/ocs2_ros2_legubiao/ws/install/humanoid_estimation/share/humanoid_estimation/environment/path.dsv
-- Installing: /home/zxs/ocs2_ros2_legubiao/ws/install/humanoid_estimation/share/humanoid_estimation/local_setup.bash
-- Installing: /home/zxs/ocs2_ros2_legubiao/ws/install/humanoid_estimation/share/humanoid_estimation/local_setup.sh
-- Installing: /home/zxs/ocs2_ros2_legubiao/ws/install/humanoid_estimation/share/humanoid_estimation/local_setup.zsh
-- Installing: /home/zxs/ocs2_ros2_legubiao/ws/install/humanoid_estimation/share/humanoid_estimation/local_setup.dsv
-- Installing: /home/zxs/ocs2_ros2_legubiao/ws/install/humanoid_estimation/share/humanoid_estimation/package.dsv
-- Installing: /home/zxs/ocs2_ros2_legubiao/ws/install/humanoid_estimation/share/ament_index/resource_index/packages/humanoid_estimation
-- Installing: /home/zxs/ocs2_ros2_legubiao/ws/install/humanoid_estimation/share/humanoid_estimation/cmake/export_humanoid_estimationExport.cmake
-- Installing: /home/zxs/ocs2_ros2_legubiao/ws/install/humanoid_estimation/share/humanoid_estimation/cmake/export_humanoid_estimationExport-release.cmake
-- Installing: /home/zxs/ocs2_ros2_legubiao/ws/install/humanoid_estimation/share/humanoid_estimation/cmake/ament_cmake_export_dependencies-extras.cmake
-- Installing: /home/zxs/ocs2_ros2_legubiao/ws/install/humanoid_estimation/share/humanoid_estimation/cmake/ament_cmake_export_targets-extras.cmake
-- Installing: /home/zxs/ocs2_ros2_legubiao/ws/install/humanoid_estimation/share/humanoid_estimation/cmake/humanoid_estimationConfig.cmake
-- Installing: /home/zxs/ocs2_ros2_legubiao/ws/install/humanoid_estimation/share/humanoid_estimation/cmake/humanoid_estimationConfig-version.cmake
-- Installing: /home/zxs/ocs2_ros2_legubiao/ws/install/humanoid_estimation/share/humanoid_estimation/package.xml
