[0.023s] Invoking command in '/home/zxs/ocs2_ros2_legubiao/ws/build/humanoid_estimation': AMENT_PREFIX_PATH=/home/zxs/ocs2_ros2_legubiao/ws/install/humanoid_interface:/home/zxs/ocs2_ros2_legubiao/ws/install/ocs2_self_collision:${AMENT_PREFIX_PATH} CMAKE_PREFIX_PATH=/home/zxs/ocs2_ros2_legubiao/ws/install/humanoid_interface:/home/zxs/ocs2_ros2_legubiao/ws/install/ocs2_sqp:/home/zxs/ocs2_ros2_legubiao/ws/install/ocs2_self_collision:/home/zxs/ocs2_ros2_legubiao/ws/install/ocs2_ipm:/home/zxs/ocs2_ros2_legubiao/ws/install/ocs2_centroidal_model:/home/zxs/ocs2_ros2_legubiao/ws/install/ocs2_pinocchio_interface:/home/zxs/ocs2_ros2_legubiao/ws/install/ocs2_ddp:/home/zxs/ocs2_ros2_legubiao/ws/install/hpipm_colcon:/home/zxs/ocs2_ros2_legubiao/ws/install/ocs2_robotic_tools:/home/zxs/ocs2_ros2_legubiao/ws/install/ocs2_qp_solver:/home/zxs/ocs2_ros2_legubiao/ws/install/ocs2_mpc:/home/zxs/ocs2_ros2_legubiao/ws/install/ocs2_oc:/home/zxs/ocs2_ros2_legubiao/ws/install/ocs2_core:/home/zxs/ocs2_ros2_legubiao/ws/install/ocs2_thirdparty:/home/zxs/ocs2_ros2_legubiao/ws/install/ocs2_robotic_assets:/home/zxs/ocs2_ros2_legubiao/ws/install/blasfeo_colcon:/home/zxs/ocs2_ros2_legubiao/ws/install/ocs2_legged_robot_ros:/home/zxs/ocs2_ros2_legubiao/ws/install/ocs2_legged_robot:/home/zxs/ocs2_ros2_legubiao/ws/install/ocs2_ros_interfaces:/home/zxs/ocs2_ros2_legubiao/ws/install/ocs2_msgs:/opt/ros/humble LD_LIBRARY_PATH=/home/zxs/ocs2_ros2_legubiao/ws/install/humanoid_interface/lib:/home/zxs/ocs2_ros2_legubiao/ws/install/ocs2_self_collision/lib:/home/zxs/ocs2_ros2_legubiao/ws/install/ocs2_pinocchio_interface/lib:/home/zxs/ocs2_ros2_legubiao/ws/install/hpipm_colcon/lib:/home/zxs/ocs2_ros2_legubiao/ws/install/blasfeo_colcon/lib:/home/zxs/ocs2_ros2_legubiao/ws/install/ocs2_legged_robot_ros/lib:/home/zxs/ocs2_ros2_legubiao/ws/install/ocs2_legged_robot/lib:/home/zxs/ocs2_ros2_legubiao/ws/install/ocs2_sqp/lib:/home/zxs/ocs2_ros2_legubiao/ws/install/ocs2_ros_interfaces/lib:/home/zxs/ocs2_ros2_legubiao/ws/install/ocs2_centroidal_model/lib:/home/zxs/ocs2_ros2_legubiao/ws/install/ocs2_robotic_tools/lib:/home/zxs/ocs2_ros2_legubiao/ws/install/ocs2_ipm/lib:/home/zxs/ocs2_ros2_legubiao/ws/install/ocs2_ddp/lib:/home/zxs/ocs2_ros2_legubiao/ws/install/ocs2_qp_solver/lib:/home/zxs/ocs2_ros2_legubiao/ws/install/ocs2_mpc/lib:/home/zxs/ocs2_ros2_legubiao/ws/install/ocs2_oc/lib:/home/zxs/ocs2_ros2_legubiao/ws/install/ocs2_core/lib:/home/zxs/ocs2_ros2_legubiao/ws/install/ocs2_msgs/lib:/usr/lib/x86_64-linux-gnu/gazebo-11/plugins:/opt/ros/humble/opt/rviz_ogre_vendor/lib:/opt/ros/humble/lib/x86_64-linux-gnu:/opt/ros/humble/lib /usr/bin/cmake /home/zxs/ocs2_ros2_legubiao/ws/src/humanoid_control/humanoid_estimation -DCMAKE_INSTALL_PREFIX=/home/zxs/ocs2_ros2_legubiao/ws/install/humanoid_estimation
[0.060s] -- The C compiler identification is GNU 12.3.0
[0.093s] -- The CXX compiler identification is GNU 12.3.0
[0.096s] -- Detecting C compiler ABI info
[0.139s] -- Detecting C compiler ABI info - done
[0.143s] -- Check for working C compiler: /usr/bin/cc - skipped
[0.143s] -- Detecting C compile features
[0.143s] -- Detecting C compile features - done
[0.145s] -- Detecting CXX compiler ABI info
[0.195s] -- Detecting CXX compiler ABI info - done
[0.199s] -- Check for working CXX compiler: /usr/bin/c++ - skipped
[0.199s] -- Detecting CXX compile features
[0.199s] -- Detecting CXX compile features - done
[0.201s] -- Found ament_cmake: 1.3.11 (/opt/ros/humble/share/ament_cmake/cmake)
[0.281s] -- Found Python3: /usr/bin/python3 (found version "3.10.13") found components: Interpreter 
[0.334s] -- Found geometry_msgs: 4.8.0 (/opt/ros/humble/share/geometry_msgs/cmake)
[0.367s] -- Found rosidl_generator_c: 3.1.6 (/opt/ros/humble/share/rosidl_generator_c/cmake)
[0.370s] -- Found rosidl_adapter: 3.1.6 (/opt/ros/humble/share/rosidl_adapter/cmake)
[0.375s] -- Found rosidl_generator_cpp: 3.1.6 (/opt/ros/humble/share/rosidl_generator_cpp/cmake)
[0.383s] -- Using all available rosidl_typesupport_c: rosidl_typesupport_fastrtps_c;rosidl_typesupport_introspection_c
[0.392s] -- Using all available rosidl_typesupport_cpp: rosidl_typesupport_fastrtps_cpp;rosidl_typesupport_introspection_cpp
[0.413s] -- Found tf2_ros: 0.25.12 (/opt/ros/humble/share/tf2_ros/cmake)
[0.455s] -- Found rmw_implementation_cmake: 6.1.2 (/opt/ros/humble/share/rmw_implementation_cmake/cmake)
[0.457s] -- Found rmw_fastrtps_cpp: 6.2.7 (/opt/ros/humble/share/rmw_fastrtps_cpp/cmake)
[0.511s] -- Found OpenSSL: /usr/lib/x86_64-linux-gnu/libcrypto.so (found version "3.0.2")  
[0.529s] -- Found FastRTPS: /opt/ros/humble/include  
[0.554s] -- Using RMW implementation 'rmw_fastrtps_cpp' as default
[0.560s] -- Looking for pthread.h
[0.602s] -- Looking for pthread.h - found
[0.602s] -- Performing Test CMAKE_HAVE_LIBC_PTHREAD
[0.645s] -- Performing Test CMAKE_HAVE_LIBC_PTHREAD - Success
[0.646s] -- Found Threads: TRUE  
[0.702s] -- Found nav_msgs: 4.8.0 (/opt/ros/humble/share/nav_msgs/cmake)
[0.713s] -- Found humanoid_interface: 0.0.1 (/home/zxs/ocs2_ros2_legubiao/ws/install/humanoid_interface/share/humanoid_interface/cmake)
[0.866s] -- Found OpenMP_C: -fopenmp (found version "4.5") 
[0.913s] -- Found OpenMP_CXX: -fopenmp (found version "4.5") 
[0.913s] -- Found OpenMP: TRUE (found version "4.5")  
[0.933s] -- Found Boost: /usr/lib/x86_64-linux-gnu/cmake/Boost-1.74.0/BoostConfig.cmake (found version "1.74.0") found components: system filesystem log_setup log 
[0.950s] -- pinocchio_default FOUND. pinocchio_default at /opt/ros/humble/lib/x86_64-linux-gnu/libpinocchio_default.so
[0.950s] -- pinocchio_parsers FOUND. pinocchio_parsers at /opt/ros/humble/lib/x86_64-linux-gnu/libpinocchio_parsers.so
[0.951s] -- boost_filesystem FOUND. boost_filesystem at /lib/x86_64-linux-gnu/libboost_filesystem.so
[0.951s] -- boost_serialization FOUND. boost_serialization at /lib/x86_64-linux-gnu/libboost_serialization.so
[0.951s] -- boost_system FOUND. boost_system at /lib/x86_64-linux-gnu/libboost_system.so
[0.963s] -- eigenpy FOUND. eigenpy at /opt/ros/humble/lib/x86_64-linux-gnu/libeigenpy.so
[0.975s] -- Checking for NumPy
[1.074s] --   NUMPY_INCLUDE_DIRS=/usr/lib/python3/dist-packages/numpy/core/include
[1.127s] --   NUMPY_VERSION=1.21.5
[1.259s] -- Found Python3: /usr/bin/python3 (found version "3.10.13") found components: Interpreter Development.Module NumPy 
[1.259s] -- PythonLibraryDirs: 
[1.259s] -- PythonLibVersionString: 3.10.13
[1.269s] -- Python site lib: lib/python3.10/site-packages
[1.269s] -- Python include dirs: /usr/include/python3.10
[1.289s] -- Checking for NumPy
[1.338s] --   NUMPY_INCLUDE_DIRS=/usr/lib/python3/dist-packages/numpy/core/include
[1.386s] --   NUMPY_VERSION=1.21.5
[1.386s] -- NumPy include dir: /usr/lib/python3/dist-packages/numpy/core/include
[1.389s] [33mCMake Warning at /usr/share/cmake-3.22/Modules/FindBoost.cmake:2201 (message):
[1.389s]   No header defined for python310; skipping header check (note: header-only
[1.389s]   libraries have no designated component)
[1.389s] Call Stack (most recent call first):
[1.389s]   /opt/ros/humble/lib/x86_64-linux-gnu/cmake/eigenpy/boost.cmake:148 (find_package)
[1.389s]   /opt/ros/humble/lib/x86_64-linux-gnu/cmake/eigenpy/eigenpyConfig.cmake:149 (SEARCH_FOR_BOOST_PYTHON)
[1.389s]   /usr/share/cmake-3.22/Modules/CMakeFindDependencyMacro.cmake:47 (find_package)
[1.389s]   /opt/ros/humble/lib/x86_64-linux-gnu/cmake/pinocchio/pinocchioConfig.cmake:161 (find_dependency)
[1.389s]   /home/zxs/ocs2_ros2_legubiao/ws/install/ocs2_pinocchio_interface/share/ocs2_pinocchio_interface/cmake/ament_cmake_export_dependencies-extras.cmake:21 (find_package)
[1.389s]   /home/zxs/ocs2_ros2_legubiao/ws/install/ocs2_pinocchio_interface/share/ocs2_pinocchio_interface/cmake/ocs2_pinocchio_interfaceConfig.cmake:41 (include)
[1.389s]   /home/zxs/ocs2_ros2_legubiao/ws/install/humanoid_interface/share/humanoid_interface/cmake/ament_cmake_export_dependencies-extras.cmake:21 (find_package)
[1.389s]   /home/zxs/ocs2_ros2_legubiao/ws/install/humanoid_interface/share/humanoid_interface/cmake/humanoid_interfaceConfig.cmake:41 (include)
[1.389s]   CMakeLists.txt:22 (find_package)
[1.389s] 
[1.389s] [0m
[1.391s] -- Found Boost: /usr/include (found version "1.74.0") found components: python310 
[1.569s] -- Default C++ standard: 201703
[1.570s] -- Minimal C++ standard upgraded to 11
[1.570s] -- C++ standard sufficient: Minimal required 11, currently defined: 17
[1.572s] -- hpp-fcl FOUND. hpp-fcl at /opt/ros/humble/lib/x86_64-linux-gnu/libhpp-fcl.so
[1.584s] -- C++ standard sufficient: Minimal required 11, currently defined: 17
[1.584s] -- C++ standard sufficient: Minimal required 11, currently defined: 17
[1.587s] -- coal FOUND. coal at /opt/ros/humble/lib/x86_64-linux-gnu/libcoal.so
[1.600s] -- C++ standard sufficient: Minimal required 11, currently defined: 17
[1.607s] -- Found PkgConfig: /usr/bin/pkg-config (found version "0.29.2") 
[1.610s] -- Found hardware_interface: 2.49.0 (/opt/ros/humble/share/hardware_interface/cmake)
[1.684s] -- Found tf2_geometry_msgs: 0.25.12 (/opt/ros/humble/share/tf2_geometry_msgs/cmake)
[1.691s] -- Found eigen3_cmake_module: 0.1.1 (/opt/ros/humble/share/eigen3_cmake_module/cmake)
[1.691s] -- Found Eigen3: TRUE (found version "3.4.0") 
[1.691s] -- Ensuring Eigen3 include directory is part of orocos-kdl CMake target
[1.692s] -- Checking for module 'pinocchio'
[1.702s] --   Found pinocchio, version 3.4.0
[1.782s] -- Configuring done
[1.808s] -- Generating done
[1.810s] -- Build files have been written to: /home/zxs/ocs2_ros2_legubiao/ws/build/humanoid_estimation
[1.818s] Invoked command in '/home/zxs/ocs2_ros2_legubiao/ws/build/humanoid_estimation' returned '0': AMENT_PREFIX_PATH=/home/zxs/ocs2_ros2_legubiao/ws/install/humanoid_interface:/home/zxs/ocs2_ros2_legubiao/ws/install/ocs2_self_collision:${AMENT_PREFIX_PATH} CMAKE_PREFIX_PATH=/home/zxs/ocs2_ros2_legubiao/ws/install/humanoid_interface:/home/zxs/ocs2_ros2_legubiao/ws/install/ocs2_sqp:/home/zxs/ocs2_ros2_legubiao/ws/install/ocs2_self_collision:/home/zxs/ocs2_ros2_legubiao/ws/install/ocs2_ipm:/home/zxs/ocs2_ros2_legubiao/ws/install/ocs2_centroidal_model:/home/zxs/ocs2_ros2_legubiao/ws/install/ocs2_pinocchio_interface:/home/zxs/ocs2_ros2_legubiao/ws/install/ocs2_ddp:/home/zxs/ocs2_ros2_legubiao/ws/install/hpipm_colcon:/home/zxs/ocs2_ros2_legubiao/ws/install/ocs2_robotic_tools:/home/zxs/ocs2_ros2_legubiao/ws/install/ocs2_qp_solver:/home/zxs/ocs2_ros2_legubiao/ws/install/ocs2_mpc:/home/zxs/ocs2_ros2_legubiao/ws/install/ocs2_oc:/home/zxs/ocs2_ros2_legubiao/ws/install/ocs2_core:/home/zxs/ocs2_ros2_legubiao/ws/install/ocs2_thirdparty:/home/zxs/ocs2_ros2_legubiao/ws/install/ocs2_robotic_assets:/home/zxs/ocs2_ros2_legubiao/ws/install/blasfeo_colcon:/home/zxs/ocs2_ros2_legubiao/ws/install/ocs2_legged_robot_ros:/home/zxs/ocs2_ros2_legubiao/ws/install/ocs2_legged_robot:/home/zxs/ocs2_ros2_legubiao/ws/install/ocs2_ros_interfaces:/home/zxs/ocs2_ros2_legubiao/ws/install/ocs2_msgs:/opt/ros/humble LD_LIBRARY_PATH=/home/zxs/ocs2_ros2_legubiao/ws/install/humanoid_interface/lib:/home/zxs/ocs2_ros2_legubiao/ws/install/ocs2_self_collision/lib:/home/zxs/ocs2_ros2_legubiao/ws/install/ocs2_pinocchio_interface/lib:/home/zxs/ocs2_ros2_legubiao/ws/install/hpipm_colcon/lib:/home/zxs/ocs2_ros2_legubiao/ws/install/blasfeo_colcon/lib:/home/zxs/ocs2_ros2_legubiao/ws/install/ocs2_legged_robot_ros/lib:/home/zxs/ocs2_ros2_legubiao/ws/install/ocs2_legged_robot/lib:/home/zxs/ocs2_ros2_legubiao/ws/install/ocs2_sqp/lib:/home/zxs/ocs2_ros2_legubiao/ws/install/ocs2_ros_interfaces/lib:/home/zxs/ocs2_ros2_legubiao/ws/install/ocs2_centroidal_model/lib:/home/zxs/ocs2_ros2_legubiao/ws/install/ocs2_robotic_tools/lib:/home/zxs/ocs2_ros2_legubiao/ws/install/ocs2_ipm/lib:/home/zxs/ocs2_ros2_legubiao/ws/install/ocs2_ddp/lib:/home/zxs/ocs2_ros2_legubiao/ws/install/ocs2_qp_solver/lib:/home/zxs/ocs2_ros2_legubiao/ws/install/ocs2_mpc/lib:/home/zxs/ocs2_ros2_legubiao/ws/install/ocs2_oc/lib:/home/zxs/ocs2_ros2_legubiao/ws/install/ocs2_core/lib:/home/zxs/ocs2_ros2_legubiao/ws/install/ocs2_msgs/lib:/usr/lib/x86_64-linux-gnu/gazebo-11/plugins:/opt/ros/humble/opt/rviz_ogre_vendor/lib:/opt/ros/humble/lib/x86_64-linux-gnu:/opt/ros/humble/lib /usr/bin/cmake /home/zxs/ocs2_ros2_legubiao/ws/src/humanoid_control/humanoid_estimation -DCMAKE_INSTALL_PREFIX=/home/zxs/ocs2_ros2_legubiao/ws/install/humanoid_estimation
[1.820s] Invoking command in '/home/zxs/ocs2_ros2_legubiao/ws/build/humanoid_estimation': AMENT_PREFIX_PATH=/home/zxs/ocs2_ros2_legubiao/ws/install/humanoid_interface:/home/zxs/ocs2_ros2_legubiao/ws/install/ocs2_self_collision:${AMENT_PREFIX_PATH} CMAKE_PREFIX_PATH=/home/zxs/ocs2_ros2_legubiao/ws/install/humanoid_interface:/home/zxs/ocs2_ros2_legubiao/ws/install/ocs2_sqp:/home/zxs/ocs2_ros2_legubiao/ws/install/ocs2_self_collision:/home/zxs/ocs2_ros2_legubiao/ws/install/ocs2_ipm:/home/zxs/ocs2_ros2_legubiao/ws/install/ocs2_centroidal_model:/home/zxs/ocs2_ros2_legubiao/ws/install/ocs2_pinocchio_interface:/home/zxs/ocs2_ros2_legubiao/ws/install/ocs2_ddp:/home/zxs/ocs2_ros2_legubiao/ws/install/hpipm_colcon:/home/zxs/ocs2_ros2_legubiao/ws/install/ocs2_robotic_tools:/home/zxs/ocs2_ros2_legubiao/ws/install/ocs2_qp_solver:/home/zxs/ocs2_ros2_legubiao/ws/install/ocs2_mpc:/home/zxs/ocs2_ros2_legubiao/ws/install/ocs2_oc:/home/zxs/ocs2_ros2_legubiao/ws/install/ocs2_core:/home/zxs/ocs2_ros2_legubiao/ws/install/ocs2_thirdparty:/home/zxs/ocs2_ros2_legubiao/ws/install/ocs2_robotic_assets:/home/zxs/ocs2_ros2_legubiao/ws/install/blasfeo_colcon:/home/zxs/ocs2_ros2_legubiao/ws/install/ocs2_legged_robot_ros:/home/zxs/ocs2_ros2_legubiao/ws/install/ocs2_legged_robot:/home/zxs/ocs2_ros2_legubiao/ws/install/ocs2_ros_interfaces:/home/zxs/ocs2_ros2_legubiao/ws/install/ocs2_msgs:/opt/ros/humble LD_LIBRARY_PATH=/home/zxs/ocs2_ros2_legubiao/ws/install/humanoid_interface/lib:/home/zxs/ocs2_ros2_legubiao/ws/install/ocs2_self_collision/lib:/home/zxs/ocs2_ros2_legubiao/ws/install/ocs2_pinocchio_interface/lib:/home/zxs/ocs2_ros2_legubiao/ws/install/hpipm_colcon/lib:/home/zxs/ocs2_ros2_legubiao/ws/install/blasfeo_colcon/lib:/home/zxs/ocs2_ros2_legubiao/ws/install/ocs2_legged_robot_ros/lib:/home/zxs/ocs2_ros2_legubiao/ws/install/ocs2_legged_robot/lib:/home/zxs/ocs2_ros2_legubiao/ws/install/ocs2_sqp/lib:/home/zxs/ocs2_ros2_legubiao/ws/install/ocs2_ros_interfaces/lib:/home/zxs/ocs2_ros2_legubiao/ws/install/ocs2_centroidal_model/lib:/home/zxs/ocs2_ros2_legubiao/ws/install/ocs2_robotic_tools/lib:/home/zxs/ocs2_ros2_legubiao/ws/install/ocs2_ipm/lib:/home/zxs/ocs2_ros2_legubiao/ws/install/ocs2_ddp/lib:/home/zxs/ocs2_ros2_legubiao/ws/install/ocs2_qp_solver/lib:/home/zxs/ocs2_ros2_legubiao/ws/install/ocs2_mpc/lib:/home/zxs/ocs2_ros2_legubiao/ws/install/ocs2_oc/lib:/home/zxs/ocs2_ros2_legubiao/ws/install/ocs2_core/lib:/home/zxs/ocs2_ros2_legubiao/ws/install/ocs2_msgs/lib:/usr/lib/x86_64-linux-gnu/gazebo-11/plugins:/opt/ros/humble/opt/rviz_ogre_vendor/lib:/opt/ros/humble/lib/x86_64-linux-gnu:/opt/ros/humble/lib /usr/bin/cmake --build /home/zxs/ocs2_ros2_legubiao/ws/build/humanoid_estimation -- -j28 -l28
[1.859s] [ 25%] [32mBuilding CXX object CMakeFiles/humanoid_estimation.dir/src/FromTopicEstimate.cpp.o[0m
[1.859s] [ 75%] [32mBuilding CXX object CMakeFiles/humanoid_estimation.dir/src/LinearKalmanFilter.cpp.o[0m
[1.859s] [ 75%] [32mBuilding CXX object CMakeFiles/humanoid_estimation.dir/src/StateEstimateBase.cpp.o[0m
[38.456s] [100%] [32m[1mLinking CXX static library libhumanoid_estimation.a[0m
[38.512s] [100%] Built target humanoid_estimation
[38.519s] Invoked command in '/home/zxs/ocs2_ros2_legubiao/ws/build/humanoid_estimation' returned '0': AMENT_PREFIX_PATH=/home/zxs/ocs2_ros2_legubiao/ws/install/humanoid_interface:/home/zxs/ocs2_ros2_legubiao/ws/install/ocs2_self_collision:${AMENT_PREFIX_PATH} CMAKE_PREFIX_PATH=/home/zxs/ocs2_ros2_legubiao/ws/install/humanoid_interface:/home/zxs/ocs2_ros2_legubiao/ws/install/ocs2_sqp:/home/zxs/ocs2_ros2_legubiao/ws/install/ocs2_self_collision:/home/zxs/ocs2_ros2_legubiao/ws/install/ocs2_ipm:/home/zxs/ocs2_ros2_legubiao/ws/install/ocs2_centroidal_model:/home/zxs/ocs2_ros2_legubiao/ws/install/ocs2_pinocchio_interface:/home/zxs/ocs2_ros2_legubiao/ws/install/ocs2_ddp:/home/zxs/ocs2_ros2_legubiao/ws/install/hpipm_colcon:/home/zxs/ocs2_ros2_legubiao/ws/install/ocs2_robotic_tools:/home/zxs/ocs2_ros2_legubiao/ws/install/ocs2_qp_solver:/home/zxs/ocs2_ros2_legubiao/ws/install/ocs2_mpc:/home/zxs/ocs2_ros2_legubiao/ws/install/ocs2_oc:/home/zxs/ocs2_ros2_legubiao/ws/install/ocs2_core:/home/zxs/ocs2_ros2_legubiao/ws/install/ocs2_thirdparty:/home/zxs/ocs2_ros2_legubiao/ws/install/ocs2_robotic_assets:/home/zxs/ocs2_ros2_legubiao/ws/install/blasfeo_colcon:/home/zxs/ocs2_ros2_legubiao/ws/install/ocs2_legged_robot_ros:/home/zxs/ocs2_ros2_legubiao/ws/install/ocs2_legged_robot:/home/zxs/ocs2_ros2_legubiao/ws/install/ocs2_ros_interfaces:/home/zxs/ocs2_ros2_legubiao/ws/install/ocs2_msgs:/opt/ros/humble LD_LIBRARY_PATH=/home/zxs/ocs2_ros2_legubiao/ws/install/humanoid_interface/lib:/home/zxs/ocs2_ros2_legubiao/ws/install/ocs2_self_collision/lib:/home/zxs/ocs2_ros2_legubiao/ws/install/ocs2_pinocchio_interface/lib:/home/zxs/ocs2_ros2_legubiao/ws/install/hpipm_colcon/lib:/home/zxs/ocs2_ros2_legubiao/ws/install/blasfeo_colcon/lib:/home/zxs/ocs2_ros2_legubiao/ws/install/ocs2_legged_robot_ros/lib:/home/zxs/ocs2_ros2_legubiao/ws/install/ocs2_legged_robot/lib:/home/zxs/ocs2_ros2_legubiao/ws/install/ocs2_sqp/lib:/home/zxs/ocs2_ros2_legubiao/ws/install/ocs2_ros_interfaces/lib:/home/zxs/ocs2_ros2_legubiao/ws/install/ocs2_centroidal_model/lib:/home/zxs/ocs2_ros2_legubiao/ws/install/ocs2_robotic_tools/lib:/home/zxs/ocs2_ros2_legubiao/ws/install/ocs2_ipm/lib:/home/zxs/ocs2_ros2_legubiao/ws/install/ocs2_ddp/lib:/home/zxs/ocs2_ros2_legubiao/ws/install/ocs2_qp_solver/lib:/home/zxs/ocs2_ros2_legubiao/ws/install/ocs2_mpc/lib:/home/zxs/ocs2_ros2_legubiao/ws/install/ocs2_oc/lib:/home/zxs/ocs2_ros2_legubiao/ws/install/ocs2_core/lib:/home/zxs/ocs2_ros2_legubiao/ws/install/ocs2_msgs/lib:/usr/lib/x86_64-linux-gnu/gazebo-11/plugins:/opt/ros/humble/opt/rviz_ogre_vendor/lib:/opt/ros/humble/lib/x86_64-linux-gnu:/opt/ros/humble/lib /usr/bin/cmake --build /home/zxs/ocs2_ros2_legubiao/ws/build/humanoid_estimation -- -j28 -l28
[38.520s] Invoking command in '/home/zxs/ocs2_ros2_legubiao/ws/build/humanoid_estimation': AMENT_PREFIX_PATH=/home/zxs/ocs2_ros2_legubiao/ws/install/humanoid_interface:/home/zxs/ocs2_ros2_legubiao/ws/install/ocs2_self_collision:${AMENT_PREFIX_PATH} CMAKE_PREFIX_PATH=/home/zxs/ocs2_ros2_legubiao/ws/install/humanoid_interface:/home/zxs/ocs2_ros2_legubiao/ws/install/ocs2_sqp:/home/zxs/ocs2_ros2_legubiao/ws/install/ocs2_self_collision:/home/zxs/ocs2_ros2_legubiao/ws/install/ocs2_ipm:/home/zxs/ocs2_ros2_legubiao/ws/install/ocs2_centroidal_model:/home/zxs/ocs2_ros2_legubiao/ws/install/ocs2_pinocchio_interface:/home/zxs/ocs2_ros2_legubiao/ws/install/ocs2_ddp:/home/zxs/ocs2_ros2_legubiao/ws/install/hpipm_colcon:/home/zxs/ocs2_ros2_legubiao/ws/install/ocs2_robotic_tools:/home/zxs/ocs2_ros2_legubiao/ws/install/ocs2_qp_solver:/home/zxs/ocs2_ros2_legubiao/ws/install/ocs2_mpc:/home/zxs/ocs2_ros2_legubiao/ws/install/ocs2_oc:/home/zxs/ocs2_ros2_legubiao/ws/install/ocs2_core:/home/zxs/ocs2_ros2_legubiao/ws/install/ocs2_thirdparty:/home/zxs/ocs2_ros2_legubiao/ws/install/ocs2_robotic_assets:/home/zxs/ocs2_ros2_legubiao/ws/install/blasfeo_colcon:/home/zxs/ocs2_ros2_legubiao/ws/install/ocs2_legged_robot_ros:/home/zxs/ocs2_ros2_legubiao/ws/install/ocs2_legged_robot:/home/zxs/ocs2_ros2_legubiao/ws/install/ocs2_ros_interfaces:/home/zxs/ocs2_ros2_legubiao/ws/install/ocs2_msgs:/opt/ros/humble LD_LIBRARY_PATH=/home/zxs/ocs2_ros2_legubiao/ws/install/humanoid_interface/lib:/home/zxs/ocs2_ros2_legubiao/ws/install/ocs2_self_collision/lib:/home/zxs/ocs2_ros2_legubiao/ws/install/ocs2_pinocchio_interface/lib:/home/zxs/ocs2_ros2_legubiao/ws/install/hpipm_colcon/lib:/home/zxs/ocs2_ros2_legubiao/ws/install/blasfeo_colcon/lib:/home/zxs/ocs2_ros2_legubiao/ws/install/ocs2_legged_robot_ros/lib:/home/zxs/ocs2_ros2_legubiao/ws/install/ocs2_legged_robot/lib:/home/zxs/ocs2_ros2_legubiao/ws/install/ocs2_sqp/lib:/home/zxs/ocs2_ros2_legubiao/ws/install/ocs2_ros_interfaces/lib:/home/zxs/ocs2_ros2_legubiao/ws/install/ocs2_centroidal_model/lib:/home/zxs/ocs2_ros2_legubiao/ws/install/ocs2_robotic_tools/lib:/home/zxs/ocs2_ros2_legubiao/ws/install/ocs2_ipm/lib:/home/zxs/ocs2_ros2_legubiao/ws/install/ocs2_ddp/lib:/home/zxs/ocs2_ros2_legubiao/ws/install/ocs2_qp_solver/lib:/home/zxs/ocs2_ros2_legubiao/ws/install/ocs2_mpc/lib:/home/zxs/ocs2_ros2_legubiao/ws/install/ocs2_oc/lib:/home/zxs/ocs2_ros2_legubiao/ws/install/ocs2_core/lib:/home/zxs/ocs2_ros2_legubiao/ws/install/ocs2_msgs/lib:/usr/lib/x86_64-linux-gnu/gazebo-11/plugins:/opt/ros/humble/opt/rviz_ogre_vendor/lib:/opt/ros/humble/lib/x86_64-linux-gnu:/opt/ros/humble/lib /usr/bin/cmake --install /home/zxs/ocs2_ros2_legubiao/ws/build/humanoid_estimation
[38.524s] -- Install configuration: "Release"
[38.524s] -- Installing: /home/zxs/ocs2_ros2_legubiao/ws/install/humanoid_estimation/include/humanoid_estimation
[38.524s] -- Installing: /home/zxs/ocs2_ros2_legubiao/ws/install/humanoid_estimation/include/humanoid_estimation/humanoid_estimation
[38.524s] -- Installing: /home/zxs/ocs2_ros2_legubiao/ws/install/humanoid_estimation/include/humanoid_estimation/humanoid_estimation/LinearKalmanFilter.h
[38.524s] -- Installing: /home/zxs/ocs2_ros2_legubiao/ws/install/humanoid_estimation/include/humanoid_estimation/humanoid_estimation/StateEstimateBase.h
[38.524s] -- Installing: /home/zxs/ocs2_ros2_legubiao/ws/install/humanoid_estimation/include/humanoid_estimation/humanoid_estimation/FromTopiceEstimate.h
[38.524s] -- Installing: /home/zxs/ocs2_ros2_legubiao/ws/install/humanoid_estimation/lib/libhumanoid_estimation.a
[38.526s] -- Installing: /home/zxs/ocs2_ros2_legubiao/ws/install/humanoid_estimation/share/humanoid_estimation/
[38.526s] -- Installing: /home/zxs/ocs2_ros2_legubiao/ws/install/humanoid_estimation/share/humanoid_estimation/environment/library_path.sh
[38.526s] -- Installing: /home/zxs/ocs2_ros2_legubiao/ws/install/humanoid_estimation/share/humanoid_estimation/environment/library_path.dsv
[38.526s] -- Installing: /home/zxs/ocs2_ros2_legubiao/ws/install/humanoid_estimation/share/ament_index/resource_index/package_run_dependencies/humanoid_estimation
[38.526s] -- Installing: /home/zxs/ocs2_ros2_legubiao/ws/install/humanoid_estimation/share/ament_index/resource_index/parent_prefix_path/humanoid_estimation
[38.526s] -- Installing: /home/zxs/ocs2_ros2_legubiao/ws/install/humanoid_estimation/share/humanoid_estimation/environment/ament_prefix_path.sh
[38.526s] -- Installing: /home/zxs/ocs2_ros2_legubiao/ws/install/humanoid_estimation/share/humanoid_estimation/environment/ament_prefix_path.dsv
[38.526s] -- Installing: /home/zxs/ocs2_ros2_legubiao/ws/install/humanoid_estimation/share/humanoid_estimation/environment/path.sh
[38.526s] -- Installing: /home/zxs/ocs2_ros2_legubiao/ws/install/humanoid_estimation/share/humanoid_estimation/environment/path.dsv
[38.526s] -- Installing: /home/zxs/ocs2_ros2_legubiao/ws/install/humanoid_estimation/share/humanoid_estimation/local_setup.bash
[38.526s] -- Installing: /home/zxs/ocs2_ros2_legubiao/ws/install/humanoid_estimation/share/humanoid_estimation/local_setup.sh
[38.526s] -- Installing: /home/zxs/ocs2_ros2_legubiao/ws/install/humanoid_estimation/share/humanoid_estimation/local_setup.zsh
[38.526s] -- Installing: /home/zxs/ocs2_ros2_legubiao/ws/install/humanoid_estimation/share/humanoid_estimation/local_setup.dsv
[38.526s] -- Installing: /home/zxs/ocs2_ros2_legubiao/ws/install/humanoid_estimation/share/humanoid_estimation/package.dsv
[38.526s] -- Installing: /home/zxs/ocs2_ros2_legubiao/ws/install/humanoid_estimation/share/ament_index/resource_index/packages/humanoid_estimation
[38.526s] -- Installing: /home/zxs/ocs2_ros2_legubiao/ws/install/humanoid_estimation/share/humanoid_estimation/cmake/export_humanoid_estimationExport.cmake
[38.526s] -- Installing: /home/zxs/ocs2_ros2_legubiao/ws/install/humanoid_estimation/share/humanoid_estimation/cmake/export_humanoid_estimationExport-release.cmake
[38.526s] -- Installing: /home/zxs/ocs2_ros2_legubiao/ws/install/humanoid_estimation/share/humanoid_estimation/cmake/ament_cmake_export_dependencies-extras.cmake
[38.526s] -- Installing: /home/zxs/ocs2_ros2_legubiao/ws/install/humanoid_estimation/share/humanoid_estimation/cmake/ament_cmake_export_targets-extras.cmake
[38.526s] -- Installing: /home/zxs/ocs2_ros2_legubiao/ws/install/humanoid_estimation/share/humanoid_estimation/cmake/humanoid_estimationConfig.cmake
[38.526s] -- Installing: /home/zxs/ocs2_ros2_legubiao/ws/install/humanoid_estimation/share/humanoid_estimation/cmake/humanoid_estimationConfig-version.cmake
[38.526s] -- Installing: /home/zxs/ocs2_ros2_legubiao/ws/install/humanoid_estimation/share/humanoid_estimation/package.xml
[38.527s] Invoked command in '/home/zxs/ocs2_ros2_legubiao/ws/build/humanoid_estimation' returned '0': AMENT_PREFIX_PATH=/home/zxs/ocs2_ros2_legubiao/ws/install/humanoid_interface:/home/zxs/ocs2_ros2_legubiao/ws/install/ocs2_self_collision:${AMENT_PREFIX_PATH} CMAKE_PREFIX_PATH=/home/zxs/ocs2_ros2_legubiao/ws/install/humanoid_interface:/home/zxs/ocs2_ros2_legubiao/ws/install/ocs2_sqp:/home/zxs/ocs2_ros2_legubiao/ws/install/ocs2_self_collision:/home/zxs/ocs2_ros2_legubiao/ws/install/ocs2_ipm:/home/zxs/ocs2_ros2_legubiao/ws/install/ocs2_centroidal_model:/home/zxs/ocs2_ros2_legubiao/ws/install/ocs2_pinocchio_interface:/home/zxs/ocs2_ros2_legubiao/ws/install/ocs2_ddp:/home/zxs/ocs2_ros2_legubiao/ws/install/hpipm_colcon:/home/zxs/ocs2_ros2_legubiao/ws/install/ocs2_robotic_tools:/home/zxs/ocs2_ros2_legubiao/ws/install/ocs2_qp_solver:/home/zxs/ocs2_ros2_legubiao/ws/install/ocs2_mpc:/home/zxs/ocs2_ros2_legubiao/ws/install/ocs2_oc:/home/zxs/ocs2_ros2_legubiao/ws/install/ocs2_core:/home/zxs/ocs2_ros2_legubiao/ws/install/ocs2_thirdparty:/home/zxs/ocs2_ros2_legubiao/ws/install/ocs2_robotic_assets:/home/zxs/ocs2_ros2_legubiao/ws/install/blasfeo_colcon:/home/zxs/ocs2_ros2_legubiao/ws/install/ocs2_legged_robot_ros:/home/zxs/ocs2_ros2_legubiao/ws/install/ocs2_legged_robot:/home/zxs/ocs2_ros2_legubiao/ws/install/ocs2_ros_interfaces:/home/zxs/ocs2_ros2_legubiao/ws/install/ocs2_msgs:/opt/ros/humble LD_LIBRARY_PATH=/home/zxs/ocs2_ros2_legubiao/ws/install/humanoid_interface/lib:/home/zxs/ocs2_ros2_legubiao/ws/install/ocs2_self_collision/lib:/home/zxs/ocs2_ros2_legubiao/ws/install/ocs2_pinocchio_interface/lib:/home/zxs/ocs2_ros2_legubiao/ws/install/hpipm_colcon/lib:/home/zxs/ocs2_ros2_legubiao/ws/install/blasfeo_colcon/lib:/home/zxs/ocs2_ros2_legubiao/ws/install/ocs2_legged_robot_ros/lib:/home/zxs/ocs2_ros2_legubiao/ws/install/ocs2_legged_robot/lib:/home/zxs/ocs2_ros2_legubiao/ws/install/ocs2_sqp/lib:/home/zxs/ocs2_ros2_legubiao/ws/install/ocs2_ros_interfaces/lib:/home/zxs/ocs2_ros2_legubiao/ws/install/ocs2_centroidal_model/lib:/home/zxs/ocs2_ros2_legubiao/ws/install/ocs2_robotic_tools/lib:/home/zxs/ocs2_ros2_legubiao/ws/install/ocs2_ipm/lib:/home/zxs/ocs2_ros2_legubiao/ws/install/ocs2_ddp/lib:/home/zxs/ocs2_ros2_legubiao/ws/install/ocs2_qp_solver/lib:/home/zxs/ocs2_ros2_legubiao/ws/install/ocs2_mpc/lib:/home/zxs/ocs2_ros2_legubiao/ws/install/ocs2_oc/lib:/home/zxs/ocs2_ros2_legubiao/ws/install/ocs2_core/lib:/home/zxs/ocs2_ros2_legubiao/ws/install/ocs2_msgs/lib:/usr/lib/x86_64-linux-gnu/gazebo-11/plugins:/opt/ros/humble/opt/rviz_ogre_vendor/lib:/opt/ros/humble/lib/x86_64-linux-gnu:/opt/ros/humble/lib /usr/bin/cmake --install /home/zxs/ocs2_ros2_legubiao/ws/build/humanoid_estimation
