-- The C compiler identification is GNU 12.3.0
-- The CXX compiler identification is GNU 12.3.0
-- Detecting C compiler ABI info
-- Detecting C compiler ABI info - done
-- Check for working C compiler: /usr/bin/cc - skipped
-- Detecting C compile features
-- Detecting C compile features - done
-- Detecting CXX compiler ABI info
-- Detecting CXX compiler ABI info - done
-- Check for working CXX compiler: /usr/bin/c++ - skipped
-- Detecting CXX compile features
-- Detecting CXX compile features - done
-- Found PkgConfig: /usr/bin/pkg-config (found version "0.29.2") 
-- Checking for module 'urdfdom'
--   Found urdfdom, version 3.0.2
-- Found ament_cmake: 1.3.11 (/opt/ros/humble/share/ament_cmake/cmake)
-- Found Python3: /usr/bin/python3 (found version "3.10.13") found components: Interpreter 
-- Found ocs2_pinocchio_interface: 0.0.0 (/home/zxs/ocs2_ros2_legubiao/ws/install/ocs2_pinocchio_interface/share/ocs2_pinocchio_interface/cmake)
-- Found OpenMP_C: -fopenmp (found version "4.5") 
-- Found OpenMP_CXX: -fopenmp (found version "4.5") 
-- Found OpenMP: TRUE (found version "4.5")  
-- Found Boost: /usr/lib/x86_64-linux-gnu/cmake/Boost-1.74.0/BoostConfig.cmake (found version "1.74.0") found components: system filesystem log_setup log 
-- pinocchio_default FOUND. pinocchio_default at /opt/ros/humble/lib/x86_64-linux-gnu/libpinocchio_default.so
-- pinocchio_parsers FOUND. pinocchio_parsers at /opt/ros/humble/lib/x86_64-linux-gnu/libpinocchio_parsers.so
-- boost_filesystem FOUND. boost_filesystem at /lib/x86_64-linux-gnu/libboost_filesystem.so
-- boost_serialization FOUND. boost_serialization at /lib/x86_64-linux-gnu/libboost_serialization.so
-- boost_system FOUND. boost_system at /lib/x86_64-linux-gnu/libboost_system.so
-- eigenpy FOUND. eigenpy at /opt/ros/humble/lib/x86_64-linux-gnu/libeigenpy.so
-- Checking for NumPy
--   NUMPY_INCLUDE_DIRS=/usr/lib/python3/dist-packages/numpy/core/include
--   NUMPY_VERSION=1.21.5
-- Found Python3: /usr/bin/python3 (found version "3.10.13") found components: Interpreter Development.Module NumPy 
-- PythonLibraryDirs: 
-- PythonLibVersionString: 3.10.13
-- Python site lib: lib/python3.10/site-packages
-- Python include dirs: /usr/include/python3.10
-- Checking for NumPy
--   NUMPY_INCLUDE_DIRS=/usr/lib/python3/dist-packages/numpy/core/include
--   NUMPY_VERSION=1.21.5
-- NumPy include dir: /usr/lib/python3/dist-packages/numpy/core/include
-- Found Boost: /usr/include (found version "1.74.0") found components: python310 
-- Default C++ standard: 201703
-- Minimal C++ standard upgraded to 11
-- C++ standard sufficient: Minimal required 11, currently defined: 17
-- hpp-fcl FOUND. hpp-fcl at /opt/ros/humble/lib/x86_64-linux-gnu/libhpp-fcl.so
-- C++ standard sufficient: Minimal required 11, currently defined: 17
-- C++ standard sufficient: Minimal required 11, currently defined: 17
-- coal FOUND. coal at /opt/ros/humble/lib/x86_64-linux-gnu/libcoal.so
-- C++ standard sufficient: Minimal required 11, currently defined: 17
-- Configuring done
-- Generating done
-- Build files have been written to: /home/zxs/ocs2_ros2_legubiao/ws/build/ocs2_self_collision
[ 66%] [32mBuilding CXX object CMakeFiles/ocs2_self_collision.dir/src/SelfCollision.cpp.o[0m
[ 66%] [32mBuilding CXX object CMakeFiles/ocs2_self_collision.dir/src/PinocchioGeometryInterface.cpp.o[0m
[ 66%] [32mBuilding CXX object CMakeFiles/ocs2_self_collision.dir/src/SelfCollisionCppAd.cpp.o[0m
[ 66%] [32mBuilding CXX object CMakeFiles/ocs2_self_collision.dir/src/SelfCollisionConstraint.cpp.o[0m
[ 83%] [32mBuilding CXX object CMakeFiles/ocs2_self_collision.dir/src/SelfCollisionConstraintCppAd.cpp.o[0m
[100%] [32m[1mLinking CXX static library libocs2_self_collision.a[0m
[100%] Built target ocs2_self_collision
-- Install configuration: "Release"
-- Installing: /home/zxs/ocs2_ros2_legubiao/ws/install/ocs2_self_collision/include/ocs2_self_collision
-- Installing: /home/zxs/ocs2_ros2_legubiao/ws/install/ocs2_self_collision/include/ocs2_self_collision/ocs2_self_collision
-- Installing: /home/zxs/ocs2_ros2_legubiao/ws/install/ocs2_self_collision/include/ocs2_self_collision/ocs2_self_collision/SelfCollisionConstraintCppAd.h
-- Installing: /home/zxs/ocs2_ros2_legubiao/ws/install/ocs2_self_collision/include/ocs2_self_collision/ocs2_self_collision/SelfCollision.h
-- Installing: /home/zxs/ocs2_ros2_legubiao/ws/install/ocs2_self_collision/include/ocs2_self_collision/ocs2_self_collision/SelfCollisionCppAd.h
-- Installing: /home/zxs/ocs2_ros2_legubiao/ws/install/ocs2_self_collision/include/ocs2_self_collision/ocs2_self_collision/PinocchioGeometryInterface.h
-- Installing: /home/zxs/ocs2_ros2_legubiao/ws/install/ocs2_self_collision/include/ocs2_self_collision/ocs2_self_collision/SelfCollisionConstraint.h
-- Installing: /home/zxs/ocs2_ros2_legubiao/ws/install/ocs2_self_collision/lib/libocs2_self_collision.a
-- Installing: /home/zxs/ocs2_ros2_legubiao/ws/install/ocs2_self_collision/share/ocs2_self_collision/environment/library_path.sh
-- Installing: /home/zxs/ocs2_ros2_legubiao/ws/install/ocs2_self_collision/share/ocs2_self_collision/environment/library_path.dsv
-- Installing: /home/zxs/ocs2_ros2_legubiao/ws/install/ocs2_self_collision/share/ament_index/resource_index/package_run_dependencies/ocs2_self_collision
-- Installing: /home/zxs/ocs2_ros2_legubiao/ws/install/ocs2_self_collision/share/ament_index/resource_index/parent_prefix_path/ocs2_self_collision
-- Installing: /home/zxs/ocs2_ros2_legubiao/ws/install/ocs2_self_collision/share/ocs2_self_collision/environment/ament_prefix_path.sh
-- Installing: /home/zxs/ocs2_ros2_legubiao/ws/install/ocs2_self_collision/share/ocs2_self_collision/environment/ament_prefix_path.dsv
-- Installing: /home/zxs/ocs2_ros2_legubiao/ws/install/ocs2_self_collision/share/ocs2_self_collision/environment/path.sh
-- Installing: /home/zxs/ocs2_ros2_legubiao/ws/install/ocs2_self_collision/share/ocs2_self_collision/environment/path.dsv
-- Installing: /home/zxs/ocs2_ros2_legubiao/ws/install/ocs2_self_collision/share/ocs2_self_collision/local_setup.bash
-- Installing: /home/zxs/ocs2_ros2_legubiao/ws/install/ocs2_self_collision/share/ocs2_self_collision/local_setup.sh
-- Installing: /home/zxs/ocs2_ros2_legubiao/ws/install/ocs2_self_collision/share/ocs2_self_collision/local_setup.zsh
-- Installing: /home/zxs/ocs2_ros2_legubiao/ws/install/ocs2_self_collision/share/ocs2_self_collision/local_setup.dsv
-- Installing: /home/zxs/ocs2_ros2_legubiao/ws/install/ocs2_self_collision/share/ocs2_self_collision/package.dsv
-- Installing: /home/zxs/ocs2_ros2_legubiao/ws/install/ocs2_self_collision/share/ament_index/resource_index/packages/ocs2_self_collision
-- Installing: /home/zxs/ocs2_ros2_legubiao/ws/install/ocs2_self_collision/share/ocs2_self_collision/cmake/export_ocs2_self_collisionExport.cmake
-- Installing: /home/zxs/ocs2_ros2_legubiao/ws/install/ocs2_self_collision/share/ocs2_self_collision/cmake/export_ocs2_self_collisionExport-release.cmake
-- Installing: /home/zxs/ocs2_ros2_legubiao/ws/install/ocs2_self_collision/share/ocs2_self_collision/cmake/ament_cmake_export_targets-extras.cmake
-- Installing: /home/zxs/ocs2_ros2_legubiao/ws/install/ocs2_self_collision/share/ocs2_self_collision/cmake/ament_cmake_export_dependencies-extras.cmake
-- Installing: /home/zxs/ocs2_ros2_legubiao/ws/install/ocs2_self_collision/share/ocs2_self_collision/cmake/ocs2_self_collisionConfig.cmake
-- Installing: /home/zxs/ocs2_ros2_legubiao/ws/install/ocs2_self_collision/share/ocs2_self_collision/cmake/ocs2_self_collisionConfig-version.cmake
-- Installing: /home/zxs/ocs2_ros2_legubiao/ws/install/ocs2_self_collision/share/ocs2_self_collision/package.xml
