[0.010s] Invoking command in '/home/zxs/ocs2_ros2_legubiao/ws/build/ocs2_self_collision': CMAKE_PREFIX_PATH=/home/zxs/ocs2_ros2_legubiao/ws/install/ocs2_pinocchio_interface:/home/zxs/ocs2_ros2_legubiao/ws/install/ocs2_robotic_tools:/home/zxs/ocs2_ros2_legubiao/ws/install/ocs2_oc:/home/zxs/ocs2_ros2_legubiao/ws/install/ocs2_core:/home/zxs/ocs2_ros2_legubiao/ws/install/ocs2_thirdparty:/home/zxs/ocs2_ros2_legubiao/ws/install/ocs2_legged_robot_ros:/home/zxs/ocs2_ros2_legubiao/ws/install/ocs2_legged_robot:/home/zxs/ocs2_ros2_legubiao/ws/install/ocs2_sqp:/home/zxs/ocs2_ros2_legubiao/ws/install/ocs2_ros_interfaces:/home/zxs/ocs2_ros2_legubiao/ws/install/ocs2_centroidal_model:/home/zxs/ocs2_ros2_legubiao/ws/install/ocs2_ipm:/home/zxs/ocs2_ros2_legubiao/ws/install/ocs2_ddp:/home/zxs/ocs2_ros2_legubiao/ws/install/hpipm_colcon:/home/zxs/ocs2_ros2_legubiao/ws/install/ocs2_qp_solver:/home/zxs/ocs2_ros2_legubiao/ws/install/ocs2_mpc:/home/zxs/ocs2_ros2_legubiao/ws/install/ocs2_robotic_assets:/home/zxs/ocs2_ros2_legubiao/ws/install/ocs2_msgs:/home/zxs/ocs2_ros2_legubiao/ws/install/blasfeo_colcon:/opt/ros/humble LD_LIBRARY_PATH=/home/zxs/ocs2_ros2_legubiao/ws/install/ocs2_pinocchio_interface/lib:/home/zxs/ocs2_ros2_legubiao/ws/install/ocs2_legged_robot_ros/lib:/home/zxs/ocs2_ros2_legubiao/ws/install/ocs2_legged_robot/lib:/home/zxs/ocs2_ros2_legubiao/ws/install/ocs2_sqp/lib:/home/zxs/ocs2_ros2_legubiao/ws/install/ocs2_ros_interfaces/lib:/home/zxs/ocs2_ros2_legubiao/ws/install/ocs2_centroidal_model/lib:/home/zxs/ocs2_ros2_legubiao/ws/install/ocs2_robotic_tools/lib:/home/zxs/ocs2_ros2_legubiao/ws/install/ocs2_ipm/lib:/home/zxs/ocs2_ros2_legubiao/ws/install/ocs2_ddp/lib:/home/zxs/ocs2_ros2_legubiao/ws/install/hpipm_colcon/lib:/home/zxs/ocs2_ros2_legubiao/ws/install/ocs2_qp_solver/lib:/home/zxs/ocs2_ros2_legubiao/ws/install/ocs2_mpc/lib:/home/zxs/ocs2_ros2_legubiao/ws/install/ocs2_oc/lib:/home/zxs/ocs2_ros2_legubiao/ws/install/ocs2_core/lib:/home/zxs/ocs2_ros2_legubiao/ws/install/ocs2_msgs/lib:/home/zxs/ocs2_ros2_legubiao/ws/install/blasfeo_colcon/lib:/usr/lib/x86_64-linux-gnu/gazebo-11/plugins:/opt/ros/humble/opt/rviz_ogre_vendor/lib:/opt/ros/humble/lib/x86_64-linux-gnu:/opt/ros/humble/lib /usr/bin/cmake /home/zxs/ocs2_ros2_legubiao/ws/src/ocs2_ros2/robotics/ocs2_pinocchio/ocs2_self_collision -DCMAKE_INSTALL_PREFIX=/home/zxs/ocs2_ros2_legubiao/ws/install/ocs2_self_collision
[0.045s] -- The C compiler identification is GNU 12.3.0
[0.079s] -- The CXX compiler identification is GNU 12.3.0
[0.084s] -- Detecting C compiler ABI info
[0.125s] -- Detecting C compiler ABI info - done
[0.128s] -- Check for working C compiler: /usr/bin/cc - skipped
[0.128s] -- Detecting C compile features
[0.129s] -- Detecting C compile features - done
[0.130s] -- Detecting CXX compiler ABI info
[0.172s] -- Detecting CXX compiler ABI info - done
[0.175s] -- Check for working CXX compiler: /usr/bin/c++ - skipped
[0.175s] -- Detecting CXX compile features
[0.176s] -- Detecting CXX compile features - done
[0.178s] -- Found PkgConfig: /usr/bin/pkg-config (found version "0.29.2") 
[0.178s] -- Checking for module 'urdfdom'
[0.186s] --   Found urdfdom, version 3.0.2
[0.206s] -- Found ament_cmake: 1.3.11 (/opt/ros/humble/share/ament_cmake/cmake)
[0.284s] -- Found Python3: /usr/bin/python3 (found version "3.10.13") found components: Interpreter 
[0.331s] -- Found ocs2_pinocchio_interface: 0.0.0 (/home/zxs/ocs2_ros2_legubiao/ws/install/ocs2_pinocchio_interface/share/ocs2_pinocchio_interface/cmake)
[0.463s] -- Found OpenMP_C: -fopenmp (found version "4.5") 
[0.509s] -- Found OpenMP_CXX: -fopenmp (found version "4.5") 
[0.509s] -- Found OpenMP: TRUE (found version "4.5")  
[0.617s] -- Found Boost: /usr/lib/x86_64-linux-gnu/cmake/Boost-1.74.0/BoostConfig.cmake (found version "1.74.0") found components: system filesystem log_setup log 
[0.624s] -- pinocchio_default FOUND. pinocchio_default at /opt/ros/humble/lib/x86_64-linux-gnu/libpinocchio_default.so
[0.624s] -- pinocchio_parsers FOUND. pinocchio_parsers at /opt/ros/humble/lib/x86_64-linux-gnu/libpinocchio_parsers.so
[0.626s] -- boost_filesystem FOUND. boost_filesystem at /lib/x86_64-linux-gnu/libboost_filesystem.so
[0.626s] -- boost_serialization FOUND. boost_serialization at /lib/x86_64-linux-gnu/libboost_serialization.so
[0.626s] -- boost_system FOUND. boost_system at /lib/x86_64-linux-gnu/libboost_system.so
[0.641s] -- eigenpy FOUND. eigenpy at /opt/ros/humble/lib/x86_64-linux-gnu/libeigenpy.so
[0.655s] -- Checking for NumPy
[0.755s] --   NUMPY_INCLUDE_DIRS=/usr/lib/python3/dist-packages/numpy/core/include
[0.803s] --   NUMPY_VERSION=1.21.5
[0.932s] -- Found Python3: /usr/bin/python3 (found version "3.10.13") found components: Interpreter Development.Module NumPy 
[0.932s] -- PythonLibraryDirs: 
[0.932s] -- PythonLibVersionString: 3.10.13
[0.942s] -- Python site lib: lib/python3.10/site-packages
[0.942s] -- Python include dirs: /usr/include/python3.10
[0.963s] -- Checking for NumPy
[1.013s] --   NUMPY_INCLUDE_DIRS=/usr/lib/python3/dist-packages/numpy/core/include
[1.062s] --   NUMPY_VERSION=1.21.5
[1.062s] -- NumPy include dir: /usr/lib/python3/dist-packages/numpy/core/include
[1.064s] [33mCMake Warning at /usr/share/cmake-3.22/Modules/FindBoost.cmake:2201 (message):
[1.065s]   No header defined for python310; skipping header check (note: header-only
[1.065s]   libraries have no designated component)
[1.065s] Call Stack (most recent call first):
[1.065s]   /opt/ros/humble/lib/x86_64-linux-gnu/cmake/eigenpy/boost.cmake:148 (find_package)
[1.065s]   /opt/ros/humble/lib/x86_64-linux-gnu/cmake/eigenpy/eigenpyConfig.cmake:149 (SEARCH_FOR_BOOST_PYTHON)
[1.065s]   /usr/share/cmake-3.22/Modules/CMakeFindDependencyMacro.cmake:47 (find_package)
[1.065s]   /opt/ros/humble/lib/x86_64-linux-gnu/cmake/pinocchio/pinocchioConfig.cmake:161 (find_dependency)
[1.065s]   /home/zxs/ocs2_ros2_legubiao/ws/install/ocs2_pinocchio_interface/share/ocs2_pinocchio_interface/cmake/ament_cmake_export_dependencies-extras.cmake:21 (find_package)
[1.065s]   /home/zxs/ocs2_ros2_legubiao/ws/install/ocs2_pinocchio_interface/share/ocs2_pinocchio_interface/cmake/ocs2_pinocchio_interfaceConfig.cmake:41 (include)
[1.065s]   CMakeLists.txt:26 (find_package)
[1.065s] 
[1.065s] [0m
[1.067s] -- Found Boost: /usr/include (found version "1.74.0") found components: python310 
[1.236s] -- Default C++ standard: 201703
[1.236s] -- Minimal C++ standard upgraded to 11
[1.236s] -- C++ standard sufficient: Minimal required 11, currently defined: 17
[1.238s] -- hpp-fcl FOUND. hpp-fcl at /opt/ros/humble/lib/x86_64-linux-gnu/libhpp-fcl.so
[1.246s] -- C++ standard sufficient: Minimal required 11, currently defined: 17
[1.246s] -- C++ standard sufficient: Minimal required 11, currently defined: 17
[1.248s] -- coal FOUND. coal at /opt/ros/humble/lib/x86_64-linux-gnu/libcoal.so
[1.259s] -- C++ standard sufficient: Minimal required 11, currently defined: 17
[1.291s] -- Configuring done
[1.294s] -- Generating done
[1.295s] -- Build files have been written to: /home/zxs/ocs2_ros2_legubiao/ws/build/ocs2_self_collision
[1.300s] Invoked command in '/home/zxs/ocs2_ros2_legubiao/ws/build/ocs2_self_collision' returned '0': CMAKE_PREFIX_PATH=/home/zxs/ocs2_ros2_legubiao/ws/install/ocs2_pinocchio_interface:/home/zxs/ocs2_ros2_legubiao/ws/install/ocs2_robotic_tools:/home/zxs/ocs2_ros2_legubiao/ws/install/ocs2_oc:/home/zxs/ocs2_ros2_legubiao/ws/install/ocs2_core:/home/zxs/ocs2_ros2_legubiao/ws/install/ocs2_thirdparty:/home/zxs/ocs2_ros2_legubiao/ws/install/ocs2_legged_robot_ros:/home/zxs/ocs2_ros2_legubiao/ws/install/ocs2_legged_robot:/home/zxs/ocs2_ros2_legubiao/ws/install/ocs2_sqp:/home/zxs/ocs2_ros2_legubiao/ws/install/ocs2_ros_interfaces:/home/zxs/ocs2_ros2_legubiao/ws/install/ocs2_centroidal_model:/home/zxs/ocs2_ros2_legubiao/ws/install/ocs2_ipm:/home/zxs/ocs2_ros2_legubiao/ws/install/ocs2_ddp:/home/zxs/ocs2_ros2_legubiao/ws/install/hpipm_colcon:/home/zxs/ocs2_ros2_legubiao/ws/install/ocs2_qp_solver:/home/zxs/ocs2_ros2_legubiao/ws/install/ocs2_mpc:/home/zxs/ocs2_ros2_legubiao/ws/install/ocs2_robotic_assets:/home/zxs/ocs2_ros2_legubiao/ws/install/ocs2_msgs:/home/zxs/ocs2_ros2_legubiao/ws/install/blasfeo_colcon:/opt/ros/humble LD_LIBRARY_PATH=/home/zxs/ocs2_ros2_legubiao/ws/install/ocs2_pinocchio_interface/lib:/home/zxs/ocs2_ros2_legubiao/ws/install/ocs2_legged_robot_ros/lib:/home/zxs/ocs2_ros2_legubiao/ws/install/ocs2_legged_robot/lib:/home/zxs/ocs2_ros2_legubiao/ws/install/ocs2_sqp/lib:/home/zxs/ocs2_ros2_legubiao/ws/install/ocs2_ros_interfaces/lib:/home/zxs/ocs2_ros2_legubiao/ws/install/ocs2_centroidal_model/lib:/home/zxs/ocs2_ros2_legubiao/ws/install/ocs2_robotic_tools/lib:/home/zxs/ocs2_ros2_legubiao/ws/install/ocs2_ipm/lib:/home/zxs/ocs2_ros2_legubiao/ws/install/ocs2_ddp/lib:/home/zxs/ocs2_ros2_legubiao/ws/install/hpipm_colcon/lib:/home/zxs/ocs2_ros2_legubiao/ws/install/ocs2_qp_solver/lib:/home/zxs/ocs2_ros2_legubiao/ws/install/ocs2_mpc/lib:/home/zxs/ocs2_ros2_legubiao/ws/install/ocs2_oc/lib:/home/zxs/ocs2_ros2_legubiao/ws/install/ocs2_core/lib:/home/zxs/ocs2_ros2_legubiao/ws/install/ocs2_msgs/lib:/home/zxs/ocs2_ros2_legubiao/ws/install/blasfeo_colcon/lib:/usr/lib/x86_64-linux-gnu/gazebo-11/plugins:/opt/ros/humble/opt/rviz_ogre_vendor/lib:/opt/ros/humble/lib/x86_64-linux-gnu:/opt/ros/humble/lib /usr/bin/cmake /home/zxs/ocs2_ros2_legubiao/ws/src/ocs2_ros2/robotics/ocs2_pinocchio/ocs2_self_collision -DCMAKE_INSTALL_PREFIX=/home/zxs/ocs2_ros2_legubiao/ws/install/ocs2_self_collision
[1.300s] Invoking command in '/home/zxs/ocs2_ros2_legubiao/ws/build/ocs2_self_collision': CMAKE_PREFIX_PATH=/home/zxs/ocs2_ros2_legubiao/ws/install/ocs2_pinocchio_interface:/home/zxs/ocs2_ros2_legubiao/ws/install/ocs2_robotic_tools:/home/zxs/ocs2_ros2_legubiao/ws/install/ocs2_oc:/home/zxs/ocs2_ros2_legubiao/ws/install/ocs2_core:/home/zxs/ocs2_ros2_legubiao/ws/install/ocs2_thirdparty:/home/zxs/ocs2_ros2_legubiao/ws/install/ocs2_legged_robot_ros:/home/zxs/ocs2_ros2_legubiao/ws/install/ocs2_legged_robot:/home/zxs/ocs2_ros2_legubiao/ws/install/ocs2_sqp:/home/zxs/ocs2_ros2_legubiao/ws/install/ocs2_ros_interfaces:/home/zxs/ocs2_ros2_legubiao/ws/install/ocs2_centroidal_model:/home/zxs/ocs2_ros2_legubiao/ws/install/ocs2_ipm:/home/zxs/ocs2_ros2_legubiao/ws/install/ocs2_ddp:/home/zxs/ocs2_ros2_legubiao/ws/install/hpipm_colcon:/home/zxs/ocs2_ros2_legubiao/ws/install/ocs2_qp_solver:/home/zxs/ocs2_ros2_legubiao/ws/install/ocs2_mpc:/home/zxs/ocs2_ros2_legubiao/ws/install/ocs2_robotic_assets:/home/zxs/ocs2_ros2_legubiao/ws/install/ocs2_msgs:/home/zxs/ocs2_ros2_legubiao/ws/install/blasfeo_colcon:/opt/ros/humble LD_LIBRARY_PATH=/home/zxs/ocs2_ros2_legubiao/ws/install/ocs2_pinocchio_interface/lib:/home/zxs/ocs2_ros2_legubiao/ws/install/ocs2_legged_robot_ros/lib:/home/zxs/ocs2_ros2_legubiao/ws/install/ocs2_legged_robot/lib:/home/zxs/ocs2_ros2_legubiao/ws/install/ocs2_sqp/lib:/home/zxs/ocs2_ros2_legubiao/ws/install/ocs2_ros_interfaces/lib:/home/zxs/ocs2_ros2_legubiao/ws/install/ocs2_centroidal_model/lib:/home/zxs/ocs2_ros2_legubiao/ws/install/ocs2_robotic_tools/lib:/home/zxs/ocs2_ros2_legubiao/ws/install/ocs2_ipm/lib:/home/zxs/ocs2_ros2_legubiao/ws/install/ocs2_ddp/lib:/home/zxs/ocs2_ros2_legubiao/ws/install/hpipm_colcon/lib:/home/zxs/ocs2_ros2_legubiao/ws/install/ocs2_qp_solver/lib:/home/zxs/ocs2_ros2_legubiao/ws/install/ocs2_mpc/lib:/home/zxs/ocs2_ros2_legubiao/ws/install/ocs2_oc/lib:/home/zxs/ocs2_ros2_legubiao/ws/install/ocs2_core/lib:/home/zxs/ocs2_ros2_legubiao/ws/install/ocs2_msgs/lib:/home/zxs/ocs2_ros2_legubiao/ws/install/blasfeo_colcon/lib:/usr/lib/x86_64-linux-gnu/gazebo-11/plugins:/opt/ros/humble/opt/rviz_ogre_vendor/lib:/opt/ros/humble/lib/x86_64-linux-gnu:/opt/ros/humble/lib /usr/bin/cmake --build /home/zxs/ocs2_ros2_legubiao/ws/build/ocs2_self_collision -- -j28 -l28
[1.330s] [ 66%] [32mBuilding CXX object CMakeFiles/ocs2_self_collision.dir/src/SelfCollision.cpp.o[0m
[1.331s] [ 66%] [32mBuilding CXX object CMakeFiles/ocs2_self_collision.dir/src/PinocchioGeometryInterface.cpp.o[0m
[1.331s] [ 66%] [32mBuilding CXX object CMakeFiles/ocs2_self_collision.dir/src/SelfCollisionCppAd.cpp.o[0m
[1.331s] [ 66%] [32mBuilding CXX object CMakeFiles/ocs2_self_collision.dir/src/SelfCollisionConstraint.cpp.o[0m
[1.331s] [ 83%] [32mBuilding CXX object CMakeFiles/ocs2_self_collision.dir/src/SelfCollisionConstraintCppAd.cpp.o[0m
[12.553s] [100%] [32m[1mLinking CXX static library libocs2_self_collision.a[0m
[12.591s] [100%] Built target ocs2_self_collision
[12.599s] Invoked command in '/home/zxs/ocs2_ros2_legubiao/ws/build/ocs2_self_collision' returned '0': CMAKE_PREFIX_PATH=/home/zxs/ocs2_ros2_legubiao/ws/install/ocs2_pinocchio_interface:/home/zxs/ocs2_ros2_legubiao/ws/install/ocs2_robotic_tools:/home/zxs/ocs2_ros2_legubiao/ws/install/ocs2_oc:/home/zxs/ocs2_ros2_legubiao/ws/install/ocs2_core:/home/zxs/ocs2_ros2_legubiao/ws/install/ocs2_thirdparty:/home/zxs/ocs2_ros2_legubiao/ws/install/ocs2_legged_robot_ros:/home/zxs/ocs2_ros2_legubiao/ws/install/ocs2_legged_robot:/home/zxs/ocs2_ros2_legubiao/ws/install/ocs2_sqp:/home/zxs/ocs2_ros2_legubiao/ws/install/ocs2_ros_interfaces:/home/zxs/ocs2_ros2_legubiao/ws/install/ocs2_centroidal_model:/home/zxs/ocs2_ros2_legubiao/ws/install/ocs2_ipm:/home/zxs/ocs2_ros2_legubiao/ws/install/ocs2_ddp:/home/zxs/ocs2_ros2_legubiao/ws/install/hpipm_colcon:/home/zxs/ocs2_ros2_legubiao/ws/install/ocs2_qp_solver:/home/zxs/ocs2_ros2_legubiao/ws/install/ocs2_mpc:/home/zxs/ocs2_ros2_legubiao/ws/install/ocs2_robotic_assets:/home/zxs/ocs2_ros2_legubiao/ws/install/ocs2_msgs:/home/zxs/ocs2_ros2_legubiao/ws/install/blasfeo_colcon:/opt/ros/humble LD_LIBRARY_PATH=/home/zxs/ocs2_ros2_legubiao/ws/install/ocs2_pinocchio_interface/lib:/home/zxs/ocs2_ros2_legubiao/ws/install/ocs2_legged_robot_ros/lib:/home/zxs/ocs2_ros2_legubiao/ws/install/ocs2_legged_robot/lib:/home/zxs/ocs2_ros2_legubiao/ws/install/ocs2_sqp/lib:/home/zxs/ocs2_ros2_legubiao/ws/install/ocs2_ros_interfaces/lib:/home/zxs/ocs2_ros2_legubiao/ws/install/ocs2_centroidal_model/lib:/home/zxs/ocs2_ros2_legubiao/ws/install/ocs2_robotic_tools/lib:/home/zxs/ocs2_ros2_legubiao/ws/install/ocs2_ipm/lib:/home/zxs/ocs2_ros2_legubiao/ws/install/ocs2_ddp/lib:/home/zxs/ocs2_ros2_legubiao/ws/install/hpipm_colcon/lib:/home/zxs/ocs2_ros2_legubiao/ws/install/ocs2_qp_solver/lib:/home/zxs/ocs2_ros2_legubiao/ws/install/ocs2_mpc/lib:/home/zxs/ocs2_ros2_legubiao/ws/install/ocs2_oc/lib:/home/zxs/ocs2_ros2_legubiao/ws/install/ocs2_core/lib:/home/zxs/ocs2_ros2_legubiao/ws/install/ocs2_msgs/lib:/home/zxs/ocs2_ros2_legubiao/ws/install/blasfeo_colcon/lib:/usr/lib/x86_64-linux-gnu/gazebo-11/plugins:/opt/ros/humble/opt/rviz_ogre_vendor/lib:/opt/ros/humble/lib/x86_64-linux-gnu:/opt/ros/humble/lib /usr/bin/cmake --build /home/zxs/ocs2_ros2_legubiao/ws/build/ocs2_self_collision -- -j28 -l28
[12.600s] Invoking command in '/home/zxs/ocs2_ros2_legubiao/ws/build/ocs2_self_collision': CMAKE_PREFIX_PATH=/home/zxs/ocs2_ros2_legubiao/ws/install/ocs2_pinocchio_interface:/home/zxs/ocs2_ros2_legubiao/ws/install/ocs2_robotic_tools:/home/zxs/ocs2_ros2_legubiao/ws/install/ocs2_oc:/home/zxs/ocs2_ros2_legubiao/ws/install/ocs2_core:/home/zxs/ocs2_ros2_legubiao/ws/install/ocs2_thirdparty:/home/zxs/ocs2_ros2_legubiao/ws/install/ocs2_legged_robot_ros:/home/zxs/ocs2_ros2_legubiao/ws/install/ocs2_legged_robot:/home/zxs/ocs2_ros2_legubiao/ws/install/ocs2_sqp:/home/zxs/ocs2_ros2_legubiao/ws/install/ocs2_ros_interfaces:/home/zxs/ocs2_ros2_legubiao/ws/install/ocs2_centroidal_model:/home/zxs/ocs2_ros2_legubiao/ws/install/ocs2_ipm:/home/zxs/ocs2_ros2_legubiao/ws/install/ocs2_ddp:/home/zxs/ocs2_ros2_legubiao/ws/install/hpipm_colcon:/home/zxs/ocs2_ros2_legubiao/ws/install/ocs2_qp_solver:/home/zxs/ocs2_ros2_legubiao/ws/install/ocs2_mpc:/home/zxs/ocs2_ros2_legubiao/ws/install/ocs2_robotic_assets:/home/zxs/ocs2_ros2_legubiao/ws/install/ocs2_msgs:/home/zxs/ocs2_ros2_legubiao/ws/install/blasfeo_colcon:/opt/ros/humble LD_LIBRARY_PATH=/home/zxs/ocs2_ros2_legubiao/ws/install/ocs2_pinocchio_interface/lib:/home/zxs/ocs2_ros2_legubiao/ws/install/ocs2_legged_robot_ros/lib:/home/zxs/ocs2_ros2_legubiao/ws/install/ocs2_legged_robot/lib:/home/zxs/ocs2_ros2_legubiao/ws/install/ocs2_sqp/lib:/home/zxs/ocs2_ros2_legubiao/ws/install/ocs2_ros_interfaces/lib:/home/zxs/ocs2_ros2_legubiao/ws/install/ocs2_centroidal_model/lib:/home/zxs/ocs2_ros2_legubiao/ws/install/ocs2_robotic_tools/lib:/home/zxs/ocs2_ros2_legubiao/ws/install/ocs2_ipm/lib:/home/zxs/ocs2_ros2_legubiao/ws/install/ocs2_ddp/lib:/home/zxs/ocs2_ros2_legubiao/ws/install/hpipm_colcon/lib:/home/zxs/ocs2_ros2_legubiao/ws/install/ocs2_qp_solver/lib:/home/zxs/ocs2_ros2_legubiao/ws/install/ocs2_mpc/lib:/home/zxs/ocs2_ros2_legubiao/ws/install/ocs2_oc/lib:/home/zxs/ocs2_ros2_legubiao/ws/install/ocs2_core/lib:/home/zxs/ocs2_ros2_legubiao/ws/install/ocs2_msgs/lib:/home/zxs/ocs2_ros2_legubiao/ws/install/blasfeo_colcon/lib:/usr/lib/x86_64-linux-gnu/gazebo-11/plugins:/opt/ros/humble/opt/rviz_ogre_vendor/lib:/opt/ros/humble/lib/x86_64-linux-gnu:/opt/ros/humble/lib /usr/bin/cmake --install /home/zxs/ocs2_ros2_legubiao/ws/build/ocs2_self_collision
[12.604s] -- Install configuration: "Release"
[12.604s] -- Installing: /home/zxs/ocs2_ros2_legubiao/ws/install/ocs2_self_collision/include/ocs2_self_collision
[12.604s] -- Installing: /home/zxs/ocs2_ros2_legubiao/ws/install/ocs2_self_collision/include/ocs2_self_collision/ocs2_self_collision
[12.604s] -- Installing: /home/zxs/ocs2_ros2_legubiao/ws/install/ocs2_self_collision/include/ocs2_self_collision/ocs2_self_collision/SelfCollisionConstraintCppAd.h
[12.604s] -- Installing: /home/zxs/ocs2_ros2_legubiao/ws/install/ocs2_self_collision/include/ocs2_self_collision/ocs2_self_collision/SelfCollision.h
[12.604s] -- Installing: /home/zxs/ocs2_ros2_legubiao/ws/install/ocs2_self_collision/include/ocs2_self_collision/ocs2_self_collision/SelfCollisionCppAd.h
[12.604s] -- Installing: /home/zxs/ocs2_ros2_legubiao/ws/install/ocs2_self_collision/include/ocs2_self_collision/ocs2_self_collision/PinocchioGeometryInterface.h
[12.604s] -- Installing: /home/zxs/ocs2_ros2_legubiao/ws/install/ocs2_self_collision/include/ocs2_self_collision/ocs2_self_collision/SelfCollisionConstraint.h
[12.604s] -- Installing: /home/zxs/ocs2_ros2_legubiao/ws/install/ocs2_self_collision/lib/libocs2_self_collision.a
[12.605s] -- Installing: /home/zxs/ocs2_ros2_legubiao/ws/install/ocs2_self_collision/share/ocs2_self_collision/environment/library_path.sh
[12.605s] -- Installing: /home/zxs/ocs2_ros2_legubiao/ws/install/ocs2_self_collision/share/ocs2_self_collision/environment/library_path.dsv
[12.605s] -- Installing: /home/zxs/ocs2_ros2_legubiao/ws/install/ocs2_self_collision/share/ament_index/resource_index/package_run_dependencies/ocs2_self_collision
[12.605s] -- Installing: /home/zxs/ocs2_ros2_legubiao/ws/install/ocs2_self_collision/share/ament_index/resource_index/parent_prefix_path/ocs2_self_collision
[12.605s] -- Installing: /home/zxs/ocs2_ros2_legubiao/ws/install/ocs2_self_collision/share/ocs2_self_collision/environment/ament_prefix_path.sh
[12.605s] -- Installing: /home/zxs/ocs2_ros2_legubiao/ws/install/ocs2_self_collision/share/ocs2_self_collision/environment/ament_prefix_path.dsv
[12.605s] -- Installing: /home/zxs/ocs2_ros2_legubiao/ws/install/ocs2_self_collision/share/ocs2_self_collision/environment/path.sh
[12.605s] -- Installing: /home/zxs/ocs2_ros2_legubiao/ws/install/ocs2_self_collision/share/ocs2_self_collision/environment/path.dsv
[12.605s] -- Installing: /home/zxs/ocs2_ros2_legubiao/ws/install/ocs2_self_collision/share/ocs2_self_collision/local_setup.bash
[12.605s] -- Installing: /home/zxs/ocs2_ros2_legubiao/ws/install/ocs2_self_collision/share/ocs2_self_collision/local_setup.sh
[12.605s] -- Installing: /home/zxs/ocs2_ros2_legubiao/ws/install/ocs2_self_collision/share/ocs2_self_collision/local_setup.zsh
[12.605s] -- Installing: /home/zxs/ocs2_ros2_legubiao/ws/install/ocs2_self_collision/share/ocs2_self_collision/local_setup.dsv
[12.605s] -- Installing: /home/zxs/ocs2_ros2_legubiao/ws/install/ocs2_self_collision/share/ocs2_self_collision/package.dsv
[12.605s] -- Installing: /home/zxs/ocs2_ros2_legubiao/ws/install/ocs2_self_collision/share/ament_index/resource_index/packages/ocs2_self_collision
[12.606s] -- Installing: /home/zxs/ocs2_ros2_legubiao/ws/install/ocs2_self_collision/share/ocs2_self_collision/cmake/export_ocs2_self_collisionExport.cmake
[12.606s] -- Installing: /home/zxs/ocs2_ros2_legubiao/ws/install/ocs2_self_collision/share/ocs2_self_collision/cmake/export_ocs2_self_collisionExport-release.cmake
[12.606s] -- Installing: /home/zxs/ocs2_ros2_legubiao/ws/install/ocs2_self_collision/share/ocs2_self_collision/cmake/ament_cmake_export_targets-extras.cmake
[12.606s] -- Installing: /home/zxs/ocs2_ros2_legubiao/ws/install/ocs2_self_collision/share/ocs2_self_collision/cmake/ament_cmake_export_dependencies-extras.cmake
[12.606s] -- Installing: /home/zxs/ocs2_ros2_legubiao/ws/install/ocs2_self_collision/share/ocs2_self_collision/cmake/ocs2_self_collisionConfig.cmake
[12.606s] -- Installing: /home/zxs/ocs2_ros2_legubiao/ws/install/ocs2_self_collision/share/ocs2_self_collision/cmake/ocs2_self_collisionConfig-version.cmake
[12.606s] -- Installing: /home/zxs/ocs2_ros2_legubiao/ws/install/ocs2_self_collision/share/ocs2_self_collision/package.xml
[12.607s] Invoked command in '/home/zxs/ocs2_ros2_legubiao/ws/build/ocs2_self_collision' returned '0': CMAKE_PREFIX_PATH=/home/zxs/ocs2_ros2_legubiao/ws/install/ocs2_pinocchio_interface:/home/zxs/ocs2_ros2_legubiao/ws/install/ocs2_robotic_tools:/home/zxs/ocs2_ros2_legubiao/ws/install/ocs2_oc:/home/zxs/ocs2_ros2_legubiao/ws/install/ocs2_core:/home/zxs/ocs2_ros2_legubiao/ws/install/ocs2_thirdparty:/home/zxs/ocs2_ros2_legubiao/ws/install/ocs2_legged_robot_ros:/home/zxs/ocs2_ros2_legubiao/ws/install/ocs2_legged_robot:/home/zxs/ocs2_ros2_legubiao/ws/install/ocs2_sqp:/home/zxs/ocs2_ros2_legubiao/ws/install/ocs2_ros_interfaces:/home/zxs/ocs2_ros2_legubiao/ws/install/ocs2_centroidal_model:/home/zxs/ocs2_ros2_legubiao/ws/install/ocs2_ipm:/home/zxs/ocs2_ros2_legubiao/ws/install/ocs2_ddp:/home/zxs/ocs2_ros2_legubiao/ws/install/hpipm_colcon:/home/zxs/ocs2_ros2_legubiao/ws/install/ocs2_qp_solver:/home/zxs/ocs2_ros2_legubiao/ws/install/ocs2_mpc:/home/zxs/ocs2_ros2_legubiao/ws/install/ocs2_robotic_assets:/home/zxs/ocs2_ros2_legubiao/ws/install/ocs2_msgs:/home/zxs/ocs2_ros2_legubiao/ws/install/blasfeo_colcon:/opt/ros/humble LD_LIBRARY_PATH=/home/zxs/ocs2_ros2_legubiao/ws/install/ocs2_pinocchio_interface/lib:/home/zxs/ocs2_ros2_legubiao/ws/install/ocs2_legged_robot_ros/lib:/home/zxs/ocs2_ros2_legubiao/ws/install/ocs2_legged_robot/lib:/home/zxs/ocs2_ros2_legubiao/ws/install/ocs2_sqp/lib:/home/zxs/ocs2_ros2_legubiao/ws/install/ocs2_ros_interfaces/lib:/home/zxs/ocs2_ros2_legubiao/ws/install/ocs2_centroidal_model/lib:/home/zxs/ocs2_ros2_legubiao/ws/install/ocs2_robotic_tools/lib:/home/zxs/ocs2_ros2_legubiao/ws/install/ocs2_ipm/lib:/home/zxs/ocs2_ros2_legubiao/ws/install/ocs2_ddp/lib:/home/zxs/ocs2_ros2_legubiao/ws/install/hpipm_colcon/lib:/home/zxs/ocs2_ros2_legubiao/ws/install/ocs2_qp_solver/lib:/home/zxs/ocs2_ros2_legubiao/ws/install/ocs2_mpc/lib:/home/zxs/ocs2_ros2_legubiao/ws/install/ocs2_oc/lib:/home/zxs/ocs2_ros2_legubiao/ws/install/ocs2_core/lib:/home/zxs/ocs2_ros2_legubiao/ws/install/ocs2_msgs/lib:/home/zxs/ocs2_ros2_legubiao/ws/install/blasfeo_colcon/lib:/usr/lib/x86_64-linux-gnu/gazebo-11/plugins:/opt/ros/humble/opt/rviz_ogre_vendor/lib:/opt/ros/humble/lib/x86_64-linux-gnu:/opt/ros/humble/lib /usr/bin/cmake --install /home/zxs/ocs2_ros2_legubiao/ws/build/ocs2_self_collision
