[0.021s] Invoking command in '/home/zxs/ocs2_ros2_legubiao/ws/build/humanoid_interface': AMENT_PREFIX_PATH=/home/zxs/ocs2_ros2_legubiao/ws/install/ocs2_self_collision:${AMENT_PREFIX_PATH} CMAKE_PREFIX_PATH=/home/zxs/ocs2_ros2_legubiao/ws/install/ocs2_sqp:/home/zxs/ocs2_ros2_legubiao/ws/install/ocs2_self_collision:/home/zxs/ocs2_ros2_legubiao/ws/install/ocs2_ipm:/home/zxs/ocs2_ros2_legubiao/ws/install/ocs2_centroidal_model:/home/zxs/ocs2_ros2_legubiao/ws/install/ocs2_pinocchio_interface:/home/zxs/ocs2_ros2_legubiao/ws/install/ocs2_ddp:/home/zxs/ocs2_ros2_legubiao/ws/install/hpipm_colcon:/home/zxs/ocs2_ros2_legubiao/ws/install/ocs2_robotic_tools:/home/zxs/ocs2_ros2_legubiao/ws/install/ocs2_qp_solver:/home/zxs/ocs2_ros2_legubiao/ws/install/ocs2_mpc:/home/zxs/ocs2_ros2_legubiao/ws/install/ocs2_oc:/home/zxs/ocs2_ros2_legubiao/ws/install/ocs2_core:/home/zxs/ocs2_ros2_legubiao/ws/install/ocs2_thirdparty:/home/zxs/ocs2_ros2_legubiao/ws/install/ocs2_robotic_assets:/home/zxs/ocs2_ros2_legubiao/ws/install/blasfeo_colcon:/home/zxs/ocs2_ros2_legubiao/ws/install/ocs2_legged_robot_ros:/home/zxs/ocs2_ros2_legubiao/ws/install/ocs2_legged_robot:/home/zxs/ocs2_ros2_legubiao/ws/install/ocs2_ros_interfaces:/home/zxs/ocs2_ros2_legubiao/ws/install/ocs2_msgs:/opt/ros/humble LD_LIBRARY_PATH=/home/zxs/ocs2_ros2_legubiao/ws/install/ocs2_self_collision/lib:/home/zxs/ocs2_ros2_legubiao/ws/install/ocs2_pinocchio_interface/lib:/home/zxs/ocs2_ros2_legubiao/ws/install/hpipm_colcon/lib:/home/zxs/ocs2_ros2_legubiao/ws/install/blasfeo_colcon/lib:/home/zxs/ocs2_ros2_legubiao/ws/install/ocs2_legged_robot_ros/lib:/home/zxs/ocs2_ros2_legubiao/ws/install/ocs2_legged_robot/lib:/home/zxs/ocs2_ros2_legubiao/ws/install/ocs2_sqp/lib:/home/zxs/ocs2_ros2_legubiao/ws/install/ocs2_ros_interfaces/lib:/home/zxs/ocs2_ros2_legubiao/ws/install/ocs2_centroidal_model/lib:/home/zxs/ocs2_ros2_legubiao/ws/install/ocs2_robotic_tools/lib:/home/zxs/ocs2_ros2_legubiao/ws/install/ocs2_ipm/lib:/home/zxs/ocs2_ros2_legubiao/ws/install/ocs2_ddp/lib:/home/zxs/ocs2_ros2_legubiao/ws/install/ocs2_qp_solver/lib:/home/zxs/ocs2_ros2_legubiao/ws/install/ocs2_mpc/lib:/home/zxs/ocs2_ros2_legubiao/ws/install/ocs2_oc/lib:/home/zxs/ocs2_ros2_legubiao/ws/install/ocs2_core/lib:/home/zxs/ocs2_ros2_legubiao/ws/install/ocs2_msgs/lib:/usr/lib/x86_64-linux-gnu/gazebo-11/plugins:/opt/ros/humble/opt/rviz_ogre_vendor/lib:/opt/ros/humble/lib/x86_64-linux-gnu:/opt/ros/humble/lib /usr/bin/cmake --build /home/zxs/ocs2_ros2_legubiao/ws/build/humanoid_interface -- -j28 -l28
[0.044s] [35m[1mConsolidate compiler generated dependencies of target gtest[0m
[0.044s] [35m[1mConsolidate compiler generated dependencies of target gtest_main[0m
[0.053s] [  6%] Built target gtest_main
[0.053s] [ 13%] Built target gtest
[0.054s] [35m[1mConsolidate compiler generated dependencies of target humanoid_interface[0m
[0.103s] [ 82%] Built target humanoid_interface
[0.113s] [35m[1mConsolidate compiler generated dependencies of target humanoid_interface_test[0m
[0.140s] [100%] Built target humanoid_interface_test
[0.145s] Invoked command in '/home/zxs/ocs2_ros2_legubiao/ws/build/humanoid_interface' returned '0': AMENT_PREFIX_PATH=/home/zxs/ocs2_ros2_legubiao/ws/install/ocs2_self_collision:${AMENT_PREFIX_PATH} CMAKE_PREFIX_PATH=/home/zxs/ocs2_ros2_legubiao/ws/install/ocs2_sqp:/home/zxs/ocs2_ros2_legubiao/ws/install/ocs2_self_collision:/home/zxs/ocs2_ros2_legubiao/ws/install/ocs2_ipm:/home/zxs/ocs2_ros2_legubiao/ws/install/ocs2_centroidal_model:/home/zxs/ocs2_ros2_legubiao/ws/install/ocs2_pinocchio_interface:/home/zxs/ocs2_ros2_legubiao/ws/install/ocs2_ddp:/home/zxs/ocs2_ros2_legubiao/ws/install/hpipm_colcon:/home/zxs/ocs2_ros2_legubiao/ws/install/ocs2_robotic_tools:/home/zxs/ocs2_ros2_legubiao/ws/install/ocs2_qp_solver:/home/zxs/ocs2_ros2_legubiao/ws/install/ocs2_mpc:/home/zxs/ocs2_ros2_legubiao/ws/install/ocs2_oc:/home/zxs/ocs2_ros2_legubiao/ws/install/ocs2_core:/home/zxs/ocs2_ros2_legubiao/ws/install/ocs2_thirdparty:/home/zxs/ocs2_ros2_legubiao/ws/install/ocs2_robotic_assets:/home/zxs/ocs2_ros2_legubiao/ws/install/blasfeo_colcon:/home/zxs/ocs2_ros2_legubiao/ws/install/ocs2_legged_robot_ros:/home/zxs/ocs2_ros2_legubiao/ws/install/ocs2_legged_robot:/home/zxs/ocs2_ros2_legubiao/ws/install/ocs2_ros_interfaces:/home/zxs/ocs2_ros2_legubiao/ws/install/ocs2_msgs:/opt/ros/humble LD_LIBRARY_PATH=/home/zxs/ocs2_ros2_legubiao/ws/install/ocs2_self_collision/lib:/home/zxs/ocs2_ros2_legubiao/ws/install/ocs2_pinocchio_interface/lib:/home/zxs/ocs2_ros2_legubiao/ws/install/hpipm_colcon/lib:/home/zxs/ocs2_ros2_legubiao/ws/install/blasfeo_colcon/lib:/home/zxs/ocs2_ros2_legubiao/ws/install/ocs2_legged_robot_ros/lib:/home/zxs/ocs2_ros2_legubiao/ws/install/ocs2_legged_robot/lib:/home/zxs/ocs2_ros2_legubiao/ws/install/ocs2_sqp/lib:/home/zxs/ocs2_ros2_legubiao/ws/install/ocs2_ros_interfaces/lib:/home/zxs/ocs2_ros2_legubiao/ws/install/ocs2_centroidal_model/lib:/home/zxs/ocs2_ros2_legubiao/ws/install/ocs2_robotic_tools/lib:/home/zxs/ocs2_ros2_legubiao/ws/install/ocs2_ipm/lib:/home/zxs/ocs2_ros2_legubiao/ws/install/ocs2_ddp/lib:/home/zxs/ocs2_ros2_legubiao/ws/install/ocs2_qp_solver/lib:/home/zxs/ocs2_ros2_legubiao/ws/install/ocs2_mpc/lib:/home/zxs/ocs2_ros2_legubiao/ws/install/ocs2_oc/lib:/home/zxs/ocs2_ros2_legubiao/ws/install/ocs2_core/lib:/home/zxs/ocs2_ros2_legubiao/ws/install/ocs2_msgs/lib:/usr/lib/x86_64-linux-gnu/gazebo-11/plugins:/opt/ros/humble/opt/rviz_ogre_vendor/lib:/opt/ros/humble/lib/x86_64-linux-gnu:/opt/ros/humble/lib /usr/bin/cmake --build /home/zxs/ocs2_ros2_legubiao/ws/build/humanoid_interface -- -j28 -l28
[0.146s] Invoking command in '/home/zxs/ocs2_ros2_legubiao/ws/build/humanoid_interface': AMENT_PREFIX_PATH=/home/zxs/ocs2_ros2_legubiao/ws/install/ocs2_self_collision:${AMENT_PREFIX_PATH} CMAKE_PREFIX_PATH=/home/zxs/ocs2_ros2_legubiao/ws/install/ocs2_sqp:/home/zxs/ocs2_ros2_legubiao/ws/install/ocs2_self_collision:/home/zxs/ocs2_ros2_legubiao/ws/install/ocs2_ipm:/home/zxs/ocs2_ros2_legubiao/ws/install/ocs2_centroidal_model:/home/zxs/ocs2_ros2_legubiao/ws/install/ocs2_pinocchio_interface:/home/zxs/ocs2_ros2_legubiao/ws/install/ocs2_ddp:/home/zxs/ocs2_ros2_legubiao/ws/install/hpipm_colcon:/home/zxs/ocs2_ros2_legubiao/ws/install/ocs2_robotic_tools:/home/zxs/ocs2_ros2_legubiao/ws/install/ocs2_qp_solver:/home/zxs/ocs2_ros2_legubiao/ws/install/ocs2_mpc:/home/zxs/ocs2_ros2_legubiao/ws/install/ocs2_oc:/home/zxs/ocs2_ros2_legubiao/ws/install/ocs2_core:/home/zxs/ocs2_ros2_legubiao/ws/install/ocs2_thirdparty:/home/zxs/ocs2_ros2_legubiao/ws/install/ocs2_robotic_assets:/home/zxs/ocs2_ros2_legubiao/ws/install/blasfeo_colcon:/home/zxs/ocs2_ros2_legubiao/ws/install/ocs2_legged_robot_ros:/home/zxs/ocs2_ros2_legubiao/ws/install/ocs2_legged_robot:/home/zxs/ocs2_ros2_legubiao/ws/install/ocs2_ros_interfaces:/home/zxs/ocs2_ros2_legubiao/ws/install/ocs2_msgs:/opt/ros/humble LD_LIBRARY_PATH=/home/zxs/ocs2_ros2_legubiao/ws/install/ocs2_self_collision/lib:/home/zxs/ocs2_ros2_legubiao/ws/install/ocs2_pinocchio_interface/lib:/home/zxs/ocs2_ros2_legubiao/ws/install/hpipm_colcon/lib:/home/zxs/ocs2_ros2_legubiao/ws/install/blasfeo_colcon/lib:/home/zxs/ocs2_ros2_legubiao/ws/install/ocs2_legged_robot_ros/lib:/home/zxs/ocs2_ros2_legubiao/ws/install/ocs2_legged_robot/lib:/home/zxs/ocs2_ros2_legubiao/ws/install/ocs2_sqp/lib:/home/zxs/ocs2_ros2_legubiao/ws/install/ocs2_ros_interfaces/lib:/home/zxs/ocs2_ros2_legubiao/ws/install/ocs2_centroidal_model/lib:/home/zxs/ocs2_ros2_legubiao/ws/install/ocs2_robotic_tools/lib:/home/zxs/ocs2_ros2_legubiao/ws/install/ocs2_ipm/lib:/home/zxs/ocs2_ros2_legubiao/ws/install/ocs2_ddp/lib:/home/zxs/ocs2_ros2_legubiao/ws/install/ocs2_qp_solver/lib:/home/zxs/ocs2_ros2_legubiao/ws/install/ocs2_mpc/lib:/home/zxs/ocs2_ros2_legubiao/ws/install/ocs2_oc/lib:/home/zxs/ocs2_ros2_legubiao/ws/install/ocs2_core/lib:/home/zxs/ocs2_ros2_legubiao/ws/install/ocs2_msgs/lib:/usr/lib/x86_64-linux-gnu/gazebo-11/plugins:/opt/ros/humble/opt/rviz_ogre_vendor/lib:/opt/ros/humble/lib/x86_64-linux-gnu:/opt/ros/humble/lib /usr/bin/cmake --install /home/zxs/ocs2_ros2_legubiao/ws/build/humanoid_interface
[0.152s] -- Install configuration: "Release"
[0.152s] -- Up-to-date: /home/zxs/ocs2_ros2_legubiao/ws/install/humanoid_interface/include/humanoid_interface
[0.152s] -- Up-to-date: /home/zxs/ocs2_ros2_legubiao/ws/install/humanoid_interface/include/humanoid_interface/humanoid_interface
[0.152s] -- Up-to-date: /home/zxs/ocs2_ros2_legubiao/ws/install/humanoid_interface/include/humanoid_interface/humanoid_interface/foot_planner
[0.152s] -- Up-to-date: /home/zxs/ocs2_ros2_legubiao/ws/install/humanoid_interface/include/humanoid_interface/humanoid_interface/foot_planner/SwingTrajectoryPlanner.h
[0.152s] -- Up-to-date: /home/zxs/ocs2_ros2_legubiao/ws/install/humanoid_interface/include/humanoid_interface/humanoid_interface/foot_planner/SplineCpg.h
[0.152s] -- Up-to-date: /home/zxs/ocs2_ros2_legubiao/ws/install/humanoid_interface/include/humanoid_interface/humanoid_interface/foot_planner/CubicSpline.h
[0.152s] -- Up-to-date: /home/zxs/ocs2_ros2_legubiao/ws/install/humanoid_interface/include/humanoid_interface/humanoid_interface/gait
[0.152s] -- Up-to-date: /home/zxs/ocs2_ros2_legubiao/ws/install/humanoid_interface/include/humanoid_interface/humanoid_interface/gait/LegLogic.h
[0.152s] -- Up-to-date: /home/zxs/ocs2_ros2_legubiao/ws/install/humanoid_interface/include/humanoid_interface/humanoid_interface/gait/Gait.h
[0.152s] -- Up-to-date: /home/zxs/ocs2_ros2_legubiao/ws/install/humanoid_interface/include/humanoid_interface/humanoid_interface/gait/MotionPhaseDefinition.h
[0.152s] -- Up-to-date: /home/zxs/ocs2_ros2_legubiao/ws/install/humanoid_interface/include/humanoid_interface/humanoid_interface/gait/GaitSchedule.h
[0.152s] -- Up-to-date: /home/zxs/ocs2_ros2_legubiao/ws/install/humanoid_interface/include/humanoid_interface/humanoid_interface/gait/ModeSequenceTemplate.h
[0.152s] -- Up-to-date: /home/zxs/ocs2_ros2_legubiao/ws/install/humanoid_interface/include/humanoid_interface/humanoid_interface/common
[0.152s] -- Up-to-date: /home/zxs/ocs2_ros2_legubiao/ws/install/humanoid_interface/include/humanoid_interface/humanoid_interface/common/ModelSettings.h
[0.152s] -- Up-to-date: /home/zxs/ocs2_ros2_legubiao/ws/install/humanoid_interface/include/humanoid_interface/humanoid_interface/common/Types.h
[0.152s] -- Up-to-date: /home/zxs/ocs2_ros2_legubiao/ws/install/humanoid_interface/include/humanoid_interface/humanoid_interface/common/utils.h
[0.152s] -- Up-to-date: /home/zxs/ocs2_ros2_legubiao/ws/install/humanoid_interface/include/humanoid_interface/humanoid_interface/package_path.h.in
[0.152s] -- Up-to-date: /home/zxs/ocs2_ros2_legubiao/ws/install/humanoid_interface/include/humanoid_interface/humanoid_interface/cost
[0.152s] -- Up-to-date: /home/zxs/ocs2_ros2_legubiao/ws/install/humanoid_interface/include/humanoid_interface/humanoid_interface/cost/HumanoidQuadraticTrackingCost.h
[0.152s] -- Up-to-date: /home/zxs/ocs2_ros2_legubiao/ws/install/humanoid_interface/include/humanoid_interface/humanoid_interface/HumanoidInterface.h
[0.152s] -- Up-to-date: /home/zxs/ocs2_ros2_legubiao/ws/install/humanoid_interface/include/humanoid_interface/humanoid_interface/constraint
[0.152s] -- Up-to-date: /home/zxs/ocs2_ros2_legubiao/ws/install/humanoid_interface/include/humanoid_interface/humanoid_interface/constraint/ZeroVelocityConstraintCppAd.h
[0.152s] -- Up-to-date: /home/zxs/ocs2_ros2_legubiao/ws/install/humanoid_interface/include/humanoid_interface/humanoid_interface/constraint/ZeroForceConstraint.h
[0.152s] -- Up-to-date: /home/zxs/ocs2_ros2_legubiao/ws/install/humanoid_interface/include/humanoid_interface/humanoid_interface/constraint/FootRollConstraint.h
[0.152s] -- Up-to-date: /home/zxs/ocs2_ros2_legubiao/ws/install/humanoid_interface/include/humanoid_interface/humanoid_interface/constraint/FrictionConeConstraint.h
[0.153s] -- Up-to-date: /home/zxs/ocs2_ros2_legubiao/ws/install/humanoid_interface/include/humanoid_interface/humanoid_interface/constraint/NormalVelocityConstraintCppAd.h
[0.153s] -- Up-to-date: /home/zxs/ocs2_ros2_legubiao/ws/install/humanoid_interface/include/humanoid_interface/humanoid_interface/constraint/LeggedSelfCollisionConstraint.h
[0.153s] -- Up-to-date: /home/zxs/ocs2_ros2_legubiao/ws/install/humanoid_interface/include/humanoid_interface/humanoid_interface/constraint/EndEffectorLinearConstraint.h
[0.153s] -- Up-to-date: /home/zxs/ocs2_ros2_legubiao/ws/install/humanoid_interface/include/humanoid_interface/humanoid_interface/initialization
[0.153s] -- Up-to-date: /home/zxs/ocs2_ros2_legubiao/ws/install/humanoid_interface/include/humanoid_interface/humanoid_interface/initialization/HumanoidInitializer.h
[0.153s] -- Up-to-date: /home/zxs/ocs2_ros2_legubiao/ws/install/humanoid_interface/include/humanoid_interface/humanoid_interface/dynamics
[0.153s] -- Up-to-date: /home/zxs/ocs2_ros2_legubiao/ws/install/humanoid_interface/include/humanoid_interface/humanoid_interface/dynamics/HumanoidDynamicsAD.h
[0.153s] -- Up-to-date: /home/zxs/ocs2_ros2_legubiao/ws/install/humanoid_interface/include/humanoid_interface/humanoid_interface/reference_manager
[0.153s] -- Up-to-date: /home/zxs/ocs2_ros2_legubiao/ws/install/humanoid_interface/include/humanoid_interface/humanoid_interface/reference_manager/SwitchedModelReferenceManager.h
[0.153s] -- Up-to-date: /home/zxs/ocs2_ros2_legubiao/ws/install/humanoid_interface/include/humanoid_interface/humanoid_interface/HumanoidPreComputation.h
[0.153s] -- Up-to-date: /home/zxs/ocs2_ros2_legubiao/ws/install/humanoid_interface/lib/libhumanoid_interface.a
[0.153s] -- Up-to-date: /home/zxs/ocs2_ros2_legubiao/ws/install/humanoid_interface/share/humanoid_interface//config
[0.153s] -- Up-to-date: /home/zxs/ocs2_ros2_legubiao/ws/install/humanoid_interface/share/humanoid_interface//config/multiplot
[0.153s] -- Up-to-date: /home/zxs/ocs2_ros2_legubiao/ws/install/humanoid_interface/share/humanoid_interface//config/multiplot/friction_cone.xml
[0.153s] -- Up-to-date: /home/zxs/ocs2_ros2_legubiao/ws/install/humanoid_interface/share/humanoid_interface//config/multiplot/zero_velocity.xml
[0.153s] -- Up-to-date: /home/zxs/ocs2_ros2_legubiao/ws/install/humanoid_interface/share/humanoid_interface//config/command
[0.153s] -- Up-to-date: /home/zxs/ocs2_ros2_legubiao/ws/install/humanoid_interface/share/humanoid_interface//config/command/gait_.info
[0.153s] -- Up-to-date: /home/zxs/ocs2_ros2_legubiao/ws/install/humanoid_interface/share/humanoid_interface//config/command/gait.info
[0.153s] -- Up-to-date: /home/zxs/ocs2_ros2_legubiao/ws/install/humanoid_interface/share/humanoid_interface//config/command/reference.info
[0.153s] -- Up-to-date: /home/zxs/ocs2_ros2_legubiao/ws/install/humanoid_interface/share/humanoid_interface//config/command/reference_.info
[0.153s] -- Up-to-date: /home/zxs/ocs2_ros2_legubiao/ws/install/humanoid_interface/share/humanoid_interface//config/mpc
[0.153s] -- Up-to-date: /home/zxs/ocs2_ros2_legubiao/ws/install/humanoid_interface/share/humanoid_interface//config/mpc/task.info
[0.153s] -- Up-to-date: /home/zxs/ocs2_ros2_legubiao/ws/install/humanoid_interface/share/humanoid_interface//config/mpc/task_.info
[0.153s] -- Up-to-date: /home/zxs/ocs2_ros2_legubiao/ws/install/humanoid_interface/share/humanoid_interface/environment/library_path.sh
[0.153s] -- Up-to-date: /home/zxs/ocs2_ros2_legubiao/ws/install/humanoid_interface/share/humanoid_interface/environment/library_path.dsv
[0.153s] -- Up-to-date: /home/zxs/ocs2_ros2_legubiao/ws/install/humanoid_interface/share/ament_index/resource_index/package_run_dependencies/humanoid_interface
[0.153s] -- Up-to-date: /home/zxs/ocs2_ros2_legubiao/ws/install/humanoid_interface/share/ament_index/resource_index/parent_prefix_path/humanoid_interface
[0.153s] -- Up-to-date: /home/zxs/ocs2_ros2_legubiao/ws/install/humanoid_interface/share/humanoid_interface/environment/ament_prefix_path.sh
[0.153s] -- Up-to-date: /home/zxs/ocs2_ros2_legubiao/ws/install/humanoid_interface/share/humanoid_interface/environment/ament_prefix_path.dsv
[0.153s] -- Up-to-date: /home/zxs/ocs2_ros2_legubiao/ws/install/humanoid_interface/share/humanoid_interface/environment/path.sh
[0.153s] -- Up-to-date: /home/zxs/ocs2_ros2_legubiao/ws/install/humanoid_interface/share/humanoid_interface/environment/path.dsv
[0.153s] -- Up-to-date: /home/zxs/ocs2_ros2_legubiao/ws/install/humanoid_interface/share/humanoid_interface/local_setup.bash
[0.153s] -- Up-to-date: /home/zxs/ocs2_ros2_legubiao/ws/install/humanoid_interface/share/humanoid_interface/local_setup.sh
[0.153s] -- Up-to-date: /home/zxs/ocs2_ros2_legubiao/ws/install/humanoid_interface/share/humanoid_interface/local_setup.zsh
[0.153s] -- Up-to-date: /home/zxs/ocs2_ros2_legubiao/ws/install/humanoid_interface/share/humanoid_interface/local_setup.dsv
[0.153s] -- Installing: /home/zxs/ocs2_ros2_legubiao/ws/install/humanoid_interface/share/humanoid_interface/package.dsv
[0.153s] -- Up-to-date: /home/zxs/ocs2_ros2_legubiao/ws/install/humanoid_interface/share/ament_index/resource_index/packages/humanoid_interface
[0.153s] -- Up-to-date: /home/zxs/ocs2_ros2_legubiao/ws/install/humanoid_interface/share/humanoid_interface/cmake/export_humanoid_interfaceExport.cmake
[0.153s] -- Up-to-date: /home/zxs/ocs2_ros2_legubiao/ws/install/humanoid_interface/share/humanoid_interface/cmake/export_humanoid_interfaceExport-release.cmake
[0.153s] -- Up-to-date: /home/zxs/ocs2_ros2_legubiao/ws/install/humanoid_interface/share/humanoid_interface/cmake/ament_cmake_export_dependencies-extras.cmake
[0.153s] -- Up-to-date: /home/zxs/ocs2_ros2_legubiao/ws/install/humanoid_interface/share/humanoid_interface/cmake/ament_cmake_export_targets-extras.cmake
[0.153s] -- Up-to-date: /home/zxs/ocs2_ros2_legubiao/ws/install/humanoid_interface/share/humanoid_interface/cmake/humanoid_interfaceConfig.cmake
[0.153s] -- Up-to-date: /home/zxs/ocs2_ros2_legubiao/ws/install/humanoid_interface/share/humanoid_interface/cmake/humanoid_interfaceConfig-version.cmake
[0.153s] -- Up-to-date: /home/zxs/ocs2_ros2_legubiao/ws/install/humanoid_interface/share/humanoid_interface/package.xml
[0.154s] Invoked command in '/home/zxs/ocs2_ros2_legubiao/ws/build/humanoid_interface' returned '0': AMENT_PREFIX_PATH=/home/zxs/ocs2_ros2_legubiao/ws/install/ocs2_self_collision:${AMENT_PREFIX_PATH} CMAKE_PREFIX_PATH=/home/zxs/ocs2_ros2_legubiao/ws/install/ocs2_sqp:/home/zxs/ocs2_ros2_legubiao/ws/install/ocs2_self_collision:/home/zxs/ocs2_ros2_legubiao/ws/install/ocs2_ipm:/home/zxs/ocs2_ros2_legubiao/ws/install/ocs2_centroidal_model:/home/zxs/ocs2_ros2_legubiao/ws/install/ocs2_pinocchio_interface:/home/zxs/ocs2_ros2_legubiao/ws/install/ocs2_ddp:/home/zxs/ocs2_ros2_legubiao/ws/install/hpipm_colcon:/home/zxs/ocs2_ros2_legubiao/ws/install/ocs2_robotic_tools:/home/zxs/ocs2_ros2_legubiao/ws/install/ocs2_qp_solver:/home/zxs/ocs2_ros2_legubiao/ws/install/ocs2_mpc:/home/zxs/ocs2_ros2_legubiao/ws/install/ocs2_oc:/home/zxs/ocs2_ros2_legubiao/ws/install/ocs2_core:/home/zxs/ocs2_ros2_legubiao/ws/install/ocs2_thirdparty:/home/zxs/ocs2_ros2_legubiao/ws/install/ocs2_robotic_assets:/home/zxs/ocs2_ros2_legubiao/ws/install/blasfeo_colcon:/home/zxs/ocs2_ros2_legubiao/ws/install/ocs2_legged_robot_ros:/home/zxs/ocs2_ros2_legubiao/ws/install/ocs2_legged_robot:/home/zxs/ocs2_ros2_legubiao/ws/install/ocs2_ros_interfaces:/home/zxs/ocs2_ros2_legubiao/ws/install/ocs2_msgs:/opt/ros/humble LD_LIBRARY_PATH=/home/zxs/ocs2_ros2_legubiao/ws/install/ocs2_self_collision/lib:/home/zxs/ocs2_ros2_legubiao/ws/install/ocs2_pinocchio_interface/lib:/home/zxs/ocs2_ros2_legubiao/ws/install/hpipm_colcon/lib:/home/zxs/ocs2_ros2_legubiao/ws/install/blasfeo_colcon/lib:/home/zxs/ocs2_ros2_legubiao/ws/install/ocs2_legged_robot_ros/lib:/home/zxs/ocs2_ros2_legubiao/ws/install/ocs2_legged_robot/lib:/home/zxs/ocs2_ros2_legubiao/ws/install/ocs2_sqp/lib:/home/zxs/ocs2_ros2_legubiao/ws/install/ocs2_ros_interfaces/lib:/home/zxs/ocs2_ros2_legubiao/ws/install/ocs2_centroidal_model/lib:/home/zxs/ocs2_ros2_legubiao/ws/install/ocs2_robotic_tools/lib:/home/zxs/ocs2_ros2_legubiao/ws/install/ocs2_ipm/lib:/home/zxs/ocs2_ros2_legubiao/ws/install/ocs2_ddp/lib:/home/zxs/ocs2_ros2_legubiao/ws/install/ocs2_qp_solver/lib:/home/zxs/ocs2_ros2_legubiao/ws/install/ocs2_mpc/lib:/home/zxs/ocs2_ros2_legubiao/ws/install/ocs2_oc/lib:/home/zxs/ocs2_ros2_legubiao/ws/install/ocs2_core/lib:/home/zxs/ocs2_ros2_legubiao/ws/install/ocs2_msgs/lib:/usr/lib/x86_64-linux-gnu/gazebo-11/plugins:/opt/ros/humble/opt/rviz_ogre_vendor/lib:/opt/ros/humble/lib/x86_64-linux-gnu:/opt/ros/humble/lib /usr/bin/cmake --install /home/zxs/ocs2_ros2_legubiao/ws/build/humanoid_interface
