-- The C compiler identification is GNU 12.3.0
-- The CXX compiler identification is GNU 12.3.0
-- Detecting C compiler ABI info
-- Detecting C compiler ABI info - done
-- Check for working C compiler: /usr/bin/cc - skipped
-- Detecting C compile features
-- Detecting C compile features - done
-- Detecting CXX compiler ABI info
-- Detecting CXX compiler ABI info - done
-- Check for working CXX compiler: /usr/bin/c++ - skipped
-- Detecting CXX compile features
-- Detecting CXX compile features - done
-- Found ament_cmake: 1.3.11 (/opt/ros/humble/share/ament_cmake/cmake)
-- Found Python3: /usr/bin/python3 (found version "3.10.13") found components: Interpreter 
-- Override CMake install command with custom implementation using symlinks instead of copying resources
[0mCMake Deprecation Warning at /home/zxs/ocs2_ros2_legubiao/ws/build/blasfeo_colcon/download/CMakeLists.txt:36 (cmake_minimum_required):
  Compatibility with CMake < 2.8.12 will be removed from a future version of
  CMake.

  Update the VERSION argument <min> value or use a ...<max> suffix to tell
  CMake that the project does not need compatibility with older versions.

[0m
-- The ASM compiler identification is GNU
-- Found assembler: /usr/bin/cc
-- Using linear algebra: HIGH_PERFORMANCE
-- Using matrix format: PANELMAJ
-- Using external BLAS: 0
-- Testing target X64_INTEL_HASWELL: assembly compilation [success]
-- Testing target X64_INTEL_HASWELL: assembly run [success]
-- Testing target X64_INTEL_HASWELL: intrinsic compilation [success]
-- Testing target X64_INTEL_HASWELL: intrinsic run [success]
-- Detected target X64_INTEL_HASWELL
-- FOUND HEADER: /home/zxs/ocs2_ros2_legubiao/ws/build/blasfeo_colcon/download/include/blasfeo.h
-- FOUND HEADER: /home/zxs/ocs2_ros2_legubiao/ws/build/blasfeo_colcon/download/include/blasfeo_block_size.h
-- FOUND HEADER: /home/zxs/ocs2_ros2_legubiao/ws/build/blasfeo_colcon/download/include/blasfeo_common.h
-- FOUND HEADER: /home/zxs/ocs2_ros2_legubiao/ws/build/blasfeo_colcon/download/include/blasfeo_d_aux.h
-- FOUND HEADER: /home/zxs/ocs2_ros2_legubiao/ws/build/blasfeo_colcon/download/include/blasfeo_d_aux_ext_dep.h
-- FOUND HEADER: /home/zxs/ocs2_ros2_legubiao/ws/build/blasfeo_colcon/download/include/blasfeo_d_aux_ext_dep_ref.h
-- FOUND HEADER: /home/zxs/ocs2_ros2_legubiao/ws/build/blasfeo_colcon/download/include/blasfeo_d_aux_old.h
-- FOUND HEADER: /home/zxs/ocs2_ros2_legubiao/ws/build/blasfeo_colcon/download/include/blasfeo_d_aux_ref.h
-- FOUND HEADER: /home/zxs/ocs2_ros2_legubiao/ws/build/blasfeo_colcon/download/include/blasfeo_d_aux_test.h
-- FOUND HEADER: /home/zxs/ocs2_ros2_legubiao/ws/build/blasfeo_colcon/download/include/blasfeo_d_blas.h
-- FOUND HEADER: /home/zxs/ocs2_ros2_legubiao/ws/build/blasfeo_colcon/download/include/blasfeo_d_blas_api.h
-- FOUND HEADER: /home/zxs/ocs2_ros2_legubiao/ws/build/blasfeo_colcon/download/include/blasfeo_d_blasfeo_api.h
-- FOUND HEADER: /home/zxs/ocs2_ros2_legubiao/ws/build/blasfeo_colcon/download/include/blasfeo_d_blasfeo_api_ref.h
-- FOUND HEADER: /home/zxs/ocs2_ros2_legubiao/ws/build/blasfeo_colcon/download/include/blasfeo_d_blasfeo_ref_api.h
-- FOUND HEADER: /home/zxs/ocs2_ros2_legubiao/ws/build/blasfeo_colcon/download/include/blasfeo_d_kernel.h
-- FOUND HEADER: /home/zxs/ocs2_ros2_legubiao/ws/build/blasfeo_colcon/download/include/blasfeo_i_aux_ext_dep.h
-- FOUND HEADER: /home/zxs/ocs2_ros2_legubiao/ws/build/blasfeo_colcon/download/include/blasfeo_m_aux.h
-- FOUND HEADER: /home/zxs/ocs2_ros2_legubiao/ws/build/blasfeo_colcon/download/include/blasfeo_memory.h
-- FOUND HEADER: /home/zxs/ocs2_ros2_legubiao/ws/build/blasfeo_colcon/download/include/blasfeo_naming.h
-- FOUND HEADER: /home/zxs/ocs2_ros2_legubiao/ws/build/blasfeo_colcon/download/include/blasfeo_processor_features.h
-- FOUND HEADER: /home/zxs/ocs2_ros2_legubiao/ws/build/blasfeo_colcon/download/include/blasfeo_s_aux.h
-- FOUND HEADER: /home/zxs/ocs2_ros2_legubiao/ws/build/blasfeo_colcon/download/include/blasfeo_s_aux_ext_dep.h
-- FOUND HEADER: /home/zxs/ocs2_ros2_legubiao/ws/build/blasfeo_colcon/download/include/blasfeo_s_aux_ext_dep_ref.h
-- FOUND HEADER: /home/zxs/ocs2_ros2_legubiao/ws/build/blasfeo_colcon/download/include/blasfeo_s_aux_old.h
-- FOUND HEADER: /home/zxs/ocs2_ros2_legubiao/ws/build/blasfeo_colcon/download/include/blasfeo_s_aux_ref.h
-- FOUND HEADER: /home/zxs/ocs2_ros2_legubiao/ws/build/blasfeo_colcon/download/include/blasfeo_s_aux_test.h
-- FOUND HEADER: /home/zxs/ocs2_ros2_legubiao/ws/build/blasfeo_colcon/download/include/blasfeo_s_blas.h
-- FOUND HEADER: /home/zxs/ocs2_ros2_legubiao/ws/build/blasfeo_colcon/download/include/blasfeo_s_blas_api.h
-- FOUND HEADER: /home/zxs/ocs2_ros2_legubiao/ws/build/blasfeo_colcon/download/include/blasfeo_s_blasfeo_api.h
-- FOUND HEADER: /home/zxs/ocs2_ros2_legubiao/ws/build/blasfeo_colcon/download/include/blasfeo_s_blasfeo_api_ref.h
-- FOUND HEADER: /home/zxs/ocs2_ros2_legubiao/ws/build/blasfeo_colcon/download/include/blasfeo_s_blasfeo_ref_api.h
-- FOUND HEADER: /home/zxs/ocs2_ros2_legubiao/ws/build/blasfeo_colcon/download/include/blasfeo_s_kernel.h
-- FOUND HEADER: /home/zxs/ocs2_ros2_legubiao/ws/build/blasfeo_colcon/download/include/blasfeo_stdlib.h
-- FOUND HEADER: /home/zxs/ocs2_ros2_legubiao/ws/build/blasfeo_colcon/download/include/blasfeo_target.h
-- FOUND HEADER: /home/zxs/ocs2_ros2_legubiao/ws/build/blasfeo_colcon/download/include/blasfeo_timing.h
-- FOUND HEADER: /home/zxs/ocs2_ros2_legubiao/ws/build/blasfeo_colcon/download/include/blasfeo_v_aux_ext_dep.h
-- FOUND HEADER: /home/zxs/ocs2_ros2_legubiao/ws/build/blasfeo_colcon/download/include/d_blas.h
-- FOUND HEADER: /home/zxs/ocs2_ros2_legubiao/ws/build/blasfeo_colcon/download/include/d_blas_64.h
-- FOUND HEADER: /home/zxs/ocs2_ros2_legubiao/ws/build/blasfeo_colcon/download/include/s_blas.h
-- FOUND HEADER: /home/zxs/ocs2_ros2_legubiao/ws/build/blasfeo_colcon/download/include/s_blas_64.h
-- Configuring done
-- Generating done
-- Build files have been written to: /home/zxs/ocs2_ros2_legubiao/ws/build/blasfeo_colcon
[35m[1mScanning dependencies of target blasfeo[0m
[  1%] [32mBuilding C object build/CMakeFiles/blasfeo.dir/auxiliary/blasfeo_processor_features.c.o[0m
[  2%] [32mBuilding C object build/CMakeFiles/blasfeo.dir/auxiliary/blasfeo_stdlib.c.o[0m
[  3%] [32mBuilding C object build/CMakeFiles/blasfeo.dir/auxiliary/d_aux_common.c.o[0m
[  4%] [32mBuilding C object build/CMakeFiles/blasfeo.dir/auxiliary/s_aux_common.c.o[0m
[  6%] [32mBuilding C object build/CMakeFiles/blasfeo.dir/auxiliary/memory.c.o[0m
[  6%] [32mBuilding ASM object build/CMakeFiles/blasfeo.dir/kernel/avx/kernel_d_aux_lib.S.o[0m
[  7%] [32mBuilding C object build/CMakeFiles/blasfeo.dir/kernel/avx/kernel_dgecp_lib4.c.o[0m
[  8%] [32mBuilding C object build/CMakeFiles/blasfeo.dir/kernel/avx/kernel_dgemm_diag_lib4.c.o[0m
[  9%] [32mBuilding ASM object build/CMakeFiles/blasfeo.dir/kernel/avx/kernel_dgemv_4_lib4.S.o[0m
[ 10%] [32mBuilding C object build/CMakeFiles/blasfeo.dir/kernel/avx/kernel_dgeqrf_4_lib4.c.o[0m
[ 11%] [32mBuilding ASM object build/CMakeFiles/blasfeo.dir/kernel/avx/kernel_sgead_lib8.S.o[0m
[ 12%] [32mBuilding ASM object build/CMakeFiles/blasfeo.dir/kernel/avx/kernel_dpack_lib4.S.o[0m
[ 13%] [32mBuilding ASM object build/CMakeFiles/blasfeo.dir/kernel/avx/kernel_sgecpsc_lib8.S.o[0m
[ 15%] [32mBuilding ASM object build/CMakeFiles/blasfeo.dir/kernel/avx/kernel_sgemv_8_lib8.S.o[0m
[ 16%] [32mBuilding ASM object build/CMakeFiles/blasfeo.dir/kernel/avx/kernel_sgemv_4_lib8.S.o[0m
[ 17%] [32mBuilding C object build/CMakeFiles/blasfeo.dir/kernel/avx/kernel_sgemm_diag_lib8.c.o[0m
[ 18%] [32mBuilding ASM object build/CMakeFiles/blasfeo.dir/kernel/avx/kernel_sgetr_lib8.S.o[0m
[ 19%] [32mBuilding ASM object build/CMakeFiles/blasfeo.dir/kernel/avx/kernel_spack_lib8.S.o[0m
[ 20%] [32mBuilding ASM object build/CMakeFiles/blasfeo.dir/kernel/avx2/kernel_dgelqf_4_lib4.S.o[0m
[ 21%] [32mBuilding ASM object build/CMakeFiles/blasfeo.dir/kernel/avx2/kernel_dgebp_lib4.S.o[0m
[ 22%] [32mBuilding ASM object build/CMakeFiles/blasfeo.dir/kernel/avx2/kernel_dgemm_12x4_lib4.S.o[0m
[ 23%] [32mBuilding ASM object build/CMakeFiles/blasfeo.dir/kernel/avx2/kernel_dgemm_4x4_lib4.S.o[0m
[ 24%] [32mBuilding ASM object build/CMakeFiles/blasfeo.dir/kernel/avx2/kernel_dgemm_8x4_lib4.S.o[0m
[ 25%] [32mBuilding ASM object build/CMakeFiles/blasfeo.dir/kernel/avx2/kernel_dgemm_8x8_lib4.S.o[0m
[ 26%] [32mBuilding ASM object build/CMakeFiles/blasfeo.dir/kernel/avx2/kernel_dgemv_8_lib4.S.o[0m
[ 27%] [32mBuilding C object build/CMakeFiles/blasfeo.dir/kernel/avx2/kernel_dgetr_lib4.c.o[0m
[ 29%] [32mBuilding ASM object build/CMakeFiles/blasfeo.dir/kernel/avx2/kernel_dsymv_6_lib4.S.o[0m
[ 30%] [32mBuilding C object build/CMakeFiles/blasfeo.dir/kernel/avx2/kernel_dgetrf_pivot_lib4.c.o[0m
[ 32%] [32mBuilding ASM object build/CMakeFiles/blasfeo.dir/kernel/avx2/kernel_sgemm_8x4_lib8.S.o[0m
[ 32%] [32mBuilding ASM object build/CMakeFiles/blasfeo.dir/kernel/avx2/kernel_sgemm_16x4_lib8.S.o[0m
[ 33%] [32mBuilding ASM object build/CMakeFiles/blasfeo.dir/kernel/avx2/kernel_sgemm_24x4_lib8.S.o[0m
[ 34%] [32mBuilding ASM object build/CMakeFiles/blasfeo.dir/kernel/avx2/kernel_sgemm_8x8_lib8.S.o[0m
[ 35%] [32mBuilding C object build/CMakeFiles/blasfeo.dir/kernel/generic/kernel_ddot_lib.c.o[0m
[ 36%] [32mBuilding C object build/CMakeFiles/blasfeo.dir/kernel/generic/kernel_dgemv_4_lib4.c.o[0m
[ 37%] [32mBuilding C object build/CMakeFiles/blasfeo.dir/kernel/generic/kernel_sdot_lib.c.o[0m
[ 38%] [32mBuilding C object build/CMakeFiles/blasfeo.dir/kernel/generic/kernel_daxpy_lib.c.o[0m
[ 40%] [32mBuilding C object build/CMakeFiles/blasfeo.dir/kernel/generic/kernel_saxpy_lib.c.o[0m
[ 40%] [32mBuilding C object build/CMakeFiles/blasfeo.dir/kernel/generic/kernel_sgemm_4x4_lib4.c.o[0m
[ 41%] [32mBuilding C object build/CMakeFiles/blasfeo.dir/kernel/generic/kernel_sgemm_8x4_lib8.c.o[0m
[ 43%] [32mBuilding C object build/CMakeFiles/blasfeo.dir/kernel/generic/kernel_spack_lib4.c.o[0m
[ 44%] [32mBuilding C object build/CMakeFiles/blasfeo.dir/auxiliary/d_aux_lib4.c.o[0m
[ 45%] [32mBuilding ASM object build/CMakeFiles/blasfeo.dir/kernel/sse3/kernel_align_x64.S.o[0m
[ 46%] [32mBuilding C object build/CMakeFiles/blasfeo.dir/auxiliary/s_aux_lib8.c.o[0m
[ 47%] [32mBuilding C object build/CMakeFiles/blasfeo.dir/blasfeo_hp_pm/d_blas3_diag_lib4.c.o[0m
[ 48%] [32mBuilding C object build/CMakeFiles/blasfeo.dir/blasfeo_hp_pm/d_blas1_lib4.c.o[0m
[ 49%] [32mBuilding C object build/CMakeFiles/blasfeo.dir/blasfeo_hp_pm/d_blas2_diag_lib.c.o[0m
[ 50%] [32mBuilding C object build/CMakeFiles/blasfeo.dir/auxiliary/m_aux_lib48.c.o[0m
[ 51%] [32mBuilding C object build/CMakeFiles/blasfeo.dir/blasfeo_hp_pm/d_blas3_lib4.c.o[0m
[ 52%] [32mBuilding C object build/CMakeFiles/blasfeo.dir/blasfeo_hp_pm/d_blas2_lib4.c.o[0m
[ 53%] [32mBuilding C object build/CMakeFiles/blasfeo.dir/blasfeo_hp_pm/d_lapack_lib4.c.o[0m
[ 54%] [32mBuilding C object build/CMakeFiles/blasfeo.dir/blasfeo_hp_pm/s_blas1_lib8.c.o[0m
[ 55%] [32mBuilding C object build/CMakeFiles/blasfeo.dir/blasfeo_hp_pm/s_blas2_diag_lib.c.o[0m
[ 58%] [32mBuilding C object build/CMakeFiles/blasfeo.dir/blasfeo_hp_pm/s_blas3_lib8.c.o[0m
[ 59%] [32mBuilding C object build/CMakeFiles/blasfeo.dir/blasfeo_hp_pm/s_blas3_diag_lib8.c.o[0m
[ 59%] [32mBuilding C object build/CMakeFiles/blasfeo.dir/blasfeo_hp_pm/s_blas2_lib8.c.o[0m
[ 60%] [32mBuilding C object build/CMakeFiles/blasfeo.dir/blasfeo_hp_pm/s_lapack_lib8.c.o[0m
[ 61%] [32mBuilding C object build/CMakeFiles/blasfeo.dir/blas_api/daxpy.c.o[0m
[ 62%] [32mBuilding C object build/CMakeFiles/blasfeo.dir/blas_api/dcopy.c.o[0m
[ 63%] [32mBuilding C object build/CMakeFiles/blasfeo.dir/blas_api/ddot.c.o[0m
[ 64%] [32mBuilding C object build/CMakeFiles/blasfeo.dir/blas_api/dgemm_ref.c.o[0m
[ 65%] [32mBuilding C object build/CMakeFiles/blasfeo.dir/blas_api/dgesv.c.o[0m
[ 66%] [32mBuilding C object build/CMakeFiles/blasfeo.dir/blas_api/dgetrf_ref.c.o[0m
[ 67%] [32mBuilding C object build/CMakeFiles/blasfeo.dir/blas_api/dgetrs.c.o[0m
[ 68%] [32mBuilding C object build/CMakeFiles/blasfeo.dir/blas_api/dlaswp.c.o[0m
[ 69%] [32mBuilding C object build/CMakeFiles/blasfeo.dir/blas_api/dposv.c.o[0m
[ 70%] [32mBuilding C object build/CMakeFiles/blasfeo.dir/blas_api/dpotrf_ref.c.o[0m
[ 72%] [32mBuilding C object build/CMakeFiles/blasfeo.dir/blas_api/dpotrs.c.o[0m
[ 73%] [32mBuilding C object build/CMakeFiles/blasfeo.dir/blas_api/dsyrk_ref.c.o[0m
[ 74%] [32mBuilding C object build/CMakeFiles/blasfeo.dir/blas_api/dtrmm_ref.c.o[0m
[ 75%] [32mBuilding C object build/CMakeFiles/blasfeo.dir/blas_api/dtrsm_ref.c.o[0m
[ 76%] [32mBuilding C object build/CMakeFiles/blasfeo.dir/blas_api/dtrtrs.c.o[0m
[ 77%] [32mBuilding C object build/CMakeFiles/blasfeo.dir/blas_api/saxpy.c.o[0m
[ 78%] [32mBuilding C object build/CMakeFiles/blasfeo.dir/blas_api/sdot.c.o[0m
[ 79%] [32mBuilding C object build/CMakeFiles/blasfeo.dir/blas_api/sgemm_ref.c.o[0m
[ 80%] [32mBuilding C object build/CMakeFiles/blasfeo.dir/blas_api/spotrf_ref.c.o[0m
[ 81%] [32mBuilding C object build/CMakeFiles/blasfeo.dir/blas_api/strsm_ref.c.o[0m
[ 82%] [32mBuilding C object build/CMakeFiles/blasfeo.dir/blasfeo_hp_cm/dgemm.c.o[0m
[ 83%] [32mBuilding C object build/CMakeFiles/blasfeo.dir/blasfeo_hp_cm/dgetrf.c.o[0m
[ 84%] [32mBuilding C object build/CMakeFiles/blasfeo.dir/blasfeo_hp_cm/dpotrf.c.o[0m
[ 86%] [32mBuilding C object build/CMakeFiles/blasfeo.dir/blasfeo_hp_cm/dsyrk.c.o[0m
[ 87%] [32mBuilding C object build/CMakeFiles/blasfeo.dir/blasfeo_hp_cm/dtrmm.c.o[0m
[ 88%] [32mBuilding C object build/CMakeFiles/blasfeo.dir/blasfeo_hp_cm/dtrsm.c.o[0m
[ 89%] [32mBuilding C object build/CMakeFiles/blasfeo.dir/blasfeo_hp_cm/sgemm.c.o[0m
[ 90%] [32mBuilding C object build/CMakeFiles/blasfeo.dir/blasfeo_hp_cm/spotrf.c.o[0m
[ 91%] [32mBuilding C object build/CMakeFiles/blasfeo.dir/blasfeo_hp_cm/strsm.c.o[0m
[ 92%] [32mBuilding C object build/CMakeFiles/blasfeo.dir/auxiliary/d_aux_ext_dep.c.o[0m
[ 93%] [32mBuilding C object build/CMakeFiles/blasfeo.dir/auxiliary/d_aux_ext_dep_common.c.o[0m
[ 94%] [32mBuilding C object build/CMakeFiles/blasfeo.dir/auxiliary/i_aux_ext_dep_lib.c.o[0m
[ 95%] [32mBuilding C object build/CMakeFiles/blasfeo.dir/auxiliary/s_aux_ext_dep.c.o[0m
[ 96%] [32mBuilding C object build/CMakeFiles/blasfeo.dir/auxiliary/s_aux_ext_dep_common.c.o[0m
[ 97%] [32mBuilding C object build/CMakeFiles/blasfeo.dir/auxiliary/timing.c.o[0m
[ 98%] [32mBuilding C object build/CMakeFiles/blasfeo.dir/auxiliary/v_aux_ext_dep_lib.c.o[0m
[100%] [32m[1mLinking C shared library /home/zxs/ocs2_ros2_legubiao/ws/install/blasfeo_colcon/lib/libblasfeo.so[0m
/usr/bin/cc -fPIC  -DLA_HIGH_PERFORMANCE -DMF_PANELMAJ -DK_MAX_STACK=300 -DBLAS_API -DUSE_C99_MATH -DEXT_DEP -DOS_LINUX -DEXTERNAL_BLAS_NONE -O2 -fPIC -DTARGET_X64_INTEL_HASWELL -m64 -mavx -mavx2 -mfma -O3 -DNDEBUG -shared -Wl,-soname,libblasfeo.so -o /home/zxs/ocs2_ros2_legubiao/ws/install/blasfeo_colcon/lib/libblasfeo.so CMakeFiles/blasfeo.dir/auxiliary/blasfeo_processor_features.c.o CMakeFiles/blasfeo.dir/auxiliary/blasfeo_stdlib.c.o CMakeFiles/blasfeo.dir/auxiliary/d_aux_common.c.o CMakeFiles/blasfeo.dir/auxiliary/memory.c.o CMakeFiles/blasfeo.dir/auxiliary/s_aux_common.c.o CMakeFiles/blasfeo.dir/kernel/avx/kernel_d_aux_lib.S.o CMakeFiles/blasfeo.dir/kernel/avx/kernel_dgecp_lib4.c.o CMakeFiles/blasfeo.dir/kernel/avx/kernel_dgemm_diag_lib4.c.o CMakeFiles/blasfeo.dir/kernel/avx/kernel_dgemv_4_lib4.S.o CMakeFiles/blasfeo.dir/kernel/avx/kernel_dgeqrf_4_lib4.c.o CMakeFiles/blasfeo.dir/kernel/avx/kernel_dpack_lib4.S.o CMakeFiles/blasfeo.dir/kernel/avx/kernel_sgead_lib8.S.o CMakeFiles/blasfeo.dir/kernel/avx/kernel_sgecpsc_lib8.S.o CMakeFiles/blasfeo.dir/kernel/avx/kernel_sgemm_diag_lib8.c.o CMakeFiles/blasfeo.dir/kernel/avx/kernel_sgemv_4_lib8.S.o CMakeFiles/blasfeo.dir/kernel/avx/kernel_sgemv_8_lib8.S.o CMakeFiles/blasfeo.dir/kernel/avx/kernel_sgetr_lib8.S.o CMakeFiles/blasfeo.dir/kernel/avx/kernel_spack_lib8.S.o CMakeFiles/blasfeo.dir/kernel/avx2/kernel_dgebp_lib4.S.o CMakeFiles/blasfeo.dir/kernel/avx2/kernel_dgelqf_4_lib4.S.o CMakeFiles/blasfeo.dir/kernel/avx2/kernel_dgemm_12x4_lib4.S.o CMakeFiles/blasfeo.dir/kernel/avx2/kernel_dgemm_4x4_lib4.S.o CMakeFiles/blasfeo.dir/kernel/avx2/kernel_dgemm_8x4_lib4.S.o CMakeFiles/blasfeo.dir/kernel/avx2/kernel_dgemm_8x8_lib4.S.o CMakeFiles/blasfeo.dir/kernel/avx2/kernel_dgemv_8_lib4.S.o CMakeFiles/blasfeo.dir/kernel/avx2/kernel_dgetr_lib4.c.o CMakeFiles/blasfeo.dir/kernel/avx2/kernel_dgetrf_pivot_lib4.c.o CMakeFiles/blasfeo.dir/kernel/avx2/kernel_dsymv_6_lib4.S.o CMakeFiles/blasfeo.dir/kernel/avx2/kernel_sgemm_16x4_lib8.S.o CMakeFiles/blasfeo.dir/kernel/avx2/kernel_sgemm_24x4_lib8.S.o CMakeFiles/blasfeo.dir/kernel/avx2/kernel_sgemm_8x4_lib8.S.o CMakeFiles/blasfeo.dir/kernel/avx2/kernel_sgemm_8x8_lib8.S.o CMakeFiles/blasfeo.dir/kernel/generic/kernel_daxpy_lib.c.o CMakeFiles/blasfeo.dir/kernel/generic/kernel_ddot_lib.c.o CMakeFiles/blasfeo.dir/kernel/generic/kernel_dgemv_4_lib4.c.o CMakeFiles/blasfeo.dir/kernel/generic/kernel_saxpy_lib.c.o CMakeFiles/blasfeo.dir/kernel/generic/kernel_sdot_lib.c.o CMakeFiles/blasfeo.dir/kernel/generic/kernel_sgemm_4x4_lib4.c.o CMakeFiles/blasfeo.dir/kernel/generic/kernel_sgemm_8x4_lib8.c.o CMakeFiles/blasfeo.dir/kernel/generic/kernel_spack_lib4.c.o CMakeFiles/blasfeo.dir/kernel/sse3/kernel_align_x64.S.o CMakeFiles/blasfeo.dir/auxiliary/d_aux_lib4.c.o CMakeFiles/blasfeo.dir/auxiliary/m_aux_lib48.c.o CMakeFiles/blasfeo.dir/auxiliary/s_aux_lib8.c.o CMakeFiles/blasfeo.dir/blasfeo_hp_pm/d_blas1_lib4.c.o CMakeFiles/blasfeo.dir/blasfeo_hp_pm/d_blas2_diag_lib.c.o CMakeFiles/blasfeo.dir/blasfeo_hp_pm/d_blas2_lib4.c.o CMakeFiles/blasfeo.dir/blasfeo_hp_pm/d_blas3_diag_lib4.c.o CMakeFiles/blasfeo.dir/blasfeo_hp_pm/d_blas3_lib4.c.o CMakeFiles/blasfeo.dir/blasfeo_hp_pm/d_lapack_lib4.c.o CMakeFiles/blasfeo.dir/blasfeo_hp_pm/s_blas1_lib8.c.o CMakeFiles/blasfeo.dir/blasfeo_hp_pm/s_blas2_diag_lib.c.o CMakeFiles/blasfeo.dir/blasfeo_hp_pm/s_blas2_lib8.c.o CMakeFiles/blasfeo.dir/blasfeo_hp_pm/s_blas3_diag_lib8.c.o CMakeFiles/blasfeo.dir/blasfeo_hp_pm/s_blas3_lib8.c.o CMakeFiles/blasfeo.dir/blasfeo_hp_pm/s_lapack_lib8.c.o CMakeFiles/blasfeo.dir/blas_api/daxpy.c.o CMakeFiles/blasfeo.dir/blas_api/dcopy.c.o CMakeFiles/blasfeo.dir/blas_api/ddot.c.o CMakeFiles/blasfeo.dir/blas_api/dgemm_ref.c.o CMakeFiles/blasfeo.dir/blas_api/dgesv.c.o CMakeFiles/blasfeo.dir/blas_api/dgetrf_ref.c.o CMakeFiles/blasfeo.dir/blas_api/dgetrs.c.o CMakeFiles/blasfeo.dir/blas_api/dlaswp.c.o CMakeFiles/blasfeo.dir/blas_api/dposv.c.o CMakeFiles/blasfeo.dir/blas_api/dpotrf_ref.c.o CMakeFiles/blasfeo.dir/blas_api/dpotrs.c.o CMakeFiles/blasfeo.dir/blas_api/dsyrk_ref.c.o CMakeFiles/blasfeo.dir/blas_api/dtrmm_ref.c.o CMakeFiles/blasfeo.dir/blas_api/dtrsm_ref.c.o CMakeFiles/blasfeo.dir/blas_api/dtrtrs.c.o CMakeFiles/blasfeo.dir/blas_api/saxpy.c.o CMakeFiles/blasfeo.dir/blas_api/sdot.c.o CMakeFiles/blasfeo.dir/blas_api/sgemm_ref.c.o CMakeFiles/blasfeo.dir/blas_api/spotrf_ref.c.o CMakeFiles/blasfeo.dir/blas_api/strsm_ref.c.o CMakeFiles/blasfeo.dir/blasfeo_hp_cm/dgemm.c.o CMakeFiles/blasfeo.dir/blasfeo_hp_cm/dgetrf.c.o CMakeFiles/blasfeo.dir/blasfeo_hp_cm/dpotrf.c.o CMakeFiles/blasfeo.dir/blasfeo_hp_cm/dsyrk.c.o CMakeFiles/blasfeo.dir/blasfeo_hp_cm/dtrmm.c.o CMakeFiles/blasfeo.dir/blasfeo_hp_cm/dtrsm.c.o CMakeFiles/blasfeo.dir/blasfeo_hp_cm/sgemm.c.o CMakeFiles/blasfeo.dir/blasfeo_hp_cm/spotrf.c.o CMakeFiles/blasfeo.dir/blasfeo_hp_cm/strsm.c.o CMakeFiles/blasfeo.dir/auxiliary/d_aux_ext_dep.c.o CMakeFiles/blasfeo.dir/auxiliary/d_aux_ext_dep_common.c.o CMakeFiles/blasfeo.dir/auxiliary/i_aux_ext_dep_lib.c.o CMakeFiles/blasfeo.dir/auxiliary/s_aux_ext_dep.c.o CMakeFiles/blasfeo.dir/auxiliary/s_aux_ext_dep_common.c.o CMakeFiles/blasfeo.dir/auxiliary/timing.c.o CMakeFiles/blasfeo.dir/auxiliary/v_aux_ext_dep_lib.c.o 
[100%] Built target blasfeo
-- Install configuration: "Release"
-- Execute custom install script
-- Symlinking: /home/zxs/ocs2_ros2_legubiao/ws/install/blasfeo_colcon/include/blasfeo.h
-- Symlinking: /home/zxs/ocs2_ros2_legubiao/ws/install/blasfeo_colcon/include/blasfeo_block_size.h
-- Symlinking: /home/zxs/ocs2_ros2_legubiao/ws/install/blasfeo_colcon/include/blasfeo_common.h
-- Symlinking: /home/zxs/ocs2_ros2_legubiao/ws/install/blasfeo_colcon/include/blasfeo_d_aux.h
-- Symlinking: /home/zxs/ocs2_ros2_legubiao/ws/install/blasfeo_colcon/include/blasfeo_d_aux_ext_dep.h
-- Symlinking: /home/zxs/ocs2_ros2_legubiao/ws/install/blasfeo_colcon/include/blasfeo_d_aux_ext_dep_ref.h
-- Symlinking: /home/zxs/ocs2_ros2_legubiao/ws/install/blasfeo_colcon/include/blasfeo_d_aux_old.h
-- Symlinking: /home/zxs/ocs2_ros2_legubiao/ws/install/blasfeo_colcon/include/blasfeo_d_aux_ref.h
-- Symlinking: /home/zxs/ocs2_ros2_legubiao/ws/install/blasfeo_colcon/include/blasfeo_d_aux_test.h
-- Symlinking: /home/zxs/ocs2_ros2_legubiao/ws/install/blasfeo_colcon/include/blasfeo_d_blas.h
-- Symlinking: /home/zxs/ocs2_ros2_legubiao/ws/install/blasfeo_colcon/include/blasfeo_d_blas_api.h
-- Symlinking: /home/zxs/ocs2_ros2_legubiao/ws/install/blasfeo_colcon/include/blasfeo_d_blasfeo_api.h
-- Symlinking: /home/zxs/ocs2_ros2_legubiao/ws/install/blasfeo_colcon/include/blasfeo_d_blasfeo_api_ref.h
-- Symlinking: /home/zxs/ocs2_ros2_legubiao/ws/install/blasfeo_colcon/include/blasfeo_d_blasfeo_ref_api.h
-- Symlinking: /home/zxs/ocs2_ros2_legubiao/ws/install/blasfeo_colcon/include/blasfeo_d_kernel.h
-- Symlinking: /home/zxs/ocs2_ros2_legubiao/ws/install/blasfeo_colcon/include/blasfeo_i_aux_ext_dep.h
-- Symlinking: /home/zxs/ocs2_ros2_legubiao/ws/install/blasfeo_colcon/include/blasfeo_m_aux.h
-- Symlinking: /home/zxs/ocs2_ros2_legubiao/ws/install/blasfeo_colcon/include/blasfeo_memory.h
-- Symlinking: /home/zxs/ocs2_ros2_legubiao/ws/install/blasfeo_colcon/include/blasfeo_naming.h
-- Symlinking: /home/zxs/ocs2_ros2_legubiao/ws/install/blasfeo_colcon/include/blasfeo_processor_features.h
-- Symlinking: /home/zxs/ocs2_ros2_legubiao/ws/install/blasfeo_colcon/include/blasfeo_s_aux.h
-- Symlinking: /home/zxs/ocs2_ros2_legubiao/ws/install/blasfeo_colcon/include/blasfeo_s_aux_ext_dep.h
-- Symlinking: /home/zxs/ocs2_ros2_legubiao/ws/install/blasfeo_colcon/include/blasfeo_s_aux_ext_dep_ref.h
-- Symlinking: /home/zxs/ocs2_ros2_legubiao/ws/install/blasfeo_colcon/include/blasfeo_s_aux_old.h
-- Symlinking: /home/zxs/ocs2_ros2_legubiao/ws/install/blasfeo_colcon/include/blasfeo_s_aux_ref.h
-- Symlinking: /home/zxs/ocs2_ros2_legubiao/ws/install/blasfeo_colcon/include/blasfeo_s_aux_test.h
-- Symlinking: /home/zxs/ocs2_ros2_legubiao/ws/install/blasfeo_colcon/include/blasfeo_s_blas.h
-- Symlinking: /home/zxs/ocs2_ros2_legubiao/ws/install/blasfeo_colcon/include/blasfeo_s_blas_api.h
-- Symlinking: /home/zxs/ocs2_ros2_legubiao/ws/install/blasfeo_colcon/include/blasfeo_s_blasfeo_api.h
-- Symlinking: /home/zxs/ocs2_ros2_legubiao/ws/install/blasfeo_colcon/include/blasfeo_s_blasfeo_api_ref.h
-- Symlinking: /home/zxs/ocs2_ros2_legubiao/ws/install/blasfeo_colcon/include/blasfeo_s_blasfeo_ref_api.h
-- Symlinking: /home/zxs/ocs2_ros2_legubiao/ws/install/blasfeo_colcon/include/blasfeo_s_kernel.h
-- Symlinking: /home/zxs/ocs2_ros2_legubiao/ws/install/blasfeo_colcon/include/blasfeo_stdlib.h
-- Symlinking: /home/zxs/ocs2_ros2_legubiao/ws/install/blasfeo_colcon/include/blasfeo_target.h
-- Symlinking: /home/zxs/ocs2_ros2_legubiao/ws/install/blasfeo_colcon/include/blasfeo_timing.h
-- Symlinking: /home/zxs/ocs2_ros2_legubiao/ws/install/blasfeo_colcon/include/blasfeo_v_aux_ext_dep.h
-- Symlinking: /home/zxs/ocs2_ros2_legubiao/ws/install/blasfeo_colcon/include/d_blas.h
-- Symlinking: /home/zxs/ocs2_ros2_legubiao/ws/install/blasfeo_colcon/include/d_blas_64.h
-- Symlinking: /home/zxs/ocs2_ros2_legubiao/ws/install/blasfeo_colcon/include/s_blas.h
-- Symlinking: /home/zxs/ocs2_ros2_legubiao/ws/install/blasfeo_colcon/include/s_blas_64.h
-- Symlinking: /home/zxs/ocs2_ros2_legubiao/ws/install/blasfeo_colcon/share/ament_index/resource_index/package_run_dependencies/blasfeo_colcon
-- Symlinking: /home/zxs/ocs2_ros2_legubiao/ws/install/blasfeo_colcon/share/ament_index/resource_index/parent_prefix_path/blasfeo_colcon
-- Symlinking: /home/zxs/ocs2_ros2_legubiao/ws/install/blasfeo_colcon/share/blasfeo_colcon/environment/ament_prefix_path.sh
-- Symlinking: /home/zxs/ocs2_ros2_legubiao/ws/install/blasfeo_colcon/share/blasfeo_colcon/environment/ament_prefix_path.dsv
-- Symlinking: /home/zxs/ocs2_ros2_legubiao/ws/install/blasfeo_colcon/share/blasfeo_colcon/environment/path.sh
-- Symlinking: /home/zxs/ocs2_ros2_legubiao/ws/install/blasfeo_colcon/share/blasfeo_colcon/environment/path.dsv
-- Symlinking: /home/zxs/ocs2_ros2_legubiao/ws/install/blasfeo_colcon/share/blasfeo_colcon/local_setup.bash
-- Symlinking: /home/zxs/ocs2_ros2_legubiao/ws/install/blasfeo_colcon/share/blasfeo_colcon/local_setup.sh
-- Symlinking: /home/zxs/ocs2_ros2_legubiao/ws/install/blasfeo_colcon/share/blasfeo_colcon/local_setup.zsh
-- Symlinking: /home/zxs/ocs2_ros2_legubiao/ws/install/blasfeo_colcon/share/blasfeo_colcon/local_setup.dsv
-- Symlinking: /home/zxs/ocs2_ros2_legubiao/ws/install/blasfeo_colcon/share/blasfeo_colcon/package.dsv
-- Symlinking: /home/zxs/ocs2_ros2_legubiao/ws/install/blasfeo_colcon/share/ament_index/resource_index/packages/blasfeo_colcon
-- Symlinking: /home/zxs/ocs2_ros2_legubiao/ws/install/blasfeo_colcon/share/blasfeo_colcon/cmake/blasfeo-extras.cmake
-- Symlinking: /home/zxs/ocs2_ros2_legubiao/ws/install/blasfeo_colcon/share/blasfeo_colcon/cmake/ament_cmake_export_include_directories-extras.cmake
-- Symlinking: /home/zxs/ocs2_ros2_legubiao/ws/install/blasfeo_colcon/share/blasfeo_colcon/cmake/ament_cmake_export_dependencies-extras.cmake
-- Symlinking: /home/zxs/ocs2_ros2_legubiao/ws/install/blasfeo_colcon/share/blasfeo_colcon/cmake/blasfeo_colconConfig.cmake
-- Symlinking: /home/zxs/ocs2_ros2_legubiao/ws/install/blasfeo_colcon/share/blasfeo_colcon/cmake/blasfeo_colconConfig-version.cmake
-- Symlinking: /home/zxs/ocs2_ros2_legubiao/ws/install/blasfeo_colcon/share/blasfeo_colcon/package.xml
-- Installing: /home/zxs/ocs2_ros2_legubiao/ws/install/blasfeo_colcon/cmake/blasfeoConfig.cmake
-- Installing: /home/zxs/ocs2_ros2_legubiao/ws/install/blasfeo_colcon/cmake/blasfeoConfig-release.cmake
