-- The C compiler identification is GNU 12.3.0
-- The CXX compiler identification is GNU 12.3.0
-- Detecting C compiler ABI info
-- Detecting C compiler ABI info - done
-- Check for working C compiler: /usr/bin/cc - skipped
-- Detecting C compile features
-- Detecting C compile features - done
-- Detecting CXX compiler ABI info
-- Detecting CXX compiler ABI info - done
-- Check for working CXX compiler: /usr/bin/c++ - skipped
-- Detecting CXX compile features
-- Detecting CXX compile features - done
-- Found ament_cmake: 1.3.11 (/opt/ros/humble/share/ament_cmake/cmake)
-- Found Python3: /usr/bin/python3 (found version "3.10.13") found components: Interpreter 
-- Found ocs2_core: 0.0.0 (/home/zxs/ocs2_ros2_legubiao/ws/install/ocs2_core/share/ocs2_core/cmake)
-- Found OpenMP_C: -fopenmp (found version "4.5") 
-- Found OpenMP_CXX: -fopenmp (found version "4.5") 
-- Found OpenMP: TRUE (found version "4.5")  
-- Found Boost: /usr/lib/x86_64-linux-gnu/cmake/Boost-1.74.0/BoostConfig.cmake (found version "1.74.0") found components: system filesystem log_setup log 
-- Found ocs2_oc: 0.0.0 (/home/zxs/ocs2_ros2_legubiao/ws/install/ocs2_oc/share/ocs2_oc/cmake)
-- Found ocs2_ddp: 0.0.0 (/home/zxs/ocs2_ros2_legubiao/ws/install/ocs2_ddp/share/ocs2_ddp/cmake)
-- Found ocs2_sqp: 0.0.0 (/home/zxs/ocs2_ros2_legubiao/ws/install/ocs2_sqp/share/ocs2_sqp/cmake)
-- Found ocs2_ipm: 0.0.0 (/home/zxs/ocs2_ros2_legubiao/ws/install/ocs2_ipm/share/ocs2_ipm/cmake)
-- Found ocs2_centroidal_model: 0.0.0 (/home/zxs/ocs2_ros2_legubiao/ws/install/ocs2_centroidal_model/share/ocs2_centroidal_model/cmake)
-- pinocchio_default FOUND. pinocchio_default at /opt/ros/humble/lib/x86_64-linux-gnu/libpinocchio_default.so
-- pinocchio_parsers FOUND. pinocchio_parsers at /opt/ros/humble/lib/x86_64-linux-gnu/libpinocchio_parsers.so
-- boost_filesystem FOUND. boost_filesystem at /lib/x86_64-linux-gnu/libboost_filesystem.so
-- boost_serialization FOUND. boost_serialization at /lib/x86_64-linux-gnu/libboost_serialization.so
-- boost_system FOUND. boost_system at /lib/x86_64-linux-gnu/libboost_system.so
-- eigenpy FOUND. eigenpy at /opt/ros/humble/lib/x86_64-linux-gnu/libeigenpy.so
-- Checking for NumPy
--   NUMPY_INCLUDE_DIRS=/usr/lib/python3/dist-packages/numpy/core/include
--   NUMPY_VERSION=1.21.5
-- Found Python3: /usr/bin/python3 (found version "3.10.13") found components: Interpreter Development.Module NumPy 
-- PythonLibraryDirs: 
-- PythonLibVersionString: 3.10.13
-- Python site lib: lib/python3.10/site-packages
-- Python include dirs: /usr/include/python3.10
-- Checking for NumPy
--   NUMPY_INCLUDE_DIRS=/usr/lib/python3/dist-packages/numpy/core/include
--   NUMPY_VERSION=1.21.5
-- NumPy include dir: /usr/lib/python3/dist-packages/numpy/core/include
-- Found Boost: /usr/include (found version "1.74.0") found components: python310 
-- Default C++ standard: 201703
-- Minimal C++ standard upgraded to 11
-- C++ standard sufficient: Minimal required 11, currently defined: 17
-- hpp-fcl FOUND. hpp-fcl at /opt/ros/humble/lib/x86_64-linux-gnu/libhpp-fcl.so
-- C++ standard sufficient: Minimal required 11, currently defined: 17
-- C++ standard sufficient: Minimal required 11, currently defined: 17
-- coal FOUND. coal at /opt/ros/humble/lib/x86_64-linux-gnu/libcoal.so
-- C++ standard sufficient: Minimal required 11, currently defined: 17
-- Found ocs2_self_collision: 0.0.0 (/home/zxs/ocs2_ros2_legubiao/ws/install/ocs2_self_collision/share/ocs2_self_collision/cmake)
-- Found ament_lint_auto: 0.12.12 (/opt/ros/humble/share/ament_lint_auto/cmake)
-- Found gtest sources under '/opt/ros/humble/src/gtest_vendor': C++ tests using 'Google Test' will be built
-- Found Threads: TRUE  
-- Configuring done
-- Generating done
-- Build files have been written to: /home/zxs/ocs2_ros2_legubiao/ws/build/humanoid_interface
[  6%] [32mBuilding CXX object CMakeFiles/humanoid_interface.dir/src/constraint/ZeroVelocityConstraintCppAd.cpp.o[0m
[  6%] [32mBuilding CXX object CMakeFiles/humanoid_interface.dir/src/reference_manager/SwitchedModelReferenceManager.cpp.o[0m
[ 10%] [32mBuilding CXX object CMakeFiles/humanoid_interface.dir/src/common/ModelSettings.cpp.o[0m
[ 17%] [32mBuilding CXX object gtest/CMakeFiles/gtest_main.dir/src/gtest_main.cc.o[0m
[ 17%] [32mBuilding CXX object CMakeFiles/humanoid_interface.dir/src/HumanoidPreComputation.cpp.o[0m
[ 20%] [32mBuilding CXX object CMakeFiles/humanoid_interface.dir/src/foot_planner/CubicSpline.cpp.o[0m
[ 31%] [32mBuilding CXX object CMakeFiles/humanoid_interface.dir/src/HumanoidInterface.cpp.o[0m
[ 31%] [32mBuilding CXX object CMakeFiles/humanoid_interface.dir/src/constraint/FootRollContraint.cpp.o[0m
[ 31%] [32mBuilding CXX object CMakeFiles/humanoid_interface.dir/src/initialization/HumanoidInitializer.cpp.o[0m
[ 34%] [32mBuilding CXX object gtest/CMakeFiles/gtest.dir/src/gtest-all.cc.o[0m
[ 41%] [32mBuilding CXX object CMakeFiles/humanoid_interface.dir/src/dynamics/HumanoidDynamicsAD.cpp.o[0m
[ 41%] [32mBuilding CXX object CMakeFiles/humanoid_interface.dir/src/constraint/EndEffectorLinearConstraint.cpp.o[0m
[ 48%] [32mBuilding CXX object CMakeFiles/humanoid_interface.dir/src/gait/Gait.cpp.o[0m
[ 48%] [32mBuilding CXX object CMakeFiles/humanoid_interface.dir/src/gait/LegLogic.cpp.o[0m
[ 51%] [32mBuilding CXX object CMakeFiles/humanoid_interface.dir/src/gait/GaitSchedule.cpp.o[0m
[ 55%] [32mBuilding CXX object CMakeFiles/humanoid_interface.dir/src/foot_planner/SwingTrajectoryPlanner.cpp.o[0m
[ 62%] [32mBuilding CXX object CMakeFiles/humanoid_interface.dir/src/constraint/FrictionConeConstraint.cpp.o[0m
[ 62%] [32mBuilding CXX object CMakeFiles/humanoid_interface.dir/src/constraint/NormalVelocityConstraintCppAd.cpp.o[0m
[ 65%] [32mBuilding CXX object CMakeFiles/humanoid_interface.dir/src/constraint/ZeroForceConstraint.cpp.o[0m
[ 68%] [32mBuilding CXX object CMakeFiles/humanoid_interface.dir/src/foot_planner/SplineCpg.cpp.o[0m
[ 72%] [32mBuilding CXX object CMakeFiles/humanoid_interface.dir/src/gait/ModeSequenceTemplate.cpp.o[0m
[ 75%] [32m[1mLinking CXX static library libgtest_main.a[0m
[ 75%] Built target gtest_main
[ 79%] [32m[1mLinking CXX static library libgtest.a[0m
[ 79%] Built target gtest
[ 82%] [32m[1mLinking CXX static library libhumanoid_interface.a[0m
[ 82%] Built target humanoid_interface
[ 86%] [32mBuilding CXX object CMakeFiles/humanoid_interface_test.dir/test/AnymalFactoryFunctions.cpp.o[0m
[ 93%] [32mBuilding CXX object CMakeFiles/humanoid_interface_test.dir/test/constraint/testFrictionConeConstraint.cpp.o[0m
[ 93%] [32mBuilding CXX object CMakeFiles/humanoid_interface_test.dir/test/constraint/testEndEffectorLinearConstraint.cpp.o[0m
[ 96%] [32mBuilding CXX object CMakeFiles/humanoid_interface_test.dir/test/constraint/testZeroForceConstraint.cpp.o[0m
[100%] [32m[1mLinking CXX executable humanoid_interface_test[0m
[100%] Built target humanoid_interface_test
-- Install configuration: "Release"
-- Installing: /home/zxs/ocs2_ros2_legubiao/ws/install/humanoid_interface/include/humanoid_interface
-- Installing: /home/zxs/ocs2_ros2_legubiao/ws/install/humanoid_interface/include/humanoid_interface/humanoid_interface
-- Installing: /home/zxs/ocs2_ros2_legubiao/ws/install/humanoid_interface/include/humanoid_interface/humanoid_interface/foot_planner
-- Installing: /home/zxs/ocs2_ros2_legubiao/ws/install/humanoid_interface/include/humanoid_interface/humanoid_interface/foot_planner/SwingTrajectoryPlanner.h
-- Installing: /home/zxs/ocs2_ros2_legubiao/ws/install/humanoid_interface/include/humanoid_interface/humanoid_interface/foot_planner/SplineCpg.h
-- Installing: /home/zxs/ocs2_ros2_legubiao/ws/install/humanoid_interface/include/humanoid_interface/humanoid_interface/foot_planner/CubicSpline.h
-- Installing: /home/zxs/ocs2_ros2_legubiao/ws/install/humanoid_interface/include/humanoid_interface/humanoid_interface/gait
-- Installing: /home/zxs/ocs2_ros2_legubiao/ws/install/humanoid_interface/include/humanoid_interface/humanoid_interface/gait/LegLogic.h
-- Installing: /home/zxs/ocs2_ros2_legubiao/ws/install/humanoid_interface/include/humanoid_interface/humanoid_interface/gait/Gait.h
-- Installing: /home/zxs/ocs2_ros2_legubiao/ws/install/humanoid_interface/include/humanoid_interface/humanoid_interface/gait/MotionPhaseDefinition.h
-- Installing: /home/zxs/ocs2_ros2_legubiao/ws/install/humanoid_interface/include/humanoid_interface/humanoid_interface/gait/GaitSchedule.h
-- Installing: /home/zxs/ocs2_ros2_legubiao/ws/install/humanoid_interface/include/humanoid_interface/humanoid_interface/gait/ModeSequenceTemplate.h
-- Installing: /home/zxs/ocs2_ros2_legubiao/ws/install/humanoid_interface/include/humanoid_interface/humanoid_interface/common
-- Installing: /home/zxs/ocs2_ros2_legubiao/ws/install/humanoid_interface/include/humanoid_interface/humanoid_interface/common/ModelSettings.h
-- Installing: /home/zxs/ocs2_ros2_legubiao/ws/install/humanoid_interface/include/humanoid_interface/humanoid_interface/common/Types.h
-- Installing: /home/zxs/ocs2_ros2_legubiao/ws/install/humanoid_interface/include/humanoid_interface/humanoid_interface/common/utils.h
-- Installing: /home/zxs/ocs2_ros2_legubiao/ws/install/humanoid_interface/include/humanoid_interface/humanoid_interface/package_path.h.in
-- Installing: /home/zxs/ocs2_ros2_legubiao/ws/install/humanoid_interface/include/humanoid_interface/humanoid_interface/cost
-- Installing: /home/zxs/ocs2_ros2_legubiao/ws/install/humanoid_interface/include/humanoid_interface/humanoid_interface/cost/HumanoidQuadraticTrackingCost.h
-- Installing: /home/zxs/ocs2_ros2_legubiao/ws/install/humanoid_interface/include/humanoid_interface/humanoid_interface/HumanoidInterface.h
-- Installing: /home/zxs/ocs2_ros2_legubiao/ws/install/humanoid_interface/include/humanoid_interface/humanoid_interface/constraint
-- Installing: /home/zxs/ocs2_ros2_legubiao/ws/install/humanoid_interface/include/humanoid_interface/humanoid_interface/constraint/ZeroVelocityConstraintCppAd.h
-- Installing: /home/zxs/ocs2_ros2_legubiao/ws/install/humanoid_interface/include/humanoid_interface/humanoid_interface/constraint/ZeroForceConstraint.h
-- Installing: /home/zxs/ocs2_ros2_legubiao/ws/install/humanoid_interface/include/humanoid_interface/humanoid_interface/constraint/FootRollConstraint.h
-- Installing: /home/zxs/ocs2_ros2_legubiao/ws/install/humanoid_interface/include/humanoid_interface/humanoid_interface/constraint/FrictionConeConstraint.h
-- Installing: /home/zxs/ocs2_ros2_legubiao/ws/install/humanoid_interface/include/humanoid_interface/humanoid_interface/constraint/NormalVelocityConstraintCppAd.h
-- Installing: /home/zxs/ocs2_ros2_legubiao/ws/install/humanoid_interface/include/humanoid_interface/humanoid_interface/constraint/LeggedSelfCollisionConstraint.h
-- Installing: /home/zxs/ocs2_ros2_legubiao/ws/install/humanoid_interface/include/humanoid_interface/humanoid_interface/constraint/EndEffectorLinearConstraint.h
-- Installing: /home/zxs/ocs2_ros2_legubiao/ws/install/humanoid_interface/include/humanoid_interface/humanoid_interface/initialization
-- Installing: /home/zxs/ocs2_ros2_legubiao/ws/install/humanoid_interface/include/humanoid_interface/humanoid_interface/initialization/HumanoidInitializer.h
-- Installing: /home/zxs/ocs2_ros2_legubiao/ws/install/humanoid_interface/include/humanoid_interface/humanoid_interface/dynamics
-- Installing: /home/zxs/ocs2_ros2_legubiao/ws/install/humanoid_interface/include/humanoid_interface/humanoid_interface/dynamics/HumanoidDynamicsAD.h
-- Installing: /home/zxs/ocs2_ros2_legubiao/ws/install/humanoid_interface/include/humanoid_interface/humanoid_interface/reference_manager
-- Installing: /home/zxs/ocs2_ros2_legubiao/ws/install/humanoid_interface/include/humanoid_interface/humanoid_interface/reference_manager/SwitchedModelReferenceManager.h
-- Installing: /home/zxs/ocs2_ros2_legubiao/ws/install/humanoid_interface/include/humanoid_interface/humanoid_interface/HumanoidPreComputation.h
-- Installing: /home/zxs/ocs2_ros2_legubiao/ws/install/humanoid_interface/lib/libhumanoid_interface.a
-- Installing: /home/zxs/ocs2_ros2_legubiao/ws/install/humanoid_interface/share/humanoid_interface//config
-- Installing: /home/zxs/ocs2_ros2_legubiao/ws/install/humanoid_interface/share/humanoid_interface//config/multiplot
-- Installing: /home/zxs/ocs2_ros2_legubiao/ws/install/humanoid_interface/share/humanoid_interface//config/multiplot/friction_cone.xml
-- Installing: /home/zxs/ocs2_ros2_legubiao/ws/install/humanoid_interface/share/humanoid_interface//config/multiplot/zero_velocity.xml
-- Installing: /home/zxs/ocs2_ros2_legubiao/ws/install/humanoid_interface/share/humanoid_interface//config/command
-- Installing: /home/zxs/ocs2_ros2_legubiao/ws/install/humanoid_interface/share/humanoid_interface//config/command/gait_.info
-- Installing: /home/zxs/ocs2_ros2_legubiao/ws/install/humanoid_interface/share/humanoid_interface//config/command/gait.info
-- Installing: /home/zxs/ocs2_ros2_legubiao/ws/install/humanoid_interface/share/humanoid_interface//config/command/reference.info
-- Installing: /home/zxs/ocs2_ros2_legubiao/ws/install/humanoid_interface/share/humanoid_interface//config/command/reference_.info
-- Installing: /home/zxs/ocs2_ros2_legubiao/ws/install/humanoid_interface/share/humanoid_interface//config/mpc
-- Installing: /home/zxs/ocs2_ros2_legubiao/ws/install/humanoid_interface/share/humanoid_interface//config/mpc/task.info
-- Installing: /home/zxs/ocs2_ros2_legubiao/ws/install/humanoid_interface/share/humanoid_interface//config/mpc/task_.info
-- Installing: /home/zxs/ocs2_ros2_legubiao/ws/install/humanoid_interface/share/humanoid_interface/environment/library_path.sh
-- Installing: /home/zxs/ocs2_ros2_legubiao/ws/install/humanoid_interface/share/humanoid_interface/environment/library_path.dsv
-- Installing: /home/zxs/ocs2_ros2_legubiao/ws/install/humanoid_interface/share/ament_index/resource_index/package_run_dependencies/humanoid_interface
-- Installing: /home/zxs/ocs2_ros2_legubiao/ws/install/humanoid_interface/share/ament_index/resource_index/parent_prefix_path/humanoid_interface
-- Installing: /home/zxs/ocs2_ros2_legubiao/ws/install/humanoid_interface/share/humanoid_interface/environment/ament_prefix_path.sh
-- Installing: /home/zxs/ocs2_ros2_legubiao/ws/install/humanoid_interface/share/humanoid_interface/environment/ament_prefix_path.dsv
-- Installing: /home/zxs/ocs2_ros2_legubiao/ws/install/humanoid_interface/share/humanoid_interface/environment/path.sh
-- Installing: /home/zxs/ocs2_ros2_legubiao/ws/install/humanoid_interface/share/humanoid_interface/environment/path.dsv
-- Installing: /home/zxs/ocs2_ros2_legubiao/ws/install/humanoid_interface/share/humanoid_interface/local_setup.bash
-- Installing: /home/zxs/ocs2_ros2_legubiao/ws/install/humanoid_interface/share/humanoid_interface/local_setup.sh
-- Installing: /home/zxs/ocs2_ros2_legubiao/ws/install/humanoid_interface/share/humanoid_interface/local_setup.zsh
-- Installing: /home/zxs/ocs2_ros2_legubiao/ws/install/humanoid_interface/share/humanoid_interface/local_setup.dsv
-- Installing: /home/zxs/ocs2_ros2_legubiao/ws/install/humanoid_interface/share/humanoid_interface/package.dsv
-- Installing: /home/zxs/ocs2_ros2_legubiao/ws/install/humanoid_interface/share/ament_index/resource_index/packages/humanoid_interface
-- Installing: /home/zxs/ocs2_ros2_legubiao/ws/install/humanoid_interface/share/humanoid_interface/cmake/export_humanoid_interfaceExport.cmake
-- Installing: /home/zxs/ocs2_ros2_legubiao/ws/install/humanoid_interface/share/humanoid_interface/cmake/export_humanoid_interfaceExport-release.cmake
-- Installing: /home/zxs/ocs2_ros2_legubiao/ws/install/humanoid_interface/share/humanoid_interface/cmake/ament_cmake_export_dependencies-extras.cmake
-- Installing: /home/zxs/ocs2_ros2_legubiao/ws/install/humanoid_interface/share/humanoid_interface/cmake/ament_cmake_export_targets-extras.cmake
-- Installing: /home/zxs/ocs2_ros2_legubiao/ws/install/humanoid_interface/share/humanoid_interface/cmake/humanoid_interfaceConfig.cmake
-- Installing: /home/zxs/ocs2_ros2_legubiao/ws/install/humanoid_interface/share/humanoid_interface/cmake/humanoid_interfaceConfig-version.cmake
-- Installing: /home/zxs/ocs2_ros2_legubiao/ws/install/humanoid_interface/share/humanoid_interface/package.xml
